<?xml version="1.0" encoding="UTF-8"?>
<testsuites>
  <testsuite name="char-support" timestamp="2026-07-12T11:41:52Z" hostname="c9a0403bd6c7" tests="6" skipped="3" failures="0" errors="0" time="3.207">
    <testcase time="1.1" classname="char_support" name="CRITDIR_is_factor_and_one_PARAMCD_is_not_available_on_all_AVISITS"/>
    <testcase time="0.324999999999999" classname="char_support" name="CRITDIR_is_factor_and_one_PARAMCD_is_not_available_on_all_AVISITS">
      <skipped message="Reason: On CRAN ('test-char-support.R:101:1')"/>
    </testcase>
    <testcase time="0.611000000000001" classname="char_support" name="CRITDIR_is_not_factor_and_all_PARAMCD_available_on_all_AVISITS"/>
    <testcase time="0.318" classname="char_support" name="CRITDIR_is_not_factor_and_all_PARAMCD_available_on_all_AVISITS">
      <skipped message="Reason: On CRAN ('test-char-support.R:107:1')"/>
    </testcase>
    <testcase time="0.593" classname="char_support" name="CRITDIR_is_not_factor_and_one_PARAMCD_is_not_available_on_all_AVISITS"/>
    <testcase time="0.26" classname="char_support" name="CRITDIR_is_not_factor_and_one_PARAMCD_is_not_available_on_all_AVISITS">
      <skipped message="Reason: On CRAN ('test-char-support.R:112:1')"/>
    </testcase>
  </testsuite>
  <testsuite name="listing_adal02" timestamp="2026-07-12T11:41:55Z" hostname="c9a0403bd6c7" tests="1" skipped="1" failures="0" errors="0" time="0.168">
    <testcase time="0.167999999999999" classname="listing_adal02" name="ADAL02_listing_is_produced_correctly">
      <skipped message="Reason: On CRAN ('test-listing_adal02.R:1:1')"/>
    </testcase>
  </testsuite>
  <testsuite name="listing_ael01" timestamp="2026-07-12T11:41:55Z" hostname="c9a0403bd6c7" tests="1" skipped="1" failures="0" errors="0" time="0.122">
    <testcase time="0.122" classname="listing_ael01" name="AEL01_listing_is_produced_correctly">
      <skipped message="Reason: On CRAN ('test-listing_ael01.R:1:1')"/>
    </testcase>
  </testsuite>
  <testsuite name="listing_ael01_nollt" timestamp="2026-07-12T11:41:55Z" hostname="c9a0403bd6c7" tests="1" skipped="1" failures="0" errors="0" time="0.053">
    <testcase time="0.0530000000000008" classname="listing_ael01_nollt" name="AEL01_NOLLT_listing_is_produced_correctly">
      <skipped message="Reason: On CRAN ('test-listing_ael01_nollt.R:1:1')"/>
    </testcase>
  </testsuite>
  <testsuite name="listing_ael02" timestamp="2026-07-12T11:41:55Z" hostname="c9a0403bd6c7" tests="1" skipped="1" failures="0" errors="0" time="0.255">
    <testcase time="0.255000000000001" classname="listing_ael02" name="AEL02_listing_is_produced_correctly">
      <skipped message="Reason: On CRAN ('test-listing_ael02.R:1:1')"/>
    </testcase>
  </testsuite>
  <testsuite name="listing_ael02_ed" timestamp="2026-07-12T11:41:55Z" hostname="c9a0403bd6c7" tests="1" skipped="1" failures="0" errors="0" time="0.301">
    <testcase time="0.300999999999998" classname="listing_ael02_ed" name="AEL02_ED_listing_is_produced_correctly">
      <skipped message="Reason: On CRAN ('test-listing_ael02_ed.R:1:1')"/>
    </testcase>
  </testsuite>
  <testsuite name="listing_ael03" timestamp="2026-07-12T11:41:56Z" hostname="c9a0403bd6c7" tests="1" skipped="1" failures="0" errors="0" time="0.249">
    <testcase time="0.249000000000001" classname="listing_ael03" name="AEL03_listing_is_produced_correctly">
      <skipped message="Reason: On CRAN ('test-listing_ael03.R:1:1')"/>
    </testcase>
  </testsuite>
  <testsuite name="listing_ael04" timestamp="2026-07-12T11:41:56Z" hostname="c9a0403bd6c7" tests="1" skipped="1" failures="0" errors="0" time="0.18">
    <testcase time="0.18" classname="listing_ael04" name="AEL04_listing_is_produced_correctly">
      <skipped message="Reason: On CRAN ('test-listing_ael04.R:1:1')"/>
    </testcase>
  </testsuite>
  <testsuite name="listing_cml01" timestamp="2026-07-12T11:41:56Z" hostname="c9a0403bd6c7" tests="1" skipped="1" failures="0" errors="0" time="0.3">
    <testcase time="0.300000000000001" classname="listing_cml01" name="CML01_listing_is_produced_correctly">
      <skipped message="Reason: On CRAN ('test-listing_cml01.R:1:1')"/>
    </testcase>
  </testsuite>
  <testsuite name="listing_cml02a_gl" timestamp="2026-07-12T11:41:56Z" hostname="c9a0403bd6c7" tests="1" skipped="1" failures="0" errors="0" time="0.114">
    <testcase time="0.113999999999999" classname="listing_cml02a_gl" name="CML02A_GL_listing_is_produced_correctly">
      <skipped message="Reason: On CRAN ('test-listing_cml02a_gl.R:1:1')"/>
    </testcase>
  </testsuite>
  <testsuite name="listing_cml02b_gl" timestamp="2026-07-12T11:41:56Z" hostname="c9a0403bd6c7" tests="1" skipped="1" failures="0" errors="0" time="0.156">
    <testcase time="0.156000000000001" classname="listing_cml02b_gl" name="CML02B_GL_listing_is_produced_correctly">
      <skipped message="Reason: On CRAN ('test-listing_cml02b_gl.R:1:1')"/>
    </testcase>
  </testsuite>
  <testsuite name="listing_dsl01" timestamp="2026-07-12T11:41:57Z" hostname="c9a0403bd6c7" tests="1" skipped="1" failures="0" errors="0" time="0.152">
    <testcase time="0.152000000000001" classname="listing_dsl01" name="DSL01_listing_is_produced_correctly">
      <skipped message="Reason: On CRAN ('test-listing_dsl01.R:1:1')"/>
    </testcase>
  </testsuite>
  <testsuite name="listing_dsl02" timestamp="2026-07-12T11:41:57Z" hostname="c9a0403bd6c7" tests="1" skipped="1" failures="0" errors="0" time="0.071">
    <testcase time="0.0709999999999997" classname="listing_dsl02" name="DSL02_listing_is_produced_correctly">
      <skipped message="Reason: On CRAN ('test-listing_dsl02.R:1:1')"/>
    </testcase>
  </testsuite>
  <testsuite name="listing_dsur4" timestamp="2026-07-12T11:41:57Z" hostname="c9a0403bd6c7" tests="1" skipped="1" failures="0" errors="0" time="0.085">
    <testcase time="0.0849999999999991" classname="listing_dsur4" name="DSUR4_listing_is_produced_correctly">
      <skipped message="Reason: On CRAN ('test-listing_dsur4.R:1:1')"/>
    </testcase>
  </testsuite>
  <testsuite name="listing_egl01" timestamp="2026-07-12T11:41:57Z" hostname="c9a0403bd6c7" tests="1" skipped="1" failures="0" errors="0" time="0.42">
    <testcase time="0.42" classname="listing_egl01" name="EGL01_listing_is_produced_correctly">
      <skipped message="Reason: On CRAN ('test-listing_egl01.R:1:1')"/>
    </testcase>
  </testsuite>
  <testsuite name="listing_exl01" timestamp="2026-07-12T11:41:57Z" hostname="c9a0403bd6c7" tests="1" skipped="1" failures="0" errors="0" time="0.195">
    <testcase time="0.195" classname="listing_exl01" name="EXL01_listing_is_produced_correctly">
      <skipped message="Reason: On CRAN ('test-listing_exl01.R:1:1')"/>
    </testcase>
  </testsuite>
  <testsuite name="listing_lbl01" timestamp="2026-07-12T11:41:57Z" hostname="c9a0403bd6c7" tests="1" skipped="1" failures="0" errors="0" time="0.502">
    <testcase time="0.502000000000001" classname="listing_lbl01" name="LBL01_listing_is_produced_correctly">
      <skipped message="Reason: On CRAN ('test-listing_lbl01.R:1:1')"/>
    </testcase>
  </testsuite>
  <testsuite name="listing_lbl01_rls" timestamp="2026-07-12T11:41:58Z" hostname="c9a0403bd6c7" tests="1" skipped="1" failures="0" errors="0" time="0.483">
    <testcase time="0.483000000000001" classname="listing_lbl01_rls" name="LBL01_RLS_listing_is_produced_correctly">
      <skipped message="Reason: On CRAN ('test-listing_lbl01_rls.R:1:1')"/>
    </testcase>
  </testsuite>
  <testsuite name="listing_lbl02a" timestamp="2026-07-12T11:41:58Z" hostname="c9a0403bd6c7" tests="1" skipped="1" failures="0" errors="0" time="0.23">
    <testcase time="0.23" classname="listing_lbl02a" name="LBL02A_listing_is_produced_correctly">
      <skipped message="Reason: On CRAN ('test-listing_lbl02a.R:1:1')"/>
    </testcase>
  </testsuite>
  <testsuite name="listing_lbl02a_rls" timestamp="2026-07-12T11:41:59Z" hostname="c9a0403bd6c7" tests="1" skipped="1" failures="0" errors="0" time="0.731">
    <testcase time="0.730999999999998" classname="listing_lbl02a_rls" name="LBL02A_RLS_listing_is_produced_correctly">
      <skipped message="Reason: On CRAN ('test-listing_lbl02a_rls.R:1:1')"/>
    </testcase>
  </testsuite>
  <testsuite name="listing_lbl02b" timestamp="2026-07-12T11:41:59Z" hostname="c9a0403bd6c7" tests="1" skipped="1" failures="0" errors="0" time="0.24">
    <testcase time="0.240000000000002" classname="listing_lbl02b" name="LBL02B_listing_is_produced_correctly">
      <skipped message="Reason: On CRAN ('test-listing_lbl02b.R:1:1')"/>
    </testcase>
  </testsuite>
  <testsuite name="listing_mhl01" timestamp="2026-07-12T11:42:00Z" hostname="c9a0403bd6c7" tests="1" skipped="1" failures="0" errors="0" time="0.228">
    <testcase time="0.227999999999998" classname="listing_mhl01" name="MHL01_listing_is_produced_correctly">
      <skipped message="Reason: On CRAN ('test-listing_mhl01.R:1:1')"/>
    </testcase>
  </testsuite>
  <testsuite name="listing_oncl01" timestamp="2026-07-12T11:42:00Z" hostname="c9a0403bd6c7" tests="1" skipped="1" failures="0" errors="0" time="0.202">
    <testcase time="0.202000000000002" classname="listing_oncl01" name="ONCL01_listing_is_produced_correctly">
      <skipped message="Reason: On CRAN ('test-listing_oncl01.R:1:1')"/>
    </testcase>
  </testsuite>
  <testsuite name="listing_pkcl01" timestamp="2026-07-12T11:42:00Z" hostname="c9a0403bd6c7" tests="2" skipped="2" failures="0" errors="0" time="0.469">
    <testcase time="0.166" classname="listing_pkcl01" name="PKCL01_listing_is_produced_correctly">
      <skipped message="Reason: On CRAN ('test-listing_pkcl01.R:1:1')"/>
    </testcase>
    <testcase time="0.302999999999997" classname="listing_pkcl01" name="PKCL01_listing_key_columns_values_are_repeated_when_entries_span_multiple_pages">
      <skipped message="Reason: On CRAN ('test-listing_pkcl01.R:31:1')"/>
    </testcase>
  </testsuite>
  <testsuite name="listing_pkcl02" timestamp="2026-07-12T11:42:01Z" hostname="c9a0403bd6c7" tests="1" skipped="1" failures="0" errors="0" time="0.188">
    <testcase time="0.188000000000002" classname="listing_pkcl02" name="PKCL02_listing_is_produced_correctly">
      <skipped message="Reason: On CRAN ('test-listing_pkcl02.R:1:1')"/>
    </testcase>
  </testsuite>
  <testsuite name="listing_pkpl01" timestamp="2026-07-12T11:42:01Z" hostname="c9a0403bd6c7" tests="1" skipped="1" failures="0" errors="0" time="0.194">
    <testcase time="0.194000000000003" classname="listing_pkpl01" name="PKPL01_listing_is_produced_correctly">
      <skipped message="Reason: On CRAN ('test-listing_pkpl01.R:1:1')"/>
    </testcase>
  </testsuite>
  <testsuite name="listing_pkpl02" timestamp="2026-07-12T11:42:01Z" hostname="c9a0403bd6c7" tests="1" skipped="1" failures="0" errors="0" time="0.147">
    <testcase time="0.146999999999998" classname="listing_pkpl02" name="PKPL02_listing_is_produced_correctly">
      <skipped message="Reason: On CRAN ('test-listing_pkpl02.R:1:1')"/>
    </testcase>
  </testsuite>
  <testsuite name="listing_pkpl04" timestamp="2026-07-12T11:42:01Z" hostname="c9a0403bd6c7" tests="1" skipped="1" failures="0" errors="0" time="0.173">
    <testcase time="0.173000000000002" classname="listing_pkpl04" name="PKPL04_listing_is_produced_correctly">
      <skipped message="Reason: On CRAN ('test-listing_pkpl04.R:1:1')"/>
    </testcase>
  </testsuite>
  <testsuite name="listing_vsl01" timestamp="2026-07-12T11:42:01Z" hostname="c9a0403bd6c7" tests="1" skipped="1" failures="0" errors="0" time="0.391">
    <testcase time="0.390999999999998" classname="listing_vsl01" name="VSL01_listing_is_produced_correctly">
      <skipped message="Reason: On CRAN ('test-listing_vsl01.R:1:1')"/>
    </testcase>
  </testsuite>
  <testsuite name="lsfae01" timestamp="2026-07-12T11:42:02Z" hostname="c9a0403bd6c7" tests="1" skipped="1" failures="0" errors="0" time="0.566">
    <testcase time="0.565999999999999" classname="lsfae01" name="lsfae01">
      <skipped message="Reason: On CRAN ('test-lsfae01.R:1:1')"/>
    </testcase>
  </testsuite>
  <testsuite name="lsfae02" timestamp="2026-07-12T11:42:02Z" hostname="c9a0403bd6c7" tests="1" skipped="1" failures="0" errors="0" time="0.426">
    <testcase time="0.426000000000002" classname="lsfae02" name="lsfae02">
      <skipped message="Reason: On CRAN ('test-lsfae02.R:1:1')"/>
    </testcase>
  </testsuite>
  <testsuite name="lsfae03" timestamp="2026-07-12T11:42:03Z" hostname="c9a0403bd6c7" tests="1" skipped="1" failures="0" errors="0" time="0.296">
    <testcase time="0.295999999999999" classname="lsfae03" name="lsfae03">
      <skipped message="Reason: On CRAN ('test-lsfae03.R:1:1')"/>
    </testcase>
  </testsuite>
  <testsuite name="lsfae04" timestamp="2026-07-12T11:42:03Z" hostname="c9a0403bd6c7" tests="1" skipped="1" failures="0" errors="0" time="0.187">
    <testcase time="0.187000000000001" classname="lsfae04" name="lsfae04">
      <skipped message="Reason: On CRAN ('test-lsfae04.R:1:1')"/>
    </testcase>
  </testsuite>
  <testsuite name="lsfae05" timestamp="2026-07-12T11:42:03Z" hostname="c9a0403bd6c7" tests="1" skipped="1" failures="0" errors="0" time="0.465">
    <testcase time="0.465" classname="lsfae05" name="lsfae05">
      <skipped message="Reason: On CRAN ('test-lsfae05.R:1:1')"/>
    </testcase>
  </testsuite>
  <testsuite name="lsfae06a" timestamp="2026-07-12T11:42:04Z" hostname="c9a0403bd6c7" tests="1" skipped="1" failures="0" errors="0" time="0.391">
    <testcase time="0.390999999999998" classname="lsfae06a" name="lsfae06a">
      <skipped message="Reason: On CRAN ('test-lsfae06a.R:1:1')"/>
    </testcase>
  </testsuite>
  <testsuite name="lsfae06b" timestamp="2026-07-12T11:42:04Z" hostname="c9a0403bd6c7" tests="1" skipped="1" failures="0" errors="0" time="0.39">
    <testcase time="0.390000000000001" classname="lsfae06b" name="lsfae06b">
      <skipped message="Reason: On CRAN ('test-lsfae06b.R:1:1')"/>
    </testcase>
  </testsuite>
  <testsuite name="lsfdth01" timestamp="2026-07-12T11:42:04Z" hostname="c9a0403bd6c7" tests="1" skipped="1" failures="0" errors="0" time="0.199">
    <testcase time="0.199000000000002" classname="lsfdth01" name="lsfdth01">
      <skipped message="Reason: On CRAN ('test-lsfdth01.R:1:1')"/>
    </testcase>
  </testsuite>
  <testsuite name="lsfecg01" timestamp="2026-07-12T11:42:05Z" hostname="c9a0403bd6c7" tests="1" skipped="1" failures="0" errors="0" time="0.668">
    <testcase time="0.667999999999999" classname="lsfecg01" name="lsfecg01">
      <skipped message="Reason: On CRAN ('test-lsfecg01.R:1:1')"/>
    </testcase>
  </testsuite>
  <testsuite name="lsfecg02part1" timestamp="2026-07-12T11:42:05Z" hostname="c9a0403bd6c7" tests="1" skipped="1" failures="0" errors="0" time="1.695">
    <testcase time="1.695" classname="lsfecg02part1" name="lsfecg02part1of3">
      <skipped message="Reason: On CRAN ('test-lsfecg02part1.R:1:1')"/>
    </testcase>
  </testsuite>
  <testsuite name="lsfecg02part2" timestamp="2026-07-12T11:42:07Z" hostname="c9a0403bd6c7" tests="1" skipped="1" failures="0" errors="0" time="1.38">
    <testcase time="1.38" classname="lsfecg02part2" name="lsfecg02part2of3">
      <skipped message="Reason: On CRAN ('test-lsfecg02part2.R:1:1')"/>
    </testcase>
  </testsuite>
  <testsuite name="lsfecg02part3" timestamp="2026-07-12T11:42:08Z" hostname="c9a0403bd6c7" tests="1" skipped="1" failures="0" errors="0" time="1.382">
    <testcase time="1.382" classname="lsfecg02part3" name="lsfecg02part3of3">
      <skipped message="Reason: On CRAN ('test-lsfecg02part3.R:1:1')"/>
    </testcase>
  </testsuite>
  <testsuite name="lsflab01" timestamp="2026-07-12T11:42:10Z" hostname="c9a0403bd6c7" tests="1" skipped="1" failures="0" errors="0" time="0.602">
    <testcase time="0.601999999999997" classname="lsflab01" name="lsflab01">
      <skipped message="Reason: On CRAN ('test-lsflab01.R:1:1')"/>
    </testcase>
  </testsuite>
  <testsuite name="lsfvit01" timestamp="2026-07-12T11:42:10Z" hostname="c9a0403bd6c7" tests="1" skipped="1" failures="0" errors="0" time="1.417">
    <testcase time="1.417" classname="lsfvit01" name="lsfvit01">
      <skipped message="Reason: On CRAN ('test-lsfvit01.R:1:1')"/>
    </testcase>
  </testsuite>
  <testsuite name="lsfvit02" timestamp="2026-07-12T11:42:12Z" hostname="c9a0403bd6c7" tests="1" skipped="1" failures="0" errors="0" time="2.117">
    <testcase time="2.117" classname="lsfvit02" name="lsfvit02">
      <skipped message="Reason: On CRAN ('test-lsfvit02.R:1:1')"/>
    </testcase>
  </testsuite>
  <testsuite name="lsicm01" timestamp="2026-07-12T11:42:14Z" hostname="c9a0403bd6c7" tests="1" skipped="1" failures="0" errors="0" time="0.562">
    <testcase time="0.562000000000005" classname="lsicm01" name="lsicm01">
      <skipped message="Reason: On CRAN ('test-lsicm01.R:1:1')"/>
    </testcase>
  </testsuite>
  <testsuite name="lsidem01" timestamp="2026-07-12T11:42:14Z" hostname="c9a0403bd6c7" tests="1" skipped="1" failures="0" errors="0" time="0.398">
    <testcase time="0.397999999999996" classname="lsidem01" name="lsidem01">
      <skipped message="Reason: On CRAN ('test-lsidem01.R:1:1')"/>
    </testcase>
  </testsuite>
  <testsuite name="lsidem02" timestamp="2026-07-12T11:42:15Z" hostname="c9a0403bd6c7" tests="1" skipped="1" failures="0" errors="0" time="0.348">
    <testcase time="0.347999999999999" classname="lsidem02" name="lsidem02">
      <skipped message="Reason: On CRAN ('test-lsidem02.R:1:1')"/>
    </testcase>
  </testsuite>
  <testsuite name="lsids01" timestamp="2026-07-12T11:42:15Z" hostname="c9a0403bd6c7" tests="1" skipped="1" failures="0" errors="0" time="0.369">
    <testcase time="0.369" classname="lsids01" name="lsids01">
      <skipped message="Reason: On CRAN ('test-lsids01.R:1:1')"/>
    </testcase>
  </testsuite>
  <testsuite name="lsids02" timestamp="2026-07-12T11:42:16Z" hostname="c9a0403bd6c7" tests="1" skipped="1" failures="0" errors="0" time="0.381">
    <testcase time="0.381" classname="lsids02" name="lsids02">
      <skipped message="Reason: On CRAN ('test-lsids02.R:1:1')"/>
    </testcase>
  </testsuite>
  <testsuite name="lsids03" timestamp="2026-07-12T11:42:16Z" hostname="c9a0403bd6c7" tests="1" skipped="1" failures="0" errors="0" time="0.381">
    <testcase time="0.381" classname="lsids03" name="lsids03">
      <skipped message="Reason: On CRAN ('test-lsids03.R:1:1')"/>
    </testcase>
  </testsuite>
  <testsuite name="lsids04" timestamp="2026-07-12T11:42:16Z" hostname="c9a0403bd6c7" tests="1" skipped="1" failures="0" errors="0" time="0.158">
    <testcase time="0.158000000000001" classname="lsids04" name="lsids04">
      <skipped message="Reason: On CRAN ('test-lsids04.R:1:1')"/>
    </testcase>
  </testsuite>
  <testsuite name="lsids05" timestamp="2026-07-12T11:42:16Z" hostname="c9a0403bd6c7" tests="1" skipped="1" failures="0" errors="0" time="0.117">
    <testcase time="0.117000000000004" classname="lsids05" name="lsids05">
      <skipped message="Reason: On CRAN ('test-lsids05.R:1:1')"/>
    </testcase>
  </testsuite>
  <testsuite name="lsiex01" timestamp="2026-07-12T11:42:17Z" hostname="c9a0403bd6c7" tests="1" skipped="1" failures="0" errors="0" time="0.421">
    <testcase time="0.420999999999999" classname="lsiex01" name="lsiex01">
      <skipped message="Reason: On CRAN ('test-lsiex01.R:1:1')"/>
    </testcase>
  </testsuite>
  <testsuite name="lsiex02" timestamp="2026-07-12T11:42:17Z" hostname="c9a0403bd6c7" tests="1" skipped="1" failures="0" errors="0" time="0.333">
    <testcase time="0.332999999999998" classname="lsiex02" name="lsiex02">
      <skipped message="Reason: On CRAN ('test-lsiex02.R:1:1')"/>
    </testcase>
  </testsuite>
  <testsuite name="lsiex03" timestamp="2026-07-12T11:42:17Z" hostname="c9a0403bd6c7" tests="1" skipped="1" failures="0" errors="0" time="0.468">
    <testcase time="0.467999999999996" classname="lsiex03" name="lsiex03">
      <skipped message="Reason: On CRAN ('test-lsiex03.R:1:1')"/>
    </testcase>
  </testsuite>
  <testsuite name="lsimh01" timestamp="2026-07-12T11:42:18Z" hostname="c9a0403bd6c7" tests="1" skipped="1" failures="0" errors="0" time="0.021">
    <testcase time="0.0210000000000008" classname="lsimh01" name="lsimh01">
      <skipped message="Reason: empty test ('test-lsimh01.R:1:1')"/>
    </testcase>
  </testsuite>
  <testsuite name="pagination_listing" timestamp="2026-07-12T11:42:18Z" hostname="c9a0403bd6c7" tests="13" skipped="0" failures="0" errors="0" time="3.241">
    <testcase time="0.0410000000000039" classname="pagination_listing" name="Direct_pagination_works_fine"/>
    <testcase time="0.525999999999996" classname="pagination_listing" name="Direct_pagination_works_fine"/>
    <testcase time="0.00300000000000011" classname="pagination_listing" name="Direct_pagination_works_fine"/>
    <testcase time="0.469000000000001" classname="pagination_listing" name="Direct_pagination_works_fine"/>
    <testcase time="0.850999999999999" classname="pagination_listing" name="Direct_pagination_works_fine"/>
    <testcase time="0.655000000000001" classname="pagination_listing" name="pagination_counts_the_right_number_of_lines_when_wrapping_on_keycols_is_present"/>
    <testcase time="0.00600000000000023" classname="pagination_listing" name="pagination_counts_the_right_number_of_lines_when_wrapping_on_keycols_is_present"/>
    <testcase time="0.00600000000000023" classname="pagination_listing" name="pagination_counts_the_right_number_of_lines_when_wrapping_on_keycols_is_present"/>
    <testcase time="0.00300000000000011" classname="pagination_listing" name="pagination_counts_the_right_number_of_lines_when_wrapping_on_keycols_is_present"/>
    <testcase time="0.667000000000002" classname="pagination_listing" name="pagination_counts_the_right_number_of_lines_when_wrapping_on_keycols_is_present"/>
    <testcase time="0.00600000000000023" classname="pagination_listing" name="pagination_counts_the_right_number_of_lines_when_wrapping_on_keycols_is_present"/>
    <testcase time="0.00399999999999778" classname="pagination_listing" name="pagination_counts_the_right_number_of_lines_when_wrapping_on_keycols_is_present"/>
    <testcase time="0.00399999999999778" classname="pagination_listing" name="pagination_counts_the_right_number_of_lines_when_wrapping_on_keycols_is_present"/>
  </testsuite>
  <testsuite name="pagination_table" timestamp="2026-07-12T11:42:22Z" hostname="c9a0403bd6c7" tests="21" skipped="6" failures="0" errors="0" time="12.445">
    <testcase time="1.562" classname="pagination_table" name="Direct_pagination_with_standard_values"/>
    <testcase time="0.00499999999999545" classname="pagination_table" name="Direct_pagination_with_standard_values"/>
    <testcase time="0.00300000000000011" classname="pagination_table" name="Direct_pagination_with_standard_values"/>
    <testcase time="1.375" classname="pagination_table" name="Pagination_with_specific_column_widths_and_minimum_lines_per_page"/>
    <testcase time="0.00400000000000489" classname="pagination_table" name="Pagination_with_specific_column_widths_and_minimum_lines_per_page"/>
    <testcase time="0.0790000000000006" classname="pagination_table" name="Pagination_with_specific_column_widths_and_minimum_lines_per_page">
      <skipped message="Reason: On CRAN ('test-pagination_table.R:67:1')"/>
    </testcase>
    <testcase time="0.845999999999997" classname="pagination_table" name="Pagination_works_also_if_table_is_decorated"/>
    <testcase time="0.448999999999998" classname="pagination_table" name="Pagination_works_also_if_table_is_decorated"/>
    <testcase time="0.690000000000005" classname="pagination_table" name="Pagination_works_also_if_table_is_decorated"/>
    <testcase time="0.541999999999994" classname="pagination_table" name="Pagination_works_also_if_table_is_decorated"/>
    <testcase time="1.22900000000001" classname="pagination_table" name="Pagination_works_also_if_table_is_decorated"/>
    <testcase time="0.289999999999999" classname="pagination_table" name="Pagination_works_also_if_table_is_decorated"/>
    <testcase time="0.00300000000000011" classname="pagination_table" name="Pagination_works_also_if_table_is_decorated"/>
    <testcase time="0.181999999999995" classname="pagination_table" name="Pagination_works_also_if_table_is_decorated">
      <skipped message="Reason: On CRAN ('test-pagination_table.R:93:1')"/>
    </testcase>
    <testcase time="2.15000000000001" classname="pagination_table" name="Pagination_works_for_page_types">
      <skipped message="Reason: On CRAN ('test-pagination_table.R:132:1')"/>
    </testcase>
    <testcase time="0.710999999999999" classname="pagination_table" name="Pagination_works_for_page_width_and_height">
      <skipped message="Reason: On CRAN ('test-pagination_table.R:145:1')"/>
    </testcase>
    <testcase time="0.817" classname="pagination_table" name="Pagination_works_for_page_types">
      <skipped message="Reason: On CRAN ('test-pagination_table.R:152:1')"/>
    </testcase>
    <testcase time="0.848999999999997" classname="pagination_table" name="AET04_variant_2_page_by_pagination_tests"/>
    <testcase time="0.536999999999999" classname="pagination_table" name="AET04_variant_2_page_by_pagination_tests"/>
    <testcase time="0.00200000000000244" classname="pagination_table" name="AET04_variant_2_page_by_pagination_tests"/>
    <testcase time="0.119999999999997" classname="pagination_table" name="AET04_variant_2_page_by_pagination_tests">
      <skipped message="Reason: On CRAN ('test-pagination_table.R:166:1')"/>
    </testcase>
  </testsuite>
  <testsuite name="table_adat03" timestamp="2026-07-12T11:42:34Z" hostname="c9a0403bd6c7" tests="2" skipped="1" failures="0" errors="0" time="0.553">
    <testcase time="0.433" classname="table_adat03" name="ADAT03_is_produced_correctly"/>
    <testcase time="0.120000000000005" classname="table_adat03" name="ADAT03_is_produced_correctly">
      <skipped message="Reason: On CRAN ('test-table_adat03.R:39:1')"/>
    </testcase>
  </testsuite>
  <testsuite name="table_aet01" timestamp="2026-07-12T11:42:34Z" hostname="c9a0403bd6c7" tests="8" skipped="4" failures="0" errors="0" time="1.773">
    <testcase time="0.393000000000001" classname="table_aet01" name="Safety_Summary_Variant_1_works_as_expected"/>
    <testcase time="0.0769999999999982" classname="table_aet01" name="Safety_Summary_Variant_1_works_as_expected">
      <skipped message="Reason: On CRAN ('test-table_aet01.R:51:1')"/>
    </testcase>
    <testcase time="0.378" classname="table_aet01" name="Safety_Summary_Variant_2_with_Medical_Concepts_Section_works_as_expected"/>
    <testcase time="0.101999999999997" classname="table_aet01" name="Safety_Summary_Variant_2_with_Medical_Concepts_Section_works_as_expected">
      <skipped message="Reason: On CRAN ('test-table_aet01.R:109:1')"/>
    </testcase>
    <testcase time="0.269000000000005" classname="table_aet01" name="Safety_Summary_Variant_3_with_Modified_Rows_works_as_expected"/>
    <testcase time="0.0659999999999954" classname="table_aet01" name="Safety_Summary_Variant_3_with_Modified_Rows_works_as_expected">
      <skipped message="Reason: On CRAN ('test-table_aet01.R:175:1')"/>
    </testcase>
    <testcase time="0.390999999999998" classname="table_aet01" name="Safety_Summary_Variant_4_with_Rows_Counting_Events_and_Additional_Sections_works_as_expected"/>
    <testcase time="0.0970000000000013" classname="table_aet01" name="Safety_Summary_Variant_4_with_Rows_Counting_Events_and_Additional_Sections_works_as_expected">
      <skipped message="Reason: On CRAN ('test-table_aet01.R:236:1')"/>
    </testcase>
  </testsuite>
  <testsuite name="table_aet01_aesi" timestamp="2026-07-12T11:42:36Z" hostname="c9a0403bd6c7" tests="8" skipped="4" failures="0" errors="0" time="2.635">
    <testcase time="0.300000000000004" classname="table_aet01_aesi" name="AET01_AESI_Variant_1_works_as_expected"/>
    <testcase time="0.0769999999999982" classname="table_aet01_aesi" name="AET01_AESI_Variant_1_works_as_expected">
      <skipped message="Reason: On CRAN ('test-table_aet01_aesi.R:87:1')"/>
    </testcase>
    <testcase time="0.509" classname="table_aet01_aesi" name="AET01_AESI_Variant_2_works_as_expected"/>
    <testcase time="0.109000000000002" classname="table_aet01_aesi" name="AET01_AESI_Variant_2_works_as_expected">
      <skipped message="Reason: On CRAN ('test-table_aet01_aesi.R:118:1')"/>
    </testcase>
    <testcase time="0.707999999999998" classname="table_aet01_aesi" name="AET01_AESI_Variant_3_works_as_expected"/>
    <testcase time="0.167000000000002" classname="table_aet01_aesi" name="AET01_AESI_Variant_3_works_as_expected">
      <skipped message="Reason: On CRAN ('test-table_aet01_aesi.R:184:1')"/>
    </testcase>
    <testcase time="0.594000000000001" classname="table_aet01_aesi" name="AET01_AESI_Variant_4_works_as_expected"/>
    <testcase time="0.170999999999999" classname="table_aet01_aesi" name="AET01_AESI_Variant_4_works_as_expected">
      <skipped message="Reason: On CRAN ('test-table_aet01_aesi.R:414:1')"/>
    </testcase>
  </testsuite>
  <testsuite name="table_aet02" timestamp="2026-07-12T11:42:38Z" hostname="c9a0403bd6c7" tests="26" skipped="12" failures="0" errors="0" time="8.498">
    <testcase time="0.603999999999999" classname="table_aet02" name="AET02_variant_1_is_produced_correctly"/>
    <testcase time="0.536000000000001" classname="table_aet02" name="AET02_variant_1_is_produced_correctly"/>
    <testcase time="0.0989999999999966" classname="table_aet02" name="AET02_variant_1_is_produced_correctly"/>
    <testcase time="0.000999999999997669" classname="table_aet02" name="AET02_variant_1_is_produced_correctly">
      <skipped message="Reason: On CRAN ('test-table_aet02.R:18:1')"/>
    </testcase>
    <testcase time="0.641000000000005" classname="table_aet02" name="AET02_variant_2_is_produced_correctly"/>
    <testcase time="0.150999999999996" classname="table_aet02" name="AET02_variant_2_is_produced_correctly">
      <skipped message="Reason: On CRAN ('test-table_aet02.R:80:1')"/>
    </testcase>
    <testcase time="0.962000000000003" classname="table_aet02" name="AET02_variant_3_is_produced_correctly"/>
    <testcase time="0.278999999999996" classname="table_aet02" name="AET02_variant_3_is_produced_correctly">
      <skipped message="Reason: On CRAN ('test-table_aet02.R:132:1')"/>
    </testcase>
    <testcase time="0.137" classname="table_aet02" name="AET02_variant_4_is_produced_correctly"/>
    <testcase time="0.0889999999999986" classname="table_aet02" name="AET02_variant_4_is_produced_correctly">
      <skipped message="Reason: On CRAN ('test-table_aet02.R:198:1')"/>
    </testcase>
    <testcase time="0.427" classname="table_aet02" name="AET02_variant_5_is_produced_correctly"/>
    <testcase time="0.155999999999999" classname="table_aet02" name="AET02_variant_5_is_produced_correctly">
      <skipped message="Reason: On CRAN ('test-table_aet02.R:223:1')"/>
    </testcase>
    <testcase time="0.421000000000006" classname="table_aet02" name="AET02_variant_6_is_produced_correctly"/>
    <testcase time="0.0739999999999981" classname="table_aet02" name="AET02_variant_6_is_produced_correctly">
      <skipped message="Reason: On CRAN ('test-table_aet02.R:270:1')"/>
    </testcase>
    <testcase time="0.975000000000001" classname="table_aet02" name="AET02_variant_7_is_produced_correctly"/>
    <testcase time="0.137999999999998" classname="table_aet02" name="AET02_variant_7_is_produced_correctly">
      <skipped message="Reason: On CRAN ('test-table_aet02.R:317:1')"/>
    </testcase>
    <testcase time="0.431000000000004" classname="table_aet02" name="AET02_variant_8_is_produced_correctly"/>
    <testcase time="0.0730000000000004" classname="table_aet02" name="AET02_variant_8_is_produced_correctly">
      <skipped message="Reason: On CRAN ('test-table_aet02.R:380:1')"/>
    </testcase>
    <testcase time="0.428999999999995" classname="table_aet02" name="AET02_variant_9_is_produced_correctly"/>
    <testcase time="0.0760000000000005" classname="table_aet02" name="AET02_variant_9_is_produced_correctly">
      <skipped message="Reason: On CRAN ('test-table_aet02.R:427:1')"/>
    </testcase>
    <testcase time="0.445999999999998" classname="table_aet02" name="AET02_variant_10_is_produced_correctly"/>
    <testcase time="0.0690000000000026" classname="table_aet02" name="AET02_variant_10_is_produced_correctly">
      <skipped message="Reason: On CRAN ('test-table_aet02.R:474:1')"/>
    </testcase>
    <testcase time="0.428999999999995" classname="table_aet02" name="AET02_variant_11_is_produced_correctly"/>
    <testcase time="0.0660000000000025" classname="table_aet02" name="AET02_variant_11_is_produced_correctly">
      <skipped message="Reason: On CRAN ('test-table_aet02.R:521:1')"/>
    </testcase>
    <testcase time="0.731999999999999" classname="table_aet02" name="AET02_variant_12_is_produced_correctly"/>
    <testcase time="0.0570000000000022" classname="table_aet02" name="AET02_variant_12_is_produced_correctly">
      <skipped message="Reason: On CRAN ('test-table_aet02.R:568:1')"/>
    </testcase>
  </testsuite>
  <testsuite name="table_aet02_smq" timestamp="2026-07-12T11:42:47Z" hostname="c9a0403bd6c7" tests="4" skipped="2" failures="0" errors="0" time="0.392">
    <testcase time="0.128" classname="table_aet02_smq" name="AET02SMQ_variant_1_is_produced_correctly"/>
    <testcase time="0.0480000000000018" classname="table_aet02_smq" name="AET02SMQ_variant_1_is_produced_correctly">
      <skipped message="Reason: On CRAN ('test-table_aet02_smq.R:16:1')"/>
    </testcase>
    <testcase time="0.158000000000001" classname="table_aet02_smq" name="AET02SMQ_variant_2_is_produced_correctly"/>
    <testcase time="0.0579999999999927" classname="table_aet02_smq" name="AET02SMQ_variant_2_is_produced_correctly">
      <skipped message="Reason: On CRAN ('test-table_aet02_smq.R:55:1')"/>
    </testcase>
  </testsuite>
  <testsuite name="table_aet03" timestamp="2026-07-12T11:42:47Z" hostname="c9a0403bd6c7" tests="6" skipped="1" failures="0" errors="0" time="4.311">
    <testcase time="1.087" classname="table_aet03" name="AET03_variant_1_is_produced_correctly"/>
    <testcase time="1.501" classname="table_aet03" name="AET03_variant_1_is_produced_correctly"/>
    <testcase time="0.596999999999994" classname="table_aet03" name="AET03_variant_1_is_produced_correctly"/>
    <testcase time="0.938000000000002" classname="table_aet03" name="AET03_variant_1_is_produced_correctly"/>
    <testcase time="0.186999999999998" classname="table_aet03" name="AET03_variant_1_is_produced_correctly"/>
    <testcase time="0.00100000000000477" classname="table_aet03" name="AET03_variant_1_is_produced_correctly">
      <skipped message="Reason: On CRAN ('test-table_aet03.R:17:1')"/>
    </testcase>
  </testsuite>
  <testsuite name="table_aet04" timestamp="2026-07-12T11:42:52Z" hostname="c9a0403bd6c7" tests="30" skipped="8" failures="0" errors="0" time="11.794">
    <testcase time="0.751000000000005" classname="table_aet04" name="AET04_variant_1_is_produced_correctly"/>
    <testcase time="0.939999999999998" classname="table_aet04" name="AET04_variant_1_is_produced_correctly"/>
    <testcase time="0.0489999999999924" classname="table_aet04" name="AET04_variant_1_is_produced_correctly"/>
    <testcase time="0.0360000000000014" classname="table_aet04" name="AET04_variant_1_is_produced_correctly"/>
    <testcase time="0.00100000000000477" classname="table_aet04" name="AET04_variant_1_is_produced_correctly">
      <skipped message="Reason: On CRAN ('test-table_aet04.R:107:1')"/>
    </testcase>
    <testcase time="0.672999999999988" classname="table_aet04" name="AET04_variant_2_is_produced_correctly_Fill_in_of_Treatment_Groups_"/>
    <testcase time="0.893000000000001" classname="table_aet04" name="AET04_variant_2_is_produced_correctly_Fill_in_of_Treatment_Groups_"/>
    <testcase time="0.0370000000000061" classname="table_aet04" name="AET04_variant_2_is_produced_correctly_Fill_in_of_Treatment_Groups_"/>
    <testcase time="0.0349999999999966" classname="table_aet04" name="AET04_variant_2_is_produced_correctly_Fill_in_of_Treatment_Groups_"/>
    <testcase time="0.00199999999999534" classname="table_aet04" name="AET04_variant_2_is_produced_correctly_Fill_in_of_Treatment_Groups_">
      <skipped message="Reason: On CRAN ('test-table_aet04.R:127:1')"/>
    </testcase>
    <testcase time="0.715000000000003" classname="table_aet04" name="AET04_variant_3_is_produced_correctly_Fill_in_of_Grades_"/>
    <testcase time="1.027" classname="table_aet04" name="AET04_variant_3_is_produced_correctly_Fill_in_of_Grades_"/>
    <testcase time="0.0400000000000063" classname="table_aet04" name="AET04_variant_3_is_produced_correctly_Fill_in_of_Grades_"/>
    <testcase time="0.0379999999999967" classname="table_aet04" name="AET04_variant_3_is_produced_correctly_Fill_in_of_Grades_"/>
    <testcase time="0.00100000000000477" classname="table_aet04" name="AET04_variant_3_is_produced_correctly_Fill_in_of_Grades_">
      <skipped message="Reason: On CRAN ('test-table_aet04.R:209:1')"/>
    </testcase>
    <testcase time="0.721999999999994" classname="table_aet04" name="AET04_variant_4_is_produced_correctly_Collapsing_of_Grades_grades_1_2_grades_3_4_5_"/>
    <testcase time="1.005" classname="table_aet04" name="AET04_variant_4_is_produced_correctly_Collapsing_of_Grades_grades_1_2_grades_3_4_5_"/>
    <testcase time="0.00200000000000955" classname="table_aet04" name="AET04_variant_4_is_produced_correctly_Collapsing_of_Grades_grades_1_2_grades_3_4_5_">
      <skipped message="Reason: On CRAN ('test-table_aet04.R:288:1')"/>
    </testcase>
    <testcase time="0.754999999999995" classname="table_aet04" name="AET04_variant_6_is_produced_correctly_with_an_Incidence_Rate_of_at_Least_5_totals_restricted_"/>
    <testcase time="0.989000000000004" classname="table_aet04" name="AET04_variant_6_is_produced_correctly_with_an_Incidence_Rate_of_at_Least_5_totals_restricted_"/>
    <testcase time="0.00199999999999534" classname="table_aet04" name="AET04_variant_6_is_produced_correctly_with_an_Incidence_Rate_of_at_Least_5_totals_restricted_">
      <skipped message="Reason: On CRAN ('test-table_aet04.R:367:1')"/>
    </testcase>
    <testcase time="0.0190000000000055" classname="table_aet04" name="AET04_variant_8_is_produced_correctly_with_an_Incidence_Rate_of_at_Least_X_Patients_"/>
    <testcase time="0.995999999999995" classname="table_aet04" name="AET04_variant_8_is_produced_correctly_with_an_Incidence_Rate_of_at_Least_X_Patients_"/>
    <testcase time="0.00100000000000477" classname="table_aet04" name="AET04_variant_8_is_produced_correctly_with_an_Incidence_Rate_of_at_Least_X_Patients_">
      <skipped message="Reason: On CRAN ('test-table_aet04.R:481:1')"/>
    </testcase>
    <testcase time="0.0180000000000007" classname="table_aet04" name="AET04_variant_9_is_produced_correctly_with_a_Difference_in_Incidence_Rate_of_at_Least_X_"/>
    <testcase time="1.02" classname="table_aet04" name="AET04_variant_9_is_produced_correctly_with_a_Difference_in_Incidence_Rate_of_at_Least_X_"/>
    <testcase time="0.00100000000000477" classname="table_aet04" name="AET04_variant_9_is_produced_correctly_with_a_Difference_in_Incidence_Rate_of_at_Least_X_">
      <skipped message="Reason: On CRAN ('test-table_aet04.R:497:1')"/>
    </testcase>
    <testcase time="0.019999999999996" classname="table_aet04" name="AET04_variant_11_is_produced_correctly_with_Incidence_Rate_of_at_Least_X_all_SOCs_w_o_preferred_terms_removed_"/>
    <testcase time="1.005" classname="table_aet04" name="AET04_variant_11_is_produced_correctly_with_Incidence_Rate_of_at_Least_X_all_SOCs_w_o_preferred_terms_removed_"/>
    <testcase time="0.00100000000000477" classname="table_aet04" name="AET04_variant_11_is_produced_correctly_with_Incidence_Rate_of_at_Least_X_all_SOCs_w_o_preferred_terms_removed_">
      <skipped message="Reason: On CRAN ('test-table_aet04.R:517:1')"/>
    </testcase>
  </testsuite>
  <testsuite name="table_aet04_pi" timestamp="2026-07-12T11:43:03Z" hostname="c9a0403bd6c7" tests="18" skipped="9" failures="0" errors="0" time="6.906">
    <testcase time="0.617000000000004" classname="table_aet04_pi" name="AET04_PI_full_table_is_produced_correctly"/>
    <testcase time="0.185999999999993" classname="table_aet04_pi" name="AET04_PI_full_table_is_produced_correctly">
      <skipped message="Reason: On CRAN ('test-table_aet04_pi.R:52:1')"/>
    </testcase>
    <testcase time="0.634" classname="table_aet04_pi" name="AET04_PI_variant_1_is_produced_correctly"/>
    <testcase time="0.135999999999996" classname="table_aet04_pi" name="AET04_PI_variant_1_is_produced_correctly">
      <skipped message="Reason: On CRAN ('test-table_aet04_pi.R:69:1')"/>
    </testcase>
    <testcase time="0.626000000000005" classname="table_aet04_pi" name="AET04_PI_variant_2_is_produced_correctly"/>
    <testcase time="0.0930000000000035" classname="table_aet04_pi" name="AET04_PI_variant_2_is_produced_correctly">
      <skipped message="Reason: On CRAN ('test-table_aet04_pi.R:91:1')"/>
    </testcase>
    <testcase time="0.637" classname="table_aet04_pi" name="AET04_PI_variant_3_is_produced_correctly"/>
    <testcase time="0.120999999999995" classname="table_aet04_pi" name="AET04_PI_variant_3_is_produced_correctly">
      <skipped message="Reason: On CRAN ('test-table_aet04_pi.R:114:1')"/>
    </testcase>
    <testcase time="0.619" classname="table_aet04_pi" name="AET04_PI_variant_4_is_produced_correctly"/>
    <testcase time="0.0739999999999981" classname="table_aet04_pi" name="AET04_PI_variant_4_is_produced_correctly">
      <skipped message="Reason: On CRAN ('test-table_aet04_pi.R:137:1')"/>
    </testcase>
    <testcase time="0.623000000000005" classname="table_aet04_pi" name="AET04_PI_variant_5_is_produced_correctly"/>
    <testcase time="0.135000000000005" classname="table_aet04_pi" name="AET04_PI_variant_5_is_produced_correctly">
      <skipped message="Reason: On CRAN ('test-table_aet04_pi.R:161:1')"/>
    </testcase>
    <testcase time="0.768999999999991" classname="table_aet04_pi" name="AET04_PI_variant_6_is_produced_correctly"/>
    <testcase time="0.140000000000001" classname="table_aet04_pi" name="AET04_PI_variant_6_is_produced_correctly">
      <skipped message="Reason: On CRAN ('test-table_aet04_pi.R:185:1')"/>
    </testcase>
    <testcase time="0.772000000000006" classname="table_aet04_pi" name="AET04_PI_variant_7_is_produced_correctly"/>
    <testcase time="0.12299999999999" classname="table_aet04_pi" name="AET04_PI_variant_7_is_produced_correctly">
      <skipped message="Reason: On CRAN ('test-table_aet04_pi.R:236:1')"/>
    </testcase>
    <testcase time="0.201000000000008" classname="table_aet04_pi" name="AET04_PI_variant_8_is_produced_correctly"/>
    <testcase time="0.399999999999991" classname="table_aet04_pi" name="AET04_PI_variant_8_is_produced_correctly">
      <skipped message="Reason: On CRAN ('test-table_aet04_pi.R:287:1')"/>
    </testcase>
  </testsuite>
  <testsuite name="table_aet05" timestamp="2026-07-12T11:43:10Z" hostname="c9a0403bd6c7" tests="4" skipped="2" failures="0" errors="0" time="0.253">
    <testcase time="0.103999999999999" classname="table_aet05" name="AET05_variant_1_is_produced_correctly"/>
    <testcase time="0.0460000000000065" classname="table_aet05" name="AET05_variant_1_is_produced_correctly">
      <skipped message="Reason: On CRAN ('test-table_aet05.R:26:1')"/>
    </testcase>
    <testcase time="0.063999999999993" classname="table_aet05" name="AET05_variant_2_is_produced_correctly"/>
    <testcase time="0.0390000000000015" classname="table_aet05" name="AET05_variant_2_is_produced_correctly">
      <skipped message="Reason: On CRAN ('test-table_aet05.R:41:1')"/>
    </testcase>
  </testsuite>
  <testsuite name="table_aet05_all" timestamp="2026-07-12T11:43:11Z" hostname="c9a0403bd6c7" tests="4" skipped="2" failures="0" errors="0" time="0.271">
    <testcase time="0.126000000000005" classname="table_aet05_all" name="AET05_ALL_variant_1_is_produced_correctly"/>
    <testcase time="0.039999999999992" classname="table_aet05_all" name="AET05_ALL_variant_1_is_produced_correctly">
      <skipped message="Reason: On CRAN ('test-table_aet05_all.R:20:1')"/>
    </testcase>
    <testcase time="0.0649999999999977" classname="table_aet05_all" name="AET05_ALL_variant_2_is_produced_correctly"/>
    <testcase time="0.0400000000000063" classname="table_aet05_all" name="AET05_ALL_variant_2_is_produced_correctly">
      <skipped message="Reason: On CRAN ('test-table_aet05_all.R:35:1')"/>
    </testcase>
  </testsuite>
  <testsuite name="table_aet06" timestamp="2026-07-12T11:43:11Z" hostname="c9a0403bd6c7" tests="6" skipped="3" failures="0" errors="0" time="3.324">
    <testcase time="0.555000000000007" classname="table_aet06" name="AET06_variant_1_is_produced_correctly"/>
    <testcase time="0.165999999999997" classname="table_aet06" name="AET06_variant_1_is_produced_correctly">
      <skipped message="Reason: On CRAN ('test-table_aet06.R:64:1')"/>
    </testcase>
    <testcase time="0.903999999999996" classname="table_aet06" name="AET06_variant_3_is_produced_correctly"/>
    <testcase time="0.236999999999995" classname="table_aet06" name="AET06_variant_3_is_produced_correctly">
      <skipped message="Reason: On CRAN ('test-table_aet06.R:100:1')"/>
    </testcase>
    <testcase time="1.17100000000001" classname="table_aet06" name="AET06_variant_5_is_produced_correctly"/>
    <testcase time="0.290999999999997" classname="table_aet06" name="AET06_variant_5_is_produced_correctly">
      <skipped message="Reason: On CRAN ('test-table_aet06.R:152:1')"/>
    </testcase>
  </testsuite>
  <testsuite name="table_aet06_smq" timestamp="2026-07-12T11:43:14Z" hostname="c9a0403bd6c7" tests="4" skipped="2" failures="0" errors="0" time="0.943">
    <testcase time="0.376000000000005" classname="table_aet06_smq" name="AET06_SMQ_variant_1_is_produced_correctly"/>
    <testcase time="0.113" classname="table_aet06_smq" name="AET06_SMQ_variant_1_is_produced_correctly">
      <skipped message="Reason: On CRAN ('test-table_aet06_smq.R:5:1')"/>
    </testcase>
    <testcase time="0.343000000000004" classname="table_aet06_smq" name="AET06_SMQ_variant_2_is_produced_correctly"/>
    <testcase time="0.11099999999999" classname="table_aet06_smq" name="AET06_SMQ_variant_2_is_produced_correctly">
      <skipped message="Reason: On CRAN ('test-table_aet06_smq.R:76:1')"/>
    </testcase>
  </testsuite>
  <testsuite name="table_aet07" timestamp="2026-07-12T11:43:15Z" hostname="c9a0403bd6c7" tests="4" skipped="2" failures="0" errors="0" time="0.185">
    <testcase time="0.0660000000000025" classname="table_aet07" name="AET07_variant_1_is_produced_correctly"/>
    <testcase time="0.0259999999999962" classname="table_aet07" name="AET07_variant_1_is_produced_correctly">
      <skipped message="Reason: On CRAN ('test-table_aet07.R:24:1')"/>
    </testcase>
    <testcase time="0.0690000000000026" classname="table_aet07" name="AET07_variant_2_is_produced_correctly"/>
    <testcase time="0.0240000000000009" classname="table_aet07" name="AET07_variant_2_is_produced_correctly">
      <skipped message="Reason: On CRAN ('test-table_aet07.R:52:1')"/>
    </testcase>
  </testsuite>
  <testsuite name="table_aet09" timestamp="2026-07-12T11:43:15Z" hostname="c9a0403bd6c7" tests="4" skipped="2" failures="0" errors="0" time="1.899">
    <testcase time="0.546999999999997" classname="table_aet09" name="AET09_variant_1_is_produced_correctly_AE_related_to_study_drug"/>
    <testcase time="0.13000000000001" classname="table_aet09" name="AET09_variant_1_is_produced_correctly_AE_related_to_study_drug">
      <skipped message="Reason: On CRAN ('test-table_aet09.R:7:1')"/>
    </testcase>
    <testcase time="0.961999999999989" classname="table_aet09" name="AET09_variant_2_is_produced_correctly_AE_related_to_study_drug_including_high_level_terms_"/>
    <testcase time="0.260000000000005" classname="table_aet09" name="AET09_variant_2_is_produced_correctly_AE_related_to_study_drug_including_high_level_terms_">
      <skipped message="Reason: On CRAN ('test-table_aet09.R:49:1')"/>
    </testcase>
  </testsuite>
  <testsuite name="table_aet09_smq" timestamp="2026-07-12T11:43:17Z" hostname="c9a0403bd6c7" tests="4" skipped="2" failures="0" errors="0" time="0.467">
    <testcase time="0.123999999999995" classname="table_aet09_smq" name="AET09_variant_1_AEs_related_to_study_drug_by_SMQ_is_produced_correctly"/>
    <testcase time="0.0600000000000023" classname="table_aet09_smq" name="AET09_variant_1_AEs_related_to_study_drug_by_SMQ_is_produced_correctly">
      <skipped message="Reason: On CRAN ('test-table_aet09_smq.R:15:1')"/>
    </testcase>
    <testcase time="0.212000000000003" classname="table_aet09_smq" name="AET09_variant_2_AEs_related_to_study_drug_by_SMQ_with_customized_queries_is_produced_correctly"/>
    <testcase time="0.070999999999998" classname="table_aet09_smq" name="AET09_variant_2_AEs_related_to_study_drug_by_SMQ_with_customized_queries_is_produced_correctly">
      <skipped message="Reason: On CRAN ('test-table_aet09_smq.R:72:1')"/>
    </testcase>
  </testsuite>
  <testsuite name="table_aet10" timestamp="2026-07-12T11:43:18Z" hostname="c9a0403bd6c7" tests="2" skipped="1" failures="0" errors="0" time="0.166">
    <testcase time="0.128" classname="table_aet10" name="AET10_default_variant_is_produced_correctly"/>
    <testcase time="0.0379999999999967" classname="table_aet10" name="AET10_default_variant_is_produced_correctly">
      <skipped message="Reason: On CRAN ('test-table_aet10.R:6:1')"/>
    </testcase>
  </testsuite>
  <testsuite name="table_aovt01" timestamp="2026-07-12T11:43:18Z" hostname="c9a0403bd6c7" tests="6" skipped="3" failures="0" errors="0" time="1.885">
    <testcase time="0.314000000000007" classname="table_aovt01" name="AOVT01_variant_with_single_endpoint_is_produced_correctly"/>
    <testcase time="0.0600000000000023" classname="table_aovt01" name="AOVT01_variant_with_single_endpoint_is_produced_correctly">
      <skipped message="Reason: On CRAN ('test-table_aovt01.R:6:1')"/>
    </testcase>
    <testcase time="0.646000000000001" classname="table_aovt01" name="AOVT01_variant_with_multiple_endpoints_is_produced_correctly"/>
    <testcase time="0.114999999999995" classname="table_aovt01" name="AOVT01_variant_with_multiple_endpoints_is_produced_correctly">
      <skipped message="Reason: On CRAN ('test-table_aovt01.R:36:1')"/>
    </testcase>
    <testcase time="0.635999999999996" classname="table_aovt01" name="AOVT01_variant_with_proportional_weights_is_produced_correctly"/>
    <testcase time="0.114000000000004" classname="table_aovt01" name="AOVT01_variant_with_proportional_weights_is_produced_correctly">
      <skipped message="Reason: On CRAN ('test-table_aovt01.R:55:1')"/>
    </testcase>
  </testsuite>
  <testsuite name="table_aovt02" timestamp="2026-07-12T11:43:20Z" hostname="c9a0403bd6c7" tests="2" skipped="1" failures="0" errors="0" time="0.413">
    <testcase time="0.353999999999999" classname="table_aovt02" name="AOVT02_is_produced_correctly"/>
    <testcase time="0.0589999999999975" classname="table_aovt02" name="AOVT02_is_produced_correctly">
      <skipped message="Reason: On CRAN ('test-table_aovt02.R:15:1')"/>
    </testcase>
  </testsuite>
  <testsuite name="table_aovt03" timestamp="2026-07-12T11:43:20Z" hostname="c9a0403bd6c7" tests="2" skipped="1" failures="0" errors="0" time="0.878">
    <testcase time="0.756" classname="table_aovt03" name="AOVT03_is_produced_correctly"/>
    <testcase time="0.122" classname="table_aovt03" name="AOVT03_is_produced_correctly">
      <skipped message="Reason: On CRAN ('test-table_aovt03.R:10:1')"/>
    </testcase>
  </testsuite>
  <testsuite name="table_cfbt01" timestamp="2026-07-12T11:43:21Z" hostname="c9a0403bd6c7" tests="2" skipped="1" failures="0" errors="0" time="0.662">
    <testcase time="0.472000000000008" classname="table_cfbt01" name="CFBT01_default_variant_is_produced_correctly"/>
    <testcase time="0.189999999999998" classname="table_cfbt01" name="CFBT01_default_variant_is_produced_correctly">
      <skipped message="Reason: On CRAN ('test-table_cfbt01.R:15:1')"/>
    </testcase>
  </testsuite>
  <testsuite name="table_cmht01" timestamp="2026-07-12T11:43:22Z" hostname="c9a0403bd6c7" tests="4" skipped="2" failures="0" errors="0" time="1.659">
    <testcase time="0.376999999999995" classname="table_cmht01" name="CMHT01_variant_1_is_produced_correctly"/>
    <testcase time="0.0810000000000031" classname="table_cmht01" name="CMHT01_variant_1_is_produced_correctly">
      <skipped message="Reason: On CRAN ('test-table_cmht01.R:8:1')"/>
    </testcase>
    <testcase time="0.956999999999994" classname="table_cmht01" name="CMHT01_variant_2_is_produced_correctly"/>
    <testcase time="0.244" classname="table_cmht01" name="CMHT01_variant_2_is_produced_correctly">
      <skipped message="Reason: On CRAN ('test-table_cmht01.R:61:1')"/>
    </testcase>
  </testsuite>
  <testsuite name="table_cmt01" timestamp="2026-07-12T11:43:23Z" hostname="c9a0403bd6c7" tests="8" skipped="4" failures="0" errors="0" time="3.609">
    <testcase time="0.649000000000001" classname="table_cmt01" name="CMT01_default_variant_Concomitant_medications_is_produced_correctly"/>
    <testcase time="0.247" classname="table_cmt01" name="CMT01_default_variant_Concomitant_medications_is_produced_correctly">
      <skipped message="Reason: On CRAN ('test-table_cmt01.R:4:1')"/>
    </testcase>
    <testcase time="0.709000000000003" classname="table_cmt01" name="CMT01_variant_1_prior_medications_is_produced_correctly"/>
    <testcase time="0.260999999999996" classname="table_cmt01" name="CMT01_variant_1_prior_medications_is_produced_correctly">
      <skipped message="Reason: On CRAN ('test-table_cmt01.R:39:1')"/>
    </testcase>
    <testcase time="0.605000000000004" classname="table_cmt01" name="CMT01_variant_3_Concomitant_medications_is_produced_correctly"/>
    <testcase time="0.201000000000008" classname="table_cmt01" name="CMT01_variant_3_Concomitant_medications_is_produced_correctly">
      <skipped message="Reason: On CRAN ('test-table_cmt01.R:74:1')"/>
    </testcase>
    <testcase time="0.692999999999998" classname="table_cmt01" name="CMT01_variant_4_Concomitant_medications_is_produced_correctly"/>
    <testcase time="0.244" classname="table_cmt01" name="CMT01_variant_4_Concomitant_medications_is_produced_correctly">
      <skipped message="Reason: On CRAN ('test-table_cmt01.R:107:1')"/>
    </testcase>
  </testsuite>
  <testsuite name="table_cmt01a" timestamp="2026-07-12T11:43:27Z" hostname="c9a0403bd6c7" tests="8" skipped="4" failures="0" errors="0" time="4.736">
    <testcase time="1.096" classname="table_cmt01a" name="CMT01A_variant_1_is_produced_correctly"/>
    <testcase time="0.217999999999989" classname="table_cmt01a" name="CMT01A_variant_1_is_produced_correctly">
      <skipped message="Reason: On CRAN ('test-table_cmt01a.R:16:1')"/>
    </testcase>
    <testcase time="0.930000000000007" classname="table_cmt01a" name="CMT01A_variant_2_is_produced_correctly"/>
    <testcase time="0.239000000000004" classname="table_cmt01a" name="CMT01A_variant_2_is_produced_correctly">
      <skipped message="Reason: On CRAN ('test-table_cmt01a.R:62:1')"/>
    </testcase>
    <testcase time="0.929999999999993" classname="table_cmt01a" name="CMT01A_variant_3_is_produced_correctly"/>
    <testcase time="0.221999999999994" classname="table_cmt01a" name="CMT01A_variant_3_is_produced_correctly">
      <skipped message="Reason: On CRAN ('test-table_cmt01a.R:108:1')"/>
    </testcase>
    <testcase time="0.912000000000006" classname="table_cmt01a" name="CMT01A_variant_4_is_produced_correctly"/>
    <testcase time="0.189000000000007" classname="table_cmt01a" name="CMT01A_variant_4_is_produced_correctly">
      <skipped message="Reason: On CRAN ('test-table_cmt01a.R:151:1')"/>
    </testcase>
  </testsuite>
  <testsuite name="table_cmt01b" timestamp="2026-07-12T11:43:32Z" hostname="c9a0403bd6c7" tests="6" skipped="3" failures="0" errors="0" time="5.154">
    <testcase time="1.53899999999999" classname="table_cmt01b" name="CMT01B_variant_1_is_produced_correctly"/>
    <testcase time="0.353000000000009" classname="table_cmt01b" name="CMT01B_variant_1_is_produced_correctly">
      <skipped message="Reason: On CRAN ('test-table_cmt01b.R:17:1')"/>
    </testcase>
    <testcase time="1.08199999999999" classname="table_cmt01b" name="CMT01B_variant_2_is_produced_correctly"/>
    <testcase time="0.296999999999997" classname="table_cmt01b" name="CMT01B_variant_2_is_produced_correctly">
      <skipped message="Reason: On CRAN ('test-table_cmt01b.R:91:1')"/>
    </testcase>
    <testcase time="1.50500000000001" classname="table_cmt01b" name="CMT01B_variant_4_is_produced_correctly"/>
    <testcase time="0.378" classname="table_cmt01b" name="CMT01B_variant_4_is_produced_correctly">
      <skipped message="Reason: On CRAN ('test-table_cmt01b.R:149:1')"/>
    </testcase>
  </testsuite>
  <testsuite name="table_cmt02_pt" timestamp="2026-07-12T11:43:37Z" hostname="c9a0403bd6c7" tests="2" skipped="1" failures="0" errors="0" time="0.868">
    <testcase time="0.734000000000009" classname="table_cmt02_pt" name="CMT02_PT_default_variant_is_produced_correctly"/>
    <testcase time="0.134" classname="table_cmt02_pt" name="CMT02_PT_default_variant_is_produced_correctly">
      <skipped message="Reason: On CRAN ('test-table_cmt02_pt.R:16:1')"/>
    </testcase>
  </testsuite>
  <testsuite name="table_coxt01" timestamp="2026-07-12T11:43:38Z" hostname="c9a0403bd6c7" tests="8" skipped="4" failures="0" errors="0" time="1.654">
    <testcase time="0.271999999999991" classname="table_coxt01" name="1._Cox_Regression"/>
    <testcase time="0.0520000000000067" classname="table_coxt01" name="1._Cox_Regression">
      <skipped message="Reason: On CRAN ('test-table_coxt01.R:18:1')"/>
    </testcase>
    <testcase time="0.356999999999999" classname="table_coxt01" name="2._Cox_Regression_with_Interaction_Term_"/>
    <testcase time="0.0810000000000031" classname="table_coxt01" name="2._Cox_Regression_with_Interaction_Term_">
      <skipped message="Reason: On CRAN ('test-table_coxt01.R:34:1')"/>
    </testcase>
    <testcase time="0.363" classname="table_coxt01" name="3._Cox_Regression_specifying_covariates_"/>
    <testcase time="0.0789999999999935" classname="table_coxt01" name="3._Cox_Regression_specifying_covariates_">
      <skipped message="Reason: On CRAN ('test-table_coxt01.R:53:1')"/>
    </testcase>
    <testcase time="0.362000000000009" classname="table_coxt01" name="4._Cox_Regression_setting_strata_ties_and_alpha_level_"/>
    <testcase time="0.0879999999999939" classname="table_coxt01" name="4._Cox_Regression_setting_strata_ties_and_alpha_level_">
      <skipped message="Reason: On CRAN ('test-table_coxt01.R:75:1')"/>
    </testcase>
  </testsuite>
  <testsuite name="table_coxt02" timestamp="2026-07-12T11:43:39Z" hostname="c9a0403bd6c7" tests="4" skipped="2" failures="0" errors="0" time="0.618">
    <testcase time="0.269000000000005" classname="table_coxt02" name="COXT02_default_variant_1_is_produced_correctly"/>
    <testcase time="0.0529999999999973" classname="table_coxt02" name="COXT02_default_variant_1_is_produced_correctly">
      <skipped message="Reason: On CRAN ('test-table_coxt02.R:19:1')"/>
    </testcase>
    <testcase time="0.248999999999995" classname="table_coxt02" name="COXT02_variant_5_is_produced_correctly"/>
    <testcase time="0.046999999999997" classname="table_coxt02" name="COXT02_variant_5_is_produced_correctly">
      <skipped message="Reason: On CRAN ('test-table_coxt02.R:33:1')"/>
    </testcase>
  </testsuite>
  <testsuite name="table_disclosures" timestamp="2026-07-12T11:43:40Z" hostname="c9a0403bd6c7" tests="12" skipped="6" failures="0" errors="0" time="1.829">
    <testcase time="0.166000000000011" classname="table_disclosures" name="Patient_Disposition_table_is_produced_correctly"/>
    <testcase time="0.0659999999999883" classname="table_disclosures" name="Patient_Disposition_table_is_produced_correctly">
      <skipped message="Reason: On CRAN ('test-table_disclosures.R:75:1')"/>
    </testcase>
    <testcase time="0.229000000000013" classname="table_disclosures" name="Demographic_table_is_produced_correctly"/>
    <testcase time="0.10499999999999" classname="table_disclosures" name="Demographic_table_is_produced_correctly">
      <skipped message="Reason: On CRAN ('test-table_disclosures.R:113:1')"/>
    </testcase>
    <testcase time="0.105000000000004" classname="table_disclosures" name="Enrollment_by_Country_Table_is_produced_correctly"/>
    <testcase time="0.0690000000000026" classname="table_disclosures" name="Enrollment_by_Country_Table_is_produced_correctly">
      <skipped message="Reason: On CRAN ('test-table_disclosures.R:134:1')"/>
    </testcase>
    <testcase time="0.0900000000000034" classname="table_disclosures" name="Death_table_is_produced_correctly"/>
    <testcase time="0.0369999999999919" classname="table_disclosures" name="Death_table_is_produced_correctly">
      <skipped message="Reason: On CRAN ('test-table_disclosures.R:146:1')"/>
    </testcase>
    <testcase time="0.355999999999995" classname="table_disclosures" name="Table_of_Serious_Adverse_Events_is_produced_correctly_for_one_specific_treatment_arm_"/>
    <testcase time="0.0970000000000084" classname="table_disclosures" name="Table_of_Serious_Adverse_Events_is_produced_correctly_for_one_specific_treatment_arm_">
      <skipped message="Reason: On CRAN ('test-table_disclosures.R:164:1')"/>
    </testcase>
    <testcase time="0.411999999999992" classname="table_disclosures" name="Table_of_Non_Serious_Adverse_Events_is_produced_correctly"/>
    <testcase time="0.0970000000000084" classname="table_disclosures" name="Table_of_Non_Serious_Adverse_Events_is_produced_correctly">
      <skipped message="Reason: On CRAN ('test-table_disclosures.R:192:1')"/>
    </testcase>
  </testsuite>
  <testsuite name="table_dmt01" timestamp="2026-07-12T11:43:43Z" hostname="c9a0403bd6c7" tests="10" skipped="5" failures="0" errors="0" time="2.722">
    <testcase time="1.20399999999999" classname="table_dmt01" name="DMT01_variant_1_is_produced_correctly"/>
    <testcase time="0.13000000000001" classname="table_dmt01" name="DMT01_variant_1_is_produced_correctly">
      <skipped message="Reason: On CRAN ('test-table_dmt01.R:69:1')"/>
    </testcase>
    <testcase time="0.24799999999999" classname="table_dmt01" name="DMT01_variant_2_is_produced_correctly"/>
    <testcase time="0.124000000000009" classname="table_dmt01" name="DMT01_variant_2_is_produced_correctly">
      <skipped message="Reason: On CRAN ('test-table_dmt01.R:93:1')"/>
    </testcase>
    <testcase time="0.272999999999996" classname="table_dmt01" name="DMT01_variant_3_is_produced_correctly"/>
    <testcase time="0.132000000000005" classname="table_dmt01" name="DMT01_variant_3_is_produced_correctly">
      <skipped message="Reason: On CRAN ('test-table_dmt01.R:116:1')"/>
    </testcase>
    <testcase time="0.214999999999989" classname="table_dmt01" name="DMT01_variant_4_is_produced_correctly"/>
    <testcase time="0.113" classname="table_dmt01" name="DMT01_variant_4_is_produced_correctly">
      <skipped message="Reason: On CRAN ('test-table_dmt01.R:135:1')"/>
    </testcase>
    <testcase time="0.183000000000007" classname="table_dmt01" name="DMT01_variant_5_is_produced_correctly"/>
    <testcase time="0.0999999999999943" classname="table_dmt01" name="DMT01_variant_5_is_produced_correctly">
      <skipped message="Reason: On CRAN ('test-table_dmt01.R:154:1')"/>
    </testcase>
  </testsuite>
  <testsuite name="table_dort01" timestamp="2026-07-12T11:43:45Z" hostname="c9a0403bd6c7" tests="8" skipped="4" failures="0" errors="0" time="1.479">
    <testcase time="0.310999999999993" classname="table_dort01" name="DORT01_variant_1_is_produced_correctly"/>
    <testcase time="0.085000000000008" classname="table_dort01" name="DORT01_variant_1_is_produced_correctly">
      <skipped message="Reason: On CRAN ('test-table_dort01.R:26:1')"/>
    </testcase>
    <testcase time="0.278999999999996" classname="table_dort01" name="DORT01_variant_2_selecting_sectons_is_produced_correctly"/>
    <testcase time="0.0859999999999985" classname="table_dort01" name="DORT01_variant_2_selecting_sectons_is_produced_correctly">
      <skipped message="Reason: On CRAN ('test-table_dort01.R:81:1')"/>
    </testcase>
    <testcase time="0.257000000000005" classname="table_dort01" name="DORT01_variant_3_modifying_conftype_and_alpha_level_is_produced_correctly"/>
    <testcase time="0.0849999999999937" classname="table_dort01" name="DORT01_variant_3_modifying_conftype_and_alpha_level_is_produced_correctly">
      <skipped message="Reason: On CRAN ('test-table_dort01.R:137:1')"/>
    </testcase>
    <testcase time="0.287000000000006" classname="table_dort01" name="DORT01_variant_4_modifying_time_point_for_the_xx_duration_is_produced_correctly"/>
    <testcase time="0.0889999999999986" classname="table_dort01" name="DORT01_variant_4_modifying_time_point_for_the_xx_duration_is_produced_correctly">
      <skipped message="Reason: On CRAN ('test-table_dort01.R:193:1')"/>
    </testcase>
  </testsuite>
  <testsuite name="table_dst01" timestamp="2026-07-12T11:43:46Z" hostname="c9a0403bd6c7" tests="5" skipped="2" failures="0" errors="0" time="0.723">
    <testcase time="0.159999999999997" classname="table_dst01" name="DST01_default_variant_is_produced_correctly"/>
    <testcase time="0.0690000000000026" classname="table_dst01" name="DST01_default_variant_is_produced_correctly">
      <skipped message="Reason: On CRAN ('test-table_dst01.R:23:1')"/>
    </testcase>
    <testcase time="0.238" classname="table_dst01" name="DST01_variants_2_and_3_are_produced_correctly"/>
    <testcase time="0.158000000000001" classname="table_dst01" name="DST01_variants_2_and_3_are_produced_correctly"/>
    <testcase time="0.097999999999999" classname="table_dst01" name="DST01_variants_2_and_3_are_produced_correctly">
      <skipped message="Reason: On CRAN ('test-table_dst01.R:47:1')"/>
    </testcase>
  </testsuite>
  <testsuite name="table_dtht01" timestamp="2026-07-12T11:43:47Z" hostname="c9a0403bd6c7" tests="8" skipped="4" failures="0" errors="0" time="1.128">
    <testcase time="0.128" classname="table_dtht01" name="DTHT01_variant_1_is_produced_correctly"/>
    <testcase time="0.0690000000000026" classname="table_dtht01" name="DTHT01_variant_1_is_produced_correctly">
      <skipped message="Reason: On CRAN ('test-table_dtht01.R:9:1')"/>
    </testcase>
    <testcase time="0.278999999999996" classname="table_dtht01" name="DTHT01_variant_2_is_produced_correctly"/>
    <testcase time="0.126000000000005" classname="table_dtht01" name="DTHT01_variant_2_is_produced_correctly">
      <skipped message="Reason: On CRAN ('test-table_dtht01.R:26:1')"/>
    </testcase>
    <testcase time="0.170000000000002" classname="table_dtht01" name="DTHT01_variant_3_is_produced_correctly"/>
    <testcase time="0.0729999999999933" classname="table_dtht01" name="DTHT01_variant_3_is_produced_correctly">
      <skipped message="Reason: On CRAN ('test-table_dtht01.R:63:1')"/>
    </testcase>
    <testcase time="0.209000000000003" classname="table_dtht01" name="DTHT01_variant_4_is_produced_correctly"/>
    <testcase time="0.0739999999999981" classname="table_dtht01" name="DTHT01_variant_4_is_produced_correctly">
      <skipped message="Reason: On CRAN ('test-table_dtht01.R:107:1')"/>
    </testcase>
  </testsuite>
  <testsuite name="table_egt01" timestamp="2026-07-12T11:43:49Z" hostname="c9a0403bd6c7" tests="2" skipped="1" failures="0" errors="0" time="3.496">
    <testcase time="2.742" classname="table_egt01" name="EGT01_default_variant_is_produced_correctly"/>
    <testcase time="0.753999999999991" classname="table_egt01" name="EGT01_default_variant_is_produced_correctly">
      <skipped message="Reason: On CRAN ('test-table_egt01.R:13:1')"/>
    </testcase>
  </testsuite>
  <testsuite name="table_egt02" timestamp="2026-07-12T11:43:52Z" hostname="c9a0403bd6c7" tests="4" skipped="2" failures="0" errors="0" time="1.537">
    <testcase time="1.21700000000001" classname="table_egt02" name="_EGT02_1._Regardless_of_Abnormality_at_Baseline"/>
    <testcase time="0.0739999999999839" classname="table_egt02" name="_EGT02_1._Regardless_of_Abnormality_at_Baseline">
      <skipped message="Reason: On CRAN ('test-table_egt02.R:18:1')"/>
    </testcase>
    <testcase time="0.186000000000007" classname="table_egt02" name="_EGT02_2._Among_Subjects_Without_Abnormality_at_Baseline"/>
    <testcase time="0.0600000000000023" classname="table_egt02" name="_EGT02_2._Among_Subjects_Without_Abnormality_at_Baseline">
      <skipped message="Reason: On CRAN ('test-table_egt02.R:38:1')"/>
    </testcase>
  </testsuite>
  <testsuite name="table_egt03" timestamp="2026-07-12T11:43:53Z" hostname="c9a0403bd6c7" tests="8" skipped="4" failures="0" errors="0" time="1.216">
    <testcase time="0.227000000000004" classname="table_egt03" name="EGT03_variant_1_is_produced_correctly"/>
    <testcase time="0.109000000000009" classname="table_egt03" name="EGT03_variant_1_is_produced_correctly">
      <skipped message="Reason: On CRAN ('test-table_egt03.R:35:1')"/>
    </testcase>
    <testcase time="0.161000000000001" classname="table_egt03" name="EGT03_variant_2_is_produced_correctly"/>
    <testcase time="0.0729999999999791" classname="table_egt03" name="EGT03_variant_2_is_produced_correctly">
      <skipped message="Reason: On CRAN ('test-table_egt03.R:60:1')"/>
    </testcase>
    <testcase time="0.213999999999999" classname="table_egt03" name="EGT03_variant_3_is_produced_correctly"/>
    <testcase time="0.108000000000004" classname="table_egt03" name="EGT03_variant_3_is_produced_correctly">
      <skipped message="Reason: On CRAN ('test-table_egt03.R:75:1')"/>
    </testcase>
    <testcase time="0.213999999999999" classname="table_egt03" name="EGT03_variant_4_is_produced_correctly"/>
    <testcase time="0.110000000000014" classname="table_egt03" name="EGT03_variant_4_is_produced_correctly">
      <skipped message="Reason: On CRAN ('test-table_egt03.R:101:1')"/>
    </testcase>
  </testsuite>
  <testsuite name="table_egt04" timestamp="2026-07-12T11:43:55Z" hostname="c9a0403bd6c7" tests="2" skipped="1" failures="0" errors="0" time="1.025">
    <testcase time="0.959000000000003" classname="table_egt04" name="EGT04_default_variant_is_produced_correctly"/>
    <testcase time="0.0660000000000025" classname="table_egt04" name="EGT04_default_variant_is_produced_correctly">
      <skipped message="Reason: On CRAN ('test-table_egt04.R:15:1')"/>
    </testcase>
  </testsuite>
  <testsuite name="table_egt05_qtcat" timestamp="2026-07-12T11:43:56Z" hostname="c9a0403bd6c7" tests="2" skipped="1" failures="0" errors="0" time="2.317">
    <testcase time="1.85799999999998" classname="table_egt05_qtcat" name="EGT05_QTCAT_default_variant_is_produced_correctly"/>
    <testcase time="0.459000000000003" classname="table_egt05_qtcat" name="EGT05_QTCAT_default_variant_is_produced_correctly">
      <skipped message="Reason: On CRAN ('test-table_egt05_qtcat.R:61:1')"/>
    </testcase>
  </testsuite>
  <testsuite name="table_ent" timestamp="2026-07-12T11:43:57Z" hostname="c9a0403bd6c7" tests="8" skipped="4" failures="0" errors="0" time="14.136">
    <testcase time="3.88500000000002" classname="table_ent" name="ENT01_IT_is_produced_correctly"/>
    <testcase time="0.566999999999979" classname="table_ent" name="ENT01_IT_is_produced_correctly">
      <skipped message="Reason: On CRAN ('test-table_ent.R:8:1')"/>
    </testcase>
    <testcase time="2.661" classname="table_ent" name="ENT01a_IT_is_produced_correctly"/>
    <testcase time="0.445000000000022" classname="table_ent" name="ENT01a_IT_is_produced_correctly">
      <skipped message="Reason: On CRAN ('test-table_ent.R:27:1')"/>
    </testcase>
    <testcase time="3.34699999999998" classname="table_ent" name="ENT02_IT_is_produced_correctly"/>
    <testcase time="0.489000000000004" classname="table_ent" name="ENT02_IT_is_produced_correctly">
      <skipped message="Reason: On CRAN ('test-table_ent.R:43:1')"/>
    </testcase>
    <testcase time="2.251" classname="table_ent" name="ENT02a_IT_is_produced_correctly"/>
    <testcase time="0.490999999999985" classname="table_ent" name="ENT02a_IT_is_produced_correctly">
      <skipped message="Reason: On CRAN ('test-table_ent.R:64:1')"/>
    </testcase>
  </testsuite>
  <testsuite name="table_eudrat01" timestamp="2026-07-12T11:44:12Z" hostname="c9a0403bd6c7" tests="2" skipped="1" failures="0" errors="0" time="0.587">
    <testcase time="0.488" classname="table_eudrat01" name="EUDRAT01_is_produced_correctly"/>
    <testcase time="0.099000000000018" classname="table_eudrat01" name="EUDRAT01_is_produced_correctly">
      <skipped message="Reason: On CRAN ('test-table_eudrat01.R:46:1')"/>
    </testcase>
  </testsuite>
  <testsuite name="table_eudrat02" timestamp="2026-07-12T11:44:12Z" hostname="c9a0403bd6c7" tests="2" skipped="1" failures="0" errors="0" time="0.47">
    <testcase time="0.396999999999991" classname="table_eudrat02" name="EUDRAT02_is_produced_correctly"/>
    <testcase time="0.0730000000000075" classname="table_eudrat02" name="EUDRAT02_is_produced_correctly">
      <skipped message="Reason: On CRAN ('test-table_eudrat02.R:15:1')"/>
    </testcase>
  </testsuite>
  <testsuite name="table_ext01" timestamp="2026-07-12T11:44:13Z" hostname="c9a0403bd6c7" tests="6" skipped="3" failures="0" errors="0" time="1.589">
    <testcase time="0.407999999999987" classname="table_ext01" name="EXT01_default_variant_with_numeric_parameters_is_produced_correctly"/>
    <testcase time="0.134999999999991" classname="table_ext01" name="EXT01_default_variant_with_numeric_parameters_is_produced_correctly">
      <skipped message="Reason: On CRAN ('test-table_ext01.R:73:1')"/>
    </testcase>
    <testcase time="0.300000000000011" classname="table_ext01" name="EXT01_variant_with_both_numeric_and_categorical_parameters"/>
    <testcase time="0.181000000000012" classname="table_ext01" name="EXT01_variant_with_both_numeric_and_categorical_parameters">
      <skipped message="Reason: On CRAN ('test-table_ext01.R:88:1')"/>
    </testcase>
    <testcase time="0.365999999999985" classname="table_ext01" name="EXT01_variant_with_user_specified_categories_for_missed_doses"/>
    <testcase time="0.199000000000012" classname="table_ext01" name="EXT01_variant_with_user_specified_categories_for_missed_doses">
      <skipped message="Reason: On CRAN ('test-table_ext01.R:132:1')"/>
    </testcase>
  </testsuite>
  <testsuite name="table_jnj_tbl1" timestamp="2026-07-12T11:44:14Z" hostname="c9a0403bd6c7" tests="2" skipped="1" failures="0" errors="0" time="0.285">
    <testcase time="0.197000000000003" classname="table_jnj_tbl1" name="DMT01_variant_factor_with_only_Missing_values"/>
    <testcase time="0.0879999999999939" classname="table_jnj_tbl1" name="DMT01_variant_factor_with_only_Missing_values">
      <skipped message="Reason: On CRAN ('test-table_jnj_tbl1.R:38:1')"/>
    </testcase>
  </testsuite>
  <testsuite name="table_lbt01" timestamp="2026-07-12T11:44:15Z" hostname="c9a0403bd6c7" tests="2" skipped="1" failures="0" errors="0" time="2.081">
    <testcase time="1.60499999999999" classname="table_lbt01" name="LBT01_default_variant_is_produced_correctly"/>
    <testcase time="0.475999999999999" classname="table_lbt01" name="LBT01_default_variant_is_produced_correctly">
      <skipped message="Reason: On CRAN ('test-table_lbt01.R:13:1')"/>
    </testcase>
  </testsuite>
  <testsuite name="table_lbt02" timestamp="2026-07-12T11:44:17Z" hostname="c9a0403bd6c7" tests="2" skipped="1" failures="0" errors="0" time="1.467">
    <testcase time="1.00700000000001" classname="table_lbt02" name="LBT02_default_variant_is_produced_correctly"/>
    <testcase time="0.460000000000008" classname="table_lbt02" name="LBT02_default_variant_is_produced_correctly">
      <skipped message="Reason: On CRAN ('test-table_lbt02.R:6:1')"/>
    </testcase>
  </testsuite>
  <testsuite name="table_lbt03" timestamp="2026-07-12T11:44:18Z" hostname="c9a0403bd6c7" tests="2" skipped="1" failures="0" errors="0" time="0.261">
    <testcase time="0.189999999999998" classname="table_lbt03" name="LBT03_default_variant_is_produced_correctly"/>
    <testcase time="0.070999999999998" classname="table_lbt03" name="LBT03_default_variant_is_produced_correctly">
      <skipped message="Reason: On CRAN ('test-table_lbt03.R:6:1')"/>
    </testcase>
  </testsuite>
  <testsuite name="table_lbt04" timestamp="2026-07-12T11:44:19Z" hostname="c9a0403bd6c7" tests="2" skipped="1" failures="0" errors="0" time="1.297">
    <testcase time="1.13" classname="table_lbt04" name="LBT04_default_variant_is_produced_correctly"/>
    <testcase time="0.167000000000002" classname="table_lbt04" name="LBT04_default_variant_is_produced_correctly">
      <skipped message="Reason: On CRAN ('test-table_lbt04.R:16:1')"/>
    </testcase>
  </testsuite>
  <testsuite name="table_lbt05" timestamp="2026-07-12T11:44:20Z" hostname="c9a0403bd6c7" tests="6" skipped="3" failures="0" errors="0" time="7.206">
    <testcase time="2.24799999999999" classname="table_lbt05" name="LBT05_variant_1_is_produced_correctly"/>
    <testcase time="0.385000000000019" classname="table_lbt05" name="LBT05_variant_1_is_produced_correctly">
      <skipped message="Reason: On CRAN ('test-table_lbt05.R:63:1')"/>
    </testcase>
    <testcase time="1.62699999999998" classname="table_lbt05" name="LBT05_variant_2_is_produced_correctly"/>
    <testcase time="0.460000000000008" classname="table_lbt05" name="LBT05_variant_2_is_produced_correctly">
      <skipped message="Reason: On CRAN ('test-table_lbt05.R:88:1')"/>
    </testcase>
    <testcase time="2.20699999999999" classname="table_lbt05" name="LBT05_variant_4_is_produced_correctly"/>
    <testcase time="0.278999999999996" classname="table_lbt05" name="LBT05_variant_4_is_produced_correctly">
      <skipped message="Reason: On CRAN ('test-table_lbt05.R:110:1')"/>
    </testcase>
  </testsuite>
  <testsuite name="table_lbt06" timestamp="2026-07-12T11:44:27Z" hostname="c9a0403bd6c7" tests="2" skipped="1" failures="0" errors="0" time="0.459">
    <testcase time="0.331000000000017" classname="table_lbt06" name="LBT06_default_variant_is_produced_correctly"/>
    <testcase time="0.127999999999986" classname="table_lbt06" name="LBT06_default_variant_is_produced_correctly">
      <skipped message="Reason: On CRAN ('test-table_lbt06.R:7:1')"/>
    </testcase>
  </testsuite>
  <testsuite name="table_lbt07" timestamp="2026-07-12T11:44:28Z" hostname="c9a0403bd6c7" tests="2" skipped="1" failures="0" errors="0" time="2.264">
    <testcase time="1.99000000000001" classname="table_lbt07" name="LBT07_is_produced_correctly"/>
    <testcase time="0.274000000000001" classname="table_lbt07" name="LBT07_is_produced_correctly">
      <skipped message="Reason: On CRAN ('test-table_lbt07.R:57:1')"/>
    </testcase>
  </testsuite>
  <testsuite name="table_lbt08" timestamp="2026-07-12T11:44:30Z" hostname="c9a0403bd6c7" tests="2" skipped="1" failures="0" errors="0" time="0.37">
    <testcase time="0.278999999999996" classname="table_lbt08" name="LBT08_produce_correctly"/>
    <testcase time="0.0910000000000082" classname="table_lbt08" name="LBT08_produce_correctly">
      <skipped message="Reason: On CRAN ('test-table_lbt08.R:19:1')"/>
    </testcase>
  </testsuite>
  <testsuite name="table_lbt09" timestamp="2026-07-12T11:44:30Z" hostname="c9a0403bd6c7" tests="4" skipped="2" failures="0" errors="0" time="0.917">
    <testcase time="0.341999999999985" classname="table_lbt09" name="LBT09_variant_1_works_as_expected"/>
[...]
    <testcase time="1.17700000000002" classname="tsfdth01" name="tsfdth01">
      <skipped message="Reason: On CRAN ('test-tsfdth01.R:1:1')"/>
    </testcase>
  </testsuite>
  <testsuite name="tsfecg01apart1" timestamp="2026-07-12T11:51:38Z" hostname="c9a0403bd6c7" tests="1" skipped="1" failures="0" errors="0" time="4.305">
    <testcase time="4.30499999999995" classname="tsfecg01apart1" name="tsfecg01a">
      <skipped message="Reason: On CRAN ('test-tsfecg01apart1.R:1:1')"/>
    </testcase>
  </testsuite>
  <testsuite name="tsfecg01apart2" timestamp="2026-07-12T11:51:42Z" hostname="c9a0403bd6c7" tests="1" skipped="1" failures="0" errors="0" time="4.491">
    <testcase time="4.49099999999999" classname="tsfecg01apart2" name="tsfecg01a">
      <skipped message="Reason: On CRAN ('test-tsfecg01apart2.R:1:1')"/>
    </testcase>
  </testsuite>
  <testsuite name="tsfecg01apart3" timestamp="2026-07-12T11:51:46Z" hostname="c9a0403bd6c7" tests="1" skipped="1" failures="0" errors="0" time="4.198">
    <testcase time="4.19799999999998" classname="tsfecg01apart3" name="tsfecg01a">
      <skipped message="Reason: On CRAN ('test-tsfecg01apart3.R:1:1')"/>
    </testcase>
  </testsuite>
  <testsuite name="tsfecg01part1" timestamp="2026-07-12T11:51:51Z" hostname="c9a0403bd6c7" tests="1" skipped="1" failures="0" errors="0" time="8.092">
    <testcase time="8.0920000000001" classname="tsfecg01part1" name="tsfecg01">
      <skipped message="Reason: On CRAN ('test-tsfecg01part1.R:1:1')"/>
    </testcase>
  </testsuite>
  <testsuite name="tsfecg01part2" timestamp="2026-07-12T11:51:59Z" hostname="c9a0403bd6c7" tests="1" skipped="1" failures="0" errors="0" time="8.224">
    <testcase time="8.22399999999993" classname="tsfecg01part2" name="tsfecg01">
      <skipped message="Reason: On CRAN ('test-tsfecg01part2.R:1:1')"/>
    </testcase>
  </testsuite>
  <testsuite name="tsfecg02" timestamp="2026-07-12T11:52:07Z" hostname="c9a0403bd6c7" tests="1" skipped="1" failures="0" errors="0" time="2.898">
    <testcase time="2.89800000000002" classname="tsfecg02" name="tsfecg02">
      <skipped message="Reason: On CRAN ('test-tsfecg02.R:1:1')"/>
    </testcase>
  </testsuite>
  <testsuite name="tsfecg03" timestamp="2026-07-12T11:52:10Z" hostname="c9a0403bd6c7" tests="1" skipped="1" failures="0" errors="0" time="0.586">
    <testcase time="0.586000000000013" classname="tsfecg03" name="tsfecg03">
      <skipped message="Reason: On CRAN ('test-tsfecg03.R:1:1')"/>
    </testcase>
  </testsuite>
  <testsuite name="tsfecg04" timestamp="2026-07-12T11:52:10Z" hostname="c9a0403bd6c7" tests="1" skipped="1" failures="0" errors="0" time="2.227">
    <testcase time="2.22699999999998" classname="tsfecg04" name="tsfecg04">
      <skipped message="Reason: On CRAN ('test-tsfecg04.R:1:1')"/>
    </testcase>
  </testsuite>
  <testsuite name="tsfecg05" timestamp="2026-07-12T11:52:13Z" hostname="c9a0403bd6c7" tests="1" skipped="1" failures="0" errors="0" time="1.291">
    <testcase time="1.29100000000005" classname="tsfecg05" name="tsfecg05">
      <skipped message="Reason: On CRAN ('test-tsfecg05.R:1:1')"/>
    </testcase>
  </testsuite>
  <testsuite name="tsflab01apart1" timestamp="2026-07-12T11:52:14Z" hostname="c9a0403bd6c7" tests="1" skipped="1" failures="0" errors="0" time="13.379">
    <testcase time="13.379" classname="tsflab01apart1" name="tsflab01a">
      <skipped message="Reason: On CRAN ('test-tsflab01apart1.R:1:1')"/>
    </testcase>
  </testsuite>
  <testsuite name="tsflab01apart2" timestamp="2026-07-12T11:52:27Z" hostname="c9a0403bd6c7" tests="1" skipped="1" failures="0" errors="0" time="13.13">
    <testcase time="13.13" classname="tsflab01apart2" name="tsflab01a">
      <skipped message="Reason: On CRAN ('test-tsflab01apart2.R:1:1')"/>
    </testcase>
  </testsuite>
  <testsuite name="tsflab01apart3" timestamp="2026-07-12T11:52:40Z" hostname="c9a0403bd6c7" tests="1" skipped="1" failures="0" errors="0" time="13.786">
    <testcase time="13.7859999999999" classname="tsflab01apart3" name="tsflab01a">
      <skipped message="Reason: On CRAN ('test-tsflab01apart3.R:1:1')"/>
    </testcase>
  </testsuite>
  <testsuite name="tsflab01part1" timestamp="2026-07-12T11:52:54Z" hostname="c9a0403bd6c7" tests="1" skipped="1" failures="0" errors="0" time="5.444">
    <testcase time="5.44400000000007" classname="tsflab01part1" name="tsflab01">
      <skipped message="Reason: On CRAN ('test-tsflab01part1.R:1:1')"/>
    </testcase>
  </testsuite>
  <testsuite name="tsflab01part2" timestamp="2026-07-12T11:53:00Z" hostname="c9a0403bd6c7" tests="1" skipped="1" failures="0" errors="0" time="5.458">
    <testcase time="5.45799999999997" classname="tsflab01part2" name="tsflab01">
      <skipped message="Reason: On CRAN ('test-tsflab01part2.R:1:1')"/>
    </testcase>
  </testsuite>
  <testsuite name="tsflab02" timestamp="2026-07-12T11:53:05Z" hostname="c9a0403bd6c7" tests="1" skipped="1" failures="0" errors="0" time="0.94">
    <testcase time="0.939999999999941" classname="tsflab02" name="tsflab02">
      <skipped message="Reason: On CRAN ('test-tsflab02.R:1:1')"/>
    </testcase>
  </testsuite>
  <testsuite name="tsflab02a" timestamp="2026-07-12T11:53:06Z" hostname="c9a0403bd6c7" tests="1" skipped="1" failures="0" errors="0" time="2.442">
    <testcase time="2.44200000000001" classname="tsflab02a" name="tsflab02a">
      <skipped message="Reason: On CRAN ('test-tsflab02a.R:1:1')"/>
    </testcase>
  </testsuite>
  <testsuite name="tsflab02b" timestamp="2026-07-12T11:53:08Z" hostname="c9a0403bd6c7" tests="1" skipped="1" failures="0" errors="0" time="2.122">
    <testcase time="2.12200000000007" classname="tsflab02b" name="tsflab02b">
      <skipped message="Reason: On CRAN ('test-tsflab02b.R:1:1')"/>
    </testcase>
  </testsuite>
  <testsuite name="tsflab03" timestamp="2026-07-12T11:53:11Z" hostname="c9a0403bd6c7" tests="1" skipped="1" failures="0" errors="0" time="3.31">
    <testcase time="3.30999999999995" classname="tsflab03" name="tsflab03">
      <skipped message="Reason: On CRAN ('test-tsflab03.R:1:1')"/>
    </testcase>
  </testsuite>
  <testsuite name="tsflab03a" timestamp="2026-07-12T11:53:14Z" hostname="c9a0403bd6c7" tests="1" skipped="1" failures="0" errors="0" time="9.657">
    <testcase time="9.65700000000004" classname="tsflab03a" name="tsflab03a">
      <skipped message="Reason: On CRAN ('test-tsflab03a.R:1:1')"/>
    </testcase>
  </testsuite>
  <testsuite name="tsflab04a" timestamp="2026-07-12T11:53:24Z" hostname="c9a0403bd6c7" tests="1" skipped="1" failures="0" errors="0" time="2.798">
    <testcase time="2.798" classname="tsflab04a" name="tsflab04a">
      <skipped message="Reason: On CRAN ('test-tsflab04a.R:1:1')"/>
    </testcase>
  </testsuite>
  <testsuite name="tsflab04b" timestamp="2026-07-12T11:53:26Z" hostname="c9a0403bd6c7" tests="1" skipped="1" failures="0" errors="0" time="1.029">
    <testcase time="1.029" classname="tsflab04b" name="tsflab04b">
      <skipped message="Reason: On CRAN ('test-tsflab04b.R:1:1')"/>
    </testcase>
  </testsuite>
  <testsuite name="tsflab05" timestamp="2026-07-12T11:53:27Z" hostname="c9a0403bd6c7" tests="1" skipped="1" failures="0" errors="0" time="2.751">
    <testcase time="2.75099999999998" classname="tsflab05" name="tsflab05">
      <skipped message="Reason: On CRAN ('test-tsflab05.R:1:1')"/>
    </testcase>
  </testsuite>
  <testsuite name="tsflab06" timestamp="2026-07-12T11:53:30Z" hostname="c9a0403bd6c7" tests="1" skipped="1" failures="0" errors="0" time="2.835">
    <testcase time="2.83500000000004" classname="tsflab06" name="tsflab06">
      <skipped message="Reason: On CRAN ('test-tsflab06.R:1:1')"/>
    </testcase>
  </testsuite>
  <testsuite name="tsflab07" timestamp="2026-07-12T11:53:33Z" hostname="c9a0403bd6c7" tests="1" skipped="1" failures="0" errors="0" time="16.515">
    <testcase time="16.515" classname="tsflab07" name="tsflab07">
      <skipped message="Reason: On CRAN ('test-tsflab07.R:1:1')"/>
    </testcase>
  </testsuite>
  <testsuite name="tsfvit01apart1" timestamp="2026-07-12T11:53:49Z" hostname="c9a0403bd6c7" tests="1" skipped="1" failures="0" errors="0" time="6.657">
    <testcase time="6.65699999999993" classname="tsfvit01apart1" name="tsfvit01a">
      <skipped message="Reason: On CRAN ('test-tsfvit01apart1.R:1:1')"/>
    </testcase>
  </testsuite>
  <testsuite name="tsfvit01apart2" timestamp="2026-07-12T11:53:56Z" hostname="c9a0403bd6c7" tests="1" skipped="1" failures="0" errors="0" time="6.076">
    <testcase time="6.07600000000002" classname="tsfvit01apart2" name="tsfvit01a">
      <skipped message="Reason: On CRAN ('test-tsfvit01apart2.R:1:1')"/>
    </testcase>
  </testsuite>
  <testsuite name="tsfvit01apart3" timestamp="2026-07-12T11:54:02Z" hostname="c9a0403bd6c7" tests="1" skipped="1" failures="0" errors="0" time="6.149">
    <testcase time="6.149" classname="tsfvit01apart3" name="tsfvit01a">
      <skipped message="Reason: On CRAN ('test-tsfvit01apart3.R:1:1')"/>
    </testcase>
  </testsuite>
  <testsuite name="tsfvit01apart4" timestamp="2026-07-12T11:54:08Z" hostname="c9a0403bd6c7" tests="1" skipped="1" failures="0" errors="0" time="6.249">
    <testcase time="6.24900000000002" classname="tsfvit01apart4" name="tsfvit01a">
      <skipped message="Reason: On CRAN ('test-tsfvit01apart4.R:1:1')"/>
    </testcase>
  </testsuite>
  <testsuite name="tsfvit01part1" timestamp="2026-07-12T11:54:15Z" hostname="c9a0403bd6c7" tests="1" skipped="1" failures="0" errors="0" time="3.192">
    <testcase time="3.19200000000001" classname="tsfvit01part1" name="tsfvit01">
      <skipped message="Reason: On CRAN ('test-tsfvit01part1.R:1:1')"/>
    </testcase>
  </testsuite>
  <testsuite name="tsfvit01part2" timestamp="2026-07-12T11:54:18Z" hostname="c9a0403bd6c7" tests="1" skipped="1" failures="0" errors="0" time="3.207">
    <testcase time="3.20699999999999" classname="tsfvit01part2" name="tsfvit01">
      <skipped message="Reason: On CRAN ('test-tsfvit01part2.R:1:1')"/>
    </testcase>
  </testsuite>
  <testsuite name="tsfvit01part3" timestamp="2026-07-12T11:54:21Z" hostname="c9a0403bd6c7" tests="1" skipped="1" failures="0" errors="0" time="3.246">
    <testcase time="3.24599999999998" classname="tsfvit01part3" name="tsfvit01">
      <skipped message="Reason: On CRAN ('test-tsfvit01part3.R:1:1')"/>
    </testcase>
  </testsuite>
  <testsuite name="tsfvit01part4" timestamp="2026-07-12T11:54:24Z" hostname="c9a0403bd6c7" tests="1" skipped="1" failures="0" errors="0" time="3.223">
    <testcase time="3.22300000000007" classname="tsfvit01part4" name="tsfvit01">
      <skipped message="Reason: On CRAN ('test-tsfvit01part4.R:1:1')"/>
    </testcase>
  </testsuite>
  <testsuite name="tsfvit02" timestamp="2026-07-12T11:54:27Z" hostname="c9a0403bd6c7" tests="1" skipped="1" failures="0" errors="0" time="0.65">
    <testcase time="0.649999999999977" classname="tsfvit02" name="tsfvit02">
      <skipped message="Reason: On CRAN ('test-tsfvit02.R:1:1')"/>
    </testcase>
  </testsuite>
  <testsuite name="tsfvit03" timestamp="2026-07-12T11:54:28Z" hostname="c9a0403bd6c7" tests="1" skipped="1" failures="0" errors="0" time="0.62">
    <testcase time="0.620000000000005" classname="tsfvit03" name="tsfvit03">
      <skipped message="Reason: On CRAN ('test-tsfvit03.R:1:1')"/>
    </testcase>
  </testsuite>
  <testsuite name="tsfvit04" timestamp="2026-07-12T11:54:29Z" hostname="c9a0403bd6c7" tests="1" skipped="1" failures="0" errors="0" time="0.626">
    <testcase time="0.625999999999976" classname="tsfvit04" name="tsfvit04">
      <skipped message="Reason: On CRAN ('test-tsfvit04.R:1:1')"/>
    </testcase>
  </testsuite>
  <testsuite name="tsfvit05" timestamp="2026-07-12T11:54:29Z" hostname="c9a0403bd6c7" tests="1" skipped="1" failures="0" errors="0" time="2.02">
    <testcase time="2.01999999999998" classname="tsfvit05" name="tsfvit05">
      <skipped message="Reason: On CRAN ('test-tsfvit05.R:1:1')"/>
    </testcase>
  </testsuite>
  <testsuite name="tsfvit06" timestamp="2026-07-12T11:54:31Z" hostname="c9a0403bd6c7" tests="1" skipped="1" failures="0" errors="0" time="0.539">
    <testcase time="0.538999999999987" classname="tsfvit06" name="tsfvit06">
      <skipped message="Reason: On CRAN ('test-tsfvit06.R:1:1')"/>
    </testcase>
  </testsuite>
  <testsuite name="tsicm01" timestamp="2026-07-12T11:54:32Z" hostname="c9a0403bd6c7" tests="1" skipped="1" failures="0" errors="0" time="4.838">
    <testcase time="4.83800000000008" classname="tsicm01" name="tsicm01">
      <skipped message="Reason: On CRAN ('test-tsicm01.R:1:1')"/>
    </testcase>
  </testsuite>
  <testsuite name="tsicm02" timestamp="2026-07-12T11:54:37Z" hostname="c9a0403bd6c7" tests="1" skipped="1" failures="0" errors="0" time="4.912">
    <testcase time="4.91199999999992" classname="tsicm02" name="tsicm02">
      <skipped message="Reason: On CRAN ('test-tsicm02.R:1:1')"/>
    </testcase>
  </testsuite>
  <testsuite name="tsicm03" timestamp="2026-07-12T11:54:42Z" hostname="c9a0403bd6c7" tests="1" skipped="1" failures="0" errors="0" time="3.878">
    <testcase time="3.87800000000004" classname="tsicm03" name="tsicm03">
      <skipped message="Reason: On CRAN ('test-tsicm03.R:1:1')"/>
    </testcase>
  </testsuite>
  <testsuite name="tsicm04" timestamp="2026-07-12T11:54:46Z" hostname="c9a0403bd6c7" tests="1" skipped="1" failures="0" errors="0" time="3.944">
    <testcase time="3.94399999999996" classname="tsicm04" name="tsicm04">
      <skipped message="Reason: On CRAN ('test-tsicm04.R:1:1')"/>
    </testcase>
  </testsuite>
  <testsuite name="tsicm05" timestamp="2026-07-12T11:54:49Z" hostname="c9a0403bd6c7" tests="1" skipped="1" failures="0" errors="0" time="6.503">
    <testcase time="6.50300000000004" classname="tsicm05" name="tsicm05">
      <skipped message="Reason: On CRAN ('test-tsicm05.R:1:1')"/>
    </testcase>
  </testsuite>
  <testsuite name="tsicm06" timestamp="2026-07-12T11:54:56Z" hostname="c9a0403bd6c7" tests="1" skipped="1" failures="0" errors="0" time="6.774">
    <testcase time="6.774" classname="tsicm06" name="tsicm06">
      <skipped message="Reason: On CRAN ('test-tsicm06.R:1:1')"/>
    </testcase>
  </testsuite>
  <testsuite name="tsicm07" timestamp="2026-07-12T11:55:03Z" hostname="c9a0403bd6c7" tests="1" skipped="1" failures="0" errors="0" time="0.701">
    <testcase time="0.701000000000022" classname="tsicm07" name="tsicm07">
      <skipped message="Reason: On CRAN ('test-tsicm07.R:1:1')"/>
    </testcase>
  </testsuite>
  <testsuite name="tsicm08" timestamp="2026-07-12T11:55:03Z" hostname="c9a0403bd6c7" tests="1" skipped="1" failures="0" errors="0" time="0.659">
    <testcase time="0.658999999999992" classname="tsicm08" name="tsicm08">
      <skipped message="Reason: On CRAN ('test-tsicm08.R:1:1')"/>
    </testcase>
  </testsuite>
  <testsuite name="tsidem01" timestamp="2026-07-12T11:55:04Z" hostname="c9a0403bd6c7" tests="1" skipped="1" failures="0" errors="0" time="2.614">
    <testcase time="2.61400000000003" classname="tsidem01" name="tsidem01">
      <skipped message="Reason: On CRAN ('test-tsidem01.R:1:1')"/>
    </testcase>
  </testsuite>
  <testsuite name="tsidem02" timestamp="2026-07-12T11:55:07Z" hostname="c9a0403bd6c7" tests="1" skipped="1" failures="0" errors="0" time="0.687">
    <testcase time="0.686999999999898" classname="tsidem02" name="tsidem02">
      <skipped message="Reason: On CRAN ('test-tsidem02.R:1:1')"/>
    </testcase>
  </testsuite>
  <testsuite name="tsids01" timestamp="2026-07-12T11:55:07Z" hostname="c9a0403bd6c7" tests="1" skipped="1" failures="0" errors="0" time="0.353">
    <testcase time="0.353000000000065" classname="tsids01" name="tsids01">
      <skipped message="Reason: On CRAN ('test-tsids01.R:1:1')"/>
    </testcase>
  </testsuite>
  <testsuite name="tsids02" timestamp="2026-07-12T11:55:08Z" hostname="c9a0403bd6c7" tests="1" skipped="1" failures="0" errors="0" time="1.362">
    <testcase time="1.36199999999997" classname="tsids02" name="tsids02">
      <skipped message="Reason: On CRAN ('test-tsids02.R:1:1')"/>
    </testcase>
  </testsuite>
  <testsuite name="tsids02a" timestamp="2026-07-12T11:55:09Z" hostname="c9a0403bd6c7" tests="1" skipped="1" failures="0" errors="0" time="6.91">
    <testcase time="6.91000000000008" classname="tsids02a" name="tsids02a">
      <skipped message="Reason: On CRAN ('test-tsids02a.R:1:1')"/>
    </testcase>
  </testsuite>
  <testsuite name="tsiex01" timestamp="2026-07-12T11:55:16Z" hostname="c9a0403bd6c7" tests="1" skipped="1" failures="0" errors="0" time="1.382">
    <testcase time="1.38199999999995" classname="tsiex01" name="tsiex01">
      <skipped message="Reason: On CRAN ('test-tsiex01.R:1:1')"/>
    </testcase>
  </testsuite>
  <testsuite name="tsiex02" timestamp="2026-07-12T11:55:17Z" hostname="c9a0403bd6c7" tests="1" skipped="1" failures="0" errors="0" time="1.258">
    <testcase time="1.25800000000004" classname="tsiex02" name="tsiex02">
      <skipped message="Reason: On CRAN ('test-tsiex02.R:1:1')"/>
    </testcase>
  </testsuite>
  <testsuite name="tsiex03" timestamp="2026-07-12T11:55:19Z" hostname="c9a0403bd6c7" tests="1" skipped="1" failures="0" errors="0" time="0.967">
    <testcase time="0.966999999999985" classname="tsiex03" name="tsiex03">
      <skipped message="Reason: On CRAN ('test-tsiex03.R:1:1')"/>
    </testcase>
  </testsuite>
  <testsuite name="tsiex04" timestamp="2026-07-12T11:55:20Z" hostname="c9a0403bd6c7" tests="1" skipped="1" failures="0" errors="0" time="0.819">
    <testcase time="0.81899999999996" classname="tsiex04" name="tsiex04">
      <skipped message="Reason: On CRAN ('test-tsiex04.R:1:1')"/>
    </testcase>
  </testsuite>
  <testsuite name="tsiex06" timestamp="2026-07-12T11:55:20Z" hostname="c9a0403bd6c7" tests="1" skipped="1" failures="0" errors="0" time="0.402">
    <testcase time="0.402000000000044" classname="tsiex06" name="tsiex06">
      <skipped message="Reason: On CRAN ('test-tsiex06.R:1:1')"/>
    </testcase>
  </testsuite>
  <testsuite name="tsiex07" timestamp="2026-07-12T11:55:21Z" hostname="c9a0403bd6c7" tests="1" skipped="1" failures="0" errors="0" time="0.553">
    <testcase time="0.552999999999997" classname="tsiex07" name="tsiex07">
      <skipped message="Reason: On CRAN ('test-tsiex07.R:1:1')"/>
    </testcase>
  </testsuite>
  <testsuite name="tsiex08" timestamp="2026-07-12T11:55:21Z" hostname="c9a0403bd6c7" tests="1" skipped="1" failures="0" errors="0" time="1.211">
    <testcase time="1.21100000000001" classname="tsiex08" name="tsiex08">
      <skipped message="Reason: On CRAN ('test-tsiex08.R:1:1')"/>
    </testcase>
  </testsuite>
  <testsuite name="tsiex09" timestamp="2026-07-12T11:55:23Z" hostname="c9a0403bd6c7" tests="1" skipped="1" failures="0" errors="0" time="0.583">
    <testcase time="0.58299999999997" classname="tsiex09" name="tsiex09">
      <skipped message="Reason: On CRAN ('test-tsiex09.R:1:1')"/>
    </testcase>
  </testsuite>
  <testsuite name="tsiex10" timestamp="2026-07-12T11:55:23Z" hostname="c9a0403bd6c7" tests="1" skipped="1" failures="0" errors="0" time="0.57">
    <testcase time="0.569999999999936" classname="tsiex10" name="tsiex10">
      <skipped message="Reason: On CRAN ('test-tsiex10.R:1:1')"/>
    </testcase>
  </testsuite>
  <testsuite name="tsiex11" timestamp="2026-07-12T11:55:24Z" hostname="c9a0403bd6c7" tests="1" skipped="1" failures="0" errors="0" time="2.973">
    <testcase time="2.97300000000007" classname="tsiex11" name="tsiex11">
      <skipped message="Reason: On CRAN ('test-tsiex11.R:1:1')"/>
    </testcase>
  </testsuite>
  <testsuite name="tsimh01" timestamp="2026-07-12T11:55:27Z" hostname="c9a0403bd6c7" tests="1" skipped="1" failures="0" errors="0" time="1.076">
    <testcase time="1.07600000000002" classname="tsimh01" name="tsimh01">
      <skipped message="Reason: On CRAN ('test-tsimh01.R:1:1')"/>
    </testcase>
  </testsuite>
</testsuites>
