<?xml version="1.0" encoding="UTF-8"?>
<testsuites>
  <testsuite name="char-support" timestamp="2026-03-03T14:48:57Z" hostname="ca0c3c686667" tests="6" skipped="0" failures="0" errors="0" time="3.449">
    <testcase time="1.136" classname="char_support" name="CRITDIR_is_factor_and_one_PARAMCD_is_not_available_on_all_AVISITS"/>
    <testcase time="0.363999999999999" classname="char_support" name="CRITDIR_is_factor_and_one_PARAMCD_is_not_available_on_all_AVISITS"/>
    <testcase time="0.624000000000001" classname="char_support" name="CRITDIR_is_not_factor_and_all_PARAMCD_available_on_all_AVISITS"/>
    <testcase time="0.395" classname="char_support" name="CRITDIR_is_not_factor_and_all_PARAMCD_available_on_all_AVISITS"/>
    <testcase time="0.640000000000001" classname="char_support" name="CRITDIR_is_not_factor_and_one_PARAMCD_is_not_available_on_all_AVISITS"/>
    <testcase time="0.289999999999999" classname="char_support" name="CRITDIR_is_not_factor_and_one_PARAMCD_is_not_available_on_all_AVISITS"/>
  </testsuite>
  <testsuite name="listing_adal02" timestamp="2026-03-03T14:49:00Z" hostname="ca0c3c686667" tests="1" skipped="0" failures="0" errors="0" time="0.177">
    <testcase time="0.177000000000001" classname="listing_adal02" name="ADAL02_listing_is_produced_correctly"/>
  </testsuite>
  <testsuite name="listing_ael01" timestamp="2026-03-03T14:49:00Z" hostname="ca0c3c686667" tests="1" skipped="0" failures="0" errors="0" time="0.13">
    <testcase time="0.129999999999999" classname="listing_ael01" name="AEL01_listing_is_produced_correctly"/>
  </testsuite>
  <testsuite name="listing_ael01_nollt" timestamp="2026-03-03T14:49:01Z" hostname="ca0c3c686667" tests="1" skipped="0" failures="0" errors="0" time="0.051">
    <testcase time="0.0510000000000002" classname="listing_ael01_nollt" name="AEL01_NOLLT_listing_is_produced_correctly"/>
  </testsuite>
  <testsuite name="listing_ael02" timestamp="2026-03-03T14:49:01Z" hostname="ca0c3c686667" tests="1" skipped="0" failures="0" errors="0" time="0.283">
    <testcase time="0.282999999999999" classname="listing_ael02" name="AEL02_listing_is_produced_correctly"/>
  </testsuite>
  <testsuite name="listing_ael02_ed" timestamp="2026-03-03T14:49:01Z" hostname="ca0c3c686667" tests="1" skipped="0" failures="0" errors="0" time="0.332">
    <testcase time="0.332000000000001" classname="listing_ael02_ed" name="AEL02_ED_listing_is_produced_correctly"/>
  </testsuite>
  <testsuite name="listing_ael03" timestamp="2026-03-03T14:49:01Z" hostname="ca0c3c686667" tests="1" skipped="0" failures="0" errors="0" time="0.277">
    <testcase time="0.276999999999999" classname="listing_ael03" name="AEL03_listing_is_produced_correctly"/>
  </testsuite>
  <testsuite name="listing_ael04" timestamp="2026-03-03T14:49:01Z" hostname="ca0c3c686667" tests="1" skipped="0" failures="0" errors="0" time="0.194">
    <testcase time="0.194000000000001" classname="listing_ael04" name="AEL04_listing_is_produced_correctly"/>
  </testsuite>
  <testsuite name="listing_cml01" timestamp="2026-03-03T14:49:02Z" hostname="ca0c3c686667" tests="1" skipped="0" failures="0" errors="0" time="0.326">
    <testcase time="0.326000000000001" classname="listing_cml01" name="CML01_listing_is_produced_correctly"/>
  </testsuite>
  <testsuite name="listing_cml02a_gl" timestamp="2026-03-03T14:49:02Z" hostname="ca0c3c686667" tests="1" skipped="0" failures="0" errors="0" time="0.108">
    <testcase time="0.107999999999999" classname="listing_cml02a_gl" name="CML02A_GL_listing_is_produced_correctly"/>
  </testsuite>
  <testsuite name="listing_cml02b_gl" timestamp="2026-03-03T14:49:02Z" hostname="ca0c3c686667" tests="1" skipped="0" failures="0" errors="0" time="0.161">
    <testcase time="0.161000000000001" classname="listing_cml02b_gl" name="CML02B_GL_listing_is_produced_correctly"/>
  </testsuite>
  <testsuite name="listing_dsl01" timestamp="2026-03-03T14:49:02Z" hostname="ca0c3c686667" tests="1" skipped="0" failures="0" errors="0" time="0.157">
    <testcase time="0.157" classname="listing_dsl01" name="DSL01_listing_is_produced_correctly"/>
  </testsuite>
  <testsuite name="listing_dsl02" timestamp="2026-03-03T14:49:02Z" hostname="ca0c3c686667" tests="1" skipped="0" failures="0" errors="0" time="0.068">
    <testcase time="0.0679999999999996" classname="listing_dsl02" name="DSL02_listing_is_produced_correctly"/>
  </testsuite>
  <testsuite name="listing_dsur4" timestamp="2026-03-03T14:49:02Z" hostname="ca0c3c686667" tests="1" skipped="0" failures="0" errors="0" time="0.09">
    <testcase time="0.0899999999999999" classname="listing_dsur4" name="DSUR4_listing_is_produced_correctly"/>
  </testsuite>
  <testsuite name="listing_egl01" timestamp="2026-03-03T14:49:03Z" hostname="ca0c3c686667" tests="1" skipped="0" failures="0" errors="0" time="0.421">
    <testcase time="0.420999999999999" classname="listing_egl01" name="EGL01_listing_is_produced_correctly"/>
  </testsuite>
  <testsuite name="listing_exl01" timestamp="2026-03-03T14:49:03Z" hostname="ca0c3c686667" tests="1" skipped="0" failures="0" errors="0" time="0.207">
    <testcase time="0.207000000000001" classname="listing_exl01" name="EXL01_listing_is_produced_correctly"/>
  </testsuite>
  <testsuite name="listing_lbl01" timestamp="2026-03-03T14:49:03Z" hostname="ca0c3c686667" tests="1" skipped="0" failures="0" errors="0" time="0.542">
    <testcase time="0.542" classname="listing_lbl01" name="LBL01_listing_is_produced_correctly"/>
  </testsuite>
  <testsuite name="listing_lbl01_rls" timestamp="2026-03-03T14:49:04Z" hostname="ca0c3c686667" tests="1" skipped="0" failures="0" errors="0" time="0.517">
    <testcase time="0.517000000000001" classname="listing_lbl01_rls" name="LBL01_RLS_listing_is_produced_correctly"/>
  </testsuite>
  <testsuite name="listing_lbl02a" timestamp="2026-03-03T14:49:04Z" hostname="ca0c3c686667" tests="1" skipped="0" failures="0" errors="0" time="0.249">
    <testcase time="0.248999999999999" classname="listing_lbl02a" name="LBL02A_listing_is_produced_correctly"/>
  </testsuite>
  <testsuite name="listing_lbl02a_rls" timestamp="2026-03-03T14:49:05Z" hostname="ca0c3c686667" tests="1" skipped="0" failures="0" errors="0" time="0.79">
    <testcase time="0.789999999999999" classname="listing_lbl02a_rls" name="LBL02A_RLS_listing_is_produced_correctly"/>
  </testsuite>
  <testsuite name="listing_lbl02b" timestamp="2026-03-03T14:49:05Z" hostname="ca0c3c686667" tests="1" skipped="0" failures="0" errors="0" time="0.248">
    <testcase time="0.248000000000001" classname="listing_lbl02b" name="LBL02B_listing_is_produced_correctly"/>
  </testsuite>
  <testsuite name="listing_mhl01" timestamp="2026-03-03T14:49:06Z" hostname="ca0c3c686667" tests="1" skipped="0" failures="0" errors="0" time="0.241">
    <testcase time="0.241" classname="listing_mhl01" name="MHL01_listing_is_produced_correctly"/>
  </testsuite>
  <testsuite name="listing_oncl01" timestamp="2026-03-03T14:49:06Z" hostname="ca0c3c686667" tests="1" skipped="0" failures="0" errors="0" time="0.206">
    <testcase time="0.206" classname="listing_oncl01" name="ONCL01_listing_is_produced_correctly"/>
  </testsuite>
  <testsuite name="listing_pkcl01" timestamp="2026-03-03T14:49:06Z" hostname="ca0c3c686667" tests="2" skipped="0" failures="0" errors="0" time="0.496">
    <testcase time="0.172000000000001" classname="listing_pkcl01" name="PKCL01_listing_is_produced_correctly"/>
    <testcase time="0.324000000000002" classname="listing_pkcl01" name="PKCL01_listing_key_columns_values_are_repeated_when_entries_span_multiple_pages"/>
  </testsuite>
  <testsuite name="listing_pkcl02" timestamp="2026-03-03T14:49:06Z" hostname="ca0c3c686667" tests="1" skipped="0" failures="0" errors="0" time="0.198">
    <testcase time="0.198" classname="listing_pkcl02" name="PKCL02_listing_is_produced_correctly"/>
  </testsuite>
  <testsuite name="listing_pkpl01" timestamp="2026-03-03T14:49:07Z" hostname="ca0c3c686667" tests="1" skipped="0" failures="0" errors="0" time="0.202">
    <testcase time="0.201999999999998" classname="listing_pkpl01" name="PKPL01_listing_is_produced_correctly"/>
  </testsuite>
  <testsuite name="listing_pkpl02" timestamp="2026-03-03T14:49:07Z" hostname="ca0c3c686667" tests="1" skipped="0" failures="0" errors="0" time="0.122">
    <testcase time="0.122" classname="listing_pkpl02" name="PKPL02_listing_is_produced_correctly"/>
  </testsuite>
  <testsuite name="listing_pkpl04" timestamp="2026-03-03T14:49:07Z" hostname="ca0c3c686667" tests="1" skipped="0" failures="0" errors="0" time="0.195">
    <testcase time="0.195" classname="listing_pkpl04" name="PKPL04_listing_is_produced_correctly"/>
  </testsuite>
  <testsuite name="listing_vsl01" timestamp="2026-03-03T14:49:07Z" hostname="ca0c3c686667" tests="1" skipped="0" failures="0" errors="0" time="0.416">
    <testcase time="0.416" classname="listing_vsl01" name="VSL01_listing_is_produced_correctly"/>
  </testsuite>
  <testsuite name="lsfae01" timestamp="2026-03-03T14:49:08Z" hostname="ca0c3c686667" tests="1" skipped="0" failures="0" errors="0" time="1.243">
    <testcase time="1.243" classname="lsfae01" name="lsfae01"/>
  </testsuite>
  <testsuite name="lsfae02" timestamp="2026-03-03T14:49:09Z" hostname="ca0c3c686667" tests="1" skipped="0" failures="0" errors="0" time="1.108">
    <testcase time="1.108" classname="lsfae02" name="lsfae02"/>
  </testsuite>
  <testsuite name="lsfae03" timestamp="2026-03-03T14:49:10Z" hostname="ca0c3c686667" tests="1" skipped="0" failures="0" errors="0" time="0.726">
    <testcase time="0.725999999999999" classname="lsfae03" name="lsfae03"/>
  </testsuite>
  <testsuite name="lsfae04" timestamp="2026-03-03T14:49:11Z" hostname="ca0c3c686667" tests="1" skipped="0" failures="0" errors="0" time="0.279">
    <testcase time="0.279" classname="lsfae04" name="lsfae04"/>
  </testsuite>
  <testsuite name="lsfae05" timestamp="2026-03-03T14:49:11Z" hostname="ca0c3c686667" tests="1" skipped="0" failures="0" errors="0" time="1.414">
    <testcase time="1.414" classname="lsfae05" name="lsfae05"/>
  </testsuite>
  <testsuite name="lsfae06a" timestamp="2026-03-03T14:49:12Z" hostname="ca0c3c686667" tests="1" skipped="0" failures="0" errors="0" time="0.992">
    <testcase time="0.992000000000001" classname="lsfae06a" name="lsfae06a"/>
  </testsuite>
  <testsuite name="lsfae06b" timestamp="2026-03-03T14:49:13Z" hostname="ca0c3c686667" tests="1" skipped="0" failures="0" errors="0" time="0.954">
    <testcase time="0.954000000000001" classname="lsfae06b" name="lsfae06b"/>
  </testsuite>
  <testsuite name="lsfdth01" timestamp="2026-03-03T14:49:14Z" hostname="ca0c3c686667" tests="1" skipped="0" failures="0" errors="0" time="0.281">
    <testcase time="0.280999999999999" classname="lsfdth01" name="lsfdth01"/>
  </testsuite>
  <testsuite name="lsfecg01" timestamp="2026-03-03T14:49:15Z" hostname="ca0c3c686667" tests="1" skipped="0" failures="0" errors="0" time="1.106">
    <testcase time="1.106" classname="lsfecg01" name="lsfecg01"/>
  </testsuite>
  <testsuite name="lsfecg02part1" timestamp="2026-03-03T14:49:16Z" hostname="ca0c3c686667" tests="1" skipped="0" failures="0" errors="0" time="22.45">
    <testcase time="22.45" classname="lsfecg02part1" name="lsfecg02part1of3"/>
  </testsuite>
  <testsuite name="lsfecg02part2" timestamp="2026-03-03T14:49:38Z" hostname="ca0c3c686667" tests="1" skipped="0" failures="0" errors="0" time="22.778">
    <testcase time="22.778" classname="lsfecg02part2" name="lsfecg02part2of3"/>
  </testsuite>
  <testsuite name="lsfecg02part3" timestamp="2026-03-03T14:50:01Z" hostname="ca0c3c686667" tests="1" skipped="0" failures="0" errors="0" time="22.278">
    <testcase time="22.278" classname="lsfecg02part3" name="lsfecg02part3of3"/>
  </testsuite>
  <testsuite name="lsflab01" timestamp="2026-03-03T14:50:23Z" hostname="ca0c3c686667" tests="1" skipped="0" failures="0" errors="0" time="1.07">
    <testcase time="1.07000000000001" classname="lsflab01" name="lsflab01"/>
  </testsuite>
  <testsuite name="lsfvit01" timestamp="2026-03-03T14:50:24Z" hostname="ca0c3c686667" tests="1" skipped="0" failures="0" errors="0" time="2.334">
    <testcase time="2.334" classname="lsfvit01" name="lsfvit01"/>
  </testsuite>
  <testsuite name="lsfvit02" timestamp="2026-03-03T14:50:27Z" hostname="ca0c3c686667" tests="1" skipped="0" failures="0" errors="0" time="403.062">
    <testcase time="403.062" classname="lsfvit02" name="lsfvit02"/>
  </testsuite>
  <testsuite name="lsicm01" timestamp="2026-03-03T14:57:10Z" hostname="ca0c3c686667" tests="1" skipped="0" failures="0" errors="0" time="1.106">
    <testcase time="1.10599999999999" classname="lsicm01" name="lsicm01"/>
  </testsuite>
  <testsuite name="lsidem01" timestamp="2026-03-03T14:57:11Z" hostname="ca0c3c686667" tests="1" skipped="0" failures="0" errors="0" time="0.892">
    <testcase time="0.891999999999996" classname="lsidem01" name="lsidem01"/>
  </testsuite>
  <testsuite name="lsidem02" timestamp="2026-03-03T14:57:12Z" hostname="ca0c3c686667" tests="1" skipped="0" failures="0" errors="0" time="0.787">
    <testcase time="0.786999999999978" classname="lsidem02" name="lsidem02"/>
  </testsuite>
  <testsuite name="lsids01" timestamp="2026-03-03T14:57:12Z" hostname="ca0c3c686667" tests="1" skipped="0" failures="0" errors="0" time="0.773">
    <testcase time="0.773000000000025" classname="lsids01" name="lsids01"/>
  </testsuite>
  <testsuite name="lsids02" timestamp="2026-03-03T14:57:13Z" hostname="ca0c3c686667" tests="1" skipped="0" failures="0" errors="0" time="0.855">
    <testcase time="0.854999999999961" classname="lsids02" name="lsids02"/>
  </testsuite>
  <testsuite name="lsids03" timestamp="2026-03-03T14:57:14Z" hostname="ca0c3c686667" tests="1" skipped="0" failures="0" errors="0" time="0.866">
    <testcase time="0.866000000000042" classname="lsids03" name="lsids03"/>
  </testsuite>
  <testsuite name="lsids04" timestamp="2026-03-03T14:57:15Z" hostname="ca0c3c686667" tests="1" skipped="0" failures="0" errors="0" time="0.182">
    <testcase time="0.18199999999996" classname="lsids04" name="lsids04"/>
  </testsuite>
  <testsuite name="lsids05" timestamp="2026-03-03T14:57:15Z" hostname="ca0c3c686667" tests="1" skipped="0" failures="0" errors="0" time="0.14">
    <testcase time="0.140000000000043" classname="lsids05" name="lsids05"/>
  </testsuite>
  <testsuite name="lsiex01" timestamp="2026-03-03T14:57:15Z" hostname="ca0c3c686667" tests="1" skipped="0" failures="0" errors="0" time="0.958">
    <testcase time="0.95799999999997" classname="lsiex01" name="lsiex01"/>
  </testsuite>
  <testsuite name="lsiex02" timestamp="2026-03-03T14:57:16Z" hostname="ca0c3c686667" tests="1" skipped="0" failures="0" errors="0" time="0.606">
    <testcase time="0.605999999999995" classname="lsiex02" name="lsiex02"/>
  </testsuite>
  <testsuite name="lsiex03" timestamp="2026-03-03T14:57:17Z" hostname="ca0c3c686667" tests="1" skipped="0" failures="0" errors="0" time="1.428">
    <testcase time="1.428" classname="lsiex03" name="lsiex03"/>
  </testsuite>
  <testsuite name="lsimh01" timestamp="2026-03-03T14:57:18Z" hostname="ca0c3c686667" tests="1" skipped="0" failures="0" errors="0" time="0.851">
    <testcase time="0.850999999999999" classname="lsimh01" name="lsimh01"/>
  </testsuite>
  <testsuite name="pagination_listing" timestamp="2026-03-03T14:57:19Z" hostname="ca0c3c686667" tests="13" skipped="0" failures="0" errors="0" time="3.603">
    <testcase time="0.0320000000000391" classname="pagination_listing" name="Direct_pagination_works_fine"/>
    <testcase time="0.613999999999976" classname="pagination_listing" name="Direct_pagination_works_fine"/>
    <testcase time="0.00499999999999545" classname="pagination_listing" name="Direct_pagination_works_fine"/>
    <testcase time="0.529999999999973" classname="pagination_listing" name="Direct_pagination_works_fine"/>
    <testcase time="0.907000000000039" classname="pagination_listing" name="Direct_pagination_works_fine"/>
    <testcase time="0.740000000000009" classname="pagination_listing" name="pagination_counts_the_right_number_of_lines_when_wrapping_on_keycols_is_present"/>
    <testcase time="0.00599999999997181" classname="pagination_listing" name="pagination_counts_the_right_number_of_lines_when_wrapping_on_keycols_is_present"/>
    <testcase time="0.00599999999997181" classname="pagination_listing" name="pagination_counts_the_right_number_of_lines_when_wrapping_on_keycols_is_present"/>
    <testcase time="0.0040000000000191" classname="pagination_listing" name="pagination_counts_the_right_number_of_lines_when_wrapping_on_keycols_is_present"/>
    <testcase time="0.745000000000005" classname="pagination_listing" name="pagination_counts_the_right_number_of_lines_when_wrapping_on_keycols_is_present"/>
    <testcase time="0.00599999999997181" classname="pagination_listing" name="pagination_counts_the_right_number_of_lines_when_wrapping_on_keycols_is_present"/>
    <testcase time="0.0040000000000191" classname="pagination_listing" name="pagination_counts_the_right_number_of_lines_when_wrapping_on_keycols_is_present"/>
    <testcase time="0.0040000000000191" classname="pagination_listing" name="pagination_counts_the_right_number_of_lines_when_wrapping_on_keycols_is_present"/>
  </testsuite>
  <testsuite name="pagination_table" timestamp="2026-03-03T14:57:24Z" hostname="ca0c3c686667" tests="30" skipped="0" failures="0" errors="0" time="13.622">
    <testcase time="1.70299999999997" classname="pagination_table" name="Direct_pagination_with_standard_values"/>
    <testcase time="0.00499999999999545" classname="pagination_table" name="Direct_pagination_with_standard_values"/>
    <testcase time="0.00300000000004275" classname="pagination_table" name="Direct_pagination_with_standard_values"/>
    <testcase time="1.20899999999995" classname="pagination_table" name="Pagination_with_specific_column_widths_and_minimum_lines_per_page"/>
    <testcase time="0.0040000000000191" classname="pagination_table" name="Pagination_with_specific_column_widths_and_minimum_lines_per_page"/>
    <testcase time="0.100999999999999" classname="pagination_table" name="Pagination_with_specific_column_widths_and_minimum_lines_per_page"/>
    <testcase time="0.951000000000022" classname="pagination_table" name="Pagination_works_also_if_table_is_decorated"/>
    <testcase time="0.513000000000034" classname="pagination_table" name="Pagination_works_also_if_table_is_decorated"/>
    <testcase time="0.800999999999931" classname="pagination_table" name="Pagination_works_also_if_table_is_decorated"/>
    <testcase time="0.629000000000019" classname="pagination_table" name="Pagination_works_also_if_table_is_decorated"/>
    <testcase time="1.35500000000002" classname="pagination_table" name="Pagination_works_also_if_table_is_decorated"/>
    <testcase time="0.313999999999965" classname="pagination_table" name="Pagination_works_also_if_table_is_decorated"/>
    <testcase time="0.00300000000004275" classname="pagination_table" name="Pagination_works_also_if_table_is_decorated"/>
    <testcase time="0.00900000000001455" classname="pagination_table" name="Pagination_works_also_if_table_is_decorated"/>
    <testcase time="0.115000000000009" classname="pagination_table" name="Pagination_works_also_if_table_is_decorated"/>
    <testcase time="0.0860000000000127" classname="pagination_table" name="Pagination_works_also_if_table_is_decorated"/>
    <testcase time="0.67999999999995" classname="pagination_table" name="Pagination_works_for_page_types"/>
    <testcase time="0.0600000000000591" classname="pagination_table" name="Pagination_works_for_page_types"/>
    <testcase time="0.678999999999974" classname="pagination_table" name="Pagination_works_for_page_types"/>
    <testcase time="0.0589999999999691" classname="pagination_table" name="Pagination_works_for_page_types"/>
    <testcase time="0.650999999999954" classname="pagination_table" name="Pagination_works_for_page_types"/>
    <testcase time="0.371000000000095" classname="pagination_table" name="Pagination_works_for_page_types"/>
    <testcase time="0.680999999999926" classname="pagination_table" name="Pagination_works_for_page_width_and_height"/>
    <testcase time="0.102000000000089" classname="pagination_table" name="Pagination_works_for_page_width_and_height"/>
    <testcase time="0.759999999999991" classname="pagination_table" name="Pagination_works_for_page_types"/>
    <testcase time="0.150999999999954" classname="pagination_table" name="Pagination_works_for_page_types"/>
    <testcase time="0.889999999999986" classname="pagination_table" name="AET04_variant_2_page_by_pagination_tests"/>
    <testcase time="0.615999999999985" classname="pagination_table" name="AET04_variant_2_page_by_pagination_tests"/>
    <testcase time="0.00200000000006639" classname="pagination_table" name="AET04_variant_2_page_by_pagination_tests"/>
    <testcase time="0.118999999999915" classname="pagination_table" name="AET04_variant_2_page_by_pagination_tests"/>
  </testsuite>
  <testsuite name="table_adat03" timestamp="2026-03-03T14:57:36Z" hostname="ca0c3c686667" tests="2" skipped="0" failures="0" errors="0" time="0.596">
    <testcase time="0.460000000000036" classname="table_adat03" name="ADAT03_is_produced_correctly"/>
    <testcase time="0.135999999999967" classname="table_adat03" name="ADAT03_is_produced_correctly"/>
  </testsuite>
  <testsuite name="table_aet01" timestamp="2026-03-03T14:57:37Z" hostname="ca0c3c686667" tests="8" skipped="0" failures="0" errors="0" time="1.862">
    <testcase time="0.414000000000101" classname="table_aet01" name="Safety_Summary_Variant_1_works_as_expected"/>
    <testcase time="0.101999999999975" classname="table_aet01" name="Safety_Summary_Variant_1_works_as_expected"/>
    <testcase time="0.365000000000009" classname="table_aet01" name="Safety_Summary_Variant_2_with_Medical_Concepts_Section_works_as_expected"/>
    <testcase time="0.0929999999999609" classname="table_aet01" name="Safety_Summary_Variant_2_with_Medical_Concepts_Section_works_as_expected"/>
    <testcase time="0.297000000000025" classname="table_aet01" name="Safety_Summary_Variant_3_with_Modified_Rows_works_as_expected"/>
    <testcase time="0.0720000000000027" classname="table_aet01" name="Safety_Summary_Variant_3_with_Modified_Rows_works_as_expected"/>
    <testcase time="0.418999999999983" classname="table_aet01" name="Safety_Summary_Variant_4_with_Rows_Counting_Events_and_Additional_Sections_works_as_expected"/>
    <testcase time="0.100000000000023" classname="table_aet01" name="Safety_Summary_Variant_4_with_Rows_Counting_Events_and_Additional_Sections_works_as_expected"/>
  </testsuite>
  <testsuite name="table_aet01_aesi" timestamp="2026-03-03T14:57:39Z" hostname="ca0c3c686667" tests="8" skipped="0" failures="0" errors="0" time="2.96">
    <testcase time="0.314999999999941" classname="table_aet01_aesi" name="AET01_AESI_Variant_1_works_as_expected"/>
    <testcase time="0.0910000000000082" classname="table_aet01_aesi" name="AET01_AESI_Variant_1_works_as_expected"/>
    <testcase time="0.524000000000001" classname="table_aet01_aesi" name="AET01_AESI_Variant_2_works_as_expected"/>
    <testcase time="0.120000000000005" classname="table_aet01_aesi" name="AET01_AESI_Variant_2_works_as_expected"/>
    <testcase time="0.967999999999961" classname="table_aet01_aesi" name="AET01_AESI_Variant_3_works_as_expected"/>
    <testcase time="0.176000000000045" classname="table_aet01_aesi" name="AET01_AESI_Variant_3_works_as_expected"/>
    <testcase time="0.585000000000036" classname="table_aet01_aesi" name="AET01_AESI_Variant_4_works_as_expected"/>
    <testcase time="0.180999999999926" classname="table_aet01_aesi" name="AET01_AESI_Variant_4_works_as_expected"/>
  </testsuite>
  <testsuite name="table_aet02" timestamp="2026-03-03T14:57:42Z" hostname="ca0c3c686667" tests="26" skipped="0" failures="0" errors="0" time="7.949">
    <testcase time="0.565000000000055" classname="table_aet02" name="AET02_variant_1_is_produced_correctly"/>
    <testcase time="0.152000000000044" classname="table_aet02" name="AET02_variant_1_is_produced_correctly"/>
    <testcase time="0.389999999999986" classname="table_aet02" name="AET02_variant_1_is_produced_correctly"/>
    <testcase time="0.0860000000000127" classname="table_aet02" name="AET02_variant_1_is_produced_correctly"/>
    <testcase time="0.619999999999891" classname="table_aet02" name="AET02_variant_2_is_produced_correctly"/>
    <testcase time="0.15300000000002" classname="table_aet02" name="AET02_variant_2_is_produced_correctly"/>
    <testcase time="0.946000000000026" classname="table_aet02" name="AET02_variant_3_is_produced_correctly"/>
    <testcase time="0.291000000000054" classname="table_aet02" name="AET02_variant_3_is_produced_correctly"/>
    <testcase time="0.125" classname="table_aet02" name="AET02_variant_4_is_produced_correctly"/>
    <testcase time="0.0879999999999654" classname="table_aet02" name="AET02_variant_4_is_produced_correctly"/>
    <testcase time="0.410999999999945" classname="table_aet02" name="AET02_variant_5_is_produced_correctly"/>
    <testcase time="0.141000000000076" classname="table_aet02" name="AET02_variant_5_is_produced_correctly"/>
    <testcase time="0.404999999999973" classname="table_aet02" name="AET02_variant_6_is_produced_correctly"/>
    <testcase time="0.0929999999999609" classname="table_aet02" name="AET02_variant_6_is_produced_correctly"/>
    <testcase time="0.930000000000064" classname="table_aet02" name="AET02_variant_7_is_produced_correctly"/>
    <testcase time="0.135999999999967" classname="table_aet02" name="AET02_variant_7_is_produced_correctly"/>
    <testcase time="0.40300000000002" classname="table_aet02" name="AET02_variant_8_is_produced_correctly"/>
    <testcase time="0.0879999999999654" classname="table_aet02" name="AET02_variant_8_is_produced_correctly"/>
    <testcase time="0.408999999999992" classname="table_aet02" name="AET02_variant_9_is_produced_correctly"/>
    <testcase time="0.0790000000000646" classname="table_aet02" name="AET02_variant_9_is_produced_correctly"/>
    <testcase time="0.423000000000002" classname="table_aet02" name="AET02_variant_10_is_produced_correctly"/>
    <testcase time="0.0670000000000073" classname="table_aet02" name="AET02_variant_10_is_produced_correctly"/>
    <testcase time="0.407999999999902" classname="table_aet02" name="AET02_variant_11_is_produced_correctly"/>
    <testcase time="0.0710000000000264" classname="table_aet02" name="AET02_variant_11_is_produced_correctly"/>
    <testcase time="0.407000000000039" classname="table_aet02" name="AET02_variant_12_is_produced_correctly"/>
    <testcase time="0.0620000000000118" classname="table_aet02" name="AET02_variant_12_is_produced_correctly"/>
  </testsuite>
  <testsuite name="table_aet02_smq" timestamp="2026-03-03T14:57:50Z" hostname="ca0c3c686667" tests="4" skipped="0" failures="0" errors="0" time="0.408">
    <testcase time="0.130999999999972" classname="table_aet02_smq" name="AET02SMQ_variant_1_is_produced_correctly"/>
    <testcase time="0.0510000000000446" classname="table_aet02_smq" name="AET02SMQ_variant_1_is_produced_correctly"/>
    <testcase time="0.161999999999921" classname="table_aet02_smq" name="AET02SMQ_variant_2_is_produced_correctly"/>
    <testcase time="0.0640000000000782" classname="table_aet02_smq" name="AET02SMQ_variant_2_is_produced_correctly"/>
  </testsuite>
  <testsuite name="table_aet03" timestamp="2026-03-03T14:57:50Z" hostname="ca0c3c686667" tests="6" skipped="0" failures="0" errors="0" time="4.949">
    <testcase time="1.20799999999997" classname="table_aet03" name="AET03_variant_1_is_produced_correctly"/>
    <testcase time="0.407000000000039" classname="table_aet03" name="AET03_variant_1_is_produced_correctly"/>
    <testcase time="1.37199999999996" classname="table_aet03" name="AET03_variant_1_is_produced_correctly"/>
    <testcase time="0.68100000000004" classname="table_aet03" name="AET03_variant_1_is_produced_correctly"/>
    <testcase time="1.072" classname="table_aet03" name="AET03_variant_1_is_produced_correctly"/>
    <testcase time="0.208999999999946" classname="table_aet03" name="AET03_variant_1_is_produced_correctly"/>
  </testsuite>
  <testsuite name="table_aet04" timestamp="2026-03-03T14:57:56Z" hostname="ca0c3c686667" tests="30" skipped="0" failures="0" errors="0" time="12.8">
    <testcase time="0.816000000000031" classname="table_aet04" name="AET04_variant_1_is_produced_correctly"/>
    <testcase time="0.313999999999965" classname="table_aet04" name="AET04_variant_1_is_produced_correctly"/>
    <testcase time="0.767000000000053" classname="table_aet04" name="AET04_variant_1_is_produced_correctly"/>
    <testcase time="0.05499999999995" classname="table_aet04" name="AET04_variant_1_is_produced_correctly"/>
    <testcase time="0.0449999999999591" classname="table_aet04" name="AET04_variant_1_is_produced_correctly"/>
    <testcase time="0.720000000000027" classname="table_aet04" name="AET04_variant_2_is_produced_correctly_Fill_in_of_Treatment_Groups_"/>
    <testcase time="0.259999999999991" classname="table_aet04" name="AET04_variant_2_is_produced_correctly_Fill_in_of_Treatment_Groups_"/>
    <testcase time="0.716999999999985" classname="table_aet04" name="AET04_variant_2_is_produced_correctly_Fill_in_of_Treatment_Groups_"/>
    <testcase time="0.0470000000000255" classname="table_aet04" name="AET04_variant_2_is_produced_correctly_Fill_in_of_Treatment_Groups_"/>
    <testcase time="0.0360000000000582" classname="table_aet04" name="AET04_variant_2_is_produced_correctly_Fill_in_of_Treatment_Groups_"/>
    <testcase time="0.760999999999967" classname="table_aet04" name="AET04_variant_3_is_produced_correctly_Fill_in_of_Grades_"/>
    <testcase time="0.341000000000008" classname="table_aet04" name="AET04_variant_3_is_produced_correctly_Fill_in_of_Grades_"/>
    <testcase time="0.821000000000026" classname="table_aet04" name="AET04_variant_3_is_produced_correctly_Fill_in_of_Grades_"/>
    <testcase time="0.0539999999999736" classname="table_aet04" name="AET04_variant_3_is_produced_correctly_Fill_in_of_Grades_"/>
    <testcase time="0.0389999999999873" classname="table_aet04" name="AET04_variant_3_is_produced_correctly_Fill_in_of_Grades_"/>
    <testcase time="0.768000000000029" classname="table_aet04" name="AET04_variant_4_is_produced_correctly_Collapsing_of_Grades_grades_1_2_grades_3_4_5_"/>
    <testcase time="0.320999999999913" classname="table_aet04" name="AET04_variant_4_is_produced_correctly_Collapsing_of_Grades_grades_1_2_grades_3_4_5_"/>
    <testcase time="0.804000000000087" classname="table_aet04" name="AET04_variant_4_is_produced_correctly_Collapsing_of_Grades_grades_1_2_grades_3_4_5_"/>
    <testcase time="0.98599999999999" classname="table_aet04" name="AET04_variant_6_is_produced_correctly_with_an_Incidence_Rate_of_at_Least_5_totals_restricted_"/>
    <testcase time="0.278999999999996" classname="table_aet04" name="AET04_variant_6_is_produced_correctly_with_an_Incidence_Rate_of_at_Least_5_totals_restricted_"/>
    <testcase time="0.754999999999995" classname="table_aet04" name="AET04_variant_6_is_produced_correctly_with_an_Incidence_Rate_of_at_Least_5_totals_restricted_"/>
    <testcase time="0.00999999999999091" classname="table_aet04" name="AET04_variant_8_is_produced_correctly_with_an_Incidence_Rate_of_at_Least_X_Patients_"/>
    <testcase time="0.279999999999973" classname="table_aet04" name="AET04_variant_8_is_produced_correctly_with_an_Incidence_Rate_of_at_Least_X_Patients_"/>
    <testcase time="0.754999999999995" classname="table_aet04" name="AET04_variant_8_is_produced_correctly_with_an_Incidence_Rate_of_at_Least_X_Patients_"/>
    <testcase time="0.00999999999999091" classname="table_aet04" name="AET04_variant_9_is_produced_correctly_with_a_Difference_in_Incidence_Rate_of_at_Least_X_"/>
    <testcase time="0.280000000000086" classname="table_aet04" name="AET04_variant_9_is_produced_correctly_with_a_Difference_in_Incidence_Rate_of_at_Least_X_"/>
    <testcase time="0.737999999999943" classname="table_aet04" name="AET04_variant_9_is_produced_correctly_with_a_Difference_in_Incidence_Rate_of_at_Least_X_"/>
    <testcase time="0.00999999999999091" classname="table_aet04" name="AET04_variant_11_is_produced_correctly_with_Incidence_Rate_of_at_Least_X_all_SOCs_w_o_preferred_terms_removed_"/>
    <testcase time="0.282000000000039" classname="table_aet04" name="AET04_variant_11_is_produced_correctly_with_Incidence_Rate_of_at_Least_X_all_SOCs_w_o_preferred_terms_removed_"/>
    <testcase time="0.728999999999928" classname="table_aet04" name="AET04_variant_11_is_produced_correctly_with_Incidence_Rate_of_at_Least_X_all_SOCs_w_o_preferred_terms_removed_"/>
  </testsuite>
  <testsuite name="table_aet04_pi" timestamp="2026-03-03T14:58:08Z" hostname="ca0c3c686667" tests="18" skipped="0" failures="0" errors="0" time="6.558">
    <testcase time="0.616000000000099" classname="table_aet04_pi" name="AET04_PI_full_table_is_produced_correctly"/>
    <testcase time="0.191999999999894" classname="table_aet04_pi" name="AET04_PI_full_table_is_produced_correctly"/>
    <testcase time="0.607000000000085" classname="table_aet04_pi" name="AET04_PI_variant_1_is_produced_correctly"/>
    <testcase time="0.149999999999977" classname="table_aet04_pi" name="AET04_PI_variant_1_is_produced_correctly"/>
    <testcase time="0.600999999999999" classname="table_aet04_pi" name="AET04_PI_variant_2_is_produced_correctly"/>
    <testcase time="0.105999999999995" classname="table_aet04_pi" name="AET04_PI_variant_2_is_produced_correctly"/>
    <testcase time="0.616999999999962" classname="table_aet04_pi" name="AET04_PI_variant_3_is_produced_correctly"/>
    <testcase time="0.122000000000071" classname="table_aet04_pi" name="AET04_PI_variant_3_is_produced_correctly"/>
    <testcase time="0.607999999999947" classname="table_aet04_pi" name="AET04_PI_variant_4_is_produced_correctly"/>
    <testcase time="0.0779999999999745" classname="table_aet04_pi" name="AET04_PI_variant_4_is_produced_correctly"/>
    <testcase time="0.631000000000085" classname="table_aet04_pi" name="AET04_PI_variant_5_is_produced_correctly"/>
    <testcase time="0.125999999999976" classname="table_aet04_pi" name="AET04_PI_variant_5_is_produced_correctly"/>
    <testcase time="0.758000000000038" classname="table_aet04_pi" name="AET04_PI_variant_6_is_produced_correctly"/>
    <testcase time="0.138999999999896" classname="table_aet04_pi" name="AET04_PI_variant_6_is_produced_correctly"/>
    <testcase time="0.759000000000015" classname="table_aet04_pi" name="AET04_PI_variant_7_is_produced_correctly"/>
    <testcase time="0.13900000000001" classname="table_aet04_pi" name="AET04_PI_variant_7_is_produced_correctly"/>
    <testcase time="0.192000000000007" classname="table_aet04_pi" name="AET04_PI_variant_8_is_produced_correctly"/>
    <testcase time="0.116999999999962" classname="table_aet04_pi" name="AET04_PI_variant_8_is_produced_correctly"/>
  </testsuite>
  <testsuite name="table_aet05" timestamp="2026-03-03T14:58:14Z" hostname="ca0c3c686667" tests="4" skipped="0" failures="0" errors="0" time="0.275">
    <testcase time="0.100999999999999" classname="table_aet05" name="AET05_variant_1_is_produced_correctly"/>
    <testcase time="0.0650000000000546" classname="table_aet05" name="AET05_variant_1_is_produced_correctly"/>
    <testcase time="0.0650000000000546" classname="table_aet05" name="AET05_variant_2_is_produced_correctly"/>
    <testcase time="0.0439999999999827" classname="table_aet05" name="AET05_variant_2_is_produced_correctly"/>
  </testsuite>
  <testsuite name="table_aet05_all" timestamp="2026-03-03T14:58:15Z" hostname="ca0c3c686667" tests="4" skipped="0" failures="0" errors="0" time="0.283">
    <testcase time="0.134000000000015" classname="table_aet05_all" name="AET05_ALL_variant_1_is_produced_correctly"/>
    <testcase time="0.0449999999999591" classname="table_aet05_all" name="AET05_ALL_variant_1_is_produced_correctly"/>
    <testcase time="0.0589999999999691" classname="table_aet05_all" name="AET05_ALL_variant_2_is_produced_correctly"/>
    <testcase time="0.0450000000000728" classname="table_aet05_all" name="AET05_ALL_variant_2_is_produced_correctly"/>
  </testsuite>
  <testsuite name="table_aet06" timestamp="2026-03-03T14:58:15Z" hostname="ca0c3c686667" tests="6" skipped="0" failures="0" errors="0" time="3.808">
    <testcase time="0.625" classname="table_aet06" name="AET06_variant_1_is_produced_correctly"/>
    <testcase time="0.197999999999979" classname="table_aet06" name="AET06_variant_1_is_produced_correctly"/>
    <testcase time="1.00400000000002" classname="table_aet06" name="AET06_variant_3_is_produced_correctly"/>
    <testcase time="0.291999999999916" classname="table_aet06" name="AET06_variant_3_is_produced_correctly"/>
    <testcase time="1.32800000000009" classname="table_aet06" name="AET06_variant_5_is_produced_correctly"/>
    <testcase time="0.36099999999999" classname="table_aet06" name="AET06_variant_5_is_produced_correctly"/>
  </testsuite>
  <testsuite name="table_aet06_smq" timestamp="2026-03-03T14:58:19Z" hostname="ca0c3c686667" tests="4" skipped="0" failures="0" errors="0" time="1.013">
    <testcase time="0.385999999999967" classname="table_aet06_smq" name="AET06_SMQ_variant_1_is_produced_correctly"/>
    <testcase time="0.131999999999948" classname="table_aet06_smq" name="AET06_SMQ_variant_1_is_produced_correctly"/>
    <testcase time="0.384000000000015" classname="table_aet06_smq" name="AET06_SMQ_variant_2_is_produced_correctly"/>
    <testcase time="0.11099999999999" classname="table_aet06_smq" name="AET06_SMQ_variant_2_is_produced_correctly"/>
  </testsuite>
  <testsuite name="table_aet07" timestamp="2026-03-03T14:58:20Z" hostname="ca0c3c686667" tests="4" skipped="0" failures="0" errors="0" time="0.188">
    <testcase time="0.0790000000000646" classname="table_aet07" name="AET07_variant_1_is_produced_correctly"/>
    <testcase time="0.0289999999999964" classname="table_aet07" name="AET07_variant_1_is_produced_correctly"/>
    <testcase time="0.0520000000000209" classname="table_aet07" name="AET07_variant_2_is_produced_correctly"/>
    <testcase time="0.0279999999999063" classname="table_aet07" name="AET07_variant_2_is_produced_correctly"/>
  </testsuite>
  <testsuite name="table_aet09" timestamp="2026-03-03T14:58:20Z" hostname="ca0c3c686667" tests="4" skipped="0" failures="0" errors="0" time="2.032">
    <testcase time="0.580000000000041" classname="table_aet09" name="AET09_variant_1_is_produced_correctly_AE_related_to_study_drug"/>
    <testcase time="0.164999999999964" classname="table_aet09" name="AET09_variant_1_is_produced_correctly_AE_related_to_study_drug"/>
    <testcase time="1.02700000000004" classname="table_aet09" name="AET09_variant_2_is_produced_correctly_AE_related_to_study_drug_including_high_level_terms_"/>
    <testcase time="0.259999999999991" classname="table_aet09" name="AET09_variant_2_is_produced_correctly_AE_related_to_study_drug_including_high_level_terms_"/>
  </testsuite>
  <testsuite name="table_aet09_smq" timestamp="2026-03-03T14:58:22Z" hostname="ca0c3c686667" tests="4" skipped="0" failures="0" errors="0" time="0.52">
    <testcase time="0.147000000000048" classname="table_aet09_smq" name="AET09_variant_1_AEs_related_to_study_drug_by_SMQ_is_produced_correctly"/>
    <testcase time="0.0539999999999736" classname="table_aet09_smq" name="AET09_variant_1_AEs_related_to_study_drug_by_SMQ_is_produced_correctly"/>
    <testcase time="0.221000000000004" classname="table_aet09_smq" name="AET09_variant_2_AEs_related_to_study_drug_by_SMQ_with_customized_queries_is_produced_correctly"/>
    <testcase time="0.0979999999999563" classname="table_aet09_smq" name="AET09_variant_2_AEs_related_to_study_drug_by_SMQ_with_customized_queries_is_produced_correctly"/>
  </testsuite>
  <testsuite name="table_aet10" timestamp="2026-03-03T14:58:23Z" hostname="ca0c3c686667" tests="2" skipped="0" failures="0" errors="0" time="0.189">
    <testcase time="0.136000000000081" classname="table_aet10" name="AET10_default_variant_is_produced_correctly"/>
    <testcase time="0.0529999999999973" classname="table_aet10" name="AET10_default_variant_is_produced_correctly"/>
  </testsuite>
  <testsuite name="table_aovt01" timestamp="2026-03-03T14:58:23Z" hostname="ca0c3c686667" tests="6" skipped="0" failures="0" errors="0" time="1.682">
    <testcase time="0.305999999999926" classname="table_aovt01" name="AOVT01_variant_with_single_endpoint_is_produced_correctly"/>
    <testcase time="0.0690000000000737" classname="table_aovt01" name="AOVT01_variant_with_single_endpoint_is_produced_correctly"/>
    <testcase time="0.519999999999982" classname="table_aovt01" name="AOVT01_variant_with_multiple_endpoints_is_produced_correctly"/>
    <testcase time="0.154999999999973" classname="table_aovt01" name="AOVT01_variant_with_multiple_endpoints_is_produced_correctly"/>
    <testcase time="0.484000000000037" classname="table_aovt01" name="AOVT01_variant_with_proportional_weights_is_produced_correctly"/>
    <testcase time="0.147999999999911" classname="table_aovt01" name="AOVT01_variant_with_proportional_weights_is_produced_correctly"/>
  </testsuite>
  <testsuite name="table_aovt02" timestamp="2026-03-03T14:58:25Z" hostname="ca0c3c686667" tests="2" skipped="0" failures="0" errors="0" time="0.36">
    <testcase time="0.275000000000091" classname="table_aovt02" name="AOVT02_is_produced_correctly"/>
    <testcase time="0.0849999999999227" classname="table_aovt02" name="AOVT02_is_produced_correctly"/>
  </testsuite>
  <testsuite name="table_aovt03" timestamp="2026-03-03T14:58:25Z" hostname="ca0c3c686667" tests="2" skipped="0" failures="0" errors="0" time="0.722">
    <testcase time="0.576999999999998" classname="table_aovt03" name="AOVT03_is_produced_correctly"/>
    <testcase time="0.144999999999982" classname="table_aovt03" name="AOVT03_is_produced_correctly"/>
  </testsuite>
  <testsuite name="table_cfbt01" timestamp="2026-03-03T14:58:26Z" hostname="ca0c3c686667" tests="2" skipped="0" failures="0" errors="0" time="0.714">
    <testcase time="0.5" classname="table_cfbt01" name="CFBT01_default_variant_is_produced_correctly"/>
    <testcase time="0.214000000000055" classname="table_cfbt01" name="CFBT01_default_variant_is_produced_correctly"/>
  </testsuite>
  <testsuite name="table_cmht01" timestamp="2026-03-03T14:58:26Z" hostname="ca0c3c686667" tests="4" skipped="0" failures="0" errors="0" time="1.944">
    <testcase time="0.408999999999992" classname="table_cmht01" name="CMHT01_variant_1_is_produced_correctly"/>
    <testcase time="0.09699999999998" classname="table_cmht01" name="CMHT01_variant_1_is_produced_correctly"/>
    <testcase time="1.20900000000006" classname="table_cmht01" name="CMHT01_variant_2_is_produced_correctly"/>
    <testcase time="0.228999999999928" classname="table_cmht01" name="CMHT01_variant_2_is_produced_correctly"/>
  </testsuite>
  <testsuite name="table_cmt01" timestamp="2026-03-03T14:58:28Z" hostname="ca0c3c686667" tests="8" skipped="0" failures="0" errors="0" time="3.604">
    <testcase time="0.653999999999996" classname="table_cmt01" name="CMT01_default_variant_Concomitant_medications_is_produced_correctly"/>
    <testcase time="0.240000000000009" classname="table_cmt01" name="CMT01_default_variant_Concomitant_medications_is_produced_correctly"/>
    <testcase time="0.745999999999981" classname="table_cmt01" name="CMT01_variant_1_prior_medications_is_produced_correctly"/>
    <testcase time="0.269000000000005" classname="table_cmt01" name="CMT01_variant_1_prior_medications_is_produced_correctly"/>
    <testcase time="0.586000000000013" classname="table_cmt01" name="CMT01_variant_3_Concomitant_medications_is_produced_correctly"/>
    <testcase time="0.230000000000018" classname="table_cmt01" name="CMT01_variant_3_Concomitant_medications_is_produced_correctly"/>
    <testcase time="0.627000000000066" classname="table_cmt01" name="CMT01_variant_4_Concomitant_medications_is_produced_correctly"/>
    <testcase time="0.251999999999953" classname="table_cmt01" name="CMT01_variant_4_Concomitant_medications_is_produced_correctly"/>
  </testsuite>
  <testsuite name="table_cmt01a" timestamp="2026-03-03T14:58:32Z" hostname="ca0c3c686667" tests="8" skipped="0" failures="0" errors="0" time="4.585">
    <testcase time="1.029" classname="table_cmt01a" name="CMT01A_variant_1_is_produced_correctly"/>
    <testcase time="0.217999999999961" classname="table_cmt01a" name="CMT01A_variant_1_is_produced_correctly"/>
    <testcase time="0.894000000000005" classname="table_cmt01a" name="CMT01A_variant_2_is_produced_correctly"/>
    <testcase time="0.233000000000061" classname="table_cmt01a" name="CMT01A_variant_2_is_produced_correctly"/>
    <testcase time="0.899000000000001" classname="table_cmt01a" name="CMT01A_variant_3_is_produced_correctly"/>
    <testcase time="0.233999999999924" classname="table_cmt01a" name="CMT01A_variant_3_is_produced_correctly"/>
    <testcase time="0.883000000000038" classname="table_cmt01a" name="CMT01A_variant_4_is_produced_correctly"/>
    <testcase time="0.19500000000005" classname="table_cmt01a" name="CMT01A_variant_4_is_produced_correctly"/>
  </testsuite>
  <testsuite name="table_cmt01b" timestamp="2026-03-03T14:58:36Z" hostname="ca0c3c686667" tests="6" skipped="0" failures="0" errors="0" time="5.035">
    <testcase time="1.44899999999996" classname="table_cmt01b" name="CMT01B_variant_1_is_produced_correctly"/>
    <testcase time="0.373000000000047" classname="table_cmt01b" name="CMT01B_variant_1_is_produced_correctly"/>
    <testcase time="1.02599999999995" classname="table_cmt01b" name="CMT01B_variant_2_is_produced_correctly"/>
    <testcase time="0.294999999999959" classname="table_cmt01b" name="CMT01B_variant_2_is_produced_correctly"/>
    <testcase time="1.495" classname="table_cmt01b" name="CMT01B_variant_4_is_produced_correctly"/>
    <testcase time="0.397000000000048" classname="table_cmt01b" name="CMT01B_variant_4_is_produced_correctly"/>
  </testsuite>
  <testsuite name="table_cmt02_pt" timestamp="2026-03-03T14:58:42Z" hostname="ca0c3c686667" tests="2" skipped="0" failures="0" errors="0" time="0.589">
    <testcase time="0.424999999999955" classname="table_cmt02_pt" name="CMT02_PT_default_variant_is_produced_correctly"/>
    <testcase time="0.163999999999987" classname="table_cmt02_pt" name="CMT02_PT_default_variant_is_produced_correctly"/>
  </testsuite>
  <testsuite name="table_coxt01" timestamp="2026-03-03T14:58:42Z" hostname="ca0c3c686667" tests="8" skipped="0" failures="0" errors="0" time="1.86">
    <testcase time="0.291000000000054" classname="table_coxt01" name="1._Cox_Regression"/>
    <testcase time="0.0769999999999982" classname="table_coxt01" name="1._Cox_Regression"/>
    <testcase time="0.390999999999963" classname="table_coxt01" name="2._Cox_Regression_with_Interaction_Term_"/>
    <testcase time="0.0810000000000173" classname="table_coxt01" name="2._Cox_Regression_with_Interaction_Term_"/>
    <testcase time="0.412000000000035" classname="table_coxt01" name="3._Cox_Regression_specifying_covariates_"/>
    <testcase time="0.0879999999999654" classname="table_coxt01" name="3._Cox_Regression_specifying_covariates_"/>
    <testcase time="0.430000000000064" classname="table_coxt01" name="4._Cox_Regression_setting_strata_ties_and_alpha_level_"/>
    <testcase time="0.0899999999999181" classname="table_coxt01" name="4._Cox_Regression_setting_strata_ties_and_alpha_level_"/>
  </testsuite>
  <testsuite name="table_coxt02" timestamp="2026-03-03T14:58:44Z" hostname="ca0c3c686667" tests="4" skipped="0" failures="0" errors="0" time="0.719">
    <testcase time="0.316000000000031" classname="table_coxt02" name="COXT02_default_variant_1_is_produced_correctly"/>
    <testcase time="0.0589999999999691" classname="table_coxt02" name="COXT02_default_variant_1_is_produced_correctly"/>
    <testcase time="0.283000000000015" classname="table_coxt02" name="COXT02_variant_5_is_produced_correctly"/>
    <testcase time="0.0610000000000355" classname="table_coxt02" name="COXT02_variant_5_is_produced_correctly"/>
  </testsuite>
  <testsuite name="table_disclosures" timestamp="2026-03-03T14:58:45Z" hostname="ca0c3c686667" tests="12" skipped="0" failures="0" errors="0" time="2.051">
    <testcase time="0.182999999999993" classname="table_disclosures" name="Patient_Disposition_table_is_produced_correctly"/>
    <testcase time="0.0730000000000928" classname="table_disclosures" name="Patient_Disposition_table_is_produced_correctly"/>
    <testcase time="0.259999999999991" classname="table_disclosures" name="Demographic_table_is_produced_correctly"/>
    <testcase time="0.140999999999963" classname="table_disclosures" name="Demographic_table_is_produced_correctly"/>
    <testcase time="0.0950000000000273" classname="table_disclosures" name="Enrollment_by_Country_Table_is_produced_correctly"/>
    <testcase time="0.0979999999999563" classname="table_disclosures" name="Enrollment_by_Country_Table_is_produced_correctly"/>
    <testcase time="0.0759999999999081" classname="table_disclosures" name="Death_table_is_produced_correctly"/>
    <testcase time="0.0610000000000355" classname="table_disclosures" name="Death_table_is_produced_correctly"/>
    <testcase time="0.395999999999958" classname="table_disclosures" name="Table_of_Serious_Adverse_Events_is_produced_correctly_for_one_specific_treatment_arm_"/>
    <testcase time="0.0910000000000082" classname="table_disclosures" name="Table_of_Serious_Adverse_Events_is_produced_correctly_for_one_specific_treatment_arm_"/>
    <testcase time="0.447000000000003" classname="table_disclosures" name="Table_of_Non_Serious_Adverse_Events_is_produced_correctly"/>
    <testcase time="0.129999999999995" classname="table_disclosures" name="Table_of_Non_Serious_Adverse_Events_is_produced_correctly"/>
  </testsuite>
  <testsuite name="table_dmt01" timestamp="2026-03-03T14:58:48Z" hostname="ca0c3c686667" tests="10" skipped="0" failures="0" errors="0" time="3.041">
    <testcase time="1.25600000000009" classname="table_dmt01" name="DMT01_variant_1_is_produced_correctly"/>
    <testcase time="0.184999999999945" classname="table_dmt01" name="DMT01_variant_1_is_produced_correctly"/>
    <testcase time="0.270999999999958" classname="table_dmt01" name="DMT01_variant_2_is_produced_correctly"/>
    <testcase time="0.152000000000044" classname="table_dmt01" name="DMT01_variant_2_is_produced_correctly"/>
    <testcase time="0.32000000000005" classname="table_dmt01" name="DMT01_variant_3_is_produced_correctly"/>
    <testcase time="0.159999999999968" classname="table_dmt01" name="DMT01_variant_3_is_produced_correctly"/>
    <testcase time="0.232999999999947" classname="table_dmt01" name="DMT01_variant_4_is_produced_correctly"/>
    <testcase time="0.138000000000034" classname="table_dmt01" name="DMT01_variant_4_is_produced_correctly"/>
    <testcase time="0.201999999999998" classname="table_dmt01" name="DMT01_variant_5_is_produced_correctly"/>
    <testcase time="0.124000000000024" classname="table_dmt01" name="DMT01_variant_5_is_produced_correctly"/>
  </testsuite>
  <testsuite name="table_dort01" timestamp="2026-03-03T14:58:50Z" hostname="ca0c3c686667" tests="8" skipped="0" failures="0" errors="0" time="1.623">
    <testcase time="0.350999999999999" classname="table_dort01" name="DORT01_variant_1_is_produced_correctly"/>
    <testcase time="0.0799999999999272" classname="table_dort01" name="DORT01_variant_1_is_produced_correctly"/>
    <testcase time="0.323000000000093" classname="table_dort01" name="DORT01_variant_2_selecting_sectons_is_produced_correctly"/>
    <testcase time="0.102999999999952" classname="table_dort01" name="DORT01_variant_2_selecting_sectons_is_produced_correctly"/>
    <testcase time="0.27800000000002" classname="table_dort01" name="DORT01_variant_3_modifying_conftype_and_alpha_level_is_produced_correctly"/>
    <testcase time="0.105000000000018" classname="table_dort01" name="DORT01_variant_3_modifying_conftype_and_alpha_level_is_produced_correctly"/>
    <testcase time="0.299999999999955" classname="table_dort01" name="DORT01_variant_4_modifying_time_point_for_the_xx_duration_is_produced_correctly"/>
    <testcase time="0.08299999999997" classname="table_dort01" name="DORT01_variant_4_modifying_time_point_for_the_xx_duration_is_produced_correctly"/>
  </testsuite>
  <testsuite name="table_dst01" timestamp="2026-03-03T14:58:51Z" hostname="ca0c3c686667" tests="6" skipped="0" failures="0" errors="0" time="1.034">
    <testcase time="0.169000000000096" classname="table_dst01" name="DST01_default_variant_is_produced_correctly"/>
    <testcase time="0.0979999999999563" classname="table_dst01" name="DST01_default_variant_is_produced_correctly"/>
    <testcase time="0.498000000000047" classname="table_dst01" name="DST01_variants_2_and_3_are_produced_correctly"/>
    <testcase time="0.0919999999999845" classname="table_dst01" name="DST01_variants_2_and_3_are_produced_correctly"/>
    <testcase time="0.0759999999999081" classname="table_dst01" name="DST01_variants_2_and_3_are_produced_correctly"/>
    <testcase time="0.100999999999999" classname="table_dst01" name="DST01_variants_2_and_3_are_produced_correctly"/>
  </testsuite>
  <testsuite name="table_dtht01" timestamp="2026-03-03T14:58:52Z" hostname="ca0c3c686667" tests="8" skipped="0" failures="0" errors="0" time="1.147">
    <testcase time="0.156000000000063" classname="table_dtht01" name="DTHT01_variant_1_is_produced_correctly"/>
    <testcase time="0.0579999999999927" classname="table_dtht01" name="DTHT01_variant_1_is_produced_correctly"/>
    <testcase time="0.29200000000003" classname="table_dtht01" name="DTHT01_variant_2_is_produced_correctly"/>
    <testcase time="0.121999999999957" classname="table_dtht01" name="DTHT01_variant_2_is_produced_correctly"/>
    <testcase time="0.158999999999992" classname="table_dtht01" name="DTHT01_variant_3_is_produced_correctly"/>
    <testcase time="0.0769999999999982" classname="table_dtht01" name="DTHT01_variant_3_is_produced_correctly"/>
    <testcase time="0.192999999999984" classname="table_dtht01" name="DTHT01_variant_4_is_produced_correctly"/>
    <testcase time="0.0900000000000318" classname="table_dtht01" name="DTHT01_variant_4_is_produced_correctly"/>
  </testsuite>
  <testsuite name="table_egt01" timestamp="2026-03-03T14:58:55Z" hostname="ca0c3c686667" tests="2" skipped="0" failures="0" errors="0" time="3.503">
    <testcase time="2.71299999999997" classname="table_egt01" name="EGT01_default_variant_is_produced_correctly"/>
    <testcase time="0.790000000000077" classname="table_egt01" name="EGT01_default_variant_is_produced_correctly"/>
  </testsuite>
  <testsuite name="table_egt02" timestamp="2026-03-03T14:58:58Z" hostname="ca0c3c686667" tests="4" skipped="0" failures="0" errors="0" time="1.636">
    <testcase time="1.327" classname="table_egt02" name="_EGT02_1._Regardless_of_Abnormality_at_Baseline"/>
    <testcase time="0.0579999999999927" classname="table_egt02" name="_EGT02_1._Regardless_of_Abnormality_at_Baseline"/>
    <testcase time="0.177999999999997" classname="table_egt02" name="_EGT02_2._Among_Subjects_Without_Abnormality_at_Baseline"/>
    <testcase time="0.0729999999999791" classname="table_egt02" name="_EGT02_2._Among_Subjects_Without_Abnormality_at_Baseline"/>
  </testsuite>
  <testsuite name="table_egt03" timestamp="2026-03-03T14:58:59Z" hostname="ca0c3c686667" tests="8" skipped="0" failures="0" errors="0" time="1.196">
    <testcase time="0.220000000000027" classname="table_egt03" name="EGT03_variant_1_is_produced_correctly"/>
    <testcase time="0.0950000000000273" classname="table_egt03" name="EGT03_variant_1_is_produced_correctly"/>
    <testcase time="0.154999999999973" classname="table_egt03" name="EGT03_variant_2_is_produced_correctly"/>
    <testcase time="0.0899999999999181" classname="table_egt03" name="EGT03_variant_2_is_produced_correctly"/>
    <testcase time="0.206000000000017" classname="table_egt03" name="EGT03_variant_3_is_produced_correctly"/>
    <testcase time="0.11099999999999" classname="table_egt03" name="EGT03_variant_3_is_produced_correctly"/>
    <testcase time="0.208000000000084" classname="table_egt03" name="EGT03_variant_4_is_produced_correctly"/>
    <testcase time="0.11099999999999" classname="table_egt03" name="EGT03_variant_4_is_produced_correctly"/>
  </testsuite>
  <testsuite name="table_egt04" timestamp="2026-03-03T14:59:01Z" hostname="ca0c3c686667" tests="2" skipped="0" failures="0" errors="0" time="1.081">
    <testcase time="0.971000000000004" classname="table_egt04" name="EGT04_default_variant_is_produced_correctly"/>
    <testcase time="0.110000000000014" classname="table_egt04" name="EGT04_default_variant_is_produced_correctly"/>
  </testsuite>
  <testsuite name="table_egt05_qtcat" timestamp="2026-03-03T14:59:02Z" hostname="ca0c3c686667" tests="2" skipped="0" failures="0" errors="0" time="2.373">
    <testcase time="1.90599999999995" classname="table_egt05_qtcat" name="EGT05_QTCAT_default_variant_is_produced_correctly"/>
    <testcase time="0.466999999999985" classname="table_egt05_qtcat" name="EGT05_QTCAT_default_variant_is_produced_correctly"/>
  </testsuite>
  <testsuite name="table_ent" timestamp="2026-03-03T14:59:03Z" hostname="ca0c3c686667" tests="8" skipped="0" failures="0" errors="0" time="15.47">
    <testcase time="3.90600000000006" classname="table_ent" name="ENT01_IT_is_produced_correctly"/>
    <testcase time="0.602999999999952" classname="table_ent" name="ENT01_IT_is_produced_correctly"/>
    <testcase time="2.57600000000002" classname="table_ent" name="ENT01a_IT_is_produced_correctly"/>
    <testcase time="0.586000000000013" classname="table_ent" name="ENT01a_IT_is_produced_correctly"/>
    <testcase time="4.11000000000001" classname="table_ent" name="ENT02_IT_is_produced_correctly"/>
    <testcase time="0.897999999999911" classname="table_ent" name="ENT02_IT_is_produced_correctly"/>
    <testcase time="2.28000000000009" classname="table_ent" name="ENT02a_IT_is_produced_correctly"/>
    <testcase time="0.510999999999967" classname="table_ent" name="ENT02a_IT_is_produced_correctly"/>
  </testsuite>
  <testsuite name="table_eudrat01" timestamp="2026-03-03T14:59:19Z" hostname="ca0c3c686667" tests="2" skipped="0" failures="0" errors="0" time="0.61">
    <testcase time="0.495999999999981" classname="table_eudrat01" name="EUDRAT01_is_produced_correctly"/>
    <testcase time="0.114000000000033" classname="table_eudrat01" name="EUDRAT01_is_produced_correctly"/>
  </testsuite>
  <testsuite name="table_eudrat02" timestamp="2026-03-03T14:59:19Z" hostname="ca0c3c686667" tests="2" skipped="0" failures="0" errors="0" time="0.46">
    <testcase time="0.380999999999972" classname="table_eudrat02" name="EUDRAT02_is_produced_correctly"/>
    <testcase time="0.0790000000000646" classname="table_eudrat02" name="EUDRAT02_is_produced_correctly"/>
  </testsuite>
  <testsuite name="table_ext01" timestamp="2026-03-03T14:59:20Z" hostname="ca0c3c686667" tests="6" skipped="0" failures="0" errors="0" time="1.616">
    <testcase time="0.412999999999897" classname="table_ext01" name="EXT01_default_variant_with_numeric_parameters_is_produced_correctly"/>
    <testcase time="0.146000000000072" classname="table_ext01" name="EXT01_default_variant_with_numeric_parameters_is_produced_correctly"/>
    <testcase time="0.299999999999955" classname="table_ext01" name="EXT01_variant_with_both_numeric_and_categorical_parameters"/>
    <testcase time="0.172000000000025" classname="table_ext01" name="EXT01_variant_with_both_numeric_and_categorical_parameters"/>
    <testcase time="0.375" classname="table_ext01" name="EXT01_variant_with_user_specified_categories_for_missed_doses"/>
    <testcase time="0.210000000000036" classname="table_ext01" name="EXT01_variant_with_user_specified_categories_for_missed_doses"/>
  </testsuite>
  <testsuite name="table_jnj_tbl1" timestamp="2026-03-03T14:59:21Z" hostname="ca0c3c686667" tests="2" skipped="0" failures="0" errors="0" time="0.281">
    <testcase time="0.189999999999941" classname="table_jnj_tbl1" name="DMT01_variant_factor_with_only_Missing_values"/>
    <testcase time="0.0910000000000082" classname="table_jnj_tbl1" name="DMT01_variant_factor_with_only_Missing_values"/>
  </testsuite>
  <testsuite name="table_lbt01" timestamp="2026-03-03T14:59:22Z" hostname="ca0c3c686667" tests="2" skipped="0" failures="0" errors="0" time="2.122">
    <testcase time="1.61900000000003" classname="table_lbt01" name="LBT01_default_variant_is_produced_correctly"/>
    <testcase time="0.502999999999929" classname="table_lbt01" name="LBT01_default_variant_is_produced_correctly"/>
  </testsuite>
  <testsuite name="table_lbt02" timestamp="2026-03-03T14:59:24Z" hostname="ca0c3c686667" tests="2" skipped="0" failures="0" errors="0" time="1.464">
    <testcase time="0.993000000000052" classname="table_lbt02" name="LBT02_default_variant_is_produced_correctly"/>
    <testcase time="0.471000000000004" classname="table_lbt02" name="LBT02_default_variant_is_produced_correctly"/>
  </testsuite>
  <testsuite name="table_lbt03" timestamp="2026-03-03T14:59:25Z" hostname="ca0c3c686667" tests="2" skipped="0" failures="0" errors="0" time="0.271">
    <testcase time="0.177000000000021" classname="table_lbt03" name="LBT03_default_variant_is_produced_correctly"/>
    <testcase time="0.0940000000000509" classname="table_lbt03" name="LBT03_default_variant_is_produced_correctly"/>
  </testsuite>
  <testsuite name="table_lbt04" timestamp="2026-03-03T14:59:26Z" hostname="ca0c3c686667" tests="2" skipped="0" failures="0" errors="0" time="1.307">
    <testcase time="1.1099999999999" classname="table_lbt04" name="LBT04_default_variant_is_produced_correctly"/>
    <testcase time="0.197000000000003" classname="table_lbt04" name="LBT04_default_variant_is_produced_correctly"/>
  </testsuite>
  <testsuite name="table_lbt05" timestamp="2026-03-03T14:59:27Z" hostname="ca0c3c686667" tests="6" skipped="0" failures="0" errors="0" time="7.106">
    <testcase time="2.25" classname="table_lbt05" name="LBT05_variant_1_is_produced_correctly"/>
    <testcase time="0.381000000000085" classname="table_lbt05" name="LBT05_variant_1_is_produced_correctly"/>
    <testcase time="1.62699999999995" classname="table_lbt05" name="LBT05_variant_2_is_produced_correctly"/>
    <testcase time="0.480999999999995" classname="table_lbt05" name="LBT05_variant_2_is_produced_correctly"/>
    <testcase time="1.99599999999998" classname="table_lbt05" name="LBT05_variant_4_is_produced_correctly"/>
    <testcase time="0.370999999999981" classname="table_lbt05" name="LBT05_variant_4_is_produced_correctly"/>
  </testsuite>
  <testsuite name="table_lbt06" timestamp="2026-03-03T14:59:34Z" hostname="ca0c3c686667" tests="2" skipped="0" failures="0" errors="0" time="0.56">
    <testcase time="0.399000000000001" classname="table_lbt06" name="LBT06_default_variant_is_produced_correctly"/>
    <testcase time="0.160999999999945" classname="table_lbt06" name="LBT06_default_variant_is_produced_correctly"/>
  </testsuite>
  <testsuite name="table_lbt07" timestamp="2026-03-03T14:59:35Z" hostname="ca0c3c686667" tests="2" skipped="0" failures="0" errors="0" time="2.636">
    <testcase time="2.31899999999996" classname="table_lbt07" name="LBT07_is_produced_correctly"/>
    <testcase time="0.317000000000007" classname="table_lbt07" name="LBT07_is_produced_correctly"/>
  </testsuite>
  <testsuite name="table_lbt08" timestamp="2026-03-03T14:59:37Z" hostname="ca0c3c686667" tests="2" skipped="0" failures="0" errors="0" time="0.706">
    <testcase time="0.326999999999998" classname="table_lbt08" name="LBT08_produce_correctly"/>
    <testcase time="0.379000000000019" classname="table_lbt08" name="LBT08_produce_correctly"/>
  </testsuite>
  <testsuite name="table_lbt09" timestamp="2026-03-03T14:59:38Z" hostname="ca0c3c686667" tests="4" skipped="0" failures="0" errors="0" time="0.945">
    <testcase time="0.358000000000061" classname="table_lbt09" name="LBT09_variant_1_works_as_expected"/>
    <testcase time="0.136999999999944" classname="table_lbt09" name="LBT09_variant_1_works_as_expected"/>
    <testcase time="0.324000000000069" classname="table_lbt09" name="LBT09_variant_2_works_as_expected"/>
    <testcase time="0.125999999999976" classname="table_lbt09" name="LBT09_variant_2_works_as_expected"/>
  </testsuite>
  <testsuite name="table_lbt10" timestamp="2026-03-03T14:59:39Z" hostname="ca0c3c686667" tests="4" skipped="0" failures="0" errors="0" time="1.311">
    <testcase time="0.774000000000001" classname="table_lbt10" name="LBT10_variant_1_works_as_expected"/>
    <testcase time="0.0539999999999736" classname="table_lbt10" name="LBT10_variant_1_works_as_expected"/>
    <testcase time="0.439000000000078" classname="table_lbt10" name="LBT10_variant_2_works_as_expected"/>
    <testcase time="0.0439999999999827" classname="table_lbt10" name="LBT10_variant_2_works_as_expected"/>
  </testsuite>
  <testsuite name="table_lbt10_bl" timestamp="2026-03-03T14:59:40Z" hostname="ca0c3c686667" tests="4" skipped="0" failures="0" errors="0" time="0.502">
    <testcase time="0.269000000000005" classname="table_lbt10_bl" name="LBT10_BL_variant_1_works_as_expected"/>
    <testcase time="0.0570000000000164" classname="table_lbt10_bl" name="LBT10_BL_variant_1_works_as_expected"/>
    <testcase time="0.132999999999925" classname="table_lbt10_bl" name="LBT10_BL_variant_2_works_as_expected"/>
    <testcase time="0.0430000000000064" classname="table_lbt10_bl" name="LBT10_BL_variant_2_works_as_expected"/>
  </testsuite>
  <testsuite name="table_lbt11" timestamp="2026-03-03T14:59:41Z" hostname="ca0c3c686667" tests="6" skipped="0" failures="0" errors="0" time="0.744">
    <testcase time="0.213000000000079" classname="table_lbt11" name="LBT11_variant_1_works_as_expected"/>
    <testcase time="0.0789999999999509" classname="table_lbt11" name="LBT11_variant_1_works_as_expected"/>
    <testcase time="0.104000000000042" classname="table_lbt11" name="LBT11_variant_2_works_as_expected"/>
    <testcase time="0.0639999999999645" classname="table_lbt11" name="LBT11_variant_2_works_as_expected"/>
    <testcase time="0.169999999999959" classname="table_lbt11" name="LBT11_variant_3_works_as_expected"/>
    <testcase time="0.114000000000033" classname="table_lbt11" name="LBT11_variant_3_works_as_expected"/>
  </testsuite>
  <testsuite name="table_lbt11_bl" timestamp="2026-03-03T14:59:41Z" hostname="ca0c3c686667" tests="6" skipped="0" failures="0" errors="0" time="0.802">
    <testcase time="0.220000000000027" classname="table_lbt11_bl" name="LBT11_BL_variant_1_works_as_expected"/>
    <testcase time="0.0769999999999982" classname="table_lbt11_bl" name="LBT11_BL_variant_1_works_as_expected"/>
    <testcase time="0.126999999999953" classname="table_lbt11_bl" name="LBT11_BL_variant_2_works_as_expected"/>
    <testcase time="0.0629999999999882" classname="table_lbt11_bl" name="LBT11_BL_variant_2_works_as_expected"/>
    <testcase time="0.225000000000023" classname="table_lbt11_bl" name="LBT11_BL_variant_3_works_as_expected"/>
    <testcase time="0.0900000000000318" classname="table_lbt11_bl" name="LBT11_BL_variant_3_works_as_expected"/>
  </testsuite>
  <testsuite name="table_lbt12" timestamp="2026-03-03T14:59:42Z" hostname="ca0c3c686667" tests="2" skipped="0" failures="0" errors="0" time="0.398">
    <testcase time="0.33299999999997" classname="table_lbt12" name="LBT12_works_as_expected"/>
    <testcase time="0.0650000000000546" classname="table_lbt12" name="LBT12_works_as_expected"/>
  </testsuite>
  <testsuite name="table_lbt12_bl" timestamp="2026-03-03T14:59:43Z" hostname="ca0c3c686667" tests="2" skipped="0" failures="0" errors="0" time="0.396">
    <testcase time="0.321000000000026" classname="table_lbt12_bl" name="LBT12_BL_works_as_expected"/>
    <testcase time="0.0749999999999318" classname="table_lbt12_bl" name="LBT12_BL_works_as_expected"/>
  </testsuite>
  <testsuite name="table_lbt13" timestamp="2026-03-03T14:59:44Z" hostname="ca0c3c686667" tests="10" skipped="0" failures="0" errors="0" time="2.346">
    <testcase time="0.787000000000035" classname="table_lbt13" name="LBT13_variant_1_LOW_works_as_expected"/>
    <testcase time="0.0889999999999418" classname="table_lbt13" name="LBT13_variant_1_LOW_works_as_expected"/>
    <testcase time="0.159000000000106" classname="table_lbt13" name="LBT13_variant_2_HIGH_works_as_expected"/>
    <testcase time="0.0499999999999545" classname="table_lbt13" name="LBT13_variant_2_HIGH_works_as_expected"/>
    <testcase time="0.259999999999991" classname="table_lbt13" name="LBT13_variant_3_LOW_without_baseline_missing_works_as_expected"/>
    <testcase time="0.0729999999999791" classname="table_lbt13" name="LBT13_variant_3_LOW_without_baseline_missing_works_as_expected"/>
    <testcase time="0.153999999999996" classname="table_lbt13" name="LBT13_variant_4_HIGH_with_missing_baseline_considered_as_grade_0_works_as_expected"/>
    <testcase time="0.0500000000000682" classname="table_lbt13" name="LBT13_variant_4_HIGH_with_missing_baseline_considered_as_grade_0_works_as_expected"/>
    <testcase time="0.496999999999957" classname="table_lbt13" name="LBT14_variant_5_HIGH_with_filled_in_grades_works_as_expected"/>
    <testcase time="0.226999999999975" classname="table_lbt13" name="LBT14_variant_5_HIGH_with_filled_in_grades_works_as_expected"/>
  </testsuite>
  <testsuite name="table_lbt14" timestamp="2026-03-03T14:59:46Z" hostname="ca0c3c686667" tests="10" skipped="0" failures="0" errors="0" time="32.593">
    <testcase time="6.476" classname="table_lbt14" name="LBT14_variant_1_HIGH_works_as_expected"/>
    <testcase time="0.478000000000065" classname="table_lbt14" name="LBT14_variant_1_HIGH_works_as_expected"/>
    <testcase time="6.15999999999997" classname="table_lbt14" name="LBT14_variant_2_LOW_works_as_expected"/>
    <testcase time="0.33299999999997" classname="table_lbt14" name="LBT14_variant_2_LOW_works_as_expected"/>
    <testcase time="3.81100000000004" classname="table_lbt14" name="LBT14_variant_3_LOW_without_baseline_missing_works_as_expected"/>
    <testcase time="0.399000000000001" classname="table_lbt14" name="LBT14_variant_3_LOW_without_baseline_missing_works_as_expected"/>
    <testcase time="5.32799999999997" classname="table_lbt14" name="LBT14_variant_4_LOW_and_force_1_missing_both_baseline_and_post_baseline_then_force_the_missing_baseline_as_0_as_expected"/>
    <testcase time="0.262000000000057" classname="table_lbt14" name="LBT14_variant_4_LOW_and_force_1_missing_both_baseline_and_post_baseline_then_force_the_missing_baseline_as_0_as_expected"/>
    <testcase time="6.20600000000002" classname="table_lbt14" name="LBT14_variant_5_HIGH_with_fillings_works_as_expected"/>
    <testcase time="3.13999999999999" classname="table_lbt14" name="LBT14_variant_5_HIGH_with_fillings_works_as_expected"/>
  </testsuite>
  <testsuite name="table_lbt15" timestamp="2026-03-03T15:00:18Z" hostname="ca0c3c686667" tests="4" skipped="0" failures="0" errors="0" time="1.458">
    <testcase time="0.592999999999961" classname="table_lbt15" name="LBT15_variant_1_works_as_expected"/>
    <testcase time="0.173000000000002" classname="table_lbt15" name="LBT15_variant_1_works_as_expected"/>
    <testcase time="0.514999999999986" classname="table_lbt15" name="LBT15_variant_2_works_as_expected"/>
    <testcase time="0.177000000000021" classname="table_lbt15" name="LBT15_variant_2_works_as_expected"/>
  </testsuite>
  <testsuite name="table_lgrt02" timestamp="2026-03-03T15:00:19Z" hostname="ca0c3c686667" tests="8" skipped="0" failures="0" errors="0" time="2.748">
    <testcase time="0.497000000000071" classname="table_lgrt02" name="LGRT02_without_interaction_term_is_produced_correctly"/>
    <testcase time="0.131999999999948" classname="table_lgrt02" name="LGRT02_without_interaction_term_is_produced_correctly"/>
    <testcase time="0.609000000000037" classname="table_lgrt02" name="LGRT02_with_categorical_interaction_is_produced_correctly"/>
    <testcase time="0.13799999999992" classname="table_lgrt02" name="LGRT02_with_categorical_interaction_is_produced_correctly"/>
    <testcase time="0.629000000000019" classname="table_lgrt02" name="LGRT02_with_continuous_interaction_is_produced_correctly"/>
    <testcase time="0.149000000000001" classname="table_lgrt02" name="LGRT02_with_continuous_interaction_is_produced_correctly"/>
    <testcase time="0.478000000000065" classname="table_lgrt02" name="LGRT02_with_setting_values_indicating_an_event_and_custom_alpha_level_is_produced_correctly"/>
    <testcase time="0.115999999999985" classname="table_lgrt02" name="LGRT02_with_setting_values_indicating_an_event_and_custom_alpha_level_is_produced_correctly"/>
  </testsuite>
  <testsuite name="table_mht01" timestamp="2026-03-03T15:00:22Z" hostname="ca0c3c686667" tests="8" skipped="0" failures="0" errors="0" time="1.397">
    <testcase time="0.317999999999984" classname="table_mht01" name="MHT01_variant_1_is_produced_accurately"/>
    <testcase time="0.104000000000042" classname="table_mht01" name="MHT01_variant_1_is_produced_accurately"/>
    <testcase time="0.113999999999919" classname="table_mht01" name="MHT01_variant_2_is_produced_accurately"/>
    <testcase time="0.0520000000000209" classname="table_mht01" name="MHT01_variant_2_is_produced_accurately"/>
    <testcase time="0.259000000000015" classname="table_mht01" name="MHT01_variant_3_is_produced_accurately"/>
    <testcase time="0.0900000000000318" classname="table_mht01" name="MHT01_variant_3_is_produced_accurately"/>
    <testcase time="0.331999999999994" classname="table_mht01" name="MHT01_variant_5_is_produced_accurately"/>
    <testcase time="0.127999999999929" classname="table_mht01" name="MHT01_variant_5_is_produced_accurately"/>
  </testsuite>
  <testsuite name="table_onct05" timestamp="2026-03-03T15:00:24Z" hostname="ca0c3c686667" tests="10" skipped="0" failures="0" errors="0" time="2.642">
    <testcase time="0.480000000000018" classname="table_onct05" name="ONCT05_variant_1_Objective_Response_Rate_by_Subgroup_is_produced_correctly"/>
    <testcase time="0.104000000000042" classname="table_onct05" name="ONCT05_variant_1_Objective_Response_Rate_by_Subgroup_is_produced_correctly"/>
    <testcase time="0.491999999999962" classname="table_onct05" name="ONCT05_variant_2_Specifying_class_variables_is_produced_correctly"/>
    <testcase time="0.115000000000009" classname="table_onct05" name="ONCT05_variant_2_Specifying_class_variables_is_produced_correctly"/>
    <testcase time="0.211999999999989" classname="table_onct05" name="ONCT05_variant_3_selecting_columns_and_changing_the_alpha_level_is_produced_correctly"/>
    <testcase time="0.0640000000000782" classname="table_onct05" name="ONCT05_variant_3_selecting_columns_and_changing_the_alpha_level_is_produced_correctly"/>
    <testcase time="0.474999999999909" classname="table_onct05" name="ONCT05_variant_4_setting_values_indicating_response_is_produced_correctly"/>
    <testcase time="0.0930000000000746" classname="table_onct05" name="ONCT05_variant_4_setting_values_indicating_response_is_produced_correctly"/>
    <testcase time="0.507999999999925" classname="table_onct05" name="ONCT05_with_risk_difference_column_is_produced_correctly"/>
    <testcase time="0.0990000000000464" classname="table_onct05" name="ONCT05_with_risk_difference_column_is_produced_correctly"/>
  </testsuite>
  <testsuite name="table_pdt01" timestamp="2026-03-03T15:00:26Z" hostname="ca0c3c686667" tests="2" skipped="0" failures="0" errors="0" time="0.421">
    <testcase time="0.285999999999945" classname="table_pdt01" name="PDT01_is_produced_correctly"/>
    <testcase time="0.135000000000105" classname="table_pdt01" name="PDT01_is_produced_correctly"/>
  </testsuite>
  <testsuite name="table_pdt02" timestamp="2026-03-03T15:00:27Z" hostname="ca0c3c686667" tests="2" skipped="0" failures="0" errors="0" time="0.214">
    <testcase time="0.157999999999902" classname="table_pdt02" name="PDT02_is_produced_correctly"/>
    <testcase time="0.05600000000004" classname="table_pdt02" name="PDT02_is_produced_correctly"/>
  </testsuite>
  <testsuite name="table_pkct01" timestamp="2026-03-03T15:00:27Z" hostname="ca0c3c686667" tests="10" skipped="0" failures="0" errors="0" time="3.139">
    <testcase time="0.291000000000054" classname="table_pkct01" name="PKCT01_is_produced_correctly"/>
    <testcase time="0.0699999999999363" classname="table_pkct01" name="PKCT01_is_produced_correctly"/>
    <testcase time="0.156000000000063" classname="table_pkct01" name="PKCT01_is_produced_correctly"/>
    <testcase time="0.0389999999999873" classname="table_pkct01" name="PKCT01_is_produced_correctly"/>
    <testcase time="1.01099999999997" classname="table_pkct01" name="Specific_PKCT01_features_are_present"/>
    <testcase time="0.206999999999994" classname="table_pkct01" name="Specific_PKCT01_features_are_present"/>
    <testcase time="0.180000000000064" classname="table_pkct01" name="Specific_PKCT01_features_are_present"/>
    <testcase time="0.00299999999992906" classname="table_pkct01" name="Specific_PKCT01_features_are_present"/>
    <testcase time="0.650999999999954" classname="table_pkct01" name="Specific_PKCT01_features_are_present"/>
    <testcase time="0.530999999999949" classname="table_pkct01" name="Specific_PKCT01_features_are_present"/>
  </testsuite>
  <testsuite name="table_pkpt02" timestamp="2026-03-03T15:00:30Z" hostname="ca0c3c686667" tests="2" skipped="0" failures="0" errors="0" time="0.544">
    <testcase time="0.357000000000085" classname="table_pkpt02" name="PKPT02_is_produced_correctly_for_Drug_X"/>
    <testcase time="0.187000000000012" classname="table_pkpt02" name="PKPT02_is_produced_correctly_for_Drug_X"/>
  </testsuite>
  <testsuite name="table_pkpt03" timestamp="2026-03-03T15:00:31Z" hostname="ca0c3c686667" tests="2" skipped="0" failures="0" errors="0" time="1.194">
    <testcase time="1.01999999999998" classname="table_pkpt03" name="PKPT03_Drug_X_is_produced_correctly"/>
    <testcase time="0.173999999999978" classname="table_pkpt03" name="PKPT03_Drug_X_is_produced_correctly"/>
  </testsuite>
  <testsuite name="table_pkpt04" timestamp="2026-03-03T15:00:32Z" hostname="ca0c3c686667" tests="2" skipped="0" failures="0" errors="0" time="0.2">
    <testcase time="0.129000000000019" classname="table_pkpt04" name="PKPT04_is_produced_correctly_for_Drug_X"/>
    <testcase time="0.0709999999999127" classname="table_pkpt04" name="PKPT04_is_produced_correctly_for_Drug_X"/>
  </testsuite>
  <testsuite name="table_pkpt05" timestamp="2026-03-03T15:00:32Z" hostname="ca0c3c686667" tests="2" skipped="0" failures="0" errors="0" time="0.405">
    <testcase time="0.309999999999945" classname="table_pkpt05" name="PKPT05_Drug_X_is_produced_correctly"/>
    <testcase time="0.0950000000000273" classname="table_pkpt05" name="PKPT05_Drug_X_is_produced_correctly"/>
  </testsuite>
  <testsuite name="table_pkpt06" timestamp="2026-03-03T15:00:32Z" hostname="ca0c3c686667" tests="4" skipped="0" failures="0" errors="0" time="0.26">
    <testcase time="0.0960000000000036" classname="table_pkpt06" name="PKPT06_is_produced_correctly_for_Drug_X"/>
    <testcase time="0.0470000000000255" classname="table_pkpt06" name="PKPT06_is_produced_correctly_for_Drug_X"/>
    <testcase time="0.0759999999999081" classname="table_pkpt06" name="PKPT06_is_produced_correctly_for_Drug_Y"/>
    <testcase time="0.0410000000000537" classname="table_pkpt06" name="PKPT06_is_produced_correctly_for_Drug_Y"/>
  </testsuite>
  <testsuite name="table_pkpt07" timestamp="2026-03-03T15:00:33Z" hostname="ca0c3c686667" tests="4" skipped="0" failures="0" errors="0" time="0.516">
    <testcase time="0.217999999999961" classname="table_pkpt07" name="PKPT07_Drug_X_is_produced_correctly"/>
[...]
    <testcase time="10.535" classname="tsfae22apart1" name="tsfae22apart1of4"/>
  </testsuite>
  <testsuite name="tsfae22apart2" timestamp="2026-03-03T15:05:36Z" hostname="ca0c3c686667" tests="1" skipped="0" failures="0" errors="0" time="10.494">
    <testcase time="10.494" classname="tsfae22apart2" name="tsfae22apart2of4"/>
  </testsuite>
  <testsuite name="tsfae22apart3" timestamp="2026-03-03T15:05:47Z" hostname="ca0c3c686667" tests="1" skipped="0" failures="0" errors="0" time="10.689">
    <testcase time="10.689" classname="tsfae22apart3" name="tsfae22apart3of4"/>
  </testsuite>
  <testsuite name="tsfae22apart4" timestamp="2026-03-03T15:05:58Z" hostname="ca0c3c686667" tests="1" skipped="0" failures="0" errors="0" time="10.138">
    <testcase time="10.1379999999999" classname="tsfae22apart4" name="tsfae22apart4of4"/>
  </testsuite>
  <testsuite name="tsfae22bpart1" timestamp="2026-03-03T15:06:08Z" hostname="ca0c3c686667" tests="1" skipped="0" failures="0" errors="0" time="6.363">
    <testcase time="6.36300000000006" classname="tsfae22bpart1" name="tsfae22bpart1of2"/>
  </testsuite>
  <testsuite name="tsfae22bpart2" timestamp="2026-03-03T15:06:14Z" hostname="ca0c3c686667" tests="1" skipped="0" failures="0" errors="0" time="6.413">
    <testcase time="6.41300000000001" classname="tsfae22bpart2" name="tsfae22bpart2of2"/>
  </testsuite>
  <testsuite name="tsfae22cpart1" timestamp="2026-03-03T15:06:20Z" hostname="ca0c3c686667" tests="1" skipped="0" failures="0" errors="0" time="9.02">
    <testcase time="9.01999999999998" classname="tsfae22cpart1" name="tsfae22cpart1of4"/>
  </testsuite>
  <testsuite name="tsfae22cpart2" timestamp="2026-03-03T15:06:29Z" hostname="ca0c3c686667" tests="1" skipped="0" failures="0" errors="0" time="9.128">
    <testcase time="9.12800000000016" classname="tsfae22cpart2" name="tsfae22cpart2of4"/>
  </testsuite>
  <testsuite name="tsfae22cpart3" timestamp="2026-03-03T15:06:39Z" hostname="ca0c3c686667" tests="1" skipped="0" failures="0" errors="0" time="8.827">
    <testcase time="8.827" classname="tsfae22cpart3" name="tsfae22cpart3of4"/>
  </testsuite>
  <testsuite name="tsfae22cpart4" timestamp="2026-03-03T15:06:47Z" hostname="ca0c3c686667" tests="1" skipped="0" failures="0" errors="0" time="8.9">
    <testcase time="8.89999999999986" classname="tsfae22cpart4" name="tsfae22cpart4of4"/>
  </testsuite>
  <testsuite name="tsfae23a" timestamp="2026-03-03T15:06:56Z" hostname="ca0c3c686667" tests="1" skipped="0" failures="0" errors="0" time="0.961">
    <testcase time="0.961000000000013" classname="tsfae23a" name="tsfae23a"/>
  </testsuite>
  <testsuite name="tsfae23b" timestamp="2026-03-03T15:06:57Z" hostname="ca0c3c686667" tests="1" skipped="0" failures="0" errors="0" time="0.442">
    <testcase time="0.442000000000007" classname="tsfae23b" name="tsfae23b"/>
  </testsuite>
  <testsuite name="tsfae23c" timestamp="2026-03-03T15:06:58Z" hostname="ca0c3c686667" tests="1" skipped="0" failures="0" errors="0" time="0.702">
    <testcase time="0.701999999999998" classname="tsfae23c" name="tsfae23c"/>
  </testsuite>
  <testsuite name="tsfae23d" timestamp="2026-03-03T15:06:58Z" hostname="ca0c3c686667" tests="1" skipped="0" failures="0" errors="0" time="0.977">
    <testcase time="0.977000000000089" classname="tsfae23d" name="tsfae23d"/>
  </testsuite>
  <testsuite name="tsfae24a" timestamp="2026-03-03T15:06:59Z" hostname="ca0c3c686667" tests="1" skipped="0" failures="0" errors="0" time="0.494">
    <testcase time="0.493999999999915" classname="tsfae24a" name="tsfae24a"/>
  </testsuite>
  <testsuite name="tsfae24b" timestamp="2026-03-03T15:07:00Z" hostname="ca0c3c686667" tests="1" skipped="0" failures="0" errors="0" time="0.558">
    <testcase time="0.557999999999993" classname="tsfae24b" name="tsfae24b"/>
  </testsuite>
  <testsuite name="tsfae24c" timestamp="2026-03-03T15:07:00Z" hostname="ca0c3c686667" tests="1" skipped="0" failures="0" errors="0" time="2.873">
    <testcase time="2.87300000000005" classname="tsfae24c" name="tsfae24c"/>
  </testsuite>
  <testsuite name="tsfae24d" timestamp="2026-03-03T15:07:03Z" hostname="ca0c3c686667" tests="1" skipped="0" failures="0" errors="0" time="3.024">
    <testcase time="3.02399999999989" classname="tsfae24d" name="tsfae24d"/>
  </testsuite>
  <testsuite name="tsfae24fpart1" timestamp="2026-03-03T15:07:06Z" hostname="ca0c3c686667" tests="1" skipped="0" failures="0" errors="0" time="12.627">
    <testcase time="12.6270000000002" classname="tsfae24fpart1" name="tsfae24fpart1of3"/>
  </testsuite>
  <testsuite name="tsfae24fpart2" timestamp="2026-03-03T15:07:19Z" hostname="ca0c3c686667" tests="1" skipped="0" failures="0" errors="0" time="12.36">
    <testcase time="12.3599999999999" classname="tsfae24fpart2" name="tsfae24fpart2of3"/>
  </testsuite>
  <testsuite name="tsfae24fpart3" timestamp="2026-03-03T15:07:31Z" hostname="ca0c3c686667" tests="1" skipped="0" failures="0" errors="0" time="12.498">
    <testcase time="12.498" classname="tsfae24fpart3" name="tsfae24fpart3of3"/>
  </testsuite>
  <testsuite name="tsfdth01" timestamp="2026-03-03T15:07:44Z" hostname="ca0c3c686667" tests="1" skipped="0" failures="0" errors="0" time="1.672">
    <testcase time="1.67200000000003" classname="tsfdth01" name="tsfdth01"/>
  </testsuite>
  <testsuite name="tsfecg01apart1" timestamp="2026-03-03T15:07:46Z" hostname="ca0c3c686667" tests="1" skipped="0" failures="0" errors="0" time="4.731">
    <testcase time="4.73099999999999" classname="tsfecg01apart1" name="tsfecg01a"/>
  </testsuite>
  <testsuite name="tsfecg01apart2" timestamp="2026-03-03T15:07:50Z" hostname="ca0c3c686667" tests="1" skipped="0" failures="0" errors="0" time="4.774">
    <testcase time="4.77399999999989" classname="tsfecg01apart2" name="tsfecg01a"/>
  </testsuite>
  <testsuite name="tsfecg01apart3" timestamp="2026-03-03T15:07:55Z" hostname="ca0c3c686667" tests="1" skipped="0" failures="0" errors="0" time="4.866">
    <testcase time="4.86599999999999" classname="tsfecg01apart3" name="tsfecg01a"/>
  </testsuite>
  <testsuite name="tsfecg01part1" timestamp="2026-03-03T15:08:00Z" hostname="ca0c3c686667" tests="1" skipped="0" failures="0" errors="0" time="9.461">
    <testcase time="9.46100000000001" classname="tsfecg01part1" name="tsfecg01"/>
  </testsuite>
  <testsuite name="tsfecg01part2" timestamp="2026-03-03T15:08:09Z" hostname="ca0c3c686667" tests="1" skipped="0" failures="0" errors="0" time="9.581">
    <testcase time="9.58100000000013" classname="tsfecg01part2" name="tsfecg01"/>
  </testsuite>
  <testsuite name="tsfecg02" timestamp="2026-03-03T15:08:19Z" hostname="ca0c3c686667" tests="1" skipped="0" failures="0" errors="0" time="3.704">
    <testcase time="3.70399999999995" classname="tsfecg02" name="tsfecg02"/>
  </testsuite>
  <testsuite name="tsfecg03" timestamp="2026-03-03T15:08:23Z" hostname="ca0c3c686667" tests="1" skipped="0" failures="0" errors="0" time="0.65">
    <testcase time="0.649999999999864" classname="tsfecg03" name="tsfecg03"/>
  </testsuite>
  <testsuite name="tsfecg04" timestamp="2026-03-03T15:08:23Z" hostname="ca0c3c686667" tests="1" skipped="0" failures="0" errors="0" time="2.256">
    <testcase time="2.25600000000009" classname="tsfecg04" name="tsfecg04"/>
  </testsuite>
  <testsuite name="tsfecg05" timestamp="2026-03-03T15:08:26Z" hostname="ca0c3c686667" tests="1" skipped="0" failures="0" errors="0" time="1.375">
    <testcase time="1.375" classname="tsfecg05" name="tsfecg05"/>
  </testsuite>
  <testsuite name="tsflab01apart1" timestamp="2026-03-03T15:08:27Z" hostname="ca0c3c686667" tests="1" skipped="0" failures="0" errors="0" time="15.035">
    <testcase time="15.0350000000001" classname="tsflab01apart1" name="tsflab01a"/>
  </testsuite>
  <testsuite name="tsflab01apart2" timestamp="2026-03-03T15:08:42Z" hostname="ca0c3c686667" tests="1" skipped="0" failures="0" errors="0" time="15.133">
    <testcase time="15.133" classname="tsflab01apart2" name="tsflab01a"/>
  </testsuite>
  <testsuite name="tsflab01apart3" timestamp="2026-03-03T15:08:57Z" hostname="ca0c3c686667" tests="1" skipped="0" failures="0" errors="0" time="14.681">
    <testcase time="14.6809999999998" classname="tsflab01apart3" name="tsflab01a"/>
  </testsuite>
  <testsuite name="tsflab01part1" timestamp="2026-03-03T15:09:12Z" hostname="ca0c3c686667" tests="1" skipped="0" failures="0" errors="0" time="6.403">
    <testcase time="6.40300000000002" classname="tsflab01part1" name="tsflab01"/>
  </testsuite>
  <testsuite name="tsflab01part2" timestamp="2026-03-03T15:09:18Z" hostname="ca0c3c686667" tests="1" skipped="0" failures="0" errors="0" time="6.528">
    <testcase time="6.52800000000002" classname="tsflab01part2" name="tsflab01"/>
  </testsuite>
  <testsuite name="tsflab02" timestamp="2026-03-03T15:09:25Z" hostname="ca0c3c686667" tests="1" skipped="0" failures="0" errors="0" time="1.086">
    <testcase time="1.08600000000001" classname="tsflab02" name="tsflab02"/>
  </testsuite>
  <testsuite name="tsflab02a" timestamp="2026-03-03T15:09:26Z" hostname="ca0c3c686667" tests="1" skipped="0" failures="0" errors="0" time="2.82">
    <testcase time="2.81999999999994" classname="tsflab02a" name="tsflab02a"/>
  </testsuite>
  <testsuite name="tsflab02b" timestamp="2026-03-03T15:09:29Z" hostname="ca0c3c686667" tests="1" skipped="0" failures="0" errors="0" time="2.59">
    <testcase time="2.59000000000015" classname="tsflab02b" name="tsflab02b"/>
  </testsuite>
  <testsuite name="tsflab03" timestamp="2026-03-03T15:09:31Z" hostname="ca0c3c686667" tests="1" skipped="0" failures="0" errors="0" time="3.576">
    <testcase time="3.57600000000002" classname="tsflab03" name="tsflab03"/>
  </testsuite>
  <testsuite name="tsflab03a" timestamp="2026-03-03T15:09:35Z" hostname="ca0c3c686667" tests="1" skipped="0" failures="0" errors="0" time="10.421">
    <testcase time="10.4209999999998" classname="tsflab03a" name="tsflab03a"/>
  </testsuite>
  <testsuite name="tsflab04a" timestamp="2026-03-03T15:09:45Z" hostname="ca0c3c686667" tests="1" skipped="0" failures="0" errors="0" time="2.77">
    <testcase time="2.77000000000021" classname="tsflab04a" name="tsflab04a"/>
  </testsuite>
  <testsuite name="tsflab04b" timestamp="2026-03-03T15:09:48Z" hostname="ca0c3c686667" tests="1" skipped="0" failures="0" errors="0" time="1.19">
    <testcase time="1.18999999999983" classname="tsflab04b" name="tsflab04b"/>
  </testsuite>
  <testsuite name="tsflab05" timestamp="2026-03-03T15:09:49Z" hostname="ca0c3c686667" tests="1" skipped="0" failures="0" errors="0" time="3.013">
    <testcase time="3.01300000000015" classname="tsflab05" name="tsflab05"/>
  </testsuite>
  <testsuite name="tsflab06" timestamp="2026-03-03T15:09:52Z" hostname="ca0c3c686667" tests="1" skipped="0" failures="0" errors="0" time="3.544">
    <testcase time="3.54399999999987" classname="tsflab06" name="tsflab06"/>
  </testsuite>
  <testsuite name="tsflab07" timestamp="2026-03-03T15:09:56Z" hostname="ca0c3c686667" tests="1" skipped="0" failures="0" errors="0" time="18.009">
    <testcase time="18.009" classname="tsflab07" name="tsflab07"/>
  </testsuite>
  <testsuite name="tsfvit01apart1" timestamp="2026-03-03T15:10:14Z" hostname="ca0c3c686667" tests="1" skipped="0" failures="0" errors="0" time="7.203">
    <testcase time="7.20299999999997" classname="tsfvit01apart1" name="tsfvit01a"/>
  </testsuite>
  <testsuite name="tsfvit01apart2" timestamp="2026-03-03T15:10:21Z" hostname="ca0c3c686667" tests="1" skipped="0" failures="0" errors="0" time="7.283">
    <testcase time="7.28300000000013" classname="tsfvit01apart2" name="tsfvit01a"/>
  </testsuite>
  <testsuite name="tsfvit01apart3" timestamp="2026-03-03T15:10:28Z" hostname="ca0c3c686667" tests="1" skipped="0" failures="0" errors="0" time="7.225">
    <testcase time="7.22499999999991" classname="tsfvit01apart3" name="tsfvit01a"/>
  </testsuite>
  <testsuite name="tsfvit01apart4" timestamp="2026-03-03T15:10:35Z" hostname="ca0c3c686667" tests="1" skipped="0" failures="0" errors="0" time="7.092">
    <testcase time="7.0920000000001" classname="tsfvit01apart4" name="tsfvit01a"/>
  </testsuite>
  <testsuite name="tsfvit01part1" timestamp="2026-03-03T15:10:43Z" hostname="ca0c3c686667" tests="1" skipped="0" failures="0" errors="0" time="3.621">
    <testcase time="3.62099999999987" classname="tsfvit01part1" name="tsfvit01"/>
  </testsuite>
  <testsuite name="tsfvit01part2" timestamp="2026-03-03T15:10:46Z" hostname="ca0c3c686667" tests="1" skipped="0" failures="0" errors="0" time="3.644">
    <testcase time="3.64400000000001" classname="tsfvit01part2" name="tsfvit01"/>
  </testsuite>
  <testsuite name="tsfvit01part3" timestamp="2026-03-03T15:10:50Z" hostname="ca0c3c686667" tests="1" skipped="0" failures="0" errors="0" time="3.666">
    <testcase time="3.66600000000017" classname="tsfvit01part3" name="tsfvit01"/>
  </testsuite>
  <testsuite name="tsfvit01part4" timestamp="2026-03-03T15:10:53Z" hostname="ca0c3c686667" tests="1" skipped="0" failures="0" errors="0" time="3.669">
    <testcase time="3.66899999999987" classname="tsfvit01part4" name="tsfvit01"/>
  </testsuite>
  <testsuite name="tsfvit02" timestamp="2026-03-03T15:10:57Z" hostname="ca0c3c686667" tests="1" skipped="0" failures="0" errors="0" time="0.748">
    <testcase time="0.748000000000047" classname="tsfvit02" name="tsfvit02"/>
  </testsuite>
  <testsuite name="tsfvit03" timestamp="2026-03-03T15:10:58Z" hostname="ca0c3c686667" tests="1" skipped="0" failures="0" errors="0" time="0.746">
    <testcase time="0.745999999999867" classname="tsfvit03" name="tsfvit03"/>
  </testsuite>
  <testsuite name="tsfvit04" timestamp="2026-03-03T15:10:59Z" hostname="ca0c3c686667" tests="1" skipped="0" failures="0" errors="0" time="0.726">
    <testcase time="0.726000000000113" classname="tsfvit04" name="tsfvit04"/>
  </testsuite>
  <testsuite name="tsfvit05" timestamp="2026-03-03T15:10:59Z" hostname="ca0c3c686667" tests="1" skipped="0" failures="0" errors="0" time="2.058">
    <testcase time="2.05799999999999" classname="tsfvit05" name="tsfvit05"/>
  </testsuite>
  <testsuite name="tsfvit06" timestamp="2026-03-03T15:11:01Z" hostname="ca0c3c686667" tests="1" skipped="0" failures="0" errors="0" time="0.678">
    <testcase time="0.678000000000111" classname="tsfvit06" name="tsfvit06"/>
  </testsuite>
  <testsuite name="tsicm01" timestamp="2026-03-03T15:11:02Z" hostname="ca0c3c686667" tests="1" skipped="0" failures="0" errors="0" time="6.727">
    <testcase time="6.72699999999986" classname="tsicm01" name="tsicm01"/>
  </testsuite>
  <testsuite name="tsicm02" timestamp="2026-03-03T15:11:09Z" hostname="ca0c3c686667" tests="1" skipped="0" failures="0" errors="0" time="6.252">
    <testcase time="6.25199999999995" classname="tsicm02" name="tsicm02"/>
  </testsuite>
  <testsuite name="tsicm03" timestamp="2026-03-03T15:11:15Z" hostname="ca0c3c686667" tests="1" skipped="0" failures="0" errors="0" time="4.362">
    <testcase time="4.36200000000008" classname="tsicm03" name="tsicm03"/>
  </testsuite>
  <testsuite name="tsicm04" timestamp="2026-03-03T15:11:19Z" hostname="ca0c3c686667" tests="1" skipped="0" failures="0" errors="0" time="4.304">
    <testcase time="4.30400000000009" classname="tsicm04" name="tsicm04"/>
  </testsuite>
  <testsuite name="tsicm05" timestamp="2026-03-03T15:11:24Z" hostname="ca0c3c686667" tests="1" skipped="0" failures="0" errors="0" time="7.998">
    <testcase time="7.99799999999982" classname="tsicm05" name="tsicm05"/>
  </testsuite>
  <testsuite name="tsicm06" timestamp="2026-03-03T15:11:32Z" hostname="ca0c3c686667" tests="1" skipped="0" failures="0" errors="0" time="8.072">
    <testcase time="8.07200000000012" classname="tsicm06" name="tsicm06"/>
  </testsuite>
  <testsuite name="tsicm07" timestamp="2026-03-03T15:11:40Z" hostname="ca0c3c686667" tests="1" skipped="0" failures="0" errors="0" time="0.753">
    <testcase time="0.752999999999929" classname="tsicm07" name="tsicm07"/>
  </testsuite>
  <testsuite name="tsicm08" timestamp="2026-03-03T15:11:41Z" hostname="ca0c3c686667" tests="1" skipped="0" failures="0" errors="0" time="0.775">
    <testcase time="0.775000000000091" classname="tsicm08" name="tsicm08"/>
  </testsuite>
  <testsuite name="tsidem01" timestamp="2026-03-03T15:11:41Z" hostname="ca0c3c686667" tests="1" skipped="0" failures="0" errors="0" time="2.859">
    <testcase time="2.85899999999992" classname="tsidem01" name="tsidem01"/>
  </testsuite>
  <testsuite name="tsidem02" timestamp="2026-03-03T15:11:44Z" hostname="ca0c3c686667" tests="1" skipped="0" failures="0" errors="0" time="0.833">
    <testcase time="0.833000000000084" classname="tsidem02" name="tsidem02"/>
  </testsuite>
  <testsuite name="tsids01" timestamp="2026-03-03T15:11:45Z" hostname="ca0c3c686667" tests="1" skipped="0" failures="0" errors="0" time="0.403">
    <testcase time="0.40300000000002" classname="tsids01" name="tsids01"/>
  </testsuite>
  <testsuite name="tsids02" timestamp="2026-03-03T15:11:45Z" hostname="ca0c3c686667" tests="1" skipped="0" failures="0" errors="0" time="1.618">
    <testcase time="1.61799999999994" classname="tsids02" name="tsids02"/>
  </testsuite>
  <testsuite name="tsids02a" timestamp="2026-03-03T15:11:47Z" hostname="ca0c3c686667" tests="1" skipped="0" failures="0" errors="0" time="8.398">
    <testcase time="8.39799999999991" classname="tsids02a" name="tsids02a"/>
  </testsuite>
  <testsuite name="tsiex01" timestamp="2026-03-03T15:11:55Z" hostname="ca0c3c686667" tests="1" skipped="0" failures="0" errors="0" time="1.639">
    <testcase time="1.63900000000012" classname="tsiex01" name="tsiex01"/>
  </testsuite>
  <testsuite name="tsiex02" timestamp="2026-03-03T15:11:57Z" hostname="ca0c3c686667" tests="1" skipped="0" failures="0" errors="0" time="1.554">
    <testcase time="1.55399999999986" classname="tsiex02" name="tsiex02"/>
  </testsuite>
  <testsuite name="tsiex03" timestamp="2026-03-03T15:11:59Z" hostname="ca0c3c686667" tests="1" skipped="0" failures="0" errors="0" time="1.189">
    <testcase time="1.18900000000008" classname="tsiex03" name="tsiex03"/>
  </testsuite>
  <testsuite name="tsiex04" timestamp="2026-03-03T15:12:00Z" hostname="ca0c3c686667" tests="1" skipped="0" failures="0" errors="0" time="0.971">
    <testcase time="0.971000000000004" classname="tsiex04" name="tsiex04"/>
  </testsuite>
  <testsuite name="tsiex06" timestamp="2026-03-03T15:12:01Z" hostname="ca0c3c686667" tests="1" skipped="0" failures="0" errors="0" time="0.48">
    <testcase time="0.480000000000018" classname="tsiex06" name="tsiex06"/>
  </testsuite>
  <testsuite name="tsiex07" timestamp="2026-03-03T15:12:01Z" hostname="ca0c3c686667" tests="1" skipped="0" failures="0" errors="0" time="0.663">
    <testcase time="0.663000000000011" classname="tsiex07" name="tsiex07"/>
  </testsuite>
  <testsuite name="tsiex08" timestamp="2026-03-03T15:12:02Z" hostname="ca0c3c686667" tests="1" skipped="0" failures="0" errors="0" time="1.494">
    <testcase time="1.49399999999991" classname="tsiex08" name="tsiex08"/>
  </testsuite>
  <testsuite name="tsiex09" timestamp="2026-03-03T15:12:03Z" hostname="ca0c3c686667" tests="1" skipped="0" failures="0" errors="0" time="0.714">
    <testcase time="0.714000000000169" classname="tsiex09" name="tsiex09"/>
  </testsuite>
  <testsuite name="tsiex10" timestamp="2026-03-03T15:12:04Z" hostname="ca0c3c686667" tests="1" skipped="0" failures="0" errors="0" time="0.685">
    <testcase time="0.684999999999945" classname="tsiex10" name="tsiex10"/>
  </testsuite>
  <testsuite name="tsiex11" timestamp="2026-03-03T15:12:05Z" hostname="ca0c3c686667" tests="1" skipped="0" failures="0" errors="0" time="3.277">
    <testcase time="3.27700000000004" classname="tsiex11" name="tsiex11"/>
  </testsuite>
  <testsuite name="tsimh01" timestamp="2026-03-03T15:12:08Z" hostname="ca0c3c686667" tests="1" skipped="0" failures="0" errors="0" time="1.285">
    <testcase time="1.28499999999985" classname="tsimh01" name="tsimh01"/>
  </testsuite>
</testsuites>
