<?xml version="1.0" encoding="UTF-8"?>
<testsuites>
  <testsuite name="char-support" timestamp="2026-03-23T14:17:06Z" hostname="21b046d7c3c6" tests="6" skipped="0" failures="0" errors="0" time="3.475">
    <testcase time="1.145" classname="char_support" name="CRITDIR_is_factor_and_one_PARAMCD_is_not_available_on_all_AVISITS"/>
    <testcase time="0.368" classname="char_support" name="CRITDIR_is_factor_and_one_PARAMCD_is_not_available_on_all_AVISITS"/>
    <testcase time="0.625999999999999" classname="char_support" name="CRITDIR_is_not_factor_and_all_PARAMCD_available_on_all_AVISITS"/>
    <testcase time="0.399000000000001" classname="char_support" name="CRITDIR_is_not_factor_and_all_PARAMCD_available_on_all_AVISITS"/>
    <testcase time="0.641999999999999" classname="char_support" name="CRITDIR_is_not_factor_and_one_PARAMCD_is_not_available_on_all_AVISITS"/>
    <testcase time="0.295" classname="char_support" name="CRITDIR_is_not_factor_and_one_PARAMCD_is_not_available_on_all_AVISITS"/>
  </testsuite>
  <testsuite name="listing_adal02" timestamp="2026-03-23T14:17:09Z" hostname="21b046d7c3c6" tests="1" skipped="0" failures="0" errors="0" time="0.179">
    <testcase time="0.179" classname="listing_adal02" name="ADAL02_listing_is_produced_correctly"/>
  </testsuite>
  <testsuite name="listing_ael01" timestamp="2026-03-23T14:17:09Z" hostname="21b046d7c3c6" tests="1" skipped="0" failures="0" errors="0" time="0.127">
    <testcase time="0.126999999999999" classname="listing_ael01" name="AEL01_listing_is_produced_correctly"/>
  </testsuite>
  <testsuite name="listing_ael01_nollt" timestamp="2026-03-23T14:17:09Z" hostname="21b046d7c3c6" tests="1" skipped="0" failures="0" errors="0" time="0.051">
    <testcase time="0.0510000000000002" classname="listing_ael01_nollt" name="AEL01_NOLLT_listing_is_produced_correctly"/>
  </testsuite>
  <testsuite name="listing_ael02" timestamp="2026-03-23T14:17:09Z" hostname="21b046d7c3c6" tests="1" skipped="0" failures="0" errors="0" time="0.281">
    <testcase time="0.281000000000001" classname="listing_ael02" name="AEL02_listing_is_produced_correctly"/>
  </testsuite>
  <testsuite name="listing_ael02_ed" timestamp="2026-03-23T14:17:10Z" hostname="21b046d7c3c6" tests="1" skipped="0" failures="0" errors="0" time="0.334">
    <testcase time="0.334" classname="listing_ael02_ed" name="AEL02_ED_listing_is_produced_correctly"/>
  </testsuite>
  <testsuite name="listing_ael03" timestamp="2026-03-23T14:17:10Z" hostname="21b046d7c3c6" tests="1" skipped="0" failures="0" errors="0" time="0.276">
    <testcase time="0.276" classname="listing_ael03" name="AEL03_listing_is_produced_correctly"/>
  </testsuite>
  <testsuite name="listing_ael04" timestamp="2026-03-23T14:17:10Z" hostname="21b046d7c3c6" tests="1" skipped="0" failures="0" errors="0" time="0.195">
    <testcase time="0.195" classname="listing_ael04" name="AEL04_listing_is_produced_correctly"/>
  </testsuite>
  <testsuite name="listing_cml01" timestamp="2026-03-23T14:17:10Z" hostname="21b046d7c3c6" tests="1" skipped="0" failures="0" errors="0" time="0.335">
    <testcase time="0.334999999999999" classname="listing_cml01" name="CML01_listing_is_produced_correctly"/>
  </testsuite>
  <testsuite name="listing_cml02a_gl" timestamp="2026-03-23T14:17:11Z" hostname="21b046d7c3c6" tests="1" skipped="0" failures="0" errors="0" time="0.112">
    <testcase time="0.112" classname="listing_cml02a_gl" name="CML02A_GL_listing_is_produced_correctly"/>
  </testsuite>
  <testsuite name="listing_cml02b_gl" timestamp="2026-03-23T14:17:11Z" hostname="21b046d7c3c6" tests="1" skipped="0" failures="0" errors="0" time="0.165">
    <testcase time="0.165000000000001" classname="listing_cml02b_gl" name="CML02B_GL_listing_is_produced_correctly"/>
  </testsuite>
  <testsuite name="listing_dsl01" timestamp="2026-03-23T14:17:11Z" hostname="21b046d7c3c6" tests="1" skipped="0" failures="0" errors="0" time="0.163">
    <testcase time="0.163" classname="listing_dsl01" name="DSL01_listing_is_produced_correctly"/>
  </testsuite>
  <testsuite name="listing_dsl02" timestamp="2026-03-23T14:17:11Z" hostname="21b046d7c3c6" tests="1" skipped="0" failures="0" errors="0" time="0.07">
    <testcase time="0.0700000000000003" classname="listing_dsl02" name="DSL02_listing_is_produced_correctly"/>
  </testsuite>
  <testsuite name="listing_dsur4" timestamp="2026-03-23T14:17:11Z" hostname="21b046d7c3c6" tests="1" skipped="0" failures="0" errors="0" time="0.095">
    <testcase time="0.0949999999999989" classname="listing_dsur4" name="DSUR4_listing_is_produced_correctly"/>
  </testsuite>
  <testsuite name="listing_egl01" timestamp="2026-03-23T14:17:11Z" hostname="21b046d7c3c6" tests="1" skipped="0" failures="0" errors="0" time="0.435">
    <testcase time="0.434999999999999" classname="listing_egl01" name="EGL01_listing_is_produced_correctly"/>
  </testsuite>
  <testsuite name="listing_exl01" timestamp="2026-03-23T14:17:12Z" hostname="21b046d7c3c6" tests="1" skipped="0" failures="0" errors="0" time="0.22">
    <testcase time="0.220000000000001" classname="listing_exl01" name="EXL01_listing_is_produced_correctly"/>
  </testsuite>
  <testsuite name="listing_lbl01" timestamp="2026-03-23T14:17:12Z" hostname="21b046d7c3c6" tests="1" skipped="0" failures="0" errors="0" time="0.559">
    <testcase time="0.558999999999999" classname="listing_lbl01" name="LBL01_listing_is_produced_correctly"/>
  </testsuite>
  <testsuite name="listing_lbl01_rls" timestamp="2026-03-23T14:17:13Z" hostname="21b046d7c3c6" tests="1" skipped="0" failures="0" errors="0" time="0.535">
    <testcase time="0.535" classname="listing_lbl01_rls" name="LBL01_RLS_listing_is_produced_correctly"/>
  </testsuite>
  <testsuite name="listing_lbl02a" timestamp="2026-03-23T14:17:13Z" hostname="21b046d7c3c6" tests="1" skipped="0" failures="0" errors="0" time="0.265">
    <testcase time="0.265000000000001" classname="listing_lbl02a" name="LBL02A_listing_is_produced_correctly"/>
  </testsuite>
  <testsuite name="listing_lbl02a_rls" timestamp="2026-03-23T14:17:13Z" hostname="21b046d7c3c6" tests="1" skipped="0" failures="0" errors="0" time="0.805">
    <testcase time="0.805" classname="listing_lbl02a_rls" name="LBL02A_RLS_listing_is_produced_correctly"/>
  </testsuite>
  <testsuite name="listing_lbl02b" timestamp="2026-03-23T14:17:14Z" hostname="21b046d7c3c6" tests="1" skipped="0" failures="0" errors="0" time="0.252">
    <testcase time="0.251999999999999" classname="listing_lbl02b" name="LBL02B_listing_is_produced_correctly"/>
  </testsuite>
  <testsuite name="listing_mhl01" timestamp="2026-03-23T14:17:14Z" hostname="21b046d7c3c6" tests="1" skipped="0" failures="0" errors="0" time="0.251">
    <testcase time="0.251000000000001" classname="listing_mhl01" name="MHL01_listing_is_produced_correctly"/>
  </testsuite>
  <testsuite name="listing_oncl01" timestamp="2026-03-23T14:17:15Z" hostname="21b046d7c3c6" tests="1" skipped="0" failures="0" errors="0" time="0.216">
    <testcase time="0.216000000000001" classname="listing_oncl01" name="ONCL01_listing_is_produced_correctly"/>
  </testsuite>
  <testsuite name="listing_pkcl01" timestamp="2026-03-23T14:17:15Z" hostname="21b046d7c3c6" tests="2" skipped="0" failures="0" errors="0" time="0.515">
    <testcase time="0.177" classname="listing_pkcl01" name="PKCL01_listing_is_produced_correctly"/>
    <testcase time="0.338000000000001" classname="listing_pkcl01" name="PKCL01_listing_key_columns_values_are_repeated_when_entries_span_multiple_pages"/>
  </testsuite>
  <testsuite name="listing_pkcl02" timestamp="2026-03-23T14:17:15Z" hostname="21b046d7c3c6" tests="1" skipped="0" failures="0" errors="0" time="0.207">
    <testcase time="0.206999999999997" classname="listing_pkcl02" name="PKCL02_listing_is_produced_correctly"/>
  </testsuite>
  <testsuite name="listing_pkpl01" timestamp="2026-03-23T14:17:16Z" hostname="21b046d7c3c6" tests="1" skipped="0" failures="0" errors="0" time="0.195">
    <testcase time="0.195" classname="listing_pkpl01" name="PKPL01_listing_is_produced_correctly"/>
  </testsuite>
  <testsuite name="listing_pkpl02" timestamp="2026-03-23T14:17:16Z" hostname="21b046d7c3c6" tests="1" skipped="0" failures="0" errors="0" time="0.139">
    <testcase time="0.138999999999999" classname="listing_pkpl02" name="PKPL02_listing_is_produced_correctly"/>
  </testsuite>
  <testsuite name="listing_pkpl04" timestamp="2026-03-23T14:17:16Z" hostname="21b046d7c3c6" tests="1" skipped="0" failures="0" errors="0" time="0.202">
    <testcase time="0.202000000000002" classname="listing_pkpl04" name="PKPL04_listing_is_produced_correctly"/>
  </testsuite>
  <testsuite name="listing_vsl01" timestamp="2026-03-23T14:17:16Z" hostname="21b046d7c3c6" tests="1" skipped="0" failures="0" errors="0" time="0.429">
    <testcase time="0.428999999999998" classname="listing_vsl01" name="VSL01_listing_is_produced_correctly"/>
  </testsuite>
  <testsuite name="lsfae01" timestamp="2026-03-23T14:17:17Z" hostname="21b046d7c3c6" tests="1" skipped="0" failures="0" errors="0" time="0.564">
    <testcase time="0.564" classname="lsfae01" name="lsfae01"/>
  </testsuite>
  <testsuite name="lsfae02" timestamp="2026-03-23T14:17:17Z" hostname="21b046d7c3c6" tests="1" skipped="0" failures="0" errors="0" time="0.47">
    <testcase time="0.470000000000002" classname="lsfae02" name="lsfae02"/>
  </testsuite>
  <testsuite name="lsfae03" timestamp="2026-03-23T14:17:18Z" hostname="21b046d7c3c6" tests="1" skipped="0" failures="0" errors="0" time="0.307">
    <testcase time="0.306999999999999" classname="lsfae03" name="lsfae03"/>
  </testsuite>
  <testsuite name="lsfae04" timestamp="2026-03-23T14:17:18Z" hostname="21b046d7c3c6" tests="1" skipped="0" failures="0" errors="0" time="0.188">
    <testcase time="0.187999999999999" classname="lsfae04" name="lsfae04"/>
  </testsuite>
  <testsuite name="lsfae05" timestamp="2026-03-23T14:17:18Z" hostname="21b046d7c3c6" tests="1" skipped="0" failures="0" errors="0" time="0.475">
    <testcase time="0.475000000000001" classname="lsfae05" name="lsfae05"/>
  </testsuite>
  <testsuite name="lsfae06a" timestamp="2026-03-23T14:17:19Z" hostname="21b046d7c3c6" tests="1" skipped="0" failures="0" errors="0" time="0.406">
    <testcase time="0.405999999999999" classname="lsfae06a" name="lsfae06a"/>
  </testsuite>
  <testsuite name="lsfae06b" timestamp="2026-03-23T14:17:19Z" hostname="21b046d7c3c6" tests="1" skipped="0" failures="0" errors="0" time="0.401">
    <testcase time="0.401" classname="lsfae06b" name="lsfae06b"/>
  </testsuite>
  <testsuite name="lsfdth01" timestamp="2026-03-23T14:17:19Z" hostname="21b046d7c3c6" tests="1" skipped="0" failures="0" errors="0" time="0.2">
    <testcase time="0.200000000000003" classname="lsfdth01" name="lsfdth01"/>
  </testsuite>
  <testsuite name="lsfecg01" timestamp="2026-03-23T14:17:20Z" hostname="21b046d7c3c6" tests="1" skipped="0" failures="0" errors="0" time="0.727">
    <testcase time="0.727" classname="lsfecg01" name="lsfecg01"/>
  </testsuite>
  <testsuite name="lsfecg02part1" timestamp="2026-03-23T14:17:20Z" hostname="21b046d7c3c6" tests="1" skipped="0" failures="0" errors="0" time="1.783">
    <testcase time="1.783" classname="lsfecg02part1" name="lsfecg02part1of3"/>
  </testsuite>
  <testsuite name="lsfecg02part2" timestamp="2026-03-23T14:17:22Z" hostname="21b046d7c3c6" tests="1" skipped="0" failures="0" errors="0" time="1.45">
    <testcase time="1.45" classname="lsfecg02part2" name="lsfecg02part2of3"/>
  </testsuite>
  <testsuite name="lsfecg02part3" timestamp="2026-03-23T14:17:24Z" hostname="21b046d7c3c6" tests="1" skipped="0" failures="0" errors="0" time="1.49">
    <testcase time="1.49" classname="lsfecg02part3" name="lsfecg02part3of3"/>
  </testsuite>
  <testsuite name="lsflab01" timestamp="2026-03-23T14:17:25Z" hostname="21b046d7c3c6" tests="1" skipped="0" failures="0" errors="0" time="0.534">
    <testcase time="0.533999999999999" classname="lsflab01" name="lsflab01"/>
  </testsuite>
  <testsuite name="lsfvit01" timestamp="2026-03-23T14:17:26Z" hostname="21b046d7c3c6" tests="1" skipped="0" failures="0" errors="0" time="1.636">
    <testcase time="1.636" classname="lsfvit01" name="lsfvit01"/>
  </testsuite>
  <testsuite name="lsfvit02" timestamp="2026-03-23T14:17:27Z" hostname="21b046d7c3c6" tests="1" skipped="0" failures="0" errors="0" time="2.026">
    <testcase time="2.026" classname="lsfvit02" name="lsfvit02"/>
  </testsuite>
  <testsuite name="lsicm01" timestamp="2026-03-23T14:17:29Z" hostname="21b046d7c3c6" tests="1" skipped="0" failures="0" errors="0" time="0.589">
    <testcase time="0.588999999999999" classname="lsicm01" name="lsicm01"/>
  </testsuite>
  <testsuite name="lsidem01" timestamp="2026-03-23T14:17:30Z" hostname="21b046d7c3c6" tests="1" skipped="0" failures="0" errors="0" time="0.416">
    <testcase time="0.416000000000004" classname="lsidem01" name="lsidem01"/>
  </testsuite>
  <testsuite name="lsidem02" timestamp="2026-03-23T14:17:30Z" hostname="21b046d7c3c6" tests="1" skipped="0" failures="0" errors="0" time="0.36">
    <testcase time="0.359999999999999" classname="lsidem02" name="lsidem02"/>
  </testsuite>
  <testsuite name="lsids01" timestamp="2026-03-23T14:17:31Z" hostname="21b046d7c3c6" tests="1" skipped="0" failures="0" errors="0" time="0.4">
    <testcase time="0.399999999999999" classname="lsids01" name="lsids01"/>
  </testsuite>
  <testsuite name="lsids02" timestamp="2026-03-23T14:17:31Z" hostname="21b046d7c3c6" tests="1" skipped="0" failures="0" errors="0" time="0.402">
    <testcase time="0.402000000000001" classname="lsids02" name="lsids02"/>
  </testsuite>
  <testsuite name="lsids03" timestamp="2026-03-23T14:17:31Z" hostname="21b046d7c3c6" tests="1" skipped="0" failures="0" errors="0" time="0.402">
    <testcase time="0.402000000000001" classname="lsids03" name="lsids03"/>
  </testsuite>
  <testsuite name="lsids04" timestamp="2026-03-23T14:17:32Z" hostname="21b046d7c3c6" tests="1" skipped="0" failures="0" errors="0" time="0.166">
    <testcase time="0.165999999999997" classname="lsids04" name="lsids04"/>
  </testsuite>
  <testsuite name="lsids05" timestamp="2026-03-23T14:17:32Z" hostname="21b046d7c3c6" tests="1" skipped="0" failures="0" errors="0" time="0.134">
    <testcase time="0.134" classname="lsids05" name="lsids05"/>
  </testsuite>
  <testsuite name="lsiex01" timestamp="2026-03-23T14:17:32Z" hostname="21b046d7c3c6" tests="1" skipped="0" failures="0" errors="0" time="0.451">
    <testcase time="0.451000000000001" classname="lsiex01" name="lsiex01"/>
  </testsuite>
  <testsuite name="lsiex02" timestamp="2026-03-23T14:17:33Z" hostname="21b046d7c3c6" tests="1" skipped="0" failures="0" errors="0" time="0.347">
    <testcase time="0.347000000000001" classname="lsiex02" name="lsiex02"/>
  </testsuite>
  <testsuite name="lsiex03" timestamp="2026-03-23T14:17:33Z" hostname="21b046d7c3c6" tests="1" skipped="0" failures="0" errors="0" time="0.486">
    <testcase time="0.485999999999997" classname="lsiex03" name="lsiex03"/>
  </testsuite>
  <testsuite name="lsimh01" timestamp="2026-03-23T14:17:33Z" hostname="21b046d7c3c6" tests="1" skipped="0" failures="0" errors="0" time="0.422">
    <testcase time="0.422000000000004" classname="lsimh01" name="lsimh01"/>
  </testsuite>
  <testsuite name="pagination_listing" timestamp="2026-03-23T14:17:34Z" hostname="21b046d7c3c6" tests="13" skipped="0" failures="0" errors="0" time="3.952">
    <testcase time="0.0529999999999973" classname="pagination_listing" name="Direct_pagination_works_fine"/>
    <testcase time="0.648000000000003" classname="pagination_listing" name="Direct_pagination_works_fine"/>
    <testcase time="0.00300000000000011" classname="pagination_listing" name="Direct_pagination_works_fine"/>
    <testcase time="0.591000000000001" classname="pagination_listing" name="Direct_pagination_works_fine"/>
    <testcase time="0.989999999999995" classname="pagination_listing" name="Direct_pagination_works_fine"/>
    <testcase time="0.809000000000005" classname="pagination_listing" name="pagination_counts_the_right_number_of_lines_when_wrapping_on_keycols_is_present"/>
    <testcase time="0.017000000000003" classname="pagination_listing" name="pagination_counts_the_right_number_of_lines_when_wrapping_on_keycols_is_present"/>
    <testcase time="0.00799999999999557" classname="pagination_listing" name="pagination_counts_the_right_number_of_lines_when_wrapping_on_keycols_is_present"/>
    <testcase time="0.00500000000000256" classname="pagination_listing" name="pagination_counts_the_right_number_of_lines_when_wrapping_on_keycols_is_present"/>
    <testcase time="0.811" classname="pagination_listing" name="pagination_counts_the_right_number_of_lines_when_wrapping_on_keycols_is_present"/>
    <testcase time="0.0069999999999979" classname="pagination_listing" name="pagination_counts_the_right_number_of_lines_when_wrapping_on_keycols_is_present"/>
    <testcase time="0.00500000000000256" classname="pagination_listing" name="pagination_counts_the_right_number_of_lines_when_wrapping_on_keycols_is_present"/>
    <testcase time="0.00499999999999545" classname="pagination_listing" name="pagination_counts_the_right_number_of_lines_when_wrapping_on_keycols_is_present"/>
  </testsuite>
  <testsuite name="pagination_table" timestamp="2026-03-23T14:17:39Z" hostname="21b046d7c3c6" tests="30" skipped="0" failures="0" errors="0" time="14.447">
    <testcase time="1.867" classname="pagination_table" name="Direct_pagination_with_standard_values"/>
    <testcase time="0.00499999999999545" classname="pagination_table" name="Direct_pagination_with_standard_values"/>
    <testcase time="0.00400000000000489" classname="pagination_table" name="Direct_pagination_with_standard_values"/>
    <testcase time="1.352" classname="pagination_table" name="Pagination_with_specific_column_widths_and_minimum_lines_per_page"/>
    <testcase time="0.00500000000000256" classname="pagination_table" name="Pagination_with_specific_column_widths_and_minimum_lines_per_page"/>
    <testcase time="0.118000000000002" classname="pagination_table" name="Pagination_with_specific_column_widths_and_minimum_lines_per_page"/>
    <testcase time="1.073" classname="pagination_table" name="Pagination_works_also_if_table_is_decorated"/>
    <testcase time="0.582999999999998" classname="pagination_table" name="Pagination_works_also_if_table_is_decorated"/>
    <testcase time="1.104" classname="pagination_table" name="Pagination_works_also_if_table_is_decorated"/>
    <testcase time="0.625" classname="pagination_table" name="Pagination_works_also_if_table_is_decorated"/>
    <testcase time="1.303" classname="pagination_table" name="Pagination_works_also_if_table_is_decorated"/>
    <testcase time="0.313000000000002" classname="pagination_table" name="Pagination_works_also_if_table_is_decorated"/>
    <testcase time="0.00500000000000256" classname="pagination_table" name="Pagination_works_also_if_table_is_decorated"/>
    <testcase time="0.00900000000000034" classname="pagination_table" name="Pagination_works_also_if_table_is_decorated"/>
    <testcase time="0.130999999999993" classname="pagination_table" name="Pagination_works_also_if_table_is_decorated"/>
    <testcase time="0.0730000000000004" classname="pagination_table" name="Pagination_works_also_if_table_is_decorated"/>
    <testcase time="0.664000000000001" classname="pagination_table" name="Pagination_works_for_page_types"/>
    <testcase time="0.0620000000000047" classname="pagination_table" name="Pagination_works_for_page_types"/>
    <testcase time="0.676000000000002" classname="pagination_table" name="Pagination_works_for_page_types"/>
    <testcase time="0.0629999999999953" classname="pagination_table" name="Pagination_works_for_page_types"/>
    <testcase time="0.640000000000001" classname="pagination_table" name="Pagination_works_for_page_types"/>
    <testcase time="0.369" classname="pagination_table" name="Pagination_works_for_page_types"/>
    <testcase time="0.688000000000002" classname="pagination_table" name="Pagination_works_for_page_width_and_height"/>
    <testcase time="0.119" classname="pagination_table" name="Pagination_works_for_page_width_and_height"/>
    <testcase time="0.771000000000001" classname="pagination_table" name="Pagination_works_for_page_types"/>
    <testcase time="0.147999999999996" classname="pagination_table" name="Pagination_works_for_page_types"/>
    <testcase time="0.923000000000002" classname="pagination_table" name="AET04_variant_2_page_by_pagination_tests"/>
    <testcase time="0.622999999999998" classname="pagination_table" name="AET04_variant_2_page_by_pagination_tests"/>
    <testcase time="0.00300000000000011" classname="pagination_table" name="AET04_variant_2_page_by_pagination_tests"/>
    <testcase time="0.128" classname="pagination_table" name="AET04_variant_2_page_by_pagination_tests"/>
  </testsuite>
  <testsuite name="table_adat03" timestamp="2026-03-23T14:17:52Z" hostname="21b046d7c3c6" tests="2" skipped="0" failures="0" errors="0" time="0.6">
    <testcase time="0.463000000000001" classname="table_adat03" name="ADAT03_is_produced_correctly"/>
    <testcase time="0.137" classname="table_adat03" name="ADAT03_is_produced_correctly"/>
  </testsuite>
  <testsuite name="table_aet01" timestamp="2026-03-23T14:17:53Z" hostname="21b046d7c3c6" tests="8" skipped="0" failures="0" errors="0" time="1.891">
    <testcase time="0.431000000000004" classname="table_aet01" name="Safety_Summary_Variant_1_works_as_expected"/>
    <testcase time="0.097999999999999" classname="table_aet01" name="Safety_Summary_Variant_1_works_as_expected"/>
    <testcase time="0.369999999999997" classname="table_aet01" name="Safety_Summary_Variant_2_with_Medical_Concepts_Section_works_as_expected"/>
    <testcase time="0.100999999999999" classname="table_aet01" name="Safety_Summary_Variant_2_with_Medical_Concepts_Section_works_as_expected"/>
    <testcase time="0.298999999999999" classname="table_aet01" name="Safety_Summary_Variant_3_with_Modified_Rows_works_as_expected"/>
    <testcase time="0.0750000000000028" classname="table_aet01" name="Safety_Summary_Variant_3_with_Modified_Rows_works_as_expected"/>
    <testcase time="0.402000000000001" classname="table_aet01" name="Safety_Summary_Variant_4_with_Rows_Counting_Events_and_Additional_Sections_works_as_expected"/>
    <testcase time="0.114999999999995" classname="table_aet01" name="Safety_Summary_Variant_4_with_Rows_Counting_Events_and_Additional_Sections_works_as_expected"/>
  </testsuite>
  <testsuite name="table_aet01_aesi" timestamp="2026-03-23T14:17:55Z" hostname="21b046d7c3c6" tests="8" skipped="0" failures="0" errors="0" time="2.87">
    <testcase time="0.307000000000002" classname="table_aet01_aesi" name="AET01_AESI_Variant_1_works_as_expected"/>
    <testcase time="0.0970000000000013" classname="table_aet01_aesi" name="AET01_AESI_Variant_1_works_as_expected"/>
    <testcase time="0.539999999999999" classname="table_aet01_aesi" name="AET01_AESI_Variant_2_works_as_expected"/>
    <testcase time="0.125" classname="table_aet01_aesi" name="AET01_AESI_Variant_2_works_as_expected"/>
    <testcase time="0.759999999999998" classname="table_aet01_aesi" name="AET01_AESI_Variant_3_works_as_expected"/>
    <testcase time="0.194000000000003" classname="table_aet01_aesi" name="AET01_AESI_Variant_3_works_as_expected"/>
    <testcase time="0.651000000000003" classname="table_aet01_aesi" name="AET01_AESI_Variant_4_works_as_expected"/>
    <testcase time="0.195999999999998" classname="table_aet01_aesi" name="AET01_AESI_Variant_4_works_as_expected"/>
  </testsuite>
  <testsuite name="table_aet02" timestamp="2026-03-23T14:17:58Z" hostname="21b046d7c3c6" tests="26" skipped="0" failures="0" errors="0" time="8.938">
    <testcase time="0.634" classname="table_aet02" name="AET02_variant_1_is_produced_correctly"/>
    <testcase time="0.164000000000001" classname="table_aet02" name="AET02_variant_1_is_produced_correctly"/>
    <testcase time="0.422999999999995" classname="table_aet02" name="AET02_variant_1_is_produced_correctly"/>
    <testcase time="0.111000000000004" classname="table_aet02" name="AET02_variant_1_is_produced_correctly"/>
    <testcase time="0.716000000000001" classname="table_aet02" name="AET02_variant_2_is_produced_correctly"/>
    <testcase time="0.156999999999996" classname="table_aet02" name="AET02_variant_2_is_produced_correctly"/>
    <testcase time="1.068" classname="table_aet02" name="AET02_variant_3_is_produced_correctly"/>
    <testcase time="0.325999999999993" classname="table_aet02" name="AET02_variant_3_is_produced_correctly"/>
    <testcase time="0.138000000000005" classname="table_aet02" name="AET02_variant_4_is_produced_correctly"/>
    <testcase time="0.100999999999999" classname="table_aet02" name="AET02_variant_4_is_produced_correctly"/>
    <testcase time="0.486999999999995" classname="table_aet02" name="AET02_variant_5_is_produced_correctly"/>
    <testcase time="0.159999999999997" classname="table_aet02" name="AET02_variant_5_is_produced_correctly"/>
    <testcase time="0.445000000000007" classname="table_aet02" name="AET02_variant_6_is_produced_correctly"/>
    <testcase time="0.103999999999999" classname="table_aet02" name="AET02_variant_6_is_produced_correctly"/>
    <testcase time="1.045" classname="table_aet02" name="AET02_variant_7_is_produced_correctly"/>
    <testcase time="0.151999999999987" classname="table_aet02" name="AET02_variant_7_is_produced_correctly"/>
    <testcase time="0.467000000000013" classname="table_aet02" name="AET02_variant_8_is_produced_correctly"/>
    <testcase time="0.0659999999999883" classname="table_aet02" name="AET02_variant_8_is_produced_correctly"/>
    <testcase time="0.451000000000008" classname="table_aet02" name="AET02_variant_9_is_produced_correctly"/>
    <testcase time="0.106999999999999" classname="table_aet02" name="AET02_variant_9_is_produced_correctly"/>
    <testcase time="0.459000000000003" classname="table_aet02" name="AET02_variant_10_is_produced_correctly"/>
    <testcase time="0.0829999999999984" classname="table_aet02" name="AET02_variant_10_is_produced_correctly"/>
    <testcase time="0.471000000000004" classname="table_aet02" name="AET02_variant_11_is_produced_correctly"/>
    <testcase time="0.0619999999999976" classname="table_aet02" name="AET02_variant_11_is_produced_correctly"/>
    <testcase time="0.47399999999999" classname="table_aet02" name="AET02_variant_12_is_produced_correctly"/>
    <testcase time="0.0670000000000073" classname="table_aet02" name="AET02_variant_12_is_produced_correctly"/>
  </testsuite>
  <testsuite name="table_aet02_smq" timestamp="2026-03-23T14:18:07Z" hostname="21b046d7c3c6" tests="4" skipped="0" failures="0" errors="0" time="0.463">
    <testcase time="0.149000000000001" classname="table_aet02_smq" name="AET02SMQ_variant_1_is_produced_correctly"/>
    <testcase time="0.0570000000000022" classname="table_aet02_smq" name="AET02SMQ_variant_1_is_produced_correctly"/>
    <testcase time="0.185999999999993" classname="table_aet02_smq" name="AET02SMQ_variant_2_is_produced_correctly"/>
    <testcase time="0.070999999999998" classname="table_aet02_smq" name="AET02SMQ_variant_2_is_produced_correctly"/>
  </testsuite>
  <testsuite name="table_aet03" timestamp="2026-03-23T14:18:07Z" hostname="21b046d7c3c6" tests="6" skipped="0" failures="0" errors="0" time="5.182">
    <testcase time="1.545" classname="table_aet03" name="AET03_variant_1_is_produced_correctly"/>
    <testcase time="0.394000000000005" classname="table_aet03" name="AET03_variant_1_is_produced_correctly"/>
    <testcase time="1.328" classname="table_aet03" name="AET03_variant_1_is_produced_correctly"/>
    <testcase time="0.658000000000001" classname="table_aet03" name="AET03_variant_1_is_produced_correctly"/>
    <testcase time="1.04499999999999" classname="table_aet03" name="AET03_variant_1_is_produced_correctly"/>
    <testcase time="0.212000000000003" classname="table_aet03" name="AET03_variant_1_is_produced_correctly"/>
  </testsuite>
  <testsuite name="table_aet04" timestamp="2026-03-23T14:18:13Z" hostname="21b046d7c3c6" tests="30" skipped="0" failures="0" errors="0" time="13.091">
    <testcase time="0.820000000000007" classname="table_aet04" name="AET04_variant_1_is_produced_correctly"/>
    <testcase time="0.307999999999993" classname="table_aet04" name="AET04_variant_1_is_produced_correctly"/>
    <testcase time="0.769999999999996" classname="table_aet04" name="AET04_variant_1_is_produced_correctly"/>
    <testcase time="0.0550000000000068" classname="table_aet04" name="AET04_variant_1_is_produced_correctly"/>
    <testcase time="0.0420000000000016" classname="table_aet04" name="AET04_variant_1_is_produced_correctly"/>
    <testcase time="0.724000000000004" classname="table_aet04" name="AET04_variant_2_is_produced_correctly_Fill_in_of_Treatment_Groups_"/>
    <testcase time="0.263000000000005" classname="table_aet04" name="AET04_variant_2_is_produced_correctly_Fill_in_of_Treatment_Groups_"/>
    <testcase time="0.725999999999999" classname="table_aet04" name="AET04_variant_2_is_produced_correctly_Fill_in_of_Treatment_Groups_"/>
    <testcase time="0.0550000000000068" classname="table_aet04" name="AET04_variant_2_is_produced_correctly_Fill_in_of_Treatment_Groups_"/>
    <testcase time="0.039999999999992" classname="table_aet04" name="AET04_variant_2_is_produced_correctly_Fill_in_of_Treatment_Groups_"/>
    <testcase time="0.766000000000005" classname="table_aet04" name="AET04_variant_3_is_produced_correctly_Fill_in_of_Grades_"/>
    <testcase time="0.331999999999994" classname="table_aet04" name="AET04_variant_3_is_produced_correctly_Fill_in_of_Grades_"/>
    <testcase time="0.799999999999997" classname="table_aet04" name="AET04_variant_3_is_produced_correctly_Fill_in_of_Grades_"/>
    <testcase time="0.0430000000000064" classname="table_aet04" name="AET04_variant_3_is_produced_correctly_Fill_in_of_Grades_"/>
    <testcase time="0.0549999999999926" classname="table_aet04" name="AET04_variant_3_is_produced_correctly_Fill_in_of_Grades_"/>
    <testcase time="0.769000000000005" classname="table_aet04" name="AET04_variant_4_is_produced_correctly_Collapsing_of_Grades_grades_1_2_grades_3_4_5_"/>
    <testcase time="0.313000000000002" classname="table_aet04" name="AET04_variant_4_is_produced_correctly_Collapsing_of_Grades_grades_1_2_grades_3_4_5_"/>
    <testcase time="0.789999999999992" classname="table_aet04" name="AET04_variant_4_is_produced_correctly_Collapsing_of_Grades_grades_1_2_grades_3_4_5_"/>
    <testcase time="0.852000000000004" classname="table_aet04" name="AET04_variant_6_is_produced_correctly_with_an_Incidence_Rate_of_at_Least_5_totals_restricted_"/>
    <testcase time="0.329000000000008" classname="table_aet04" name="AET04_variant_6_is_produced_correctly_with_an_Incidence_Rate_of_at_Least_5_totals_restricted_"/>
    <testcase time="0.808999999999997" classname="table_aet04" name="AET04_variant_6_is_produced_correctly_with_an_Incidence_Rate_of_at_Least_5_totals_restricted_"/>
    <testcase time="0.0109999999999957" classname="table_aet04" name="AET04_variant_8_is_produced_correctly_with_an_Incidence_Rate_of_at_Least_X_Patients_"/>
    <testcase time="0.326999999999998" classname="table_aet04" name="AET04_variant_8_is_produced_correctly_with_an_Incidence_Rate_of_at_Least_X_Patients_"/>
    <testcase time="0.801000000000002" classname="table_aet04" name="AET04_variant_8_is_produced_correctly_with_an_Incidence_Rate_of_at_Least_X_Patients_"/>
    <testcase time="0.0150000000000006" classname="table_aet04" name="AET04_variant_9_is_produced_correctly_with_a_Difference_in_Incidence_Rate_of_at_Least_X_"/>
    <testcase time="0.310000000000002" classname="table_aet04" name="AET04_variant_9_is_produced_correctly_with_a_Difference_in_Incidence_Rate_of_at_Least_X_"/>
    <testcase time="0.832999999999998" classname="table_aet04" name="AET04_variant_9_is_produced_correctly_with_a_Difference_in_Incidence_Rate_of_at_Least_X_"/>
    <testcase time="0.0120000000000005" classname="table_aet04" name="AET04_variant_11_is_produced_correctly_with_Incidence_Rate_of_at_Least_X_all_SOCs_w_o_preferred_terms_removed_"/>
    <testcase time="0.304000000000002" classname="table_aet04" name="AET04_variant_11_is_produced_correctly_with_Incidence_Rate_of_at_Least_X_all_SOCs_w_o_preferred_terms_removed_"/>
    <testcase time="0.816999999999993" classname="table_aet04" name="AET04_variant_11_is_produced_correctly_with_Incidence_Rate_of_at_Least_X_all_SOCs_w_o_preferred_terms_removed_"/>
  </testsuite>
  <testsuite name="table_aet04_pi" timestamp="2026-03-23T14:18:25Z" hostname="21b046d7c3c6" tests="18" skipped="0" failures="0" errors="0" time="7.485">
    <testcase time="0.677000000000007" classname="table_aet04_pi" name="AET04_PI_full_table_is_produced_correctly"/>
    <testcase time="0.222999999999999" classname="table_aet04_pi" name="AET04_PI_full_table_is_produced_correctly"/>
    <testcase time="0.679000000000002" classname="table_aet04_pi" name="AET04_PI_variant_1_is_produced_correctly"/>
    <testcase time="0.155999999999992" classname="table_aet04_pi" name="AET04_PI_variant_1_is_produced_correctly"/>
    <testcase time="0.687000000000012" classname="table_aet04_pi" name="AET04_PI_variant_2_is_produced_correctly"/>
    <testcase time="0.0969999999999942" classname="table_aet04_pi" name="AET04_PI_variant_2_is_produced_correctly"/>
    <testcase time="0.691000000000003" classname="table_aet04_pi" name="AET04_PI_variant_3_is_produced_correctly"/>
    <testcase time="0.113" classname="table_aet04_pi" name="AET04_PI_variant_3_is_produced_correctly"/>
    <testcase time="0.700000000000003" classname="table_aet04_pi" name="AET04_PI_variant_4_is_produced_correctly"/>
    <testcase time="0.0829999999999984" classname="table_aet04_pi" name="AET04_PI_variant_4_is_produced_correctly"/>
    <testcase time="0.689999999999998" classname="table_aet04_pi" name="AET04_PI_variant_5_is_produced_correctly"/>
    <testcase time="0.143000000000001" classname="table_aet04_pi" name="AET04_PI_variant_5_is_produced_correctly"/>
    <testcase time="0.858000000000004" classname="table_aet04_pi" name="AET04_PI_variant_6_is_produced_correctly"/>
    <testcase time="0.149999999999991" classname="table_aet04_pi" name="AET04_PI_variant_6_is_produced_correctly"/>
    <testcase time="1.093" classname="table_aet04_pi" name="AET04_PI_variant_7_is_produced_correctly"/>
    <testcase time="0.138000000000005" classname="table_aet04_pi" name="AET04_PI_variant_7_is_produced_correctly"/>
    <testcase time="0.194999999999993" classname="table_aet04_pi" name="AET04_PI_variant_8_is_produced_correctly"/>
    <testcase time="0.111999999999995" classname="table_aet04_pi" name="AET04_PI_variant_8_is_produced_correctly"/>
  </testsuite>
  <testsuite name="table_aet05" timestamp="2026-03-23T14:18:33Z" hostname="21b046d7c3c6" tests="4" skipped="0" failures="0" errors="0" time="0.274">
    <testcase time="0.106000000000009" classname="table_aet05" name="AET05_variant_1_is_produced_correctly"/>
    <testcase time="0.0480000000000018" classname="table_aet05" name="AET05_variant_1_is_produced_correctly"/>
    <testcase time="0.0719999999999885" classname="table_aet05" name="AET05_variant_2_is_produced_correctly"/>
    <testcase time="0.0480000000000018" classname="table_aet05" name="AET05_variant_2_is_produced_correctly"/>
  </testsuite>
  <testsuite name="table_aet05_all" timestamp="2026-03-23T14:18:33Z" hostname="21b046d7c3c6" tests="4" skipped="0" failures="0" errors="0" time="0.295">
    <testcase time="0.137" classname="table_aet05_all" name="AET05_ALL_variant_1_is_produced_correctly"/>
    <testcase time="0.046999999999997" classname="table_aet05_all" name="AET05_ALL_variant_1_is_produced_correctly"/>
    <testcase time="0.0640000000000072" classname="table_aet05_all" name="AET05_ALL_variant_2_is_produced_correctly"/>
    <testcase time="0.046999999999997" classname="table_aet05_all" name="AET05_ALL_variant_2_is_produced_correctly"/>
  </testsuite>
  <testsuite name="table_aet06" timestamp="2026-03-23T14:18:33Z" hostname="21b046d7c3c6" tests="6" skipped="0" failures="0" errors="0" time="3.746">
    <testcase time="0.605000000000004" classname="table_aet06" name="AET06_variant_1_is_produced_correctly"/>
    <testcase time="0.195999999999998" classname="table_aet06" name="AET06_variant_1_is_produced_correctly"/>
    <testcase time="1.006" classname="table_aet06" name="AET06_variant_3_is_produced_correctly"/>
    <testcase time="0.274000000000001" classname="table_aet06" name="AET06_variant_3_is_produced_correctly"/>
    <testcase time="1.31999999999999" classname="table_aet06" name="AET06_variant_5_is_produced_correctly"/>
    <testcase time="0.345000000000013" classname="table_aet06" name="AET06_variant_5_is_produced_correctly"/>
  </testsuite>
  <testsuite name="table_aet06_smq" timestamp="2026-03-23T14:18:37Z" hostname="21b046d7c3c6" tests="4" skipped="0" failures="0" errors="0" time="1.034">
    <testcase time="0.381" classname="table_aet06_smq" name="AET06_SMQ_variant_1_is_produced_correctly"/>
    <testcase time="0.129999999999995" classname="table_aet06_smq" name="AET06_SMQ_variant_1_is_produced_correctly"/>
    <testcase time="0.388999999999996" classname="table_aet06_smq" name="AET06_SMQ_variant_2_is_produced_correctly"/>
    <testcase time="0.134" classname="table_aet06_smq" name="AET06_SMQ_variant_2_is_produced_correctly"/>
  </testsuite>
  <testsuite name="table_aet07" timestamp="2026-03-23T14:18:38Z" hostname="21b046d7c3c6" tests="4" skipped="0" failures="0" errors="0" time="0.189">
    <testcase time="0.0640000000000072" classname="table_aet07" name="AET07_variant_1_is_produced_correctly"/>
    <testcase time="0.0289999999999964" classname="table_aet07" name="AET07_variant_1_is_produced_correctly"/>
    <testcase time="0.0619999999999976" classname="table_aet07" name="AET07_variant_2_is_produced_correctly"/>
    <testcase time="0.034000000000006" classname="table_aet07" name="AET07_variant_2_is_produced_correctly"/>
  </testsuite>
  <testsuite name="table_aet09" timestamp="2026-03-23T14:18:38Z" hostname="21b046d7c3c6" tests="4" skipped="0" failures="0" errors="0" time="2.113">
    <testcase time="0.61999999999999" classname="table_aet09" name="AET09_variant_1_is_produced_correctly_AE_related_to_study_drug"/>
    <testcase time="0.157000000000011" classname="table_aet09" name="AET09_variant_1_is_produced_correctly_AE_related_to_study_drug"/>
    <testcase time="1.06099999999999" classname="table_aet09" name="AET09_variant_2_is_produced_correctly_AE_related_to_study_drug_including_high_level_terms_"/>
    <testcase time="0.275000000000006" classname="table_aet09" name="AET09_variant_2_is_produced_correctly_AE_related_to_study_drug_including_high_level_terms_"/>
  </testsuite>
  <testsuite name="table_aet09_smq" timestamp="2026-03-23T14:18:40Z" hostname="21b046d7c3c6" tests="4" skipped="0" failures="0" errors="0" time="0.527">
    <testcase time="0.146000000000001" classname="table_aet09_smq" name="AET09_variant_1_AEs_related_to_study_drug_by_SMQ_is_produced_correctly"/>
    <testcase time="0.0589999999999975" classname="table_aet09_smq" name="AET09_variant_1_AEs_related_to_study_drug_by_SMQ_is_produced_correctly"/>
    <testcase time="0.225999999999999" classname="table_aet09_smq" name="AET09_variant_2_AEs_related_to_study_drug_by_SMQ_with_customized_queries_is_produced_correctly"/>
    <testcase time="0.0960000000000036" classname="table_aet09_smq" name="AET09_variant_2_AEs_related_to_study_drug_by_SMQ_with_customized_queries_is_produced_correctly"/>
  </testsuite>
  <testsuite name="table_aet10" timestamp="2026-03-23T14:18:41Z" hostname="21b046d7c3c6" tests="2" skipped="0" failures="0" errors="0" time="0.181">
    <testcase time="0.120999999999995" classname="table_aet10" name="AET10_default_variant_is_produced_correctly"/>
    <testcase time="0.0600000000000023" classname="table_aet10" name="AET10_default_variant_is_produced_correctly"/>
  </testsuite>
  <testsuite name="table_aovt01" timestamp="2026-03-23T14:18:41Z" hostname="21b046d7c3c6" tests="6" skipped="0" failures="0" errors="0" time="2.145">
    <testcase time="0.378999999999991" classname="table_aovt01" name="AOVT01_variant_with_single_endpoint_is_produced_correctly"/>
    <testcase time="0.0720000000000027" classname="table_aovt01" name="AOVT01_variant_with_single_endpoint_is_produced_correctly"/>
    <testcase time="0.715999999999994" classname="table_aovt01" name="AOVT01_variant_with_multiple_endpoints_is_produced_correctly"/>
    <testcase time="0.14500000000001" classname="table_aovt01" name="AOVT01_variant_with_multiple_endpoints_is_produced_correctly"/>
    <testcase time="0.681999999999988" classname="table_aovt01" name="AOVT01_variant_with_proportional_weights_is_produced_correctly"/>
    <testcase time="0.15100000000001" classname="table_aovt01" name="AOVT01_variant_with_proportional_weights_is_produced_correctly"/>
  </testsuite>
  <testsuite name="table_aovt02" timestamp="2026-03-23T14:18:43Z" hostname="21b046d7c3c6" tests="2" skipped="0" failures="0" errors="0" time="0.451">
    <testcase time="0.36699999999999" classname="table_aovt02" name="AOVT02_is_produced_correctly"/>
    <testcase time="0.0840000000000032" classname="table_aovt02" name="AOVT02_is_produced_correctly"/>
  </testsuite>
  <testsuite name="table_aovt03" timestamp="2026-03-23T14:18:44Z" hostname="21b046d7c3c6" tests="2" skipped="0" failures="0" errors="0" time="0.988">
    <testcase time="0.832999999999998" classname="table_aovt03" name="AOVT03_is_produced_correctly"/>
    <testcase time="0.155000000000001" classname="table_aovt03" name="AOVT03_is_produced_correctly"/>
  </testsuite>
  <testsuite name="table_cfbt01" timestamp="2026-03-23T14:18:45Z" hostname="21b046d7c3c6" tests="2" skipped="0" failures="0" errors="0" time="0.737">
    <testcase time="0.486000000000004" classname="table_cfbt01" name="CFBT01_default_variant_is_produced_correctly"/>
    <testcase time="0.251000000000005" classname="table_cfbt01" name="CFBT01_default_variant_is_produced_correctly"/>
  </testsuite>
  <testsuite name="table_cmht01" timestamp="2026-03-23T14:18:45Z" hostname="21b046d7c3c6" tests="4" skipped="0" failures="0" errors="0" time="1.808">
    <testcase time="0.399999999999991" classname="table_cmht01" name="CMHT01_variant_1_is_produced_correctly"/>
    <testcase time="0.0960000000000036" classname="table_cmht01" name="CMHT01_variant_1_is_produced_correctly"/>
    <testcase time="1.04599999999999" classname="table_cmht01" name="CMHT01_variant_2_is_produced_correctly"/>
    <testcase time="0.266000000000005" classname="table_cmht01" name="CMHT01_variant_2_is_produced_correctly"/>
  </testsuite>
  <testsuite name="table_cmt01" timestamp="2026-03-23T14:18:47Z" hostname="21b046d7c3c6" tests="8" skipped="0" failures="0" errors="0" time="3.964">
    <testcase time="0.695999999999998" classname="table_cmt01" name="CMT01_default_variant_Concomitant_medications_is_produced_correctly"/>
    <testcase time="0.278999999999996" classname="table_cmt01" name="CMT01_default_variant_Concomitant_medications_is_produced_correctly"/>
    <testcase time="0.782000000000011" classname="table_cmt01" name="CMT01_variant_1_prior_medications_is_produced_correctly"/>
    <testcase time="0.316000000000003" classname="table_cmt01" name="CMT01_variant_1_prior_medications_is_produced_correctly"/>
    <testcase time="0.665999999999997" classname="table_cmt01" name="CMT01_variant_3_Concomitant_medications_is_produced_correctly"/>
    <testcase time="0.253" classname="table_cmt01" name="CMT01_variant_3_Concomitant_medications_is_produced_correctly"/>
    <testcase time="0.691000000000003" classname="table_cmt01" name="CMT01_variant_4_Concomitant_medications_is_produced_correctly"/>
    <testcase time="0.280999999999992" classname="table_cmt01" name="CMT01_variant_4_Concomitant_medications_is_produced_correctly"/>
  </testsuite>
  <testsuite name="table_cmt01a" timestamp="2026-03-23T14:18:51Z" hostname="21b046d7c3c6" tests="8" skipped="0" failures="0" errors="0" time="5.161">
    <testcase time="1.15000000000001" classname="table_cmt01a" name="CMT01A_variant_1_is_produced_correctly"/>
    <testcase time="0.253999999999991" classname="table_cmt01a" name="CMT01A_variant_1_is_produced_correctly"/>
    <testcase time="1.01300000000001" classname="table_cmt01a" name="CMT01A_variant_2_is_produced_correctly"/>
    <testcase time="0.257000000000005" classname="table_cmt01a" name="CMT01A_variant_2_is_produced_correctly"/>
    <testcase time="1.026" classname="table_cmt01a" name="CMT01A_variant_3_is_produced_correctly"/>
    <testcase time="0.260000000000005" classname="table_cmt01a" name="CMT01A_variant_3_is_produced_correctly"/>
    <testcase time="0.970999999999989" classname="table_cmt01a" name="CMT01A_variant_4_is_produced_correctly"/>
    <testcase time="0.230000000000004" classname="table_cmt01a" name="CMT01A_variant_4_is_produced_correctly"/>
  </testsuite>
  <testsuite name="table_cmt01b" timestamp="2026-03-23T14:18:56Z" hostname="21b046d7c3c6" tests="6" skipped="0" failures="0" errors="0" time="5.563">
    <testcase time="1.63200000000001" classname="table_cmt01b" name="CMT01B_variant_1_is_produced_correctly"/>
    <testcase time="0.411999999999992" classname="table_cmt01b" name="CMT01B_variant_1_is_produced_correctly"/>
    <testcase time="1.343" classname="table_cmt01b" name="CMT01B_variant_2_is_produced_correctly"/>
    <testcase time="0.289999999999992" classname="table_cmt01b" name="CMT01B_variant_2_is_produced_correctly"/>
    <testcase time="1.501" classname="table_cmt01b" name="CMT01B_variant_4_is_produced_correctly"/>
    <testcase time="0.385000000000005" classname="table_cmt01b" name="CMT01B_variant_4_is_produced_correctly"/>
  </testsuite>
  <testsuite name="table_cmt02_pt" timestamp="2026-03-23T14:19:02Z" hostname="21b046d7c3c6" tests="2" skipped="0" failures="0" errors="0" time="0.56">
    <testcase time="0.403999999999996" classname="table_cmt02_pt" name="CMT02_PT_default_variant_is_produced_correctly"/>
    <testcase time="0.155999999999992" classname="table_cmt02_pt" name="CMT02_PT_default_variant_is_produced_correctly"/>
  </testsuite>
  <testsuite name="table_coxt01" timestamp="2026-03-23T14:19:02Z" hostname="21b046d7c3c6" tests="8" skipped="0" failures="0" errors="0" time="1.906">
    <testcase time="0.305000000000007" classname="table_coxt01" name="1._Cox_Regression"/>
    <testcase time="0.0609999999999928" classname="table_coxt01" name="1._Cox_Regression"/>
    <testcase time="0.431000000000012" classname="table_coxt01" name="2._Cox_Regression_with_Interaction_Term_"/>
    <testcase time="0.083999999999989" classname="table_coxt01" name="2._Cox_Regression_with_Interaction_Term_"/>
    <testcase time="0.403000000000006" classname="table_coxt01" name="3._Cox_Regression_specifying_covariates_"/>
    <testcase time="0.109999999999999" classname="table_coxt01" name="3._Cox_Regression_specifying_covariates_"/>
    <testcase time="0.408000000000001" classname="table_coxt01" name="4._Cox_Regression_setting_strata_ties_and_alpha_level_"/>
    <testcase time="0.103999999999999" classname="table_coxt01" name="4._Cox_Regression_setting_strata_ties_and_alpha_level_"/>
  </testsuite>
  <testsuite name="table_coxt02" timestamp="2026-03-23T14:19:04Z" hostname="21b046d7c3c6" tests="4" skipped="0" failures="0" errors="0" time="0.706">
    <testcase time="0.300999999999988" classname="table_coxt02" name="COXT02_default_variant_1_is_produced_correctly"/>
    <testcase time="0.061000000000007" classname="table_coxt02" name="COXT02_default_variant_1_is_produced_correctly"/>
    <testcase time="0.287000000000006" classname="table_coxt02" name="COXT02_variant_5_is_produced_correctly"/>
    <testcase time="0.0569999999999879" classname="table_coxt02" name="COXT02_variant_5_is_produced_correctly"/>
  </testsuite>
  <testsuite name="table_disclosures" timestamp="2026-03-23T14:19:05Z" hostname="21b046d7c3c6" tests="12" skipped="0" failures="0" errors="0" time="2.083">
    <testcase time="0.182000000000016" classname="table_disclosures" name="Patient_Disposition_table_is_produced_correctly"/>
    <testcase time="0.0919999999999845" classname="table_disclosures" name="Patient_Disposition_table_is_produced_correctly"/>
    <testcase time="0.244" classname="table_disclosures" name="Demographic_table_is_produced_correctly"/>
    <testcase time="0.138000000000005" classname="table_disclosures" name="Demographic_table_is_produced_correctly"/>
    <testcase time="0.11699999999999" classname="table_disclosures" name="Enrollment_by_Country_Table_is_produced_correctly"/>
    <testcase time="0.0820000000000221" classname="table_disclosures" name="Enrollment_by_Country_Table_is_produced_correctly"/>
    <testcase time="0.0979999999999848" classname="table_disclosures" name="Death_table_is_produced_correctly"/>
    <testcase time="0.0450000000000159" classname="table_disclosures" name="Death_table_is_produced_correctly"/>
    <testcase time="0.393999999999977" classname="table_disclosures" name="Table_of_Serious_Adverse_Events_is_produced_correctly_for_one_specific_treatment_arm_"/>
    <testcase time="0.092000000000013" classname="table_disclosures" name="Table_of_Serious_Adverse_Events_is_produced_correctly_for_one_specific_treatment_arm_"/>
    <testcase time="0.466000000000008" classname="table_disclosures" name="Table_of_Non_Serious_Adverse_Events_is_produced_correctly"/>
    <testcase time="0.132999999999981" classname="table_disclosures" name="Table_of_Non_Serious_Adverse_Events_is_produced_correctly"/>
  </testsuite>
  <testsuite name="table_dmt01" timestamp="2026-03-23T14:19:08Z" hostname="21b046d7c3c6" tests="10" skipped="0" failures="0" errors="0" time="3.054">
    <testcase time="1.29000000000002" classname="table_dmt01" name="DMT01_variant_1_is_produced_correctly"/>
    <testcase time="0.163999999999987" classname="table_dmt01" name="DMT01_variant_1_is_produced_correctly"/>
    <testcase time="0.27000000000001" classname="table_dmt01" name="DMT01_variant_2_is_produced_correctly"/>
    <testcase time="0.152999999999992" classname="table_dmt01" name="DMT01_variant_2_is_produced_correctly"/>
    <testcase time="0.322000000000003" classname="table_dmt01" name="DMT01_variant_3_is_produced_correctly"/>
    <testcase time="0.155000000000001" classname="table_dmt01" name="DMT01_variant_3_is_produced_correctly"/>
    <testcase time="0.23599999999999" classname="table_dmt01" name="DMT01_variant_4_is_produced_correctly"/>
    <testcase time="0.137" classname="table_dmt01" name="DMT01_variant_4_is_produced_correctly"/>
    <testcase time="0.205000000000013" classname="table_dmt01" name="DMT01_variant_5_is_produced_correctly"/>
    <testcase time="0.121999999999986" classname="table_dmt01" name="DMT01_variant_5_is_produced_correctly"/>
  </testsuite>
  <testsuite name="table_dort01" timestamp="2026-03-23T14:19:10Z" hostname="21b046d7c3c6" tests="8" skipped="0" failures="0" errors="0" time="1.666">
    <testcase time="0.349999999999994" classname="table_dort01" name="DORT01_variant_1_is_produced_correctly"/>
    <testcase time="0.085000000000008" classname="table_dort01" name="DORT01_variant_1_is_produced_correctly"/>
    <testcase time="0.323000000000008" classname="table_dort01" name="DORT01_variant_2_selecting_sectons_is_produced_correctly"/>
    <testcase time="0.0999999999999943" classname="table_dort01" name="DORT01_variant_2_selecting_sectons_is_produced_correctly"/>
    <testcase time="0.288999999999987" classname="table_dort01" name="DORT01_variant_3_modifying_conftype_and_alpha_level_is_produced_correctly"/>
    <testcase time="0.122000000000014" classname="table_dort01" name="DORT01_variant_3_modifying_conftype_and_alpha_level_is_produced_correctly"/>
    <testcase time="0.286000000000001" classname="table_dort01" name="DORT01_variant_4_modifying_time_point_for_the_xx_duration_is_produced_correctly"/>
    <testcase time="0.11099999999999" classname="table_dort01" name="DORT01_variant_4_modifying_time_point_for_the_xx_duration_is_produced_correctly"/>
  </testsuite>
  <testsuite name="table_dst01" timestamp="2026-03-23T14:19:12Z" hostname="21b046d7c3c6" tests="6" skipped="0" failures="0" errors="0" time="0.808">
    <testcase time="0.176000000000016" classname="table_dst01" name="DST01_default_variant_is_produced_correctly"/>
    <testcase time="0.0769999999999982" classname="table_dst01" name="DST01_default_variant_is_produced_correctly"/>
    <testcase time="0.277999999999992" classname="table_dst01" name="DST01_variants_2_and_3_are_produced_correctly"/>
    <testcase time="0.0829999999999984" classname="table_dst01" name="DST01_variants_2_and_3_are_produced_correctly"/>
    <testcase time="0.100999999999999" classname="table_dst01" name="DST01_variants_2_and_3_are_produced_correctly"/>
    <testcase time="0.0929999999999893" classname="table_dst01" name="DST01_variants_2_and_3_are_produced_correctly"/>
  </testsuite>
  <testsuite name="table_dtht01" timestamp="2026-03-23T14:19:13Z" hostname="21b046d7c3c6" tests="8" skipped="0" failures="0" errors="0" time="1.298">
    <testcase time="0.15100000000001" classname="table_dtht01" name="DTHT01_variant_1_is_produced_correctly"/>
    <testcase time="0.0800000000000125" classname="table_dtht01" name="DTHT01_variant_1_is_produced_correctly"/>
    <testcase time="0.318999999999988" classname="table_dtht01" name="DTHT01_variant_2_is_produced_correctly"/>
    <testcase time="0.15100000000001" classname="table_dtht01" name="DTHT01_variant_2_is_produced_correctly"/>
    <testcase time="0.180999999999983" classname="table_dtht01" name="DTHT01_variant_3_is_produced_correctly"/>
    <testcase time="0.0900000000000034" classname="table_dtht01" name="DTHT01_variant_3_is_produced_correctly"/>
    <testcase time="0.218999999999994" classname="table_dtht01" name="DTHT01_variant_4_is_produced_correctly"/>
    <testcase time="0.106999999999999" classname="table_dtht01" name="DTHT01_variant_4_is_produced_correctly"/>
  </testsuite>
  <testsuite name="table_egt01" timestamp="2026-03-23T14:19:15Z" hostname="21b046d7c3c6" tests="2" skipped="0" failures="0" errors="0" time="3.895">
    <testcase time="3.03400000000002" classname="table_egt01" name="EGT01_default_variant_is_produced_correctly"/>
    <testcase time="0.86099999999999" classname="table_egt01" name="EGT01_default_variant_is_produced_correctly"/>
  </testsuite>
  <testsuite name="table_egt02" timestamp="2026-03-23T14:19:19Z" hostname="21b046d7c3c6" tests="4" skipped="0" failures="0" errors="0" time="1.688">
    <testcase time="1.34700000000001" classname="table_egt02" name="_EGT02_1._Regardless_of_Abnormality_at_Baseline"/>
    <testcase time="0.0729999999999791" classname="table_egt02" name="_EGT02_1._Regardless_of_Abnormality_at_Baseline"/>
    <testcase time="0.206000000000017" classname="table_egt02" name="_EGT02_2._Among_Subjects_Without_Abnormality_at_Baseline"/>
    <testcase time="0.0619999999999834" classname="table_egt02" name="_EGT02_2._Among_Subjects_Without_Abnormality_at_Baseline"/>
  </testsuite>
  <testsuite name="table_egt03" timestamp="2026-03-23T14:19:20Z" hostname="21b046d7c3c6" tests="8" skipped="0" failures="0" errors="0" time="1.651">
    <testcase time="0.26400000000001" classname="table_egt03" name="EGT03_variant_1_is_produced_correctly"/>
    <testcase time="0.11099999999999" classname="table_egt03" name="EGT03_variant_1_is_produced_correctly"/>
    <testcase time="0.181000000000012" classname="table_egt03" name="EGT03_variant_2_is_produced_correctly"/>
    <testcase time="0.104000000000013" classname="table_egt03" name="EGT03_variant_2_is_produced_correctly"/>
    <testcase time="0.23399999999998" classname="table_egt03" name="EGT03_variant_3_is_produced_correctly"/>
    <testcase time="0.125" classname="table_egt03" name="EGT03_variant_3_is_produced_correctly"/>
    <testcase time="0.230000000000018" classname="table_egt03" name="EGT03_variant_4_is_produced_correctly"/>
    <testcase time="0.401999999999987" classname="table_egt03" name="EGT03_variant_4_is_produced_correctly"/>
  </testsuite>
  <testsuite name="table_egt04" timestamp="2026-03-23T14:19:22Z" hostname="21b046d7c3c6" tests="2" skipped="0" failures="0" errors="0" time="1.043">
    <testcase time="0.962999999999994" classname="table_egt04" name="EGT04_default_variant_is_produced_correctly"/>
    <testcase time="0.0800000000000125" classname="table_egt04" name="EGT04_default_variant_is_produced_correctly"/>
  </testsuite>
  <testsuite name="table_egt05_qtcat" timestamp="2026-03-23T14:19:23Z" hostname="21b046d7c3c6" tests="2" skipped="0" failures="0" errors="0" time="2.352">
    <testcase time="1.90799999999999" classname="table_egt05_qtcat" name="EGT05_QTCAT_default_variant_is_produced_correctly"/>
    <testcase time="0.444000000000017" classname="table_egt05_qtcat" name="EGT05_QTCAT_default_variant_is_produced_correctly"/>
  </testsuite>
  <testsuite name="table_ent" timestamp="2026-03-23T14:19:25Z" hostname="21b046d7c3c6" tests="8" skipped="0" failures="0" errors="0" time="15.647">
    <testcase time="3.88299999999998" classname="table_ent" name="ENT01_IT_is_produced_correctly"/>
    <testcase time="0.592000000000013" classname="table_ent" name="ENT01_IT_is_produced_correctly"/>
    <testcase time="2.55999999999997" classname="table_ent" name="ENT01a_IT_is_produced_correctly"/>
    <testcase time="0.578000000000003" classname="table_ent" name="ENT01a_IT_is_produced_correctly"/>
    <testcase time="4.05700000000002" classname="table_ent" name="ENT02_IT_is_produced_correctly"/>
    <testcase time="0.602000000000004" classname="table_ent" name="ENT02_IT_is_produced_correctly"/>
    <testcase time="2.72899999999998" classname="table_ent" name="ENT02a_IT_is_produced_correctly"/>
    <testcase time="0.646000000000015" classname="table_ent" name="ENT02a_IT_is_produced_correctly"/>
  </testsuite>
  <testsuite name="table_eudrat01" timestamp="2026-03-23T14:19:40Z" hostname="21b046d7c3c6" tests="2" skipped="0" failures="0" errors="0" time="0.701">
    <testcase time="0.576999999999998" classname="table_eudrat01" name="EUDRAT01_is_produced_correctly"/>
    <testcase time="0.123999999999995" classname="table_eudrat01" name="EUDRAT01_is_produced_correctly"/>
  </testsuite>
  <testsuite name="table_eudrat02" timestamp="2026-03-23T14:19:41Z" hostname="21b046d7c3c6" tests="2" skipped="0" failures="0" errors="0" time="0.565">
    <testcase time="0.453000000000003" classname="table_eudrat02" name="EUDRAT02_is_produced_correctly"/>
    <testcase time="0.111999999999995" classname="table_eudrat02" name="EUDRAT02_is_produced_correctly"/>
  </testsuite>
  <testsuite name="table_ext01" timestamp="2026-03-23T14:19:42Z" hostname="21b046d7c3c6" tests="6" skipped="0" failures="0" errors="0" time="2.029">
    <testcase time="0.461000000000013" classname="table_ext01" name="EXT01_default_variant_with_numeric_parameters_is_produced_correctly"/>
    <testcase time="0.165999999999997" classname="table_ext01" name="EXT01_default_variant_with_numeric_parameters_is_produced_correctly"/>
    <testcase time="0.346000000000004" classname="table_ext01" name="EXT01_variant_with_both_numeric_and_categorical_parameters"/>
    <testcase time="0.468000000000018" classname="table_ext01" name="EXT01_variant_with_both_numeric_and_categorical_parameters"/>
    <testcase time="0.376000000000005" classname="table_ext01" name="EXT01_variant_with_user_specified_categories_for_missed_doses"/>
    <testcase time="0.211999999999989" classname="table_ext01" name="EXT01_variant_with_user_specified_categories_for_missed_doses"/>
  </testsuite>
  <testsuite name="table_jnj_tbl1" timestamp="2026-03-23T14:19:44Z" hostname="21b046d7c3c6" tests="2" skipped="0" failures="0" errors="0" time="0.266">
    <testcase time="0.187000000000012" classname="table_jnj_tbl1" name="DMT01_variant_factor_with_only_Missing_values"/>
    <testcase time="0.0789999999999793" classname="table_jnj_tbl1" name="DMT01_variant_factor_with_only_Missing_values"/>
  </testsuite>
  <testsuite name="table_lbt01" timestamp="2026-03-23T14:19:44Z" hostname="21b046d7c3c6" tests="2" skipped="0" failures="0" errors="0" time="2.086">
    <testcase time="1.59300000000002" classname="table_lbt01" name="LBT01_default_variant_is_produced_correctly"/>
    <testcase time="0.492999999999995" classname="table_lbt01" name="LBT01_default_variant_is_produced_correctly"/>
  </testsuite>
  <testsuite name="table_lbt02" timestamp="2026-03-23T14:19:46Z" hostname="21b046d7c3c6" tests="2" skipped="0" failures="0" errors="0" time="1.474">
    <testcase time="1.02500000000001" classname="table_lbt02" name="LBT02_default_variant_is_produced_correctly"/>
    <testcase time="0.448999999999984" classname="table_lbt02" name="LBT02_default_variant_is_produced_correctly"/>
  </testsuite>
  <testsuite name="table_lbt03" timestamp="2026-03-23T14:19:47Z" hostname="21b046d7c3c6" tests="2" skipped="0" failures="0" errors="0" time="0.271">
    <testcase time="0.179000000000002" classname="table_lbt03" name="LBT03_default_variant_is_produced_correctly"/>
    <testcase time="0.092000000000013" classname="table_lbt03" name="LBT03_default_variant_is_produced_correctly"/>
  </testsuite>
  <testsuite name="table_lbt04" timestamp="2026-03-23T14:19:48Z" hostname="21b046d7c3c6" tests="2" skipped="0" failures="0" errors="0" time="1.287">
    <testcase time="1.11399999999998" classname="table_lbt04" name="LBT04_default_variant_is_produced_correctly"/>
    <testcase time="0.173000000000002" classname="table_lbt04" name="LBT04_default_variant_is_produced_correctly"/>
  </testsuite>
  <testsuite name="table_lbt05" timestamp="2026-03-23T14:19:50Z" hostname="21b046d7c3c6" tests="6" skipped="0" failures="0" errors="0" time="7.09">
    <testcase time="2.31800000000001" classname="table_lbt05" name="LBT05_variant_1_is_produced_correctly"/>
    <testcase time="0.37700000000001" classname="table_lbt05" name="LBT05_variant_1_is_produced_correctly"/>
    <testcase time="1.624" classname="table_lbt05" name="LBT05_variant_2_is_produced_correctly"/>
    <testcase time="0.462999999999994" classname="table_lbt05" name="LBT05_variant_2_is_produced_correctly"/>
    <testcase time="1.96299999999999" classname="table_lbt05" name="LBT05_variant_4_is_produced_correctly"/>
    <testcase time="0.344999999999999" classname="table_lbt05" name="LBT05_variant_4_is_produced_correctly"/>
  </testsuite>
  <testsuite name="table_lbt06" timestamp="2026-03-23T14:19:56Z" hostname="21b046d7c3c6" tests="2" skipped="0" failures="0" errors="0" time="0.544">
    <testcase time="0.387" classname="table_lbt06" name="LBT06_default_variant_is_produced_correctly"/>
    <testcase time="0.157000000000011" classname="table_lbt06" name="LBT06_default_variant_is_produced_correctly"/>
  </testsuite>
  <testsuite name="table_lbt07" timestamp="2026-03-23T14:19:57Z" hostname="21b046d7c3c6" tests="2" skipped="0" failures="0" errors="0" time="2.729">
    <testcase time="2.387" classname="table_lbt07" name="LBT07_is_produced_correctly"/>
    <testcase time="0.341999999999985" classname="table_lbt07" name="LBT07_is_produced_correctly"/>
  </testsuite>
  <testsuite name="table_lbt08" timestamp="2026-03-23T14:19:59Z" hostname="21b046d7c3c6" tests="2" skipped="0" failures="0" errors="0" time="0.45">
    <testcase time="0.331999999999994" classname="table_lbt08" name="LBT08_produce_correctly"/>
    <testcase time="0.118000000000023" classname="table_lbt08" name="LBT08_produce_correctly"/>
  </testsuite>
  <testsuite name="table_lbt09" timestamp="2026-03-23T14:20:00Z" hostname="21b046d7c3c6" tests="4" skipped="0" failures="0" errors="0" time="1.101">
    <testcase time="0.411000000000001" classname="table_lbt09" name="LBT09_variant_1_works_as_expected"/>
    <testcase time="0.155000000000001" classname="table_lbt09" name="LBT09_variant_1_works_as_expected"/>
    <testcase time="0.373000000000019" classname="table_lbt09" name="LBT09_variant_2_works_as_expected"/>
    <testcase time="0.161999999999978" classname="table_lbt09" name="LBT09_variant_2_works_as_expected"/>
  </testsuite>
  <testsuite name="table_lbt10" timestamp="2026-03-23T14:20:01Z" hostname="21b046d7c3c6" tests="4" skipped="0" failures="0" errors="0" time="1.509">
    <testcase time="0.874000000000024" classname="table_lbt10" name="LBT10_variant_1_works_as_expected"/>
    <testcase time="0.0589999999999975" classname="table_lbt10" name="LBT10_variant_1_works_as_expected"/>
    <testcase time="0.495000000000005" classname="table_lbt10" name="LBT10_variant_2_works_as_expected"/>
    <testcase time="0.0809999999999889" classname="table_lbt10" name="LBT10_variant_2_works_as_expected"/>
  </testsuite>
  <testsuite name="table_lbt10_bl" timestamp="2026-03-23T14:20:02Z" hostname="21b046d7c3c6" tests="4" skipped="0" failures="0" errors="0" time="0.587">
    <testcase time="0.294999999999987" classname="table_lbt10_bl" name="LBT10_BL_variant_1_works_as_expected"/>
    <testcase time="0.0800000000000125" classname="table_lbt10_bl" name="LBT10_BL_variant_1_works_as_expected"/>
    <testcase time="0.138999999999982" classname="table_lbt10_bl" name="LBT10_BL_variant_2_works_as_expected"/>
    <testcase time="0.0730000000000075" classname="table_lbt10_bl" name="LBT10_BL_variant_2_works_as_expected"/>
  </testsuite>
  <testsuite name="table_lbt11" timestamp="2026-03-23T14:20:03Z" hostname="21b046d7c3c6" tests="6" skipped="0" failures="0" errors="0" time="0.814">
    <testcase time="0.218999999999994" classname="table_lbt11" name="LBT11_variant_1_works_as_expected"/>
    <testcase time="0.100999999999999" classname="table_lbt11" name="LBT11_variant_1_works_as_expected"/>
    <testcase time="0.111000000000018" classname="table_lbt11" name="LBT11_variant_2_works_as_expected"/>
    <testcase time="0.0829999999999984" classname="table_lbt11" name="LBT11_variant_2_works_as_expected"/>
    <testcase time="0.194999999999993" classname="table_lbt11" name="LBT11_variant_3_works_as_expected"/>
    <testcase time="0.10499999999999" classname="table_lbt11" name="LBT11_variant_3_works_as_expected"/>
  </testsuite>
  <testsuite name="table_lbt11_bl" timestamp="2026-03-23T14:20:04Z" hostname="21b046d7c3c6" tests="6" skipped="0" failures="0" errors="0" time="0.91">
    <testcase time="0.256" classname="table_lbt11_bl" name="LBT11_BL_variant_1_works_as_expected"/>
    <testcase time="0.0910000000000082" classname="table_lbt11_bl" name="LBT11_BL_variant_1_works_as_expected"/>
    <testcase time="0.140999999999991" classname="table_lbt11_bl" name="LBT11_BL_variant_2_works_as_expected"/>
    <testcase time="0.0680000000000121" classname="table_lbt11_bl" name="LBT11_BL_variant_2_works_as_expected"/>
    <testcase time="0.256" classname="table_lbt11_bl" name="LBT11_BL_variant_3_works_as_expected"/>
    <testcase time="0.0979999999999848" classname="table_lbt11_bl" name="LBT11_BL_variant_3_works_as_expected"/>
  </testsuite>
  <testsuite name="table_lbt12" timestamp="2026-03-23T14:20:05Z" hostname="21b046d7c3c6" tests="2" skipped="0" failures="0" errors="0" time="0.469">
    <testcase time="0.375" classname="table_lbt12" name="LBT12_works_as_expected"/>
    <testcase time="0.0940000000000225" classname="table_lbt12" name="LBT12_works_as_expected"/>
  </testsuite>
  <testsuite name="table_lbt12_bl" timestamp="2026-03-23T14:20:05Z" hostname="21b046d7c3c6" tests="2" skipped="0" failures="0" errors="0" time="0.423">
    <testcase time="0.359999999999985" classname="table_lbt12_bl" name="LBT12_BL_works_as_expected"/>
    <testcase time="0.0630000000000166" classname="table_lbt12_bl" name="LBT12_BL_works_as_expected"/>
  </testsuite>
  <testsuite name="table_lbt13" timestamp="2026-03-23T14:20:06Z" hostname="21b046d7c3c6" tests="10" skipped="0" failures="0" errors="0" time="2.733">
    <testcase time="0.91500000000002" classname="table_lbt13" name="LBT13_variant_1_LOW_works_as_expected"/>
    <testcase time="0.100999999999999" classname="table_lbt13" name="LBT13_variant_1_LOW_works_as_expected"/>
    <testcase time="0.453999999999979" classname="table_lbt13" name="LBT13_variant_2_HIGH_works_as_expected"/>
    <testcase time="0.0520000000000209" classname="table_lbt13" name="LBT13_variant_2_HIGH_works_as_expected"/>
    <testcase time="0.260999999999996" classname="table_lbt13" name="LBT13_variant_3_LOW_without_baseline_missing_works_as_expected"/>
    <testcase time="0.0739999999999839" classname="table_lbt13" name="LBT13_variant_3_LOW_without_baseline_missing_works_as_expected"/>
    <testcase time="0.156000000000006" classname="table_lbt13" name="LBT13_variant_4_HIGH_with_missing_baseline_considered_as_grade_0_works_as_expected"/>
    <testcase time="0.0529999999999973" classname="table_lbt13" name="LBT13_variant_4_HIGH_with_missing_baseline_considered_as_grade_0_works_as_expected"/>
    <testcase time="0.461000000000013" classname="table_lbt13" name="LBT14_variant_5_HIGH_with_filled_in_grades_works_as_expected"/>
    <testcase time="0.205999999999989" classname="table_lbt13" name="LBT14_variant_5_HIGH_with_filled_in_grades_works_as_expected"/>
  </testsuite>
  <testsuite name="table_lbt14" timestamp="2026-03-23T14:20:09Z" hostname="21b046d7c3c6" tests="10" skipped="0" failures="0" errors="0" time="32.935">
    <testcase time="6.43800000000002" classname="table_lbt14" name="LBT14_variant_1_HIGH_works_as_expected"/>
    <testcase time="0.463999999999999" classname="table_lbt14" name="LBT14_variant_1_HIGH_works_as_expected"/>
    <testcase time="6.154" classname="table_lbt14" name="LBT14_variant_2_LOW_works_as_expected"/>
    <testcase time="0.352000000000004" classname="table_lbt14" name="LBT14_variant_2_LOW_works_as_expected"/>
    <testcase time="4.27500000000001" classname="table_lbt14" name="LBT14_variant_3_LOW_without_baseline_missing_works_as_expected"/>
    <testcase time="0.445999999999998" classname="table_lbt14" name="LBT14_variant_3_LOW_without_baseline_missing_works_as_expected"/>
    <testcase time="5.714" classname="table_lbt14" name="LBT14_variant_4_LOW_and_force_1_missing_both_baseline_and_post_baseline_then_force_the_missing_baseline_as_0_as_expected"/>
    <testcase time="0.251999999999981" classname="table_lbt14" name="LBT14_variant_4_LOW_and_force_1_missing_both_baseline_and_post_baseline_then_force_the_missing_baseline_as_0_as_expected"/>
    <testcase time="6.053" classname="table_lbt14" name="LBT14_variant_5_HIGH_with_fillings_works_as_expected"/>
    <testcase time="2.78700000000001" classname="table_lbt14" name="LBT14_variant_5_HIGH_with_fillings_works_as_expected"/>
  </testsuite>
  <testsuite name="table_lbt15" timestamp="2026-03-23T14:20:41Z" hostname="21b046d7c3c6" tests="4" skipped="0" failures="0" errors="0" time="1.731">
    <testcase time="0.699000000000012" classname="table_lbt15" name="LBT15_variant_1_works_as_expected"/>
    <testcase time="0.200999999999993" classname="table_lbt15" name="LBT15_variant_1_works_as_expected"/>
    <testcase time="0.61099999999999" classname="table_lbt15" name="LBT15_variant_2_works_as_expected"/>
    <testcase time="0.219999999999999" classname="table_lbt15" name="LBT15_variant_2_works_as_expected"/>
  </testsuite>
  <testsuite name="table_lgrt02" timestamp="2026-03-23T14:20:43Z" hostname="21b046d7c3c6" tests="8" skipped="0" failures="0" errors="0" time="3.596">
    <testcase time="0.602000000000004" classname="table_lgrt02" name="LGRT02_without_interaction_term_is_produced_correctly"/>
    <testcase time="0.16500000000002" classname="table_lgrt02" name="LGRT02_without_interaction_term_is_produced_correctly"/>
    <testcase time="0.751999999999981" classname="table_lgrt02" name="LGRT02_with_categorical_interaction_is_produced_correctly"/>
    <testcase time="0.170000000000016" classname="table_lgrt02" name="LGRT02_with_categorical_interaction_is_produced_correctly"/>
    <testcase time="0.74199999999999" classname="table_lgrt02" name="LGRT02_with_continuous_interaction_is_produced_correctly"/>
    <testcase time="0.175999999999988" classname="table_lgrt02" name="LGRT02_with_continuous_interaction_is_produced_correctly"/>
    <testcase time="0.576000000000022" classname="table_lgrt02" name="LGRT02_with_setting_values_indicating_an_event_and_custom_alpha_level_is_produced_correctly"/>
    <testcase time="0.412999999999982" classname="table_lgrt02" name="LGRT02_with_setting_values_indicating_an_event_and_custom_alpha_level_is_produced_correctly"/>
  </testsuite>
  <testsuite name="table_mht01" timestamp="2026-03-23T14:20:47Z" hostname="21b046d7c3c6" tests="8" skipped="0" failures="0" errors="0" time="1.527">
    <testcase time="0.340000000000003" classname="table_mht01" name="MHT01_variant_1_is_produced_accurately"/>
    <testcase time="0.122000000000014" classname="table_mht01" name="MHT01_variant_1_is_produced_accurately"/>
    <testcase time="0.115999999999985" classname="table_mht01" name="MHT01_variant_2_is_produced_accurately"/>
    <testcase time="0.0560000000000116" classname="table_mht01" name="MHT01_variant_2_is_produced_accurately"/>
    <testcase time="0.287999999999982" classname="table_mht01" name="MHT01_variant_3_is_produced_accurately"/>
    <testcase time="0.0960000000000036" classname="table_mht01" name="MHT01_variant_3_is_produced_accurately"/>
    <testcase time="0.373000000000019" classname="table_mht01" name="MHT01_variant_5_is_produced_accurately"/>
    <testcase time="0.135999999999996" classname="table_mht01" name="MHT01_variant_5_is_produced_accurately"/>
  </testsuite>
  <testsuite name="table_onct05" timestamp="2026-03-23T14:20:48Z" hostname="21b046d7c3c6" tests="10" skipped="0" failures="0" errors="0" time="2.763">
    <testcase time="0.507000000000005" classname="table_onct05" name="ONCT05_variant_1_Objective_Response_Rate_by_Subgroup_is_produced_correctly"/>
    <testcase time="0.10499999999999" classname="table_onct05" name="ONCT05_variant_1_Objective_Response_Rate_by_Subgroup_is_produced_correctly"/>
    <testcase time="0.51400000000001" classname="table_onct05" name="ONCT05_variant_2_Specifying_class_variables_is_produced_correctly"/>
    <testcase time="0.11099999999999" classname="table_onct05" name="ONCT05_variant_2_Specifying_class_variables_is_produced_correctly"/>
    <testcase time="0.217000000000013" classname="table_onct05" name="ONCT05_variant_3_selecting_columns_and_changing_the_alpha_level_is_produced_correctly"/>
    <testcase time="0.0769999999999982" classname="table_onct05" name="ONCT05_variant_3_selecting_columns_and_changing_the_alpha_level_is_produced_correctly"/>
    <testcase time="0.500999999999976" classname="table_onct05" name="ONCT05_variant_4_setting_values_indicating_response_is_produced_correctly"/>
    <testcase time="0.099000000000018" classname="table_onct05" name="ONCT05_variant_4_setting_values_indicating_response_is_produced_correctly"/>
    <testcase time="0.519000000000005" classname="table_onct05" name="ONCT05_with_risk_difference_column_is_produced_correctly"/>
    <testcase time="0.113" classname="table_onct05" name="ONCT05_with_risk_difference_column_is_produced_correctly"/>
  </testsuite>
  <testsuite name="table_pdt01" timestamp="2026-03-23T14:20:51Z" hostname="21b046d7c3c6" tests="2" skipped="0" failures="0" errors="0" time="0.44">
    <testcase time="0.306999999999988" classname="table_pdt01" name="PDT01_is_produced_correctly"/>
    <testcase time="0.13300000000001" classname="table_pdt01" name="PDT01_is_produced_correctly"/>
  </testsuite>
  <testsuite name="table_pdt02" timestamp="2026-03-23T14:20:51Z" hostname="21b046d7c3c6" tests="2" skipped="0" failures="0" errors="0" time="0.233">
    <testcase time="0.174999999999983" classname="table_pdt02" name="PDT02_is_produced_correctly"/>
    <testcase time="0.0580000000000211" classname="table_pdt02" name="PDT02_is_produced_correctly"/>
  </testsuite>
  <testsuite name="table_pkct01" timestamp="2026-03-23T14:20:52Z" hostname="21b046d7c3c6" tests="10" skipped="0" failures="0" errors="0" time="3.353">
    <testcase time="0.289999999999992" classname="table_pkct01" name="PKCT01_is_produced_correctly"/>
    <testcase time="0.085000000000008" classname="table_pkct01" name="PKCT01_is_produced_correctly"/>
    <testcase time="0.158999999999992" classname="table_pkct01" name="PKCT01_is_produced_correctly"/>
    <testcase time="0.0409999999999968" classname="table_pkct01" name="PKCT01_is_produced_correctly"/>
    <testcase time="1.06100000000001" classname="table_pkct01" name="Specific_PKCT01_features_are_present"/>
    <testcase time="0.224999999999994" classname="table_pkct01" name="Specific_PKCT01_features_are_present"/>
    <testcase time="0.211999999999989" classname="table_pkct01" name="Specific_PKCT01_features_are_present"/>
    <testcase time="0.00300000000001432" classname="table_pkct01" name="Specific_PKCT01_features_are_present"/>
    <testcase time="0.718999999999994" classname="table_pkct01" name="Specific_PKCT01_features_are_present"/>
    <testcase time="0.557999999999993" classname="table_pkct01" name="Specific_PKCT01_features_are_present"/>
  </testsuite>
  <testsuite name="table_pkpt02" timestamp="2026-03-23T14:20:55Z" hostname="21b046d7c3c6" tests="2" skipped="0" failures="0" errors="0" time="0.606">
    <testcase time="0.385999999999996" classname="table_pkpt02" name="PKPT02_is_produced_correctly_for_Drug_X"/>
    <testcase time="0.219999999999999" classname="table_pkpt02" name="PKPT02_is_produced_correctly_for_Drug_X"/>
  </testsuite>
  <testsuite name="table_pkpt03" timestamp="2026-03-23T14:20:56Z" hostname="21b046d7c3c6" tests="2" skipped="0" failures="0" errors="0" time="1.24">
    <testcase time="1.04900000000001" classname="table_pkpt03" name="PKPT03_Drug_X_is_produced_correctly"/>
    <testcase time="0.191000000000003" classname="table_pkpt03" name="PKPT03_Drug_X_is_produced_correctly"/>
  </testsuite>
  <testsuite name="table_pkpt04" timestamp="2026-03-23T14:20:57Z" hostname="21b046d7c3c6" tests="2" skipped="0" failures="0" errors="0" time="0.204">
    <testcase time="0.134000000000015" classname="table_pkpt04" name="PKPT04_is_produced_correctly_for_Drug_X"/>
    <testcase time="0.0699999999999932" classname="table_pkpt04" name="PKPT04_is_produced_correctly_for_Drug_X"/>
  </testsuite>
  <testsuite name="table_pkpt05" timestamp="2026-03-23T14:20:57Z" hostname="21b046d7c3c6" tests="2" skipped="0" failures="0" errors="0" time="0.461">
    <testcase time="0.346000000000004" classname="table_pkpt05" name="PKPT05_Drug_X_is_produced_correctly"/>
    <testcase time="0.114999999999981" classname="table_pkpt05" name="PKPT05_Drug_X_is_produced_correctly"/>
  </testsuite>
  <testsuite name="table_pkpt06" timestamp="2026-03-23T14:20:57Z" hostname="21b046d7c3c6" tests="4" skipped="0" failures="0" errors="0" time="0.274">
    <testcase time="0.115000000000009" classname="table_pkpt06" name="PKPT06_is_produced_correctly_for_Drug_X"/>
    <testcase time="0.0500000000000114" classname="table_pkpt06" name="PKPT06_is_produced_correctly_for_Drug_X"/>
    <testcase time="0.0579999999999927" classname="table_pkpt06" name="PKPT06_is_produced_correctly_for_Drug_Y"/>
    <testcase time="0.0509999999999877" classname="table_pkpt06" name="PKPT06_is_produced_correctly_for_Drug_Y"/>
  </testsuite>
  <testsuite name="table_pkpt07" timestamp="2026-03-23T14:20:58Z" hostname="21b046d7c3c6" tests="4" skipped="0" failures="0" errors="0" time="0.578">
    <testcase time="0.25200000000001" classname="table_pkpt07" name="PKPT07_Drug_X_is_produced_correctly"/>
    <testcase time="0.0869999999999891" classname="table_pkpt07" name="PKPT07_Drug_X_is_produced_correctly"/>
    <testcase time="0.143000000000001" classname="table_pkpt07" name="PKPT07_Drug_Y_is_produced_correctly"/>
    <testcase time="0.0960000000000036" classname="table_pkpt07" name="PKPT07_Drug_Y_is_produced_correctly"/>
  </testsuite>
[...]
    <testcase time="9.78000000000009" classname="tsfae22apart1" name="tsfae22apart1of4"/>
  </testsuite>
  <testsuite name="tsfae22apart2" timestamp="2026-03-23T14:25:39Z" hostname="21b046d7c3c6" tests="1" skipped="0" failures="0" errors="0" time="9.479">
    <testcase time="9.47899999999993" classname="tsfae22apart2" name="tsfae22apart2of4"/>
  </testsuite>
  <testsuite name="tsfae22apart3" timestamp="2026-03-23T14:25:48Z" hostname="21b046d7c3c6" tests="1" skipped="0" failures="0" errors="0" time="9.549">
    <testcase time="9.54900000000009" classname="tsfae22apart3" name="tsfae22apart3of4"/>
  </testsuite>
  <testsuite name="tsfae22apart4" timestamp="2026-03-23T14:25:58Z" hostname="21b046d7c3c6" tests="1" skipped="0" failures="0" errors="0" time="9.766">
    <testcase time="9.76599999999996" classname="tsfae22apart4" name="tsfae22apart4of4"/>
  </testsuite>
  <testsuite name="tsfae22bpart1" timestamp="2026-03-23T14:26:07Z" hostname="21b046d7c3c6" tests="1" skipped="0" failures="0" errors="0" time="6.161">
    <testcase time="6.16099999999994" classname="tsfae22bpart1" name="tsfae22bpart1of2"/>
  </testsuite>
  <testsuite name="tsfae22bpart2" timestamp="2026-03-23T14:26:14Z" hostname="21b046d7c3c6" tests="1" skipped="0" failures="0" errors="0" time="5.773">
    <testcase time="5.77300000000002" classname="tsfae22bpart2" name="tsfae22bpart2of2"/>
  </testsuite>
  <testsuite name="tsfae22cpart1" timestamp="2026-03-23T14:26:19Z" hostname="21b046d7c3c6" tests="1" skipped="0" failures="0" errors="0" time="8.32">
    <testcase time="8.32000000000005" classname="tsfae22cpart1" name="tsfae22cpart1of4"/>
  </testsuite>
  <testsuite name="tsfae22cpart2" timestamp="2026-03-23T14:26:28Z" hostname="21b046d7c3c6" tests="1" skipped="0" failures="0" errors="0" time="8.389">
    <testcase time="8.38900000000001" classname="tsfae22cpart2" name="tsfae22cpart2of4"/>
  </testsuite>
  <testsuite name="tsfae22cpart3" timestamp="2026-03-23T14:26:36Z" hostname="21b046d7c3c6" tests="1" skipped="0" failures="0" errors="0" time="8.407">
    <testcase time="8.40699999999993" classname="tsfae22cpart3" name="tsfae22cpart3of4"/>
  </testsuite>
  <testsuite name="tsfae22cpart4" timestamp="2026-03-23T14:26:44Z" hostname="21b046d7c3c6" tests="1" skipped="0" failures="0" errors="0" time="8.534">
    <testcase time="8.53399999999999" classname="tsfae22cpart4" name="tsfae22cpart4of4"/>
  </testsuite>
  <testsuite name="tsfae23a" timestamp="2026-03-23T14:26:53Z" hostname="21b046d7c3c6" tests="1" skipped="0" failures="0" errors="0" time="0.852">
    <testcase time="0.852000000000089" classname="tsfae23a" name="tsfae23a"/>
  </testsuite>
  <testsuite name="tsfae23b" timestamp="2026-03-23T14:26:54Z" hostname="21b046d7c3c6" tests="1" skipped="0" failures="0" errors="0" time="0.374">
    <testcase time="0.37399999999991" classname="tsfae23b" name="tsfae23b"/>
  </testsuite>
  <testsuite name="tsfae23c" timestamp="2026-03-23T14:26:54Z" hostname="21b046d7c3c6" tests="1" skipped="0" failures="0" errors="0" time="0.641">
    <testcase time="0.641000000000076" classname="tsfae23c" name="tsfae23c"/>
  </testsuite>
  <testsuite name="tsfae23d" timestamp="2026-03-23T14:26:55Z" hostname="21b046d7c3c6" tests="1" skipped="0" failures="0" errors="0" time="0.858">
    <testcase time="0.857999999999947" classname="tsfae23d" name="tsfae23d"/>
  </testsuite>
  <testsuite name="tsfae24a" timestamp="2026-03-23T14:26:56Z" hostname="21b046d7c3c6" tests="1" skipped="0" failures="0" errors="0" time="0.467">
    <testcase time="0.466999999999985" classname="tsfae24a" name="tsfae24a"/>
  </testsuite>
  <testsuite name="tsfae24b" timestamp="2026-03-23T14:26:56Z" hostname="21b046d7c3c6" tests="1" skipped="0" failures="0" errors="0" time="0.482">
    <testcase time="0.482000000000085" classname="tsfae24b" name="tsfae24b"/>
  </testsuite>
  <testsuite name="tsfae24c" timestamp="2026-03-23T14:26:57Z" hostname="21b046d7c3c6" tests="1" skipped="0" failures="0" errors="0" time="2.523">
    <testcase time="2.52299999999991" classname="tsfae24c" name="tsfae24c"/>
  </testsuite>
  <testsuite name="tsfae24d" timestamp="2026-03-23T14:26:59Z" hostname="21b046d7c3c6" tests="1" skipped="0" failures="0" errors="0" time="2.702">
    <testcase time="2.702" classname="tsfae24d" name="tsfae24d"/>
  </testsuite>
  <testsuite name="tsfae24fpart1" timestamp="2026-03-23T14:27:02Z" hostname="21b046d7c3c6" tests="1" skipped="0" failures="0" errors="0" time="12.001">
    <testcase time="12.0010000000001" classname="tsfae24fpart1" name="tsfae24fpart1of3"/>
  </testsuite>
  <testsuite name="tsfae24fpart2" timestamp="2026-03-23T14:27:14Z" hostname="21b046d7c3c6" tests="1" skipped="0" failures="0" errors="0" time="12.386">
    <testcase time="12.386" classname="tsfae24fpart2" name="tsfae24fpart2of3"/>
  </testsuite>
  <testsuite name="tsfae24fpart3" timestamp="2026-03-23T14:27:26Z" hostname="21b046d7c3c6" tests="1" skipped="0" failures="0" errors="0" time="11.793">
    <testcase time="11.793" classname="tsfae24fpart3" name="tsfae24fpart3of3"/>
  </testsuite>
  <testsuite name="tsfdth01" timestamp="2026-03-23T14:27:38Z" hostname="21b046d7c3c6" tests="1" skipped="0" failures="0" errors="0" time="1.216">
    <testcase time="1.21600000000001" classname="tsfdth01" name="tsfdth01"/>
  </testsuite>
  <testsuite name="tsfecg01apart1" timestamp="2026-03-23T14:27:39Z" hostname="21b046d7c3c6" tests="1" skipped="0" failures="0" errors="0" time="4.556">
    <testcase time="4.55599999999993" classname="tsfecg01apart1" name="tsfecg01a"/>
  </testsuite>
  <testsuite name="tsfecg01apart2" timestamp="2026-03-23T14:27:44Z" hostname="21b046d7c3c6" tests="1" skipped="0" failures="0" errors="0" time="4.541">
    <testcase time="4.54100000000005" classname="tsfecg01apart2" name="tsfecg01a"/>
  </testsuite>
  <testsuite name="tsfecg01apart3" timestamp="2026-03-23T14:27:48Z" hostname="21b046d7c3c6" tests="1" skipped="0" failures="0" errors="0" time="4.567">
    <testcase time="4.56700000000001" classname="tsfecg01apart3" name="tsfecg01a"/>
  </testsuite>
  <testsuite name="tsfecg01part1" timestamp="2026-03-23T14:27:53Z" hostname="21b046d7c3c6" tests="1" skipped="0" failures="0" errors="0" time="9.134">
    <testcase time="9.13400000000001" classname="tsfecg01part1" name="tsfecg01"/>
  </testsuite>
  <testsuite name="tsfecg01part2" timestamp="2026-03-23T14:28:02Z" hostname="21b046d7c3c6" tests="1" skipped="0" failures="0" errors="0" time="8.612">
    <testcase time="8.61199999999997" classname="tsfecg01part2" name="tsfecg01"/>
  </testsuite>
  <testsuite name="tsfecg02" timestamp="2026-03-23T14:28:11Z" hostname="21b046d7c3c6" tests="1" skipped="0" failures="0" errors="0" time="3.029">
    <testcase time="3.029" classname="tsfecg02" name="tsfecg02"/>
  </testsuite>
  <testsuite name="tsfecg03" timestamp="2026-03-23T14:28:14Z" hostname="21b046d7c3c6" tests="1" skipped="0" failures="0" errors="0" time="0.596">
    <testcase time="0.596000000000004" classname="tsfecg03" name="tsfecg03"/>
  </testsuite>
  <testsuite name="tsfecg04" timestamp="2026-03-23T14:28:14Z" hostname="21b046d7c3c6" tests="1" skipped="0" failures="0" errors="0" time="2.299">
    <testcase time="2.29899999999998" classname="tsfecg04" name="tsfecg04"/>
  </testsuite>
  <testsuite name="tsfecg05" timestamp="2026-03-23T14:28:17Z" hostname="21b046d7c3c6" tests="1" skipped="0" failures="0" errors="0" time="1.28">
    <testcase time="1.27999999999997" classname="tsfecg05" name="tsfecg05"/>
  </testsuite>
  <testsuite name="tsflab01apart1" timestamp="2026-03-23T14:28:18Z" hostname="21b046d7c3c6" tests="1" skipped="0" failures="0" errors="0" time="14.602">
    <testcase time="14.6020000000001" classname="tsflab01apart1" name="tsflab01a"/>
  </testsuite>
  <testsuite name="tsflab01apart2" timestamp="2026-03-23T14:28:33Z" hostname="21b046d7c3c6" tests="1" skipped="0" failures="0" errors="0" time="14.444">
    <testcase time="14.444" classname="tsflab01apart2" name="tsflab01a"/>
  </testsuite>
  <testsuite name="tsflab01apart3" timestamp="2026-03-23T14:28:47Z" hostname="21b046d7c3c6" tests="1" skipped="0" failures="0" errors="0" time="14.44">
    <testcase time="14.4400000000001" classname="tsflab01apart3" name="tsflab01a"/>
  </testsuite>
  <testsuite name="tsflab01part1" timestamp="2026-03-23T14:29:01Z" hostname="21b046d7c3c6" tests="1" skipped="0" failures="0" errors="0" time="6.351">
    <testcase time="6.351" classname="tsflab01part1" name="tsflab01"/>
  </testsuite>
  <testsuite name="tsflab01part2" timestamp="2026-03-23T14:29:08Z" hostname="21b046d7c3c6" tests="1" skipped="0" failures="0" errors="0" time="6.39">
    <testcase time="6.38999999999999" classname="tsflab01part2" name="tsflab01"/>
  </testsuite>
  <testsuite name="tsflab02" timestamp="2026-03-23T14:29:14Z" hostname="21b046d7c3c6" tests="1" skipped="0" failures="0" errors="0" time="0.952">
    <testcase time="0.951999999999998" classname="tsflab02" name="tsflab02"/>
  </testsuite>
  <testsuite name="tsflab02a" timestamp="2026-03-23T14:29:15Z" hostname="21b046d7c3c6" tests="1" skipped="0" failures="0" errors="0" time="2.566">
    <testcase time="2.56599999999992" classname="tsflab02a" name="tsflab02a"/>
  </testsuite>
  <testsuite name="tsflab02b" timestamp="2026-03-23T14:29:18Z" hostname="21b046d7c3c6" tests="1" skipped="0" failures="0" errors="0" time="2.144">
    <testcase time="2.14400000000001" classname="tsflab02b" name="tsflab02b"/>
  </testsuite>
  <testsuite name="tsflab03" timestamp="2026-03-23T14:29:20Z" hostname="21b046d7c3c6" tests="1" skipped="0" failures="0" errors="0" time="3.396">
    <testcase time="3.39600000000007" classname="tsflab03" name="tsflab03"/>
  </testsuite>
  <testsuite name="tsflab03a" timestamp="2026-03-23T14:29:23Z" hostname="21b046d7c3c6" tests="1" skipped="0" failures="0" errors="0" time="9.952">
    <testcase time="9.952" classname="tsflab03a" name="tsflab03a"/>
  </testsuite>
  <testsuite name="tsflab04a" timestamp="2026-03-23T14:29:33Z" hostname="21b046d7c3c6" tests="1" skipped="0" failures="0" errors="0" time="2.714">
    <testcase time="2.71399999999994" classname="tsflab04a" name="tsflab04a"/>
  </testsuite>
  <testsuite name="tsflab04b" timestamp="2026-03-23T14:29:36Z" hostname="21b046d7c3c6" tests="1" skipped="0" failures="0" errors="0" time="1.142">
    <testcase time="1.14200000000005" classname="tsflab04b" name="tsflab04b"/>
  </testsuite>
  <testsuite name="tsflab05" timestamp="2026-03-23T14:29:37Z" hostname="21b046d7c3c6" tests="1" skipped="0" failures="0" errors="0" time="3.159">
    <testcase time="3.15899999999999" classname="tsflab05" name="tsflab05"/>
  </testsuite>
  <testsuite name="tsflab06" timestamp="2026-03-23T14:29:40Z" hostname="21b046d7c3c6" tests="1" skipped="0" failures="0" errors="0" time="2.98">
    <testcase time="2.98000000000002" classname="tsflab06" name="tsflab06"/>
  </testsuite>
  <testsuite name="tsflab07" timestamp="2026-03-23T14:29:43Z" hostname="21b046d7c3c6" tests="1" skipped="0" failures="0" errors="0" time="18.181">
    <testcase time="18.1809999999999" classname="tsflab07" name="tsflab07"/>
  </testsuite>
  <testsuite name="tsfvit01apart1" timestamp="2026-03-23T14:30:01Z" hostname="21b046d7c3c6" tests="1" skipped="0" failures="0" errors="0" time="6.584">
    <testcase time="6.58400000000006" classname="tsfvit01apart1" name="tsfvit01a"/>
  </testsuite>
  <testsuite name="tsfvit01apart2" timestamp="2026-03-23T14:30:08Z" hostname="21b046d7c3c6" tests="1" skipped="0" failures="0" errors="0" time="6.654">
    <testcase time="6.654" classname="tsfvit01apart2" name="tsfvit01a"/>
  </testsuite>
  <testsuite name="tsfvit01apart3" timestamp="2026-03-23T14:30:15Z" hostname="21b046d7c3c6" tests="1" skipped="0" failures="0" errors="0" time="6.732">
    <testcase time="6.73199999999997" classname="tsfvit01apart3" name="tsfvit01a"/>
  </testsuite>
  <testsuite name="tsfvit01apart4" timestamp="2026-03-23T14:30:21Z" hostname="21b046d7c3c6" tests="1" skipped="0" failures="0" errors="0" time="6.854">
    <testcase time="6.85400000000004" classname="tsfvit01apart4" name="tsfvit01a"/>
  </testsuite>
  <testsuite name="tsfvit01part1" timestamp="2026-03-23T14:30:28Z" hostname="21b046d7c3c6" tests="1" skipped="0" failures="0" errors="0" time="3.522">
    <testcase time="3.52200000000005" classname="tsfvit01part1" name="tsfvit01"/>
  </testsuite>
  <testsuite name="tsfvit01part2" timestamp="2026-03-23T14:30:32Z" hostname="21b046d7c3c6" tests="1" skipped="0" failures="0" errors="0" time="3.499">
    <testcase time="3.49899999999991" classname="tsfvit01part2" name="tsfvit01"/>
  </testsuite>
  <testsuite name="tsfvit01part3" timestamp="2026-03-23T14:30:35Z" hostname="21b046d7c3c6" tests="1" skipped="0" failures="0" errors="0" time="3.728">
    <testcase time="3.72800000000007" classname="tsfvit01part3" name="tsfvit01"/>
  </testsuite>
  <testsuite name="tsfvit01part4" timestamp="2026-03-23T14:30:39Z" hostname="21b046d7c3c6" tests="1" skipped="0" failures="0" errors="0" time="3.34">
    <testcase time="3.33999999999992" classname="tsfvit01part4" name="tsfvit01"/>
  </testsuite>
  <testsuite name="tsfvit02" timestamp="2026-03-23T14:30:42Z" hostname="21b046d7c3c6" tests="1" skipped="0" failures="0" errors="0" time="0.639">
    <testcase time="0.63900000000001" classname="tsfvit02" name="tsfvit02"/>
  </testsuite>
  <testsuite name="tsfvit03" timestamp="2026-03-23T14:30:43Z" hostname="21b046d7c3c6" tests="1" skipped="0" failures="0" errors="0" time="0.626">
    <testcase time="0.62600000000009" classname="tsfvit03" name="tsfvit03"/>
  </testsuite>
  <testsuite name="tsfvit04" timestamp="2026-03-23T14:30:44Z" hostname="21b046d7c3c6" tests="1" skipped="0" failures="0" errors="0" time="0.631">
    <testcase time="0.630999999999972" classname="tsfvit04" name="tsfvit04"/>
  </testsuite>
  <testsuite name="tsfvit05" timestamp="2026-03-23T14:30:44Z" hostname="21b046d7c3c6" tests="1" skipped="0" failures="0" errors="0" time="1.765">
    <testcase time="1.76499999999999" classname="tsfvit05" name="tsfvit05"/>
  </testsuite>
  <testsuite name="tsfvit06" timestamp="2026-03-23T14:30:46Z" hostname="21b046d7c3c6" tests="1" skipped="0" failures="0" errors="0" time="0.572">
    <testcase time="0.572000000000003" classname="tsfvit06" name="tsfvit06"/>
  </testsuite>
  <testsuite name="tsicm01" timestamp="2026-03-23T14:30:47Z" hostname="21b046d7c3c6" tests="1" skipped="0" failures="0" errors="0" time="5.412">
    <testcase time="5.41200000000003" classname="tsicm01" name="tsicm01"/>
  </testsuite>
  <testsuite name="tsicm02" timestamp="2026-03-23T14:30:52Z" hostname="21b046d7c3c6" tests="1" skipped="0" failures="0" errors="0" time="5.401">
    <testcase time="5.40099999999995" classname="tsicm02" name="tsicm02"/>
  </testsuite>
  <testsuite name="tsicm03" timestamp="2026-03-23T14:30:57Z" hostname="21b046d7c3c6" tests="1" skipped="0" failures="0" errors="0" time="4.211">
    <testcase time="4.21100000000001" classname="tsicm03" name="tsicm03"/>
  </testsuite>
  <testsuite name="tsicm04" timestamp="2026-03-23T14:31:02Z" hostname="21b046d7c3c6" tests="1" skipped="0" failures="0" errors="0" time="4.25">
    <testcase time="4.25" classname="tsicm04" name="tsicm04"/>
  </testsuite>
  <testsuite name="tsicm05" timestamp="2026-03-23T14:31:06Z" hostname="21b046d7c3c6" tests="1" skipped="0" failures="0" errors="0" time="7.091">
    <testcase time="7.09100000000001" classname="tsicm05" name="tsicm05"/>
  </testsuite>
  <testsuite name="tsicm06" timestamp="2026-03-23T14:31:13Z" hostname="21b046d7c3c6" tests="1" skipped="0" failures="0" errors="0" time="6.996">
    <testcase time="6.99599999999998" classname="tsicm06" name="tsicm06"/>
  </testsuite>
  <testsuite name="tsicm07" timestamp="2026-03-23T14:31:20Z" hostname="21b046d7c3c6" tests="1" skipped="0" failures="0" errors="0" time="0.661">
    <testcase time="0.661000000000058" classname="tsicm07" name="tsicm07"/>
  </testsuite>
  <testsuite name="tsicm08" timestamp="2026-03-23T14:31:21Z" hostname="21b046d7c3c6" tests="1" skipped="0" failures="0" errors="0" time="0.67">
    <testcase time="0.669999999999959" classname="tsicm08" name="tsicm08"/>
  </testsuite>
  <testsuite name="tsidem01" timestamp="2026-03-23T14:31:21Z" hostname="21b046d7c3c6" tests="1" skipped="0" failures="0" errors="0" time="2.3">
    <testcase time="2.29999999999995" classname="tsidem01" name="tsidem01"/>
  </testsuite>
  <testsuite name="tsidem02" timestamp="2026-03-23T14:31:23Z" hostname="21b046d7c3c6" tests="1" skipped="0" failures="0" errors="0" time="0.757">
    <testcase time="0.757000000000062" classname="tsidem02" name="tsidem02"/>
  </testsuite>
  <testsuite name="tsids01" timestamp="2026-03-23T14:31:24Z" hostname="21b046d7c3c6" tests="1" skipped="0" failures="0" errors="0" time="0.36">
    <testcase time="0.360000000000014" classname="tsids01" name="tsids01"/>
  </testsuite>
  <testsuite name="tsids02" timestamp="2026-03-23T14:31:25Z" hostname="21b046d7c3c6" tests="1" skipped="0" failures="0" errors="0" time="1.537">
    <testcase time="1.53699999999992" classname="tsids02" name="tsids02"/>
  </testsuite>
  <testsuite name="tsids02a" timestamp="2026-03-23T14:31:26Z" hostname="21b046d7c3c6" tests="1" skipped="0" failures="0" errors="0" time="7.609">
    <testcase time="7.60900000000004" classname="tsids02a" name="tsids02a"/>
  </testsuite>
  <testsuite name="tsiex01" timestamp="2026-03-23T14:31:34Z" hostname="21b046d7c3c6" tests="1" skipped="0" failures="0" errors="0" time="1.524">
    <testcase time="1.524" classname="tsiex01" name="tsiex01"/>
  </testsuite>
  <testsuite name="tsiex02" timestamp="2026-03-23T14:31:35Z" hostname="21b046d7c3c6" tests="1" skipped="0" failures="0" errors="0" time="1.344">
    <testcase time="1.34400000000005" classname="tsiex02" name="tsiex02"/>
  </testsuite>
  <testsuite name="tsiex03" timestamp="2026-03-23T14:31:37Z" hostname="21b046d7c3c6" tests="1" skipped="0" failures="0" errors="0" time="1.062">
    <testcase time="1.0619999999999" classname="tsiex03" name="tsiex03"/>
  </testsuite>
  <testsuite name="tsiex04" timestamp="2026-03-23T14:31:38Z" hostname="21b046d7c3c6" tests="1" skipped="0" failures="0" errors="0" time="0.875">
    <testcase time="0.875" classname="tsiex04" name="tsiex04"/>
  </testsuite>
  <testsuite name="tsiex06" timestamp="2026-03-23T14:31:39Z" hostname="21b046d7c3c6" tests="1" skipped="0" failures="0" errors="0" time="0.404">
    <testcase time="0.403999999999996" classname="tsiex06" name="tsiex06"/>
  </testsuite>
  <testsuite name="tsiex07" timestamp="2026-03-23T14:31:39Z" hostname="21b046d7c3c6" tests="1" skipped="0" failures="0" errors="0" time="0.582">
    <testcase time="0.582000000000107" classname="tsiex07" name="tsiex07"/>
  </testsuite>
  <testsuite name="tsiex08" timestamp="2026-03-23T14:31:40Z" hostname="21b046d7c3c6" tests="1" skipped="0" failures="0" errors="0" time="1.31">
    <testcase time="1.30999999999995" classname="tsiex08" name="tsiex08"/>
  </testsuite>
  <testsuite name="tsiex09" timestamp="2026-03-23T14:31:41Z" hostname="21b046d7c3c6" tests="1" skipped="0" failures="0" errors="0" time="0.614">
    <testcase time="0.614000000000033" classname="tsiex09" name="tsiex09"/>
  </testsuite>
  <testsuite name="tsiex10" timestamp="2026-03-23T14:31:41Z" hostname="21b046d7c3c6" tests="1" skipped="0" failures="0" errors="0" time="0.593">
    <testcase time="0.592999999999961" classname="tsiex10" name="tsiex10"/>
  </testsuite>
  <testsuite name="tsiex11" timestamp="2026-03-23T14:31:42Z" hostname="21b046d7c3c6" tests="1" skipped="0" failures="0" errors="0" time="3.15">
    <testcase time="3.14999999999998" classname="tsiex11" name="tsiex11"/>
  </testsuite>
  <testsuite name="tsimh01" timestamp="2026-03-23T14:31:45Z" hostname="21b046d7c3c6" tests="1" skipped="0" failures="0" errors="0" time="1.153">
    <testcase time="1.15300000000002" classname="tsimh01" name="tsimh01"/>
  </testsuite>
</testsuites>
