<?xml version="1.0" encoding="UTF-8"?>
<testsuites>
  <testsuite name="char-support" timestamp="2026-01-15T14:36:34Z" hostname="e549d8c91827" tests="6" skipped="0" failures="0" errors="0" time="3.393">
    <testcase time="1.115" classname="char_support" name="CRITDIR_is_factor_and_one_PARAMCD_is_not_available_on_all_AVISITS"/>
    <testcase time="0.362" classname="char_support" name="CRITDIR_is_factor_and_one_PARAMCD_is_not_available_on_all_AVISITS"/>
    <testcase time="0.622" classname="char_support" name="CRITDIR_is_not_factor_and_all_PARAMCD_available_on_all_AVISITS"/>
    <testcase time="0.388999999999999" classname="char_support" name="CRITDIR_is_not_factor_and_all_PARAMCD_available_on_all_AVISITS"/>
    <testcase time="0.617000000000001" classname="char_support" name="CRITDIR_is_not_factor_and_one_PARAMCD_is_not_available_on_all_AVISITS"/>
    <testcase time="0.287999999999998" classname="char_support" name="CRITDIR_is_not_factor_and_one_PARAMCD_is_not_available_on_all_AVISITS"/>
  </testsuite>
  <testsuite name="listing_adal02" timestamp="2026-01-15T14:36:37Z" hostname="e549d8c91827" tests="1" skipped="0" failures="0" errors="0" time="0.178">
    <testcase time="0.178000000000001" classname="listing_adal02" name="ADAL02_listing_is_produced_correctly"/>
  </testsuite>
  <testsuite name="listing_ael01" timestamp="2026-01-15T14:36:38Z" hostname="e549d8c91827" tests="1" skipped="0" failures="0" errors="0" time="0.129">
    <testcase time="0.129" classname="listing_ael01" name="AEL01_listing_is_produced_correctly"/>
  </testsuite>
  <testsuite name="listing_ael01_nollt" timestamp="2026-01-15T14:36:38Z" hostname="e549d8c91827" tests="1" skipped="0" failures="0" errors="0" time="0.052">
    <testcase time="0.0519999999999996" classname="listing_ael01_nollt" name="AEL01_NOLLT_listing_is_produced_correctly"/>
  </testsuite>
  <testsuite name="listing_ael02" timestamp="2026-01-15T14:36:38Z" hostname="e549d8c91827" tests="1" skipped="0" failures="0" errors="0" time="0.284">
    <testcase time="0.284000000000001" classname="listing_ael02" name="AEL02_listing_is_produced_correctly"/>
  </testsuite>
  <testsuite name="listing_ael02_ed" timestamp="2026-01-15T14:36:38Z" hostname="e549d8c91827" tests="1" skipped="0" failures="0" errors="0" time="0.324">
    <testcase time="0.324" classname="listing_ael02_ed" name="AEL02_ED_listing_is_produced_correctly"/>
  </testsuite>
  <testsuite name="listing_ael03" timestamp="2026-01-15T14:36:38Z" hostname="e549d8c91827" tests="1" skipped="0" failures="0" errors="0" time="0.272">
    <testcase time="0.272" classname="listing_ael03" name="AEL03_listing_is_produced_correctly"/>
  </testsuite>
  <testsuite name="listing_ael04" timestamp="2026-01-15T14:36:39Z" hostname="e549d8c91827" tests="1" skipped="0" failures="0" errors="0" time="0.2">
    <testcase time="0.199999999999999" classname="listing_ael04" name="AEL04_listing_is_produced_correctly"/>
  </testsuite>
  <testsuite name="listing_cml01" timestamp="2026-01-15T14:36:39Z" hostname="e549d8c91827" tests="1" skipped="0" failures="0" errors="0" time="0.35">
    <testcase time="0.350000000000001" classname="listing_cml01" name="CML01_listing_is_produced_correctly"/>
  </testsuite>
  <testsuite name="listing_cml02a_gl" timestamp="2026-01-15T14:36:39Z" hostname="e549d8c91827" tests="1" skipped="0" failures="0" errors="0" time="0.11">
    <testcase time="0.109999999999999" classname="listing_cml02a_gl" name="CML02A_GL_listing_is_produced_correctly"/>
  </testsuite>
  <testsuite name="listing_cml02b_gl" timestamp="2026-01-15T14:36:39Z" hostname="e549d8c91827" tests="1" skipped="0" failures="0" errors="0" time="0.159">
    <testcase time="0.158999999999999" classname="listing_cml02b_gl" name="CML02B_GL_listing_is_produced_correctly"/>
  </testsuite>
  <testsuite name="listing_dsl01" timestamp="2026-01-15T14:36:39Z" hostname="e549d8c91827" tests="1" skipped="0" failures="0" errors="0" time="0.156">
    <testcase time="0.156000000000001" classname="listing_dsl01" name="DSL01_listing_is_produced_correctly"/>
  </testsuite>
  <testsuite name="listing_dsl02" timestamp="2026-01-15T14:36:40Z" hostname="e549d8c91827" tests="1" skipped="0" failures="0" errors="0" time="0.069">
    <testcase time="0.0690000000000008" classname="listing_dsl02" name="DSL02_listing_is_produced_correctly"/>
  </testsuite>
  <testsuite name="listing_dsur4" timestamp="2026-01-15T14:36:40Z" hostname="e549d8c91827" tests="1" skipped="0" failures="0" errors="0" time="0.092">
    <testcase time="0.0919999999999987" classname="listing_dsur4" name="DSUR4_listing_is_produced_correctly"/>
  </testsuite>
  <testsuite name="listing_egl01" timestamp="2026-01-15T14:36:40Z" hostname="e549d8c91827" tests="1" skipped="0" failures="0" errors="0" time="0.415">
    <testcase time="0.415000000000001" classname="listing_egl01" name="EGL01_listing_is_produced_correctly"/>
  </testsuite>
  <testsuite name="listing_exl01" timestamp="2026-01-15T14:36:40Z" hostname="e549d8c91827" tests="1" skipped="0" failures="0" errors="0" time="0.209">
    <testcase time="0.209" classname="listing_exl01" name="EXL01_listing_is_produced_correctly"/>
  </testsuite>
  <testsuite name="listing_lbl01" timestamp="2026-01-15T14:36:40Z" hostname="e549d8c91827" tests="1" skipped="0" failures="0" errors="0" time="0.544">
    <testcase time="0.544" classname="listing_lbl01" name="LBL01_listing_is_produced_correctly"/>
  </testsuite>
  <testsuite name="listing_lbl01_rls" timestamp="2026-01-15T14:36:41Z" hostname="e549d8c91827" tests="1" skipped="0" failures="0" errors="0" time="0.513">
    <testcase time="0.512999999999998" classname="listing_lbl01_rls" name="LBL01_RLS_listing_is_produced_correctly"/>
  </testsuite>
  <testsuite name="listing_lbl02a" timestamp="2026-01-15T14:36:41Z" hostname="e549d8c91827" tests="1" skipped="0" failures="0" errors="0" time="0.248">
    <testcase time="0.248000000000001" classname="listing_lbl02a" name="LBL02A_listing_is_produced_correctly"/>
  </testsuite>
  <testsuite name="listing_lbl02a_rls" timestamp="2026-01-15T14:36:42Z" hostname="e549d8c91827" tests="1" skipped="0" failures="0" errors="0" time="0.761">
    <testcase time="0.760999999999999" classname="listing_lbl02a_rls" name="LBL02A_RLS_listing_is_produced_correctly"/>
  </testsuite>
  <testsuite name="listing_lbl02b" timestamp="2026-01-15T14:36:42Z" hostname="e549d8c91827" tests="1" skipped="0" failures="0" errors="0" time="0.259">
    <testcase time="0.259" classname="listing_lbl02b" name="LBL02B_listing_is_produced_correctly"/>
  </testsuite>
  <testsuite name="listing_mhl01" timestamp="2026-01-15T14:36:43Z" hostname="e549d8c91827" tests="1" skipped="0" failures="0" errors="0" time="0.241">
    <testcase time="0.241" classname="listing_mhl01" name="MHL01_listing_is_produced_correctly"/>
  </testsuite>
  <testsuite name="listing_oncl01" timestamp="2026-01-15T14:36:43Z" hostname="e549d8c91827" tests="1" skipped="0" failures="0" errors="0" time="0.21">
    <testcase time="0.210000000000001" classname="listing_oncl01" name="ONCL01_listing_is_produced_correctly"/>
  </testsuite>
  <testsuite name="listing_pkcl01" timestamp="2026-01-15T14:36:43Z" hostname="e549d8c91827" tests="2" skipped="0" failures="0" errors="0" time="0.525">
    <testcase time="0.172000000000001" classname="listing_pkcl01" name="PKCL01_listing_is_produced_correctly"/>
    <testcase time="0.352999999999998" classname="listing_pkcl01" name="PKCL01_listing_key_columns_values_are_repeated_when_entries_span_multiple_pages"/>
  </testsuite>
  <testsuite name="listing_pkcl02" timestamp="2026-01-15T14:36:44Z" hostname="e549d8c91827" tests="1" skipped="0" failures="0" errors="0" time="0.198">
    <testcase time="0.198" classname="listing_pkcl02" name="PKCL02_listing_is_produced_correctly"/>
  </testsuite>
  <testsuite name="listing_pkpl01" timestamp="2026-01-15T14:36:44Z" hostname="e549d8c91827" tests="1" skipped="0" failures="0" errors="0" time="0.201">
    <testcase time="0.201000000000001" classname="listing_pkpl01" name="PKPL01_listing_is_produced_correctly"/>
  </testsuite>
  <testsuite name="listing_pkpl02" timestamp="2026-01-15T14:36:44Z" hostname="e549d8c91827" tests="1" skipped="0" failures="0" errors="0" time="0.119">
    <testcase time="0.119" classname="listing_pkpl02" name="PKPL02_listing_is_produced_correctly"/>
  </testsuite>
  <testsuite name="listing_pkpl04" timestamp="2026-01-15T14:36:44Z" hostname="e549d8c91827" tests="1" skipped="0" failures="0" errors="0" time="0.194">
    <testcase time="0.193999999999999" classname="listing_pkpl04" name="PKPL04_listing_is_produced_correctly"/>
  </testsuite>
  <testsuite name="listing_vsl01" timestamp="2026-01-15T14:36:44Z" hostname="e549d8c91827" tests="1" skipped="0" failures="0" errors="0" time="0.42">
    <testcase time="0.420000000000002" classname="listing_vsl01" name="VSL01_listing_is_produced_correctly"/>
  </testsuite>
  <testsuite name="lsfae01" timestamp="2026-01-15T14:36:45Z" hostname="e549d8c91827" tests="1" skipped="0" failures="0" errors="0" time="1.24">
    <testcase time="1.24" classname="lsfae01" name="lsfae01"/>
  </testsuite>
  <testsuite name="lsfae02" timestamp="2026-01-15T14:36:46Z" hostname="e549d8c91827" tests="1" skipped="0" failures="0" errors="0" time="1.103">
    <testcase time="1.103" classname="lsfae02" name="lsfae02"/>
  </testsuite>
  <testsuite name="lsfae03" timestamp="2026-01-15T14:36:47Z" hostname="e549d8c91827" tests="1" skipped="0" failures="0" errors="0" time="0.728">
    <testcase time="0.727999999999998" classname="lsfae03" name="lsfae03"/>
  </testsuite>
  <testsuite name="lsfae04" timestamp="2026-01-15T14:36:48Z" hostname="e549d8c91827" tests="1" skipped="0" failures="0" errors="0" time="0.28">
    <testcase time="0.280000000000001" classname="lsfae04" name="lsfae04"/>
  </testsuite>
  <testsuite name="lsfae05" timestamp="2026-01-15T14:36:48Z" hostname="e549d8c91827" tests="1" skipped="0" failures="0" errors="0" time="1.393">
    <testcase time="1.393" classname="lsfae05" name="lsfae05"/>
  </testsuite>
  <testsuite name="lsfae06a" timestamp="2026-01-15T14:36:50Z" hostname="e549d8c91827" tests="1" skipped="0" failures="0" errors="0" time="1.014">
    <testcase time="1.014" classname="lsfae06a" name="lsfae06a"/>
  </testsuite>
  <testsuite name="lsfae06b" timestamp="2026-01-15T14:36:51Z" hostname="e549d8c91827" tests="1" skipped="0" failures="0" errors="0" time="0.968">
    <testcase time="0.968" classname="lsfae06b" name="lsfae06b"/>
  </testsuite>
  <testsuite name="lsfdth01" timestamp="2026-01-15T14:36:52Z" hostname="e549d8c91827" tests="1" skipped="0" failures="0" errors="0" time="0.303">
    <testcase time="0.303000000000001" classname="lsfdth01" name="lsfdth01"/>
  </testsuite>
  <testsuite name="lsfecg01" timestamp="2026-01-15T14:36:52Z" hostname="e549d8c91827" tests="1" skipped="0" failures="0" errors="0" time="1.132">
    <testcase time="1.132" classname="lsfecg01" name="lsfecg01"/>
  </testsuite>
  <testsuite name="lsfecg02part1" timestamp="2026-01-15T14:36:53Z" hostname="e549d8c91827" tests="1" skipped="0" failures="1" errors="0" time="22.558">
    <testcase time="22.558" classname="lsfecg02part1" name="lsfecg02part1of3">
      <failure type="failure" message="Snapshot of `write_test_rtf_for(&quot;lsfecg02.R&quot;, part_num = 1, total_parts = 3)` has changed. ('test-lsfecg02part1.R:2:3')">Snapshot of `write_test_rtf_for("lsfecg02.R", part_num = 1, total_parts = 3)` has changed.
</failure>
    </testcase>
  </testsuite>
  <testsuite name="lsfecg02part2" timestamp="2026-01-15T14:37:16Z" hostname="e549d8c91827" tests="1" skipped="0" failures="0" errors="0" time="22.886">
    <testcase time="22.886" classname="lsfecg02part2" name="lsfecg02part2of3"/>
  </testsuite>
  <testsuite name="lsfecg02part3" timestamp="2026-01-15T14:37:38Z" hostname="e549d8c91827" tests="1" skipped="0" failures="0" errors="0" time="22.464">
    <testcase time="22.464" classname="lsfecg02part3" name="lsfecg02part3of3"/>
  </testsuite>
  <testsuite name="lsflab01" timestamp="2026-01-15T14:38:01Z" hostname="e549d8c91827" tests="1" skipped="0" failures="0" errors="0" time="1.07">
    <testcase time="1.07000000000001" classname="lsflab01" name="lsflab01"/>
  </testsuite>
  <testsuite name="lsfvit01" timestamp="2026-01-15T14:38:02Z" hostname="e549d8c91827" tests="1" skipped="0" failures="1" errors="0" time="2.085">
    <testcase time="2.08499999999999" classname="lsfvit01" name="lsfvit01">
      <failure type="failure" message="Snapshot of `write_test_rtf_for(&quot;lsfvit01.R&quot;)` has changed. ('test-lsfvit01.R:2:3')">Snapshot of `write_test_rtf_for("lsfvit01.R")` has changed.
</failure>
    </testcase>
  </testsuite>
  <testsuite name="lsfvit02" timestamp="2026-01-15T14:38:04Z" hostname="e549d8c91827" tests="1" skipped="0" failures="1" errors="0" time="403.876">
    <testcase time="403.876" classname="lsfvit02" name="lsfvit02">
      <failure type="failure" message="Snapshot of `write_test_rtf_for(&quot;lsfvit02.R&quot;)` has changed. ('test-lsfvit02.R:2:3')">Snapshot of `write_test_rtf_for("lsfvit02.R")` has changed.
</failure>
    </testcase>
  </testsuite>
  <testsuite name="lsicm01" timestamp="2026-01-15T14:44:48Z" hostname="e549d8c91827" tests="1" skipped="0" failures="0" errors="0" time="1.102">
    <testcase time="1.10200000000003" classname="lsicm01" name="lsicm01"/>
  </testsuite>
  <testsuite name="lsidem01" timestamp="2026-01-15T14:44:49Z" hostname="e549d8c91827" tests="1" skipped="0" failures="0" errors="0" time="0.893">
    <testcase time="0.892999999999972" classname="lsidem01" name="lsidem01"/>
  </testsuite>
  <testsuite name="lsidem02" timestamp="2026-01-15T14:44:50Z" hostname="e549d8c91827" tests="1" skipped="0" failures="0" errors="0" time="0.792">
    <testcase time="0.79200000000003" classname="lsidem02" name="lsidem02"/>
  </testsuite>
  <testsuite name="lsids01" timestamp="2026-01-15T14:44:51Z" hostname="e549d8c91827" tests="1" skipped="0" failures="0" errors="0" time="0.781">
    <testcase time="0.781000000000006" classname="lsids01" name="lsids01"/>
  </testsuite>
  <testsuite name="lsids02" timestamp="2026-01-15T14:44:51Z" hostname="e549d8c91827" tests="1" skipped="0" failures="0" errors="0" time="0.857">
    <testcase time="0.856999999999971" classname="lsids02" name="lsids02"/>
  </testsuite>
  <testsuite name="lsids03" timestamp="2026-01-15T14:44:52Z" hostname="e549d8c91827" tests="1" skipped="0" failures="0" errors="0" time="0.902">
    <testcase time="0.901999999999987" classname="lsids03" name="lsids03"/>
  </testsuite>
  <testsuite name="lsids04" timestamp="2026-01-15T14:44:53Z" hostname="e549d8c91827" tests="1" skipped="0" failures="0" errors="0" time="0.182">
    <testcase time="0.182000000000016" classname="lsids04" name="lsids04"/>
  </testsuite>
  <testsuite name="lsids05" timestamp="2026-01-15T14:44:53Z" hostname="e549d8c91827" tests="1" skipped="0" failures="0" errors="0" time="0.137">
    <testcase time="0.137" classname="lsids05" name="lsids05"/>
  </testsuite>
  <testsuite name="lsiex01" timestamp="2026-01-15T14:44:54Z" hostname="e549d8c91827" tests="1" skipped="0" failures="0" errors="0" time="0.993">
    <testcase time="0.992999999999995" classname="lsiex01" name="lsiex01"/>
  </testsuite>
  <testsuite name="lsiex02" timestamp="2026-01-15T14:44:55Z" hostname="e549d8c91827" tests="1" skipped="0" failures="0" errors="0" time="0.608">
    <testcase time="0.608000000000004" classname="lsiex02" name="lsiex02"/>
  </testsuite>
  <testsuite name="lsiex03" timestamp="2026-01-15T14:44:55Z" hostname="e549d8c91827" tests="1" skipped="0" failures="0" errors="0" time="1.227">
    <testcase time="1.22699999999998" classname="lsiex03" name="lsiex03"/>
  </testsuite>
  <testsuite name="lsimh01" timestamp="2026-01-15T14:44:56Z" hostname="e549d8c91827" tests="1" skipped="0" failures="1" errors="0" time="0.908">
    <testcase time="0.908000000000015" classname="lsimh01" name="lsimh01">
      <failure type="failure" message="Snapshot of `write_test_rtf_for(&quot;lsimh01.R&quot;)` has changed. ('test-lsimh01.R:2:3')">Snapshot of `write_test_rtf_for("lsimh01.R")` has changed.
</failure>
    </testcase>
  </testsuite>
  <testsuite name="pagination_listing" timestamp="2026-01-15T14:44:57Z" hostname="e549d8c91827" tests="13" skipped="0" failures="0" errors="0" time="3.756">
    <testcase time="0.04200000000003" classname="pagination_listing" name="Direct_pagination_works_fine"/>
    <testcase time="0.624000000000024" classname="pagination_listing" name="Direct_pagination_works_fine"/>
    <testcase time="0.00299999999992906" classname="pagination_listing" name="Direct_pagination_works_fine"/>
    <testcase time="0.545000000000073" classname="pagination_listing" name="Direct_pagination_works_fine"/>
    <testcase time="0.951999999999998" classname="pagination_listing" name="Direct_pagination_works_fine"/>
    <testcase time="0.765999999999963" classname="pagination_listing" name="pagination_counts_the_right_number_of_lines_when_wrapping_on_keycols_is_present"/>
    <testcase time="0.00599999999997181" classname="pagination_listing" name="pagination_counts_the_right_number_of_lines_when_wrapping_on_keycols_is_present"/>
    <testcase time="0.00499999999999545" classname="pagination_listing" name="pagination_counts_the_right_number_of_lines_when_wrapping_on_keycols_is_present"/>
    <testcase time="0.0040000000000191" classname="pagination_listing" name="pagination_counts_the_right_number_of_lines_when_wrapping_on_keycols_is_present"/>
    <testcase time="0.795000000000073" classname="pagination_listing" name="pagination_counts_the_right_number_of_lines_when_wrapping_on_keycols_is_present"/>
    <testcase time="0.00599999999997181" classname="pagination_listing" name="pagination_counts_the_right_number_of_lines_when_wrapping_on_keycols_is_present"/>
    <testcase time="0.0040000000000191" classname="pagination_listing" name="pagination_counts_the_right_number_of_lines_when_wrapping_on_keycols_is_present"/>
    <testcase time="0.0040000000000191" classname="pagination_listing" name="pagination_counts_the_right_number_of_lines_when_wrapping_on_keycols_is_present"/>
  </testsuite>
  <testsuite name="pagination_table" timestamp="2026-01-15T14:45:02Z" hostname="e549d8c91827" tests="30" skipped="0" failures="0" errors="0" time="13.945">
    <testcase time="1.77699999999993" classname="pagination_table" name="Direct_pagination_with_standard_values"/>
    <testcase time="0.00499999999999545" classname="pagination_table" name="Direct_pagination_with_standard_values"/>
    <testcase time="0.0040000000000191" classname="pagination_table" name="Direct_pagination_with_standard_values"/>
    <testcase time="1.29899999999998" classname="pagination_table" name="Pagination_with_specific_column_widths_and_minimum_lines_per_page"/>
    <testcase time="0.0040000000000191" classname="pagination_table" name="Pagination_with_specific_column_widths_and_minimum_lines_per_page"/>
    <testcase time="0.384999999999991" classname="pagination_table" name="Pagination_with_specific_column_widths_and_minimum_lines_per_page"/>
    <testcase time="0.956999999999994" classname="pagination_table" name="Pagination_works_also_if_table_is_decorated"/>
    <testcase time="0.514999999999986" classname="pagination_table" name="Pagination_works_also_if_table_is_decorated"/>
    <testcase time="0.771000000000072" classname="pagination_table" name="Pagination_works_also_if_table_is_decorated"/>
    <testcase time="0.629999999999995" classname="pagination_table" name="Pagination_works_also_if_table_is_decorated"/>
    <testcase time="1.29700000000003" classname="pagination_table" name="Pagination_works_also_if_table_is_decorated"/>
    <testcase time="0.305999999999926" classname="pagination_table" name="Pagination_works_also_if_table_is_decorated"/>
    <testcase time="0.0040000000000191" classname="pagination_table" name="Pagination_works_also_if_table_is_decorated"/>
    <testcase time="0.0080000000000382" classname="pagination_table" name="Pagination_works_also_if_table_is_decorated"/>
    <testcase time="0.130999999999972" classname="pagination_table" name="Pagination_works_also_if_table_is_decorated"/>
    <testcase time="0.0720000000000027" classname="pagination_table" name="Pagination_works_also_if_table_is_decorated"/>
    <testcase time="0.67999999999995" classname="pagination_table" name="Pagination_works_for_page_types"/>
    <testcase time="0.0620000000000118" classname="pagination_table" name="Pagination_works_for_page_types"/>
    <testcase time="0.677000000000021" classname="pagination_table" name="Pagination_works_for_page_types"/>
    <testcase time="0.0620000000000118" classname="pagination_table" name="Pagination_works_for_page_types"/>
    <testcase time="0.625999999999976" classname="pagination_table" name="Pagination_works_for_page_types"/>
    <testcase time="0.36099999999999" classname="pagination_table" name="Pagination_works_for_page_types"/>
    <testcase time="0.689000000000078" classname="pagination_table" name="Pagination_works_for_page_width_and_height"/>
    <testcase time="0.104999999999905" classname="pagination_table" name="Pagination_works_for_page_width_and_height"/>
    <testcase time="0.749000000000024" classname="pagination_table" name="Pagination_works_for_page_types"/>
    <testcase time="0.147000000000048" classname="pagination_table" name="Pagination_works_for_page_types"/>
    <testcase time="0.894000000000005" classname="pagination_table" name="AET04_variant_2_page_by_pagination_tests"/>
    <testcase time="0.592999999999961" classname="pagination_table" name="AET04_variant_2_page_by_pagination_tests"/>
    <testcase time="0.000999999999976353" classname="pagination_table" name="AET04_variant_2_page_by_pagination_tests"/>
    <testcase time="0.134000000000015" classname="pagination_table" name="AET04_variant_2_page_by_pagination_tests"/>
  </testsuite>
  <testsuite name="table_adat03" timestamp="2026-01-15T14:45:15Z" hostname="e549d8c91827" tests="2" skipped="0" failures="0" errors="0" time="0.587">
    <testcase time="0.456000000000017" classname="table_adat03" name="ADAT03_is_produced_correctly"/>
    <testcase time="0.130999999999972" classname="table_adat03" name="ADAT03_is_produced_correctly"/>
  </testsuite>
  <testsuite name="table_aet01" timestamp="2026-01-15T14:45:16Z" hostname="e549d8c91827" tests="8" skipped="0" failures="0" errors="0" time="1.879">
    <testcase time="0.421000000000049" classname="table_aet01" name="Safety_Summary_Variant_1_works_as_expected"/>
    <testcase time="0.0990000000000464" classname="table_aet01" name="Safety_Summary_Variant_1_works_as_expected"/>
    <testcase time="0.363999999999919" classname="table_aet01" name="Safety_Summary_Variant_2_with_Medical_Concepts_Section_works_as_expected"/>
    <testcase time="0.09800000000007" classname="table_aet01" name="Safety_Summary_Variant_2_with_Medical_Concepts_Section_works_as_expected"/>
    <testcase time="0.302000000000021" classname="table_aet01" name="Safety_Summary_Variant_3_with_Modified_Rows_works_as_expected"/>
    <testcase time="0.0739999999999554" classname="table_aet01" name="Safety_Summary_Variant_3_with_Modified_Rows_works_as_expected"/>
    <testcase time="0.40300000000002" classname="table_aet01" name="Safety_Summary_Variant_4_with_Rows_Counting_Events_and_Additional_Sections_works_as_expected"/>
    <testcase time="0.117999999999938" classname="table_aet01" name="Safety_Summary_Variant_4_with_Rows_Counting_Events_and_Additional_Sections_works_as_expected"/>
  </testsuite>
  <testsuite name="table_aet01_aesi" timestamp="2026-01-15T14:45:17Z" hostname="e549d8c91827" tests="8" skipped="0" failures="0" errors="0" time="2.819">
    <testcase time="0.293999999999983" classname="table_aet01_aesi" name="AET01_AESI_Variant_1_works_as_expected"/>
    <testcase time="0.100000000000023" classname="table_aet01_aesi" name="AET01_AESI_Variant_1_works_as_expected"/>
    <testcase time="0.523000000000025" classname="table_aet01_aesi" name="AET01_AESI_Variant_2_works_as_expected"/>
    <testcase time="0.137000000000057" classname="table_aet01_aesi" name="AET01_AESI_Variant_2_works_as_expected"/>
    <testcase time="0.742999999999938" classname="table_aet01_aesi" name="AET01_AESI_Variant_3_works_as_expected"/>
    <testcase time="0.189000000000078" classname="table_aet01_aesi" name="AET01_AESI_Variant_3_works_as_expected"/>
    <testcase time="0.642999999999915" classname="table_aet01_aesi" name="AET01_AESI_Variant_4_works_as_expected"/>
    <testcase time="0.190000000000055" classname="table_aet01_aesi" name="AET01_AESI_Variant_4_works_as_expected"/>
  </testsuite>
  <testsuite name="table_aet02" timestamp="2026-01-15T14:45:20Z" hostname="e549d8c91827" tests="26" skipped="0" failures="0" errors="0" time="8.821">
    <testcase time="0.627999999999929" classname="table_aet02" name="AET02_variant_1_is_produced_correctly"/>
    <testcase time="0.163000000000011" classname="table_aet02" name="AET02_variant_1_is_produced_correctly"/>
    <testcase time="0.416000000000054" classname="table_aet02" name="AET02_variant_1_is_produced_correctly"/>
    <testcase time="0.101999999999975" classname="table_aet02" name="AET02_variant_1_is_produced_correctly"/>
    <testcase time="0.659999999999968" classname="table_aet02" name="AET02_variant_2_is_produced_correctly"/>
    <testcase time="0.165000000000077" classname="table_aet02" name="AET02_variant_2_is_produced_correctly"/>
    <testcase time="1.04199999999992" classname="table_aet02" name="AET02_variant_3_is_produced_correctly"/>
    <testcase time="0.325000000000045" classname="table_aet02" name="AET02_variant_3_is_produced_correctly"/>
    <testcase time="0.129000000000019" classname="table_aet02" name="AET02_variant_4_is_produced_correctly"/>
    <testcase time="0.100000000000023" classname="table_aet02" name="AET02_variant_4_is_produced_correctly"/>
    <testcase time="0.452999999999975" classname="table_aet02" name="AET02_variant_5_is_produced_correctly"/>
    <testcase time="0.153999999999996" classname="table_aet02" name="AET02_variant_5_is_produced_correctly"/>
    <testcase time="0.462999999999965" classname="table_aet02" name="AET02_variant_6_is_produced_correctly"/>
    <testcase time="0.0830000000000837" classname="table_aet02" name="AET02_variant_6_is_produced_correctly"/>
    <testcase time="1.04399999999998" classname="table_aet02" name="AET02_variant_7_is_produced_correctly"/>
    <testcase time="0.144999999999982" classname="table_aet02" name="AET02_variant_7_is_produced_correctly"/>
    <testcase time="0.44399999999996" classname="table_aet02" name="AET02_variant_8_is_produced_correctly"/>
    <testcase time="0.0579999999999927" classname="table_aet02" name="AET02_variant_8_is_produced_correctly"/>
    <testcase time="0.463000000000079" classname="table_aet02" name="AET02_variant_9_is_produced_correctly"/>
    <testcase time="0.0819999999999936" classname="table_aet02" name="AET02_variant_9_is_produced_correctly"/>
    <testcase time="0.675999999999931" classname="table_aet02" name="AET02_variant_10_is_produced_correctly"/>
    <testcase time="0.0680000000000973" classname="table_aet02" name="AET02_variant_10_is_produced_correctly"/>
    <testcase time="0.419999999999959" classname="table_aet02" name="AET02_variant_11_is_produced_correctly"/>
    <testcase time="0.06899999999996" classname="table_aet02" name="AET02_variant_11_is_produced_correctly"/>
    <testcase time="0.402000000000044" classname="table_aet02" name="AET02_variant_12_is_produced_correctly"/>
    <testcase time="0.0670000000000073" classname="table_aet02" name="AET02_variant_12_is_produced_correctly"/>
  </testsuite>
  <testsuite name="table_aet02_smq" timestamp="2026-01-15T14:45:29Z" hostname="e549d8c91827" tests="4" skipped="0" failures="0" errors="0" time="0.408">
    <testcase time="0.130999999999972" classname="table_aet02_smq" name="AET02SMQ_variant_1_is_produced_correctly"/>
    <testcase time="0.0539999999999736" classname="table_aet02_smq" name="AET02SMQ_variant_1_is_produced_correctly"/>
    <testcase time="0.158999999999992" classname="table_aet02_smq" name="AET02SMQ_variant_2_is_produced_correctly"/>
    <testcase time="0.0640000000000782" classname="table_aet02_smq" name="AET02SMQ_variant_2_is_produced_correctly"/>
  </testsuite>
  <testsuite name="table_aet03" timestamp="2026-01-15T14:45:30Z" hostname="e549d8c91827" tests="6" skipped="0" failures="0" errors="0" time="4.813">
    <testcase time="1.18999999999994" classname="table_aet03" name="AET03_variant_1_is_produced_correctly"/>
    <testcase time="0.385999999999967" classname="table_aet03" name="AET03_variant_1_is_produced_correctly"/>
    <testcase time="1.33300000000008" classname="table_aet03" name="AET03_variant_1_is_produced_correctly"/>
    <testcase time="0.661999999999921" classname="table_aet03" name="AET03_variant_1_is_produced_correctly"/>
    <testcase time="1.03300000000002" classname="table_aet03" name="AET03_variant_1_is_produced_correctly"/>
    <testcase time="0.20900000000006" classname="table_aet03" name="AET03_variant_1_is_produced_correctly"/>
  </testsuite>
  <testsuite name="table_aet04" timestamp="2026-01-15T14:45:35Z" hostname="e549d8c91827" tests="30" skipped="0" failures="0" errors="0" time="13.025">
    <testcase time="0.809999999999945" classname="table_aet04" name="AET04_variant_1_is_produced_correctly"/>
    <testcase time="0.322999999999979" classname="table_aet04" name="AET04_variant_1_is_produced_correctly"/>
    <testcase time="0.752000000000066" classname="table_aet04" name="AET04_variant_1_is_produced_correctly"/>
    <testcase time="0.04200000000003" classname="table_aet04" name="AET04_variant_1_is_produced_correctly"/>
    <testcase time="0.0569999999999027" classname="table_aet04" name="AET04_variant_1_is_produced_correctly"/>
    <testcase time="0.730000000000018" classname="table_aet04" name="AET04_variant_2_is_produced_correctly_Fill_in_of_Treatment_Groups_"/>
    <testcase time="0.259000000000015" classname="table_aet04" name="AET04_variant_2_is_produced_correctly_Fill_in_of_Treatment_Groups_"/>
    <testcase time="0.701000000000022" classname="table_aet04" name="AET04_variant_2_is_produced_correctly_Fill_in_of_Treatment_Groups_"/>
    <testcase time="0.0389999999999873" classname="table_aet04" name="AET04_variant_2_is_produced_correctly_Fill_in_of_Treatment_Groups_"/>
    <testcase time="0.0520000000000209" classname="table_aet04" name="AET04_variant_2_is_produced_correctly_Fill_in_of_Treatment_Groups_"/>
    <testcase time="0.763000000000034" classname="table_aet04" name="AET04_variant_3_is_produced_correctly_Fill_in_of_Grades_"/>
    <testcase time="0.344999999999914" classname="table_aet04" name="AET04_variant_3_is_produced_correctly_Fill_in_of_Grades_"/>
    <testcase time="0.807999999999993" classname="table_aet04" name="AET04_variant_3_is_produced_correctly_Fill_in_of_Grades_"/>
    <testcase time="0.04200000000003" classname="table_aet04" name="AET04_variant_3_is_produced_correctly_Fill_in_of_Grades_"/>
    <testcase time="0.0589999999999691" classname="table_aet04" name="AET04_variant_3_is_produced_correctly_Fill_in_of_Grades_"/>
    <testcase time="0.783000000000015" classname="table_aet04" name="AET04_variant_4_is_produced_correctly_Collapsing_of_Grades_grades_1_2_grades_3_4_5_"/>
    <testcase time="0.317000000000007" classname="table_aet04" name="AET04_variant_4_is_produced_correctly_Collapsing_of_Grades_grades_1_2_grades_3_4_5_"/>
    <testcase time="0.798000000000002" classname="table_aet04" name="AET04_variant_4_is_produced_correctly_Collapsing_of_Grades_grades_1_2_grades_3_4_5_"/>
    <testcase time="0.849000000000046" classname="table_aet04" name="AET04_variant_6_is_produced_correctly_with_an_Incidence_Rate_of_at_Least_5_totals_restricted_"/>
    <testcase time="0.305999999999926" classname="table_aet04" name="AET04_variant_6_is_produced_correctly_with_an_Incidence_Rate_of_at_Least_5_totals_restricted_"/>
    <testcase time="0.802000000000021" classname="table_aet04" name="AET04_variant_6_is_produced_correctly_with_an_Incidence_Rate_of_at_Least_5_totals_restricted_"/>
    <testcase time="0.0110000000000809" classname="table_aet04" name="AET04_variant_8_is_produced_correctly_with_an_Incidence_Rate_of_at_Least_X_Patients_"/>
    <testcase time="0.301999999999907" classname="table_aet04" name="AET04_variant_8_is_produced_correctly_with_an_Incidence_Rate_of_at_Least_X_Patients_"/>
    <testcase time="0.811000000000035" classname="table_aet04" name="AET04_variant_8_is_produced_correctly_with_an_Incidence_Rate_of_at_Least_X_Patients_"/>
    <testcase time="0.0109999999999673" classname="table_aet04" name="AET04_variant_9_is_produced_correctly_with_a_Difference_in_Incidence_Rate_of_at_Least_X_"/>
    <testcase time="0.319000000000074" classname="table_aet04" name="AET04_variant_9_is_produced_correctly_with_a_Difference_in_Incidence_Rate_of_at_Least_X_"/>
    <testcase time="0.788999999999987" classname="table_aet04" name="AET04_variant_9_is_produced_correctly_with_a_Difference_in_Incidence_Rate_of_at_Least_X_"/>
    <testcase time="0.0109999999999673" classname="table_aet04" name="AET04_variant_11_is_produced_correctly_with_Incidence_Rate_of_at_Least_X_all_SOCs_w_o_preferred_terms_removed_"/>
    <testcase time="0.325000000000045" classname="table_aet04" name="AET04_variant_11_is_produced_correctly_with_Incidence_Rate_of_at_Least_X_all_SOCs_w_o_preferred_terms_removed_"/>
    <testcase time="0.808999999999969" classname="table_aet04" name="AET04_variant_11_is_produced_correctly_with_Incidence_Rate_of_at_Least_X_all_SOCs_w_o_preferred_terms_removed_"/>
  </testsuite>
  <testsuite name="table_aet04_pi" timestamp="2026-01-15T14:45:47Z" hostname="e549d8c91827" tests="18" skipped="0" failures="0" errors="0" time="7.151">
    <testcase time="0.703999999999951" classname="table_aet04_pi" name="AET04_PI_full_table_is_produced_correctly"/>
    <testcase time="0.205999999999904" classname="table_aet04_pi" name="AET04_PI_full_table_is_produced_correctly"/>
    <testcase time="0.695999999999913" classname="table_aet04_pi" name="AET04_PI_variant_1_is_produced_correctly"/>
    <testcase time="0.16700000000003" classname="table_aet04_pi" name="AET04_PI_variant_1_is_produced_correctly"/>
    <testcase time="0.682000000000016" classname="table_aet04_pi" name="AET04_PI_variant_2_is_produced_correctly"/>
    <testcase time="0.0979999999999563" classname="table_aet04_pi" name="AET04_PI_variant_2_is_produced_correctly"/>
    <testcase time="0.693000000000097" classname="table_aet04_pi" name="AET04_PI_variant_3_is_produced_correctly"/>
    <testcase time="0.111999999999966" classname="table_aet04_pi" name="AET04_PI_variant_3_is_produced_correctly"/>
    <testcase time="0.890999999999963" classname="table_aet04_pi" name="AET04_PI_variant_4_is_produced_correctly"/>
    <testcase time="0.0790000000000646" classname="table_aet04_pi" name="AET04_PI_variant_4_is_produced_correctly"/>
    <testcase time="0.607999999999947" classname="table_aet04_pi" name="AET04_PI_variant_5_is_produced_correctly"/>
    <testcase time="0.134999999999991" classname="table_aet04_pi" name="AET04_PI_variant_5_is_produced_correctly"/>
    <testcase time="0.745999999999981" classname="table_aet04_pi" name="AET04_PI_variant_6_is_produced_correctly"/>
    <testcase time="0.139999999999986" classname="table_aet04_pi" name="AET04_PI_variant_6_is_produced_correctly"/>
    <testcase time="0.757000000000062" classname="table_aet04_pi" name="AET04_PI_variant_7_is_produced_correctly"/>
    <testcase time="0.13900000000001" classname="table_aet04_pi" name="AET04_PI_variant_7_is_produced_correctly"/>
    <testcase time="0.19399999999996" classname="table_aet04_pi" name="AET04_PI_variant_8_is_produced_correctly"/>
    <testcase time="0.104000000000042" classname="table_aet04_pi" name="AET04_PI_variant_8_is_produced_correctly"/>
  </testsuite>
  <testsuite name="table_aet05" timestamp="2026-01-15T14:45:54Z" hostname="e549d8c91827" tests="4" skipped="0" failures="0" errors="0" time="0.279">
    <testcase time="0.115999999999985" classname="table_aet05" name="AET05_variant_1_is_produced_correctly"/>
    <testcase time="0.0449999999999591" classname="table_aet05" name="AET05_variant_1_is_produced_correctly"/>
    <testcase time="0.0600000000000591" classname="table_aet05" name="AET05_variant_2_is_produced_correctly"/>
    <testcase time="0.0579999999999927" classname="table_aet05" name="AET05_variant_2_is_produced_correctly"/>
  </testsuite>
  <testsuite name="table_aet05_all" timestamp="2026-01-15T14:45:55Z" hostname="e549d8c91827" tests="4" skipped="0" failures="0" errors="0" time="0.291">
    <testcase time="0.116999999999962" classname="table_aet05_all" name="AET05_ALL_variant_1_is_produced_correctly"/>
    <testcase time="0.0460000000000491" classname="table_aet05_all" name="AET05_ALL_variant_1_is_produced_correctly"/>
    <testcase time="0.08299999999997" classname="table_aet05_all" name="AET05_ALL_variant_2_is_produced_correctly"/>
    <testcase time="0.0449999999999591" classname="table_aet05_all" name="AET05_ALL_variant_2_is_produced_correctly"/>
  </testsuite>
  <testsuite name="table_aet06" timestamp="2026-01-15T14:45:55Z" hostname="e549d8c91827" tests="6" skipped="0" failures="0" errors="0" time="3.746">
    <testcase time="0.610000000000014" classname="table_aet06" name="AET06_variant_1_is_produced_correctly"/>
    <testcase time="0.194000000000074" classname="table_aet06" name="AET06_variant_1_is_produced_correctly"/>
    <testcase time="1.01699999999994" classname="table_aet06" name="AET06_variant_3_is_produced_correctly"/>
    <testcase time="0.289999999999964" classname="table_aet06" name="AET06_variant_3_is_produced_correctly"/>
    <testcase time="1.2940000000001" classname="table_aet06" name="AET06_variant_5_is_produced_correctly"/>
    <testcase time="0.341000000000008" classname="table_aet06" name="AET06_variant_5_is_produced_correctly"/>
  </testsuite>
  <testsuite name="table_aet06_smq" timestamp="2026-01-15T14:45:59Z" hostname="e549d8c91827" tests="4" skipped="0" failures="0" errors="0" time="1.048">
    <testcase time="0.413999999999987" classname="table_aet06_smq" name="AET06_SMQ_variant_1_is_produced_correctly"/>
    <testcase time="0.113999999999919" classname="table_aet06_smq" name="AET06_SMQ_variant_1_is_produced_correctly"/>
    <testcase time="0.38900000000001" classname="table_aet06_smq" name="AET06_SMQ_variant_2_is_produced_correctly"/>
    <testcase time="0.131000000000085" classname="table_aet06_smq" name="AET06_SMQ_variant_2_is_produced_correctly"/>
  </testsuite>
  <testsuite name="table_aet07" timestamp="2026-01-15T14:46:00Z" hostname="e549d8c91827" tests="4" skipped="0" failures="0" errors="0" time="0.188">
    <testcase time="0.0589999999999691" classname="table_aet07" name="AET07_variant_1_is_produced_correctly"/>
    <testcase time="0.0289999999999964" classname="table_aet07" name="AET07_variant_1_is_produced_correctly"/>
    <testcase time="0.0539999999999736" classname="table_aet07" name="AET07_variant_2_is_produced_correctly"/>
    <testcase time="0.0460000000000491" classname="table_aet07" name="AET07_variant_2_is_produced_correctly"/>
  </testsuite>
  <testsuite name="table_aet09" timestamp="2026-01-15T14:46:00Z" hostname="e549d8c91827" tests="4" skipped="0" failures="0" errors="0" time="2.015">
    <testcase time="0.586999999999989" classname="table_aet09" name="AET09_variant_1_is_produced_correctly_AE_related_to_study_drug"/>
    <testcase time="0.159999999999968" classname="table_aet09" name="AET09_variant_1_is_produced_correctly_AE_related_to_study_drug"/>
    <testcase time="1" classname="table_aet09" name="AET09_variant_2_is_produced_correctly_AE_related_to_study_drug_including_high_level_terms_"/>
    <testcase time="0.268000000000029" classname="table_aet09" name="AET09_variant_2_is_produced_correctly_AE_related_to_study_drug_including_high_level_terms_"/>
  </testsuite>
  <testsuite name="table_aet09_smq" timestamp="2026-01-15T14:46:02Z" hostname="e549d8c91827" tests="4" skipped="0" failures="0" errors="0" time="0.491">
    <testcase time="0.122999999999934" classname="table_aet09_smq" name="AET09_variant_1_AEs_related_to_study_drug_by_SMQ_is_produced_correctly"/>
    <testcase time="0.0660000000000309" classname="table_aet09_smq" name="AET09_variant_1_AEs_related_to_study_drug_by_SMQ_is_produced_correctly"/>
    <testcase time="0.224000000000046" classname="table_aet09_smq" name="AET09_variant_2_AEs_related_to_study_drug_by_SMQ_with_customized_queries_is_produced_correctly"/>
    <testcase time="0.0779999999999745" classname="table_aet09_smq" name="AET09_variant_2_AEs_related_to_study_drug_by_SMQ_with_customized_queries_is_produced_correctly"/>
  </testsuite>
  <testsuite name="table_aet10" timestamp="2026-01-15T14:46:03Z" hostname="e549d8c91827" tests="2" skipped="0" failures="0" errors="0" time="0.172">
    <testcase time="0.129999999999995" classname="table_aet10" name="AET10_default_variant_is_produced_correctly"/>
    <testcase time="0.04200000000003" classname="table_aet10" name="AET10_default_variant_is_produced_correctly"/>
  </testsuite>
  <testsuite name="table_aovt01" timestamp="2026-01-15T14:46:03Z" hostname="e549d8c91827" tests="6" skipped="0" failures="0" errors="0" time="1.659">
    <testcase time="0.294999999999959" classname="table_aovt01" name="AOVT01_variant_with_single_endpoint_is_produced_correctly"/>
    <testcase time="0.111999999999966" classname="table_aovt01" name="AOVT01_variant_with_single_endpoint_is_produced_correctly"/>
    <testcase time="0.468000000000075" classname="table_aovt01" name="AOVT01_variant_with_multiple_endpoints_is_produced_correctly"/>
    <testcase time="0.149000000000001" classname="table_aovt01" name="AOVT01_variant_with_multiple_endpoints_is_produced_correctly"/>
    <testcase time="0.477999999999952" classname="table_aovt01" name="AOVT01_variant_with_proportional_weights_is_produced_correctly"/>
    <testcase time="0.157000000000039" classname="table_aovt01" name="AOVT01_variant_with_proportional_weights_is_produced_correctly"/>
  </testsuite>
  <testsuite name="table_aovt02" timestamp="2026-01-15T14:46:04Z" hostname="e549d8c91827" tests="2" skipped="0" failures="0" errors="0" time="0.383">
    <testcase time="0.293999999999983" classname="table_aovt02" name="AOVT02_is_produced_correctly"/>
    <testcase time="0.0889999999999418" classname="table_aovt02" name="AOVT02_is_produced_correctly"/>
  </testsuite>
  <testsuite name="table_aovt03" timestamp="2026-01-15T14:46:05Z" hostname="e549d8c91827" tests="2" skipped="0" failures="0" errors="0" time="0.729">
    <testcase time="0.574000000000069" classname="table_aovt03" name="AOVT03_is_produced_correctly"/>
    <testcase time="0.154999999999973" classname="table_aovt03" name="AOVT03_is_produced_correctly"/>
  </testsuite>
  <testsuite name="table_cfbt01" timestamp="2026-01-15T14:46:06Z" hostname="e549d8c91827" tests="2" skipped="0" failures="0" errors="0" time="0.71">
    <testcase time="0.501999999999953" classname="table_cfbt01" name="CFBT01_default_variant_is_produced_correctly"/>
    <testcase time="0.208000000000084" classname="table_cfbt01" name="CFBT01_default_variant_is_produced_correctly"/>
  </testsuite>
  <testsuite name="table_cmht01" timestamp="2026-01-15T14:46:06Z" hostname="e549d8c91827" tests="4" skipped="0" failures="0" errors="0" time="1.779">
    <testcase time="0.406999999999925" classname="table_cmht01" name="CMHT01_variant_1_is_produced_correctly"/>
    <testcase time="0.07000000000005" classname="table_cmht01" name="CMHT01_variant_1_is_produced_correctly"/>
    <testcase time="1.05200000000002" classname="table_cmht01" name="CMHT01_variant_2_is_produced_correctly"/>
    <testcase time="0.25" classname="table_cmht01" name="CMHT01_variant_2_is_produced_correctly"/>
  </testsuite>
  <testsuite name="table_cmt01" timestamp="2026-01-15T14:46:08Z" hostname="e549d8c91827" tests="8" skipped="0" failures="0" errors="0" time="3.924">
    <testcase time="0.702999999999975" classname="table_cmt01" name="CMT01_default_variant_Concomitant_medications_is_produced_correctly"/>
    <testcase time="0.266999999999939" classname="table_cmt01" name="CMT01_default_variant_Concomitant_medications_is_produced_correctly"/>
    <testcase time="0.798000000000002" classname="table_cmt01" name="CMT01_variant_1_prior_medications_is_produced_correctly"/>
    <testcase time="0.275000000000091" classname="table_cmt01" name="CMT01_variant_1_prior_medications_is_produced_correctly"/>
    <testcase time="0.655999999999949" classname="table_cmt01" name="CMT01_variant_3_Concomitant_medications_is_produced_correctly"/>
    <testcase time="0.225000000000023" classname="table_cmt01" name="CMT01_variant_3_Concomitant_medications_is_produced_correctly"/>
    <testcase time="0.718999999999937" classname="table_cmt01" name="CMT01_variant_4_Concomitant_medications_is_produced_correctly"/>
    <testcase time="0.281000000000063" classname="table_cmt01" name="CMT01_variant_4_Concomitant_medications_is_produced_correctly"/>
  </testsuite>
  <testsuite name="table_cmt01a" timestamp="2026-01-15T14:46:12Z" hostname="e549d8c91827" tests="8" skipped="0" failures="0" errors="0" time="5.254">
    <testcase time="1.13" classname="table_cmt01a" name="CMT01A_variant_1_is_produced_correctly"/>
    <testcase time="0.234000000000037" classname="table_cmt01a" name="CMT01A_variant_1_is_produced_correctly"/>
    <testcase time="0.995000000000005" classname="table_cmt01a" name="CMT01A_variant_2_is_produced_correctly"/>
    <testcase time="0.26299999999992" classname="table_cmt01a" name="CMT01A_variant_2_is_produced_correctly"/>
    <testcase time="1.00100000000009" classname="table_cmt01a" name="CMT01A_variant_3_is_produced_correctly"/>
    <testcase time="0.532999999999902" classname="table_cmt01a" name="CMT01A_variant_3_is_produced_correctly"/>
    <testcase time="0.892000000000053" classname="table_cmt01a" name="CMT01A_variant_4_is_produced_correctly"/>
    <testcase time="0.206000000000017" classname="table_cmt01a" name="CMT01A_variant_4_is_produced_correctly"/>
  </testsuite>
  <testsuite name="table_cmt01b" timestamp="2026-01-15T14:46:17Z" hostname="e549d8c91827" tests="6" skipped="0" failures="0" errors="0" time="5.018">
    <testcase time="1.45799999999997" classname="table_cmt01b" name="CMT01B_variant_1_is_produced_correctly"/>
    <testcase time="0.344000000000051" classname="table_cmt01b" name="CMT01B_variant_1_is_produced_correctly"/>
    <testcase time="1.04599999999994" classname="table_cmt01b" name="CMT01B_variant_2_is_produced_correctly"/>
    <testcase time="0.286000000000058" classname="table_cmt01b" name="CMT01B_variant_2_is_produced_correctly"/>
    <testcase time="1.48900000000003" classname="table_cmt01b" name="CMT01B_variant_4_is_produced_correctly"/>
    <testcase time="0.394999999999982" classname="table_cmt01b" name="CMT01B_variant_4_is_produced_correctly"/>
  </testsuite>
  <testsuite name="table_cmt02_pt" timestamp="2026-01-15T14:46:22Z" hostname="e549d8c91827" tests="2" skipped="0" failures="0" errors="0" time="0.592">
    <testcase time="0.430999999999926" classname="table_cmt02_pt" name="CMT02_PT_default_variant_is_produced_correctly"/>
    <testcase time="0.161000000000058" classname="table_cmt02_pt" name="CMT02_PT_default_variant_is_produced_correctly"/>
  </testsuite>
  <testsuite name="table_coxt01" timestamp="2026-01-15T14:46:23Z" hostname="e549d8c91827" tests="8" skipped="0" failures="0" errors="0" time="1.848">
    <testcase time="0.29099999999994" classname="table_coxt01" name="1._Cox_Regression"/>
    <testcase time="0.0760000000000218" classname="table_coxt01" name="1._Cox_Regression"/>
    <testcase time="0.385999999999967" classname="table_coxt01" name="2._Cox_Regression_with_Interaction_Term_"/>
    <testcase time="0.0820000000001073" classname="table_coxt01" name="2._Cox_Regression_with_Interaction_Term_"/>
    <testcase time="0.406999999999925" classname="table_coxt01" name="3._Cox_Regression_specifying_covariates_"/>
    <testcase time="0.0879999999999654" classname="table_coxt01" name="3._Cox_Regression_specifying_covariates_"/>
    <testcase time="0.428000000000111" classname="table_coxt01" name="4._Cox_Regression_setting_strata_ties_and_alpha_level_"/>
    <testcase time="0.0899999999999181" classname="table_coxt01" name="4._Cox_Regression_setting_strata_ties_and_alpha_level_"/>
  </testsuite>
  <testsuite name="table_coxt02" timestamp="2026-01-15T14:46:25Z" hostname="e549d8c91827" tests="4" skipped="0" failures="0" errors="0" time="0.711">
    <testcase time="0.314000000000078" classname="table_coxt02" name="COXT02_default_variant_1_is_produced_correctly"/>
    <testcase time="0.0599999999999454" classname="table_coxt02" name="COXT02_default_variant_1_is_produced_correctly"/>
    <testcase time="0.282000000000039" classname="table_coxt02" name="COXT02_variant_5_is_produced_correctly"/>
    <testcase time="0.05499999999995" classname="table_coxt02" name="COXT02_variant_5_is_produced_correctly"/>
  </testsuite>
  <testsuite name="table_disclosures" timestamp="2026-01-15T14:46:25Z" hostname="e549d8c91827" tests="12" skipped="0" failures="0" errors="0" time="2.035">
    <testcase time="0.182000000000016" classname="table_disclosures" name="Patient_Disposition_table_is_produced_correctly"/>
    <testcase time="0.0760000000000218" classname="table_disclosures" name="Patient_Disposition_table_is_produced_correctly"/>
    <testcase time="0.256999999999948" classname="table_disclosures" name="Demographic_table_is_produced_correctly"/>
    <testcase time="0.13900000000001" classname="table_disclosures" name="Demographic_table_is_produced_correctly"/>
    <testcase time="0.09699999999998" classname="table_disclosures" name="Enrollment_by_Country_Table_is_produced_correctly"/>
    <testcase time="0.09699999999998" classname="table_disclosures" name="Enrollment_by_Country_Table_is_produced_correctly"/>
    <testcase time="0.0810000000000173" classname="table_disclosures" name="Death_table_is_produced_correctly"/>
    <testcase time="0.0620000000000118" classname="table_disclosures" name="Death_table_is_produced_correctly"/>
    <testcase time="0.388000000000034" classname="table_disclosures" name="Table_of_Serious_Adverse_Events_is_produced_correctly_for_one_specific_treatment_arm_"/>
    <testcase time="0.0940000000000509" classname="table_disclosures" name="Table_of_Serious_Adverse_Events_is_produced_correctly_for_one_specific_treatment_arm_"/>
    <testcase time="0.434999999999945" classname="table_disclosures" name="Table_of_Non_Serious_Adverse_Events_is_produced_correctly"/>
    <testcase time="0.127000000000066" classname="table_disclosures" name="Table_of_Non_Serious_Adverse_Events_is_produced_correctly"/>
  </testsuite>
  <testsuite name="table_dmt01" timestamp="2026-01-15T14:46:28Z" hostname="e549d8c91827" tests="10" skipped="0" failures="0" errors="0" time="2.93">
    <testcase time="1.19999999999993" classname="table_dmt01" name="DMT01_variant_1_is_produced_correctly"/>
    <testcase time="0.168999999999983" classname="table_dmt01" name="DMT01_variant_1_is_produced_correctly"/>
    <testcase time="0.259000000000015" classname="table_dmt01" name="DMT01_variant_2_is_produced_correctly"/>
    <testcase time="0.149999999999977" classname="table_dmt01" name="DMT01_variant_2_is_produced_correctly"/>
    <testcase time="0.309000000000083" classname="table_dmt01" name="DMT01_variant_3_is_produced_correctly"/>
    <testcase time="0.155999999999949" classname="table_dmt01" name="DMT01_variant_3_is_produced_correctly"/>
    <testcase time="0.234000000000037" classname="table_dmt01" name="DMT01_variant_4_is_produced_correctly"/>
    <testcase time="0.132999999999925" classname="table_dmt01" name="DMT01_variant_4_is_produced_correctly"/>
    <testcase time="0.197000000000003" classname="table_dmt01" name="DMT01_variant_5_is_produced_correctly"/>
    <testcase time="0.123000000000047" classname="table_dmt01" name="DMT01_variant_5_is_produced_correctly"/>
  </testsuite>
  <testsuite name="table_dort01" timestamp="2026-01-15T14:46:30Z" hostname="e549d8c91827" tests="8" skipped="0" failures="0" errors="0" time="1.62">
    <testcase time="0.34699999999998" classname="table_dort01" name="DORT01_variant_1_is_produced_correctly"/>
    <testcase time="0.0940000000000509" classname="table_dort01" name="DORT01_variant_1_is_produced_correctly"/>
    <testcase time="0.302000000000021" classname="table_dort01" name="DORT01_variant_2_selecting_sectons_is_produced_correctly"/>
    <testcase time="0.102999999999952" classname="table_dort01" name="DORT01_variant_2_selecting_sectons_is_produced_correctly"/>
    <testcase time="0.294999999999959" classname="table_dort01" name="DORT01_variant_3_modifying_conftype_and_alpha_level_is_produced_correctly"/>
    <testcase time="0.0799999999999272" classname="table_dort01" name="DORT01_variant_3_modifying_conftype_and_alpha_level_is_produced_correctly"/>
    <testcase time="0.302000000000021" classname="table_dort01" name="DORT01_variant_4_modifying_time_point_for_the_xx_duration_is_produced_correctly"/>
    <testcase time="0.09699999999998" classname="table_dort01" name="DORT01_variant_4_modifying_time_point_for_the_xx_duration_is_produced_correctly"/>
  </testsuite>
  <testsuite name="table_dst01" timestamp="2026-01-15T14:46:32Z" hostname="e549d8c91827" tests="6" skipped="0" failures="0" errors="0" time="0.802">
    <testcase time="0.163000000000011" classname="table_dst01" name="DST01_default_variant_is_produced_correctly"/>
    <testcase time="0.0790000000000646" classname="table_dst01" name="DST01_default_variant_is_produced_correctly"/>
    <testcase time="0.285999999999945" classname="table_dst01" name="DST01_variants_2_and_3_are_produced_correctly"/>
    <testcase time="0.0850000000000364" classname="table_dst01" name="DST01_variants_2_and_3_are_produced_correctly"/>
    <testcase time="0.09699999999998" classname="table_dst01" name="DST01_variants_2_and_3_are_produced_correctly"/>
    <testcase time="0.0919999999999845" classname="table_dst01" name="DST01_variants_2_and_3_are_produced_correctly"/>
  </testsuite>
  <testsuite name="table_dtht01" timestamp="2026-01-15T14:46:33Z" hostname="e549d8c91827" tests="8" skipped="0" failures="0" errors="0" time="1.251">
    <testcase time="0.147000000000048" classname="table_dtht01" name="DTHT01_variant_1_is_produced_correctly"/>
    <testcase time="0.0589999999999691" classname="table_dtht01" name="DTHT01_variant_1_is_produced_correctly"/>
    <testcase time="0.31899999999996" classname="table_dtht01" name="DTHT01_variant_2_is_produced_correctly"/>
    <testcase time="0.146000000000072" classname="table_dtht01" name="DTHT01_variant_2_is_produced_correctly"/>
    <testcase time="0.177000000000021" classname="table_dtht01" name="DTHT01_variant_3_is_produced_correctly"/>
    <testcase time="0.0949999999999136" classname="table_dtht01" name="DTHT01_variant_3_is_produced_correctly"/>
    <testcase time="0.211999999999989" classname="table_dtht01" name="DTHT01_variant_4_is_produced_correctly"/>
    <testcase time="0.0960000000000036" classname="table_dtht01" name="DTHT01_variant_4_is_produced_correctly"/>
  </testsuite>
  <testsuite name="table_egt01" timestamp="2026-01-15T14:46:35Z" hostname="e549d8c91827" tests="2" skipped="0" failures="0" errors="0" time="3.856">
    <testcase time="2.93300000000011" classname="table_egt01" name="EGT01_default_variant_is_produced_correctly"/>
    <testcase time="0.922999999999888" classname="table_egt01" name="EGT01_default_variant_is_produced_correctly"/>
  </testsuite>
  <testsuite name="table_egt02" timestamp="2026-01-15T14:46:39Z" hostname="e549d8c91827" tests="4" skipped="0" failures="0" errors="0" time="1.637">
    <testcase time="1.28100000000006" classname="table_egt02" name="_EGT02_1._Regardless_of_Abnormality_at_Baseline"/>
    <testcase time="0.0879999999999654" classname="table_egt02" name="_EGT02_1._Regardless_of_Abnormality_at_Baseline"/>
    <testcase time="0.199000000000069" classname="table_egt02" name="_EGT02_2._Among_Subjects_Without_Abnormality_at_Baseline"/>
    <testcase time="0.06899999999996" classname="table_egt02" name="_EGT02_2._Among_Subjects_Without_Abnormality_at_Baseline"/>
  </testsuite>
  <testsuite name="table_egt03" timestamp="2026-01-15T14:46:39Z" hostname="e549d8c91827" tests="8" skipped="0" failures="0" errors="0" time="1.382">
    <testcase time="0.246999999999957" classname="table_egt03" name="EGT03_variant_1_is_produced_correctly"/>
    <testcase time="0.131000000000085" classname="table_egt03" name="EGT03_variant_1_is_produced_correctly"/>
    <testcase time="0.173999999999978" classname="table_egt03" name="EGT03_variant_2_is_produced_correctly"/>
    <testcase time="0.103999999999928" classname="table_egt03" name="EGT03_variant_2_is_produced_correctly"/>
    <testcase time="0.236000000000104" classname="table_egt03" name="EGT03_variant_3_is_produced_correctly"/>
    <testcase time="0.129999999999995" classname="table_egt03" name="EGT03_variant_3_is_produced_correctly"/>
    <testcase time="0.230999999999995" classname="table_egt03" name="EGT03_variant_4_is_produced_correctly"/>
    <testcase time="0.128999999999905" classname="table_egt03" name="EGT03_variant_4_is_produced_correctly"/>
  </testsuite>
  <testsuite name="table_egt04" timestamp="2026-01-15T14:46:43Z" hostname="e549d8c91827" tests="2" skipped="0" failures="0" errors="0" time="1.976">
    <testcase time="1.90300000000002" classname="table_egt04" name="EGT04_default_variant_is_produced_correctly"/>
    <testcase time="0.0729999999999791" classname="table_egt04" name="EGT04_default_variant_is_produced_correctly"/>
  </testsuite>
  <testsuite name="table_egt05_qtcat" timestamp="2026-01-15T14:46:44Z" hostname="e549d8c91827" tests="2" skipped="0" failures="0" errors="0" time="2.337">
    <testcase time="1.89400000000001" classname="table_egt05_qtcat" name="EGT05_QTCAT_default_variant_is_produced_correctly"/>
    <testcase time="0.443000000000097" classname="table_egt05_qtcat" name="EGT05_QTCAT_default_variant_is_produced_correctly"/>
  </testsuite>
  <testsuite name="table_ent" timestamp="2026-01-15T14:46:45Z" hostname="e549d8c91827" tests="8" skipped="0" failures="0" errors="0" time="15.282">
    <testcase time="3.77199999999993" classname="table_ent" name="ENT01_IT_is_produced_correctly"/>
    <testcase time="0.586000000000013" classname="table_ent" name="ENT01_IT_is_produced_correctly"/>
    <testcase time="2.47799999999995" classname="table_ent" name="ENT01a_IT_is_produced_correctly"/>
    <testcase time="0.566000000000031" classname="table_ent" name="ENT01a_IT_is_produced_correctly"/>
    <testcase time="4.00200000000007" classname="table_ent" name="ENT02_IT_is_produced_correctly"/>
    <testcase time="0.608999999999924" classname="table_ent" name="ENT02_IT_is_produced_correctly"/>
    <testcase time="2.66500000000008" classname="table_ent" name="ENT02a_IT_is_produced_correctly"/>
    <testcase time="0.603999999999928" classname="table_ent" name="ENT02a_IT_is_produced_correctly"/>
  </testsuite>
  <testsuite name="table_eudrat01" timestamp="2026-01-15T14:47:01Z" hostname="e549d8c91827" tests="2" skipped="0" failures="0" errors="0" time="0.684">
    <testcase time="0.551000000000045" classname="table_eudrat01" name="EUDRAT01_is_produced_correctly"/>
    <testcase time="0.132999999999925" classname="table_eudrat01" name="EUDRAT01_is_produced_correctly"/>
  </testsuite>
  <testsuite name="table_eudrat02" timestamp="2026-01-15T14:47:01Z" hostname="e549d8c91827" tests="2" skipped="0" failures="0" errors="0" time="0.808">
    <testcase time="0.444000000000074" classname="table_eudrat02" name="EUDRAT02_is_produced_correctly"/>
    <testcase time="0.364000000000033" classname="table_eudrat02" name="EUDRAT02_is_produced_correctly"/>
  </testsuite>
  <testsuite name="table_ext01" timestamp="2026-01-15T14:47:02Z" hostname="e549d8c91827" tests="6" skipped="0" failures="0" errors="0" time="1.588">
    <testcase time="0.411999999999921" classname="table_ext01" name="EXT01_default_variant_with_numeric_parameters_is_produced_correctly"/>
    <testcase time="0.132000000000062" classname="table_ext01" name="EXT01_default_variant_with_numeric_parameters_is_produced_correctly"/>
    <testcase time="0.293000000000006" classname="table_ext01" name="EXT01_variant_with_both_numeric_and_categorical_parameters"/>
    <testcase time="0.169999999999959" classname="table_ext01" name="EXT01_variant_with_both_numeric_and_categorical_parameters"/>
    <testcase time="0.366999999999962" classname="table_ext01" name="EXT01_variant_with_user_specified_categories_for_missed_doses"/>
    <testcase time="0.214000000000055" classname="table_ext01" name="EXT01_variant_with_user_specified_categories_for_missed_doses"/>
  </testsuite>
  <testsuite name="table_jnj_tbl1" timestamp="2026-01-15T14:47:04Z" hostname="e549d8c91827" tests="2" skipped="0" failures="0" errors="0" time="0.265">
    <testcase time="0.188999999999965" classname="table_jnj_tbl1" name="DMT01_variant_factor_with_only_Missing_values"/>
    <testcase time="0.0760000000000218" classname="table_jnj_tbl1" name="DMT01_variant_factor_with_only_Missing_values"/>
  </testsuite>
  <testsuite name="table_lbt01" timestamp="2026-01-15T14:47:04Z" hostname="e549d8c91827" tests="2" skipped="0" failures="0" errors="0" time="2.12">
    <testcase time="1.62599999999998" classname="table_lbt01" name="LBT01_default_variant_is_produced_correctly"/>
    <testcase time="0.494000000000028" classname="table_lbt01" name="LBT01_default_variant_is_produced_correctly"/>
  </testsuite>
  <testsuite name="table_lbt02" timestamp="2026-01-15T14:47:06Z" hostname="e549d8c91827" tests="2" skipped="0" failures="0" errors="0" time="1.467">
    <testcase time="1.00300000000004" classname="table_lbt02" name="LBT02_default_variant_is_produced_correctly"/>
    <testcase time="0.463999999999942" classname="table_lbt02" name="LBT02_default_variant_is_produced_correctly"/>
  </testsuite>
  <testsuite name="table_lbt03" timestamp="2026-01-15T14:47:07Z" hostname="e549d8c91827" tests="2" skipped="0" failures="0" errors="0" time="0.27">
    <testcase time="0.177000000000021" classname="table_lbt03" name="LBT03_default_variant_is_produced_correctly"/>
    <testcase time="0.0929999999999609" classname="table_lbt03" name="LBT03_default_variant_is_produced_correctly"/>
  </testsuite>
  <testsuite name="table_lbt04" timestamp="2026-01-15T14:47:08Z" hostname="e549d8c91827" tests="2" skipped="0" failures="0" errors="0" time="1.277">
    <testcase time="1.09100000000001" classname="table_lbt04" name="LBT04_default_variant_is_produced_correctly"/>
    <testcase time="0.186000000000035" classname="table_lbt04" name="LBT04_default_variant_is_produced_correctly"/>
  </testsuite>
  <testsuite name="table_lbt05" timestamp="2026-01-15T14:47:10Z" hostname="e549d8c91827" tests="6" skipped="0" failures="0" errors="0" time="7.028">
    <testcase time="2.25999999999999" classname="table_lbt05" name="LBT05_variant_1_is_produced_correctly"/>
    <testcase time="0.355999999999995" classname="table_lbt05" name="LBT05_variant_1_is_produced_correctly"/>
    <testcase time="1.58699999999999" classname="table_lbt05" name="LBT05_variant_2_is_produced_correctly"/>
    <testcase time="0.493000000000052" classname="table_lbt05" name="LBT05_variant_2_is_produced_correctly"/>
    <testcase time="1.99299999999994" classname="table_lbt05" name="LBT05_variant_4_is_produced_correctly"/>
    <testcase time="0.339000000000055" classname="table_lbt05" name="LBT05_variant_4_is_produced_correctly"/>
  </testsuite>
  <testsuite name="table_lbt06" timestamp="2026-01-15T14:47:16Z" hostname="e549d8c91827" tests="2" skipped="0" failures="0" errors="0" time="0.553">
    <testcase time="0.394999999999982" classname="table_lbt06" name="LBT06_default_variant_is_produced_correctly"/>
    <testcase time="0.158000000000015" classname="table_lbt06" name="LBT06_default_variant_is_produced_correctly"/>
  </testsuite>
  <testsuite name="table_lbt07" timestamp="2026-01-15T14:47:17Z" hostname="e549d8c91827" tests="2" skipped="0" failures="0" errors="0" time="2.616">
    <testcase time="2.30499999999995" classname="table_lbt07" name="LBT07_is_produced_correctly"/>
    <testcase time="0.311000000000035" classname="table_lbt07" name="LBT07_is_produced_correctly"/>
  </testsuite>
  <testsuite name="table_lbt08" timestamp="2026-01-15T14:47:19Z" hostname="e549d8c91827" tests="2" skipped="0" failures="0" errors="0" time="0.418">
    <testcase time="0.323999999999955" classname="table_lbt08" name="LBT08_produce_correctly"/>
    <testcase time="0.0940000000000509" classname="table_lbt08" name="LBT08_produce_correctly"/>
  </testsuite>
  <testsuite name="table_lbt09" timestamp="2026-01-15T14:47:20Z" hostname="e549d8c91827" tests="4" skipped="0" failures="0" errors="0" time="1.083">
    <testcase time="0.408999999999992" classname="table_lbt09" name="LBT09_variant_1_works_as_expected"/>
    <testcase time="0.149999999999977" classname="table_lbt09" name="LBT09_variant_1_works_as_expected"/>
    <testcase time="0.370000000000005" classname="table_lbt09" name="LBT09_variant_2_works_as_expected"/>
    <testcase time="0.153999999999996" classname="table_lbt09" name="LBT09_variant_2_works_as_expected"/>
  </testsuite>
  <testsuite name="table_lbt10" timestamp="2026-01-15T14:47:21Z" hostname="e549d8c91827" tests="4" skipped="0" failures="0" errors="0" time="1.487">
    <testcase time="0.889999999999986" classname="table_lbt10" name="LBT10_variant_1_works_as_expected"/>
    <testcase time="0.0550000000000637" classname="table_lbt10" name="LBT10_variant_1_works_as_expected"/>
    <testcase time="0.496999999999957" classname="table_lbt10" name="LBT10_variant_2_works_as_expected"/>
    <testcase time="0.0449999999999591" classname="table_lbt10" name="LBT10_variant_2_works_as_expected"/>
  </testsuite>
  <testsuite name="table_lbt10_bl" timestamp="2026-01-15T14:47:22Z" hostname="e549d8c91827" tests="4" skipped="0" failures="0" errors="0" time="0.579">
    <testcase time="0.310000000000059" classname="table_lbt10_bl" name="LBT10_BL_variant_1_works_as_expected"/>
    <testcase time="0.0570000000000164" classname="table_lbt10_bl" name="LBT10_BL_variant_1_works_as_expected"/>
    <testcase time="0.149000000000001" classname="table_lbt10_bl" name="LBT10_BL_variant_2_works_as_expected"/>
    <testcase time="0.0629999999999882" classname="table_lbt10_bl" name="LBT10_BL_variant_2_works_as_expected"/>
  </testsuite>
  <testsuite name="table_lbt11" timestamp="2026-01-15T14:47:23Z" hostname="e549d8c91827" tests="6" skipped="0" failures="0" errors="0" time="0.806">
    <testcase time="0.225999999999999" classname="table_lbt11" name="LBT11_variant_1_works_as_expected"/>
    <testcase time="0.0819999999999936" classname="table_lbt11" name="LBT11_variant_1_works_as_expected"/>
    <testcase time="0.120999999999981" classname="table_lbt11" name="LBT11_variant_2_works_as_expected"/>
    <testcase time="0.0819999999999936" classname="table_lbt11" name="LBT11_variant_2_works_as_expected"/>
    <testcase time="0.19500000000005" classname="table_lbt11" name="LBT11_variant_3_works_as_expected"/>
    <testcase time="0.100000000000023" classname="table_lbt11" name="LBT11_variant_3_works_as_expected"/>
  </testsuite>
  <testsuite name="table_lbt11_bl" timestamp="2026-01-15T14:47:24Z" hostname="e549d8c91827" tests="6" skipped="0" failures="0" errors="0" time="1.183">
    <testcase time="0.261999999999944" classname="table_lbt11_bl" name="LBT11_BL_variant_1_works_as_expected"/>
    <testcase time="0.08299999999997" classname="table_lbt11_bl" name="LBT11_BL_variant_1_works_as_expected"/>
    <testcase time="0.137000000000057" classname="table_lbt11_bl" name="LBT11_BL_variant_2_works_as_expected"/>
    <testcase time="0.0789999999999509" classname="table_lbt11_bl" name="LBT11_BL_variant_2_works_as_expected"/>
    <testcase time="0.239000000000033" classname="table_lbt11_bl" name="LBT11_BL_variant_3_works_as_expected"/>
    <testcase time="0.383000000000038" classname="table_lbt11_bl" name="LBT11_BL_variant_3_works_as_expected"/>
  </testsuite>
  <testsuite name="table_lbt12" timestamp="2026-01-15T14:47:25Z" hostname="e549d8c91827" tests="2" skipped="0" failures="0" errors="0" time="0.389">
    <testcase time="0.320999999999913" classname="table_lbt12" name="LBT12_works_as_expected"/>
    <testcase time="0.0680000000000973" classname="table_lbt12" name="LBT12_works_as_expected"/>
  </testsuite>
  <testsuite name="table_lbt12_bl" timestamp="2026-01-15T14:47:25Z" hostname="e549d8c91827" tests="2" skipped="0" failures="0" errors="0" time="0.369">
    <testcase time="0.308999999999969" classname="table_lbt12_bl" name="LBT12_BL_works_as_expected"/>
    <testcase time="0.0599999999999454" classname="table_lbt12_bl" name="LBT12_BL_works_as_expected"/>
  </testsuite>
  <testsuite name="table_lbt13" timestamp="2026-01-15T14:47:26Z" hostname="e549d8c91827" tests="10" skipped="0" failures="0" errors="0" time="2.266">
    <testcase time="0.816000000000031" classname="table_lbt13" name="LBT13_variant_1_LOW_works_as_expected"/>
    <testcase time="0.0729999999999791" classname="table_lbt13" name="LBT13_variant_1_LOW_works_as_expected"/>
    <testcase time="0.158000000000015" classname="table_lbt13" name="LBT13_variant_2_HIGH_works_as_expected"/>
    <testcase time="0.0500000000000682" classname="table_lbt13" name="LBT13_variant_2_HIGH_works_as_expected"/>
    <testcase time="0.228999999999928" classname="table_lbt13" name="LBT13_variant_3_LOW_without_baseline_missing_works_as_expected"/>
    <testcase time="0.0850000000000364" classname="table_lbt13" name="LBT13_variant_3_LOW_without_baseline_missing_works_as_expected"/>
    <testcase time="0.143000000000029" classname="table_lbt13" name="LBT13_variant_4_HIGH_with_missing_baseline_considered_as_grade_0_works_as_expected"/>
    <testcase time="0.0519999999999072" classname="table_lbt13" name="LBT13_variant_4_HIGH_with_missing_baseline_considered_as_grade_0_works_as_expected"/>
    <testcase time="0.454000000000065" classname="table_lbt13" name="LBT14_variant_5_HIGH_with_filled_in_grades_works_as_expected"/>
    <testcase time="0.206000000000017" classname="table_lbt13" name="LBT14_variant_5_HIGH_with_filled_in_grades_works_as_expected"/>
  </testsuite>
  <testsuite name="table_lbt14" timestamp="2026-01-15T14:47:28Z" hostname="e549d8c91827" tests="10" skipped="0" failures="0" errors="0" time="31.589">
    <testcase time="6.03499999999997" classname="table_lbt14" name="LBT14_variant_1_HIGH_works_as_expected"/>
    <testcase time="0.452999999999975" classname="table_lbt14" name="LBT14_variant_1_HIGH_works_as_expected"/>
    <testcase time="5.71100000000001" classname="table_lbt14" name="LBT14_variant_2_LOW_works_as_expected"/>
    <testcase time="0.311000000000035" classname="table_lbt14" name="LBT14_variant_2_LOW_works_as_expected"/>
    <testcase time="3.84299999999996" classname="table_lbt14" name="LBT14_variant_3_LOW_without_baseline_missing_works_as_expected"/>
    <testcase time="0.416000000000054" classname="table_lbt14" name="LBT14_variant_3_LOW_without_baseline_missing_works_as_expected"/>
    <testcase time="5.51799999999992" classname="table_lbt14" name="LBT14_variant_4_LOW_and_force_1_missing_both_baseline_and_post_baseline_then_force_the_missing_baseline_as_0_as_expected"/>
    <testcase time="0.254000000000019" classname="table_lbt14" name="LBT14_variant_4_LOW_and_force_1_missing_both_baseline_and_post_baseline_then_force_the_missing_baseline_as_0_as_expected"/>
    <testcase time="6.24700000000007" classname="table_lbt14" name="LBT14_variant_5_HIGH_with_fillings_works_as_expected"/>
    <testcase time="2.80099999999993" classname="table_lbt14" name="LBT14_variant_5_HIGH_with_fillings_works_as_expected"/>
  </testsuite>
  <testsuite name="table_lbt15" timestamp="2026-01-15T14:47:59Z" hostname="e549d8c91827" tests="4" skipped="0" failures="0" errors="0" time="1.73">
    <testcase time="0.72199999999998" classname="table_lbt15" name="LBT15_variant_1_works_as_expected"/>
    <testcase time="0.211000000000013" classname="table_lbt15" name="LBT15_variant_1_works_as_expected"/>
    <testcase time="0.620999999999981" classname="table_lbt15" name="LBT15_variant_2_works_as_expected"/>
    <testcase time="0.176000000000045" classname="table_lbt15" name="LBT15_variant_2_works_as_expected"/>
  </testsuite>
  <testsuite name="table_lgrt02" timestamp="2026-01-15T14:48:01Z" hostname="e549d8c91827" tests="8" skipped="0" failures="0" errors="0" time="3.145">
    <testcase time="0.887000000000057" classname="table_lgrt02" name="LGRT02_without_interaction_term_is_produced_correctly"/>
    <testcase time="0.129000000000019" classname="table_lgrt02" name="LGRT02_without_interaction_term_is_produced_correctly"/>
    <testcase time="0.622999999999934" classname="table_lgrt02" name="LGRT02_with_categorical_interaction_is_produced_correctly"/>
    <testcase time="0.137000000000057" classname="table_lgrt02" name="LGRT02_with_categorical_interaction_is_produced_correctly"/>
    <testcase time="0.615999999999985" classname="table_lgrt02" name="LGRT02_with_continuous_interaction_is_produced_correctly"/>
    <testcase time="0.149000000000001" classname="table_lgrt02" name="LGRT02_with_continuous_interaction_is_produced_correctly"/>
    <testcase time="0.486999999999966" classname="table_lgrt02" name="LGRT02_with_setting_values_indicating_an_event_and_custom_alpha_level_is_produced_correctly"/>
    <testcase time="0.116999999999962" classname="table_lgrt02" name="LGRT02_with_setting_values_indicating_an_event_and_custom_alpha_level_is_produced_correctly"/>
  </testsuite>
  <testsuite name="table_mht01" timestamp="2026-01-15T14:48:04Z" hostname="e549d8c91827" tests="8" skipped="0" failures="0" errors="0" time="1.436">
    <testcase time="0.331000000000017" classname="table_mht01" name="MHT01_variant_1_is_produced_accurately"/>
    <testcase time="0.120000000000005" classname="table_mht01" name="MHT01_variant_1_is_produced_accurately"/>
    <testcase time="0.100000000000023" classname="table_mht01" name="MHT01_variant_2_is_produced_accurately"/>
    <testcase time="0.0520000000000209" classname="table_mht01" name="MHT01_variant_2_is_produced_accurately"/>
    <testcase time="0.264999999999986" classname="table_mht01" name="MHT01_variant_3_is_produced_accurately"/>
    <testcase time="0.0939999999999372" classname="table_mht01" name="MHT01_variant_3_is_produced_accurately"/>
    <testcase time="0.343000000000075" classname="table_mht01" name="MHT01_variant_5_is_produced_accurately"/>
    <testcase time="0.130999999999972" classname="table_mht01" name="MHT01_variant_5_is_produced_accurately"/>
  </testsuite>
  <testsuite name="table_onct05" timestamp="2026-01-15T14:48:06Z" hostname="e549d8c91827" tests="10" skipped="0" failures="0" errors="0" time="2.694">
    <testcase time="0.504999999999995" classname="table_onct05" name="ONCT05_variant_1_Objective_Response_Rate_by_Subgroup_is_produced_correctly"/>
    <testcase time="0.0919999999999845" classname="table_onct05" name="ONCT05_variant_1_Objective_Response_Rate_by_Subgroup_is_produced_correctly"/>
    <testcase time="0.503000000000043" classname="table_onct05" name="ONCT05_variant_2_Specifying_class_variables_is_produced_correctly"/>
    <testcase time="0.09699999999998" classname="table_onct05" name="ONCT05_variant_2_Specifying_class_variables_is_produced_correctly"/>
    <testcase time="0.225000000000023" classname="table_onct05" name="ONCT05_variant_3_selecting_columns_and_changing_the_alpha_level_is_produced_correctly"/>
    <testcase time="0.0670000000000073" classname="table_onct05" name="ONCT05_variant_3_selecting_columns_and_changing_the_alpha_level_is_produced_correctly"/>
    <testcase time="0.470000000000027" classname="table_onct05" name="ONCT05_variant_4_setting_values_indicating_response_is_produced_correctly"/>
    <testcase time="0.106999999999971" classname="table_onct05" name="ONCT05_variant_4_setting_values_indicating_response_is_produced_correctly"/>
    <testcase time="0.507999999999925" classname="table_onct05" name="ONCT05_with_risk_difference_column_is_produced_correctly"/>
    <testcase time="0.120000000000005" classname="table_onct05" name="ONCT05_with_risk_difference_column_is_produced_correctly"/>
  </testsuite>
  <testsuite name="table_pdt01" timestamp="2026-01-15T14:48:08Z" hostname="e549d8c91827" tests="2" skipped="0" failures="0" errors="0" time="0.408">
    <testcase time="0.291000000000054" classname="table_pdt01" name="PDT01_is_produced_correctly"/>
    <testcase time="0.117000000000075" classname="table_pdt01" name="PDT01_is_produced_correctly"/>
  </testsuite>
  <testsuite name="table_pdt02" timestamp="2026-01-15T14:48:09Z" hostname="e549d8c91827" tests="2" skipped="0" failures="0" errors="0" time="0.238">
    <testcase time="0.180999999999926" classname="table_pdt02" name="PDT02_is_produced_correctly"/>
    <testcase time="0.0570000000000164" classname="table_pdt02" name="PDT02_is_produced_correctly"/>
  </testsuite>
  <testsuite name="table_pkct01" timestamp="2026-01-15T14:48:09Z" hostname="e549d8c91827" tests="10" skipped="0" failures="0" errors="0" time="3.324">
    <testcase time="0.301000000000045" classname="table_pkct01" name="PKCT01_is_produced_correctly"/>
    <testcase time="0.0709999999999127" classname="table_pkct01" name="PKCT01_is_produced_correctly"/>
    <testcase time="0.137000000000057" classname="table_pkct01" name="PKCT01_is_produced_correctly"/>
    <testcase time="0.04099999999994" classname="table_pkct01" name="PKCT01_is_produced_correctly"/>
    <testcase time="1.09400000000005" classname="table_pkct01" name="Specific_PKCT01_features_are_present"/>
    <testcase time="0.216000000000008" classname="table_pkct01" name="Specific_PKCT01_features_are_present"/>
    <testcase time="0.188999999999965" classname="table_pkct01" name="Specific_PKCT01_features_are_present"/>
    <testcase time="0.0040000000000191" classname="table_pkct01" name="Specific_PKCT01_features_are_present"/>
    <testcase time="0.710000000000036" classname="table_pkct01" name="Specific_PKCT01_features_are_present"/>
    <testcase time="0.560999999999922" classname="table_pkct01" name="Specific_PKCT01_features_are_present"/>
  </testsuite>
  <testsuite name="table_pkpt02" timestamp="2026-01-15T14:48:12Z" hostname="e549d8c91827" tests="2" skipped="0" failures="0" errors="0" time="0.573">
    <testcase time="0.368000000000052" classname="table_pkpt02" name="PKPT02_is_produced_correctly_for_Drug_X"/>
    <testcase time="0.205000000000041" classname="table_pkpt02" name="PKPT02_is_produced_correctly_for_Drug_X"/>
  </testsuite>
  <testsuite name="table_pkpt03" timestamp="2026-01-15T14:48:13Z" hostname="e549d8c91827" tests="2" skipped="0" failures="0" errors="0" time="1.204">
    <testcase time="1.00999999999999" classname="table_pkpt03" name="PKPT03_Drug_X_is_produced_correctly"/>
    <testcase time="0.19399999999996" classname="table_pkpt03" name="PKPT03_Drug_X_is_produced_correctly"/>
  </testsuite>
  <testsuite name="table_pkpt04" timestamp="2026-01-15T14:48:14Z" hostname="e549d8c91827" tests="2" skipped="0" failures="0" errors="0" time="0.189">
    <testcase time="0.119000000000028" classname="table_pkpt04" name="PKPT04_is_produced_correctly_for_Drug_X"/>
    <testcase time="0.0699999999999363" classname="table_pkpt04" name="PKPT04_is_produced_correctly_for_Drug_X"/>
  </testsuite>
  <testsuite name="table_pkpt05" timestamp="2026-01-15T14:48:14Z" hostname="e549d8c91827" tests="2" skipped="0" failures="0" errors="0" time="0.478">
    <testcase time="0.357000000000085" classname="table_pkpt05" name="PKPT05_Drug_X_is_produced_correctly"/>
[...]
    <testcase time="10.3810000000001" classname="tsfae22apart4" name="tsfae22apart4of4"/>
  </testsuite>
  <testsuite name="tsfae22bpart1" timestamp="2026-01-15T14:53:51Z" hostname="e549d8c91827" tests="1" skipped="0" failures="0" errors="0" time="6.543">
    <testcase time="6.54300000000012" classname="tsfae22bpart1" name="tsfae22bpart1of2"/>
  </testsuite>
  <testsuite name="tsfae22bpart2" timestamp="2026-01-15T14:53:58Z" hostname="e549d8c91827" tests="1" skipped="0" failures="0" errors="0" time="6.826">
    <testcase time="6.82599999999979" classname="tsfae22bpart2" name="tsfae22bpart2of2"/>
  </testsuite>
  <testsuite name="tsfae22cpart1" timestamp="2026-01-15T14:54:05Z" hostname="e549d8c91827" tests="1" skipped="0" failures="0" errors="0" time="9.076">
    <testcase time="9.07600000000002" classname="tsfae22cpart1" name="tsfae22cpart1of4"/>
  </testsuite>
  <testsuite name="tsfae22cpart2" timestamp="2026-01-15T14:54:14Z" hostname="e549d8c91827" tests="1" skipped="0" failures="0" errors="0" time="9.076">
    <testcase time="9.07600000000002" classname="tsfae22cpart2" name="tsfae22cpart2of4"/>
  </testsuite>
  <testsuite name="tsfae22cpart3" timestamp="2026-01-15T14:54:23Z" hostname="e549d8c91827" tests="1" skipped="0" failures="0" errors="0" time="9.36">
    <testcase time="9.36000000000013" classname="tsfae22cpart3" name="tsfae22cpart3of4"/>
  </testsuite>
  <testsuite name="tsfae22cpart4" timestamp="2026-01-15T14:54:32Z" hostname="e549d8c91827" tests="1" skipped="0" failures="0" errors="0" time="9.407">
    <testcase time="9.40699999999993" classname="tsfae22cpart4" name="tsfae22cpart4of4"/>
  </testsuite>
  <testsuite name="tsfae23a" timestamp="2026-01-15T14:54:41Z" hostname="e549d8c91827" tests="1" skipped="0" failures="0" errors="0" time="0.982">
    <testcase time="0.981999999999971" classname="tsfae23a" name="tsfae23a"/>
  </testsuite>
  <testsuite name="tsfae23b" timestamp="2026-01-15T14:54:42Z" hostname="e549d8c91827" tests="1" skipped="0" failures="0" errors="0" time="0.407">
    <testcase time="0.407000000000153" classname="tsfae23b" name="tsfae23b"/>
  </testsuite>
  <testsuite name="tsfae23c" timestamp="2026-01-15T14:54:43Z" hostname="e549d8c91827" tests="1" skipped="0" failures="0" errors="0" time="0.727">
    <testcase time="0.726999999999862" classname="tsfae23c" name="tsfae23c"/>
  </testsuite>
  <testsuite name="tsfae23d" timestamp="2026-01-15T14:54:44Z" hostname="e549d8c91827" tests="1" skipped="0" failures="0" errors="0" time="0.981">
    <testcase time="0.980999999999995" classname="tsfae23d" name="tsfae23d"/>
  </testsuite>
  <testsuite name="tsfae24a" timestamp="2026-01-15T14:54:45Z" hostname="e549d8c91827" tests="1" skipped="0" failures="0" errors="0" time="0.519">
    <testcase time="0.519000000000005" classname="tsfae24a" name="tsfae24a"/>
  </testsuite>
  <testsuite name="tsfae24b" timestamp="2026-01-15T14:54:45Z" hostname="e549d8c91827" tests="1" skipped="0" failures="0" errors="0" time="0.566">
    <testcase time="0.566000000000031" classname="tsfae24b" name="tsfae24b"/>
  </testsuite>
  <testsuite name="tsfae24c" timestamp="2026-01-15T14:54:46Z" hostname="e549d8c91827" tests="1" skipped="0" failures="0" errors="0" time="2.883">
    <testcase time="2.88300000000004" classname="tsfae24c" name="tsfae24c"/>
  </testsuite>
  <testsuite name="tsfae24d" timestamp="2026-01-15T14:54:49Z" hostname="e549d8c91827" tests="1" skipped="0" failures="0" errors="0" time="3.016">
    <testcase time="3.01600000000008" classname="tsfae24d" name="tsfae24d"/>
  </testsuite>
  <testsuite name="tsfae24fpart1" timestamp="2026-01-15T14:54:52Z" hostname="e549d8c91827" tests="1" skipped="0" failures="0" errors="0" time="12.793">
    <testcase time="12.7929999999999" classname="tsfae24fpart1" name="tsfae24fpart1of3"/>
  </testsuite>
  <testsuite name="tsfae24fpart2" timestamp="2026-01-15T14:55:04Z" hostname="e549d8c91827" tests="1" skipped="0" failures="0" errors="0" time="12.894">
    <testcase time="12.894" classname="tsfae24fpart2" name="tsfae24fpart2of3"/>
  </testsuite>
  <testsuite name="tsfae24fpart3" timestamp="2026-01-15T14:55:17Z" hostname="e549d8c91827" tests="1" skipped="0" failures="0" errors="0" time="12.532">
    <testcase time="12.5319999999999" classname="tsfae24fpart3" name="tsfae24fpart3of3"/>
  </testsuite>
  <testsuite name="tsfdth01" timestamp="2026-01-15T14:55:30Z" hostname="e549d8c91827" tests="1" skipped="0" failures="0" errors="0" time="1.362">
    <testcase time="1.36200000000008" classname="tsfdth01" name="tsfdth01"/>
  </testsuite>
  <testsuite name="tsfecg01apart1" timestamp="2026-01-15T14:55:31Z" hostname="e549d8c91827" tests="1" skipped="0" failures="0" errors="0" time="4.964">
    <testcase time="4.96399999999994" classname="tsfecg01apart1" name="tsfecg01a"/>
  </testsuite>
  <testsuite name="tsfecg01apart2" timestamp="2026-01-15T14:55:36Z" hostname="e549d8c91827" tests="1" skipped="0" failures="0" errors="0" time="4.937">
    <testcase time="4.93700000000013" classname="tsfecg01apart2" name="tsfecg01a"/>
  </testsuite>
  <testsuite name="tsfecg01apart3" timestamp="2026-01-15T14:55:41Z" hostname="e549d8c91827" tests="1" skipped="0" failures="0" errors="0" time="5.252">
    <testcase time="5.25199999999995" classname="tsfecg01apart3" name="tsfecg01a"/>
  </testsuite>
  <testsuite name="tsfecg01part1" timestamp="2026-01-15T14:55:46Z" hostname="e549d8c91827" tests="1" skipped="0" failures="0" errors="0" time="9.395">
    <testcase time="9.39499999999998" classname="tsfecg01part1" name="tsfecg01"/>
  </testsuite>
  <testsuite name="tsfecg01part2" timestamp="2026-01-15T14:55:56Z" hostname="e549d8c91827" tests="1" skipped="0" failures="0" errors="0" time="9.516">
    <testcase time="9.51600000000008" classname="tsfecg01part2" name="tsfecg01"/>
  </testsuite>
  <testsuite name="tsfecg02" timestamp="2026-01-15T14:56:05Z" hostname="e549d8c91827" tests="1" skipped="0" failures="0" errors="0" time="3.424">
    <testcase time="3.42399999999998" classname="tsfecg02" name="tsfecg02"/>
  </testsuite>
  <testsuite name="tsfecg03" timestamp="2026-01-15T14:56:09Z" hostname="e549d8c91827" tests="1" skipped="0" failures="0" errors="0" time="0.659">
    <testcase time="0.658999999999878" classname="tsfecg03" name="tsfecg03"/>
  </testsuite>
  <testsuite name="tsfecg04" timestamp="2026-01-15T14:56:09Z" hostname="e549d8c91827" tests="1" skipped="0" failures="0" errors="0" time="2.291">
    <testcase time="2.29099999999994" classname="tsfecg04" name="tsfecg04"/>
  </testsuite>
  <testsuite name="tsfecg05" timestamp="2026-01-15T14:56:12Z" hostname="e549d8c91827" tests="1" skipped="0" failures="0" errors="0" time="1.427">
    <testcase time="1.42700000000013" classname="tsfecg05" name="tsfecg05"/>
  </testsuite>
  <testsuite name="tsflab01apart1" timestamp="2026-01-15T14:56:13Z" hostname="e549d8c91827" tests="1" skipped="0" failures="0" errors="0" time="15.295">
    <testcase time="15.2950000000001" classname="tsflab01apart1" name="tsflab01a"/>
  </testsuite>
  <testsuite name="tsflab01apart2" timestamp="2026-01-15T14:56:28Z" hostname="e549d8c91827" tests="1" skipped="0" failures="0" errors="0" time="15.287">
    <testcase time="15.2869999999998" classname="tsflab01apart2" name="tsflab01a"/>
  </testsuite>
  <testsuite name="tsflab01apart3" timestamp="2026-01-15T14:56:44Z" hostname="e549d8c91827" tests="1" skipped="0" failures="0" errors="0" time="15.382">
    <testcase time="15.3820000000001" classname="tsflab01apart3" name="tsflab01a"/>
  </testsuite>
  <testsuite name="tsflab01part1" timestamp="2026-01-15T14:56:59Z" hostname="e549d8c91827" tests="1" skipped="0" failures="0" errors="0" time="6.557">
    <testcase time="6.55700000000002" classname="tsflab01part1" name="tsflab01"/>
  </testsuite>
  <testsuite name="tsflab01part2" timestamp="2026-01-15T14:57:06Z" hostname="e549d8c91827" tests="1" skipped="0" failures="0" errors="0" time="6.472">
    <testcase time="6.47199999999998" classname="tsflab01part2" name="tsflab01"/>
  </testsuite>
  <testsuite name="tsflab02" timestamp="2026-01-15T14:57:12Z" hostname="e549d8c91827" tests="1" skipped="0" failures="0" errors="0" time="1.084">
    <testcase time="1.08400000000006" classname="tsflab02" name="tsflab02"/>
  </testsuite>
  <testsuite name="tsflab02a" timestamp="2026-01-15T14:57:13Z" hostname="e549d8c91827" tests="1" skipped="0" failures="0" errors="0" time="2.855">
    <testcase time="2.85500000000002" classname="tsflab02a" name="tsflab02a"/>
  </testsuite>
  <testsuite name="tsflab02b" timestamp="2026-01-15T14:57:16Z" hostname="e549d8c91827" tests="1" skipped="0" failures="0" errors="0" time="2.38">
    <testcase time="2.37999999999988" classname="tsflab02b" name="tsflab02b"/>
  </testsuite>
  <testsuite name="tsflab03" timestamp="2026-01-15T14:57:18Z" hostname="e549d8c91827" tests="1" skipped="0" failures="0" errors="0" time="3.649">
    <testcase time="3.64900000000011" classname="tsflab03" name="tsflab03"/>
  </testsuite>
  <testsuite name="tsflab03a" timestamp="2026-01-15T14:57:22Z" hostname="e549d8c91827" tests="1" skipped="0" failures="0" errors="1" time="0.017">
    <testcase time="0.0170000000000528" classname="tsflab03a" name="tsflab03a">
      <error type="error" message="Error in `base::get(toString(lib_arg), envir)`: object 'dpspath' not found ('test-tsflab03a.R:2:3')">Error in `base::get(toString(lib_arg), envir)`: object 'dpspath' not found
Backtrace:
     x
  1. +-testthat::expect_snapshot_file(...) at test-tsflab03a.R:2:3
  2. | \-testthat:::check_string(path)
  3. |   \-testthat:::.rlang_check_is_string(...)
  4. |     \-rlang::is_string(x)
  5. +-scda.test:::write_test_rtf_for("tsflab03a.R")
  6. | \-base::source(ipath) at ./helper.R:20:3
  7. |   +-base::withVisible(eval(ei, envir))
  8. |   \-base::eval(ei, envir)
  9. |     \-base::eval(ei, envir)
 10. \-envsetup::read_path(dpspath, "lbtoxgrade.xlsx")
 11.   \-base::get(toString(lib_arg), envir)</error>
    </testcase>
  </testsuite>
  <testsuite name="tsflab04a" timestamp="2026-01-15T14:57:22Z" hostname="e549d8c91827" tests="1" skipped="0" failures="0" errors="0" time="3.203">
    <testcase time="3.20299999999997" classname="tsflab04a" name="tsflab04a"/>
  </testsuite>
  <testsuite name="tsflab04b" timestamp="2026-01-15T14:57:25Z" hostname="e549d8c91827" tests="1" skipped="0" failures="0" errors="0" time="1.127">
    <testcase time="1.12699999999995" classname="tsflab04b" name="tsflab04b"/>
  </testsuite>
  <testsuite name="tsflab05" timestamp="2026-01-15T14:57:26Z" hostname="e549d8c91827" tests="1" skipped="0" failures="0" errors="0" time="2.99">
    <testcase time="2.99000000000001" classname="tsflab05" name="tsflab05"/>
  </testsuite>
  <testsuite name="tsflab06" timestamp="2026-01-15T14:57:29Z" hostname="e549d8c91827" tests="1" skipped="0" failures="0" errors="0" time="3.224">
    <testcase time="3.22399999999993" classname="tsflab06" name="tsflab06"/>
  </testsuite>
  <testsuite name="tsflab07" timestamp="2026-01-15T14:57:32Z" hostname="e549d8c91827" tests="1" skipped="0" failures="0" errors="0" time="19.388">
    <testcase time="19.3880000000001" classname="tsflab07" name="tsflab07"/>
  </testsuite>
  <testsuite name="tsfvit01apart1" timestamp="2026-01-15T14:57:52Z" hostname="e549d8c91827" tests="1" skipped="0" failures="0" errors="0" time="7.083">
    <testcase time="7.08299999999986" classname="tsfvit01apart1" name="tsfvit01a"/>
  </testsuite>
  <testsuite name="tsfvit01apart2" timestamp="2026-01-15T14:57:59Z" hostname="e549d8c91827" tests="1" skipped="0" failures="0" errors="0" time="7.242">
    <testcase time="7.24199999999996" classname="tsfvit01apart2" name="tsfvit01a"/>
  </testsuite>
  <testsuite name="tsfvit01apart3" timestamp="2026-01-15T14:58:06Z" hostname="e549d8c91827" tests="1" skipped="0" failures="0" errors="0" time="7.251">
    <testcase time="7.2510000000002" classname="tsfvit01apart3" name="tsfvit01a"/>
  </testsuite>
  <testsuite name="tsfvit01apart4" timestamp="2026-01-15T14:58:13Z" hostname="e549d8c91827" tests="1" skipped="0" failures="0" errors="0" time="7.283">
    <testcase time="7.2829999999999" classname="tsfvit01apart4" name="tsfvit01a"/>
  </testsuite>
  <testsuite name="tsfvit01part1" timestamp="2026-01-15T14:58:21Z" hostname="e549d8c91827" tests="1" skipped="0" failures="0" errors="0" time="3.787">
    <testcase time="3.78700000000003" classname="tsfvit01part1" name="tsfvit01"/>
  </testsuite>
  <testsuite name="tsfvit01part2" timestamp="2026-01-15T14:58:25Z" hostname="e549d8c91827" tests="1" skipped="0" failures="0" errors="0" time="3.893">
    <testcase time="3.89300000000003" classname="tsfvit01part2" name="tsfvit01"/>
  </testsuite>
  <testsuite name="tsfvit01part3" timestamp="2026-01-15T14:58:28Z" hostname="e549d8c91827" tests="1" skipped="0" failures="0" errors="0" time="3.555">
    <testcase time="3.55499999999984" classname="tsfvit01part3" name="tsfvit01"/>
  </testsuite>
  <testsuite name="tsfvit01part4" timestamp="2026-01-15T14:58:32Z" hostname="e549d8c91827" tests="1" skipped="0" failures="0" errors="0" time="3.611">
    <testcase time="3.6110000000001" classname="tsfvit01part4" name="tsfvit01"/>
  </testsuite>
  <testsuite name="tsfvit02" timestamp="2026-01-15T14:58:36Z" hostname="e549d8c91827" tests="1" skipped="0" failures="0" errors="0" time="0.738">
    <testcase time="0.738000000000056" classname="tsfvit02" name="tsfvit02"/>
  </testsuite>
  <testsuite name="tsfvit03" timestamp="2026-01-15T14:58:36Z" hostname="e549d8c91827" tests="1" skipped="0" failures="0" errors="0" time="0.688">
    <testcase time="0.687999999999874" classname="tsfvit03" name="tsfvit03"/>
  </testsuite>
  <testsuite name="tsfvit04" timestamp="2026-01-15T14:58:37Z" hostname="e549d8c91827" tests="1" skipped="0" failures="0" errors="0" time="0.734">
    <testcase time="0.734000000000151" classname="tsfvit04" name="tsfvit04"/>
  </testsuite>
  <testsuite name="tsfvit05" timestamp="2026-01-15T14:58:38Z" hostname="e549d8c91827" tests="1" skipped="0" failures="0" errors="0" time="1.945">
    <testcase time="1.94499999999994" classname="tsfvit05" name="tsfvit05"/>
  </testsuite>
  <testsuite name="tsfvit06" timestamp="2026-01-15T14:58:40Z" hostname="e549d8c91827" tests="1" skipped="0" failures="0" errors="0" time="0.64">
    <testcase time="0.639999999999873" classname="tsfvit06" name="tsfvit06"/>
  </testsuite>
  <testsuite name="tsicm01" timestamp="2026-01-15T14:58:40Z" hostname="e549d8c91827" tests="1" skipped="0" failures="0" errors="0" time="6.155">
    <testcase time="6.1550000000002" classname="tsicm01" name="tsicm01"/>
  </testsuite>
  <testsuite name="tsicm02" timestamp="2026-01-15T14:58:46Z" hostname="e549d8c91827" tests="1" skipped="0" failures="0" errors="0" time="6.239">
    <testcase time="6.23899999999981" classname="tsicm02" name="tsicm02"/>
  </testsuite>
  <testsuite name="tsicm03" timestamp="2026-01-15T14:58:53Z" hostname="e549d8c91827" tests="1" skipped="0" failures="0" errors="0" time="4.375">
    <testcase time="4.375" classname="tsicm03" name="tsicm03"/>
  </testsuite>
  <testsuite name="tsicm04" timestamp="2026-01-15T14:58:57Z" hostname="e549d8c91827" tests="1" skipped="0" failures="0" errors="0" time="4.613">
    <testcase time="4.61300000000006" classname="tsicm04" name="tsicm04"/>
  </testsuite>
  <testsuite name="tsicm05" timestamp="2026-01-15T14:59:02Z" hostname="e549d8c91827" tests="1" skipped="0" failures="0" errors="0" time="7.676">
    <testcase time="7.67599999999993" classname="tsicm05" name="tsicm05"/>
  </testsuite>
  <testsuite name="tsicm06" timestamp="2026-01-15T14:59:09Z" hostname="e549d8c91827" tests="1" skipped="0" failures="0" errors="0" time="7.827">
    <testcase time="7.827" classname="tsicm06" name="tsicm06"/>
  </testsuite>
  <testsuite name="tsicm07" timestamp="2026-01-15T14:59:17Z" hostname="e549d8c91827" tests="1" skipped="0" failures="0" errors="0" time="0.745">
    <testcase time="0.745000000000118" classname="tsicm07" name="tsicm07"/>
  </testsuite>
  <testsuite name="tsicm08" timestamp="2026-01-15T14:59:18Z" hostname="e549d8c91827" tests="1" skipped="0" failures="0" errors="0" time="0.741">
    <testcase time="0.740999999999985" classname="tsicm08" name="tsicm08"/>
  </testsuite>
  <testsuite name="tsidem01" timestamp="2026-01-15T14:59:19Z" hostname="e549d8c91827" tests="1" skipped="0" failures="0" errors="0" time="2.617">
    <testcase time="2.61699999999996" classname="tsidem01" name="tsidem01"/>
  </testsuite>
  <testsuite name="tsidem02" timestamp="2026-01-15T14:59:21Z" hostname="e549d8c91827" tests="1" skipped="0" failures="0" errors="0" time="0.853">
    <testcase time="0.853000000000065" classname="tsidem02" name="tsidem02"/>
  </testsuite>
  <testsuite name="tsids01" timestamp="2026-01-15T14:59:22Z" hostname="e549d8c91827" tests="1" skipped="0" failures="0" errors="0" time="0.394">
    <testcase time="0.394000000000005" classname="tsids01" name="tsids01"/>
  </testsuite>
  <testsuite name="tsids02" timestamp="2026-01-15T14:59:23Z" hostname="e549d8c91827" tests="1" skipped="0" failures="0" errors="0" time="1.676">
    <testcase time="1.67599999999993" classname="tsids02" name="tsids02"/>
  </testsuite>
  <testsuite name="tsids02a" timestamp="2026-01-15T14:59:24Z" hostname="e549d8c91827" tests="1" skipped="0" failures="0" errors="0" time="8.617">
    <testcase time="8.61699999999996" classname="tsids02a" name="tsids02a"/>
  </testsuite>
  <testsuite name="tsiex01" timestamp="2026-01-15T14:59:33Z" hostname="e549d8c91827" tests="1" skipped="0" failures="0" errors="0" time="2.042">
    <testcase time="2.04200000000014" classname="tsiex01" name="tsiex01"/>
  </testsuite>
  <testsuite name="tsiex02" timestamp="2026-01-15T14:59:35Z" hostname="e549d8c91827" tests="1" skipped="0" failures="0" errors="0" time="1.473">
    <testcase time="1.47299999999996" classname="tsiex02" name="tsiex02"/>
  </testsuite>
  <testsuite name="tsiex03" timestamp="2026-01-15T14:59:36Z" hostname="e549d8c91827" tests="1" skipped="0" failures="0" errors="0" time="1.121">
    <testcase time="1.12100000000009" classname="tsiex03" name="tsiex03"/>
  </testsuite>
  <testsuite name="tsiex04" timestamp="2026-01-15T14:59:38Z" hostname="e549d8c91827" tests="1" skipped="0" failures="0" errors="0" time="0.96">
    <testcase time="0.959999999999809" classname="tsiex04" name="tsiex04"/>
  </testsuite>
  <testsuite name="tsiex06" timestamp="2026-01-15T14:59:38Z" hostname="e549d8c91827" tests="1" skipped="0" failures="0" errors="0" time="0.452">
    <testcase time="0.451999999999998" classname="tsiex06" name="tsiex06"/>
  </testsuite>
  <testsuite name="tsiex07" timestamp="2026-01-15T14:59:39Z" hostname="e549d8c91827" tests="1" skipped="0" failures="0" errors="0" time="0.665">
    <testcase time="0.665000000000191" classname="tsiex07" name="tsiex07"/>
  </testsuite>
  <testsuite name="tsiex08" timestamp="2026-01-15T14:59:40Z" hostname="e549d8c91827" tests="1" skipped="0" failures="0" errors="0" time="1.454">
    <testcase time="1.45399999999995" classname="tsiex08" name="tsiex08"/>
  </testsuite>
  <testsuite name="tsiex09" timestamp="2026-01-15T14:59:41Z" hostname="e549d8c91827" tests="1" skipped="0" failures="0" errors="0" time="0.706">
    <testcase time="0.705999999999904" classname="tsiex09" name="tsiex09"/>
  </testsuite>
  <testsuite name="tsiex10" timestamp="2026-01-15T14:59:42Z" hostname="e549d8c91827" tests="1" skipped="0" failures="0" errors="0" time="0.665">
    <testcase time="0.664999999999964" classname="tsiex10" name="tsiex10"/>
  </testsuite>
  <testsuite name="tsiex11" timestamp="2026-01-15T14:59:42Z" hostname="e549d8c91827" tests="1" skipped="0" failures="0" errors="0" time="3.287">
    <testcase time="3.28700000000003" classname="tsiex11" name="tsiex11"/>
  </testsuite>
  <testsuite name="tsimh01" timestamp="2026-01-15T14:59:46Z" hostname="e549d8c91827" tests="1" skipped="0" failures="0" errors="0" time="1.274">
    <testcase time="1.27400000000011" classname="tsimh01" name="tsimh01"/>
  </testsuite>
</testsuites>
