<?xml version="1.0" encoding="UTF-8"?>
<testsuites>
  <testsuite name="char-support" timestamp="2026-03-06T15:10:08Z" hostname="733d2eda279d" tests="6" skipped="0" failures="0" errors="0" time="3.38">
    <testcase time="1.126" classname="char_support" name="CRITDIR_is_factor_and_one_PARAMCD_is_not_available_on_all_AVISITS"/>
    <testcase time="0.351000000000001" classname="char_support" name="CRITDIR_is_factor_and_one_PARAMCD_is_not_available_on_all_AVISITS"/>
    <testcase time="0.619" classname="char_support" name="CRITDIR_is_not_factor_and_all_PARAMCD_available_on_all_AVISITS"/>
    <testcase time="0.384" classname="char_support" name="CRITDIR_is_not_factor_and_all_PARAMCD_available_on_all_AVISITS"/>
    <testcase time="0.615" classname="char_support" name="CRITDIR_is_not_factor_and_one_PARAMCD_is_not_available_on_all_AVISITS"/>
    <testcase time="0.285" classname="char_support" name="CRITDIR_is_not_factor_and_one_PARAMCD_is_not_available_on_all_AVISITS"/>
  </testsuite>
  <testsuite name="listing_adal02" timestamp="2026-03-06T15:10:11Z" hostname="733d2eda279d" tests="1" skipped="0" failures="0" errors="0" time="0.174">
    <testcase time="0.173999999999999" classname="listing_adal02" name="ADAL02_listing_is_produced_correctly"/>
  </testsuite>
  <testsuite name="listing_ael01" timestamp="2026-03-06T15:10:11Z" hostname="733d2eda279d" tests="1" skipped="0" failures="0" errors="0" time="0.125">
    <testcase time="0.125" classname="listing_ael01" name="AEL01_listing_is_produced_correctly"/>
  </testsuite>
  <testsuite name="listing_ael01_nollt" timestamp="2026-03-06T15:10:12Z" hostname="733d2eda279d" tests="1" skipped="0" failures="0" errors="0" time="0.051">
    <testcase time="0.0510000000000002" classname="listing_ael01_nollt" name="AEL01_NOLLT_listing_is_produced_correctly"/>
  </testsuite>
  <testsuite name="listing_ael02" timestamp="2026-03-06T15:10:12Z" hostname="733d2eda279d" tests="1" skipped="0" failures="0" errors="0" time="0.274">
    <testcase time="0.273999999999999" classname="listing_ael02" name="AEL02_listing_is_produced_correctly"/>
  </testsuite>
  <testsuite name="listing_ael02_ed" timestamp="2026-03-06T15:10:12Z" hostname="733d2eda279d" tests="1" skipped="0" failures="0" errors="0" time="0.325">
    <testcase time="0.325000000000001" classname="listing_ael02_ed" name="AEL02_ED_listing_is_produced_correctly"/>
  </testsuite>
  <testsuite name="listing_ael03" timestamp="2026-03-06T15:10:12Z" hostname="733d2eda279d" tests="1" skipped="0" failures="0" errors="0" time="0.268">
    <testcase time="0.267999999999999" classname="listing_ael03" name="AEL03_listing_is_produced_correctly"/>
  </testsuite>
  <testsuite name="listing_ael04" timestamp="2026-03-06T15:10:12Z" hostname="733d2eda279d" tests="1" skipped="0" failures="0" errors="0" time="0.192">
    <testcase time="0.192" classname="listing_ael04" name="AEL04_listing_is_produced_correctly"/>
  </testsuite>
  <testsuite name="listing_cml01" timestamp="2026-03-06T15:10:13Z" hostname="733d2eda279d" tests="1" skipped="0" failures="0" errors="0" time="0.325">
    <testcase time="0.325000000000001" classname="listing_cml01" name="CML01_listing_is_produced_correctly"/>
  </testsuite>
  <testsuite name="listing_cml02a_gl" timestamp="2026-03-06T15:10:13Z" hostname="733d2eda279d" tests="1" skipped="0" failures="0" errors="0" time="0.111">
    <testcase time="0.110999999999999" classname="listing_cml02a_gl" name="CML02A_GL_listing_is_produced_correctly"/>
  </testsuite>
  <testsuite name="listing_cml02b_gl" timestamp="2026-03-06T15:10:13Z" hostname="733d2eda279d" tests="1" skipped="0" failures="0" errors="0" time="0.16">
    <testcase time="0.16" classname="listing_cml02b_gl" name="CML02B_GL_listing_is_produced_correctly"/>
  </testsuite>
  <testsuite name="listing_dsl01" timestamp="2026-03-06T15:10:13Z" hostname="733d2eda279d" tests="1" skipped="0" failures="0" errors="0" time="0.158">
    <testcase time="0.157999999999999" classname="listing_dsl01" name="DSL01_listing_is_produced_correctly"/>
  </testsuite>
  <testsuite name="listing_dsl02" timestamp="2026-03-06T15:10:13Z" hostname="733d2eda279d" tests="1" skipped="0" failures="0" errors="0" time="0.068">
    <testcase time="0.0680000000000014" classname="listing_dsl02" name="DSL02_listing_is_produced_correctly"/>
  </testsuite>
  <testsuite name="listing_dsur4" timestamp="2026-03-06T15:10:13Z" hostname="733d2eda279d" tests="1" skipped="0" failures="0" errors="0" time="0.093">
    <testcase time="0.093" classname="listing_dsur4" name="DSUR4_listing_is_produced_correctly"/>
  </testsuite>
  <testsuite name="listing_egl01" timestamp="2026-03-06T15:10:14Z" hostname="733d2eda279d" tests="1" skipped="0" failures="0" errors="0" time="0.432">
    <testcase time="0.432" classname="listing_egl01" name="EGL01_listing_is_produced_correctly"/>
  </testsuite>
  <testsuite name="listing_exl01" timestamp="2026-03-06T15:10:14Z" hostname="733d2eda279d" tests="1" skipped="0" failures="0" errors="0" time="0.214">
    <testcase time="0.213999999999999" classname="listing_exl01" name="EXL01_listing_is_produced_correctly"/>
  </testsuite>
  <testsuite name="listing_lbl01" timestamp="2026-03-06T15:10:14Z" hostname="733d2eda279d" tests="1" skipped="0" failures="0" errors="0" time="0.546">
    <testcase time="0.546000000000001" classname="listing_lbl01" name="LBL01_listing_is_produced_correctly"/>
  </testsuite>
  <testsuite name="listing_lbl01_rls" timestamp="2026-03-06T15:10:15Z" hostname="733d2eda279d" tests="1" skipped="0" failures="0" errors="0" time="0.517">
    <testcase time="0.516999999999998" classname="listing_lbl01_rls" name="LBL01_RLS_listing_is_produced_correctly"/>
  </testsuite>
  <testsuite name="listing_lbl02a" timestamp="2026-03-06T15:10:15Z" hostname="733d2eda279d" tests="1" skipped="0" failures="0" errors="0" time="0.249">
    <testcase time="0.249000000000002" classname="listing_lbl02a" name="LBL02A_listing_is_produced_correctly"/>
  </testsuite>
  <testsuite name="listing_lbl02a_rls" timestamp="2026-03-06T15:10:15Z" hostname="733d2eda279d" tests="1" skipped="0" failures="0" errors="0" time="0.78">
    <testcase time="0.780000000000001" classname="listing_lbl02a_rls" name="LBL02A_RLS_listing_is_produced_correctly"/>
  </testsuite>
  <testsuite name="listing_lbl02b" timestamp="2026-03-06T15:10:16Z" hostname="733d2eda279d" tests="1" skipped="0" failures="0" errors="0" time="0.255">
    <testcase time="0.254999999999999" classname="listing_lbl02b" name="LBL02B_listing_is_produced_correctly"/>
  </testsuite>
  <testsuite name="listing_mhl01" timestamp="2026-03-06T15:10:17Z" hostname="733d2eda279d" tests="1" skipped="0" failures="0" errors="0" time="0.245">
    <testcase time="0.245000000000001" classname="listing_mhl01" name="MHL01_listing_is_produced_correctly"/>
  </testsuite>
  <testsuite name="listing_oncl01" timestamp="2026-03-06T15:10:17Z" hostname="733d2eda279d" tests="1" skipped="0" failures="0" errors="0" time="0.214">
    <testcase time="0.213999999999999" classname="listing_oncl01" name="ONCL01_listing_is_produced_correctly"/>
  </testsuite>
  <testsuite name="listing_pkcl01" timestamp="2026-03-06T15:10:17Z" hostname="733d2eda279d" tests="2" skipped="0" failures="0" errors="0" time="0.506">
    <testcase time="0.177" classname="listing_pkcl01" name="PKCL01_listing_is_produced_correctly"/>
    <testcase time="0.329000000000001" classname="listing_pkcl01" name="PKCL01_listing_key_columns_values_are_repeated_when_entries_span_multiple_pages"/>
  </testsuite>
  <testsuite name="listing_pkcl02" timestamp="2026-03-06T15:10:17Z" hostname="733d2eda279d" tests="1" skipped="0" failures="0" errors="0" time="0.201">
    <testcase time="0.201000000000001" classname="listing_pkcl02" name="PKCL02_listing_is_produced_correctly"/>
  </testsuite>
  <testsuite name="listing_pkpl01" timestamp="2026-03-06T15:10:18Z" hostname="733d2eda279d" tests="1" skipped="0" failures="0" errors="0" time="0.192">
    <testcase time="0.192" classname="listing_pkpl01" name="PKPL01_listing_is_produced_correctly"/>
  </testsuite>
  <testsuite name="listing_pkpl02" timestamp="2026-03-06T15:10:18Z" hostname="733d2eda279d" tests="1" skipped="0" failures="0" errors="0" time="0.131">
    <testcase time="0.131" classname="listing_pkpl02" name="PKPL02_listing_is_produced_correctly"/>
  </testsuite>
  <testsuite name="listing_pkpl04" timestamp="2026-03-06T15:10:18Z" hostname="733d2eda279d" tests="1" skipped="0" failures="0" errors="0" time="0.198">
    <testcase time="0.197999999999997" classname="listing_pkpl04" name="PKPL04_listing_is_produced_correctly"/>
  </testsuite>
  <testsuite name="listing_vsl01" timestamp="2026-03-06T15:10:18Z" hostname="733d2eda279d" tests="1" skipped="0" failures="0" errors="0" time="0.421">
    <testcase time="0.421000000000003" classname="listing_vsl01" name="VSL01_listing_is_produced_correctly"/>
  </testsuite>
  <testsuite name="lsfae01" timestamp="2026-03-06T15:10:19Z" hostname="733d2eda279d" tests="1" skipped="0" failures="0" errors="0" time="0.55">
    <testcase time="0.549999999999997" classname="lsfae01" name="lsfae01"/>
  </testsuite>
  <testsuite name="lsfae02" timestamp="2026-03-06T15:10:19Z" hostname="733d2eda279d" tests="1" skipped="0" failures="0" errors="0" time="0.474">
    <testcase time="0.474" classname="lsfae02" name="lsfae02"/>
  </testsuite>
  <testsuite name="lsfae03" timestamp="2026-03-06T15:10:20Z" hostname="733d2eda279d" tests="1" skipped="0" failures="0" errors="0" time="0.301">
    <testcase time="0.301000000000002" classname="lsfae03" name="lsfae03"/>
  </testsuite>
  <testsuite name="lsfae04" timestamp="2026-03-06T15:10:20Z" hostname="733d2eda279d" tests="1" skipped="0" failures="0" errors="0" time="0.182">
    <testcase time="0.181999999999999" classname="lsfae04" name="lsfae04"/>
  </testsuite>
  <testsuite name="lsfae05" timestamp="2026-03-06T15:10:20Z" hostname="733d2eda279d" tests="1" skipped="0" failures="0" errors="0" time="0.47">
    <testcase time="0.470000000000002" classname="lsfae05" name="lsfae05"/>
  </testsuite>
  <testsuite name="lsfae06a" timestamp="2026-03-06T15:10:21Z" hostname="733d2eda279d" tests="1" skipped="0" failures="0" errors="0" time="0.398">
    <testcase time="0.398" classname="lsfae06a" name="lsfae06a"/>
  </testsuite>
  <testsuite name="lsfae06b" timestamp="2026-03-06T15:10:21Z" hostname="733d2eda279d" tests="1" skipped="0" failures="0" errors="0" time="0.393">
    <testcase time="0.392999999999997" classname="lsfae06b" name="lsfae06b"/>
  </testsuite>
  <testsuite name="lsfdth01" timestamp="2026-03-06T15:10:21Z" hostname="733d2eda279d" tests="1" skipped="0" failures="0" errors="0" time="0.196">
    <testcase time="0.196000000000002" classname="lsfdth01" name="lsfdth01"/>
  </testsuite>
  <testsuite name="lsfecg01" timestamp="2026-03-06T15:10:22Z" hostname="733d2eda279d" tests="1" skipped="0" failures="0" errors="0" time="0.713">
    <testcase time="0.713000000000001" classname="lsfecg01" name="lsfecg01"/>
  </testsuite>
  <testsuite name="lsfecg02part1" timestamp="2026-03-06T15:10:22Z" hostname="733d2eda279d" tests="1" skipped="0" failures="0" errors="0" time="1.716">
    <testcase time="1.716" classname="lsfecg02part1" name="lsfecg02part1of3"/>
  </testsuite>
  <testsuite name="lsfecg02part2" timestamp="2026-03-06T15:10:24Z" hostname="733d2eda279d" tests="1" skipped="0" failures="0" errors="0" time="1.408">
    <testcase time="1.408" classname="lsfecg02part2" name="lsfecg02part2of3"/>
  </testsuite>
  <testsuite name="lsfecg02part3" timestamp="2026-03-06T15:10:25Z" hostname="733d2eda279d" tests="1" skipped="0" failures="0" errors="0" time="1.42">
    <testcase time="1.42" classname="lsfecg02part3" name="lsfecg02part3of3"/>
  </testsuite>
  <testsuite name="lsflab01" timestamp="2026-03-06T15:10:27Z" hostname="733d2eda279d" tests="1" skipped="0" failures="0" errors="0" time="0.512">
    <testcase time="0.512" classname="lsflab01" name="lsflab01"/>
  </testsuite>
  <testsuite name="lsfvit01" timestamp="2026-03-06T15:10:27Z" hostname="733d2eda279d" tests="1" skipped="0" failures="0" errors="0" time="1.591">
    <testcase time="1.591" classname="lsfvit01" name="lsfvit01"/>
  </testsuite>
  <testsuite name="lsfvit02" timestamp="2026-03-06T15:10:29Z" hostname="733d2eda279d" tests="1" skipped="0" failures="0" errors="0" time="1.989">
    <testcase time="1.989" classname="lsfvit02" name="lsfvit02"/>
  </testsuite>
  <testsuite name="lsicm01" timestamp="2026-03-06T15:10:31Z" hostname="733d2eda279d" tests="1" skipped="0" failures="0" errors="0" time="0.566">
    <testcase time="0.565999999999999" classname="lsicm01" name="lsicm01"/>
  </testsuite>
  <testsuite name="lsidem01" timestamp="2026-03-06T15:10:32Z" hostname="733d2eda279d" tests="1" skipped="0" failures="0" errors="0" time="0.4">
    <testcase time="0.399999999999999" classname="lsidem01" name="lsidem01"/>
  </testsuite>
  <testsuite name="lsidem02" timestamp="2026-03-06T15:10:32Z" hostname="733d2eda279d" tests="1" skipped="0" failures="0" errors="0" time="0.35">
    <testcase time="0.350000000000001" classname="lsidem02" name="lsidem02"/>
  </testsuite>
  <testsuite name="lsids01" timestamp="2026-03-06T15:10:32Z" hostname="733d2eda279d" tests="1" skipped="0" failures="0" errors="0" time="0.38">
    <testcase time="0.380000000000003" classname="lsids01" name="lsids01"/>
  </testsuite>
  <testsuite name="lsids02" timestamp="2026-03-06T15:10:33Z" hostname="733d2eda279d" tests="1" skipped="0" failures="0" errors="0" time="0.387">
    <testcase time="0.387" classname="lsids02" name="lsids02"/>
  </testsuite>
  <testsuite name="lsids03" timestamp="2026-03-06T15:10:33Z" hostname="733d2eda279d" tests="1" skipped="0" failures="0" errors="0" time="0.399">
    <testcase time="0.399000000000001" classname="lsids03" name="lsids03"/>
  </testsuite>
  <testsuite name="lsids04" timestamp="2026-03-06T15:10:33Z" hostname="733d2eda279d" tests="1" skipped="0" failures="0" errors="0" time="0.162">
    <testcase time="0.161999999999999" classname="lsids04" name="lsids04"/>
  </testsuite>
  <testsuite name="lsids05" timestamp="2026-03-06T15:10:34Z" hostname="733d2eda279d" tests="1" skipped="0" failures="0" errors="0" time="0.124">
    <testcase time="0.123999999999995" classname="lsids05" name="lsids05"/>
  </testsuite>
  <testsuite name="lsiex01" timestamp="2026-03-06T15:10:34Z" hostname="733d2eda279d" tests="1" skipped="0" failures="0" errors="0" time="0.436">
    <testcase time="0.436" classname="lsiex01" name="lsiex01"/>
  </testsuite>
  <testsuite name="lsiex02" timestamp="2026-03-06T15:10:34Z" hostname="733d2eda279d" tests="1" skipped="0" failures="0" errors="0" time="0.336">
    <testcase time="0.336000000000006" classname="lsiex02" name="lsiex02"/>
  </testsuite>
  <testsuite name="lsiex03" timestamp="2026-03-06T15:10:34Z" hostname="733d2eda279d" tests="1" skipped="0" failures="0" errors="0" time="0.472">
    <testcase time="0.471999999999994" classname="lsiex03" name="lsiex03"/>
  </testsuite>
  <testsuite name="lsimh01" timestamp="2026-03-06T15:10:35Z" hostname="733d2eda279d" tests="1" skipped="0" failures="0" errors="0" time="0.421">
    <testcase time="0.421000000000006" classname="lsimh01" name="lsimh01"/>
  </testsuite>
  <testsuite name="pagination_listing" timestamp="2026-03-06T15:10:35Z" hostname="733d2eda279d" tests="13" skipped="0" failures="0" errors="0" time="3.913">
    <testcase time="0.0519999999999996" classname="pagination_listing" name="Direct_pagination_works_fine"/>
    <testcase time="0.649999999999999" classname="pagination_listing" name="Direct_pagination_works_fine"/>
    <testcase time="0.00300000000000011" classname="pagination_listing" name="Direct_pagination_works_fine"/>
    <testcase time="0.586999999999996" classname="pagination_listing" name="Direct_pagination_works_fine"/>
    <testcase time="0.977000000000004" classname="pagination_listing" name="Direct_pagination_works_fine"/>
    <testcase time="0.805" classname="pagination_listing" name="pagination_counts_the_right_number_of_lines_when_wrapping_on_keycols_is_present"/>
    <testcase time="0.00900000000000034" classname="pagination_listing" name="pagination_counts_the_right_number_of_lines_when_wrapping_on_keycols_is_present"/>
    <testcase time="0.0069999999999979" classname="pagination_listing" name="pagination_counts_the_right_number_of_lines_when_wrapping_on_keycols_is_present"/>
    <testcase time="0.00399999999999778" classname="pagination_listing" name="pagination_counts_the_right_number_of_lines_when_wrapping_on_keycols_is_present"/>
    <testcase time="0.804000000000002" classname="pagination_listing" name="pagination_counts_the_right_number_of_lines_when_wrapping_on_keycols_is_present"/>
    <testcase time="0.00600000000000023" classname="pagination_listing" name="pagination_counts_the_right_number_of_lines_when_wrapping_on_keycols_is_present"/>
    <testcase time="0.00500000000000256" classname="pagination_listing" name="pagination_counts_the_right_number_of_lines_when_wrapping_on_keycols_is_present"/>
    <testcase time="0.00399999999999778" classname="pagination_listing" name="pagination_counts_the_right_number_of_lines_when_wrapping_on_keycols_is_present"/>
  </testsuite>
  <testsuite name="pagination_table" timestamp="2026-03-06T15:10:41Z" hostname="733d2eda279d" tests="30" skipped="0" failures="0" errors="0" time="14.269">
    <testcase time="1.824" classname="pagination_table" name="Direct_pagination_with_standard_values"/>
    <testcase time="0.00600000000000023" classname="pagination_table" name="Direct_pagination_with_standard_values"/>
    <testcase time="0.00400000000000489" classname="pagination_table" name="Direct_pagination_with_standard_values"/>
    <testcase time="1.36499999999999" classname="pagination_table" name="Pagination_with_specific_column_widths_and_minimum_lines_per_page"/>
    <testcase time="0.00500000000000256" classname="pagination_table" name="Pagination_with_specific_column_widths_and_minimum_lines_per_page"/>
    <testcase time="0.115000000000002" classname="pagination_table" name="Pagination_with_specific_column_widths_and_minimum_lines_per_page"/>
    <testcase time="1.058" classname="pagination_table" name="Pagination_works_also_if_table_is_decorated"/>
    <testcase time="0.574999999999996" classname="pagination_table" name="Pagination_works_also_if_table_is_decorated"/>
    <testcase time="1.088" classname="pagination_table" name="Pagination_works_also_if_table_is_decorated"/>
    <testcase time="0.619" classname="pagination_table" name="Pagination_works_also_if_table_is_decorated"/>
    <testcase time="1.29" classname="pagination_table" name="Pagination_works_also_if_table_is_decorated"/>
    <testcase time="0.302" classname="pagination_table" name="Pagination_works_also_if_table_is_decorated"/>
    <testcase time="0.00400000000000489" classname="pagination_table" name="Pagination_works_also_if_table_is_decorated"/>
    <testcase time="0.00999999999999801" classname="pagination_table" name="Pagination_works_also_if_table_is_decorated"/>
    <testcase time="0.128" classname="pagination_table" name="Pagination_works_also_if_table_is_decorated"/>
    <testcase time="0.0769999999999982" classname="pagination_table" name="Pagination_works_also_if_table_is_decorated"/>
    <testcase time="0.661000000000001" classname="pagination_table" name="Pagination_works_for_page_types"/>
    <testcase time="0.0640000000000001" classname="pagination_table" name="Pagination_works_for_page_types"/>
    <testcase time="0.670999999999999" classname="pagination_table" name="Pagination_works_for_page_types"/>
    <testcase time="0.0609999999999999" classname="pagination_table" name="Pagination_works_for_page_types"/>
    <testcase time="0.622999999999998" classname="pagination_table" name="Pagination_works_for_page_types"/>
    <testcase time="0.362000000000002" classname="pagination_table" name="Pagination_works_for_page_types"/>
    <testcase time="0.661000000000001" classname="pagination_table" name="Pagination_works_for_page_width_and_height"/>
    <testcase time="0.118000000000002" classname="pagination_table" name="Pagination_works_for_page_width_and_height"/>
    <testcase time="0.753999999999998" classname="pagination_table" name="Pagination_works_for_page_types"/>
    <testcase time="0.148000000000003" classname="pagination_table" name="Pagination_works_for_page_types"/>
    <testcase time="0.925999999999995" classname="pagination_table" name="AET04_variant_2_page_by_pagination_tests"/>
    <testcase time="0.618000000000002" classname="pagination_table" name="AET04_variant_2_page_by_pagination_tests"/>
    <testcase time="0.00300000000000011" classname="pagination_table" name="AET04_variant_2_page_by_pagination_tests"/>
    <testcase time="0.128999999999998" classname="pagination_table" name="AET04_variant_2_page_by_pagination_tests"/>
  </testsuite>
  <testsuite name="table_adat03" timestamp="2026-03-06T15:10:54Z" hostname="733d2eda279d" tests="2" skipped="0" failures="0" errors="0" time="0.6">
    <testcase time="0.469999999999999" classname="table_adat03" name="ADAT03_is_produced_correctly"/>
    <testcase time="0.130000000000003" classname="table_adat03" name="ADAT03_is_produced_correctly"/>
  </testsuite>
  <testsuite name="table_aet01" timestamp="2026-03-06T15:10:54Z" hostname="733d2eda279d" tests="8" skipped="0" failures="0" errors="0" time="1.837">
    <testcase time="0.416000000000004" classname="table_aet01" name="Safety_Summary_Variant_1_works_as_expected"/>
    <testcase time="0.0969999999999942" classname="table_aet01" name="Safety_Summary_Variant_1_works_as_expected"/>
    <testcase time="0.359999999999999" classname="table_aet01" name="Safety_Summary_Variant_2_with_Medical_Concepts_Section_works_as_expected"/>
    <testcase time="0.0960000000000036" classname="table_aet01" name="Safety_Summary_Variant_2_with_Medical_Concepts_Section_works_as_expected"/>
    <testcase time="0.286000000000001" classname="table_aet01" name="Safety_Summary_Variant_3_with_Modified_Rows_works_as_expected"/>
    <testcase time="0.0749999999999957" classname="table_aet01" name="Safety_Summary_Variant_3_with_Modified_Rows_works_as_expected"/>
    <testcase time="0.394000000000005" classname="table_aet01" name="Safety_Summary_Variant_4_with_Rows_Counting_Events_and_Additional_Sections_works_as_expected"/>
    <testcase time="0.113" classname="table_aet01" name="Safety_Summary_Variant_4_with_Rows_Counting_Events_and_Additional_Sections_works_as_expected"/>
  </testsuite>
  <testsuite name="table_aet01_aesi" timestamp="2026-03-06T15:10:56Z" hostname="733d2eda279d" tests="8" skipped="0" failures="0" errors="0" time="2.794">
    <testcase time="0.317999999999998" classname="table_aet01_aesi" name="AET01_AESI_Variant_1_works_as_expected"/>
    <testcase time="0.0859999999999985" classname="table_aet01_aesi" name="AET01_AESI_Variant_1_works_as_expected"/>
    <testcase time="0.532000000000004" classname="table_aet01_aesi" name="AET01_AESI_Variant_2_works_as_expected"/>
    <testcase time="0.134999999999998" classname="table_aet01_aesi" name="AET01_AESI_Variant_2_works_as_expected"/>
    <testcase time="0.738" classname="table_aet01_aesi" name="AET01_AESI_Variant_3_works_as_expected"/>
    <testcase time="0.185000000000002" classname="table_aet01_aesi" name="AET01_AESI_Variant_3_works_as_expected"/>
    <testcase time="0.607999999999997" classname="table_aet01_aesi" name="AET01_AESI_Variant_4_works_as_expected"/>
    <testcase time="0.192" classname="table_aet01_aesi" name="AET01_AESI_Variant_4_works_as_expected"/>
  </testsuite>
  <testsuite name="table_aet02" timestamp="2026-03-06T15:10:59Z" hostname="733d2eda279d" tests="26" skipped="0" failures="0" errors="0" time="8.574">
    <testcase time="0.605000000000004" classname="table_aet02" name="AET02_variant_1_is_produced_correctly"/>
    <testcase time="0.160999999999994" classname="table_aet02" name="AET02_variant_1_is_produced_correctly"/>
    <testcase time="0.425000000000004" classname="table_aet02" name="AET02_variant_1_is_produced_correctly"/>
    <testcase time="0.0929999999999964" classname="table_aet02" name="AET02_variant_1_is_produced_correctly"/>
    <testcase time="0.696000000000005" classname="table_aet02" name="AET02_variant_2_is_produced_correctly"/>
    <testcase time="0.169999999999995" classname="table_aet02" name="AET02_variant_2_is_produced_correctly"/>
    <testcase time="1.003" classname="table_aet02" name="AET02_variant_3_is_produced_correctly"/>
    <testcase time="0.314" classname="table_aet02" name="AET02_variant_3_is_produced_correctly"/>
    <testcase time="0.142000000000003" classname="table_aet02" name="AET02_variant_4_is_produced_correctly"/>
    <testcase time="0.0820000000000007" classname="table_aet02" name="AET02_variant_4_is_produced_correctly"/>
    <testcase time="0.436" classname="table_aet02" name="AET02_variant_5_is_produced_correctly"/>
    <testcase time="0.146999999999998" classname="table_aet02" name="AET02_variant_5_is_produced_correctly"/>
    <testcase time="0.447999999999993" classname="table_aet02" name="AET02_variant_6_is_produced_correctly"/>
    <testcase time="0.0820000000000078" classname="table_aet02" name="AET02_variant_6_is_produced_correctly"/>
    <testcase time="1.026" classname="table_aet02" name="AET02_variant_7_is_produced_correctly"/>
    <testcase time="0.131" classname="table_aet02" name="AET02_variant_7_is_produced_correctly"/>
    <testcase time="0.457000000000008" classname="table_aet02" name="AET02_variant_8_is_produced_correctly"/>
    <testcase time="0.0599999999999881" classname="table_aet02" name="AET02_variant_8_is_produced_correctly"/>
    <testcase time="0.443000000000012" classname="table_aet02" name="AET02_variant_9_is_produced_correctly"/>
    <testcase time="0.0919999999999987" classname="table_aet02" name="AET02_variant_9_is_produced_correctly"/>
    <testcase time="0.439999999999998" classname="table_aet02" name="AET02_variant_10_is_produced_correctly"/>
    <testcase time="0.0939999999999941" classname="table_aet02" name="AET02_variant_10_is_produced_correctly"/>
    <testcase time="0.445999999999998" classname="table_aet02" name="AET02_variant_11_is_produced_correctly"/>
    <testcase time="0.0710000000000122" classname="table_aet02" name="AET02_variant_11_is_produced_correctly"/>
    <testcase time="0.442999999999998" classname="table_aet02" name="AET02_variant_12_is_produced_correctly"/>
    <testcase time="0.0669999999999931" classname="table_aet02" name="AET02_variant_12_is_produced_correctly"/>
  </testsuite>
  <testsuite name="table_aet02_smq" timestamp="2026-03-06T15:11:07Z" hostname="733d2eda279d" tests="4" skipped="0" failures="0" errors="0" time="0.473">
    <testcase time="0.150000000000006" classname="table_aet02_smq" name="AET02SMQ_variant_1_is_produced_correctly"/>
    <testcase time="0.0570000000000022" classname="table_aet02_smq" name="AET02SMQ_variant_1_is_produced_correctly"/>
    <testcase time="0.183999999999997" classname="table_aet02_smq" name="AET02SMQ_variant_2_is_produced_correctly"/>
    <testcase time="0.0819999999999936" classname="table_aet02_smq" name="AET02SMQ_variant_2_is_produced_correctly"/>
  </testsuite>
  <testsuite name="table_aet03" timestamp="2026-03-06T15:11:08Z" hostname="733d2eda279d" tests="6" skipped="0" failures="0" errors="0" time="5.065">
    <testcase time="1.482" classname="table_aet03" name="AET03_variant_1_is_produced_correctly"/>
    <testcase time="0.384" classname="table_aet03" name="AET03_variant_1_is_produced_correctly"/>
    <testcase time="1.3" classname="table_aet03" name="AET03_variant_1_is_produced_correctly"/>
    <testcase time="0.647999999999996" classname="table_aet03" name="AET03_variant_1_is_produced_correctly"/>
    <testcase time="1.033" classname="table_aet03" name="AET03_variant_1_is_produced_correctly"/>
    <testcase time="0.218000000000004" classname="table_aet03" name="AET03_variant_1_is_produced_correctly"/>
  </testsuite>
  <testsuite name="table_aet04" timestamp="2026-03-06T15:11:14Z" hostname="733d2eda279d" tests="30" skipped="0" failures="0" errors="0" time="12.759">
    <testcase time="0.804999999999993" classname="table_aet04" name="AET04_variant_1_is_produced_correctly"/>
    <testcase time="0.299999999999997" classname="table_aet04" name="AET04_variant_1_is_produced_correctly"/>
    <testcase time="0.744000000000014" classname="table_aet04" name="AET04_variant_1_is_produced_correctly"/>
    <testcase time="0.0419999999999874" classname="table_aet04" name="AET04_variant_1_is_produced_correctly"/>
    <testcase time="0.041000000000011" classname="table_aet04" name="AET04_variant_1_is_produced_correctly"/>
    <testcase time="0.706999999999994" classname="table_aet04" name="AET04_variant_2_is_produced_correctly_Fill_in_of_Treatment_Groups_"/>
    <testcase time="0.269000000000005" classname="table_aet04" name="AET04_variant_2_is_produced_correctly_Fill_in_of_Treatment_Groups_"/>
    <testcase time="0.719999999999999" classname="table_aet04" name="AET04_variant_2_is_produced_correctly_Fill_in_of_Treatment_Groups_"/>
    <testcase time="0.0409999999999968" classname="table_aet04" name="AET04_variant_2_is_produced_correctly_Fill_in_of_Treatment_Groups_"/>
    <testcase time="0.0379999999999967" classname="table_aet04" name="AET04_variant_2_is_produced_correctly_Fill_in_of_Treatment_Groups_"/>
    <testcase time="0.756" classname="table_aet04" name="AET04_variant_3_is_produced_correctly_Fill_in_of_Grades_"/>
    <testcase time="0.326999999999998" classname="table_aet04" name="AET04_variant_3_is_produced_correctly_Fill_in_of_Grades_"/>
    <testcase time="0.801000000000002" classname="table_aet04" name="AET04_variant_3_is_produced_correctly_Fill_in_of_Grades_"/>
    <testcase time="0.0450000000000017" classname="table_aet04" name="AET04_variant_3_is_produced_correctly_Fill_in_of_Grades_"/>
    <testcase time="0.039999999999992" classname="table_aet04" name="AET04_variant_3_is_produced_correctly_Fill_in_of_Grades_"/>
    <testcase time="0.749000000000009" classname="table_aet04" name="AET04_variant_4_is_produced_correctly_Collapsing_of_Grades_grades_1_2_grades_3_4_5_"/>
    <testcase time="0.306999999999988" classname="table_aet04" name="AET04_variant_4_is_produced_correctly_Collapsing_of_Grades_grades_1_2_grades_3_4_5_"/>
    <testcase time="0.786000000000001" classname="table_aet04" name="AET04_variant_4_is_produced_correctly_Collapsing_of_Grades_grades_1_2_grades_3_4_5_"/>
    <testcase time="0.804000000000002" classname="table_aet04" name="AET04_variant_6_is_produced_correctly_with_an_Incidence_Rate_of_at_Least_5_totals_restricted_"/>
    <testcase time="0.298999999999992" classname="table_aet04" name="AET04_variant_6_is_produced_correctly_with_an_Incidence_Rate_of_at_Least_5_totals_restricted_"/>
    <testcase time="0.788000000000011" classname="table_aet04" name="AET04_variant_6_is_produced_correctly_with_an_Incidence_Rate_of_at_Least_5_totals_restricted_"/>
    <testcase time="0.0109999999999957" classname="table_aet04" name="AET04_variant_8_is_produced_correctly_with_an_Incidence_Rate_of_at_Least_X_Patients_"/>
    <testcase time="0.296999999999997" classname="table_aet04" name="AET04_variant_8_is_produced_correctly_with_an_Incidence_Rate_of_at_Least_X_Patients_"/>
    <testcase time="0.792000000000002" classname="table_aet04" name="AET04_variant_8_is_produced_correctly_with_an_Incidence_Rate_of_at_Least_X_Patients_"/>
    <testcase time="0.0100000000000051" classname="table_aet04" name="AET04_variant_9_is_produced_correctly_with_a_Difference_in_Incidence_Rate_of_at_Least_X_"/>
    <testcase time="0.331999999999994" classname="table_aet04" name="AET04_variant_9_is_produced_correctly_with_a_Difference_in_Incidence_Rate_of_at_Least_X_"/>
    <testcase time="0.787999999999997" classname="table_aet04" name="AET04_variant_9_is_produced_correctly_with_a_Difference_in_Incidence_Rate_of_at_Least_X_"/>
    <testcase time="0.0100000000000051" classname="table_aet04" name="AET04_variant_11_is_produced_correctly_with_Incidence_Rate_of_at_Least_X_all_SOCs_w_o_preferred_terms_removed_"/>
    <testcase time="0.319000000000003" classname="table_aet04" name="AET04_variant_11_is_produced_correctly_with_Incidence_Rate_of_at_Least_X_all_SOCs_w_o_preferred_terms_removed_"/>
    <testcase time="0.790999999999997" classname="table_aet04" name="AET04_variant_11_is_produced_correctly_with_Incidence_Rate_of_at_Least_X_all_SOCs_w_o_preferred_terms_removed_"/>
  </testsuite>
  <testsuite name="table_aet04_pi" timestamp="2026-03-06T15:11:26Z" hostname="733d2eda279d" tests="18" skipped="0" failures="0" errors="0" time="7.345">
    <testcase time="0.656999999999996" classname="table_aet04_pi" name="AET04_PI_full_table_is_produced_correctly"/>
    <testcase time="0.206999999999994" classname="table_aet04_pi" name="AET04_PI_full_table_is_produced_correctly"/>
    <testcase time="0.683000000000007" classname="table_aet04_pi" name="AET04_PI_variant_1_is_produced_correctly"/>
    <testcase time="0.162000000000006" classname="table_aet04_pi" name="AET04_PI_variant_1_is_produced_correctly"/>
    <testcase time="0.663999999999987" classname="table_aet04_pi" name="AET04_PI_variant_2_is_produced_correctly"/>
    <testcase time="0.118000000000009" classname="table_aet04_pi" name="AET04_PI_variant_2_is_produced_correctly"/>
    <testcase time="0.664000000000001" classname="table_aet04_pi" name="AET04_PI_variant_3_is_produced_correctly"/>
    <testcase time="0.129999999999995" classname="table_aet04_pi" name="AET04_PI_variant_3_is_produced_correctly"/>
    <testcase time="0.683000000000007" classname="table_aet04_pi" name="AET04_PI_variant_4_is_produced_correctly"/>
    <testcase time="0.0859999999999985" classname="table_aet04_pi" name="AET04_PI_variant_4_is_produced_correctly"/>
    <testcase time="0.685999999999993" classname="table_aet04_pi" name="AET04_PI_variant_5_is_produced_correctly"/>
    <testcase time="0.147999999999996" classname="table_aet04_pi" name="AET04_PI_variant_5_is_produced_correctly"/>
    <testcase time="0.829000000000008" classname="table_aet04_pi" name="AET04_PI_variant_6_is_produced_correctly"/>
    <testcase time="0.155000000000001" classname="table_aet04_pi" name="AET04_PI_variant_6_is_produced_correctly"/>
    <testcase time="1.03999999999999" classname="table_aet04_pi" name="AET04_PI_variant_7_is_produced_correctly"/>
    <testcase time="0.131" classname="table_aet04_pi" name="AET04_PI_variant_7_is_produced_correctly"/>
    <testcase time="0.188000000000002" classname="table_aet04_pi" name="AET04_PI_variant_8_is_produced_correctly"/>
    <testcase time="0.114000000000004" classname="table_aet04_pi" name="AET04_PI_variant_8_is_produced_correctly"/>
  </testsuite>
  <testsuite name="table_aet05" timestamp="2026-03-06T15:11:33Z" hostname="733d2eda279d" tests="4" skipped="0" failures="0" errors="0" time="0.266">
    <testcase time="0.114000000000004" classname="table_aet05" name="AET05_variant_1_is_produced_correctly"/>
    <testcase time="0.0450000000000017" classname="table_aet05" name="AET05_variant_1_is_produced_correctly"/>
    <testcase time="0.061000000000007" classname="table_aet05" name="AET05_variant_2_is_produced_correctly"/>
    <testcase time="0.0459999999999923" classname="table_aet05" name="AET05_variant_2_is_produced_correctly"/>
  </testsuite>
  <testsuite name="table_aet05_all" timestamp="2026-03-06T15:11:33Z" hostname="733d2eda279d" tests="4" skipped="0" failures="0" errors="0" time="0.292">
    <testcase time="0.126999999999995" classname="table_aet05_all" name="AET05_ALL_variant_1_is_produced_correctly"/>
    <testcase time="0.0460000000000065" classname="table_aet05_all" name="AET05_ALL_variant_1_is_produced_correctly"/>
    <testcase time="0.0630000000000024" classname="table_aet05_all" name="AET05_ALL_variant_2_is_produced_correctly"/>
    <testcase time="0.0559999999999974" classname="table_aet05_all" name="AET05_ALL_variant_2_is_produced_correctly"/>
  </testsuite>
  <testsuite name="table_aet06" timestamp="2026-03-06T15:11:34Z" hostname="733d2eda279d" tests="6" skipped="0" failures="0" errors="0" time="3.687">
    <testcase time="0.603999999999999" classname="table_aet06" name="AET06_variant_1_is_produced_correctly"/>
    <testcase time="0.189000000000007" classname="table_aet06" name="AET06_variant_1_is_produced_correctly"/>
    <testcase time="0.983999999999995" classname="table_aet06" name="AET06_variant_3_is_produced_correctly"/>
    <testcase time="0.283000000000001" classname="table_aet06" name="AET06_variant_3_is_produced_correctly"/>
    <testcase time="1.288" classname="table_aet06" name="AET06_variant_5_is_produced_correctly"/>
    <testcase time="0.338999999999999" classname="table_aet06" name="AET06_variant_5_is_produced_correctly"/>
  </testsuite>
  <testsuite name="table_aet06_smq" timestamp="2026-03-06T15:11:37Z" hostname="733d2eda279d" tests="4" skipped="0" failures="0" errors="0" time="0.993">
    <testcase time="0.376000000000005" classname="table_aet06_smq" name="AET06_SMQ_variant_1_is_produced_correctly"/>
    <testcase time="0.116" classname="table_aet06_smq" name="AET06_SMQ_variant_1_is_produced_correctly"/>
    <testcase time="0.376999999999995" classname="table_aet06_smq" name="AET06_SMQ_variant_2_is_produced_correctly"/>
    <testcase time="0.124000000000009" classname="table_aet06_smq" name="AET06_SMQ_variant_2_is_produced_correctly"/>
  </testsuite>
  <testsuite name="table_aet07" timestamp="2026-03-06T15:11:38Z" hostname="733d2eda279d" tests="4" skipped="0" failures="0" errors="0" time="0.183">
    <testcase time="0.0599999999999881" classname="table_aet07" name="AET07_variant_1_is_produced_correctly"/>
    <testcase time="0.0290000000000106" classname="table_aet07" name="AET07_variant_1_is_produced_correctly"/>
    <testcase time="0.0649999999999977" classname="table_aet07" name="AET07_variant_2_is_produced_correctly"/>
    <testcase time="0.0289999999999964" classname="table_aet07" name="AET07_variant_2_is_produced_correctly"/>
  </testsuite>
  <testsuite name="table_aet09" timestamp="2026-03-06T15:11:38Z" hostname="733d2eda279d" tests="4" skipped="0" failures="0" errors="0" time="1.968">
    <testcase time="0.567999999999998" classname="table_aet09" name="AET09_variant_1_is_produced_correctly_AE_related_to_study_drug"/>
    <testcase time="0.161000000000001" classname="table_aet09" name="AET09_variant_1_is_produced_correctly_AE_related_to_study_drug"/>
    <testcase time="0.957000000000008" classname="table_aet09" name="AET09_variant_2_is_produced_correctly_AE_related_to_study_drug_including_high_level_terms_"/>
    <testcase time="0.281999999999996" classname="table_aet09" name="AET09_variant_2_is_produced_correctly_AE_related_to_study_drug_including_high_level_terms_"/>
  </testsuite>
  <testsuite name="table_aet09_smq" timestamp="2026-03-06T15:11:40Z" hostname="733d2eda279d" tests="4" skipped="0" failures="0" errors="0" time="0.479">
    <testcase time="0.123999999999995" classname="table_aet09_smq" name="AET09_variant_1_AEs_related_to_study_drug_by_SMQ_is_produced_correctly"/>
    <testcase time="0.0660000000000025" classname="table_aet09_smq" name="AET09_variant_1_AEs_related_to_study_drug_by_SMQ_is_produced_correctly"/>
    <testcase time="0.212000000000003" classname="table_aet09_smq" name="AET09_variant_2_AEs_related_to_study_drug_by_SMQ_with_customized_queries_is_produced_correctly"/>
    <testcase time="0.0769999999999982" classname="table_aet09_smq" name="AET09_variant_2_AEs_related_to_study_drug_by_SMQ_with_customized_queries_is_produced_correctly"/>
  </testsuite>
  <testsuite name="table_aet10" timestamp="2026-03-06T15:11:41Z" hostname="733d2eda279d" tests="2" skipped="0" failures="0" errors="0" time="0.169">
    <testcase time="0.126000000000005" classname="table_aet10" name="AET10_default_variant_is_produced_correctly"/>
    <testcase time="0.0429999999999922" classname="table_aet10" name="AET10_default_variant_is_produced_correctly"/>
  </testsuite>
  <testsuite name="table_aovt01" timestamp="2026-03-06T15:11:41Z" hostname="733d2eda279d" tests="6" skipped="0" failures="0" errors="0" time="1.99">
    <testcase time="0.358999999999995" classname="table_aovt01" name="AOVT01_variant_with_single_endpoint_is_produced_correctly"/>
    <testcase time="0.0810000000000031" classname="table_aovt01" name="AOVT01_variant_with_single_endpoint_is_produced_correctly"/>
    <testcase time="0.625" classname="table_aovt01" name="AOVT01_variant_with_multiple_endpoints_is_produced_correctly"/>
    <testcase time="0.143000000000001" classname="table_aovt01" name="AOVT01_variant_with_multiple_endpoints_is_produced_correctly"/>
    <testcase time="0.647000000000006" classname="table_aovt01" name="AOVT01_variant_with_proportional_weights_is_produced_correctly"/>
    <testcase time="0.134999999999991" classname="table_aovt01" name="AOVT01_variant_with_proportional_weights_is_produced_correctly"/>
  </testsuite>
  <testsuite name="table_aovt02" timestamp="2026-03-06T15:11:43Z" hostname="733d2eda279d" tests="2" skipped="0" failures="0" errors="0" time="0.418">
    <testcase time="0.351000000000013" classname="table_aovt02" name="AOVT02_is_produced_correctly"/>
    <testcase time="0.0669999999999931" classname="table_aovt02" name="AOVT02_is_produced_correctly"/>
  </testsuite>
  <testsuite name="table_aovt03" timestamp="2026-03-06T15:11:43Z" hostname="733d2eda279d" tests="2" skipped="0" failures="0" errors="0" time="0.959">
    <testcase time="0.804000000000002" classname="table_aovt03" name="AOVT03_is_produced_correctly"/>
    <testcase time="0.155000000000001" classname="table_aovt03" name="AOVT03_is_produced_correctly"/>
  </testsuite>
  <testsuite name="table_cfbt01" timestamp="2026-03-06T15:11:45Z" hostname="733d2eda279d" tests="2" skipped="0" failures="0" errors="0" time="0.715">
    <testcase time="0.503" classname="table_cfbt01" name="CFBT01_default_variant_is_produced_correctly"/>
    <testcase time="0.212000000000003" classname="table_cfbt01" name="CFBT01_default_variant_is_produced_correctly"/>
  </testsuite>
  <testsuite name="table_cmht01" timestamp="2026-03-06T15:11:45Z" hostname="733d2eda279d" tests="4" skipped="0" failures="0" errors="0" time="1.729">
    <testcase time="0.406999999999996" classname="table_cmht01" name="CMHT01_variant_1_is_produced_correctly"/>
    <testcase time="0.0710000000000122" classname="table_cmht01" name="CMHT01_variant_1_is_produced_correctly"/>
    <testcase time="1.008" classname="table_cmht01" name="CMHT01_variant_2_is_produced_correctly"/>
    <testcase time="0.242999999999995" classname="table_cmht01" name="CMHT01_variant_2_is_produced_correctly"/>
  </testsuite>
  <testsuite name="table_cmt01" timestamp="2026-03-06T15:11:47Z" hostname="733d2eda279d" tests="8" skipped="0" failures="0" errors="0" time="3.86">
    <testcase time="0.707999999999998" classname="table_cmt01" name="CMT01_default_variant_Concomitant_medications_is_produced_correctly"/>
    <testcase time="0.251000000000005" classname="table_cmt01" name="CMT01_default_variant_Concomitant_medications_is_produced_correctly"/>
    <testcase time="0.769999999999996" classname="table_cmt01" name="CMT01_variant_1_prior_medications_is_produced_correctly"/>
    <testcase time="0.295000000000002" classname="table_cmt01" name="CMT01_variant_1_prior_medications_is_produced_correctly"/>
    <testcase time="0.656000000000006" classname="table_cmt01" name="CMT01_variant_3_Concomitant_medications_is_produced_correctly"/>
    <testcase time="0.225999999999999" classname="table_cmt01" name="CMT01_variant_3_Concomitant_medications_is_produced_correctly"/>
    <testcase time="0.697999999999993" classname="table_cmt01" name="CMT01_variant_4_Concomitant_medications_is_produced_correctly"/>
    <testcase time="0.256" classname="table_cmt01" name="CMT01_variant_4_Concomitant_medications_is_produced_correctly"/>
  </testsuite>
  <testsuite name="table_cmt01a" timestamp="2026-03-06T15:11:51Z" hostname="733d2eda279d" tests="8" skipped="0" failures="0" errors="0" time="5.105">
    <testcase time="1.13300000000001" classname="table_cmt01a" name="CMT01A_variant_1_is_produced_correctly"/>
    <testcase time="0.234999999999999" classname="table_cmt01a" name="CMT01A_variant_1_is_produced_correctly"/>
    <testcase time="0.983999999999995" classname="table_cmt01a" name="CMT01A_variant_2_is_produced_correctly"/>
    <testcase time="0.275999999999996" classname="table_cmt01a" name="CMT01A_variant_2_is_produced_correctly"/>
    <testcase time="1.024" classname="table_cmt01a" name="CMT01A_variant_3_is_produced_correctly"/>
    <testcase time="0.247" classname="table_cmt01a" name="CMT01A_variant_3_is_produced_correctly"/>
    <testcase time="0.995000000000005" classname="table_cmt01a" name="CMT01A_variant_4_is_produced_correctly"/>
    <testcase time="0.210999999999999" classname="table_cmt01a" name="CMT01A_variant_4_is_produced_correctly"/>
  </testsuite>
  <testsuite name="table_cmt01b" timestamp="2026-03-06T15:11:56Z" hostname="733d2eda279d" tests="6" skipped="0" failures="0" errors="0" time="5.446">
    <testcase time="1.608" classname="table_cmt01b" name="CMT01B_variant_1_is_produced_correctly"/>
    <testcase time="0.677999999999997" classname="table_cmt01b" name="CMT01B_variant_1_is_produced_correctly"/>
    <testcase time="1.04299999999999" classname="table_cmt01b" name="CMT01B_variant_2_is_produced_correctly"/>
    <testcase time="0.284000000000006" classname="table_cmt01b" name="CMT01B_variant_2_is_produced_correctly"/>
    <testcase time="1.44500000000001" classname="table_cmt01b" name="CMT01B_variant_4_is_produced_correctly"/>
    <testcase time="0.387999999999991" classname="table_cmt01b" name="CMT01B_variant_4_is_produced_correctly"/>
  </testsuite>
  <testsuite name="table_cmt02_pt" timestamp="2026-03-06T15:12:01Z" hostname="733d2eda279d" tests="2" skipped="0" failures="0" errors="0" time="0.571">
    <testcase time="0.408000000000001" classname="table_cmt02_pt" name="CMT02_PT_default_variant_is_produced_correctly"/>
    <testcase time="0.162999999999997" classname="table_cmt02_pt" name="CMT02_PT_default_variant_is_produced_correctly"/>
  </testsuite>
  <testsuite name="table_coxt01" timestamp="2026-03-06T15:12:02Z" hostname="733d2eda279d" tests="8" skipped="0" failures="0" errors="0" time="1.87">
    <testcase time="0.303000000000011" classname="table_coxt01" name="1._Cox_Regression"/>
    <testcase time="0.0609999999999928" classname="table_coxt01" name="1._Cox_Regression"/>
    <testcase time="0.418000000000006" classname="table_coxt01" name="2._Cox_Regression_with_Interaction_Term_"/>
    <testcase time="0.0989999999999895" classname="table_coxt01" name="2._Cox_Regression_with_Interaction_Term_"/>
    <testcase time="0.39800000000001" classname="table_coxt01" name="3._Cox_Regression_specifying_covariates_"/>
    <testcase time="0.106000000000009" classname="table_coxt01" name="3._Cox_Regression_specifying_covariates_"/>
    <testcase time="0.394999999999996" classname="table_coxt01" name="4._Cox_Regression_setting_strata_ties_and_alpha_level_"/>
    <testcase time="0.0899999999999892" classname="table_coxt01" name="4._Cox_Regression_setting_strata_ties_and_alpha_level_"/>
  </testsuite>
  <testsuite name="table_coxt02" timestamp="2026-03-06T15:12:04Z" hostname="733d2eda279d" tests="4" skipped="0" failures="0" errors="0" time="0.705">
    <testcase time="0.313000000000002" classname="table_coxt02" name="COXT02_default_variant_1_is_produced_correctly"/>
    <testcase time="0.0619999999999976" classname="table_coxt02" name="COXT02_default_variant_1_is_produced_correctly"/>
    <testcase time="0.277000000000001" classname="table_coxt02" name="COXT02_variant_5_is_produced_correctly"/>
    <testcase time="0.0529999999999973" classname="table_coxt02" name="COXT02_variant_5_is_produced_correctly"/>
  </testsuite>
  <testsuite name="table_disclosures" timestamp="2026-03-06T15:12:04Z" hostname="733d2eda279d" tests="12" skipped="0" failures="0" errors="0" time="2.035">
    <testcase time="0.175000000000011" classname="table_disclosures" name="Patient_Disposition_table_is_produced_correctly"/>
    <testcase time="0.0859999999999985" classname="table_disclosures" name="Patient_Disposition_table_is_produced_correctly"/>
    <testcase time="0.242999999999995" classname="table_disclosures" name="Demographic_table_is_produced_correctly"/>
    <testcase time="0.137" classname="table_disclosures" name="Demographic_table_is_produced_correctly"/>
    <testcase time="0.0990000000000038" classname="table_disclosures" name="Enrollment_by_Country_Table_is_produced_correctly"/>
    <testcase time="0.0939999999999941" classname="table_disclosures" name="Enrollment_by_Country_Table_is_produced_correctly"/>
    <testcase time="0.078000000000003" classname="table_disclosures" name="Death_table_is_produced_correctly"/>
    <testcase time="0.0580000000000069" classname="table_disclosures" name="Death_table_is_produced_correctly"/>
    <testcase time="0.387" classname="table_disclosures" name="Table_of_Serious_Adverse_Events_is_produced_correctly_for_one_specific_treatment_arm_"/>
    <testcase time="0.090999999999994" classname="table_disclosures" name="Table_of_Serious_Adverse_Events_is_produced_correctly_for_one_specific_treatment_arm_"/>
    <testcase time="0.460999999999999" classname="table_disclosures" name="Table_of_Non_Serious_Adverse_Events_is_produced_correctly"/>
    <testcase time="0.126000000000005" classname="table_disclosures" name="Table_of_Non_Serious_Adverse_Events_is_produced_correctly"/>
  </testsuite>
  <testsuite name="table_dmt01" timestamp="2026-03-06T15:12:08Z" hostname="733d2eda279d" tests="10" skipped="0" failures="0" errors="0" time="3.125">
    <testcase time="1.52500000000001" classname="table_dmt01" name="DMT01_variant_1_is_produced_correctly"/>
    <testcase time="0.143999999999977" classname="table_dmt01" name="DMT01_variant_1_is_produced_correctly"/>
    <testcase time="0.257000000000005" classname="table_dmt01" name="DMT01_variant_2_is_produced_correctly"/>
    <testcase time="0.135000000000019" classname="table_dmt01" name="DMT01_variant_2_is_produced_correctly"/>
    <testcase time="0.280999999999977" classname="table_dmt01" name="DMT01_variant_3_is_produced_correctly"/>
    <testcase time="0.143000000000001" classname="table_dmt01" name="DMT01_variant_3_is_produced_correctly"/>
    <testcase time="0.225000000000023" classname="table_dmt01" name="DMT01_variant_4_is_produced_correctly"/>
    <testcase time="0.117999999999995" classname="table_dmt01" name="DMT01_variant_4_is_produced_correctly"/>
    <testcase time="0.194999999999993" classname="table_dmt01" name="DMT01_variant_5_is_produced_correctly"/>
    <testcase time="0.102000000000004" classname="table_dmt01" name="DMT01_variant_5_is_produced_correctly"/>
  </testsuite>
  <testsuite name="table_dort01" timestamp="2026-03-06T15:12:10Z" hostname="733d2eda279d" tests="8" skipped="0" failures="0" errors="0" time="1.524">
    <testcase time="0.323000000000008" classname="table_dort01" name="DORT01_variant_1_is_produced_correctly"/>
    <testcase time="0.0889999999999986" classname="table_dort01" name="DORT01_variant_1_is_produced_correctly"/>
    <testcase time="0.283999999999992" classname="table_dort01" name="DORT01_variant_2_selecting_sectons_is_produced_correctly"/>
    <testcase time="0.0910000000000082" classname="table_dort01" name="DORT01_variant_2_selecting_sectons_is_produced_correctly"/>
    <testcase time="0.265999999999991" classname="table_dort01" name="DORT01_variant_3_modifying_conftype_and_alpha_level_is_produced_correctly"/>
    <testcase time="0.0889999999999986" classname="table_dort01" name="DORT01_variant_3_modifying_conftype_and_alpha_level_is_produced_correctly"/>
    <testcase time="0.288000000000011" classname="table_dort01" name="DORT01_variant_4_modifying_time_point_for_the_xx_duration_is_produced_correctly"/>
    <testcase time="0.0939999999999941" classname="table_dort01" name="DORT01_variant_4_modifying_time_point_for_the_xx_duration_is_produced_correctly"/>
  </testsuite>
  <testsuite name="table_dst01" timestamp="2026-03-06T15:12:11Z" hostname="733d2eda279d" tests="6" skipped="0" failures="0" errors="0" time="0.75">
    <testcase time="0.157999999999987" classname="table_dst01" name="DST01_default_variant_is_produced_correctly"/>
    <testcase time="0.0740000000000123" classname="table_dst01" name="DST01_default_variant_is_produced_correctly"/>
    <testcase time="0.254999999999995" classname="table_dst01" name="DST01_variants_2_and_3_are_produced_correctly"/>
    <testcase time="0.0819999999999936" classname="table_dst01" name="DST01_variants_2_and_3_are_produced_correctly"/>
    <testcase time="0.0889999999999986" classname="table_dst01" name="DST01_variants_2_and_3_are_produced_correctly"/>
    <testcase time="0.092000000000013" classname="table_dst01" name="DST01_variants_2_and_3_are_produced_correctly"/>
  </testsuite>
  <testsuite name="table_dtht01" timestamp="2026-03-06T15:12:12Z" hostname="733d2eda279d" tests="8" skipped="0" failures="0" errors="0" time="1.154">
    <testcase time="0.135999999999996" classname="table_dtht01" name="DTHT01_variant_1_is_produced_correctly"/>
    <testcase time="0.0620000000000118" classname="table_dtht01" name="DTHT01_variant_1_is_produced_correctly"/>
    <testcase time="0.295999999999992" classname="table_dtht01" name="DTHT01_variant_2_is_produced_correctly"/>
    <testcase time="0.134999999999991" classname="table_dtht01" name="DTHT01_variant_2_is_produced_correctly"/>
    <testcase time="0.169000000000011" classname="table_dtht01" name="DTHT01_variant_3_is_produced_correctly"/>
    <testcase time="0.0679999999999836" classname="table_dtht01" name="DTHT01_variant_3_is_produced_correctly"/>
    <testcase time="0.207000000000022" classname="table_dtht01" name="DTHT01_variant_4_is_produced_correctly"/>
    <testcase time="0.0809999999999889" classname="table_dtht01" name="DTHT01_variant_4_is_produced_correctly"/>
  </testsuite>
  <testsuite name="table_egt01" timestamp="2026-03-06T15:12:14Z" hostname="733d2eda279d" tests="2" skipped="0" failures="0" errors="0" time="3.588">
    <testcase time="2.77199999999999" classname="table_egt01" name="EGT01_default_variant_is_produced_correctly"/>
    <testcase time="0.816000000000003" classname="table_egt01" name="EGT01_default_variant_is_produced_correctly"/>
  </testsuite>
  <testsuite name="table_egt02" timestamp="2026-03-06T15:12:18Z" hostname="733d2eda279d" tests="4" skipped="0" failures="0" errors="0" time="1.611">
    <testcase time="1.27500000000001" classname="table_egt02" name="_EGT02_1._Regardless_of_Abnormality_at_Baseline"/>
    <testcase time="0.078000000000003" classname="table_egt02" name="_EGT02_1._Regardless_of_Abnormality_at_Baseline"/>
    <testcase time="0.197000000000003" classname="table_egt02" name="_EGT02_2._Among_Subjects_Without_Abnormality_at_Baseline"/>
    <testcase time="0.061000000000007" classname="table_egt02" name="_EGT02_2._Among_Subjects_Without_Abnormality_at_Baseline"/>
  </testsuite>
  <testsuite name="table_egt03" timestamp="2026-03-06T15:12:18Z" hostname="733d2eda279d" tests="8" skipped="0" failures="0" errors="0" time="1.277">
    <testcase time="0.22999999999999" classname="table_egt03" name="EGT03_variant_1_is_produced_correctly"/>
    <testcase time="0.117999999999995" classname="table_egt03" name="EGT03_variant_1_is_produced_correctly"/>
    <testcase time="0.179000000000002" classname="table_egt03" name="EGT03_variant_2_is_produced_correctly"/>
    <testcase time="0.0900000000000034" classname="table_egt03" name="EGT03_variant_2_is_produced_correctly"/>
    <testcase time="0.230999999999995" classname="table_egt03" name="EGT03_variant_3_is_produced_correctly"/>
    <testcase time="0.108000000000004" classname="table_egt03" name="EGT03_variant_3_is_produced_correctly"/>
    <testcase time="0.221000000000004" classname="table_egt03" name="EGT03_variant_4_is_produced_correctly"/>
    <testcase time="0.0999999999999943" classname="table_egt03" name="EGT03_variant_4_is_produced_correctly"/>
  </testsuite>
  <testsuite name="table_egt04" timestamp="2026-03-06T15:12:21Z" hostname="733d2eda279d" tests="2" skipped="0" failures="0" errors="0" time="1.285">
    <testcase time="1.21600000000001" classname="table_egt04" name="EGT04_default_variant_is_produced_correctly"/>
    <testcase time="0.0689999999999884" classname="table_egt04" name="EGT04_default_variant_is_produced_correctly"/>
  </testsuite>
  <testsuite name="table_egt05_qtcat" timestamp="2026-03-06T15:12:22Z" hostname="733d2eda279d" tests="2" skipped="0" failures="0" errors="0" time="2.288">
    <testcase time="1.857" classname="table_egt05_qtcat" name="EGT05_QTCAT_default_variant_is_produced_correctly"/>
    <testcase time="0.431000000000012" classname="table_egt05_qtcat" name="EGT05_QTCAT_default_variant_is_produced_correctly"/>
  </testsuite>
  <testsuite name="table_ent" timestamp="2026-03-06T15:12:23Z" hostname="733d2eda279d" tests="8" skipped="0" failures="0" errors="0" time="15.028">
    <testcase time="3.67099999999999" classname="table_ent" name="ENT01_IT_is_produced_correctly"/>
    <testcase time="0.561000000000007" classname="table_ent" name="ENT01_IT_is_produced_correctly"/>
    <testcase time="2.452" classname="table_ent" name="ENT01a_IT_is_produced_correctly"/>
    <testcase time="0.546999999999997" classname="table_ent" name="ENT01a_IT_is_produced_correctly"/>
    <testcase time="3.93299999999999" classname="table_ent" name="ENT02_IT_is_produced_correctly"/>
    <testcase time="0.608000000000004" classname="table_ent" name="ENT02_IT_is_produced_correctly"/>
    <testcase time="2.672" classname="table_ent" name="ENT02a_IT_is_produced_correctly"/>
    <testcase time="0.584000000000003" classname="table_ent" name="ENT02a_IT_is_produced_correctly"/>
  </testsuite>
  <testsuite name="table_eudrat01" timestamp="2026-03-06T15:12:38Z" hostname="733d2eda279d" tests="2" skipped="0" failures="0" errors="0" time="0.706">
    <testcase time="0.582999999999998" classname="table_eudrat01" name="EUDRAT01_is_produced_correctly"/>
    <testcase time="0.12299999999999" classname="table_eudrat01" name="EUDRAT01_is_produced_correctly"/>
  </testsuite>
  <testsuite name="table_eudrat02" timestamp="2026-03-06T15:12:39Z" hostname="733d2eda279d" tests="2" skipped="0" failures="0" errors="0" time="0.535">
    <testcase time="0.429000000000002" classname="table_eudrat02" name="EUDRAT02_is_produced_correctly"/>
    <testcase time="0.105999999999995" classname="table_eudrat02" name="EUDRAT02_is_produced_correctly"/>
  </testsuite>
  <testsuite name="table_ext01" timestamp="2026-03-06T15:12:39Z" hostname="733d2eda279d" tests="6" skipped="0" failures="0" errors="0" time="2.012">
    <testcase time="0.443999999999988" classname="table_ext01" name="EXT01_default_variant_with_numeric_parameters_is_produced_correctly"/>
    <testcase time="0.167000000000002" classname="table_ext01" name="EXT01_default_variant_with_numeric_parameters_is_produced_correctly"/>
    <testcase time="0.338000000000022" classname="table_ext01" name="EXT01_variant_with_both_numeric_and_categorical_parameters"/>
    <testcase time="0.492999999999995" classname="table_ext01" name="EXT01_variant_with_both_numeric_and_categorical_parameters"/>
    <testcase time="0.365999999999985" classname="table_ext01" name="EXT01_variant_with_user_specified_categories_for_missed_doses"/>
    <testcase time="0.204000000000008" classname="table_ext01" name="EXT01_variant_with_user_specified_categories_for_missed_doses"/>
  </testsuite>
  <testsuite name="table_jnj_tbl1" timestamp="2026-03-06T15:12:41Z" hostname="733d2eda279d" tests="2" skipped="0" failures="0" errors="0" time="0.271">
    <testcase time="0.185000000000002" classname="table_jnj_tbl1" name="DMT01_variant_factor_with_only_Missing_values"/>
    <testcase time="0.0860000000000127" classname="table_jnj_tbl1" name="DMT01_variant_factor_with_only_Missing_values"/>
  </testsuite>
  <testsuite name="table_lbt01" timestamp="2026-03-06T15:12:42Z" hostname="733d2eda279d" tests="2" skipped="0" failures="0" errors="0" time="2.072">
    <testcase time="1.59599999999998" classname="table_lbt01" name="LBT01_default_variant_is_produced_correctly"/>
    <testcase time="0.475999999999999" classname="table_lbt01" name="LBT01_default_variant_is_produced_correctly"/>
  </testsuite>
  <testsuite name="table_lbt02" timestamp="2026-03-06T15:12:44Z" hostname="733d2eda279d" tests="2" skipped="0" failures="0" errors="0" time="1.444">
    <testcase time="0.983000000000004" classname="table_lbt02" name="LBT02_default_variant_is_produced_correctly"/>
    <testcase time="0.461000000000013" classname="table_lbt02" name="LBT02_default_variant_is_produced_correctly"/>
  </testsuite>
  <testsuite name="table_lbt03" timestamp="2026-03-06T15:12:45Z" hostname="733d2eda279d" tests="2" skipped="0" failures="0" errors="0" time="0.26">
    <testcase time="0.180999999999983" classname="table_lbt03" name="LBT03_default_variant_is_produced_correctly"/>
    <testcase time="0.0790000000000077" classname="table_lbt03" name="LBT03_default_variant_is_produced_correctly"/>
  </testsuite>
  <testsuite name="table_lbt04" timestamp="2026-03-06T15:12:46Z" hostname="733d2eda279d" tests="2" skipped="0" failures="0" errors="0" time="1.32">
    <testcase time="1.14400000000001" classname="table_lbt04" name="LBT04_default_variant_is_produced_correctly"/>
    <testcase time="0.175999999999988" classname="table_lbt04" name="LBT04_default_variant_is_produced_correctly"/>
  </testsuite>
  <testsuite name="table_lbt05" timestamp="2026-03-06T15:12:47Z" hostname="733d2eda279d" tests="6" skipped="0" failures="0" errors="0" time="7.053">
    <testcase time="2.26300000000001" classname="table_lbt05" name="LBT05_variant_1_is_produced_correctly"/>
    <testcase time="0.379000000000019" classname="table_lbt05" name="LBT05_variant_1_is_produced_correctly"/>
    <testcase time="1.61399999999998" classname="table_lbt05" name="LBT05_variant_2_is_produced_correctly"/>
    <testcase time="0.463000000000022" classname="table_lbt05" name="LBT05_variant_2_is_produced_correctly"/>
    <testcase time="1.99199999999999" classname="table_lbt05" name="LBT05_variant_4_is_produced_correctly"/>
    <testcase time="0.341999999999985" classname="table_lbt05" name="LBT05_variant_4_is_produced_correctly"/>
  </testsuite>
  <testsuite name="table_lbt06" timestamp="2026-03-06T15:12:54Z" hostname="733d2eda279d" tests="2" skipped="0" failures="0" errors="0" time="0.545">
    <testcase time="0.38900000000001" classname="table_lbt06" name="LBT06_default_variant_is_produced_correctly"/>
    <testcase time="0.156000000000006" classname="table_lbt06" name="LBT06_default_variant_is_produced_correctly"/>
  </testsuite>
  <testsuite name="table_lbt07" timestamp="2026-03-06T15:12:55Z" hostname="733d2eda279d" tests="2" skipped="0" failures="0" errors="0" time="2.645">
    <testcase time="2.32299999999998" classname="table_lbt07" name="LBT07_is_produced_correctly"/>
    <testcase time="0.322000000000003" classname="table_lbt07" name="LBT07_is_produced_correctly"/>
  </testsuite>
  <testsuite name="table_lbt08" timestamp="2026-03-06T15:12:57Z" hostname="733d2eda279d" tests="2" skipped="0" failures="0" errors="0" time="0.435">
    <testcase time="0.317000000000007" classname="table_lbt08" name="LBT08_produce_correctly"/>
    <testcase time="0.117999999999995" classname="table_lbt08" name="LBT08_produce_correctly"/>
  </testsuite>
  <testsuite name="table_lbt09" timestamp="2026-03-06T15:12:57Z" hostname="733d2eda279d" tests="4" skipped="0" failures="0" errors="0" time="1.084">
    <testcase time="0.403999999999996" classname="table_lbt09" name="LBT09_variant_1_works_as_expected"/>
    <testcase time="0.158000000000015" classname="table_lbt09" name="LBT09_variant_1_works_as_expected"/>
    <testcase time="0.367999999999995" classname="table_lbt09" name="LBT09_variant_2_works_as_expected"/>
    <testcase time="0.153999999999996" classname="table_lbt09" name="LBT09_variant_2_works_as_expected"/>
  </testsuite>
  <testsuite name="table_lbt10" timestamp="2026-03-06T15:12:59Z" hostname="733d2eda279d" tests="4" skipped="0" failures="0" errors="0" time="1.59">
    <testcase time="0.905000000000001" classname="table_lbt10" name="LBT10_variant_1_works_as_expected"/>
    <testcase time="0.0790000000000077" classname="table_lbt10" name="LBT10_variant_1_works_as_expected"/>
    <testcase time="0.546999999999997" classname="table_lbt10" name="LBT10_variant_2_works_as_expected"/>
    <testcase time="0.0589999999999975" classname="table_lbt10" name="LBT10_variant_2_works_as_expected"/>
  </testsuite>
  <testsuite name="table_lbt10_bl" timestamp="2026-03-06T15:13:00Z" hostname="733d2eda279d" tests="4" skipped="0" failures="0" errors="0" time="0.594">
    <testcase time="0.308999999999997" classname="table_lbt10_bl" name="LBT10_BL_variant_1_works_as_expected"/>
    <testcase time="0.0769999999999982" classname="table_lbt10_bl" name="LBT10_BL_variant_1_works_as_expected"/>
    <testcase time="0.157000000000011" classname="table_lbt10_bl" name="LBT10_BL_variant_2_works_as_expected"/>
    <testcase time="0.0509999999999877" classname="table_lbt10_bl" name="LBT10_BL_variant_2_works_as_expected"/>
  </testsuite>
  <testsuite name="table_lbt11" timestamp="2026-03-06T15:13:01Z" hostname="733d2eda279d" tests="6" skipped="0" failures="0" errors="0" time="0.866">
    <testcase time="0.228000000000009" classname="table_lbt11" name="LBT11_variant_1_works_as_expected"/>
    <testcase time="0.113" classname="table_lbt11" name="LBT11_variant_1_works_as_expected"/>
    <testcase time="0.105999999999995" classname="table_lbt11" name="LBT11_variant_2_works_as_expected"/>
    <testcase time="0.100999999999999" classname="table_lbt11" name="LBT11_variant_2_works_as_expected"/>
    <testcase time="0.203000000000003" classname="table_lbt11" name="LBT11_variant_3_works_as_expected"/>
    <testcase time="0.115000000000009" classname="table_lbt11" name="LBT11_variant_3_works_as_expected"/>
  </testsuite>
  <testsuite name="table_lbt11_bl" timestamp="2026-03-06T15:13:02Z" hostname="733d2eda279d" tests="6" skipped="0" failures="0" errors="0" time="0.968">
    <testcase time="0.265999999999991" classname="table_lbt11_bl" name="LBT11_BL_variant_1_works_as_expected"/>
    <testcase time="0.0860000000000127" classname="table_lbt11_bl" name="LBT11_BL_variant_1_works_as_expected"/>
    <testcase time="0.150999999999982" classname="table_lbt11_bl" name="LBT11_BL_variant_2_works_as_expected"/>
    <testcase time="0.0900000000000034" classname="table_lbt11_bl" name="LBT11_BL_variant_2_works_as_expected"/>
    <testcase time="0.251000000000005" classname="table_lbt11_bl" name="LBT11_BL_variant_3_works_as_expected"/>
    <testcase time="0.123999999999995" classname="table_lbt11_bl" name="LBT11_BL_variant_3_works_as_expected"/>
  </testsuite>
  <testsuite name="table_lbt12" timestamp="2026-03-06T15:13:03Z" hostname="733d2eda279d" tests="2" skipped="0" failures="0" errors="0" time="0.464">
    <testcase time="0.388000000000005" classname="table_lbt12" name="LBT12_works_as_expected"/>
    <testcase time="0.0759999999999934" classname="table_lbt12" name="LBT12_works_as_expected"/>
  </testsuite>
  <testsuite name="table_lbt12_bl" timestamp="2026-03-06T15:13:03Z" hostname="733d2eda279d" tests="2" skipped="0" failures="0" errors="0" time="0.449">
    <testcase time="0.367999999999995" classname="table_lbt12_bl" name="LBT12_BL_works_as_expected"/>
    <testcase time="0.0810000000000173" classname="table_lbt12_bl" name="LBT12_BL_works_as_expected"/>
  </testsuite>
  <testsuite name="table_lbt13" timestamp="2026-03-06T15:13:04Z" hostname="733d2eda279d" tests="10" skipped="0" failures="0" errors="0" time="2.94">
    <testcase time="1.149" classname="table_lbt13" name="LBT13_variant_1_LOW_works_as_expected"/>
    <testcase time="0.0769999999999982" classname="table_lbt13" name="LBT13_variant_1_LOW_works_as_expected"/>
    <testcase time="0.161000000000001" classname="table_lbt13" name="LBT13_variant_2_HIGH_works_as_expected"/>
    <testcase time="0.338999999999999" classname="table_lbt13" name="LBT13_variant_2_HIGH_works_as_expected"/>
    <testcase time="0.248999999999995" classname="table_lbt13" name="LBT13_variant_3_LOW_without_baseline_missing_works_as_expected"/>
    <testcase time="0.0829999999999984" classname="table_lbt13" name="LBT13_variant_3_LOW_without_baseline_missing_works_as_expected"/>
    <testcase time="0.157000000000011" classname="table_lbt13" name="LBT13_variant_4_HIGH_with_missing_baseline_considered_as_grade_0_works_as_expected"/>
    <testcase time="0.0519999999999925" classname="table_lbt13" name="LBT13_variant_4_HIGH_with_missing_baseline_considered_as_grade_0_works_as_expected"/>
    <testcase time="0.467999999999989" classname="table_lbt13" name="LBT14_variant_5_HIGH_with_filled_in_grades_works_as_expected"/>
    <testcase time="0.205000000000013" classname="table_lbt13" name="LBT14_variant_5_HIGH_with_filled_in_grades_works_as_expected"/>
  </testsuite>
  <testsuite name="table_lbt14" timestamp="2026-03-06T15:13:07Z" hostname="733d2eda279d" tests="10" skipped="0" failures="0" errors="0" time="32.669">
    <testcase time="6.49799999999999" classname="table_lbt14" name="LBT14_variant_1_HIGH_works_as_expected"/>
    <testcase time="0.466000000000008" classname="table_lbt14" name="LBT14_variant_1_HIGH_works_as_expected"/>
    <testcase time="6.13800000000001" classname="table_lbt14" name="LBT14_variant_2_LOW_works_as_expected"/>
    <testcase time="0.338999999999999" classname="table_lbt14" name="LBT14_variant_2_LOW_works_as_expected"/>
    <testcase time="4.22499999999999" classname="table_lbt14" name="LBT14_variant_3_LOW_without_baseline_missing_works_as_expected"/>
    <testcase time="0.483000000000004" classname="table_lbt14" name="LBT14_variant_3_LOW_without_baseline_missing_works_as_expected"/>
    <testcase time="5.541" classname="table_lbt14" name="LBT14_variant_4_LOW_and_force_1_missing_both_baseline_and_post_baseline_then_force_the_missing_baseline_as_0_as_expected"/>
    <testcase time="0.242999999999995" classname="table_lbt14" name="LBT14_variant_4_LOW_and_force_1_missing_both_baseline_and_post_baseline_then_force_the_missing_baseline_as_0_as_expected"/>
    <testcase time="5.96700000000001" classname="table_lbt14" name="LBT14_variant_5_HIGH_with_fillings_works_as_expected"/>
    <testcase time="2.76900000000001" classname="table_lbt14" name="LBT14_variant_5_HIGH_with_fillings_works_as_expected"/>
  </testsuite>
  <testsuite name="table_lbt15" timestamp="2026-03-06T15:13:39Z" hostname="733d2eda279d" tests="4" skipped="0" failures="0" errors="0" time="1.684">
    <testcase time="0.675999999999988" classname="table_lbt15" name="LBT15_variant_1_works_as_expected"/>
    <testcase time="0.201999999999998" classname="table_lbt15" name="LBT15_variant_1_works_as_expected"/>
    <testcase time="0.602000000000004" classname="table_lbt15" name="LBT15_variant_2_works_as_expected"/>
    <testcase time="0.204000000000008" classname="table_lbt15" name="LBT15_variant_2_works_as_expected"/>
  </testsuite>
  <testsuite name="table_lgrt02" timestamp="2026-03-06T15:13:41Z" hostname="733d2eda279d" tests="8" skipped="0" failures="0" errors="0" time="3.619">
    <testcase time="0.60899999999998" classname="table_lgrt02" name="LGRT02_without_interaction_term_is_produced_correctly"/>
    <testcase time="0.150000000000006" classname="table_lgrt02" name="LGRT02_without_interaction_term_is_produced_correctly"/>
    <testcase time="0.742999999999995" classname="table_lgrt02" name="LGRT02_with_categorical_interaction_is_produced_correctly"/>
    <testcase time="0.183000000000021" classname="table_lgrt02" name="LGRT02_with_categorical_interaction_is_produced_correctly"/>
    <testcase time="0.740999999999985" classname="table_lgrt02" name="LGRT02_with_continuous_interaction_is_produced_correctly"/>
    <testcase time="0.180000000000007" classname="table_lgrt02" name="LGRT02_with_continuous_interaction_is_produced_correctly"/>
    <testcase time="0.585999999999984" classname="table_lgrt02" name="LGRT02_with_setting_values_indicating_an_event_and_custom_alpha_level_is_produced_correctly"/>
    <testcase time="0.427000000000021" classname="table_lgrt02" name="LGRT02_with_setting_values_indicating_an_event_and_custom_alpha_level_is_produced_correctly"/>
  </testsuite>
  <testsuite name="table_mht01" timestamp="2026-03-06T15:13:44Z" hostname="733d2eda279d" tests="8" skipped="0" failures="0" errors="0" time="1.437">
    <testcase time="0.328000000000003" classname="table_mht01" name="MHT01_variant_1_is_produced_accurately"/>
    <testcase time="0.103999999999985" classname="table_mht01" name="MHT01_variant_1_is_produced_accurately"/>
    <testcase time="0.108000000000004" classname="table_mht01" name="MHT01_variant_2_is_produced_accurately"/>
    <testcase time="0.0550000000000068" classname="table_mht01" name="MHT01_variant_2_is_produced_accurately"/>
    <testcase time="0.266999999999996" classname="table_mht01" name="MHT01_variant_3_is_produced_accurately"/>
    <testcase time="0.0999999999999943" classname="table_mht01" name="MHT01_variant_3_is_produced_accurately"/>
    <testcase time="0.342999999999989" classname="table_mht01" name="MHT01_variant_5_is_produced_accurately"/>
    <testcase time="0.132000000000005" classname="table_mht01" name="MHT01_variant_5_is_produced_accurately"/>
  </testsuite>
  <testsuite name="table_onct05" timestamp="2026-03-06T15:13:46Z" hostname="733d2eda279d" tests="10" skipped="0" failures="0" errors="0" time="2.702">
    <testcase time="0.50200000000001" classname="table_onct05" name="ONCT05_variant_1_Objective_Response_Rate_by_Subgroup_is_produced_correctly"/>
    <testcase time="0.0929999999999893" classname="table_onct05" name="ONCT05_variant_1_Objective_Response_Rate_by_Subgroup_is_produced_correctly"/>
    <testcase time="0.498000000000019" classname="table_onct05" name="ONCT05_variant_2_Specifying_class_variables_is_produced_correctly"/>
    <testcase time="0.0979999999999848" classname="table_onct05" name="ONCT05_variant_2_Specifying_class_variables_is_produced_correctly"/>
    <testcase time="0.233000000000004" classname="table_onct05" name="ONCT05_variant_3_selecting_columns_and_changing_the_alpha_level_is_produced_correctly"/>
    <testcase time="0.0649999999999977" classname="table_onct05" name="ONCT05_variant_3_selecting_columns_and_changing_the_alpha_level_is_produced_correctly"/>
    <testcase time="0.480999999999995" classname="table_onct05" name="ONCT05_variant_4_setting_values_indicating_response_is_produced_correctly"/>
    <testcase time="0.105999999999995" classname="table_onct05" name="ONCT05_variant_4_setting_values_indicating_response_is_produced_correctly"/>
    <testcase time="0.519000000000005" classname="table_onct05" name="ONCT05_with_risk_difference_column_is_produced_correctly"/>
    <testcase time="0.106999999999999" classname="table_onct05" name="ONCT05_with_risk_difference_column_is_produced_correctly"/>
  </testsuite>
  <testsuite name="table_pdt01" timestamp="2026-03-06T15:13:49Z" hostname="733d2eda279d" tests="2" skipped="0" failures="0" errors="0" time="0.438">
    <testcase time="0.305000000000007" classname="table_pdt01" name="PDT01_is_produced_correctly"/>
    <testcase time="0.13300000000001" classname="table_pdt01" name="PDT01_is_produced_correctly"/>
  </testsuite>
  <testsuite name="table_pdt02" timestamp="2026-03-06T15:13:49Z" hostname="733d2eda279d" tests="2" skipped="0" failures="0" errors="0" time="0.23">
    <testcase time="0.172999999999973" classname="table_pdt02" name="PDT02_is_produced_correctly"/>
    <testcase time="0.0570000000000164" classname="table_pdt02" name="PDT02_is_produced_correctly"/>
  </testsuite>
  <testsuite name="table_pkct01" timestamp="2026-03-06T15:13:49Z" hostname="733d2eda279d" tests="10" skipped="0" failures="0" errors="0" time="3.281">
    <testcase time="0.293000000000006" classname="table_pkct01" name="PKCT01_is_produced_correctly"/>
    <testcase time="0.070999999999998" classname="table_pkct01" name="PKCT01_is_produced_correctly"/>
    <testcase time="0.150999999999982" classname="table_pkct01" name="PKCT01_is_produced_correctly"/>
    <testcase time="0.0409999999999968" classname="table_pkct01" name="PKCT01_is_produced_correctly"/>
    <testcase time="1.04000000000002" classname="table_pkct01" name="Specific_PKCT01_features_are_present"/>
    <testcase time="0.199999999999989" classname="table_pkct01" name="Specific_PKCT01_features_are_present"/>
    <testcase time="0.224999999999994" classname="table_pkct01" name="Specific_PKCT01_features_are_present"/>
    <testcase time="0.00300000000001432" classname="table_pkct01" name="Specific_PKCT01_features_are_present"/>
    <testcase time="0.691000000000003" classname="table_pkct01" name="Specific_PKCT01_features_are_present"/>
    <testcase time="0.566000000000003" classname="table_pkct01" name="Specific_PKCT01_features_are_present"/>
  </testsuite>
  <testsuite name="table_pkpt02" timestamp="2026-03-06T15:13:52Z" hostname="733d2eda279d" tests="2" skipped="0" failures="0" errors="0" time="0.589">
    <testcase time="0.383999999999986" classname="table_pkpt02" name="PKPT02_is_produced_correctly_for_Drug_X"/>
    <testcase time="0.205000000000013" classname="table_pkpt02" name="PKPT02_is_produced_correctly_for_Drug_X"/>
  </testsuite>
  <testsuite name="table_pkpt03" timestamp="2026-03-06T15:13:53Z" hostname="733d2eda279d" tests="2" skipped="0" failures="0" errors="0" time="1.24">
    <testcase time="1.03299999999999" classname="table_pkpt03" name="PKPT03_Drug_X_is_produced_correctly"/>
    <testcase time="0.206999999999994" classname="table_pkpt03" name="PKPT03_Drug_X_is_produced_correctly"/>
  </testsuite>
  <testsuite name="table_pkpt04" timestamp="2026-03-06T15:13:54Z" hostname="733d2eda279d" tests="2" skipped="0" failures="0" errors="0" time="0.198">
    <testcase time="0.116000000000014" classname="table_pkpt04" name="PKPT04_is_produced_correctly_for_Drug_X"/>
    <testcase time="0.0819999999999936" classname="table_pkpt04" name="PKPT04_is_produced_correctly_for_Drug_X"/>
  </testsuite>
  <testsuite name="table_pkpt05" timestamp="2026-03-06T15:13:54Z" hostname="733d2eda279d" tests="2" skipped="0" failures="0" errors="0" time="0.467">
    <testcase time="0.356999999999999" classname="table_pkpt05" name="PKPT05_Drug_X_is_produced_correctly"/>
    <testcase time="0.110000000000014" classname="table_pkpt05" name="PKPT05_Drug_X_is_produced_correctly"/>
  </testsuite>
  <testsuite name="table_pkpt06" timestamp="2026-03-06T15:13:55Z" hostname="733d2eda279d" tests="4" skipped="0" failures="0" errors="0" time="0.267">
    <testcase time="0.10499999999999" classname="table_pkpt06" name="PKPT06_is_produced_correctly_for_Drug_X"/>
    <testcase time="0.0480000000000018" classname="table_pkpt06" name="PKPT06_is_produced_correctly_for_Drug_X"/>
    <testcase time="0.0730000000000075" classname="table_pkpt06" name="PKPT06_is_produced_correctly_for_Drug_Y"/>
    <testcase time="0.0409999999999968" classname="table_pkpt06" name="PKPT06_is_produced_correctly_for_Drug_Y"/>
  </testsuite>
  <testsuite name="table_pkpt07" timestamp="2026-03-06T15:13:55Z" hostname="733d2eda279d" tests="4" skipped="0" failures="0" errors="0" time="0.554">
    <testcase time="0.236999999999995" classname="table_pkpt07" name="PKPT07_Drug_X_is_produced_correctly"/>
    <testcase time="0.104000000000013" classname="table_pkpt07" name="PKPT07_Drug_X_is_produced_correctly"/>
    <testcase time="0.139999999999986" classname="table_pkpt07" name="PKPT07_Drug_Y_is_produced_correctly"/>
    <testcase time="0.0730000000000075" classname="table_pkpt07" name="PKPT07_Drug_Y_is_produced_correctly"/>
  </testsuite>
[...]
    <testcase time="9.822" classname="tsfae22apart1" name="tsfae22apart1of4"/>
  </testsuite>
  <testsuite name="tsfae22apart2" timestamp="2026-03-06T15:18:35Z" hostname="733d2eda279d" tests="1" skipped="0" failures="0" errors="0" time="9.388">
    <testcase time="9.38799999999992" classname="tsfae22apart2" name="tsfae22apart2of4"/>
  </testsuite>
  <testsuite name="tsfae22apart3" timestamp="2026-03-06T15:18:44Z" hostname="733d2eda279d" tests="1" skipped="0" failures="0" errors="0" time="9.522">
    <testcase time="9.52200000000005" classname="tsfae22apart3" name="tsfae22apart3of4"/>
  </testsuite>
  <testsuite name="tsfae22apart4" timestamp="2026-03-06T15:18:54Z" hostname="733d2eda279d" tests="1" skipped="0" failures="0" errors="0" time="9.552">
    <testcase time="9.55200000000002" classname="tsfae22apart4" name="tsfae22apart4of4"/>
  </testsuite>
  <testsuite name="tsfae22bpart1" timestamp="2026-03-06T15:19:03Z" hostname="733d2eda279d" tests="1" skipped="0" failures="0" errors="0" time="6.141">
    <testcase time="6.14099999999996" classname="tsfae22bpart1" name="tsfae22bpart1of2"/>
  </testsuite>
  <testsuite name="tsfae22bpart2" timestamp="2026-03-06T15:19:09Z" hostname="733d2eda279d" tests="1" skipped="0" failures="0" errors="0" time="5.809">
    <testcase time="5.80899999999997" classname="tsfae22bpart2" name="tsfae22bpart2of2"/>
  </testsuite>
  <testsuite name="tsfae22cpart1" timestamp="2026-03-06T15:19:15Z" hostname="733d2eda279d" tests="1" skipped="0" failures="0" errors="0" time="8.237">
    <testcase time="8.23700000000008" classname="tsfae22cpart1" name="tsfae22cpart1of4"/>
  </testsuite>
  <testsuite name="tsfae22cpart2" timestamp="2026-03-06T15:19:24Z" hostname="733d2eda279d" tests="1" skipped="0" failures="0" errors="0" time="8.312">
    <testcase time="8.31200000000001" classname="tsfae22cpart2" name="tsfae22cpart2of4"/>
  </testsuite>
  <testsuite name="tsfae22cpart3" timestamp="2026-03-06T15:19:32Z" hostname="733d2eda279d" tests="1" skipped="0" failures="0" errors="0" time="8.362">
    <testcase time="8.36199999999997" classname="tsfae22cpart3" name="tsfae22cpart3of4"/>
  </testsuite>
  <testsuite name="tsfae22cpart4" timestamp="2026-03-06T15:19:40Z" hostname="733d2eda279d" tests="1" skipped="0" failures="0" errors="0" time="8.554">
    <testcase time="8.55399999999997" classname="tsfae22cpart4" name="tsfae22cpart4of4"/>
  </testsuite>
  <testsuite name="tsfae23a" timestamp="2026-03-06T15:19:49Z" hostname="733d2eda279d" tests="1" skipped="0" failures="0" errors="0" time="0.845">
    <testcase time="0.845000000000027" classname="tsfae23a" name="tsfae23a"/>
  </testsuite>
  <testsuite name="tsfae23b" timestamp="2026-03-06T15:19:50Z" hostname="733d2eda279d" tests="1" skipped="0" failures="0" errors="0" time="0.375">
    <testcase time="0.375" classname="tsfae23b" name="tsfae23b"/>
  </testsuite>
  <testsuite name="tsfae23c" timestamp="2026-03-06T15:19:50Z" hostname="733d2eda279d" tests="1" skipped="0" failures="0" errors="0" time="0.626">
    <testcase time="0.625999999999976" classname="tsfae23c" name="tsfae23c"/>
  </testsuite>
  <testsuite name="tsfae23d" timestamp="2026-03-06T15:19:51Z" hostname="733d2eda279d" tests="1" skipped="0" failures="0" errors="0" time="0.847">
    <testcase time="0.84699999999998" classname="tsfae23d" name="tsfae23d"/>
  </testsuite>
  <testsuite name="tsfae24a" timestamp="2026-03-06T15:19:51Z" hostname="733d2eda279d" tests="1" skipped="0" failures="0" errors="0" time="0.447">
    <testcase time="0.447000000000003" classname="tsfae24a" name="tsfae24a"/>
  </testsuite>
  <testsuite name="tsfae24b" timestamp="2026-03-06T15:19:52Z" hostname="733d2eda279d" tests="1" skipped="0" failures="0" errors="0" time="0.496">
    <testcase time="0.495999999999981" classname="tsfae24b" name="tsfae24b"/>
  </testsuite>
  <testsuite name="tsfae24c" timestamp="2026-03-06T15:19:52Z" hostname="733d2eda279d" tests="1" skipped="0" failures="0" errors="0" time="2.545">
    <testcase time="2.54500000000007" classname="tsfae24c" name="tsfae24c"/>
  </testsuite>
  <testsuite name="tsfae24d" timestamp="2026-03-06T15:19:55Z" hostname="733d2eda279d" tests="1" skipped="0" failures="0" errors="0" time="2.699">
    <testcase time="2.69899999999996" classname="tsfae24d" name="tsfae24d"/>
  </testsuite>
  <testsuite name="tsfae24fpart1" timestamp="2026-03-06T15:19:58Z" hostname="733d2eda279d" tests="1" skipped="0" failures="0" errors="0" time="12.084">
    <testcase time="12.0840000000001" classname="tsfae24fpart1" name="tsfae24fpart1of3"/>
  </testsuite>
  <testsuite name="tsfae24fpart2" timestamp="2026-03-06T15:20:10Z" hostname="733d2eda279d" tests="1" skipped="0" failures="0" errors="0" time="12.367">
    <testcase time="12.367" classname="tsfae24fpart2" name="tsfae24fpart2of3"/>
  </testsuite>
  <testsuite name="tsfae24fpart3" timestamp="2026-03-06T15:20:22Z" hostname="733d2eda279d" tests="1" skipped="0" failures="0" errors="0" time="11.751">
    <testcase time="11.751" classname="tsfae24fpart3" name="tsfae24fpart3of3"/>
  </testsuite>
  <testsuite name="tsfdth01" timestamp="2026-03-06T15:20:34Z" hostname="733d2eda279d" tests="1" skipped="0" failures="0" errors="0" time="1.227">
    <testcase time="1.22700000000009" classname="tsfdth01" name="tsfdth01"/>
  </testsuite>
  <testsuite name="tsfecg01apart1" timestamp="2026-03-06T15:20:35Z" hostname="733d2eda279d" tests="1" skipped="0" failures="0" errors="0" time="4.561">
    <testcase time="4.56099999999992" classname="tsfecg01apart1" name="tsfecg01a"/>
  </testsuite>
  <testsuite name="tsfecg01apart2" timestamp="2026-03-06T15:20:40Z" hostname="733d2eda279d" tests="1" skipped="0" failures="0" errors="0" time="4.586">
    <testcase time="4.58600000000001" classname="tsfecg01apart2" name="tsfecg01a"/>
  </testsuite>
  <testsuite name="tsfecg01apart3" timestamp="2026-03-06T15:20:44Z" hostname="733d2eda279d" tests="1" skipped="0" failures="0" errors="0" time="4.579">
    <testcase time="4.57900000000006" classname="tsfecg01apart3" name="tsfecg01a"/>
  </testsuite>
  <testsuite name="tsfecg01part1" timestamp="2026-03-06T15:20:49Z" hostname="733d2eda279d" tests="1" skipped="0" failures="0" errors="0" time="9.037">
    <testcase time="9.03699999999992" classname="tsfecg01part1" name="tsfecg01"/>
  </testsuite>
  <testsuite name="tsfecg01part2" timestamp="2026-03-06T15:20:58Z" hostname="733d2eda279d" tests="1" skipped="0" failures="0" errors="0" time="8.59">
    <testcase time="8.59000000000003" classname="tsfecg01part2" name="tsfecg01"/>
  </testsuite>
  <testsuite name="tsfecg02" timestamp="2026-03-06T15:21:06Z" hostname="733d2eda279d" tests="1" skipped="0" failures="0" errors="0" time="3.017">
    <testcase time="3.01700000000005" classname="tsfecg02" name="tsfecg02"/>
  </testsuite>
  <testsuite name="tsfecg03" timestamp="2026-03-06T15:21:09Z" hostname="733d2eda279d" tests="1" skipped="0" failures="0" errors="0" time="0.597">
    <testcase time="0.59699999999998" classname="tsfecg03" name="tsfecg03"/>
  </testsuite>
  <testsuite name="tsfecg04" timestamp="2026-03-06T15:21:10Z" hostname="733d2eda279d" tests="1" skipped="0" failures="0" errors="0" time="2.334">
    <testcase time="2.33399999999995" classname="tsfecg04" name="tsfecg04"/>
  </testsuite>
  <testsuite name="tsfecg05" timestamp="2026-03-06T15:21:12Z" hostname="733d2eda279d" tests="1" skipped="0" failures="0" errors="0" time="1.292">
    <testcase time="1.29200000000003" classname="tsfecg05" name="tsfecg05"/>
  </testsuite>
  <testsuite name="tsflab01apart1" timestamp="2026-03-06T15:21:14Z" hostname="733d2eda279d" tests="1" skipped="0" failures="0" errors="0" time="14.645">
    <testcase time="14.645" classname="tsflab01apart1" name="tsflab01a"/>
  </testsuite>
  <testsuite name="tsflab01apart2" timestamp="2026-03-06T15:21:28Z" hostname="733d2eda279d" tests="1" skipped="0" failures="0" errors="0" time="14.479">
    <testcase time="14.479" classname="tsflab01apart2" name="tsflab01a"/>
  </testsuite>
  <testsuite name="tsflab01apart3" timestamp="2026-03-06T15:21:43Z" hostname="733d2eda279d" tests="1" skipped="0" failures="0" errors="0" time="14.308">
    <testcase time="14.308" classname="tsflab01apart3" name="tsflab01a"/>
  </testsuite>
  <testsuite name="tsflab01part1" timestamp="2026-03-06T15:21:57Z" hostname="733d2eda279d" tests="1" skipped="0" failures="0" errors="0" time="6.263">
    <testcase time="6.26300000000003" classname="tsflab01part1" name="tsflab01"/>
  </testsuite>
  <testsuite name="tsflab01part2" timestamp="2026-03-06T15:22:03Z" hostname="733d2eda279d" tests="1" skipped="0" failures="0" errors="0" time="6.288">
    <testcase time="6.2879999999999" classname="tsflab01part2" name="tsflab01"/>
  </testsuite>
  <testsuite name="tsflab02" timestamp="2026-03-06T15:22:10Z" hostname="733d2eda279d" tests="1" skipped="0" failures="0" errors="0" time="0.95">
    <testcase time="0.950000000000045" classname="tsflab02" name="tsflab02"/>
  </testsuite>
  <testsuite name="tsflab02a" timestamp="2026-03-06T15:22:11Z" hostname="733d2eda279d" tests="1" skipped="0" failures="0" errors="0" time="2.553">
    <testcase time="2.553" classname="tsflab02a" name="tsflab02a"/>
  </testsuite>
  <testsuite name="tsflab02b" timestamp="2026-03-06T15:22:13Z" hostname="733d2eda279d" tests="1" skipped="0" failures="0" errors="0" time="2.113">
    <testcase time="2.11300000000006" classname="tsflab02b" name="tsflab02b"/>
  </testsuite>
  <testsuite name="tsflab03" timestamp="2026-03-06T15:22:15Z" hostname="733d2eda279d" tests="1" skipped="0" failures="0" errors="0" time="3.323">
    <testcase time="3.32299999999998" classname="tsflab03" name="tsflab03"/>
  </testsuite>
  <testsuite name="tsflab03a" timestamp="2026-03-06T15:22:19Z" hostname="733d2eda279d" tests="1" skipped="0" failures="0" errors="0" time="9.765">
    <testcase time="9.76499999999999" classname="tsflab03a" name="tsflab03a"/>
  </testsuite>
  <testsuite name="tsflab04a" timestamp="2026-03-06T15:22:28Z" hostname="733d2eda279d" tests="1" skipped="0" failures="0" errors="0" time="2.673">
    <testcase time="2.673" classname="tsflab04a" name="tsflab04a"/>
  </testsuite>
  <testsuite name="tsflab04b" timestamp="2026-03-06T15:22:31Z" hostname="733d2eda279d" tests="1" skipped="0" failures="0" errors="0" time="1.094">
    <testcase time="1.09399999999994" classname="tsflab04b" name="tsflab04b"/>
  </testsuite>
  <testsuite name="tsflab05" timestamp="2026-03-06T15:22:32Z" hostname="733d2eda279d" tests="1" skipped="0" failures="0" errors="0" time="3.049">
    <testcase time="3.04900000000009" classname="tsflab05" name="tsflab05"/>
  </testsuite>
  <testsuite name="tsflab06" timestamp="2026-03-06T15:22:35Z" hostname="733d2eda279d" tests="1" skipped="0" failures="0" errors="0" time="2.84">
    <testcase time="2.83999999999992" classname="tsflab06" name="tsflab06"/>
  </testsuite>
  <testsuite name="tsflab07" timestamp="2026-03-06T15:22:38Z" hostname="733d2eda279d" tests="1" skipped="0" failures="0" errors="0" time="16.867">
    <testcase time="16.867" classname="tsflab07" name="tsflab07"/>
  </testsuite>
  <testsuite name="tsfvit01apart1" timestamp="2026-03-06T15:22:55Z" hostname="733d2eda279d" tests="1" skipped="0" failures="0" errors="0" time="6.891">
    <testcase time="6.89099999999996" classname="tsfvit01apart1" name="tsfvit01a"/>
  </testsuite>
  <testsuite name="tsfvit01apart2" timestamp="2026-03-06T15:23:02Z" hostname="733d2eda279d" tests="1" skipped="0" failures="0" errors="0" time="7.078">
    <testcase time="7.07799999999997" classname="tsfvit01apart2" name="tsfvit01a"/>
  </testsuite>
  <testsuite name="tsfvit01apart3" timestamp="2026-03-06T15:23:09Z" hostname="733d2eda279d" tests="1" skipped="0" failures="0" errors="0" time="6.623">
    <testcase time="6.62300000000005" classname="tsfvit01apart3" name="tsfvit01a"/>
  </testsuite>
  <testsuite name="tsfvit01apart4" timestamp="2026-03-06T15:23:15Z" hostname="733d2eda279d" tests="1" skipped="0" failures="0" errors="0" time="6.634">
    <testcase time="6.63400000000001" classname="tsfvit01apart4" name="tsfvit01a"/>
  </testsuite>
  <testsuite name="tsfvit01part1" timestamp="2026-03-06T15:23:22Z" hostname="733d2eda279d" tests="1" skipped="0" failures="0" errors="0" time="3.42">
    <testcase time="3.41999999999996" classname="tsfvit01part1" name="tsfvit01"/>
  </testsuite>
  <testsuite name="tsfvit01part2" timestamp="2026-03-06T15:23:26Z" hostname="733d2eda279d" tests="1" skipped="0" failures="0" errors="0" time="3.404">
    <testcase time="3.404" classname="tsfvit01part2" name="tsfvit01"/>
  </testsuite>
  <testsuite name="tsfvit01part3" timestamp="2026-03-06T15:23:29Z" hostname="733d2eda279d" tests="1" skipped="0" failures="0" errors="0" time="3.452">
    <testcase time="3.452" classname="tsfvit01part3" name="tsfvit01"/>
  </testsuite>
  <testsuite name="tsfvit01part4" timestamp="2026-03-06T15:23:32Z" hostname="733d2eda279d" tests="1" skipped="0" failures="0" errors="0" time="3.44">
    <testcase time="3.44000000000005" classname="tsfvit01part4" name="tsfvit01"/>
  </testsuite>
  <testsuite name="tsfvit02" timestamp="2026-03-06T15:23:36Z" hostname="733d2eda279d" tests="1" skipped="0" failures="0" errors="0" time="0.651">
    <testcase time="0.650999999999954" classname="tsfvit02" name="tsfvit02"/>
  </testsuite>
  <testsuite name="tsfvit03" timestamp="2026-03-06T15:23:36Z" hostname="733d2eda279d" tests="1" skipped="0" failures="0" errors="0" time="0.636">
    <testcase time="0.636000000000081" classname="tsfvit03" name="tsfvit03"/>
  </testsuite>
  <testsuite name="tsfvit04" timestamp="2026-03-06T15:23:37Z" hostname="733d2eda279d" tests="1" skipped="0" failures="0" errors="0" time="0.654">
    <testcase time="0.653999999999996" classname="tsfvit04" name="tsfvit04"/>
  </testsuite>
  <testsuite name="tsfvit05" timestamp="2026-03-06T15:23:38Z" hostname="733d2eda279d" tests="1" skipped="0" failures="0" errors="0" time="1.799">
    <testcase time="1.79899999999998" classname="tsfvit05" name="tsfvit05"/>
  </testsuite>
  <testsuite name="tsfvit06" timestamp="2026-03-06T15:23:40Z" hostname="733d2eda279d" tests="1" skipped="0" failures="0" errors="0" time="0.59">
    <testcase time="0.590000000000032" classname="tsfvit06" name="tsfvit06"/>
  </testsuite>
  <testsuite name="tsicm01" timestamp="2026-03-06T15:23:40Z" hostname="733d2eda279d" tests="1" skipped="0" failures="0" errors="0" time="5.592">
    <testcase time="5.59199999999998" classname="tsicm01" name="tsicm01"/>
  </testsuite>
  <testsuite name="tsicm02" timestamp="2026-03-06T15:23:46Z" hostname="733d2eda279d" tests="1" skipped="0" failures="0" errors="0" time="5.261">
    <testcase time="5.26099999999997" classname="tsicm02" name="tsicm02"/>
  </testsuite>
  <testsuite name="tsicm03" timestamp="2026-03-06T15:23:51Z" hostname="733d2eda279d" tests="1" skipped="0" failures="0" errors="0" time="4.18">
    <testcase time="4.18000000000006" classname="tsicm03" name="tsicm03"/>
  </testsuite>
  <testsuite name="tsicm04" timestamp="2026-03-06T15:23:55Z" hostname="733d2eda279d" tests="1" skipped="0" failures="0" errors="0" time="4.147">
    <testcase time="4.14699999999993" classname="tsicm04" name="tsicm04"/>
  </testsuite>
  <testsuite name="tsicm05" timestamp="2026-03-06T15:23:59Z" hostname="733d2eda279d" tests="1" skipped="0" failures="0" errors="0" time="6.884">
    <testcase time="6.88400000000001" classname="tsicm05" name="tsicm05"/>
  </testsuite>
  <testsuite name="tsicm06" timestamp="2026-03-06T15:24:06Z" hostname="733d2eda279d" tests="1" skipped="0" failures="0" errors="0" time="6.983">
    <testcase time="6.98299999999995" classname="tsicm06" name="tsicm06"/>
  </testsuite>
  <testsuite name="tsicm07" timestamp="2026-03-06T15:24:13Z" hostname="733d2eda279d" tests="1" skipped="0" failures="0" errors="0" time="0.672">
    <testcase time="0.672000000000025" classname="tsicm07" name="tsicm07"/>
  </testsuite>
  <testsuite name="tsicm08" timestamp="2026-03-06T15:24:14Z" hostname="733d2eda279d" tests="1" skipped="0" failures="0" errors="0" time="0.662">
    <testcase time="0.662000000000035" classname="tsicm08" name="tsicm08"/>
  </testsuite>
  <testsuite name="tsidem01" timestamp="2026-03-06T15:24:15Z" hostname="733d2eda279d" tests="1" skipped="0" failures="0" errors="0" time="2.369">
    <testcase time="2.36900000000003" classname="tsidem01" name="tsidem01"/>
  </testsuite>
  <testsuite name="tsidem02" timestamp="2026-03-06T15:24:17Z" hostname="733d2eda279d" tests="1" skipped="0" failures="0" errors="0" time="0.768">
    <testcase time="0.767999999999915" classname="tsidem02" name="tsidem02"/>
  </testsuite>
  <testsuite name="tsids01" timestamp="2026-03-06T15:24:18Z" hostname="733d2eda279d" tests="1" skipped="0" failures="0" errors="0" time="0.673">
    <testcase time="0.673000000000002" classname="tsids01" name="tsids01"/>
  </testsuite>
  <testsuite name="tsids02" timestamp="2026-03-06T15:24:18Z" hostname="733d2eda279d" tests="1" skipped="0" failures="0" errors="0" time="1.454">
    <testcase time="1.45400000000006" classname="tsids02" name="tsids02"/>
  </testsuite>
  <testsuite name="tsids02a" timestamp="2026-03-06T15:24:20Z" hostname="733d2eda279d" tests="1" skipped="0" failures="0" errors="0" time="7.323">
    <testcase time="7.32299999999998" classname="tsids02a" name="tsids02a"/>
  </testsuite>
  <testsuite name="tsiex01" timestamp="2026-03-06T15:24:27Z" hostname="733d2eda279d" tests="1" skipped="0" failures="0" errors="0" time="1.449">
    <testcase time="1.44900000000007" classname="tsiex01" name="tsiex01"/>
  </testsuite>
  <testsuite name="tsiex02" timestamp="2026-03-06T15:24:29Z" hostname="733d2eda279d" tests="1" skipped="0" failures="0" errors="0" time="1.319">
    <testcase time="1.31899999999996" classname="tsiex02" name="tsiex02"/>
  </testsuite>
  <testsuite name="tsiex03" timestamp="2026-03-06T15:24:30Z" hostname="733d2eda279d" tests="1" skipped="0" failures="0" errors="0" time="1.019">
    <testcase time="1.01900000000001" classname="tsiex03" name="tsiex03"/>
  </testsuite>
  <testsuite name="tsiex04" timestamp="2026-03-06T15:24:31Z" hostname="733d2eda279d" tests="1" skipped="0" failures="0" errors="0" time="0.846">
    <testcase time="0.846000000000004" classname="tsiex04" name="tsiex04"/>
  </testsuite>
  <testsuite name="tsiex06" timestamp="2026-03-06T15:24:32Z" hostname="733d2eda279d" tests="1" skipped="0" failures="0" errors="0" time="0.395">
    <testcase time="0.394999999999982" classname="tsiex06" name="tsiex06"/>
  </testsuite>
  <testsuite name="tsiex07" timestamp="2026-03-06T15:24:32Z" hostname="733d2eda279d" tests="1" skipped="0" failures="0" errors="0" time="0.563">
    <testcase time="0.562999999999988" classname="tsiex07" name="tsiex07"/>
  </testsuite>
  <testsuite name="tsiex08" timestamp="2026-03-06T15:24:33Z" hostname="733d2eda279d" tests="1" skipped="0" failures="0" errors="0" time="1.266">
    <testcase time="1.26600000000008" classname="tsiex08" name="tsiex08"/>
  </testsuite>
  <testsuite name="tsiex09" timestamp="2026-03-06T15:24:34Z" hostname="733d2eda279d" tests="1" skipped="0" failures="0" errors="0" time="0.593">
    <testcase time="0.592999999999961" classname="tsiex09" name="tsiex09"/>
  </testsuite>
  <testsuite name="tsiex10" timestamp="2026-03-06T15:24:35Z" hostname="733d2eda279d" tests="1" skipped="0" failures="0" errors="0" time="0.58">
    <testcase time="0.580000000000041" classname="tsiex10" name="tsiex10"/>
  </testsuite>
  <testsuite name="tsiex11" timestamp="2026-03-06T15:24:35Z" hostname="733d2eda279d" tests="1" skipped="0" failures="0" errors="0" time="3.07">
    <testcase time="3.06999999999994" classname="tsiex11" name="tsiex11"/>
  </testsuite>
  <testsuite name="tsimh01" timestamp="2026-03-06T15:24:38Z" hostname="733d2eda279d" tests="1" skipped="0" failures="0" errors="0" time="1.115">
    <testcase time="1.11500000000001" classname="tsimh01" name="tsimh01"/>
  </testsuite>
</testsuites>
