<?xml version="1.0" encoding="UTF-8"?>
<testsuites>
  <testsuite name="char-support" timestamp="2025-12-30T13:46:49Z" hostname="362f414124b5" tests="6" skipped="3" failures="0" errors="0" time="3.298">
    <testcase time="1.081" classname="char_support" name="CRITDIR_is_factor_and_one_PARAMCD_is_not_available_on_all_AVISITS"/>
    <testcase time="0.341000000000001" classname="char_support" name="CRITDIR_is_factor_and_one_PARAMCD_is_not_available_on_all_AVISITS">
      <skipped message="Reason: On CRAN ('test-char-support.R:106:1')"/>
    </testcase>
    <testcase time="0.615" classname="char_support" name="CRITDIR_is_not_factor_and_all_PARAMCD_available_on_all_AVISITS"/>
    <testcase time="0.359999999999999" classname="char_support" name="CRITDIR_is_not_factor_and_all_PARAMCD_available_on_all_AVISITS">
      <skipped message="Reason: On CRAN ('test-char-support.R:112:1')"/>
    </testcase>
    <testcase time="0.619" classname="char_support" name="CRITDIR_is_not_factor_and_one_PARAMCD_is_not_available_on_all_AVISITS"/>
    <testcase time="0.282" classname="char_support" name="CRITDIR_is_not_factor_and_one_PARAMCD_is_not_available_on_all_AVISITS">
      <skipped message="Reason: On CRAN ('test-char-support.R:117:1')"/>
    </testcase>
  </testsuite>
  <testsuite name="listing_adal02" timestamp="2025-12-30T13:46:52Z" hostname="362f414124b5" tests="1" skipped="1" failures="0" errors="0" time="0.168">
    <testcase time="0.168000000000001" classname="listing_adal02" name="ADAL02_listing_is_produced_correctly">
      <skipped message="Reason: On CRAN ('test-listing_adal02.R:1:1')"/>
    </testcase>
  </testsuite>
  <testsuite name="listing_ael01" timestamp="2025-12-30T13:46:52Z" hostname="362f414124b5" tests="1" skipped="1" failures="0" errors="0" time="0.126">
    <testcase time="0.125999999999999" classname="listing_ael01" name="AEL01_listing_is_produced_correctly">
      <skipped message="Reason: On CRAN ('test-listing_ael01.R:1:1')"/>
    </testcase>
  </testsuite>
  <testsuite name="listing_ael01_nollt" timestamp="2025-12-30T13:46:52Z" hostname="362f414124b5" tests="1" skipped="1" failures="0" errors="0" time="0.056">
    <testcase time="0.0559999999999992" classname="listing_ael01_nollt" name="AEL01_NOLLT_listing_is_produced_correctly">
      <skipped message="Reason: On CRAN ('test-listing_ael01_nollt.R:1:1')"/>
    </testcase>
  </testsuite>
  <testsuite name="listing_ael02" timestamp="2025-12-30T13:46:52Z" hostname="362f414124b5" tests="1" skipped="1" failures="0" errors="0" time="0.281">
    <testcase time="0.281000000000001" classname="listing_ael02" name="AEL02_listing_is_produced_correctly">
      <skipped message="Reason: On CRAN ('test-listing_ael02.R:1:1')"/>
    </testcase>
  </testsuite>
  <testsuite name="listing_ael02_ed" timestamp="2025-12-30T13:46:53Z" hostname="362f414124b5" tests="1" skipped="1" failures="0" errors="0" time="0.318">
    <testcase time="0.318" classname="listing_ael02_ed" name="AEL02_ED_listing_is_produced_correctly">
      <skipped message="Reason: On CRAN ('test-listing_ael02_ed.R:1:1')"/>
    </testcase>
  </testsuite>
  <testsuite name="listing_ael03" timestamp="2025-12-30T13:46:53Z" hostname="362f414124b5" tests="1" skipped="1" failures="0" errors="0" time="0.273">
    <testcase time="0.273" classname="listing_ael03" name="AEL03_listing_is_produced_correctly">
      <skipped message="Reason: On CRAN ('test-listing_ael03.R:1:1')"/>
    </testcase>
  </testsuite>
  <testsuite name="listing_ael04" timestamp="2025-12-30T13:46:53Z" hostname="362f414124b5" tests="1" skipped="1" failures="0" errors="0" time="0.192">
    <testcase time="0.192" classname="listing_ael04" name="AEL04_listing_is_produced_correctly">
      <skipped message="Reason: On CRAN ('test-listing_ael04.R:1:1')"/>
    </testcase>
  </testsuite>
  <testsuite name="listing_cml01" timestamp="2025-12-30T13:46:53Z" hostname="362f414124b5" tests="1" skipped="1" failures="0" errors="0" time="0.316">
    <testcase time="0.316000000000001" classname="listing_cml01" name="CML01_listing_is_produced_correctly">
      <skipped message="Reason: On CRAN ('test-listing_cml01.R:1:1')"/>
    </testcase>
  </testsuite>
  <testsuite name="listing_cml02a_gl" timestamp="2025-12-30T13:46:54Z" hostname="362f414124b5" tests="1" skipped="1" failures="0" errors="0" time="0.118">
    <testcase time="0.118" classname="listing_cml02a_gl" name="CML02A_GL_listing_is_produced_correctly">
      <skipped message="Reason: On CRAN ('test-listing_cml02a_gl.R:1:1')"/>
    </testcase>
  </testsuite>
  <testsuite name="listing_cml02b_gl" timestamp="2025-12-30T13:46:54Z" hostname="362f414124b5" tests="1" skipped="1" failures="0" errors="0" time="0.162">
    <testcase time="0.161999999999999" classname="listing_cml02b_gl" name="CML02B_GL_listing_is_produced_correctly">
      <skipped message="Reason: On CRAN ('test-listing_cml02b_gl.R:1:1')"/>
    </testcase>
  </testsuite>
  <testsuite name="listing_dsl01" timestamp="2025-12-30T13:46:54Z" hostname="362f414124b5" tests="1" skipped="1" failures="0" errors="0" time="0.16">
    <testcase time="0.16" classname="listing_dsl01" name="DSL01_listing_is_produced_correctly">
      <skipped message="Reason: On CRAN ('test-listing_dsl01.R:1:1')"/>
    </testcase>
  </testsuite>
  <testsuite name="listing_dsl02" timestamp="2025-12-30T13:46:54Z" hostname="362f414124b5" tests="1" skipped="1" failures="0" errors="0" time="0.073">
    <testcase time="0.0730000000000004" classname="listing_dsl02" name="DSL02_listing_is_produced_correctly">
      <skipped message="Reason: On CRAN ('test-listing_dsl02.R:1:1')"/>
    </testcase>
  </testsuite>
  <testsuite name="listing_dsur4" timestamp="2025-12-30T13:46:54Z" hostname="362f414124b5" tests="1" skipped="1" failures="0" errors="0" time="0.096">
    <testcase time="0.0960000000000001" classname="listing_dsur4" name="DSUR4_listing_is_produced_correctly">
      <skipped message="Reason: On CRAN ('test-listing_dsur4.R:1:1')"/>
    </testcase>
  </testsuite>
  <testsuite name="listing_egl01" timestamp="2025-12-30T13:46:54Z" hostname="362f414124b5" tests="1" skipped="1" failures="0" errors="0" time="0.408">
    <testcase time="0.407999999999999" classname="listing_egl01" name="EGL01_listing_is_produced_correctly">
      <skipped message="Reason: On CRAN ('test-listing_egl01.R:1:1')"/>
    </testcase>
  </testsuite>
  <testsuite name="listing_exl01" timestamp="2025-12-30T13:46:55Z" hostname="362f414124b5" tests="1" skipped="1" failures="0" errors="0" time="0.21">
    <testcase time="0.210000000000001" classname="listing_exl01" name="EXL01_listing_is_produced_correctly">
      <skipped message="Reason: On CRAN ('test-listing_exl01.R:1:1')"/>
    </testcase>
  </testsuite>
  <testsuite name="listing_lbl01" timestamp="2025-12-30T13:46:55Z" hostname="362f414124b5" tests="1" skipped="1" failures="0" errors="0" time="0.522">
    <testcase time="0.522" classname="listing_lbl01" name="LBL01_listing_is_produced_correctly">
      <skipped message="Reason: On CRAN ('test-listing_lbl01.R:1:1')"/>
    </testcase>
  </testsuite>
  <testsuite name="listing_lbl01_rls" timestamp="2025-12-30T13:46:55Z" hostname="362f414124b5" tests="1" skipped="1" failures="0" errors="0" time="0.507">
    <testcase time="0.507" classname="listing_lbl01_rls" name="LBL01_RLS_listing_is_produced_correctly">
      <skipped message="Reason: On CRAN ('test-listing_lbl01_rls.R:1:1')"/>
    </testcase>
  </testsuite>
  <testsuite name="listing_lbl02a" timestamp="2025-12-30T13:46:56Z" hostname="362f414124b5" tests="1" skipped="1" failures="0" errors="0" time="0.253">
    <testcase time="0.253" classname="listing_lbl02a" name="LBL02A_listing_is_produced_correctly">
      <skipped message="Reason: On CRAN ('test-listing_lbl02a.R:1:1')"/>
    </testcase>
  </testsuite>
  <testsuite name="listing_lbl02a_rls" timestamp="2025-12-30T13:46:56Z" hostname="362f414124b5" tests="1" skipped="1" failures="0" errors="0" time="0.774">
    <testcase time="0.774000000000001" classname="listing_lbl02a_rls" name="LBL02A_RLS_listing_is_produced_correctly">
      <skipped message="Reason: On CRAN ('test-listing_lbl02a_rls.R:1:1')"/>
    </testcase>
  </testsuite>
  <testsuite name="listing_lbl02b" timestamp="2025-12-30T13:46:57Z" hostname="362f414124b5" tests="1" skipped="1" failures="0" errors="0" time="0.246">
    <testcase time="0.245999999999999" classname="listing_lbl02b" name="LBL02B_listing_is_produced_correctly">
      <skipped message="Reason: On CRAN ('test-listing_lbl02b.R:1:1')"/>
    </testcase>
  </testsuite>
  <testsuite name="listing_mhl01" timestamp="2025-12-30T13:46:57Z" hostname="362f414124b5" tests="1" skipped="1" failures="0" errors="0" time="0.243">
    <testcase time="0.242999999999999" classname="listing_mhl01" name="MHL01_listing_is_produced_correctly">
      <skipped message="Reason: On CRAN ('test-listing_mhl01.R:1:1')"/>
    </testcase>
  </testsuite>
  <testsuite name="listing_oncl01" timestamp="2025-12-30T13:46:58Z" hostname="362f414124b5" tests="1" skipped="1" failures="0" errors="0" time="0.209">
    <testcase time="0.209000000000003" classname="listing_oncl01" name="ONCL01_listing_is_produced_correctly">
      <skipped message="Reason: On CRAN ('test-listing_oncl01.R:1:1')"/>
    </testcase>
  </testsuite>
  <testsuite name="listing_pkcl01" timestamp="2025-12-30T13:46:58Z" hostname="362f414124b5" tests="2" skipped="2" failures="0" errors="0" time="0.497">
    <testcase time="0.173999999999999" classname="listing_pkcl01" name="PKCL01_listing_is_produced_correctly">
      <skipped message="Reason: On CRAN ('test-listing_pkcl01.R:1:1')"/>
    </testcase>
    <testcase time="0.323" classname="listing_pkcl01" name="PKCL01_listing_key_columns_values_are_repeated_when_entries_span_multiple_pages">
      <skipped message="Reason: On CRAN ('test-listing_pkcl01.R:31:1')"/>
    </testcase>
  </testsuite>
  <testsuite name="listing_pkcl02" timestamp="2025-12-30T13:46:58Z" hostname="362f414124b5" tests="1" skipped="1" failures="0" errors="0" time="0.198">
    <testcase time="0.197999999999997" classname="listing_pkcl02" name="PKCL02_listing_is_produced_correctly">
      <skipped message="Reason: On CRAN ('test-listing_pkcl02.R:1:1')"/>
    </testcase>
  </testsuite>
  <testsuite name="listing_pkpl01" timestamp="2025-12-30T13:46:58Z" hostname="362f414124b5" tests="1" skipped="1" failures="0" errors="0" time="0.203">
    <testcase time="0.203000000000003" classname="listing_pkpl01" name="PKPL01_listing_is_produced_correctly">
      <skipped message="Reason: On CRAN ('test-listing_pkpl01.R:1:1')"/>
    </testcase>
  </testsuite>
  <testsuite name="listing_pkpl02" timestamp="2025-12-30T13:46:59Z" hostname="362f414124b5" tests="1" skipped="1" failures="0" errors="0" time="0.123">
    <testcase time="0.122999999999998" classname="listing_pkpl02" name="PKPL02_listing_is_produced_correctly">
      <skipped message="Reason: On CRAN ('test-listing_pkpl02.R:1:1')"/>
    </testcase>
  </testsuite>
  <testsuite name="listing_pkpl04" timestamp="2025-12-30T13:46:59Z" hostname="362f414124b5" tests="1" skipped="1" failures="0" errors="0" time="0.196">
    <testcase time="0.196000000000002" classname="listing_pkpl04" name="PKPL04_listing_is_produced_correctly">
      <skipped message="Reason: On CRAN ('test-listing_pkpl04.R:1:1')"/>
    </testcase>
  </testsuite>
  <testsuite name="listing_vsl01" timestamp="2025-12-30T13:46:59Z" hostname="362f414124b5" tests="1" skipped="1" failures="0" errors="0" time="0.418">
    <testcase time="0.417999999999999" classname="listing_vsl01" name="VSL01_listing_is_produced_correctly">
      <skipped message="Reason: On CRAN ('test-listing_vsl01.R:1:1')"/>
    </testcase>
  </testsuite>
  <testsuite name="lsfae01" timestamp="2025-12-30T13:46:59Z" hostname="362f414124b5" tests="1" skipped="1" failures="0" errors="0" time="0.021">
    <testcase time="0.0210000000000008" classname="lsfae01" name="lsfae01">
      <skipped message="Reason: {envsetup} is not installed. ('test-lsfae01.R:2:3')"/>
    </testcase>
  </testsuite>
  <testsuite name="lsfae02" timestamp="2025-12-30T13:46:59Z" hostname="362f414124b5" tests="1" skipped="1" failures="0" errors="0" time="0.02">
    <testcase time="0.0199999999999996" classname="lsfae02" name="lsfae02">
      <skipped message="Reason: {envsetup} is not installed. ('test-lsfae02.R:2:3')"/>
    </testcase>
  </testsuite>
  <testsuite name="lsfae03" timestamp="2025-12-30T13:46:59Z" hostname="362f414124b5" tests="1" skipped="1" failures="0" errors="0" time="0.019">
    <testcase time="0.0189999999999984" classname="lsfae03" name="lsfae03">
      <skipped message="Reason: {envsetup} is not installed. ('test-lsfae03.R:2:3')"/>
    </testcase>
  </testsuite>
  <testsuite name="lsfae04" timestamp="2025-12-30T13:46:59Z" hostname="362f414124b5" tests="1" skipped="1" failures="0" errors="0" time="0.019">
    <testcase time="0.0190000000000019" classname="lsfae04" name="lsfae04">
      <skipped message="Reason: {envsetup} is not installed. ('test-lsfae04.R:2:3')"/>
    </testcase>
  </testsuite>
  <testsuite name="lsfae05" timestamp="2025-12-30T13:46:59Z" hostname="362f414124b5" tests="1" skipped="1" failures="0" errors="0" time="0.02">
    <testcase time="0.0199999999999996" classname="lsfae05" name="lsfae05">
      <skipped message="Reason: {envsetup} is not installed. ('test-lsfae05.R:2:3')"/>
    </testcase>
  </testsuite>
  <testsuite name="lsfae06a" timestamp="2025-12-30T13:46:59Z" hostname="362f414124b5" tests="1" skipped="1" failures="0" errors="0" time="0.032">
    <testcase time="0.032" classname="lsfae06a" name="lsfae06a">
      <skipped message="Reason: {envsetup} is not installed. ('test-lsfae06a.R:2:3')"/>
    </testcase>
  </testsuite>
  <testsuite name="lsfae06b" timestamp="2025-12-30T13:46:59Z" hostname="362f414124b5" tests="1" skipped="1" failures="0" errors="0" time="0.019">
    <testcase time="0.0189999999999984" classname="lsfae06b" name="lsfae06b">
      <skipped message="Reason: {envsetup} is not installed. ('test-lsfae06b.R:2:3')"/>
    </testcase>
  </testsuite>
  <testsuite name="lsfdth01" timestamp="2025-12-30T13:47:00Z" hostname="362f414124b5" tests="1" skipped="1" failures="0" errors="0" time="0.019">
    <testcase time="0.0190000000000019" classname="lsfdth01" name="lsfdth01">
      <skipped message="Reason: {envsetup} is not installed. ('test-lsfdth01.R:2:3')"/>
    </testcase>
  </testsuite>
  <testsuite name="lsfecg01" timestamp="2025-12-30T13:47:00Z" hostname="362f414124b5" tests="1" skipped="1" failures="0" errors="0" time="0.02">
    <testcase time="0.0199999999999996" classname="lsfecg01" name="lsfecg01">
      <skipped message="Reason: {envsetup} is not installed. ('test-lsfecg01.R:2:3')"/>
    </testcase>
  </testsuite>
  <testsuite name="lsfecg02part1" timestamp="2025-12-30T13:47:00Z" hostname="362f414124b5" tests="1" skipped="1" failures="0" errors="0" time="0.02">
    <testcase time="0.0199999999999996" classname="lsfecg02part1" name="lsfecg02part1of3">
      <skipped message="Reason: {envsetup} is not installed. ('test-lsfecg02part1.R:2:3')"/>
    </testcase>
  </testsuite>
  <testsuite name="lsfecg02part2" timestamp="2025-12-30T13:47:00Z" hostname="362f414124b5" tests="1" skipped="1" failures="0" errors="0" time="0.02">
    <testcase time="0.0199999999999996" classname="lsfecg02part2" name="lsfecg02part2of3">
      <skipped message="Reason: {envsetup} is not installed. ('test-lsfecg02part2.R:2:3')"/>
    </testcase>
  </testsuite>
  <testsuite name="lsfecg02part3" timestamp="2025-12-30T13:47:00Z" hostname="362f414124b5" tests="1" skipped="1" failures="0" errors="0" time="0.02">
    <testcase time="0.0199999999999996" classname="lsfecg02part3" name="lsfecg02part3of3">
      <skipped message="Reason: {envsetup} is not installed. ('test-lsfecg02part3.R:2:3')"/>
    </testcase>
  </testsuite>
  <testsuite name="lsflab01" timestamp="2025-12-30T13:47:00Z" hostname="362f414124b5" tests="1" skipped="1" failures="0" errors="0" time="0.02">
    <testcase time="0.0200000000000031" classname="lsflab01" name="lsflab01">
      <skipped message="Reason: {envsetup} is not installed. ('test-lsflab01.R:2:3')"/>
    </testcase>
  </testsuite>
  <testsuite name="lsfvit01" timestamp="2025-12-30T13:47:00Z" hostname="362f414124b5" tests="1" skipped="1" failures="0" errors="0" time="0.019">
    <testcase time="0.0189999999999984" classname="lsfvit01" name="lsfvit01">
      <skipped message="Reason: {envsetup} is not installed. ('test-lsfvit01.R:2:3')"/>
    </testcase>
  </testsuite>
  <testsuite name="lsfvit02" timestamp="2025-12-30T13:47:00Z" hostname="362f414124b5" tests="1" skipped="1" failures="0" errors="0" time="0.02">
    <testcase time="0.0199999999999996" classname="lsfvit02" name="lsfvit02">
      <skipped message="Reason: {envsetup} is not installed. ('test-lsfvit02.R:2:3')"/>
    </testcase>
  </testsuite>
  <testsuite name="lsicm01" timestamp="2025-12-30T13:47:00Z" hostname="362f414124b5" tests="1" skipped="1" failures="0" errors="0" time="0.019">
    <testcase time="0.0190000000000019" classname="lsicm01" name="lsicm01">
      <skipped message="Reason: {envsetup} is not installed. ('test-lsicm01.R:2:3')"/>
    </testcase>
  </testsuite>
  <testsuite name="lsidem01" timestamp="2025-12-30T13:47:00Z" hostname="362f414124b5" tests="1" skipped="1" failures="0" errors="0" time="0.02">
    <testcase time="0.0199999999999996" classname="lsidem01" name="lsidem01">
      <skipped message="Reason: {envsetup} is not installed. ('test-lsidem01.R:2:3')"/>
    </testcase>
  </testsuite>
  <testsuite name="lsidem02" timestamp="2025-12-30T13:47:00Z" hostname="362f414124b5" tests="1" skipped="1" failures="0" errors="0" time="0.03">
    <testcase time="0.0299999999999976" classname="lsidem02" name="lsidem02">
      <skipped message="Reason: {envsetup} is not installed. ('test-lsidem02.R:2:3')"/>
    </testcase>
  </testsuite>
  <testsuite name="lsids01" timestamp="2025-12-30T13:47:00Z" hostname="362f414124b5" tests="1" skipped="1" failures="0" errors="0" time="0.022">
    <testcase time="0.022000000000002" classname="lsids01" name="lsids01">
      <skipped message="Reason: {envsetup} is not installed. ('test-lsids01.R:2:3')"/>
    </testcase>
  </testsuite>
  <testsuite name="lsids02" timestamp="2025-12-30T13:47:00Z" hostname="362f414124b5" tests="1" skipped="1" failures="0" errors="0" time="0.019">
    <testcase time="0.0189999999999984" classname="lsids02" name="lsids02">
      <skipped message="Reason: {envsetup} is not installed. ('test-lsids02.R:2:3')"/>
    </testcase>
  </testsuite>
  <testsuite name="lsids03" timestamp="2025-12-30T13:47:00Z" hostname="362f414124b5" tests="1" skipped="1" failures="0" errors="0" time="0.019">
    <testcase time="0.0190000000000019" classname="lsids03" name="lsids03">
      <skipped message="Reason: {envsetup} is not installed. ('test-lsids03.R:2:3')"/>
    </testcase>
  </testsuite>
  <testsuite name="lsids04" timestamp="2025-12-30T13:47:00Z" hostname="362f414124b5" tests="1" skipped="1" failures="0" errors="0" time="0.02">
    <testcase time="0.0199999999999996" classname="lsids04" name="lsids04">
      <skipped message="Reason: {envsetup} is not installed. ('test-lsids04.R:2:3')"/>
    </testcase>
  </testsuite>
  <testsuite name="lsids05" timestamp="2025-12-30T13:47:00Z" hostname="362f414124b5" tests="1" skipped="1" failures="0" errors="0" time="0.02">
    <testcase time="0.0199999999999996" classname="lsids05" name="lsids05">
      <skipped message="Reason: {envsetup} is not installed. ('test-lsids05.R:2:3')"/>
    </testcase>
  </testsuite>
  <testsuite name="lsiex01" timestamp="2025-12-30T13:47:00Z" hostname="362f414124b5" tests="1" skipped="1" failures="0" errors="0" time="0.019">
    <testcase time="0.0189999999999984" classname="lsiex01" name="lsiex01">
      <skipped message="Reason: {envsetup} is not installed. ('test-lsiex01.R:2:3')"/>
    </testcase>
  </testsuite>
  <testsuite name="lsiex02" timestamp="2025-12-30T13:47:00Z" hostname="362f414124b5" tests="1" skipped="1" failures="0" errors="0" time="0.019">
    <testcase time="0.0190000000000019" classname="lsiex02" name="lsiex02">
      <skipped message="Reason: {envsetup} is not installed. ('test-lsiex02.R:2:3')"/>
    </testcase>
  </testsuite>
  <testsuite name="lsiex03" timestamp="2025-12-30T13:47:00Z" hostname="362f414124b5" tests="1" skipped="1" failures="0" errors="0" time="0.02">
    <testcase time="0.0199999999999996" classname="lsiex03" name="lsiex03">
      <skipped message="Reason: {envsetup} is not installed. ('test-lsiex03.R:2:3')"/>
    </testcase>
  </testsuite>
  <testsuite name="lsimh01" timestamp="2025-12-30T13:47:00Z" hostname="362f414124b5" tests="1" skipped="1" failures="0" errors="0" time="0.019">
    <testcase time="0.0189999999999984" classname="lsimh01" name="lsimh01">
      <skipped message="Reason: {envsetup} is not installed. ('test-lsimh01.R:2:3')"/>
    </testcase>
  </testsuite>
  <testsuite name="pagination_listing" timestamp="2025-12-30T13:47:00Z" hostname="362f414124b5" tests="13" skipped="0" failures="0" errors="0" time="3.887">
    <testcase time="0.0420000000000016" classname="pagination_listing" name="Direct_pagination_works_fine"/>
    <testcase time="0.628" classname="pagination_listing" name="Direct_pagination_works_fine"/>
    <testcase time="0.00300000000000011" classname="pagination_listing" name="Direct_pagination_works_fine"/>
    <testcase time="0.542000000000002" classname="pagination_listing" name="Direct_pagination_works_fine"/>
    <testcase time="0.920999999999999" classname="pagination_listing" name="Direct_pagination_works_fine"/>
    <testcase time="0.751999999999999" classname="pagination_listing" name="pagination_counts_the_right_number_of_lines_when_wrapping_on_keycols_is_present"/>
    <testcase time="0.00600000000000023" classname="pagination_listing" name="pagination_counts_the_right_number_of_lines_when_wrapping_on_keycols_is_present"/>
    <testcase time="0.00600000000000023" classname="pagination_listing" name="pagination_counts_the_right_number_of_lines_when_wrapping_on_keycols_is_present"/>
    <testcase time="0.00300000000000011" classname="pagination_listing" name="pagination_counts_the_right_number_of_lines_when_wrapping_on_keycols_is_present"/>
    <testcase time="0.971" classname="pagination_listing" name="pagination_counts_the_right_number_of_lines_when_wrapping_on_keycols_is_present"/>
    <testcase time="0.00499999999999901" classname="pagination_listing" name="pagination_counts_the_right_number_of_lines_when_wrapping_on_keycols_is_present"/>
    <testcase time="0.00400000000000134" classname="pagination_listing" name="pagination_counts_the_right_number_of_lines_when_wrapping_on_keycols_is_present"/>
    <testcase time="0.00399999999999778" classname="pagination_listing" name="pagination_counts_the_right_number_of_lines_when_wrapping_on_keycols_is_present"/>
  </testsuite>
  <testsuite name="pagination_table" timestamp="2025-12-30T13:47:05Z" hostname="362f414124b5" tests="21" skipped="6" failures="0" errors="0" time="13.065">
    <testcase time="1.599" classname="pagination_table" name="Direct_pagination_with_standard_values"/>
    <testcase time="0.00400000000000134" classname="pagination_table" name="Direct_pagination_with_standard_values"/>
    <testcase time="0.00400000000000134" classname="pagination_table" name="Direct_pagination_with_standard_values"/>
    <testcase time="1.148" classname="pagination_table" name="Pagination_with_specific_column_widths_and_minimum_lines_per_page"/>
    <testcase time="0.00400000000000134" classname="pagination_table" name="Pagination_with_specific_column_widths_and_minimum_lines_per_page"/>
    <testcase time="0.0919999999999987" classname="pagination_table" name="Pagination_with_specific_column_widths_and_minimum_lines_per_page">
      <skipped message="Reason: On CRAN ('test-pagination_table.R:67:1')"/>
    </testcase>
    <testcase time="0.943000000000001" classname="pagination_table" name="Pagination_works_also_if_table_is_decorated"/>
    <testcase time="0.488" classname="pagination_table" name="Pagination_works_also_if_table_is_decorated"/>
    <testcase time="0.774999999999999" classname="pagination_table" name="Pagination_works_also_if_table_is_decorated"/>
    <testcase time="0.610000000000003" classname="pagination_table" name="Pagination_works_also_if_table_is_decorated"/>
    <testcase time="1.278" classname="pagination_table" name="Pagination_works_also_if_table_is_decorated"/>
    <testcase time="0.309999999999999" classname="pagination_table" name="Pagination_works_also_if_table_is_decorated"/>
    <testcase time="0.00300000000000011" classname="pagination_table" name="Pagination_works_also_if_table_is_decorated"/>
    <testcase time="0.199000000000002" classname="pagination_table" name="Pagination_works_also_if_table_is_decorated">
      <skipped message="Reason: On CRAN ('test-pagination_table.R:93:1')"/>
    </testcase>
    <testcase time="2.374" classname="pagination_table" name="Pagination_works_for_page_types">
      <skipped message="Reason: On CRAN ('test-pagination_table.R:132:1')"/>
    </testcase>
    <testcase time="0.756999999999998" classname="pagination_table" name="Pagination_works_for_page_width_and_height">
      <skipped message="Reason: On CRAN ('test-pagination_table.R:145:1')"/>
    </testcase>
    <testcase time="0.889000000000003" classname="pagination_table" name="Pagination_works_for_page_types">
      <skipped message="Reason: On CRAN ('test-pagination_table.R:152:1')"/>
    </testcase>
    <testcase time="0.890000000000001" classname="pagination_table" name="AET04_variant_2_page_by_pagination_tests"/>
    <testcase time="0.581000000000003" classname="pagination_table" name="AET04_variant_2_page_by_pagination_tests"/>
    <testcase time="0.00199999999999534" classname="pagination_table" name="AET04_variant_2_page_by_pagination_tests"/>
    <testcase time="0.115000000000002" classname="pagination_table" name="AET04_variant_2_page_by_pagination_tests">
      <skipped message="Reason: On CRAN ('test-pagination_table.R:166:1')"/>
    </testcase>
  </testsuite>
  <testsuite name="table_adat03" timestamp="2025-12-30T13:47:17Z" hostname="362f414124b5" tests="2" skipped="1" failures="0" errors="0" time="0.58">
    <testcase time="0.466000000000001" classname="table_adat03" name="ADAT03_is_produced_correctly"/>
    <testcase time="0.113999999999997" classname="table_adat03" name="ADAT03_is_produced_correctly">
      <skipped message="Reason: On CRAN ('test-table_adat03.R:39:1')"/>
    </testcase>
  </testsuite>
  <testsuite name="table_aet01" timestamp="2025-12-30T13:47:17Z" hostname="362f414124b5" tests="8" skipped="4" failures="0" errors="0" time="1.846">
    <testcase time="0.411000000000001" classname="table_aet01" name="Safety_Summary_Variant_1_works_as_expected"/>
    <testcase time="0.0940000000000012" classname="table_aet01" name="Safety_Summary_Variant_1_works_as_expected">
      <skipped message="Reason: On CRAN ('test-table_aet01.R:51:1')"/>
    </testcase>
    <testcase time="0.360999999999997" classname="table_aet01" name="Safety_Summary_Variant_2_with_Medical_Concepts_Section_works_as_expected"/>
    <testcase time="0.0910000000000011" classname="table_aet01" name="Safety_Summary_Variant_2_with_Medical_Concepts_Section_works_as_expected">
      <skipped message="Reason: On CRAN ('test-table_aet01.R:109:1')"/>
    </testcase>
    <testcase time="0.290999999999997" classname="table_aet01" name="Safety_Summary_Variant_3_with_Modified_Rows_works_as_expected"/>
    <testcase time="0.0700000000000003" classname="table_aet01" name="Safety_Summary_Variant_3_with_Modified_Rows_works_as_expected">
      <skipped message="Reason: On CRAN ('test-table_aet01.R:175:1')"/>
    </testcase>
    <testcase time="0.416000000000004" classname="table_aet01" name="Safety_Summary_Variant_4_with_Rows_Counting_Events_and_Additional_Sections_works_as_expected"/>
    <testcase time="0.112000000000002" classname="table_aet01" name="Safety_Summary_Variant_4_with_Rows_Counting_Events_and_Additional_Sections_works_as_expected">
      <skipped message="Reason: On CRAN ('test-table_aet01.R:236:1')"/>
    </testcase>
  </testsuite>
  <testsuite name="table_aet01_aesi" timestamp="2025-12-30T13:47:19Z" hostname="362f414124b5" tests="8" skipped="4" failures="0" errors="0" time="2.751">
    <testcase time="0.314" classname="table_aet01_aesi" name="AET01_AESI_Variant_1_works_as_expected"/>
    <testcase time="0.0790000000000006" classname="table_aet01_aesi" name="AET01_AESI_Variant_1_works_as_expected">
      <skipped message="Reason: On CRAN ('test-table_aet01_aesi.R:87:1')"/>
    </testcase>
    <testcase time="0.511999999999993" classname="table_aet01_aesi" name="AET01_AESI_Variant_2_works_as_expected"/>
    <testcase time="0.117000000000004" classname="table_aet01_aesi" name="AET01_AESI_Variant_2_works_as_expected">
      <skipped message="Reason: On CRAN ('test-table_aet01_aesi.R:118:1')"/>
    </testcase>
    <testcase time="0.734999999999999" classname="table_aet01_aesi" name="AET01_AESI_Variant_3_works_as_expected"/>
    <testcase time="0.18" classname="table_aet01_aesi" name="AET01_AESI_Variant_3_works_as_expected">
      <skipped message="Reason: On CRAN ('test-table_aet01_aesi.R:184:1')"/>
    </testcase>
    <testcase time="0.630000000000003" classname="table_aet01_aesi" name="AET01_AESI_Variant_4_works_as_expected"/>
    <testcase time="0.183999999999997" classname="table_aet01_aesi" name="AET01_AESI_Variant_4_works_as_expected">
      <skipped message="Reason: On CRAN ('test-table_aet01_aesi.R:414:1')"/>
    </testcase>
  </testsuite>
  <testsuite name="table_aet02" timestamp="2025-12-30T13:47:22Z" hostname="362f414124b5" tests="26" skipped="12" failures="0" errors="0" time="8.437">
    <testcase time="0.605000000000004" classname="table_aet02" name="AET02_variant_1_is_produced_correctly"/>
    <testcase time="0.576999999999998" classname="table_aet02" name="AET02_variant_1_is_produced_correctly"/>
    <testcase time="0.103999999999999" classname="table_aet02" name="AET02_variant_1_is_produced_correctly"/>
    <testcase time="0.000999999999997669" classname="table_aet02" name="AET02_variant_1_is_produced_correctly">
      <skipped message="Reason: On CRAN ('test-table_aet02.R:18:1')"/>
    </testcase>
    <testcase time="0.667000000000002" classname="table_aet02" name="AET02_variant_2_is_produced_correctly"/>
    <testcase time="0.161999999999999" classname="table_aet02" name="AET02_variant_2_is_produced_correctly">
      <skipped message="Reason: On CRAN ('test-table_aet02.R:80:1')"/>
    </testcase>
    <testcase time="1.02500000000001" classname="table_aet02" name="AET02_variant_3_is_produced_correctly"/>
    <testcase time="0.300999999999995" classname="table_aet02" name="AET02_variant_3_is_produced_correctly">
      <skipped message="Reason: On CRAN ('test-table_aet02.R:132:1')"/>
    </testcase>
    <testcase time="0.153999999999996" classname="table_aet02" name="AET02_variant_4_is_produced_correctly"/>
    <testcase time="0.0750000000000028" classname="table_aet02" name="AET02_variant_4_is_produced_correctly">
      <skipped message="Reason: On CRAN ('test-table_aet02.R:198:1')"/>
    </testcase>
    <testcase time="0.469999999999999" classname="table_aet02" name="AET02_variant_5_is_produced_correctly"/>
    <testcase time="0.137999999999998" classname="table_aet02" name="AET02_variant_5_is_produced_correctly">
      <skipped message="Reason: On CRAN ('test-table_aet02.R:223:1')"/>
    </testcase>
    <testcase time="0.685000000000002" classname="table_aet02" name="AET02_variant_6_is_produced_correctly"/>
    <testcase time="0.0790000000000006" classname="table_aet02" name="AET02_variant_6_is_produced_correctly">
      <skipped message="Reason: On CRAN ('test-table_aet02.R:270:1')"/>
    </testcase>
    <testcase time="0.917999999999999" classname="table_aet02" name="AET02_variant_7_is_produced_correctly"/>
    <testcase time="0.125999999999998" classname="table_aet02" name="AET02_variant_7_is_produced_correctly">
      <skipped message="Reason: On CRAN ('test-table_aet02.R:317:1')"/>
    </testcase>
    <testcase time="0.402999999999999" classname="table_aet02" name="AET02_variant_8_is_produced_correctly"/>
    <testcase time="0.0609999999999999" classname="table_aet02" name="AET02_variant_8_is_produced_correctly">
      <skipped message="Reason: On CRAN ('test-table_aet02.R:380:1')"/>
    </testcase>
    <testcase time="0.404000000000003" classname="table_aet02" name="AET02_variant_9_is_produced_correctly"/>
    <testcase time="0.0769999999999982" classname="table_aet02" name="AET02_variant_9_is_produced_correctly">
      <skipped message="Reason: On CRAN ('test-table_aet02.R:427:1')"/>
    </testcase>
    <testcase time="0.408000000000001" classname="table_aet02" name="AET02_variant_10_is_produced_correctly"/>
    <testcase time="0.0660000000000025" classname="table_aet02" name="AET02_variant_10_is_produced_correctly">
      <skipped message="Reason: On CRAN ('test-table_aet02.R:474:1')"/>
    </testcase>
    <testcase time="0.403999999999996" classname="table_aet02" name="AET02_variant_11_is_produced_correctly"/>
    <testcase time="0.0600000000000023" classname="table_aet02" name="AET02_variant_11_is_produced_correctly">
      <skipped message="Reason: On CRAN ('test-table_aet02.R:521:1')"/>
    </testcase>
    <testcase time="0.405999999999999" classname="table_aet02" name="AET02_variant_12_is_produced_correctly"/>
    <testcase time="0.0609999999999999" classname="table_aet02" name="AET02_variant_12_is_produced_correctly">
      <skipped message="Reason: On CRAN ('test-table_aet02.R:568:1')"/>
    </testcase>
  </testsuite>
  <testsuite name="table_aet02_smq" timestamp="2025-12-30T13:47:30Z" hostname="362f414124b5" tests="4" skipped="2" failures="0" errors="0" time="0.418">
    <testcase time="0.131999999999998" classname="table_aet02_smq" name="AET02SMQ_variant_1_is_produced_correctly"/>
    <testcase time="0.0489999999999995" classname="table_aet02_smq" name="AET02SMQ_variant_1_is_produced_correctly">
      <skipped message="Reason: On CRAN ('test-table_aet02_smq.R:16:1')"/>
    </testcase>
    <testcase time="0.175000000000004" classname="table_aet02_smq" name="AET02SMQ_variant_2_is_produced_correctly"/>
    <testcase time="0.0619999999999976" classname="table_aet02_smq" name="AET02SMQ_variant_2_is_produced_correctly">
      <skipped message="Reason: On CRAN ('test-table_aet02_smq.R:55:1')"/>
    </testcase>
  </testsuite>
  <testsuite name="table_aet03" timestamp="2025-12-30T13:47:31Z" hostname="362f414124b5" tests="6" skipped="1" failures="0" errors="0" time="4.729">
    <testcase time="1.191" classname="table_aet03" name="AET03_variant_1_is_produced_correctly"/>
    <testcase time="1.666" classname="table_aet03" name="AET03_variant_1_is_produced_correctly"/>
    <testcase time="0.643000000000001" classname="table_aet03" name="AET03_variant_1_is_produced_correctly"/>
    <testcase time="1.025" classname="table_aet03" name="AET03_variant_1_is_produced_correctly"/>
    <testcase time="0.203000000000003" classname="table_aet03" name="AET03_variant_1_is_produced_correctly"/>
    <testcase time="0.000999999999997669" classname="table_aet03" name="AET03_variant_1_is_produced_correctly">
      <skipped message="Reason: On CRAN ('test-table_aet03.R:17:1')"/>
    </testcase>
  </testsuite>
  <testsuite name="table_aet04" timestamp="2025-12-30T13:47:36Z" hostname="362f414124b5" tests="30" skipped="8" failures="0" errors="0" time="12.559">
    <testcase time="0.802" classname="table_aet04" name="AET04_variant_1_is_produced_correctly"/>
    <testcase time="1.014" classname="table_aet04" name="AET04_variant_1_is_produced_correctly"/>
    <testcase time="0.0519999999999996" classname="table_aet04" name="AET04_variant_1_is_produced_correctly"/>
    <testcase time="0.0390000000000015" classname="table_aet04" name="AET04_variant_1_is_produced_correctly"/>
    <testcase time="0.000999999999997669" classname="table_aet04" name="AET04_variant_1_is_produced_correctly">
      <skipped message="Reason: On CRAN ('test-table_aet04.R:107:1')"/>
    </testcase>
    <testcase time="0.707999999999998" classname="table_aet04" name="AET04_variant_2_is_produced_correctly_Fill_in_of_Treatment_Groups_"/>
    <testcase time="0.950000000000003" classname="table_aet04" name="AET04_variant_2_is_produced_correctly_Fill_in_of_Treatment_Groups_"/>
    <testcase time="0.0399999999999991" classname="table_aet04" name="AET04_variant_2_is_produced_correctly_Fill_in_of_Treatment_Groups_"/>
    <testcase time="0.036999999999999" classname="table_aet04" name="AET04_variant_2_is_produced_correctly_Fill_in_of_Treatment_Groups_"/>
    <testcase time="0.000999999999997669" classname="table_aet04" name="AET04_variant_2_is_produced_correctly_Fill_in_of_Treatment_Groups_">
      <skipped message="Reason: On CRAN ('test-table_aet04.R:127:1')"/>
    </testcase>
    <testcase time="0.747" classname="table_aet04" name="AET04_variant_3_is_produced_correctly_Fill_in_of_Grades_"/>
    <testcase time="1.097" classname="table_aet04" name="AET04_variant_3_is_produced_correctly_Fill_in_of_Grades_"/>
    <testcase time="0.0539999999999949" classname="table_aet04" name="AET04_variant_3_is_produced_correctly_Fill_in_of_Grades_"/>
    <testcase time="0.0390000000000015" classname="table_aet04" name="AET04_variant_3_is_produced_correctly_Fill_in_of_Grades_"/>
    <testcase time="0.000999999999997669" classname="table_aet04" name="AET04_variant_3_is_produced_correctly_Fill_in_of_Grades_">
      <skipped message="Reason: On CRAN ('test-table_aet04.R:209:1')"/>
    </testcase>
    <testcase time="0.757000000000005" classname="table_aet04" name="AET04_variant_4_is_produced_correctly_Collapsing_of_Grades_grades_1_2_grades_3_4_5_"/>
    <testcase time="1.069" classname="table_aet04" name="AET04_variant_4_is_produced_correctly_Collapsing_of_Grades_grades_1_2_grades_3_4_5_"/>
    <testcase time="0.00200000000000244" classname="table_aet04" name="AET04_variant_4_is_produced_correctly_Collapsing_of_Grades_grades_1_2_grades_3_4_5_">
      <skipped message="Reason: On CRAN ('test-table_aet04.R:288:1')"/>
    </testcase>
    <testcase time="0.789000000000001" classname="table_aet04" name="AET04_variant_6_is_produced_correctly_with_an_Incidence_Rate_of_at_Least_5_totals_restricted_"/>
    <testcase time="1.059" classname="table_aet04" name="AET04_variant_6_is_produced_correctly_with_an_Incidence_Rate_of_at_Least_5_totals_restricted_"/>
    <testcase time="0.000999999999990564" classname="table_aet04" name="AET04_variant_6_is_produced_correctly_with_an_Incidence_Rate_of_at_Least_5_totals_restricted_">
      <skipped message="Reason: On CRAN ('test-table_aet04.R:367:1')"/>
    </testcase>
    <testcase time="0.0200000000000102" classname="table_aet04" name="AET04_variant_8_is_produced_correctly_with_an_Incidence_Rate_of_at_Least_X_Patients_"/>
    <testcase time="1.06399999999999" classname="table_aet04" name="AET04_variant_8_is_produced_correctly_with_an_Incidence_Rate_of_at_Least_X_Patients_"/>
    <testcase time="0.00199999999999534" classname="table_aet04" name="AET04_variant_8_is_produced_correctly_with_an_Incidence_Rate_of_at_Least_X_Patients_">
      <skipped message="Reason: On CRAN ('test-table_aet04.R:481:1')"/>
    </testcase>
    <testcase time="0.0190000000000055" classname="table_aet04" name="AET04_variant_9_is_produced_correctly_with_a_Difference_in_Incidence_Rate_of_at_Least_X_"/>
    <testcase time="1.093" classname="table_aet04" name="AET04_variant_9_is_produced_correctly_with_a_Difference_in_Incidence_Rate_of_at_Least_X_"/>
    <testcase time="0.000999999999990564" classname="table_aet04" name="AET04_variant_9_is_produced_correctly_with_a_Difference_in_Incidence_Rate_of_at_Least_X_">
      <skipped message="Reason: On CRAN ('test-table_aet04.R:497:1')"/>
    </testcase>
    <testcase time="0.0200000000000102" classname="table_aet04" name="AET04_variant_11_is_produced_correctly_with_Incidence_Rate_of_at_Least_X_all_SOCs_w_o_preferred_terms_removed_"/>
    <testcase time="1.08" classname="table_aet04" name="AET04_variant_11_is_produced_correctly_with_Incidence_Rate_of_at_Least_X_all_SOCs_w_o_preferred_terms_removed_"/>
    <testcase time="0.000999999999990564" classname="table_aet04" name="AET04_variant_11_is_produced_correctly_with_Incidence_Rate_of_at_Least_X_all_SOCs_w_o_preferred_terms_removed_">
      <skipped message="Reason: On CRAN ('test-table_aet04.R:517:1')"/>
    </testcase>
  </testsuite>
  <testsuite name="table_aet04_pi" timestamp="2025-12-30T13:47:48Z" hostname="362f414124b5" tests="18" skipped="9" failures="0" errors="0" time="6.791">
    <testcase time="0.654000000000011" classname="table_aet04_pi" name="AET04_PI_full_table_is_produced_correctly"/>
    <testcase time="0.198999999999998" classname="table_aet04_pi" name="AET04_PI_full_table_is_produced_correctly">
      <skipped message="Reason: On CRAN ('test-table_aet04_pi.R:52:1')"/>
    </testcase>
    <testcase time="0.655000000000001" classname="table_aet04_pi" name="AET04_PI_variant_1_is_produced_correctly"/>
    <testcase time="0.156999999999996" classname="table_aet04_pi" name="AET04_PI_variant_1_is_produced_correctly">
      <skipped message="Reason: On CRAN ('test-table_aet04_pi.R:69:1')"/>
    </testcase>
    <testcase time="0.864999999999995" classname="table_aet04_pi" name="AET04_PI_variant_2_is_produced_correctly"/>
    <testcase time="0.0949999999999989" classname="table_aet04_pi" name="AET04_PI_variant_2_is_produced_correctly">
      <skipped message="Reason: On CRAN ('test-table_aet04_pi.R:91:1')"/>
    </testcase>
    <testcase time="0.597000000000008" classname="table_aet04_pi" name="AET04_PI_variant_3_is_produced_correctly"/>
    <testcase time="0.109999999999999" classname="table_aet04_pi" name="AET04_PI_variant_3_is_produced_correctly">
      <skipped message="Reason: On CRAN ('test-table_aet04_pi.R:114:1')"/>
    </testcase>
    <testcase time="0.597999999999999" classname="table_aet04_pi" name="AET04_PI_variant_4_is_produced_correctly"/>
    <testcase time="0.0769999999999982" classname="table_aet04_pi" name="AET04_PI_variant_4_is_produced_correctly">
      <skipped message="Reason: On CRAN ('test-table_aet04_pi.R:137:1')"/>
    </testcase>
    <testcase time="0.599999999999994" classname="table_aet04_pi" name="AET04_PI_variant_5_is_produced_correctly"/>
    <testcase time="0.12700000000001" classname="table_aet04_pi" name="AET04_PI_variant_5_is_produced_correctly">
      <skipped message="Reason: On CRAN ('test-table_aet04_pi.R:161:1')"/>
    </testcase>
    <testcase time="0.741" classname="table_aet04_pi" name="AET04_PI_variant_6_is_produced_correctly"/>
    <testcase time="0.131" classname="table_aet04_pi" name="AET04_PI_variant_6_is_produced_correctly">
      <skipped message="Reason: On CRAN ('test-table_aet04_pi.R:185:1')"/>
    </testcase>
    <testcase time="0.744" classname="table_aet04_pi" name="AET04_PI_variant_7_is_produced_correctly"/>
    <testcase time="0.134999999999991" classname="table_aet04_pi" name="AET04_PI_variant_7_is_produced_correctly">
      <skipped message="Reason: On CRAN ('test-table_aet04_pi.R:236:1')"/>
    </testcase>
    <testcase time="0.197000000000003" classname="table_aet04_pi" name="AET04_PI_variant_8_is_produced_correctly"/>
    <testcase time="0.108999999999995" classname="table_aet04_pi" name="AET04_PI_variant_8_is_produced_correctly">
      <skipped message="Reason: On CRAN ('test-table_aet04_pi.R:287:1')"/>
    </testcase>
  </testsuite>
  <testsuite name="table_aet05" timestamp="2025-12-30T13:47:55Z" hostname="362f414124b5" tests="4" skipped="2" failures="0" errors="0" time="0.273">
    <testcase time="0.109999999999999" classname="table_aet05" name="AET05_variant_1_is_produced_correctly"/>
    <testcase time="0.0430000000000064" classname="table_aet05" name="AET05_variant_1_is_produced_correctly">
      <skipped message="Reason: On CRAN ('test-table_aet05.R:26:1')"/>
    </testcase>
    <testcase time="0.078000000000003" classname="table_aet05" name="AET05_variant_2_is_produced_correctly"/>
    <testcase time="0.0420000000000016" classname="table_aet05" name="AET05_variant_2_is_produced_correctly">
      <skipped message="Reason: On CRAN ('test-table_aet05.R:41:1')"/>
    </testcase>
  </testsuite>
  <testsuite name="table_aet05_all" timestamp="2025-12-30T13:47:55Z" hostname="362f414124b5" tests="4" skipped="2" failures="0" errors="0" time="0.289">
    <testcase time="0.135999999999996" classname="table_aet05_all" name="AET05_ALL_variant_1_is_produced_correctly"/>
    <testcase time="0.0420000000000016" classname="table_aet05_all" name="AET05_ALL_variant_1_is_produced_correctly">
      <skipped message="Reason: On CRAN ('test-table_aet05_all.R:20:1')"/>
    </testcase>
    <testcase time="0.0679999999999978" classname="table_aet05_all" name="AET05_ALL_variant_2_is_produced_correctly"/>
    <testcase time="0.0430000000000064" classname="table_aet05_all" name="AET05_ALL_variant_2_is_produced_correctly">
      <skipped message="Reason: On CRAN ('test-table_aet05_all.R:35:1')"/>
    </testcase>
  </testsuite>
  <testsuite name="table_aet06" timestamp="2025-12-30T13:47:56Z" hostname="362f414124b5" tests="6" skipped="3" failures="0" errors="0" time="3.667">
    <testcase time="0.611999999999995" classname="table_aet06" name="AET06_variant_1_is_produced_correctly"/>
    <testcase time="0.185000000000002" classname="table_aet06" name="AET06_variant_1_is_produced_correctly">
      <skipped message="Reason: On CRAN ('test-table_aet06.R:64:1')"/>
    </testcase>
    <testcase time="1" classname="table_aet06" name="AET06_variant_3_is_produced_correctly"/>
    <testcase time="0.265000000000001" classname="table_aet06" name="AET06_variant_3_is_produced_correctly">
      <skipped message="Reason: On CRAN ('test-table_aet06.R:100:1')"/>
    </testcase>
    <testcase time="1.289" classname="table_aet06" name="AET06_variant_5_is_produced_correctly"/>
    <testcase time="0.315999999999988" classname="table_aet06" name="AET06_variant_5_is_produced_correctly">
      <skipped message="Reason: On CRAN ('test-table_aet06.R:152:1')"/>
    </testcase>
  </testsuite>
  <testsuite name="table_aet06_smq" timestamp="2025-12-30T13:47:59Z" hostname="362f414124b5" tests="4" skipped="2" failures="0" errors="0" time="0.99">
    <testcase time="0.378" classname="table_aet06_smq" name="AET06_SMQ_variant_1_is_produced_correctly"/>
    <testcase time="0.120000000000005" classname="table_aet06_smq" name="AET06_SMQ_variant_1_is_produced_correctly">
      <skipped message="Reason: On CRAN ('test-table_aet06_smq.R:5:1')"/>
    </testcase>
    <testcase time="0.382999999999996" classname="table_aet06_smq" name="AET06_SMQ_variant_2_is_produced_correctly"/>
    <testcase time="0.109000000000009" classname="table_aet06_smq" name="AET06_SMQ_variant_2_is_produced_correctly">
      <skipped message="Reason: On CRAN ('test-table_aet06_smq.R:76:1')"/>
    </testcase>
  </testsuite>
  <testsuite name="table_aet07" timestamp="2025-12-30T13:48:00Z" hostname="362f414124b5" tests="4" skipped="2" failures="0" errors="0" time="0.191">
    <testcase time="0.078000000000003" classname="table_aet07" name="AET07_variant_1_is_produced_correctly"/>
    <testcase time="0.0259999999999962" classname="table_aet07" name="AET07_variant_1_is_produced_correctly">
      <skipped message="Reason: On CRAN ('test-table_aet07.R:24:1')"/>
    </testcase>
    <testcase time="0.0609999999999928" classname="table_aet07" name="AET07_variant_2_is_produced_correctly"/>
    <testcase time="0.0260000000000105" classname="table_aet07" name="AET07_variant_2_is_produced_correctly">
      <skipped message="Reason: On CRAN ('test-table_aet07.R:52:1')"/>
    </testcase>
  </testsuite>
  <testsuite name="table_aet09" timestamp="2025-12-30T13:48:00Z" hostname="362f414124b5" tests="4" skipped="2" failures="0" errors="0" time="1.945">
    <testcase time="0.575999999999993" classname="table_aet09" name="AET09_variant_1_is_produced_correctly_AE_related_to_study_drug"/>
    <testcase time="0.153000000000006" classname="table_aet09" name="AET09_variant_1_is_produced_correctly_AE_related_to_study_drug">
      <skipped message="Reason: On CRAN ('test-table_aet09.R:7:1')"/>
    </testcase>
    <testcase time="0.974999999999994" classname="table_aet09" name="AET09_variant_2_is_produced_correctly_AE_related_to_study_drug_including_high_level_terms_"/>
    <testcase time="0.241" classname="table_aet09" name="AET09_variant_2_is_produced_correctly_AE_related_to_study_drug_including_high_level_terms_">
      <skipped message="Reason: On CRAN ('test-table_aet09.R:49:1')"/>
    </testcase>
  </testsuite>
  <testsuite name="table_aet09_smq" timestamp="2025-12-30T13:48:02Z" hostname="362f414124b5" tests="4" skipped="2" failures="0" errors="0" time="0.514">
    <testcase time="0.155000000000001" classname="table_aet09_smq" name="AET09_variant_1_AEs_related_to_study_drug_by_SMQ_is_produced_correctly"/>
    <testcase time="0.0499999999999972" classname="table_aet09_smq" name="AET09_variant_1_AEs_related_to_study_drug_by_SMQ_is_produced_correctly">
      <skipped message="Reason: On CRAN ('test-table_aet09_smq.R:15:1')"/>
    </testcase>
    <testcase time="0.227000000000004" classname="table_aet09_smq" name="AET09_variant_2_AEs_related_to_study_drug_by_SMQ_with_customized_queries_is_produced_correctly"/>
    <testcase time="0.0819999999999936" classname="table_aet09_smq" name="AET09_variant_2_AEs_related_to_study_drug_by_SMQ_with_customized_queries_is_produced_correctly">
      <skipped message="Reason: On CRAN ('test-table_aet09_smq.R:72:1')"/>
    </testcase>
  </testsuite>
  <testsuite name="table_aet10" timestamp="2025-12-30T13:48:03Z" hostname="362f414124b5" tests="2" skipped="1" failures="0" errors="0" time="0.168">
    <testcase time="0.128" classname="table_aet10" name="AET10_default_variant_is_produced_correctly"/>
    <testcase time="0.0400000000000063" classname="table_aet10" name="AET10_default_variant_is_produced_correctly">
      <skipped message="Reason: On CRAN ('test-table_aet10.R:6:1')"/>
    </testcase>
  </testsuite>
  <testsuite name="table_aovt01" timestamp="2025-12-30T13:48:03Z" hostname="362f414124b5" tests="6" skipped="3" failures="0" errors="0" time="1.544">
    <testcase time="0.259" classname="table_aovt01" name="AOVT01_variant_with_single_endpoint_is_produced_correctly"/>
    <testcase time="0.0819999999999936" classname="table_aovt01" name="AOVT01_variant_with_single_endpoint_is_produced_correctly">
      <skipped message="Reason: On CRAN ('test-table_aovt01.R:6:1')"/>
    </testcase>
    <testcase time="0.462000000000003" classname="table_aovt01" name="AOVT01_variant_with_multiple_endpoints_is_produced_correctly"/>
    <testcase time="0.137999999999991" classname="table_aovt01" name="AOVT01_variant_with_multiple_endpoints_is_produced_correctly">
      <skipped message="Reason: On CRAN ('test-table_aovt01.R:36:1')"/>
    </testcase>
    <testcase time="0.465000000000003" classname="table_aovt01" name="AOVT01_variant_with_proportional_weights_is_produced_correctly"/>
    <testcase time="0.138000000000005" classname="table_aovt01" name="AOVT01_variant_with_proportional_weights_is_produced_correctly">
      <skipped message="Reason: On CRAN ('test-table_aovt01.R:55:1')"/>
    </testcase>
  </testsuite>
  <testsuite name="table_aovt02" timestamp="2025-12-30T13:48:05Z" hostname="362f414124b5" tests="2" skipped="1" failures="0" errors="0" time="0.355">
    <testcase time="0.277999999999992" classname="table_aovt02" name="AOVT02_is_produced_correctly"/>
    <testcase time="0.0770000000000124" classname="table_aovt02" name="AOVT02_is_produced_correctly">
      <skipped message="Reason: On CRAN ('test-table_aovt02.R:15:1')"/>
    </testcase>
  </testsuite>
  <testsuite name="table_aovt03" timestamp="2025-12-30T13:48:05Z" hostname="362f414124b5" tests="2" skipped="1" failures="0" errors="0" time="0.707">
    <testcase time="0.557999999999993" classname="table_aovt03" name="AOVT03_is_produced_correctly"/>
    <testcase time="0.149000000000001" classname="table_aovt03" name="AOVT03_is_produced_correctly">
      <skipped message="Reason: On CRAN ('test-table_aovt03.R:10:1')"/>
    </testcase>
  </testsuite>
  <testsuite name="table_cfbt01" timestamp="2025-12-30T13:48:06Z" hostname="362f414124b5" tests="2" skipped="1" failures="0" errors="0" time="0.692">
    <testcase time="0.486999999999995" classname="table_cfbt01" name="CFBT01_default_variant_is_produced_correctly"/>
    <testcase time="0.204999999999998" classname="table_cfbt01" name="CFBT01_default_variant_is_produced_correctly">
      <skipped message="Reason: On CRAN ('test-table_cfbt01.R:15:1')"/>
    </testcase>
  </testsuite>
  <testsuite name="table_cmht01" timestamp="2025-12-30T13:48:06Z" hostname="362f414124b5" tests="4" skipped="2" failures="0" errors="0" time="1.729">
    <testcase time="0.428000000000011" classname="table_cmht01" name="CMHT01_variant_1_is_produced_correctly"/>
    <testcase time="0.0669999999999931" classname="table_cmht01" name="CMHT01_variant_1_is_produced_correctly">
      <skipped message="Reason: On CRAN ('test-table_cmht01.R:8:1')"/>
    </testcase>
    <testcase time="0.998999999999995" classname="table_cmht01" name="CMHT01_variant_2_is_produced_correctly"/>
    <testcase time="0.235000000000014" classname="table_cmht01" name="CMHT01_variant_2_is_produced_correctly">
      <skipped message="Reason: On CRAN ('test-table_cmht01.R:61:1')"/>
    </testcase>
  </testsuite>
  <testsuite name="table_cmt01" timestamp="2025-12-30T13:48:08Z" hostname="362f414124b5" tests="8" skipped="4" failures="0" errors="0" time="3.8">
    <testcase time="0.689999999999998" classname="table_cmt01" name="CMT01_default_variant_Concomitant_medications_is_produced_correctly"/>
    <testcase time="0.254999999999995" classname="table_cmt01" name="CMT01_default_variant_Concomitant_medications_is_produced_correctly">
      <skipped message="Reason: On CRAN ('test-table_cmt01.R:4:1')"/>
    </testcase>
    <testcase time="0.759" classname="table_cmt01" name="CMT01_variant_1_prior_medications_is_produced_correctly"/>
    <testcase time="0.271000000000001" classname="table_cmt01" name="CMT01_variant_1_prior_medications_is_produced_correctly">
      <skipped message="Reason: On CRAN ('test-table_cmt01.R:39:1')"/>
    </testcase>
    <testcase time="0.655000000000001" classname="table_cmt01" name="CMT01_variant_3_Concomitant_medications_is_produced_correctly"/>
    <testcase time="0.224999999999994" classname="table_cmt01" name="CMT01_variant_3_Concomitant_medications_is_produced_correctly">
      <skipped message="Reason: On CRAN ('test-table_cmt01.R:74:1')"/>
    </testcase>
    <testcase time="0.679000000000002" classname="table_cmt01" name="CMT01_variant_4_Concomitant_medications_is_produced_correctly"/>
    <testcase time="0.266000000000005" classname="table_cmt01" name="CMT01_variant_4_Concomitant_medications_is_produced_correctly">
      <skipped message="Reason: On CRAN ('test-table_cmt01.R:107:1')"/>
    </testcase>
  </testsuite>
  <testsuite name="table_cmt01a" timestamp="2025-12-30T13:48:12Z" hostname="362f414124b5" tests="8" skipped="4" failures="0" errors="0" time="4.943">
    <testcase time="1.09" classname="table_cmt01a" name="CMT01A_variant_1_is_produced_correctly"/>
    <testcase time="0.225999999999999" classname="table_cmt01a" name="CMT01A_variant_1_is_produced_correctly">
      <skipped message="Reason: On CRAN ('test-table_cmt01a.R:16:1')"/>
    </testcase>
    <testcase time="0.948999999999998" classname="table_cmt01a" name="CMT01A_variant_2_is_produced_correctly"/>
    <testcase time="0.22699999999999" classname="table_cmt01a" name="CMT01A_variant_2_is_produced_correctly">
      <skipped message="Reason: On CRAN ('test-table_cmt01a.R:62:1')"/>
    </testcase>
    <testcase time="0.956000000000003" classname="table_cmt01a" name="CMT01A_variant_3_is_produced_correctly"/>
    <testcase time="0.475999999999999" classname="table_cmt01a" name="CMT01A_variant_3_is_produced_correctly">
      <skipped message="Reason: On CRAN ('test-table_cmt01a.R:108:1')"/>
    </testcase>
    <testcase time="0.835999999999999" classname="table_cmt01a" name="CMT01A_variant_4_is_produced_correctly"/>
    <testcase time="0.183000000000007" classname="table_cmt01a" name="CMT01A_variant_4_is_produced_correctly">
      <skipped message="Reason: On CRAN ('test-table_cmt01a.R:151:1')"/>
    </testcase>
  </testsuite>
  <testsuite name="table_cmt01b" timestamp="2025-12-30T13:48:17Z" hostname="362f414124b5" tests="6" skipped="3" failures="0" errors="0" time="4.803">
    <testcase time="1.40000000000001" classname="table_cmt01b" name="CMT01B_variant_1_is_produced_correctly"/>
    <testcase time="0.335999999999999" classname="table_cmt01b" name="CMT01B_variant_1_is_produced_correctly">
      <skipped message="Reason: On CRAN ('test-table_cmt01b.R:17:1')"/>
    </testcase>
    <testcase time="0.99199999999999" classname="table_cmt01b" name="CMT01B_variant_2_is_produced_correctly"/>
    <testcase time="0.275000000000006" classname="table_cmt01b" name="CMT01B_variant_2_is_produced_correctly">
      <skipped message="Reason: On CRAN ('test-table_cmt01b.R:91:1')"/>
    </testcase>
    <testcase time="1.43299999999999" classname="table_cmt01b" name="CMT01B_variant_4_is_produced_correctly"/>
    <testcase time="0.367000000000004" classname="table_cmt01b" name="CMT01B_variant_4_is_produced_correctly">
      <skipped message="Reason: On CRAN ('test-table_cmt01b.R:149:1')"/>
    </testcase>
  </testsuite>
  <testsuite name="table_cmt02_pt" timestamp="2025-12-30T13:48:22Z" hostname="362f414124b5" tests="2" skipped="1" failures="0" errors="0" time="0.563">
    <testcase time="0.406999999999996" classname="table_cmt02_pt" name="CMT02_PT_default_variant_is_produced_correctly"/>
    <testcase time="0.156000000000006" classname="table_cmt02_pt" name="CMT02_PT_default_variant_is_produced_correctly">
      <skipped message="Reason: On CRAN ('test-table_cmt02_pt.R:16:1')"/>
    </testcase>
  </testsuite>
  <testsuite name="table_coxt01" timestamp="2025-12-30T13:48:22Z" hostname="362f414124b5" tests="8" skipped="4" failures="0" errors="0" time="1.84">
    <testcase time="0.307999999999993" classname="table_coxt01" name="1._Cox_Regression"/>
    <testcase time="0.0560000000000116" classname="table_coxt01" name="1._Cox_Regression">
      <skipped message="Reason: On CRAN ('test-table_coxt01.R:18:1')"/>
    </testcase>
    <testcase time="0.391999999999996" classname="table_coxt01" name="2._Cox_Regression_with_Interaction_Term_"/>
    <testcase time="0.0930000000000035" classname="table_coxt01" name="2._Cox_Regression_with_Interaction_Term_">
      <skipped message="Reason: On CRAN ('test-table_coxt01.R:34:1')"/>
    </testcase>
    <testcase time="0.393000000000001" classname="table_coxt01" name="3._Cox_Regression_specifying_covariates_"/>
    <testcase time="0.0989999999999895" classname="table_coxt01" name="3._Cox_Regression_specifying_covariates_">
      <skipped message="Reason: On CRAN ('test-table_coxt01.R:53:1')"/>
    </testcase>
    <testcase time="0.390000000000001" classname="table_coxt01" name="4._Cox_Regression_setting_strata_ties_and_alpha_level_"/>
    <testcase time="0.109000000000009" classname="table_coxt01" name="4._Cox_Regression_setting_strata_ties_and_alpha_level_">
      <skipped message="Reason: On CRAN ('test-table_coxt01.R:75:1')"/>
    </testcase>
  </testsuite>
  <testsuite name="table_coxt02" timestamp="2025-12-30T13:48:24Z" hostname="362f414124b5" tests="4" skipped="2" failures="0" errors="0" time="0.696">
    <testcase time="0.299999999999997" classname="table_coxt02" name="COXT02_default_variant_1_is_produced_correctly"/>
    <testcase time="0.0579999999999927" classname="table_coxt02" name="COXT02_default_variant_1_is_produced_correctly">
      <skipped message="Reason: On CRAN ('test-table_coxt02.R:19:1')"/>
    </testcase>
    <testcase time="0.287000000000006" classname="table_coxt02" name="COXT02_variant_5_is_produced_correctly"/>
    <testcase time="0.0510000000000019" classname="table_coxt02" name="COXT02_variant_5_is_produced_correctly">
      <skipped message="Reason: On CRAN ('test-table_coxt02.R:33:1')"/>
    </testcase>
  </testsuite>
  <testsuite name="table_disclosures" timestamp="2025-12-30T13:48:25Z" hostname="362f414124b5" tests="12" skipped="6" failures="0" errors="0" time="2.046">
    <testcase time="0.188000000000002" classname="table_disclosures" name="Patient_Disposition_table_is_produced_correctly"/>
    <testcase time="0.0739999999999981" classname="table_disclosures" name="Patient_Disposition_table_is_produced_correctly">
      <skipped message="Reason: On CRAN ('test-table_disclosures.R:75:1')"/>
    </testcase>
    <testcase time="0.262999999999991" classname="table_disclosures" name="Demographic_table_is_produced_correctly"/>
    <testcase time="0.13600000000001" classname="table_disclosures" name="Demographic_table_is_produced_correctly">
      <skipped message="Reason: On CRAN ('test-table_disclosures.R:113:1')"/>
    </testcase>
    <testcase time="0.113" classname="table_disclosures" name="Enrollment_by_Country_Table_is_produced_correctly"/>
    <testcase time="0.0870000000000033" classname="table_disclosures" name="Enrollment_by_Country_Table_is_produced_correctly">
      <skipped message="Reason: On CRAN ('test-table_disclosures.R:134:1')"/>
    </testcase>
    <testcase time="0.0899999999999892" classname="table_disclosures" name="Death_table_is_produced_correctly"/>
    <testcase time="0.0420000000000016" classname="table_disclosures" name="Death_table_is_produced_correctly">
      <skipped message="Reason: On CRAN ('test-table_disclosures.R:146:1')"/>
    </testcase>
    <testcase time="0.406999999999996" classname="table_disclosures" name="Table_of_Serious_Adverse_Events_is_produced_correctly_for_one_specific_treatment_arm_"/>
    <testcase time="0.0730000000000075" classname="table_disclosures" name="Table_of_Serious_Adverse_Events_is_produced_correctly_for_one_specific_treatment_arm_">
      <skipped message="Reason: On CRAN ('test-table_disclosures.R:164:1')"/>
    </testcase>
    <testcase time="0.454999999999998" classname="table_disclosures" name="Table_of_Non_Serious_Adverse_Events_is_produced_correctly"/>
    <testcase time="0.117999999999995" classname="table_disclosures" name="Table_of_Non_Serious_Adverse_Events_is_produced_correctly">
      <skipped message="Reason: On CRAN ('test-table_disclosures.R:192:1')"/>
    </testcase>
  </testsuite>
  <testsuite name="table_dmt01" timestamp="2025-12-30T13:48:28Z" hostname="362f414124b5" tests="10" skipped="5" failures="0" errors="0" time="2.989">
    <testcase time="1.28100000000001" classname="table_dmt01" name="DMT01_variant_1_is_produced_correctly"/>
    <testcase time="0.153999999999996" classname="table_dmt01" name="DMT01_variant_1_is_produced_correctly">
      <skipped message="Reason: On CRAN ('test-table_dmt01.R:69:1')"/>
    </testcase>
    <testcase time="0.259" classname="table_dmt01" name="DMT01_variant_2_is_produced_correctly"/>
    <testcase time="0.140000000000001" classname="table_dmt01" name="DMT01_variant_2_is_produced_correctly">
      <skipped message="Reason: On CRAN ('test-table_dmt01.R:93:1')"/>
    </testcase>
    <testcase time="0.322000000000003" classname="table_dmt01" name="DMT01_variant_3_is_produced_correctly"/>
    <testcase time="0.150000000000006" classname="table_dmt01" name="DMT01_variant_3_is_produced_correctly">
      <skipped message="Reason: On CRAN ('test-table_dmt01.R:116:1')"/>
    </testcase>
    <testcase time="0.23599999999999" classname="table_dmt01" name="DMT01_variant_4_is_produced_correctly"/>
    <testcase time="0.129000000000005" classname="table_dmt01" name="DMT01_variant_4_is_produced_correctly">
      <skipped message="Reason: On CRAN ('test-table_dmt01.R:135:1')"/>
    </testcase>
    <testcase time="0.203999999999994" classname="table_dmt01" name="DMT01_variant_5_is_produced_correctly"/>
    <testcase time="0.114000000000004" classname="table_dmt01" name="DMT01_variant_5_is_produced_correctly">
      <skipped message="Reason: On CRAN ('test-table_dmt01.R:154:1')"/>
    </testcase>
  </testsuite>
  <testsuite name="table_dort01" timestamp="2025-12-30T13:48:30Z" hostname="362f414124b5" tests="8" skipped="4" failures="0" errors="0" time="1.688">
    <testcase time="0.328999999999994" classname="table_dort01" name="DORT01_variant_1_is_produced_correctly"/>
    <testcase time="0.0970000000000084" classname="table_dort01" name="DORT01_variant_1_is_produced_correctly">
      <skipped message="Reason: On CRAN ('test-table_dort01.R:26:1')"/>
    </testcase>
    <testcase time="0.347999999999999" classname="table_dort01" name="DORT01_variant_2_selecting_sectons_is_produced_correctly"/>
    <testcase time="0.0789999999999935" classname="table_dort01" name="DORT01_variant_2_selecting_sectons_is_produced_correctly">
      <skipped message="Reason: On CRAN ('test-table_dort01.R:81:1')"/>
    </testcase>
    <testcase time="0.329000000000008" classname="table_dort01" name="DORT01_variant_3_modifying_conftype_and_alpha_level_is_produced_correctly"/>
    <testcase time="0.0969999999999942" classname="table_dort01" name="DORT01_variant_3_modifying_conftype_and_alpha_level_is_produced_correctly">
      <skipped message="Reason: On CRAN ('test-table_dort01.R:137:1')"/>
    </testcase>
    <testcase time="0.322999999999993" classname="table_dort01" name="DORT01_variant_4_modifying_time_point_for_the_xx_duration_is_produced_correctly"/>
    <testcase time="0.0860000000000127" classname="table_dort01" name="DORT01_variant_4_modifying_time_point_for_the_xx_duration_is_produced_correctly">
      <skipped message="Reason: On CRAN ('test-table_dort01.R:193:1')"/>
    </testcase>
  </testsuite>
  <testsuite name="table_dst01" timestamp="2025-12-30T13:48:31Z" hostname="362f414124b5" tests="5" skipped="2" failures="0" errors="0" time="0.792">
    <testcase time="0.171999999999997" classname="table_dst01" name="DST01_default_variant_is_produced_correctly"/>
    <testcase time="0.0729999999999933" classname="table_dst01" name="DST01_default_variant_is_produced_correctly">
      <skipped message="Reason: On CRAN ('test-table_dst01.R:23:1')"/>
    </testcase>
    <testcase time="0.27300000000001" classname="table_dst01" name="DST01_variants_2_and_3_are_produced_correctly"/>
    <testcase time="0.170999999999992" classname="table_dst01" name="DST01_variants_2_and_3_are_produced_correctly"/>
    <testcase time="0.102999999999994" classname="table_dst01" name="DST01_variants_2_and_3_are_produced_correctly">
      <skipped message="Reason: On CRAN ('test-table_dst01.R:47:1')"/>
    </testcase>
  </testsuite>
  <testsuite name="table_dtht01" timestamp="2025-12-30T13:48:32Z" hostname="362f414124b5" tests="8" skipped="4" failures="0" errors="0" time="1.256">
    <testcase time="0.147000000000006" classname="table_dtht01" name="DTHT01_variant_1_is_produced_correctly"/>
    <testcase time="0.0880000000000081" classname="table_dtht01" name="DTHT01_variant_1_is_produced_correctly">
      <skipped message="Reason: On CRAN ('test-table_dtht01.R:9:1')"/>
    </testcase>
    <testcase time="0.317999999999998" classname="table_dtht01" name="DTHT01_variant_2_is_produced_correctly"/>
    <testcase time="0.128999999999991" classname="table_dtht01" name="DTHT01_variant_2_is_produced_correctly">
      <skipped message="Reason: On CRAN ('test-table_dtht01.R:26:1')"/>
    </testcase>
    <testcase time="0.180000000000007" classname="table_dtht01" name="DTHT01_variant_3_is_produced_correctly"/>
    <testcase time="0.0849999999999937" classname="table_dtht01" name="DTHT01_variant_3_is_produced_correctly">
      <skipped message="Reason: On CRAN ('test-table_dtht01.R:63:1')"/>
    </testcase>
    <testcase time="0.216999999999999" classname="table_dtht01" name="DTHT01_variant_4_is_produced_correctly"/>
    <testcase time="0.0919999999999987" classname="table_dtht01" name="DTHT01_variant_4_is_produced_correctly">
      <skipped message="Reason: On CRAN ('test-table_dtht01.R:107:1')"/>
    </testcase>
  </testsuite>
  <testsuite name="table_egt01" timestamp="2025-12-30T13:48:35Z" hostname="362f414124b5" tests="2" skipped="1" failures="0" errors="0" time="3.778">
    <testcase time="2.93700000000001" classname="table_egt01" name="EGT01_default_variant_is_produced_correctly"/>
    <testcase time="0.840999999999994" classname="table_egt01" name="EGT01_default_variant_is_produced_correctly">
      <skipped message="Reason: On CRAN ('test-table_egt01.R:13:1')"/>
    </testcase>
  </testsuite>
  <testsuite name="table_egt02" timestamp="2025-12-30T13:48:38Z" hostname="362f414124b5" tests="4" skipped="2" failures="0" errors="0" time="1.694">
    <testcase time="1.349" classname="table_egt02" name="_EGT02_1._Regardless_of_Abnormality_at_Baseline"/>
    <testcase time="0.0679999999999978" classname="table_egt02" name="_EGT02_1._Regardless_of_Abnormality_at_Baseline">
      <skipped message="Reason: On CRAN ('test-table_egt02.R:18:1')"/>
    </testcase>
    <testcase time="0.195999999999998" classname="table_egt02" name="_EGT02_2._Among_Subjects_Without_Abnormality_at_Baseline"/>
    <testcase time="0.0810000000000031" classname="table_egt02" name="_EGT02_2._Among_Subjects_Without_Abnormality_at_Baseline">
      <skipped message="Reason: On CRAN ('test-table_egt02.R:38:1')"/>
    </testcase>
  </testsuite>
  <testsuite name="table_egt03" timestamp="2025-12-30T13:48:39Z" hostname="362f414124b5" tests="8" skipped="4" failures="0" errors="0" time="1.314">
    <testcase time="0.244" classname="table_egt03" name="EGT03_variant_1_is_produced_correctly"/>
    <testcase time="0.117999999999995" classname="table_egt03" name="EGT03_variant_1_is_produced_correctly">
      <skipped message="Reason: On CRAN ('test-table_egt03.R:35:1')"/>
    </testcase>
    <testcase time="0.177000000000007" classname="table_egt03" name="EGT03_variant_2_is_produced_correctly"/>
    <testcase time="0.0759999999999934" classname="table_egt03" name="EGT03_variant_2_is_produced_correctly">
      <skipped message="Reason: On CRAN ('test-table_egt03.R:60:1')"/>
    </testcase>
    <testcase time="0.241" classname="table_egt03" name="EGT03_variant_3_is_produced_correctly"/>
    <testcase time="0.109000000000009" classname="table_egt03" name="EGT03_variant_3_is_produced_correctly">
      <skipped message="Reason: On CRAN ('test-table_egt03.R:75:1')"/>
    </testcase>
    <testcase time="0.23899999999999" classname="table_egt03" name="EGT03_variant_4_is_produced_correctly"/>
    <testcase time="0.109999999999999" classname="table_egt03" name="EGT03_variant_4_is_produced_correctly">
      <skipped message="Reason: On CRAN ('test-table_egt03.R:101:1')"/>
    </testcase>
  </testsuite>
  <testsuite name="table_egt04" timestamp="2025-12-30T13:48:42Z" hostname="362f414124b5" tests="2" skipped="1" failures="0" errors="0" time="1.908">
    <testcase time="1.834" classname="table_egt04" name="EGT04_default_variant_is_produced_correctly"/>
    <testcase time="0.0739999999999981" classname="table_egt04" name="EGT04_default_variant_is_produced_correctly">
      <skipped message="Reason: On CRAN ('test-table_egt04.R:15:1')"/>
    </testcase>
  </testsuite>
  <testsuite name="table_egt05_qtcat" timestamp="2025-12-30T13:48:43Z" hostname="362f414124b5" tests="2" skipped="1" failures="0" errors="0" time="2.292">
    <testcase time="1.87400000000001" classname="table_egt05_qtcat" name="EGT05_QTCAT_default_variant_is_produced_correctly"/>
    <testcase time="0.417999999999992" classname="table_egt05_qtcat" name="EGT05_QTCAT_default_variant_is_produced_correctly">
      <skipped message="Reason: On CRAN ('test-table_egt05_qtcat.R:61:1')"/>
    </testcase>
  </testsuite>
  <testsuite name="table_ent" timestamp="2025-12-30T13:48:44Z" hostname="362f414124b5" tests="8" skipped="4" failures="0" errors="0" time="14.428">
    <testcase time="3.599" classname="table_ent" name="ENT01_IT_is_produced_correctly"/>
    <testcase time="0.543999999999997" classname="table_ent" name="ENT01_IT_is_produced_correctly">
      <skipped message="Reason: On CRAN ('test-table_ent.R:8:1')"/>
    </testcase>
    <testcase time="2.369" classname="table_ent" name="ENT01a_IT_is_produced_correctly"/>
    <testcase time="0.522999999999996" classname="table_ent" name="ENT01a_IT_is_produced_correctly">
      <skipped message="Reason: On CRAN ('test-table_ent.R:27:1')"/>
    </testcase>
    <testcase time="3.762" classname="table_ent" name="ENT02_IT_is_produced_correctly"/>
    <testcase time="0.588999999999999" classname="table_ent" name="ENT02_IT_is_produced_correctly">
      <skipped message="Reason: On CRAN ('test-table_ent.R:43:1')"/>
    </testcase>
    <testcase time="2.48500000000001" classname="table_ent" name="ENT02a_IT_is_produced_correctly"/>
    <testcase time="0.556999999999988" classname="table_ent" name="ENT02a_IT_is_produced_correctly">
      <skipped message="Reason: On CRAN ('test-table_ent.R:64:1')"/>
    </testcase>
  </testsuite>
  <testsuite name="table_eudrat01" timestamp="2025-12-30T13:48:59Z" hostname="362f414124b5" tests="2" skipped="1" failures="0" errors="0" time="0.658">
    <testcase time="0.533999999999992" classname="table_eudrat01" name="EUDRAT01_is_produced_correctly"/>
    <testcase time="0.124000000000024" classname="table_eudrat01" name="EUDRAT01_is_produced_correctly">
      <skipped message="Reason: On CRAN ('test-table_eudrat01.R:46:1')"/>
    </testcase>
  </testsuite>
  <testsuite name="table_eudrat02" timestamp="2025-12-30T13:49:00Z" hostname="362f414124b5" tests="2" skipped="1" failures="0" errors="0" time="0.514">
    <testcase time="0.433999999999997" classname="table_eudrat02" name="EUDRAT02_is_produced_correctly"/>
    <testcase time="0.0799999999999841" classname="table_eudrat02" name="EUDRAT02_is_produced_correctly">
      <skipped message="Reason: On CRAN ('test-table_eudrat02.R:15:1')"/>
    </testcase>
  </testsuite>
  <testsuite name="table_ext01" timestamp="2025-12-30T13:49:00Z" hostname="362f414124b5" tests="6" skipped="3" failures="0" errors="0" time="1.746">
    <testcase time="0.445999999999998" classname="table_ext01" name="EXT01_default_variant_with_numeric_parameters_is_produced_correctly"/>
    <testcase time="0.14500000000001" classname="table_ext01" name="EXT01_default_variant_with_numeric_parameters_is_produced_correctly">
      <skipped message="Reason: On CRAN ('test-table_ext01.R:73:1')"/>
    </testcase>
    <testcase time="0.336000000000013" classname="table_ext01" name="EXT01_variant_with_both_numeric_and_categorical_parameters"/>
    <testcase time="0.187999999999988" classname="table_ext01" name="EXT01_variant_with_both_numeric_and_categorical_parameters">
      <skipped message="Reason: On CRAN ('test-table_ext01.R:88:1')"/>
    </testcase>
    <testcase time="0.395999999999987" classname="table_ext01" name="EXT01_variant_with_user_specified_categories_for_missed_doses"/>
    <testcase time="0.235000000000014" classname="table_ext01" name="EXT01_variant_with_user_specified_categories_for_missed_doses">
      <skipped message="Reason: On CRAN ('test-table_ext01.R:132:1')"/>
    </testcase>
  </testsuite>
  <testsuite name="table_jnj_tbl1" timestamp="2025-12-30T13:49:02Z" hostname="362f414124b5" tests="2" skipped="1" failures="0" errors="0" time="0.302">
    <testcase time="0.207999999999998" classname="table_jnj_tbl1" name="DMT01_variant_factor_with_only_Missing_values"/>
    <testcase time="0.0939999999999941" classname="table_jnj_tbl1" name="DMT01_variant_factor_with_only_Missing_values">
      <skipped message="Reason: On CRAN ('test-table_jnj_tbl1.R:38:1')"/>
    </testcase>
  </testsuite>
  <testsuite name="table_lbt01" timestamp="2025-12-30T13:49:03Z" hostname="362f414124b5" tests="2" skipped="1" failures="0" errors="0" time="2.298">
    <testcase time="1.83799999999999" classname="table_lbt01" name="LBT01_default_variant_is_produced_correctly"/>
    <testcase time="0.460000000000008" classname="table_lbt01" name="LBT01_default_variant_is_produced_correctly">
      <skipped message="Reason: On CRAN ('test-table_lbt01.R:13:1')"/>
    </testcase>
  </testsuite>
  <testsuite name="table_lbt02" timestamp="2025-12-30T13:49:04Z" hostname="362f414124b5" tests="2" skipped="1" failures="0" errors="0" time="1.362">
    <testcase time="0.930000000000007" classname="table_lbt02" name="LBT02_default_variant_is_produced_correctly"/>
    <testcase time="0.431999999999988" classname="table_lbt02" name="LBT02_default_variant_is_produced_correctly">
      <skipped message="Reason: On CRAN ('test-table_lbt02.R:6:1')"/>
    </testcase>
  </testsuite>
  <testsuite name="table_lbt03" timestamp="2025-12-30T13:49:06Z" hostname="362f414124b5" tests="2" skipped="1" failures="0" errors="0" time="0.261">
    <testcase time="0.176000000000016" classname="table_lbt03" name="LBT03_default_variant_is_produced_correctly"/>
    <testcase time="0.085000000000008" classname="table_lbt03" name="LBT03_default_variant_is_produced_correctly">
      <skipped message="Reason: On CRAN ('test-table_lbt03.R:6:1')"/>
    </testcase>
  </testsuite>
  <testsuite name="table_lbt04" timestamp="2025-12-30T13:49:07Z" hostname="362f414124b5" tests="2" skipped="1" failures="0" errors="0" time="1.245">
    <testcase time="1.08499999999998" classname="table_lbt04" name="LBT04_default_variant_is_produced_correctly"/>
    <testcase time="0.159999999999997" classname="table_lbt04" name="LBT04_default_variant_is_produced_correctly">
      <skipped message="Reason: On CRAN ('test-table_lbt04.R:16:1')"/>
    </testcase>
  </testsuite>
  <testsuite name="table_lbt05" timestamp="2025-12-30T13:49:08Z" hostname="362f414124b5" tests="6" skipped="3" failures="0" errors="0" time="6.666">
    <testcase time="2.149" classname="table_lbt05" name="LBT05_variant_1_is_produced_correctly"/>
    <testcase time="0.338000000000022" classname="table_lbt05" name="LBT05_variant_1_is_produced_correctly">
      <skipped message="Reason: On CRAN ('test-table_lbt05.R:63:1')"/>
    </testcase>
    <testcase time="1.54900000000001" classname="table_lbt05" name="LBT05_variant_2_is_produced_correctly"/>
    <testcase time="0.433999999999997" classname="table_lbt05" name="LBT05_variant_2_is_produced_correctly">
      <skipped message="Reason: On CRAN ('test-table_lbt05.R:88:1')"/>
    </testcase>
    <testcase time="1.87700000000001" classname="table_lbt05" name="LBT05_variant_4_is_produced_correctly"/>
    <testcase time="0.318999999999988" classname="table_lbt05" name="LBT05_variant_4_is_produced_correctly">
      <skipped message="Reason: On CRAN ('test-table_lbt05.R:110:1')"/>
    </testcase>
  </testsuite>
  <testsuite name="table_lbt06" timestamp="2025-12-30T13:49:14Z" hostname="362f414124b5" tests="2" skipped="1" failures="0" errors="0" time="0.539">
    <testcase time="0.388000000000005" classname="table_lbt06" name="LBT06_default_variant_is_produced_correctly"/>
    <testcase time="0.15100000000001" classname="table_lbt06" name="LBT06_default_variant_is_produced_correctly">
      <skipped message="Reason: On CRAN ('test-table_lbt06.R:7:1')"/>
    </testcase>
  </testsuite>
  <testsuite name="table_lbt07" timestamp="2025-12-30T13:49:15Z" hostname="362f414124b5" tests="2" skipped="1" failures="0" errors="0" time="2.532">
    <testcase time="2.238" classname="table_lbt07" name="LBT07_is_produced_correctly"/>
    <testcase time="0.293999999999983" classname="table_lbt07" name="LBT07_is_produced_correctly">
      <skipped message="Reason: On CRAN ('test-table_lbt07.R:57:1')"/>
    </testcase>
  </testsuite>
[...]
    <testcase time="0.0200000000000102" classname="tsfecg01part1" name="tsfecg01">
      <skipped message="Reason: {envsetup} is not installed. ('test-tsfecg01part1.R:2:3')"/>
    </testcase>
  </testsuite>
  <testsuite name="tsfecg01part2" timestamp="2025-12-30T13:50:28Z" hostname="362f414124b5" tests="1" skipped="1" failures="0" errors="0" time="0.02">
    <testcase time="0.0199999999999818" classname="tsfecg01part2" name="tsfecg01">
      <skipped message="Reason: {envsetup} is not installed. ('test-tsfecg01part2.R:2:3')"/>
    </testcase>
  </testsuite>
  <testsuite name="tsfecg02" timestamp="2025-12-30T13:50:28Z" hostname="362f414124b5" tests="1" skipped="1" failures="0" errors="0" time="0.02">
    <testcase time="0.0200000000000102" classname="tsfecg02" name="tsfecg02">
      <skipped message="Reason: {envsetup} is not installed. ('test-tsfecg02.R:2:3')"/>
    </testcase>
  </testsuite>
  <testsuite name="tsfecg03" timestamp="2025-12-30T13:50:28Z" hostname="362f414124b5" tests="1" skipped="1" failures="0" errors="0" time="0.019">
    <testcase time="0.0190000000000055" classname="tsfecg03" name="tsfecg03">
      <skipped message="Reason: {envsetup} is not installed. ('test-tsfecg03.R:2:3')"/>
    </testcase>
  </testsuite>
  <testsuite name="tsfecg04" timestamp="2025-12-30T13:50:28Z" hostname="362f414124b5" tests="1" skipped="1" failures="0" errors="0" time="0.022">
    <testcase time="0.0219999999999914" classname="tsfecg04" name="tsfecg04">
      <skipped message="Reason: {envsetup} is not installed. ('test-tsfecg04.R:2:3')"/>
    </testcase>
  </testsuite>
  <testsuite name="tsfecg05" timestamp="2025-12-30T13:50:28Z" hostname="362f414124b5" tests="1" skipped="1" failures="0" errors="0" time="0.03">
    <testcase time="0.0300000000000011" classname="tsfecg05" name="tsfecg05">
      <skipped message="Reason: {envsetup} is not installed. ('test-tsfecg05.R:2:3')"/>
    </testcase>
  </testsuite>
  <testsuite name="tsflab01apart1" timestamp="2025-12-30T13:50:28Z" hostname="362f414124b5" tests="1" skipped="1" failures="0" errors="0" time="0.021">
    <testcase time="0.0209999999999866" classname="tsflab01apart1" name="tsflab01a">
      <skipped message="Reason: {envsetup} is not installed. ('test-tsflab01apart1.R:2:3')"/>
    </testcase>
  </testsuite>
  <testsuite name="tsflab01apart2" timestamp="2025-12-30T13:50:28Z" hostname="362f414124b5" tests="1" skipped="1" failures="0" errors="0" time="0.02">
    <testcase time="0.0200000000000102" classname="tsflab01apart2" name="tsflab01a">
      <skipped message="Reason: {envsetup} is not installed. ('test-tsflab01apart2.R:2:3')"/>
    </testcase>
  </testsuite>
  <testsuite name="tsflab01apart3" timestamp="2025-12-30T13:50:28Z" hostname="362f414124b5" tests="1" skipped="1" failures="0" errors="0" time="0.021">
    <testcase time="0.0209999999999866" classname="tsflab01apart3" name="tsflab01a">
      <skipped message="Reason: {envsetup} is not installed. ('test-tsflab01apart3.R:2:3')"/>
    </testcase>
  </testsuite>
  <testsuite name="tsflab01part1" timestamp="2025-12-30T13:50:28Z" hostname="362f414124b5" tests="1" skipped="1" failures="0" errors="0" time="0.02">
    <testcase time="0.0200000000000102" classname="tsflab01part1" name="tsflab01">
      <skipped message="Reason: {envsetup} is not installed. ('test-tsflab01part1.R:2:3')"/>
    </testcase>
  </testsuite>
  <testsuite name="tsflab01part2" timestamp="2025-12-30T13:50:28Z" hostname="362f414124b5" tests="1" skipped="1" failures="0" errors="0" time="0.02">
    <testcase time="0.0200000000000102" classname="tsflab01part2" name="tsflab01">
      <skipped message="Reason: {envsetup} is not installed. ('test-tsflab01part2.R:2:3')"/>
    </testcase>
  </testsuite>
  <testsuite name="tsflab02" timestamp="2025-12-30T13:50:28Z" hostname="362f414124b5" tests="1" skipped="1" failures="0" errors="0" time="0.021">
    <testcase time="0.0209999999999866" classname="tsflab02" name="tsflab02">
      <skipped message="Reason: {envsetup} is not installed. ('test-tsflab02.R:2:3')"/>
    </testcase>
  </testsuite>
  <testsuite name="tsflab02a" timestamp="2025-12-30T13:50:28Z" hostname="362f414124b5" tests="1" skipped="1" failures="0" errors="0" time="0.019">
    <testcase time="0.0190000000000055" classname="tsflab02a" name="tsflab02a">
      <skipped message="Reason: {envsetup} is not installed. ('test-tsflab02a.R:2:3')"/>
    </testcase>
  </testsuite>
  <testsuite name="tsflab02b" timestamp="2025-12-30T13:50:28Z" hostname="362f414124b5" tests="1" skipped="1" failures="0" errors="0" time="0.021">
    <testcase time="0.021000000000015" classname="tsflab02b" name="tsflab02b">
      <skipped message="Reason: {envsetup} is not installed. ('test-tsflab02b.R:2:3')"/>
    </testcase>
  </testsuite>
  <testsuite name="tsflab03" timestamp="2025-12-30T13:50:28Z" hostname="362f414124b5" tests="1" skipped="1" failures="0" errors="0" time="0.02">
    <testcase time="0.0199999999999818" classname="tsflab03" name="tsflab03">
      <skipped message="Reason: {envsetup} is not installed. ('test-tsflab03.R:2:3')"/>
    </testcase>
  </testsuite>
  <testsuite name="tsflab03a" timestamp="2025-12-30T13:50:28Z" hostname="362f414124b5" tests="1" skipped="1" failures="0" errors="0" time="0.027">
    <testcase time="0.0270000000000152" classname="tsflab03a" name="tsflab03a">
      <skipped message="Reason: {envsetup} is not installed. ('test-tsflab03a.R:2:3')"/>
    </testcase>
  </testsuite>
  <testsuite name="tsflab04a" timestamp="2025-12-30T13:50:28Z" hostname="362f414124b5" tests="1" skipped="1" failures="0" errors="0" time="0.02">
    <testcase time="0.0199999999999818" classname="tsflab04a" name="tsflab04a">
      <skipped message="Reason: {envsetup} is not installed. ('test-tsflab04a.R:2:3')"/>
    </testcase>
  </testsuite>
  <testsuite name="tsflab04b" timestamp="2025-12-30T13:50:29Z" hostname="362f414124b5" tests="1" skipped="1" failures="0" errors="0" time="0.019">
    <testcase time="0.0190000000000055" classname="tsflab04b" name="tsflab04b">
      <skipped message="Reason: {envsetup} is not installed. ('test-tsflab04b.R:2:3')"/>
    </testcase>
  </testsuite>
  <testsuite name="tsflab05" timestamp="2025-12-30T13:50:29Z" hostname="362f414124b5" tests="1" skipped="1" failures="0" errors="0" time="0.02">
    <testcase time="0.0200000000000102" classname="tsflab05" name="tsflab05">
      <skipped message="Reason: {envsetup} is not installed. ('test-tsflab05.R:2:3')"/>
    </testcase>
  </testsuite>
  <testsuite name="tsflab06" timestamp="2025-12-30T13:50:29Z" hostname="362f414124b5" tests="1" skipped="1" failures="0" errors="0" time="0.02">
    <testcase time="0.0199999999999818" classname="tsflab06" name="tsflab06">
      <skipped message="Reason: {envsetup} is not installed. ('test-tsflab06.R:2:3')"/>
    </testcase>
  </testsuite>
  <testsuite name="tsflab07" timestamp="2025-12-30T13:50:29Z" hostname="362f414124b5" tests="1" skipped="1" failures="0" errors="0" time="0.02">
    <testcase time="0.0200000000000102" classname="tsflab07" name="tsflab07">
      <skipped message="Reason: {envsetup} is not installed. ('test-tsflab07.R:2:3')"/>
    </testcase>
  </testsuite>
  <testsuite name="tsfvit01apart1" timestamp="2025-12-30T13:50:29Z" hostname="362f414124b5" tests="1" skipped="1" failures="0" errors="0" time="0.021">
    <testcase time="0.0209999999999866" classname="tsfvit01apart1" name="tsfvit01a">
      <skipped message="Reason: {envsetup} is not installed. ('test-tsfvit01apart1.R:2:3')"/>
    </testcase>
  </testsuite>
  <testsuite name="tsfvit01apart2" timestamp="2025-12-30T13:50:29Z" hostname="362f414124b5" tests="1" skipped="1" failures="0" errors="0" time="0.019">
    <testcase time="0.0190000000000055" classname="tsfvit01apart2" name="tsfvit01a">
      <skipped message="Reason: {envsetup} is not installed. ('test-tsfvit01apart2.R:2:3')"/>
    </testcase>
  </testsuite>
  <testsuite name="tsfvit01apart3" timestamp="2025-12-30T13:50:29Z" hostname="362f414124b5" tests="1" skipped="1" failures="0" errors="0" time="0.021">
    <testcase time="0.021000000000015" classname="tsfvit01apart3" name="tsfvit01a">
      <skipped message="Reason: {envsetup} is not installed. ('test-tsfvit01apart3.R:2:3')"/>
    </testcase>
  </testsuite>
  <testsuite name="tsfvit01apart4" timestamp="2025-12-30T13:50:29Z" hostname="362f414124b5" tests="1" skipped="1" failures="0" errors="0" time="0.027">
    <testcase time="0.0269999999999868" classname="tsfvit01apart4" name="tsfvit01a">
      <skipped message="Reason: {envsetup} is not installed. ('test-tsfvit01apart4.R:2:3')"/>
    </testcase>
  </testsuite>
  <testsuite name="tsfvit01part1" timestamp="2025-12-30T13:50:29Z" hostname="362f414124b5" tests="1" skipped="1" failures="0" errors="0" time="0.02">
    <testcase time="0.0200000000000102" classname="tsfvit01part1" name="tsfvit01">
      <skipped message="Reason: {envsetup} is not installed. ('test-tsfvit01part1.R:2:3')"/>
    </testcase>
  </testsuite>
  <testsuite name="tsfvit01part2" timestamp="2025-12-30T13:50:29Z" hostname="362f414124b5" tests="1" skipped="1" failures="0" errors="0" time="0.019">
    <testcase time="0.0190000000000055" classname="tsfvit01part2" name="tsfvit01">
      <skipped message="Reason: {envsetup} is not installed. ('test-tsfvit01part2.R:2:3')"/>
    </testcase>
  </testsuite>
  <testsuite name="tsfvit01part3" timestamp="2025-12-30T13:50:29Z" hostname="362f414124b5" tests="1" skipped="1" failures="0" errors="0" time="0.02">
    <testcase time="0.0199999999999818" classname="tsfvit01part3" name="tsfvit01">
      <skipped message="Reason: {envsetup} is not installed. ('test-tsfvit01part3.R:2:3')"/>
    </testcase>
  </testsuite>
  <testsuite name="tsfvit01part4" timestamp="2025-12-30T13:50:29Z" hostname="362f414124b5" tests="1" skipped="1" failures="0" errors="0" time="0.021">
    <testcase time="0.021000000000015" classname="tsfvit01part4" name="tsfvit01">
      <skipped message="Reason: {envsetup} is not installed. ('test-tsfvit01part4.R:2:3')"/>
    </testcase>
  </testsuite>
  <testsuite name="tsfvit02" timestamp="2025-12-30T13:50:29Z" hostname="362f414124b5" tests="1" skipped="1" failures="0" errors="0" time="0.019">
    <testcase time="0.0190000000000055" classname="tsfvit02" name="tsfvit02">
      <skipped message="Reason: {envsetup} is not installed. ('test-tsfvit02.R:2:3')"/>
    </testcase>
  </testsuite>
  <testsuite name="tsfvit03" timestamp="2025-12-30T13:50:29Z" hostname="362f414124b5" tests="1" skipped="1" failures="0" errors="0" time="0.02">
    <testcase time="0.0199999999999818" classname="tsfvit03" name="tsfvit03">
      <skipped message="Reason: {envsetup} is not installed. ('test-tsfvit03.R:2:3')"/>
    </testcase>
  </testsuite>
  <testsuite name="tsfvit04" timestamp="2025-12-30T13:50:29Z" hostname="362f414124b5" tests="1" skipped="1" failures="0" errors="0" time="0.02">
    <testcase time="0.0200000000000102" classname="tsfvit04" name="tsfvit04">
      <skipped message="Reason: {envsetup} is not installed. ('test-tsfvit04.R:2:3')"/>
    </testcase>
  </testsuite>
  <testsuite name="tsfvit05" timestamp="2025-12-30T13:50:29Z" hostname="362f414124b5" tests="1" skipped="1" failures="0" errors="0" time="0.02">
    <testcase time="0.0199999999999818" classname="tsfvit05" name="tsfvit05">
      <skipped message="Reason: {envsetup} is not installed. ('test-tsfvit05.R:2:3')"/>
    </testcase>
  </testsuite>
  <testsuite name="tsfvit06" timestamp="2025-12-30T13:50:29Z" hostname="362f414124b5" tests="1" skipped="1" failures="0" errors="0" time="0.027">
    <testcase time="0.0270000000000152" classname="tsfvit06" name="tsfvit06">
      <skipped message="Reason: {envsetup} is not installed. ('test-tsfvit06.R:2:3')"/>
    </testcase>
  </testsuite>
  <testsuite name="tsicm01" timestamp="2025-12-30T13:50:29Z" hostname="362f414124b5" tests="1" skipped="1" failures="0" errors="0" time="0.02">
    <testcase time="0.0200000000000102" classname="tsicm01" name="tsicm01">
      <skipped message="Reason: {envsetup} is not installed. ('test-tsicm01.R:2:3')"/>
    </testcase>
  </testsuite>
  <testsuite name="tsicm02" timestamp="2025-12-30T13:50:29Z" hostname="362f414124b5" tests="1" skipped="1" failures="0" errors="0" time="0.019">
    <testcase time="0.018999999999977" classname="tsicm02" name="tsicm02">
      <skipped message="Reason: {envsetup} is not installed. ('test-tsicm02.R:2:3')"/>
    </testcase>
  </testsuite>
  <testsuite name="tsicm03" timestamp="2025-12-30T13:50:29Z" hostname="362f414124b5" tests="1" skipped="1" failures="0" errors="0" time="0.02">
    <testcase time="0.0200000000000102" classname="tsicm03" name="tsicm03">
      <skipped message="Reason: {envsetup} is not installed. ('test-tsicm03.R:2:3')"/>
    </testcase>
  </testsuite>
  <testsuite name="tsicm04" timestamp="2025-12-30T13:50:29Z" hostname="362f414124b5" tests="1" skipped="1" failures="0" errors="0" time="0.019">
    <testcase time="0.0190000000000055" classname="tsicm04" name="tsicm04">
      <skipped message="Reason: {envsetup} is not installed. ('test-tsicm04.R:2:3')"/>
    </testcase>
  </testsuite>
  <testsuite name="tsicm05" timestamp="2025-12-30T13:50:29Z" hostname="362f414124b5" tests="1" skipped="1" failures="0" errors="0" time="0.021">
    <testcase time="0.0209999999999866" classname="tsicm05" name="tsicm05">
      <skipped message="Reason: {envsetup} is not installed. ('test-tsicm05.R:2:3')"/>
    </testcase>
  </testsuite>
  <testsuite name="tsicm06" timestamp="2025-12-30T13:50:29Z" hostname="362f414124b5" tests="1" skipped="1" failures="0" errors="0" time="0.019">
    <testcase time="0.0190000000000055" classname="tsicm06" name="tsicm06">
      <skipped message="Reason: {envsetup} is not installed. ('test-tsicm06.R:2:3')"/>
    </testcase>
  </testsuite>
  <testsuite name="tsicm07" timestamp="2025-12-30T13:50:29Z" hostname="362f414124b5" tests="1" skipped="1" failures="0" errors="0" time="0.02">
    <testcase time="0.0200000000000102" classname="tsicm07" name="tsicm07">
      <skipped message="Reason: {envsetup} is not installed. ('test-tsicm07.R:2:3')"/>
    </testcase>
  </testsuite>
  <testsuite name="tsicm08" timestamp="2025-12-30T13:50:29Z" hostname="362f414124b5" tests="1" skipped="1" failures="0" errors="0" time="0.02">
    <testcase time="0.0199999999999818" classname="tsicm08" name="tsicm08">
      <skipped message="Reason: {envsetup} is not installed. ('test-tsicm08.R:2:3')"/>
    </testcase>
  </testsuite>
  <testsuite name="tsidem01" timestamp="2025-12-30T13:50:29Z" hostname="362f414124b5" tests="1" skipped="1" failures="0" errors="0" time="0.02">
    <testcase time="0.0200000000000102" classname="tsidem01" name="tsidem01">
      <skipped message="Reason: {envsetup} is not installed. ('test-tsidem01.R:2:3')"/>
    </testcase>
  </testsuite>
  <testsuite name="tsidem02" timestamp="2025-12-30T13:50:29Z" hostname="362f414124b5" tests="1" skipped="1" failures="0" errors="0" time="0.027">
    <testcase time="0.0270000000000152" classname="tsidem02" name="tsidem02">
      <skipped message="Reason: {envsetup} is not installed. ('test-tsidem02.R:2:3')"/>
    </testcase>
  </testsuite>
  <testsuite name="tsids01" timestamp="2025-12-30T13:50:29Z" hostname="362f414124b5" tests="1" skipped="1" failures="0" errors="0" time="0.019">
    <testcase time="0.018999999999977" classname="tsids01" name="tsids01">
      <skipped message="Reason: {envsetup} is not installed. ('test-tsids01.R:2:3')"/>
    </testcase>
  </testsuite>
  <testsuite name="tsids02" timestamp="2025-12-30T13:50:29Z" hostname="362f414124b5" tests="1" skipped="1" failures="0" errors="0" time="0.02">
    <testcase time="0.0200000000000102" classname="tsids02" name="tsids02">
      <skipped message="Reason: {envsetup} is not installed. ('test-tsids02.R:2:3')"/>
    </testcase>
  </testsuite>
  <testsuite name="tsids02a" timestamp="2025-12-30T13:50:29Z" hostname="362f414124b5" tests="1" skipped="1" failures="0" errors="0" time="0.02">
    <testcase time="0.0200000000000102" classname="tsids02a" name="tsids02a">
      <skipped message="Reason: {envsetup} is not installed. ('test-tsids02a.R:2:3')"/>
    </testcase>
  </testsuite>
  <testsuite name="tsiex01" timestamp="2025-12-30T13:50:29Z" hostname="362f414124b5" tests="1" skipped="1" failures="0" errors="0" time="0.02">
    <testcase time="0.0199999999999818" classname="tsiex01" name="tsiex01">
      <skipped message="Reason: {envsetup} is not installed. ('test-tsiex01.R:2:3')"/>
    </testcase>
  </testsuite>
  <testsuite name="tsiex02" timestamp="2025-12-30T13:50:29Z" hostname="362f414124b5" tests="1" skipped="1" failures="0" errors="0" time="0.02">
    <testcase time="0.0200000000000102" classname="tsiex02" name="tsiex02">
      <skipped message="Reason: {envsetup} is not installed. ('test-tsiex02.R:2:3')"/>
    </testcase>
  </testsuite>
  <testsuite name="tsiex03" timestamp="2025-12-30T13:50:29Z" hostname="362f414124b5" tests="1" skipped="1" failures="0" errors="0" time="0.019">
    <testcase time="0.0190000000000055" classname="tsiex03" name="tsiex03">
      <skipped message="Reason: {envsetup} is not installed. ('test-tsiex03.R:2:3')"/>
    </testcase>
  </testsuite>
  <testsuite name="tsiex04" timestamp="2025-12-30T13:50:29Z" hostname="362f414124b5" tests="1" skipped="1" failures="0" errors="0" time="0.02">
    <testcase time="0.0199999999999818" classname="tsiex04" name="tsiex04">
      <skipped message="Reason: {envsetup} is not installed. ('test-tsiex04.R:2:3')"/>
    </testcase>
  </testsuite>
  <testsuite name="tsiex06" timestamp="2025-12-30T13:50:29Z" hostname="362f414124b5" tests="1" skipped="1" failures="0" errors="0" time="0.019">
    <testcase time="0.0190000000000055" classname="tsiex06" name="tsiex06">
      <skipped message="Reason: {envsetup} is not installed. ('test-tsiex06.R:2:3')"/>
    </testcase>
  </testsuite>
  <testsuite name="tsiex07" timestamp="2025-12-30T13:50:29Z" hostname="362f414124b5" tests="1" skipped="1" failures="0" errors="0" time="0.039">
    <testcase time="0.0390000000000157" classname="tsiex07" name="tsiex07">
      <skipped message="Reason: {envsetup} is not installed. ('test-tsiex07.R:2:3')"/>
    </testcase>
  </testsuite>
  <testsuite name="tsiex08" timestamp="2025-12-30T13:50:29Z" hostname="362f414124b5" tests="1" skipped="1" failures="0" errors="0" time="0.02">
    <testcase time="0.0199999999999818" classname="tsiex08" name="tsiex08">
      <skipped message="Reason: {envsetup} is not installed. ('test-tsiex08.R:2:3')"/>
    </testcase>
  </testsuite>
  <testsuite name="tsiex09" timestamp="2025-12-30T13:50:29Z" hostname="362f414124b5" tests="1" skipped="1" failures="0" errors="0" time="0.019">
    <testcase time="0.0190000000000055" classname="tsiex09" name="tsiex09">
      <skipped message="Reason: {envsetup} is not installed. ('test-tsiex09.R:2:3')"/>
    </testcase>
  </testsuite>
  <testsuite name="tsiex10" timestamp="2025-12-30T13:50:29Z" hostname="362f414124b5" tests="1" skipped="1" failures="0" errors="0" time="0.02">
    <testcase time="0.0200000000000102" classname="tsiex10" name="tsiex10">
      <skipped message="Reason: {envsetup} is not installed. ('test-tsiex10.R:2:3')"/>
    </testcase>
  </testsuite>
  <testsuite name="tsiex11" timestamp="2025-12-30T13:50:29Z" hostname="362f414124b5" tests="1" skipped="1" failures="0" errors="0" time="0.02">
    <testcase time="0.0199999999999818" classname="tsiex11" name="tsiex11">
      <skipped message="Reason: {envsetup} is not installed. ('test-tsiex11.R:2:3')"/>
    </testcase>
  </testsuite>
  <testsuite name="tsimh01" timestamp="2025-12-30T13:50:29Z" hostname="362f414124b5" tests="1" skipped="1" failures="0" errors="0" time="0.019">
    <testcase time="0.0190000000000055" classname="tsimh01" name="tsimh01">
      <skipped message="Reason: {envsetup} is not installed. ('test-tsimh01.R:2:3')"/>
    </testcase>
  </testsuite>
</testsuites>
