<?xml version="1.0" encoding="UTF-8"?>
<testsuites>
  <testsuite name="char-support" timestamp="2026-03-03T14:49:45Z" hostname="8b62a3214a5f" tests="6" skipped="3" failures="0" errors="0" time="3.516">
    <testcase time="1.149" classname="char_support" name="CRITDIR_is_factor_and_one_PARAMCD_is_not_available_on_all_AVISITS"/>
    <testcase time="0.368" classname="char_support" name="CRITDIR_is_factor_and_one_PARAMCD_is_not_available_on_all_AVISITS">
      <skipped message="Reason: On CRAN ('test-char-support.R:101:1')"/>
    </testcase>
    <testcase time="0.664999999999999" classname="char_support" name="CRITDIR_is_not_factor_and_all_PARAMCD_available_on_all_AVISITS"/>
    <testcase time="0.381" classname="char_support" name="CRITDIR_is_not_factor_and_all_PARAMCD_available_on_all_AVISITS">
      <skipped message="Reason: On CRAN ('test-char-support.R:107:1')"/>
    </testcase>
    <testcase time="0.667" classname="char_support" name="CRITDIR_is_not_factor_and_one_PARAMCD_is_not_available_on_all_AVISITS"/>
    <testcase time="0.286" classname="char_support" name="CRITDIR_is_not_factor_and_one_PARAMCD_is_not_available_on_all_AVISITS">
      <skipped message="Reason: On CRAN ('test-char-support.R:112:1')"/>
    </testcase>
  </testsuite>
  <testsuite name="listing_adal02" timestamp="2026-03-03T14:49:49Z" hostname="8b62a3214a5f" tests="1" skipped="1" failures="0" errors="0" time="0.178">
    <testcase time="0.178000000000001" classname="listing_adal02" name="ADAL02_listing_is_produced_correctly">
      <skipped message="Reason: On CRAN ('test-listing_adal02.R:1:1')"/>
    </testcase>
  </testsuite>
  <testsuite name="listing_ael01" timestamp="2026-03-03T14:49:49Z" hostname="8b62a3214a5f" tests="1" skipped="1" failures="0" errors="0" time="0.132">
    <testcase time="0.132" classname="listing_ael01" name="AEL01_listing_is_produced_correctly">
      <skipped message="Reason: On CRAN ('test-listing_ael01.R:1:1')"/>
    </testcase>
  </testsuite>
  <testsuite name="listing_ael01_nollt" timestamp="2026-03-03T14:49:49Z" hostname="8b62a3214a5f" tests="1" skipped="1" failures="0" errors="0" time="0.061">
    <testcase time="0.0609999999999999" classname="listing_ael01_nollt" name="AEL01_NOLLT_listing_is_produced_correctly">
      <skipped message="Reason: On CRAN ('test-listing_ael01_nollt.R:1:1')"/>
    </testcase>
  </testsuite>
  <testsuite name="listing_ael02" timestamp="2026-03-03T14:49:49Z" hostname="8b62a3214a5f" tests="1" skipped="1" failures="0" errors="0" time="0.298">
    <testcase time="0.298" classname="listing_ael02" name="AEL02_listing_is_produced_correctly">
      <skipped message="Reason: On CRAN ('test-listing_ael02.R:1:1')"/>
    </testcase>
  </testsuite>
  <testsuite name="listing_ael02_ed" timestamp="2026-03-03T14:49:49Z" hostname="8b62a3214a5f" tests="1" skipped="1" failures="0" errors="0" time="0.329">
    <testcase time="0.329000000000001" classname="listing_ael02_ed" name="AEL02_ED_listing_is_produced_correctly">
      <skipped message="Reason: On CRAN ('test-listing_ael02_ed.R:1:1')"/>
    </testcase>
  </testsuite>
  <testsuite name="listing_ael03" timestamp="2026-03-03T14:49:50Z" hostname="8b62a3214a5f" tests="1" skipped="1" failures="0" errors="0" time="0.29">
    <testcase time="0.290000000000001" classname="listing_ael03" name="AEL03_listing_is_produced_correctly">
      <skipped message="Reason: On CRAN ('test-listing_ael03.R:1:1')"/>
    </testcase>
  </testsuite>
  <testsuite name="listing_ael04" timestamp="2026-03-03T14:49:50Z" hostname="8b62a3214a5f" tests="1" skipped="1" failures="0" errors="0" time="0.202">
    <testcase time="0.202" classname="listing_ael04" name="AEL04_listing_is_produced_correctly">
      <skipped message="Reason: On CRAN ('test-listing_ael04.R:1:1')"/>
    </testcase>
  </testsuite>
  <testsuite name="listing_cml01" timestamp="2026-03-03T14:49:50Z" hostname="8b62a3214a5f" tests="1" skipped="1" failures="0" errors="0" time="0.33">
    <testcase time="0.33" classname="listing_cml01" name="CML01_listing_is_produced_correctly">
      <skipped message="Reason: On CRAN ('test-listing_cml01.R:1:1')"/>
    </testcase>
  </testsuite>
  <testsuite name="listing_cml02a_gl" timestamp="2026-03-03T14:49:50Z" hostname="8b62a3214a5f" tests="1" skipped="1" failures="0" errors="0" time="0.123">
    <testcase time="0.122999999999999" classname="listing_cml02a_gl" name="CML02A_GL_listing_is_produced_correctly">
      <skipped message="Reason: On CRAN ('test-listing_cml02a_gl.R:1:1')"/>
    </testcase>
  </testsuite>
  <testsuite name="listing_cml02b_gl" timestamp="2026-03-03T14:49:51Z" hostname="8b62a3214a5f" tests="1" skipped="1" failures="0" errors="0" time="0.168">
    <testcase time="0.167999999999999" classname="listing_cml02b_gl" name="CML02B_GL_listing_is_produced_correctly">
      <skipped message="Reason: On CRAN ('test-listing_cml02b_gl.R:1:1')"/>
    </testcase>
  </testsuite>
  <testsuite name="listing_dsl01" timestamp="2026-03-03T14:49:51Z" hostname="8b62a3214a5f" tests="1" skipped="1" failures="0" errors="0" time="0.167">
    <testcase time="0.167" classname="listing_dsl01" name="DSL01_listing_is_produced_correctly">
      <skipped message="Reason: On CRAN ('test-listing_dsl01.R:1:1')"/>
    </testcase>
  </testsuite>
  <testsuite name="listing_dsl02" timestamp="2026-03-03T14:49:51Z" hostname="8b62a3214a5f" tests="1" skipped="1" failures="0" errors="0" time="0.078">
    <testcase time="0.0780000000000012" classname="listing_dsl02" name="DSL02_listing_is_produced_correctly">
      <skipped message="Reason: On CRAN ('test-listing_dsl02.R:1:1')"/>
    </testcase>
  </testsuite>
  <testsuite name="listing_dsur4" timestamp="2026-03-03T14:49:51Z" hostname="8b62a3214a5f" tests="1" skipped="1" failures="0" errors="0" time="0.102">
    <testcase time="0.102" classname="listing_dsur4" name="DSUR4_listing_is_produced_correctly">
      <skipped message="Reason: On CRAN ('test-listing_dsur4.R:1:1')"/>
    </testcase>
  </testsuite>
  <testsuite name="listing_egl01" timestamp="2026-03-03T14:49:51Z" hostname="8b62a3214a5f" tests="1" skipped="1" failures="0" errors="0" time="0.444">
    <testcase time="0.443999999999999" classname="listing_egl01" name="EGL01_listing_is_produced_correctly">
      <skipped message="Reason: On CRAN ('test-listing_egl01.R:1:1')"/>
    </testcase>
  </testsuite>
  <testsuite name="listing_exl01" timestamp="2026-03-03T14:49:51Z" hostname="8b62a3214a5f" tests="1" skipped="1" failures="0" errors="0" time="0.22">
    <testcase time="0.220000000000001" classname="listing_exl01" name="EXL01_listing_is_produced_correctly">
      <skipped message="Reason: On CRAN ('test-listing_exl01.R:1:1')"/>
    </testcase>
  </testsuite>
  <testsuite name="listing_lbl01" timestamp="2026-03-03T14:49:52Z" hostname="8b62a3214a5f" tests="1" skipped="1" failures="0" errors="0" time="0.552">
    <testcase time="0.552" classname="listing_lbl01" name="LBL01_listing_is_produced_correctly">
      <skipped message="Reason: On CRAN ('test-listing_lbl01.R:1:1')"/>
    </testcase>
  </testsuite>
  <testsuite name="listing_lbl01_rls" timestamp="2026-03-03T14:49:52Z" hostname="8b62a3214a5f" tests="1" skipped="1" failures="0" errors="0" time="0.534">
    <testcase time="0.533999999999999" classname="listing_lbl01_rls" name="LBL01_RLS_listing_is_produced_correctly">
      <skipped message="Reason: On CRAN ('test-listing_lbl01_rls.R:1:1')"/>
    </testcase>
  </testsuite>
  <testsuite name="listing_lbl02a" timestamp="2026-03-03T14:49:53Z" hostname="8b62a3214a5f" tests="1" skipped="1" failures="0" errors="0" time="0.27">
    <testcase time="0.27" classname="listing_lbl02a" name="LBL02A_listing_is_produced_correctly">
      <skipped message="Reason: On CRAN ('test-listing_lbl02a.R:1:1')"/>
    </testcase>
  </testsuite>
  <testsuite name="listing_lbl02a_rls" timestamp="2026-03-03T14:49:53Z" hostname="8b62a3214a5f" tests="1" skipped="1" failures="0" errors="0" time="0.813">
    <testcase time="0.813000000000002" classname="listing_lbl02a_rls" name="LBL02A_RLS_listing_is_produced_correctly">
      <skipped message="Reason: On CRAN ('test-listing_lbl02a_rls.R:1:1')"/>
    </testcase>
  </testsuite>
  <testsuite name="listing_lbl02b" timestamp="2026-03-03T14:49:54Z" hostname="8b62a3214a5f" tests="1" skipped="1" failures="0" errors="0" time="0.256">
    <testcase time="0.256" classname="listing_lbl02b" name="LBL02B_listing_is_produced_correctly">
      <skipped message="Reason: On CRAN ('test-listing_lbl02b.R:1:1')"/>
    </testcase>
  </testsuite>
  <testsuite name="listing_mhl01" timestamp="2026-03-03T14:49:54Z" hostname="8b62a3214a5f" tests="1" skipped="1" failures="0" errors="0" time="0.254">
    <testcase time="0.253999999999998" classname="listing_mhl01" name="MHL01_listing_is_produced_correctly">
      <skipped message="Reason: On CRAN ('test-listing_mhl01.R:1:1')"/>
    </testcase>
  </testsuite>
  <testsuite name="listing_oncl01" timestamp="2026-03-03T14:49:54Z" hostname="8b62a3214a5f" tests="1" skipped="1" failures="0" errors="0" time="0.216">
    <testcase time="0.216000000000001" classname="listing_oncl01" name="ONCL01_listing_is_produced_correctly">
      <skipped message="Reason: On CRAN ('test-listing_oncl01.R:1:1')"/>
    </testcase>
  </testsuite>
  <testsuite name="listing_pkcl01" timestamp="2026-03-03T14:49:55Z" hostname="8b62a3214a5f" tests="2" skipped="2" failures="0" errors="0" time="0.524">
    <testcase time="0.187000000000001" classname="listing_pkcl01" name="PKCL01_listing_is_produced_correctly">
      <skipped message="Reason: On CRAN ('test-listing_pkcl01.R:1:1')"/>
    </testcase>
    <testcase time="0.337" classname="listing_pkcl01" name="PKCL01_listing_key_columns_values_are_repeated_when_entries_span_multiple_pages">
      <skipped message="Reason: On CRAN ('test-listing_pkcl01.R:31:1')"/>
    </testcase>
  </testsuite>
  <testsuite name="listing_pkcl02" timestamp="2026-03-03T14:49:55Z" hostname="8b62a3214a5f" tests="1" skipped="1" failures="0" errors="0" time="0.207">
    <testcase time="0.207000000000001" classname="listing_pkcl02" name="PKCL02_listing_is_produced_correctly">
      <skipped message="Reason: On CRAN ('test-listing_pkcl02.R:1:1')"/>
    </testcase>
  </testsuite>
  <testsuite name="listing_pkpl01" timestamp="2026-03-03T14:49:55Z" hostname="8b62a3214a5f" tests="1" skipped="1" failures="0" errors="0" time="0.214">
    <testcase time="0.214000000000002" classname="listing_pkpl01" name="PKPL01_listing_is_produced_correctly">
      <skipped message="Reason: On CRAN ('test-listing_pkpl01.R:1:1')"/>
    </testcase>
  </testsuite>
  <testsuite name="listing_pkpl02" timestamp="2026-03-03T14:49:56Z" hostname="8b62a3214a5f" tests="1" skipped="1" failures="0" errors="0" time="0.128">
    <testcase time="0.128" classname="listing_pkpl02" name="PKPL02_listing_is_produced_correctly">
      <skipped message="Reason: On CRAN ('test-listing_pkpl02.R:1:1')"/>
    </testcase>
  </testsuite>
  <testsuite name="listing_pkpl04" timestamp="2026-03-03T14:49:56Z" hostname="8b62a3214a5f" tests="1" skipped="1" failures="0" errors="0" time="0.204">
    <testcase time="0.203999999999997" classname="listing_pkpl04" name="PKPL04_listing_is_produced_correctly">
      <skipped message="Reason: On CRAN ('test-listing_pkpl04.R:1:1')"/>
    </testcase>
  </testsuite>
  <testsuite name="listing_vsl01" timestamp="2026-03-03T14:49:56Z" hostname="8b62a3214a5f" tests="1" skipped="1" failures="0" errors="0" time="0.436">
    <testcase time="0.436" classname="listing_vsl01" name="VSL01_listing_is_produced_correctly">
      <skipped message="Reason: On CRAN ('test-listing_vsl01.R:1:1')"/>
    </testcase>
  </testsuite>
  <testsuite name="lsfae01" timestamp="2026-03-03T14:49:56Z" hostname="8b62a3214a5f" tests="1" skipped="1" failures="0" errors="0" time="1.246">
    <testcase time="1.246" classname="lsfae01" name="lsfae01">
      <skipped message="Reason: On CRAN ('test-lsfae01.R:1:1')"/>
    </testcase>
  </testsuite>
  <testsuite name="lsfae02" timestamp="2026-03-03T14:49:58Z" hostname="8b62a3214a5f" tests="1" skipped="1" failures="0" errors="0" time="1.112">
    <testcase time="1.112" classname="lsfae02" name="lsfae02">
      <skipped message="Reason: On CRAN ('test-lsfae02.R:1:1')"/>
    </testcase>
  </testsuite>
  <testsuite name="lsfae03" timestamp="2026-03-03T14:49:59Z" hostname="8b62a3214a5f" tests="1" skipped="1" failures="0" errors="0" time="0.733">
    <testcase time="0.733000000000001" classname="lsfae03" name="lsfae03">
      <skipped message="Reason: On CRAN ('test-lsfae03.R:1:1')"/>
    </testcase>
  </testsuite>
  <testsuite name="lsfae04" timestamp="2026-03-03T14:49:59Z" hostname="8b62a3214a5f" tests="1" skipped="1" failures="0" errors="0" time="0.3">
    <testcase time="0.300000000000001" classname="lsfae04" name="lsfae04">
      <skipped message="Reason: On CRAN ('test-lsfae04.R:1:1')"/>
    </testcase>
  </testsuite>
  <testsuite name="lsfae05" timestamp="2026-03-03T14:50:00Z" hostname="8b62a3214a5f" tests="1" skipped="1" failures="0" errors="0" time="1.368">
    <testcase time="1.368" classname="lsfae05" name="lsfae05">
      <skipped message="Reason: On CRAN ('test-lsfae05.R:1:1')"/>
    </testcase>
  </testsuite>
  <testsuite name="lsfae06a" timestamp="2026-03-03T14:50:01Z" hostname="8b62a3214a5f" tests="1" skipped="1" failures="0" errors="0" time="1.012">
    <testcase time="1.012" classname="lsfae06a" name="lsfae06a">
      <skipped message="Reason: On CRAN ('test-lsfae06a.R:1:1')"/>
    </testcase>
  </testsuite>
  <testsuite name="lsfae06b" timestamp="2026-03-03T14:50:02Z" hostname="8b62a3214a5f" tests="1" skipped="1" failures="0" errors="0" time="0.968">
    <testcase time="0.968" classname="lsfae06b" name="lsfae06b">
      <skipped message="Reason: On CRAN ('test-lsfae06b.R:1:1')"/>
    </testcase>
  </testsuite>
  <testsuite name="lsfdth01" timestamp="2026-03-03T14:50:03Z" hostname="8b62a3214a5f" tests="1" skipped="1" failures="0" errors="0" time="0.288">
    <testcase time="0.288" classname="lsfdth01" name="lsfdth01">
      <skipped message="Reason: On CRAN ('test-lsfdth01.R:1:1')"/>
    </testcase>
  </testsuite>
  <testsuite name="lsfecg01" timestamp="2026-03-03T14:50:03Z" hostname="8b62a3214a5f" tests="1" skipped="1" failures="0" errors="0" time="1.126">
    <testcase time="1.126" classname="lsfecg01" name="lsfecg01">
      <skipped message="Reason: On CRAN ('test-lsfecg01.R:1:1')"/>
    </testcase>
  </testsuite>
  <testsuite name="lsfecg02part1" timestamp="2026-03-03T14:50:04Z" hostname="8b62a3214a5f" tests="1" skipped="1" failures="0" errors="0" time="22.601">
    <testcase time="22.601" classname="lsfecg02part1" name="lsfecg02part1of3">
      <skipped message="Reason: On CRAN ('test-lsfecg02part1.R:1:1')"/>
    </testcase>
  </testsuite>
  <testsuite name="lsfecg02part2" timestamp="2026-03-03T14:50:27Z" hostname="8b62a3214a5f" tests="1" skipped="1" failures="0" errors="0" time="22.676">
    <testcase time="22.676" classname="lsfecg02part2" name="lsfecg02part2of3">
      <skipped message="Reason: On CRAN ('test-lsfecg02part2.R:1:1')"/>
    </testcase>
  </testsuite>
  <testsuite name="lsfecg02part3" timestamp="2026-03-03T14:50:50Z" hostname="8b62a3214a5f" tests="1" skipped="1" failures="0" errors="0" time="22.155">
    <testcase time="22.155" classname="lsfecg02part3" name="lsfecg02part3of3">
      <skipped message="Reason: On CRAN ('test-lsfecg02part3.R:1:1')"/>
    </testcase>
  </testsuite>
  <testsuite name="lsflab01" timestamp="2026-03-03T14:51:12Z" hostname="8b62a3214a5f" tests="1" skipped="1" failures="0" errors="0" time="1.087">
    <testcase time="1.087" classname="lsflab01" name="lsflab01">
      <skipped message="Reason: On CRAN ('test-lsflab01.R:1:1')"/>
    </testcase>
  </testsuite>
  <testsuite name="lsfvit01" timestamp="2026-03-03T14:51:13Z" hostname="8b62a3214a5f" tests="1" skipped="1" failures="0" errors="0" time="2.042">
    <testcase time="2.042" classname="lsfvit01" name="lsfvit01">
      <skipped message="Reason: On CRAN ('test-lsfvit01.R:1:1')"/>
    </testcase>
  </testsuite>
  <testsuite name="lsfvit02" timestamp="2026-03-03T14:51:15Z" hostname="8b62a3214a5f" tests="1" skipped="1" failures="0" errors="0" time="399.234">
    <testcase time="399.234" classname="lsfvit02" name="lsfvit02">
      <skipped message="Reason: On CRAN ('test-lsfvit02.R:1:1')"/>
    </testcase>
  </testsuite>
  <testsuite name="lsicm01" timestamp="2026-03-03T14:57:54Z" hostname="8b62a3214a5f" tests="1" skipped="1" failures="0" errors="0" time="1.437">
    <testcase time="1.43700000000001" classname="lsicm01" name="lsicm01">
      <skipped message="Reason: On CRAN ('test-lsicm01.R:1:1')"/>
    </testcase>
  </testsuite>
  <testsuite name="lsidem01" timestamp="2026-03-03T14:57:56Z" hostname="8b62a3214a5f" tests="1" skipped="1" failures="0" errors="0" time="0.914">
    <testcase time="0.913999999999987" classname="lsidem01" name="lsidem01">
      <skipped message="Reason: On CRAN ('test-lsidem01.R:1:1')"/>
    </testcase>
  </testsuite>
  <testsuite name="lsidem02" timestamp="2026-03-03T14:57:57Z" hostname="8b62a3214a5f" tests="1" skipped="1" failures="0" errors="0" time="0.79">
    <testcase time="0.79000000000002" classname="lsidem02" name="lsidem02">
      <skipped message="Reason: On CRAN ('test-lsidem02.R:1:1')"/>
    </testcase>
  </testsuite>
  <testsuite name="lsids01" timestamp="2026-03-03T14:57:57Z" hostname="8b62a3214a5f" tests="1" skipped="1" failures="0" errors="0" time="0.819">
    <testcase time="0.819000000000017" classname="lsids01" name="lsids01">
      <skipped message="Reason: On CRAN ('test-lsids01.R:1:1')"/>
    </testcase>
  </testsuite>
  <testsuite name="lsids02" timestamp="2026-03-03T14:57:58Z" hostname="8b62a3214a5f" tests="1" skipped="1" failures="0" errors="0" time="0.87">
    <testcase time="0.870000000000005" classname="lsids02" name="lsids02">
      <skipped message="Reason: On CRAN ('test-lsids02.R:1:1')"/>
    </testcase>
  </testsuite>
  <testsuite name="lsids03" timestamp="2026-03-03T14:57:59Z" hostname="8b62a3214a5f" tests="1" skipped="1" failures="0" errors="0" time="0.886">
    <testcase time="0.885999999999967" classname="lsids03" name="lsids03">
      <skipped message="Reason: On CRAN ('test-lsids03.R:1:1')"/>
    </testcase>
  </testsuite>
  <testsuite name="lsids04" timestamp="2026-03-03T14:58:00Z" hostname="8b62a3214a5f" tests="1" skipped="1" failures="0" errors="0" time="0.194">
    <testcase time="0.194000000000017" classname="lsids04" name="lsids04">
      <skipped message="Reason: On CRAN ('test-lsids04.R:1:1')"/>
    </testcase>
  </testsuite>
  <testsuite name="lsids05" timestamp="2026-03-03T14:58:00Z" hostname="8b62a3214a5f" tests="1" skipped="1" failures="0" errors="0" time="0.157">
    <testcase time="0.156999999999982" classname="lsids05" name="lsids05">
      <skipped message="Reason: On CRAN ('test-lsids05.R:1:1')"/>
    </testcase>
  </testsuite>
  <testsuite name="lsiex01" timestamp="2026-03-03T14:58:00Z" hostname="8b62a3214a5f" tests="1" skipped="1" failures="0" errors="0" time="1.002">
    <testcase time="1.00200000000001" classname="lsiex01" name="lsiex01">
      <skipped message="Reason: On CRAN ('test-lsiex01.R:1:1')"/>
    </testcase>
  </testsuite>
  <testsuite name="lsiex02" timestamp="2026-03-03T14:58:01Z" hostname="8b62a3214a5f" tests="1" skipped="1" failures="0" errors="0" time="0.618">
    <testcase time="0.617999999999995" classname="lsiex02" name="lsiex02">
      <skipped message="Reason: On CRAN ('test-lsiex02.R:1:1')"/>
    </testcase>
  </testsuite>
  <testsuite name="lsiex03" timestamp="2026-03-03T14:58:02Z" hostname="8b62a3214a5f" tests="1" skipped="1" failures="0" errors="0" time="1.22">
    <testcase time="1.22000000000003" classname="lsiex03" name="lsiex03">
      <skipped message="Reason: On CRAN ('test-lsiex03.R:1:1')"/>
    </testcase>
  </testsuite>
  <testsuite name="lsimh01" timestamp="2026-03-03T14:58:03Z" hostname="8b62a3214a5f" tests="1" skipped="1" failures="0" errors="0" time="0.918">
    <testcase time="0.918000000000006" classname="lsimh01" name="lsimh01">
      <skipped message="Reason: On CRAN ('test-lsimh01.R:1:1')"/>
    </testcase>
  </testsuite>
  <testsuite name="pagination_listing" timestamp="2026-03-03T14:58:04Z" hostname="8b62a3214a5f" tests="13" skipped="0" failures="0" errors="0" time="3.845">
    <testcase time="0.0430000000000064" classname="pagination_listing" name="Direct_pagination_works_fine"/>
    <testcase time="0.654999999999973" classname="pagination_listing" name="Direct_pagination_works_fine"/>
    <testcase time="0.0029999999999859" classname="pagination_listing" name="Direct_pagination_works_fine"/>
    <testcase time="0.552000000000021" classname="pagination_listing" name="Direct_pagination_works_fine"/>
    <testcase time="0.944999999999993" classname="pagination_listing" name="Direct_pagination_works_fine"/>
    <testcase time="0.786999999999978" classname="pagination_listing" name="pagination_counts_the_right_number_of_lines_when_wrapping_on_keycols_is_present"/>
    <testcase time="0.007000000000005" classname="pagination_listing" name="pagination_counts_the_right_number_of_lines_when_wrapping_on_keycols_is_present"/>
    <testcase time="0.00600000000002865" classname="pagination_listing" name="pagination_counts_the_right_number_of_lines_when_wrapping_on_keycols_is_present"/>
    <testcase time="0.00399999999996226" classname="pagination_listing" name="pagination_counts_the_right_number_of_lines_when_wrapping_on_keycols_is_present"/>
    <testcase time="0.826999999999998" classname="pagination_listing" name="pagination_counts_the_right_number_of_lines_when_wrapping_on_keycols_is_present"/>
    <testcase time="0.00600000000002865" classname="pagination_listing" name="pagination_counts_the_right_number_of_lines_when_wrapping_on_keycols_is_present"/>
    <testcase time="0.00499999999999545" classname="pagination_listing" name="pagination_counts_the_right_number_of_lines_when_wrapping_on_keycols_is_present"/>
    <testcase time="0.00499999999999545" classname="pagination_listing" name="pagination_counts_the_right_number_of_lines_when_wrapping_on_keycols_is_present"/>
  </testsuite>
  <testsuite name="pagination_table" timestamp="2026-03-03T14:58:09Z" hostname="8b62a3214a5f" tests="21" skipped="6" failures="0" errors="0" time="14.097">
    <testcase time="1.80900000000003" classname="pagination_table" name="Direct_pagination_with_standard_values"/>
    <testcase time="0.00499999999999545" classname="pagination_table" name="Direct_pagination_with_standard_values"/>
    <testcase time="0.0040000000000191" classname="pagination_table" name="Direct_pagination_with_standard_values"/>
    <testcase time="1.27300000000002" classname="pagination_table" name="Pagination_with_specific_column_widths_and_minimum_lines_per_page"/>
    <testcase time="0.0040000000000191" classname="pagination_table" name="Pagination_with_specific_column_widths_and_minimum_lines_per_page"/>
    <testcase time="0.0909999999998945" classname="pagination_table" name="Pagination_with_specific_column_widths_and_minimum_lines_per_page">
      <skipped message="Reason: On CRAN ('test-pagination_table.R:67:1')"/>
    </testcase>
    <testcase time="1.23400000000004" classname="pagination_table" name="Pagination_works_also_if_table_is_decorated"/>
    <testcase time="0.510999999999967" classname="pagination_table" name="Pagination_works_also_if_table_is_decorated"/>
    <testcase time="0.784000000000106" classname="pagination_table" name="Pagination_works_also_if_table_is_decorated"/>
    <testcase time="0.639999999999986" classname="pagination_table" name="Pagination_works_also_if_table_is_decorated"/>
    <testcase time="1.32399999999996" classname="pagination_table" name="Pagination_works_also_if_table_is_decorated"/>
    <testcase time="0.312000000000012" classname="pagination_table" name="Pagination_works_also_if_table_is_decorated"/>
    <testcase time="0.00499999999999545" classname="pagination_table" name="Pagination_works_also_if_table_is_decorated"/>
    <testcase time="0.211999999999989" classname="pagination_table" name="Pagination_works_also_if_table_is_decorated">
      <skipped message="Reason: On CRAN ('test-pagination_table.R:93:1')"/>
    </testcase>
    <testcase time="2.45600000000002" classname="pagination_table" name="Pagination_works_for_page_types">
      <skipped message="Reason: On CRAN ('test-pagination_table.R:132:1')"/>
    </testcase>
    <testcase time="0.811000000000035" classname="pagination_table" name="Pagination_works_for_page_width_and_height">
      <skipped message="Reason: On CRAN ('test-pagination_table.R:145:1')"/>
    </testcase>
    <testcase time="0.920999999999935" classname="pagination_table" name="Pagination_works_for_page_types">
      <skipped message="Reason: On CRAN ('test-pagination_table.R:152:1')"/>
    </testcase>
    <testcase time="0.944000000000074" classname="pagination_table" name="AET04_variant_2_page_by_pagination_tests"/>
    <testcase time="0.632999999999925" classname="pagination_table" name="AET04_variant_2_page_by_pagination_tests"/>
    <testcase time="0.00200000000006639" classname="pagination_table" name="AET04_variant_2_page_by_pagination_tests"/>
    <testcase time="0.121999999999957" classname="pagination_table" name="AET04_variant_2_page_by_pagination_tests">
      <skipped message="Reason: On CRAN ('test-pagination_table.R:166:1')"/>
    </testcase>
  </testsuite>
  <testsuite name="table_adat03" timestamp="2026-03-03T14:58:22Z" hostname="8b62a3214a5f" tests="2" skipped="1" failures="0" errors="0" time="0.604">
    <testcase time="0.484000000000037" classname="table_adat03" name="ADAT03_is_produced_correctly"/>
    <testcase time="0.120000000000005" classname="table_adat03" name="ADAT03_is_produced_correctly">
      <skipped message="Reason: On CRAN ('test-table_adat03.R:39:1')"/>
    </testcase>
  </testsuite>
  <testsuite name="table_aet01" timestamp="2026-03-03T14:58:23Z" hostname="8b62a3214a5f" tests="8" skipped="4" failures="0" errors="0" time="1.92">
    <testcase time="0.447999999999979" classname="table_aet01" name="Safety_Summary_Variant_1_works_as_expected"/>
    <testcase time="0.0839999999999463" classname="table_aet01" name="Safety_Summary_Variant_1_works_as_expected">
      <skipped message="Reason: On CRAN ('test-table_aet01.R:51:1')"/>
    </testcase>
    <testcase time="0.391000000000076" classname="table_aet01" name="Safety_Summary_Variant_2_with_Medical_Concepts_Section_works_as_expected"/>
    <testcase time="0.112999999999943" classname="table_aet01" name="Safety_Summary_Variant_2_with_Medical_Concepts_Section_works_as_expected">
      <skipped message="Reason: On CRAN ('test-table_aet01.R:109:1')"/>
    </testcase>
    <testcase time="0.288999999999987" classname="table_aet01" name="Safety_Summary_Variant_3_with_Modified_Rows_works_as_expected"/>
    <testcase time="0.0890000000000555" classname="table_aet01" name="Safety_Summary_Variant_3_with_Modified_Rows_works_as_expected">
      <skipped message="Reason: On CRAN ('test-table_aet01.R:175:1')"/>
    </testcase>
    <testcase time="0.404999999999973" classname="table_aet01" name="Safety_Summary_Variant_4_with_Rows_Counting_Events_and_Additional_Sections_works_as_expected"/>
    <testcase time="0.100999999999999" classname="table_aet01" name="Safety_Summary_Variant_4_with_Rows_Counting_Events_and_Additional_Sections_works_as_expected">
      <skipped message="Reason: On CRAN ('test-table_aet01.R:236:1')"/>
    </testcase>
  </testsuite>
  <testsuite name="table_aet01_aesi" timestamp="2026-03-03T14:58:25Z" hostname="8b62a3214a5f" tests="8" skipped="4" failures="0" errors="0" time="2.858">
    <testcase time="0.322999999999979" classname="table_aet01_aesi" name="AET01_AESI_Variant_1_works_as_expected"/>
    <testcase time="0.0769999999999982" classname="table_aet01_aesi" name="AET01_AESI_Variant_1_works_as_expected">
      <skipped message="Reason: On CRAN ('test-table_aet01_aesi.R:87:1')"/>
    </testcase>
    <testcase time="0.529999999999973" classname="table_aet01_aesi" name="AET01_AESI_Variant_2_works_as_expected"/>
    <testcase time="0.134999999999991" classname="table_aet01_aesi" name="AET01_AESI_Variant_2_works_as_expected">
      <skipped message="Reason: On CRAN ('test-table_aet01_aesi.R:118:1')"/>
    </testcase>
    <testcase time="0.754000000000019" classname="table_aet01_aesi" name="AET01_AESI_Variant_3_works_as_expected"/>
    <testcase time="0.187999999999988" classname="table_aet01_aesi" name="AET01_AESI_Variant_3_works_as_expected">
      <skipped message="Reason: On CRAN ('test-table_aet01_aesi.R:184:1')"/>
    </testcase>
    <testcase time="0.655999999999949" classname="table_aet01_aesi" name="AET01_AESI_Variant_4_works_as_expected"/>
    <testcase time="0.19500000000005" classname="table_aet01_aesi" name="AET01_AESI_Variant_4_works_as_expected">
      <skipped message="Reason: On CRAN ('test-table_aet01_aesi.R:414:1')"/>
    </testcase>
  </testsuite>
  <testsuite name="table_aet02" timestamp="2026-03-03T14:58:27Z" hostname="8b62a3214a5f" tests="26" skipped="12" failures="0" errors="0" time="8.986">
    <testcase time="0.629000000000019" classname="table_aet02" name="AET02_variant_1_is_produced_correctly"/>
    <testcase time="0.591999999999985" classname="table_aet02" name="AET02_variant_1_is_produced_correctly"/>
    <testcase time="0.112999999999943" classname="table_aet02" name="AET02_variant_1_is_produced_correctly"/>
    <testcase time="0.00100000000009004" classname="table_aet02" name="AET02_variant_1_is_produced_correctly">
      <skipped message="Reason: On CRAN ('test-table_aet02.R:18:1')"/>
    </testcase>
    <testcase time="0.697999999999979" classname="table_aet02" name="AET02_variant_2_is_produced_correctly"/>
    <testcase time="0.16599999999994" classname="table_aet02" name="AET02_variant_2_is_produced_correctly">
      <skipped message="Reason: On CRAN ('test-table_aet02.R:80:1')"/>
    </testcase>
    <testcase time="1.02999999999997" classname="table_aet02" name="AET02_variant_3_is_produced_correctly"/>
    <testcase time="0.315000000000055" classname="table_aet02" name="AET02_variant_3_is_produced_correctly">
      <skipped message="Reason: On CRAN ('test-table_aet02.R:132:1')"/>
    </testcase>
    <testcase time="0.172000000000025" classname="table_aet02" name="AET02_variant_4_is_produced_correctly"/>
    <testcase time="0.0760000000000218" classname="table_aet02" name="AET02_variant_4_is_produced_correctly">
      <skipped message="Reason: On CRAN ('test-table_aet02.R:198:1')"/>
    </testcase>
    <testcase time="0.478999999999928" classname="table_aet02" name="AET02_variant_5_is_produced_correctly"/>
    <testcase time="0.142000000000053" classname="table_aet02" name="AET02_variant_5_is_produced_correctly">
      <skipped message="Reason: On CRAN ('test-table_aet02.R:223:1')"/>
    </testcase>
    <testcase time="0.451000000000022" classname="table_aet02" name="AET02_variant_6_is_produced_correctly"/>
    <testcase time="0.0809999999999036" classname="table_aet02" name="AET02_variant_6_is_produced_correctly">
      <skipped message="Reason: On CRAN ('test-table_aet02.R:270:1')"/>
    </testcase>
    <testcase time="1.06100000000004" classname="table_aet02" name="AET02_variant_7_is_produced_correctly"/>
    <testcase time="0.149000000000001" classname="table_aet02" name="AET02_variant_7_is_produced_correctly">
      <skipped message="Reason: On CRAN ('test-table_aet02.R:317:1')"/>
    </testcase>
    <testcase time="0.448999999999955" classname="table_aet02" name="AET02_variant_8_is_produced_correctly"/>
    <testcase time="0.0790000000000646" classname="table_aet02" name="AET02_variant_8_is_produced_correctly">
      <skipped message="Reason: On CRAN ('test-table_aet02.R:380:1')"/>
    </testcase>
    <testcase time="0.442999999999984" classname="table_aet02" name="AET02_variant_9_is_produced_correctly"/>
    <testcase time="0.105000000000018" classname="table_aet02" name="AET02_variant_9_is_produced_correctly">
      <skipped message="Reason: On CRAN ('test-table_aet02.R:427:1')"/>
    </testcase>
    <testcase time="0.688999999999965" classname="table_aet02" name="AET02_variant_10_is_produced_correctly"/>
    <testcase time="0.07000000000005" classname="table_aet02" name="AET02_variant_10_is_produced_correctly">
      <skipped message="Reason: On CRAN ('test-table_aet02.R:474:1')"/>
    </testcase>
    <testcase time="0.42999999999995" classname="table_aet02" name="AET02_variant_11_is_produced_correctly"/>
    <testcase time="0.05600000000004" classname="table_aet02" name="AET02_variant_11_is_produced_correctly">
      <skipped message="Reason: On CRAN ('test-table_aet02.R:521:1')"/>
    </testcase>
    <testcase time="0.423999999999978" classname="table_aet02" name="AET02_variant_12_is_produced_correctly"/>
    <testcase time="0.0860000000000127" classname="table_aet02" name="AET02_variant_12_is_produced_correctly">
      <skipped message="Reason: On CRAN ('test-table_aet02.R:568:1')"/>
    </testcase>
  </testsuite>
  <testsuite name="table_aet02_smq" timestamp="2026-03-03T14:58:36Z" hostname="8b62a3214a5f" tests="4" skipped="2" failures="0" errors="0" time="0.418">
    <testcase time="0.125999999999976" classname="table_aet02_smq" name="AET02SMQ_variant_1_is_produced_correctly"/>
    <testcase time="0.0610000000000355" classname="table_aet02_smq" name="AET02SMQ_variant_1_is_produced_correctly">
      <skipped message="Reason: On CRAN ('test-table_aet02_smq.R:16:1')"/>
    </testcase>
    <testcase time="0.168999999999983" classname="table_aet02_smq" name="AET02SMQ_variant_2_is_produced_correctly"/>
    <testcase time="0.0620000000000118" classname="table_aet02_smq" name="AET02SMQ_variant_2_is_produced_correctly">
      <skipped message="Reason: On CRAN ('test-table_aet02_smq.R:55:1')"/>
    </testcase>
  </testsuite>
  <testsuite name="table_aet03" timestamp="2026-03-03T14:58:37Z" hostname="8b62a3214a5f" tests="6" skipped="1" failures="0" errors="0" time="4.816">
    <testcase time="1.19499999999994" classname="table_aet03" name="AET03_variant_1_is_produced_correctly"/>
    <testcase time="1.70900000000006" classname="table_aet03" name="AET03_variant_1_is_produced_correctly"/>
    <testcase time="0.66599999999994" classname="table_aet03" name="AET03_variant_1_is_produced_correctly"/>
    <testcase time="1.04100000000005" classname="table_aet03" name="AET03_variant_1_is_produced_correctly"/>
    <testcase time="0.203999999999951" classname="table_aet03" name="AET03_variant_1_is_produced_correctly"/>
    <testcase time="0.00100000000009004" classname="table_aet03" name="AET03_variant_1_is_produced_correctly">
      <skipped message="Reason: On CRAN ('test-table_aet03.R:17:1')"/>
    </testcase>
  </testsuite>
  <testsuite name="table_aet04" timestamp="2026-03-03T14:58:42Z" hostname="8b62a3214a5f" tests="30" skipped="8" failures="0" errors="0" time="13.123">
    <testcase time="0.81899999999996" classname="table_aet04" name="AET04_variant_1_is_produced_correctly"/>
    <testcase time="1.07799999999997" classname="table_aet04" name="AET04_variant_1_is_produced_correctly"/>
    <testcase time="0.04200000000003" classname="table_aet04" name="AET04_variant_1_is_produced_correctly"/>
    <testcase time="0.0399999999999636" classname="table_aet04" name="AET04_variant_1_is_produced_correctly"/>
    <testcase time="0.000999999999976353" classname="table_aet04" name="AET04_variant_1_is_produced_correctly">
      <skipped message="Reason: On CRAN ('test-table_aet04.R:107:1')"/>
    </testcase>
    <testcase time="0.730999999999995" classname="table_aet04" name="AET04_variant_2_is_produced_correctly_Fill_in_of_Treatment_Groups_"/>
    <testcase time="0.998000000000047" classname="table_aet04" name="AET04_variant_2_is_produced_correctly_Fill_in_of_Treatment_Groups_"/>
    <testcase time="0.0410000000000537" classname="table_aet04" name="AET04_variant_2_is_produced_correctly_Fill_in_of_Treatment_Groups_"/>
    <testcase time="0.0519999999999072" classname="table_aet04" name="AET04_variant_2_is_produced_correctly_Fill_in_of_Treatment_Groups_"/>
    <testcase time="0.00200000000006639" classname="table_aet04" name="AET04_variant_2_is_produced_correctly_Fill_in_of_Treatment_Groups_">
      <skipped message="Reason: On CRAN ('test-table_aet04.R:127:1')"/>
    </testcase>
    <testcase time="0.771999999999935" classname="table_aet04" name="AET04_variant_3_is_produced_correctly_Fill_in_of_Grades_"/>
    <testcase time="1.15600000000006" classname="table_aet04" name="AET04_variant_3_is_produced_correctly_Fill_in_of_Grades_"/>
    <testcase time="0.0570000000000164" classname="table_aet04" name="AET04_variant_3_is_produced_correctly_Fill_in_of_Grades_"/>
    <testcase time="0.0439999999999827" classname="table_aet04" name="AET04_variant_3_is_produced_correctly_Fill_in_of_Grades_"/>
    <testcase time="0.00199999999995271" classname="table_aet04" name="AET04_variant_3_is_produced_correctly_Fill_in_of_Grades_">
      <skipped message="Reason: On CRAN ('test-table_aet04.R:209:1')"/>
    </testcase>
    <testcase time="0.783000000000015" classname="table_aet04" name="AET04_variant_4_is_produced_correctly_Collapsing_of_Grades_grades_1_2_grades_3_4_5_"/>
    <testcase time="1.09400000000005" classname="table_aet04" name="AET04_variant_4_is_produced_correctly_Collapsing_of_Grades_grades_1_2_grades_3_4_5_"/>
    <testcase time="0.000999999999976353" classname="table_aet04" name="AET04_variant_4_is_produced_correctly_Collapsing_of_Grades_grades_1_2_grades_3_4_5_">
      <skipped message="Reason: On CRAN ('test-table_aet04.R:288:1')"/>
    </testcase>
    <testcase time="0.823999999999955" classname="table_aet04" name="AET04_variant_6_is_produced_correctly_with_an_Incidence_Rate_of_at_Least_5_totals_restricted_"/>
    <testcase time="1.10800000000006" classname="table_aet04" name="AET04_variant_6_is_produced_correctly_with_an_Incidence_Rate_of_at_Least_5_totals_restricted_"/>
    <testcase time="0.000999999999976353" classname="table_aet04" name="AET04_variant_6_is_produced_correctly_with_an_Incidence_Rate_of_at_Least_5_totals_restricted_">
      <skipped message="Reason: On CRAN ('test-table_aet04.R:367:1')"/>
    </testcase>
    <testcase time="0.0199999999999818" classname="table_aet04" name="AET04_variant_8_is_produced_correctly_with_an_Incidence_Rate_of_at_Least_X_Patients_"/>
    <testcase time="1.125" classname="table_aet04" name="AET04_variant_8_is_produced_correctly_with_an_Incidence_Rate_of_at_Least_X_Patients_"/>
    <testcase time="0.000999999999976353" classname="table_aet04" name="AET04_variant_8_is_produced_correctly_with_an_Incidence_Rate_of_at_Least_X_Patients_">
      <skipped message="Reason: On CRAN ('test-table_aet04.R:481:1')"/>
    </testcase>
    <testcase time="0.0339999999999918" classname="table_aet04" name="AET04_variant_9_is_produced_correctly_with_a_Difference_in_Incidence_Rate_of_at_Least_X_"/>
    <testcase time="1.12" classname="table_aet04" name="AET04_variant_9_is_produced_correctly_with_a_Difference_in_Incidence_Rate_of_at_Least_X_"/>
    <testcase time="0.00100000000009004" classname="table_aet04" name="AET04_variant_9_is_produced_correctly_with_a_Difference_in_Incidence_Rate_of_at_Least_X_">
      <skipped message="Reason: On CRAN ('test-table_aet04.R:497:1')"/>
    </testcase>
    <testcase time="0.0199999999999818" classname="table_aet04" name="AET04_variant_11_is_produced_correctly_with_Incidence_Rate_of_at_Least_X_all_SOCs_w_o_preferred_terms_removed_"/>
    <testcase time="1.15499999999997" classname="table_aet04" name="AET04_variant_11_is_produced_correctly_with_Incidence_Rate_of_at_Least_X_all_SOCs_w_o_preferred_terms_removed_"/>
    <testcase time="0.000999999999976353" classname="table_aet04" name="AET04_variant_11_is_produced_correctly_with_Incidence_Rate_of_at_Least_X_all_SOCs_w_o_preferred_terms_removed_">
      <skipped message="Reason: On CRAN ('test-table_aet04.R:517:1')"/>
    </testcase>
  </testsuite>
  <testsuite name="table_aet04_pi" timestamp="2026-03-03T14:58:55Z" hostname="8b62a3214a5f" tests="18" skipped="9" failures="0" errors="0" time="7.165">
    <testcase time="0.701000000000022" classname="table_aet04_pi" name="AET04_PI_full_table_is_produced_correctly"/>
    <testcase time="0.206000000000017" classname="table_aet04_pi" name="AET04_PI_full_table_is_produced_correctly">
      <skipped message="Reason: On CRAN ('test-table_aet04_pi.R:52:1')"/>
    </testcase>
    <testcase time="0.689999999999941" classname="table_aet04_pi" name="AET04_PI_variant_1_is_produced_correctly"/>
    <testcase time="0.168000000000006" classname="table_aet04_pi" name="AET04_PI_variant_1_is_produced_correctly">
      <skipped message="Reason: On CRAN ('test-table_aet04_pi.R:69:1')"/>
    </testcase>
    <testcase time="0.706000000000017" classname="table_aet04_pi" name="AET04_PI_variant_2_is_produced_correctly"/>
    <testcase time="0.0940000000000509" classname="table_aet04_pi" name="AET04_PI_variant_2_is_produced_correctly">
      <skipped message="Reason: On CRAN ('test-table_aet04_pi.R:91:1')"/>
    </testcase>
    <testcase time="0.682000000000016" classname="table_aet04_pi" name="AET04_PI_variant_3_is_produced_correctly"/>
    <testcase time="0.366999999999962" classname="table_aet04_pi" name="AET04_PI_variant_3_is_produced_correctly">
      <skipped message="Reason: On CRAN ('test-table_aet04_pi.R:114:1')"/>
    </testcase>
    <testcase time="0.616999999999962" classname="table_aet04_pi" name="AET04_PI_variant_4_is_produced_correctly"/>
    <testcase time="0.0779999999999745" classname="table_aet04_pi" name="AET04_PI_variant_4_is_produced_correctly">
      <skipped message="Reason: On CRAN ('test-table_aet04_pi.R:137:1')"/>
    </testcase>
    <testcase time="0.634000000000015" classname="table_aet04_pi" name="AET04_PI_variant_5_is_produced_correctly"/>
    <testcase time="0.12600000000009" classname="table_aet04_pi" name="AET04_PI_variant_5_is_produced_correctly">
      <skipped message="Reason: On CRAN ('test-table_aet04_pi.R:161:1')"/>
    </testcase>
    <testcase time="0.756999999999948" classname="table_aet04_pi" name="AET04_PI_variant_6_is_produced_correctly"/>
    <testcase time="0.135999999999967" classname="table_aet04_pi" name="AET04_PI_variant_6_is_produced_correctly">
      <skipped message="Reason: On CRAN ('test-table_aet04_pi.R:185:1')"/>
    </testcase>
    <testcase time="0.757000000000062" classname="table_aet04_pi" name="AET04_PI_variant_7_is_produced_correctly"/>
    <testcase time="0.135999999999967" classname="table_aet04_pi" name="AET04_PI_variant_7_is_produced_correctly">
      <skipped message="Reason: On CRAN ('test-table_aet04_pi.R:236:1')"/>
    </testcase>
    <testcase time="0.198999999999955" classname="table_aet04_pi" name="AET04_PI_variant_8_is_produced_correctly"/>
    <testcase time="0.111000000000104" classname="table_aet04_pi" name="AET04_PI_variant_8_is_produced_correctly">
      <skipped message="Reason: On CRAN ('test-table_aet04_pi.R:287:1')"/>
    </testcase>
  </testsuite>
  <testsuite name="table_aet05" timestamp="2026-03-03T14:59:02Z" hostname="8b62a3214a5f" tests="4" skipped="2" failures="0" errors="0" time="0.284">
    <testcase time="0.112999999999943" classname="table_aet05" name="AET05_variant_1_is_produced_correctly"/>
    <testcase time="0.0539999999999736" classname="table_aet05" name="AET05_variant_1_is_produced_correctly">
      <skipped message="Reason: On CRAN ('test-table_aet05.R:26:1')"/>
    </testcase>
    <testcase time="0.0720000000000027" classname="table_aet05" name="AET05_variant_2_is_produced_correctly"/>
    <testcase time="0.0450000000000728" classname="table_aet05" name="AET05_variant_2_is_produced_correctly">
      <skipped message="Reason: On CRAN ('test-table_aet05.R:41:1')"/>
    </testcase>
  </testsuite>
  <testsuite name="table_aet05_all" timestamp="2026-03-03T14:59:02Z" hostname="8b62a3214a5f" tests="4" skipped="2" failures="0" errors="0" time="0.332">
    <testcase time="0.155999999999949" classname="table_aet05_all" name="AET05_ALL_variant_1_is_produced_correctly"/>
    <testcase time="0.0439999999999827" classname="table_aet05_all" name="AET05_ALL_variant_1_is_produced_correctly">
      <skipped message="Reason: On CRAN ('test-table_aet05_all.R:20:1')"/>
    </testcase>
    <testcase time="0.0729999999999791" classname="table_aet05_all" name="AET05_ALL_variant_2_is_produced_correctly"/>
    <testcase time="0.0590000000000828" classname="table_aet05_all" name="AET05_ALL_variant_2_is_produced_correctly">
      <skipped message="Reason: On CRAN ('test-table_aet05_all.R:35:1')"/>
    </testcase>
  </testsuite>
  <testsuite name="table_aet06" timestamp="2026-03-03T14:59:03Z" hostname="8b62a3214a5f" tests="6" skipped="3" failures="0" errors="0" time="3.752">
    <testcase time="0.628999999999905" classname="table_aet06" name="AET06_variant_1_is_produced_correctly"/>
    <testcase time="0.190000000000055" classname="table_aet06" name="AET06_variant_1_is_produced_correctly">
      <skipped message="Reason: On CRAN ('test-table_aet06.R:64:1')"/>
    </testcase>
    <testcase time="1.00599999999997" classname="table_aet06" name="AET06_variant_3_is_produced_correctly"/>
    <testcase time="0.289000000000101" classname="table_aet06" name="AET06_variant_3_is_produced_correctly">
      <skipped message="Reason: On CRAN ('test-table_aet06.R:100:1')"/>
    </testcase>
    <testcase time="1.298" classname="table_aet06" name="AET06_variant_5_is_produced_correctly"/>
    <testcase time="0.339999999999918" classname="table_aet06" name="AET06_variant_5_is_produced_correctly">
      <skipped message="Reason: On CRAN ('test-table_aet06.R:152:1')"/>
    </testcase>
  </testsuite>
  <testsuite name="table_aet06_smq" timestamp="2026-03-03T14:59:06Z" hostname="8b62a3214a5f" tests="4" skipped="2" failures="0" errors="0" time="1.021">
    <testcase time="0.398000000000025" classname="table_aet06_smq" name="AET06_SMQ_variant_1_is_produced_correctly"/>
    <testcase time="0.129000000000019" classname="table_aet06_smq" name="AET06_SMQ_variant_1_is_produced_correctly">
      <skipped message="Reason: On CRAN ('test-table_aet06_smq.R:5:1')"/>
    </testcase>
    <testcase time="0.384000000000015" classname="table_aet06_smq" name="AET06_SMQ_variant_2_is_produced_correctly"/>
    <testcase time="0.110000000000014" classname="table_aet06_smq" name="AET06_SMQ_variant_2_is_produced_correctly">
      <skipped message="Reason: On CRAN ('test-table_aet06_smq.R:76:1')"/>
    </testcase>
  </testsuite>
  <testsuite name="table_aet07" timestamp="2026-03-03T14:59:07Z" hostname="8b62a3214a5f" tests="4" skipped="2" failures="0" errors="0" time="0.201">
    <testcase time="0.0849999999999227" classname="table_aet07" name="AET07_variant_1_is_produced_correctly"/>
    <testcase time="0.0270000000000437" classname="table_aet07" name="AET07_variant_1_is_produced_correctly">
      <skipped message="Reason: On CRAN ('test-table_aet07.R:24:1')"/>
    </testcase>
    <testcase time="0.0610000000000355" classname="table_aet07" name="AET07_variant_2_is_produced_correctly"/>
    <testcase time="0.0279999999999063" classname="table_aet07" name="AET07_variant_2_is_produced_correctly">
      <skipped message="Reason: On CRAN ('test-table_aet07.R:52:1')"/>
    </testcase>
  </testsuite>
  <testsuite name="table_aet09" timestamp="2026-03-03T14:59:08Z" hostname="8b62a3214a5f" tests="4" skipped="2" failures="0" errors="0" time="2.015">
    <testcase time="0.58400000000006" classname="table_aet09" name="AET09_variant_1_is_produced_correctly_AE_related_to_study_drug"/>
    <testcase time="0.163000000000011" classname="table_aet09" name="AET09_variant_1_is_produced_correctly_AE_related_to_study_drug">
      <skipped message="Reason: On CRAN ('test-table_aet09.R:7:1')"/>
    </testcase>
    <testcase time="1.01699999999994" classname="table_aet09" name="AET09_variant_2_is_produced_correctly_AE_related_to_study_drug_including_high_level_terms_"/>
    <testcase time="0.25100000000009" classname="table_aet09" name="AET09_variant_2_is_produced_correctly_AE_related_to_study_drug_including_high_level_terms_">
      <skipped message="Reason: On CRAN ('test-table_aet09.R:49:1')"/>
    </testcase>
  </testsuite>
  <testsuite name="table_aet09_smq" timestamp="2026-03-03T14:59:10Z" hostname="8b62a3214a5f" tests="4" skipped="2" failures="0" errors="0" time="0.52">
    <testcase time="0.146999999999935" classname="table_aet09_smq" name="AET09_variant_1_AEs_related_to_study_drug_by_SMQ_is_produced_correctly"/>
    <testcase time="0.0510000000000446" classname="table_aet09_smq" name="AET09_variant_1_AEs_related_to_study_drug_by_SMQ_is_produced_correctly">
      <skipped message="Reason: On CRAN ('test-table_aet09_smq.R:15:1')"/>
    </testcase>
    <testcase time="0.230000000000018" classname="table_aet09_smq" name="AET09_variant_2_AEs_related_to_study_drug_by_SMQ_with_customized_queries_is_produced_correctly"/>
    <testcase time="0.0919999999999845" classname="table_aet09_smq" name="AET09_variant_2_AEs_related_to_study_drug_by_SMQ_with_customized_queries_is_produced_correctly">
      <skipped message="Reason: On CRAN ('test-table_aet09_smq.R:72:1')"/>
    </testcase>
  </testsuite>
  <testsuite name="table_aet10" timestamp="2026-03-03T14:59:10Z" hostname="8b62a3214a5f" tests="2" skipped="1" failures="0" errors="0" time="0.179">
    <testcase time="0.134999999999991" classname="table_aet10" name="AET10_default_variant_is_produced_correctly"/>
    <testcase time="0.0439999999999827" classname="table_aet10" name="AET10_default_variant_is_produced_correctly">
      <skipped message="Reason: On CRAN ('test-table_aet10.R:6:1')"/>
    </testcase>
  </testsuite>
  <testsuite name="table_aovt01" timestamp="2026-03-03T14:59:10Z" hostname="8b62a3214a5f" tests="6" skipped="3" failures="0" errors="0" time="1.632">
    <testcase time="0.284999999999968" classname="table_aovt01" name="AOVT01_variant_with_single_endpoint_is_produced_correctly"/>
    <testcase time="0.0680000000000973" classname="table_aovt01" name="AOVT01_variant_with_single_endpoint_is_produced_correctly">
      <skipped message="Reason: On CRAN ('test-table_aovt01.R:6:1')"/>
    </testcase>
    <testcase time="0.509999999999991" classname="table_aovt01" name="AOVT01_variant_with_multiple_endpoints_is_produced_correctly"/>
    <testcase time="0.135999999999967" classname="table_aovt01" name="AOVT01_variant_with_multiple_endpoints_is_produced_correctly">
      <skipped message="Reason: On CRAN ('test-table_aovt01.R:36:1')"/>
    </testcase>
    <testcase time="0.489000000000033" classname="table_aovt01" name="AOVT01_variant_with_proportional_weights_is_produced_correctly"/>
    <testcase time="0.144000000000005" classname="table_aovt01" name="AOVT01_variant_with_proportional_weights_is_produced_correctly">
      <skipped message="Reason: On CRAN ('test-table_aovt01.R:55:1')"/>
    </testcase>
  </testsuite>
  <testsuite name="table_aovt02" timestamp="2026-03-03T14:59:12Z" hostname="8b62a3214a5f" tests="2" skipped="1" failures="0" errors="0" time="0.361">
    <testcase time="0.29099999999994" classname="table_aovt02" name="AOVT02_is_produced_correctly"/>
    <testcase time="0.07000000000005" classname="table_aovt02" name="AOVT02_is_produced_correctly">
      <skipped message="Reason: On CRAN ('test-table_aovt02.R:15:1')"/>
    </testcase>
  </testsuite>
  <testsuite name="table_aovt03" timestamp="2026-03-03T14:59:12Z" hostname="8b62a3214a5f" tests="2" skipped="1" failures="0" errors="0" time="0.772">
    <testcase time="0.615999999999985" classname="table_aovt03" name="AOVT03_is_produced_correctly"/>
    <testcase time="0.155999999999949" classname="table_aovt03" name="AOVT03_is_produced_correctly">
      <skipped message="Reason: On CRAN ('test-table_aovt03.R:10:1')"/>
    </testcase>
  </testsuite>
  <testsuite name="table_cfbt01" timestamp="2026-03-03T14:59:13Z" hostname="8b62a3214a5f" tests="2" skipped="1" failures="0" errors="0" time="0.718">
    <testcase time="0.486000000000104" classname="table_cfbt01" name="CFBT01_default_variant_is_produced_correctly"/>
    <testcase time="0.231999999999971" classname="table_cfbt01" name="CFBT01_default_variant_is_produced_correctly">
      <skipped message="Reason: On CRAN ('test-table_cfbt01.R:15:1')"/>
    </testcase>
  </testsuite>
  <testsuite name="table_cmht01" timestamp="2026-03-03T14:59:14Z" hostname="8b62a3214a5f" tests="4" skipped="2" failures="0" errors="0" time="1.773">
    <testcase time="0.406999999999925" classname="table_cmht01" name="CMHT01_variant_1_is_produced_correctly"/>
    <testcase time="0.0670000000000073" classname="table_cmht01" name="CMHT01_variant_1_is_produced_correctly">
      <skipped message="Reason: On CRAN ('test-table_cmht01.R:8:1')"/>
    </testcase>
    <testcase time="1.03399999999999" classname="table_cmht01" name="CMHT01_variant_2_is_produced_correctly"/>
    <testcase time="0.2650000000001" classname="table_cmht01" name="CMHT01_variant_2_is_produced_correctly">
      <skipped message="Reason: On CRAN ('test-table_cmht01.R:61:1')"/>
    </testcase>
  </testsuite>
  <testsuite name="table_cmt01" timestamp="2026-03-03T14:59:15Z" hostname="8b62a3214a5f" tests="8" skipped="4" failures="0" errors="0" time="3.907">
    <testcase time="0.684999999999945" classname="table_cmt01" name="CMT01_default_variant_Concomitant_medications_is_produced_correctly"/>
    <testcase time="0.277000000000044" classname="table_cmt01" name="CMT01_default_variant_Concomitant_medications_is_produced_correctly">
      <skipped message="Reason: On CRAN ('test-table_cmt01.R:4:1')"/>
    </testcase>
    <testcase time="0.778999999999996" classname="table_cmt01" name="CMT01_variant_1_prior_medications_is_produced_correctly"/>
    <testcase time="0.293999999999983" classname="table_cmt01" name="CMT01_variant_1_prior_medications_is_produced_correctly">
      <skipped message="Reason: On CRAN ('test-table_cmt01.R:39:1')"/>
    </testcase>
    <testcase time="0.65300000000002" classname="table_cmt01" name="CMT01_variant_3_Concomitant_medications_is_produced_correctly"/>
    <testcase time="0.240000000000009" classname="table_cmt01" name="CMT01_variant_3_Concomitant_medications_is_produced_correctly">
      <skipped message="Reason: On CRAN ('test-table_cmt01.R:74:1')"/>
    </testcase>
    <testcase time="0.698999999999955" classname="table_cmt01" name="CMT01_variant_4_Concomitant_medications_is_produced_correctly"/>
    <testcase time="0.279999999999973" classname="table_cmt01" name="CMT01_variant_4_Concomitant_medications_is_produced_correctly">
      <skipped message="Reason: On CRAN ('test-table_cmt01.R:107:1')"/>
    </testcase>
  </testsuite>
  <testsuite name="table_cmt01a" timestamp="2026-03-03T14:59:20Z" hostname="8b62a3214a5f" tests="8" skipped="4" failures="0" errors="0" time="5.15">
    <testcase time="1.125" classname="table_cmt01a" name="CMT01A_variant_1_is_produced_correctly"/>
    <testcase time="0.230000000000018" classname="table_cmt01a" name="CMT01A_variant_1_is_produced_correctly">
      <skipped message="Reason: On CRAN ('test-table_cmt01a.R:16:1')"/>
    </testcase>
    <testcase time="0.982000000000085" classname="table_cmt01a" name="CMT01A_variant_2_is_produced_correctly"/>
    <testcase time="0.255999999999972" classname="table_cmt01a" name="CMT01A_variant_2_is_produced_correctly">
      <skipped message="Reason: On CRAN ('test-table_cmt01a.R:62:1')"/>
    </testcase>
    <testcase time="0.999000000000024" classname="table_cmt01a" name="CMT01A_variant_3_is_produced_correctly"/>
    <testcase time="0.232999999999947" classname="table_cmt01a" name="CMT01A_variant_3_is_produced_correctly">
      <skipped message="Reason: On CRAN ('test-table_cmt01a.R:108:1')"/>
    </testcase>
    <testcase time="1.13599999999997" classname="table_cmt01a" name="CMT01A_variant_4_is_produced_correctly"/>
    <testcase time="0.189000000000078" classname="table_cmt01a" name="CMT01A_variant_4_is_produced_correctly">
      <skipped message="Reason: On CRAN ('test-table_cmt01a.R:151:1')"/>
    </testcase>
  </testsuite>
  <testsuite name="table_cmt01b" timestamp="2026-03-03T14:59:25Z" hostname="8b62a3214a5f" tests="6" skipped="3" failures="0" errors="0" time="4.973">
    <testcase time="1.44999999999993" classname="table_cmt01b" name="CMT01B_variant_1_is_produced_correctly"/>
    <testcase time="0.343000000000075" classname="table_cmt01b" name="CMT01B_variant_1_is_produced_correctly">
      <skipped message="Reason: On CRAN ('test-table_cmt01b.R:17:1')"/>
    </testcase>
    <testcase time="1.03800000000001" classname="table_cmt01b" name="CMT01B_variant_2_is_produced_correctly"/>
    <testcase time="0.274999999999977" classname="table_cmt01b" name="CMT01B_variant_2_is_produced_correctly">
      <skipped message="Reason: On CRAN ('test-table_cmt01b.R:91:1')"/>
    </testcase>
    <testcase time="1.48599999999999" classname="table_cmt01b" name="CMT01B_variant_4_is_produced_correctly"/>
    <testcase time="0.380999999999972" classname="table_cmt01b" name="CMT01B_variant_4_is_produced_correctly">
      <skipped message="Reason: On CRAN ('test-table_cmt01b.R:149:1')"/>
    </testcase>
  </testsuite>
  <testsuite name="table_cmt02_pt" timestamp="2026-03-03T14:59:30Z" hostname="8b62a3214a5f" tests="2" skipped="1" failures="0" errors="0" time="0.59">
    <testcase time="0.43100000000004" classname="table_cmt02_pt" name="CMT02_PT_default_variant_is_produced_correctly"/>
    <testcase time="0.158999999999992" classname="table_cmt02_pt" name="CMT02_PT_default_variant_is_produced_correctly">
      <skipped message="Reason: On CRAN ('test-table_cmt02_pt.R:16:1')"/>
    </testcase>
  </testsuite>
  <testsuite name="table_coxt01" timestamp="2026-03-03T14:59:30Z" hostname="8b62a3214a5f" tests="8" skipped="4" failures="0" errors="0" time="1.858">
    <testcase time="0.295999999999935" classname="table_coxt01" name="1._Cox_Regression"/>
    <testcase time="0.0740000000000691" classname="table_coxt01" name="1._Cox_Regression">
      <skipped message="Reason: On CRAN ('test-table_coxt01.R:18:1')"/>
    </testcase>
    <testcase time="0.394000000000005" classname="table_coxt01" name="2._Cox_Regression_with_Interaction_Term_"/>
    <testcase time="0.08299999999997" classname="table_coxt01" name="2._Cox_Regression_with_Interaction_Term_">
      <skipped message="Reason: On CRAN ('test-table_coxt01.R:34:1')"/>
    </testcase>
    <testcase time="0.408999999999992" classname="table_coxt01" name="3._Cox_Regression_specifying_covariates_"/>
    <testcase time="0.0869999999999891" classname="table_coxt01" name="3._Cox_Regression_specifying_covariates_">
      <skipped message="Reason: On CRAN ('test-table_coxt01.R:53:1')"/>
    </testcase>
    <testcase time="0.426000000000045" classname="table_coxt01" name="4._Cox_Regression_setting_strata_ties_and_alpha_level_"/>
    <testcase time="0.0889999999999418" classname="table_coxt01" name="4._Cox_Regression_setting_strata_ties_and_alpha_level_">
      <skipped message="Reason: On CRAN ('test-table_coxt01.R:75:1')"/>
    </testcase>
  </testsuite>
  <testsuite name="table_coxt02" timestamp="2026-03-03T14:59:32Z" hostname="8b62a3214a5f" tests="4" skipped="2" failures="0" errors="0" time="0.715">
    <testcase time="0.319000000000074" classname="table_coxt02" name="COXT02_default_variant_1_is_produced_correctly"/>
    <testcase time="0.0569999999999027" classname="table_coxt02" name="COXT02_default_variant_1_is_produced_correctly">
      <skipped message="Reason: On CRAN ('test-table_coxt02.R:19:1')"/>
    </testcase>
    <testcase time="0.288000000000011" classname="table_coxt02" name="COXT02_variant_5_is_produced_correctly"/>
    <testcase time="0.0509999999999309" classname="table_coxt02" name="COXT02_variant_5_is_produced_correctly">
      <skipped message="Reason: On CRAN ('test-table_coxt02.R:33:1')"/>
    </testcase>
  </testsuite>
  <testsuite name="table_disclosures" timestamp="2026-03-03T14:59:33Z" hostname="8b62a3214a5f" tests="12" skipped="6" failures="0" errors="0" time="2.093">
    <testcase time="0.188999999999965" classname="table_disclosures" name="Patient_Disposition_table_is_produced_correctly"/>
    <testcase time="0.0940000000000509" classname="table_disclosures" name="Patient_Disposition_table_is_produced_correctly">
      <skipped message="Reason: On CRAN ('test-table_disclosures.R:75:1')"/>
    </testcase>
    <testcase time="0.264999999999986" classname="table_disclosures" name="Demographic_table_is_produced_correctly"/>
    <testcase time="0.138000000000034" classname="table_disclosures" name="Demographic_table_is_produced_correctly">
      <skipped message="Reason: On CRAN ('test-table_disclosures.R:113:1')"/>
    </testcase>
    <testcase time="0.117999999999938" classname="table_disclosures" name="Enrollment_by_Country_Table_is_produced_correctly"/>
    <testcase time="0.0819999999999936" classname="table_disclosures" name="Enrollment_by_Country_Table_is_produced_correctly">
      <skipped message="Reason: On CRAN ('test-table_disclosures.R:134:1')"/>
    </testcase>
    <testcase time="0.100000000000023" classname="table_disclosures" name="Death_table_is_produced_correctly"/>
    <testcase time="0.0489999999999782" classname="table_disclosures" name="Death_table_is_produced_correctly">
      <skipped message="Reason: On CRAN ('test-table_disclosures.R:146:1')"/>
    </testcase>
    <testcase time="0.394000000000005" classname="table_disclosures" name="Table_of_Serious_Adverse_Events_is_produced_correctly_for_one_specific_treatment_arm_"/>
    <testcase time="0.0950000000000273" classname="table_disclosures" name="Table_of_Serious_Adverse_Events_is_produced_correctly_for_one_specific_treatment_arm_">
      <skipped message="Reason: On CRAN ('test-table_disclosures.R:164:1')"/>
    </testcase>
    <testcase time="0.44500000000005" classname="table_disclosures" name="Table_of_Non_Serious_Adverse_Events_is_produced_correctly"/>
    <testcase time="0.124000000000024" classname="table_disclosures" name="Table_of_Non_Serious_Adverse_Events_is_produced_correctly">
      <skipped message="Reason: On CRAN ('test-table_disclosures.R:192:1')"/>
    </testcase>
  </testsuite>
  <testsuite name="table_dmt01" timestamp="2026-03-03T14:59:36Z" hostname="8b62a3214a5f" tests="10" skipped="5" failures="0" errors="0" time="3.009">
    <testcase time="1.20799999999997" classname="table_dmt01" name="DMT01_variant_1_is_produced_correctly"/>
    <testcase time="0.159999999999968" classname="table_dmt01" name="DMT01_variant_1_is_produced_correctly">
      <skipped message="Reason: On CRAN ('test-table_dmt01.R:69:1')"/>
    </testcase>
    <testcase time="0.283000000000015" classname="table_dmt01" name="DMT01_variant_2_is_produced_correctly"/>
    <testcase time="0.152000000000044" classname="table_dmt01" name="DMT01_variant_2_is_produced_correctly">
      <skipped message="Reason: On CRAN ('test-table_dmt01.R:93:1')"/>
    </testcase>
    <testcase time="0.330999999999904" classname="table_dmt01" name="DMT01_variant_3_is_produced_correctly"/>
    <testcase time="0.158000000000015" classname="table_dmt01" name="DMT01_variant_3_is_produced_correctly">
      <skipped message="Reason: On CRAN ('test-table_dmt01.R:116:1')"/>
    </testcase>
    <testcase time="0.244000000000028" classname="table_dmt01" name="DMT01_variant_4_is_produced_correctly"/>
    <testcase time="0.136000000000081" classname="table_dmt01" name="DMT01_variant_4_is_produced_correctly">
      <skipped message="Reason: On CRAN ('test-table_dmt01.R:135:1')"/>
    </testcase>
    <testcase time="0.211999999999989" classname="table_dmt01" name="DMT01_variant_5_is_produced_correctly"/>
    <testcase time="0.125" classname="table_dmt01" name="DMT01_variant_5_is_produced_correctly">
      <skipped message="Reason: On CRAN ('test-table_dmt01.R:154:1')"/>
    </testcase>
  </testsuite>
  <testsuite name="table_dort01" timestamp="2026-03-03T14:59:38Z" hostname="8b62a3214a5f" tests="8" skipped="4" failures="0" errors="0" time="1.645">
    <testcase time="0.361999999999966" classname="table_dort01" name="DORT01_variant_1_is_produced_correctly"/>
    <testcase time="0.0800000000000409" classname="table_dort01" name="DORT01_variant_1_is_produced_correctly">
      <skipped message="Reason: On CRAN ('test-table_dort01.R:26:1')"/>
    </testcase>
    <testcase time="0.324999999999932" classname="table_dort01" name="DORT01_variant_2_selecting_sectons_is_produced_correctly"/>
    <testcase time="0.105000000000018" classname="table_dort01" name="DORT01_variant_2_selecting_sectons_is_produced_correctly">
      <skipped message="Reason: On CRAN ('test-table_dort01.R:81:1')"/>
    </testcase>
    <testcase time="0.302999999999997" classname="table_dort01" name="DORT01_variant_3_modifying_conftype_and_alpha_level_is_produced_correctly"/>
    <testcase time="0.08299999999997" classname="table_dort01" name="DORT01_variant_3_modifying_conftype_and_alpha_level_is_produced_correctly">
      <skipped message="Reason: On CRAN ('test-table_dort01.R:137:1')"/>
    </testcase>
    <testcase time="0.307000000000016" classname="table_dort01" name="DORT01_variant_4_modifying_time_point_for_the_xx_duration_is_produced_correctly"/>
    <testcase time="0.0800000000000409" classname="table_dort01" name="DORT01_variant_4_modifying_time_point_for_the_xx_duration_is_produced_correctly">
      <skipped message="Reason: On CRAN ('test-table_dort01.R:193:1')"/>
    </testcase>
  </testsuite>
  <testsuite name="table_dst01" timestamp="2026-03-03T14:59:39Z" hostname="8b62a3214a5f" tests="5" skipped="2" failures="0" errors="0" time="0.824">
    <testcase time="0.174999999999955" classname="table_dst01" name="DST01_default_variant_is_produced_correctly"/>
    <testcase time="0.0930000000000746" classname="table_dst01" name="DST01_default_variant_is_produced_correctly">
      <skipped message="Reason: On CRAN ('test-table_dst01.R:23:1')"/>
    </testcase>
    <testcase time="0.281999999999925" classname="table_dst01" name="DST01_variants_2_and_3_are_produced_correctly"/>
    <testcase time="0.177999999999997" classname="table_dst01" name="DST01_variants_2_and_3_are_produced_correctly"/>
    <testcase time="0.0960000000000036" classname="table_dst01" name="DST01_variants_2_and_3_are_produced_correctly">
      <skipped message="Reason: On CRAN ('test-table_dst01.R:47:1')"/>
    </testcase>
  </testsuite>
  <testsuite name="table_dtht01" timestamp="2026-03-03T14:59:40Z" hostname="8b62a3214a5f" tests="8" skipped="4" failures="0" errors="0" time="1.287">
    <testcase time="0.157000000000039" classname="table_dtht01" name="DTHT01_variant_1_is_produced_correctly"/>
    <testcase time="0.0579999999999927" classname="table_dtht01" name="DTHT01_variant_1_is_produced_correctly">
      <skipped message="Reason: On CRAN ('test-table_dtht01.R:9:1')"/>
    </testcase>
    <testcase time="0.326000000000022" classname="table_dtht01" name="DTHT01_variant_2_is_produced_correctly"/>
    <testcase time="0.149000000000001" classname="table_dtht01" name="DTHT01_variant_2_is_produced_correctly">
      <skipped message="Reason: On CRAN ('test-table_dtht01.R:26:1')"/>
    </testcase>
    <testcase time="0.185999999999922" classname="table_dtht01" name="DTHT01_variant_3_is_produced_correctly"/>
    <testcase time="0.0910000000000082" classname="table_dtht01" name="DTHT01_variant_3_is_produced_correctly">
      <skipped message="Reason: On CRAN ('test-table_dtht01.R:63:1')"/>
    </testcase>
    <testcase time="0.225999999999999" classname="table_dtht01" name="DTHT01_variant_4_is_produced_correctly"/>
    <testcase time="0.0940000000000509" classname="table_dtht01" name="DTHT01_variant_4_is_produced_correctly">
      <skipped message="Reason: On CRAN ('test-table_dtht01.R:107:1')"/>
    </testcase>
  </testsuite>
  <testsuite name="table_egt01" timestamp="2026-03-03T14:59:43Z" hostname="8b62a3214a5f" tests="2" skipped="1" failures="0" errors="0" time="3.776">
    <testcase time="2.87299999999993" classname="table_egt01" name="EGT01_default_variant_is_produced_correctly"/>
    <testcase time="0.90300000000002" classname="table_egt01" name="EGT01_default_variant_is_produced_correctly">
      <skipped message="Reason: On CRAN ('test-table_egt01.R:13:1')"/>
    </testcase>
  </testsuite>
  <testsuite name="table_egt02" timestamp="2026-03-03T14:59:46Z" hostname="8b62a3214a5f" tests="4" skipped="2" failures="0" errors="0" time="1.653">
    <testcase time="1.30399999999997" classname="table_egt02" name="_EGT02_1._Regardless_of_Abnormality_at_Baseline"/>
    <testcase time="0.0620000000000118" classname="table_egt02" name="_EGT02_1._Regardless_of_Abnormality_at_Baseline">
      <skipped message="Reason: On CRAN ('test-table_egt02.R:18:1')"/>
    </testcase>
    <testcase time="0.206999999999994" classname="table_egt02" name="_EGT02_2._Among_Subjects_Without_Abnormality_at_Baseline"/>
    <testcase time="0.0800000000000409" classname="table_egt02" name="_EGT02_2._Among_Subjects_Without_Abnormality_at_Baseline">
      <skipped message="Reason: On CRAN ('test-table_egt02.R:38:1')"/>
    </testcase>
  </testsuite>
  <testsuite name="table_egt03" timestamp="2026-03-03T14:59:47Z" hostname="8b62a3214a5f" tests="8" skipped="4" failures="0" errors="0" time="1.371">
    <testcase time="0.254000000000019" classname="table_egt03" name="EGT03_variant_1_is_produced_correctly"/>
    <testcase time="0.126999999999953" classname="table_egt03" name="EGT03_variant_1_is_produced_correctly">
      <skipped message="Reason: On CRAN ('test-table_egt03.R:35:1')"/>
    </testcase>
    <testcase time="0.179000000000087" classname="table_egt03" name="EGT03_variant_2_is_produced_correctly"/>
    <testcase time="0.0769999999999982" classname="table_egt03" name="EGT03_variant_2_is_produced_correctly">
      <skipped message="Reason: On CRAN ('test-table_egt03.R:60:1')"/>
    </testcase>
    <testcase time="0.258999999999901" classname="table_egt03" name="EGT03_variant_3_is_produced_correctly"/>
    <testcase time="0.103000000000065" classname="table_egt03" name="EGT03_variant_3_is_produced_correctly">
      <skipped message="Reason: On CRAN ('test-table_egt03.R:75:1')"/>
    </testcase>
    <testcase time="0.259999999999991" classname="table_egt03" name="EGT03_variant_4_is_produced_correctly"/>
    <testcase time="0.111999999999966" classname="table_egt03" name="EGT03_variant_4_is_produced_correctly">
      <skipped message="Reason: On CRAN ('test-table_egt03.R:101:1')"/>
    </testcase>
  </testsuite>
  <testsuite name="table_egt04" timestamp="2026-03-03T14:59:49Z" hostname="8b62a3214a5f" tests="2" skipped="1" failures="0" errors="0" time="1.425">
    <testcase time="1.34300000000007" classname="table_egt04" name="EGT04_default_variant_is_produced_correctly"/>
    <testcase time="0.0819999999999936" classname="table_egt04" name="EGT04_default_variant_is_produced_correctly">
      <skipped message="Reason: On CRAN ('test-table_egt04.R:15:1')"/>
    </testcase>
  </testsuite>
  <testsuite name="table_egt05_qtcat" timestamp="2026-03-03T14:59:51Z" hostname="8b62a3214a5f" tests="2" skipped="1" failures="0" errors="0" time="2.265">
    <testcase time="1.82799999999997" classname="table_egt05_qtcat" name="EGT05_QTCAT_default_variant_is_produced_correctly"/>
    <testcase time="0.437000000000012" classname="table_egt05_qtcat" name="EGT05_QTCAT_default_variant_is_produced_correctly">
      <skipped message="Reason: On CRAN ('test-table_egt05_qtcat.R:61:1')"/>
    </testcase>
  </testsuite>
  <testsuite name="table_ent" timestamp="2026-03-03T14:59:52Z" hostname="8b62a3214a5f" tests="8" skipped="4" failures="0" errors="0" time="15.169">
    <testcase time="3.76199999999994" classname="table_ent" name="ENT01_IT_is_produced_correctly"/>
    <testcase time="0.548000000000002" classname="table_ent" name="ENT01_IT_is_produced_correctly">
      <skipped message="Reason: On CRAN ('test-table_ent.R:8:1')"/>
    </testcase>
    <testcase time="2.48599999999999" classname="table_ent" name="ENT01a_IT_is_produced_correctly"/>
    <testcase time="0.546000000000049" classname="table_ent" name="ENT01a_IT_is_produced_correctly">
      <skipped message="Reason: On CRAN ('test-table_ent.R:27:1')"/>
    </testcase>
    <testcase time="4.01300000000003" classname="table_ent" name="ENT02_IT_is_produced_correctly"/>
    <testcase time="0.611999999999966" classname="table_ent" name="ENT02_IT_is_produced_correctly">
      <skipped message="Reason: On CRAN ('test-table_ent.R:43:1')"/>
    </testcase>
    <testcase time="2.62699999999995" classname="table_ent" name="ENT02a_IT_is_produced_correctly"/>
    <testcase time="0.575000000000045" classname="table_ent" name="ENT02a_IT_is_produced_correctly">
      <skipped message="Reason: On CRAN ('test-table_ent.R:64:1')"/>
    </testcase>
  </testsuite>
  <testsuite name="table_eudrat01" timestamp="2026-03-03T15:00:07Z" hostname="8b62a3214a5f" tests="2" skipped="1" failures="0" errors="0" time="0.699">
    <testcase time="0.56899999999996" classname="table_eudrat01" name="EUDRAT01_is_produced_correctly"/>
    <testcase time="0.129999999999995" classname="table_eudrat01" name="EUDRAT01_is_produced_correctly">
      <skipped message="Reason: On CRAN ('test-table_eudrat01.R:46:1')"/>
    </testcase>
  </testsuite>
  <testsuite name="table_eudrat02" timestamp="2026-03-03T15:00:08Z" hostname="8b62a3214a5f" tests="2" skipped="1" failures="0" errors="0" time="0.53">
    <testcase time="0.450000000000045" classname="table_eudrat02" name="EUDRAT02_is_produced_correctly"/>
    <testcase time="0.0800000000000409" classname="table_eudrat02" name="EUDRAT02_is_produced_correctly">
      <skipped message="Reason: On CRAN ('test-table_eudrat02.R:15:1')"/>
    </testcase>
  </testsuite>
  <testsuite name="table_ext01" timestamp="2026-03-03T15:00:09Z" hostname="8b62a3214a5f" tests="6" skipped="3" failures="0" errors="0" time="2.032">
    <testcase time="0.481999999999971" classname="table_ext01" name="EXT01_default_variant_with_numeric_parameters_is_produced_correctly"/>
    <testcase time="0.160999999999945" classname="table_ext01" name="EXT01_default_variant_with_numeric_parameters_is_produced_correctly">
      <skipped message="Reason: On CRAN ('test-table_ext01.R:73:1')"/>
    </testcase>
    <testcase time="0.349000000000046" classname="table_ext01" name="EXT01_variant_with_both_numeric_and_categorical_parameters"/>
    <testcase time="0.475000000000023" classname="table_ext01" name="EXT01_variant_with_both_numeric_and_categorical_parameters">
      <skipped message="Reason: On CRAN ('test-table_ext01.R:88:1')"/>
    </testcase>
    <testcase time="0.363999999999919" classname="table_ext01" name="EXT01_variant_with_user_specified_categories_for_missed_doses"/>
    <testcase time="0.201000000000022" classname="table_ext01" name="EXT01_variant_with_user_specified_categories_for_missed_doses">
      <skipped message="Reason: On CRAN ('test-table_ext01.R:132:1')"/>
    </testcase>
  </testsuite>
  <testsuite name="table_jnj_tbl1" timestamp="2026-03-03T15:00:10Z" hostname="8b62a3214a5f" tests="2" skipped="1" failures="0" errors="0" time="0.283">
    <testcase time="0.199000000000069" classname="table_jnj_tbl1" name="DMT01_variant_factor_with_only_Missing_values"/>
    <testcase time="0.0839999999999463" classname="table_jnj_tbl1" name="DMT01_variant_factor_with_only_Missing_values">
      <skipped message="Reason: On CRAN ('test-table_jnj_tbl1.R:38:1')"/>
    </testcase>
  </testsuite>
  <testsuite name="table_lbt01" timestamp="2026-03-03T15:00:11Z" hostname="8b62a3214a5f" tests="2" skipped="1" failures="0" errors="0" time="2.061">
    <testcase time="1.58100000000002" classname="table_lbt01" name="LBT01_default_variant_is_produced_correctly"/>
    <testcase time="0.480000000000018" classname="table_lbt01" name="LBT01_default_variant_is_produced_correctly">
      <skipped message="Reason: On CRAN ('test-table_lbt01.R:13:1')"/>
    </testcase>
  </testsuite>
  <testsuite name="table_lbt02" timestamp="2026-03-03T15:00:13Z" hostname="8b62a3214a5f" tests="2" skipped="1" failures="0" errors="0" time="1.463">
    <testcase time="0.999000000000024" classname="table_lbt02" name="LBT02_default_variant_is_produced_correctly"/>
    <testcase time="0.463999999999942" classname="table_lbt02" name="LBT02_default_variant_is_produced_correctly">
      <skipped message="Reason: On CRAN ('test-table_lbt02.R:6:1')"/>
    </testcase>
  </testsuite>
  <testsuite name="table_lbt03" timestamp="2026-03-03T15:00:14Z" hostname="8b62a3214a5f" tests="2" skipped="1" failures="0" errors="0" time="0.261">
    <testcase time="0.186000000000035" classname="table_lbt03" name="LBT03_default_variant_is_produced_correctly"/>
    <testcase time="0.0750000000000455" classname="table_lbt03" name="LBT03_default_variant_is_produced_correctly">
      <skipped message="Reason: On CRAN ('test-table_lbt03.R:6:1')"/>
    </testcase>
  </testsuite>
  <testsuite name="table_lbt04" timestamp="2026-03-03T15:00:15Z" hostname="8b62a3214a5f" tests="2" skipped="1" failures="0" errors="0" time="1.299">
    <testcase time="1.13499999999999" classname="table_lbt04" name="LBT04_default_variant_is_produced_correctly"/>
    <testcase time="0.163999999999987" classname="table_lbt04" name="LBT04_default_variant_is_produced_correctly">
      <skipped message="Reason: On CRAN ('test-table_lbt04.R:16:1')"/>
    </testcase>
  </testsuite>
  <testsuite name="table_lbt05" timestamp="2026-03-03T15:00:16Z" hostname="8b62a3214a5f" tests="6" skipped="3" failures="0" errors="0" time="7.039">
    <testcase time="2.221" classname="table_lbt05" name="LBT05_variant_1_is_produced_correctly"/>
    <testcase time="0.38900000000001" classname="table_lbt05" name="LBT05_variant_1_is_produced_correctly">
      <skipped message="Reason: On CRAN ('test-table_lbt05.R:63:1')"/>
    </testcase>
    <testcase time="1.596" classname="table_lbt05" name="LBT05_variant_2_is_produced_correctly"/>
    <testcase time="0.481999999999971" classname="table_lbt05" name="LBT05_variant_2_is_produced_correctly">
      <skipped message="Reason: On CRAN ('test-table_lbt05.R:88:1')"/>
    </testcase>
    <testcase time="2.01300000000003" classname="table_lbt05" name="LBT05_variant_4_is_produced_correctly"/>
    <testcase time="0.337999999999965" classname="table_lbt05" name="LBT05_variant_4_is_produced_correctly">
      <skipped message="Reason: On CRAN ('test-table_lbt05.R:110:1')"/>
    </testcase>
  </testsuite>
  <testsuite name="table_lbt06" timestamp="2026-03-03T15:00:23Z" hostname="8b62a3214a5f" tests="2" skipped="1" failures="0" errors="0" time="0.56">
    <testcase time="0.403999999999996" classname="table_lbt06" name="LBT06_default_variant_is_produced_correctly"/>
    <testcase time="0.155999999999949" classname="table_lbt06" name="LBT06_default_variant_is_produced_correctly">
      <skipped message="Reason: On CRAN ('test-table_lbt06.R:7:1')"/>
    </testcase>
  </testsuite>
  <testsuite name="table_lbt07" timestamp="2026-03-03T15:00:24Z" hostname="8b62a3214a5f" tests="2" skipped="1" failures="0" errors="0" time="2.61">
    <testcase time="2.28800000000001" classname="table_lbt07" name="LBT07_is_produced_correctly"/>
    <testcase time="0.322000000000003" classname="table_lbt07" name="LBT07_is_produced_correctly">
      <skipped message="Reason: On CRAN ('test-table_lbt07.R:57:1')"/>
    </testcase>
  </testsuite>
  <testsuite name="table_lbt08" timestamp="2026-03-03T15:00:26Z" hostname="8b62a3214a5f" tests="2" skipped="1" failures="0" errors="0" time="0.424">
    <testcase time="0.33400000000006" classname="table_lbt08" name="LBT08_produce_correctly"/>
    <testcase time="0.0899999999999181" classname="table_lbt08" name="LBT08_produce_correctly">
      <skipped message="Reason: On CRAN ('test-table_lbt08.R:19:1')"/>
    </testcase>
  </testsuite>
[...]
    <testcase time="1.37400000000002" classname="tsfdth01" name="tsfdth01">
      <skipped message="Reason: On CRAN ('test-tsfdth01.R:1:1')"/>
    </testcase>
  </testsuite>
  <testsuite name="tsfecg01apart1" timestamp="2026-03-03T15:08:36Z" hostname="8b62a3214a5f" tests="1" skipped="1" failures="0" errors="0" time="4.879">
    <testcase time="4.87899999999991" classname="tsfecg01apart1" name="tsfecg01a">
      <skipped message="Reason: On CRAN ('test-tsfecg01apart1.R:1:1')"/>
    </testcase>
  </testsuite>
  <testsuite name="tsfecg01apart2" timestamp="2026-03-03T15:08:41Z" hostname="8b62a3214a5f" tests="1" skipped="1" failures="0" errors="0" time="4.927">
    <testcase time="4.92700000000013" classname="tsfecg01apart2" name="tsfecg01a">
      <skipped message="Reason: On CRAN ('test-tsfecg01apart2.R:1:1')"/>
    </testcase>
  </testsuite>
  <testsuite name="tsfecg01apart3" timestamp="2026-03-03T15:08:46Z" hostname="8b62a3214a5f" tests="1" skipped="1" failures="0" errors="0" time="4.957">
    <testcase time="4.95699999999988" classname="tsfecg01apart3" name="tsfecg01a">
      <skipped message="Reason: On CRAN ('test-tsfecg01apart3.R:1:1')"/>
    </testcase>
  </testsuite>
  <testsuite name="tsfecg01part1" timestamp="2026-03-03T15:08:51Z" hostname="8b62a3214a5f" tests="1" skipped="1" failures="0" errors="0" time="9.938">
    <testcase time="9.9380000000001" classname="tsfecg01part1" name="tsfecg01">
      <skipped message="Reason: On CRAN ('test-tsfecg01part1.R:1:1')"/>
    </testcase>
  </testsuite>
  <testsuite name="tsfecg01part2" timestamp="2026-03-03T15:09:01Z" hostname="8b62a3214a5f" tests="1" skipped="1" failures="0" errors="0" time="9.416">
    <testcase time="9.41599999999994" classname="tsfecg01part2" name="tsfecg01">
      <skipped message="Reason: On CRAN ('test-tsfecg01part2.R:1:1')"/>
    </testcase>
  </testsuite>
  <testsuite name="tsfecg02" timestamp="2026-03-03T15:09:10Z" hostname="8b62a3214a5f" tests="1" skipped="1" failures="0" errors="0" time="3.425">
    <testcase time="3.42499999999995" classname="tsfecg02" name="tsfecg02">
      <skipped message="Reason: On CRAN ('test-tsfecg02.R:1:1')"/>
    </testcase>
  </testsuite>
  <testsuite name="tsfecg03" timestamp="2026-03-03T15:09:14Z" hostname="8b62a3214a5f" tests="1" skipped="1" failures="0" errors="0" time="0.657">
    <testcase time="0.656999999999925" classname="tsfecg03" name="tsfecg03">
      <skipped message="Reason: On CRAN ('test-tsfecg03.R:1:1')"/>
    </testcase>
  </testsuite>
  <testsuite name="tsfecg04" timestamp="2026-03-03T15:09:14Z" hostname="8b62a3214a5f" tests="1" skipped="1" failures="0" errors="0" time="2.289">
    <testcase time="2.28900000000021" classname="tsfecg04" name="tsfecg04">
      <skipped message="Reason: On CRAN ('test-tsfecg04.R:1:1')"/>
    </testcase>
  </testsuite>
  <testsuite name="tsfecg05" timestamp="2026-03-03T15:09:17Z" hostname="8b62a3214a5f" tests="1" skipped="1" failures="0" errors="0" time="1.443">
    <testcase time="1.44299999999998" classname="tsfecg05" name="tsfecg05">
      <skipped message="Reason: On CRAN ('test-tsfecg05.R:1:1')"/>
    </testcase>
  </testsuite>
  <testsuite name="tsflab01apart1" timestamp="2026-03-03T15:09:18Z" hostname="8b62a3214a5f" tests="1" skipped="1" failures="0" errors="0" time="15.374">
    <testcase time="15.374" classname="tsflab01apart1" name="tsflab01a">
      <skipped message="Reason: On CRAN ('test-tsflab01apart1.R:1:1')"/>
    </testcase>
  </testsuite>
  <testsuite name="tsflab01apart2" timestamp="2026-03-03T15:09:34Z" hostname="8b62a3214a5f" tests="1" skipped="1" failures="0" errors="0" time="14.927">
    <testcase time="14.9269999999999" classname="tsflab01apart2" name="tsflab01a">
      <skipped message="Reason: On CRAN ('test-tsflab01apart2.R:1:1')"/>
    </testcase>
  </testsuite>
  <testsuite name="tsflab01apart3" timestamp="2026-03-03T15:09:48Z" hostname="8b62a3214a5f" tests="1" skipped="1" failures="0" errors="0" time="15.164">
    <testcase time="15.164" classname="tsflab01apart3" name="tsflab01a">
      <skipped message="Reason: On CRAN ('test-tsflab01apart3.R:1:1')"/>
    </testcase>
  </testsuite>
  <testsuite name="tsflab01part1" timestamp="2026-03-03T15:10:04Z" hostname="8b62a3214a5f" tests="1" skipped="1" failures="0" errors="0" time="6.812">
    <testcase time="6.8119999999999" classname="tsflab01part1" name="tsflab01">
      <skipped message="Reason: On CRAN ('test-tsflab01part1.R:1:1')"/>
    </testcase>
  </testsuite>
  <testsuite name="tsflab01part2" timestamp="2026-03-03T15:10:10Z" hostname="8b62a3214a5f" tests="1" skipped="1" failures="0" errors="0" time="6.28">
    <testcase time="6.2800000000002" classname="tsflab01part2" name="tsflab01">
      <skipped message="Reason: On CRAN ('test-tsflab01part2.R:1:1')"/>
    </testcase>
  </testsuite>
  <testsuite name="tsflab02" timestamp="2026-03-03T15:10:17Z" hostname="8b62a3214a5f" tests="1" skipped="1" failures="0" errors="0" time="1.073">
    <testcase time="1.07299999999987" classname="tsflab02" name="tsflab02">
      <skipped message="Reason: On CRAN ('test-tsflab02.R:1:1')"/>
    </testcase>
  </testsuite>
  <testsuite name="tsflab02a" timestamp="2026-03-03T15:10:18Z" hostname="8b62a3214a5f" tests="1" skipped="1" failures="0" errors="0" time="2.784">
    <testcase time="2.78400000000011" classname="tsflab02a" name="tsflab02a">
      <skipped message="Reason: On CRAN ('test-tsflab02a.R:1:1')"/>
    </testcase>
  </testsuite>
  <testsuite name="tsflab02b" timestamp="2026-03-03T15:10:21Z" hostname="8b62a3214a5f" tests="1" skipped="1" failures="0" errors="0" time="2.353">
    <testcase time="2.35299999999984" classname="tsflab02b" name="tsflab02b">
      <skipped message="Reason: On CRAN ('test-tsflab02b.R:1:1')"/>
    </testcase>
  </testsuite>
  <testsuite name="tsflab03" timestamp="2026-03-03T15:10:23Z" hostname="8b62a3214a5f" tests="1" skipped="1" failures="0" errors="0" time="3.635">
    <testcase time="3.63499999999999" classname="tsflab03" name="tsflab03">
      <skipped message="Reason: On CRAN ('test-tsflab03.R:1:1')"/>
    </testcase>
  </testsuite>
  <testsuite name="tsflab03a" timestamp="2026-03-03T15:10:27Z" hostname="8b62a3214a5f" tests="1" skipped="1" failures="0" errors="0" time="10.691">
    <testcase time="10.691" classname="tsflab03a" name="tsflab03a">
      <skipped message="Reason: On CRAN ('test-tsflab03a.R:1:1')"/>
    </testcase>
  </testsuite>
  <testsuite name="tsflab04a" timestamp="2026-03-03T15:10:37Z" hostname="8b62a3214a5f" tests="1" skipped="1" failures="0" errors="0" time="2.852">
    <testcase time="2.85200000000009" classname="tsflab04a" name="tsflab04a">
      <skipped message="Reason: On CRAN ('test-tsflab04a.R:1:1')"/>
    </testcase>
  </testsuite>
  <testsuite name="tsflab04b" timestamp="2026-03-03T15:10:40Z" hostname="8b62a3214a5f" tests="1" skipped="1" failures="0" errors="0" time="1.488">
    <testcase time="1.48800000000006" classname="tsflab04b" name="tsflab04b">
      <skipped message="Reason: On CRAN ('test-tsflab04b.R:1:1')"/>
    </testcase>
  </testsuite>
  <testsuite name="tsflab05" timestamp="2026-03-03T15:10:42Z" hostname="8b62a3214a5f" tests="1" skipped="1" failures="0" errors="0" time="2.922">
    <testcase time="2.92200000000003" classname="tsflab05" name="tsflab05">
      <skipped message="Reason: On CRAN ('test-tsflab05.R:1:1')"/>
    </testcase>
  </testsuite>
  <testsuite name="tsflab06" timestamp="2026-03-03T15:10:44Z" hostname="8b62a3214a5f" tests="1" skipped="1" failures="0" errors="0" time="3.251">
    <testcase time="3.25099999999998" classname="tsflab06" name="tsflab06">
      <skipped message="Reason: On CRAN ('test-tsflab06.R:1:1')"/>
    </testcase>
  </testsuite>
  <testsuite name="tsflab07" timestamp="2026-03-03T15:10:48Z" hostname="8b62a3214a5f" tests="1" skipped="1" failures="0" errors="0" time="18.698">
    <testcase time="18.6979999999999" classname="tsflab07" name="tsflab07">
      <skipped message="Reason: On CRAN ('test-tsflab07.R:1:1')"/>
    </testcase>
  </testsuite>
  <testsuite name="tsfvit01apart1" timestamp="2026-03-03T15:11:06Z" hostname="8b62a3214a5f" tests="1" skipped="1" failures="0" errors="0" time="7.499">
    <testcase time="7.49900000000002" classname="tsfvit01apart1" name="tsfvit01a">
      <skipped message="Reason: On CRAN ('test-tsfvit01apart1.R:1:1')"/>
    </testcase>
  </testsuite>
  <testsuite name="tsfvit01apart2" timestamp="2026-03-03T15:11:14Z" hostname="8b62a3214a5f" tests="1" skipped="1" failures="0" errors="0" time="6.995">
    <testcase time="6.99500000000012" classname="tsfvit01apart2" name="tsfvit01a">
      <skipped message="Reason: On CRAN ('test-tsfvit01apart2.R:1:1')"/>
    </testcase>
  </testsuite>
  <testsuite name="tsfvit01apart3" timestamp="2026-03-03T15:11:21Z" hostname="8b62a3214a5f" tests="1" skipped="1" failures="0" errors="0" time="7.122">
    <testcase time="7.12199999999984" classname="tsfvit01apart3" name="tsfvit01a">
      <skipped message="Reason: On CRAN ('test-tsfvit01apart3.R:1:1')"/>
    </testcase>
  </testsuite>
  <testsuite name="tsfvit01apart4" timestamp="2026-03-03T15:11:28Z" hostname="8b62a3214a5f" tests="1" skipped="1" failures="0" errors="0" time="7.208">
    <testcase time="7.20800000000008" classname="tsfvit01apart4" name="tsfvit01a">
      <skipped message="Reason: On CRAN ('test-tsfvit01apart4.R:1:1')"/>
    </testcase>
  </testsuite>
  <testsuite name="tsfvit01part1" timestamp="2026-03-03T15:11:35Z" hostname="8b62a3214a5f" tests="1" skipped="1" failures="0" errors="0" time="3.693">
    <testcase time="3.69299999999998" classname="tsfvit01part1" name="tsfvit01">
      <skipped message="Reason: On CRAN ('test-tsfvit01part1.R:1:1')"/>
    </testcase>
  </testsuite>
  <testsuite name="tsfvit01part2" timestamp="2026-03-03T15:11:39Z" hostname="8b62a3214a5f" tests="1" skipped="1" failures="0" errors="0" time="3.73">
    <testcase time="3.73000000000002" classname="tsfvit01part2" name="tsfvit01">
      <skipped message="Reason: On CRAN ('test-tsfvit01part2.R:1:1')"/>
    </testcase>
  </testsuite>
  <testsuite name="tsfvit01part3" timestamp="2026-03-03T15:11:43Z" hostname="8b62a3214a5f" tests="1" skipped="1" failures="0" errors="0" time="3.967">
    <testcase time="3.9670000000001" classname="tsfvit01part3" name="tsfvit01">
      <skipped message="Reason: On CRAN ('test-tsfvit01part3.R:1:1')"/>
    </testcase>
  </testsuite>
  <testsuite name="tsfvit01part4" timestamp="2026-03-03T15:11:47Z" hostname="8b62a3214a5f" tests="1" skipped="1" failures="0" errors="0" time="3.565">
    <testcase time="3.56499999999983" classname="tsfvit01part4" name="tsfvit01">
      <skipped message="Reason: On CRAN ('test-tsfvit01part4.R:1:1')"/>
    </testcase>
  </testsuite>
  <testsuite name="tsfvit02" timestamp="2026-03-03T15:11:50Z" hostname="8b62a3214a5f" tests="1" skipped="1" failures="0" errors="0" time="0.74">
    <testcase time="0.740000000000009" classname="tsfvit02" name="tsfvit02">
      <skipped message="Reason: On CRAN ('test-tsfvit02.R:1:1')"/>
    </testcase>
  </testsuite>
  <testsuite name="tsfvit03" timestamp="2026-03-03T15:11:51Z" hostname="8b62a3214a5f" tests="1" skipped="1" failures="0" errors="0" time="0.684">
    <testcase time="0.683999999999969" classname="tsfvit03" name="tsfvit03">
      <skipped message="Reason: On CRAN ('test-tsfvit03.R:1:1')"/>
    </testcase>
  </testsuite>
  <testsuite name="tsfvit04" timestamp="2026-03-03T15:11:52Z" hostname="8b62a3214a5f" tests="1" skipped="1" failures="0" errors="0" time="0.711">
    <testcase time="0.711000000000013" classname="tsfvit04" name="tsfvit04">
      <skipped message="Reason: On CRAN ('test-tsfvit04.R:1:1')"/>
    </testcase>
  </testsuite>
  <testsuite name="tsfvit05" timestamp="2026-03-03T15:11:52Z" hostname="8b62a3214a5f" tests="1" skipped="1" failures="0" errors="0" time="1.919">
    <testcase time="1.9190000000001" classname="tsfvit05" name="tsfvit05">
      <skipped message="Reason: On CRAN ('test-tsfvit05.R:1:1')"/>
    </testcase>
  </testsuite>
  <testsuite name="tsfvit06" timestamp="2026-03-03T15:11:54Z" hostname="8b62a3214a5f" tests="1" skipped="1" failures="0" errors="0" time="0.631">
    <testcase time="0.631000000000085" classname="tsfvit06" name="tsfvit06">
      <skipped message="Reason: On CRAN ('test-tsfvit06.R:1:1')"/>
    </testcase>
  </testsuite>
  <testsuite name="tsicm01" timestamp="2026-03-03T15:11:55Z" hostname="8b62a3214a5f" tests="1" skipped="1" failures="0" errors="0" time="6.169">
    <testcase time="6.16899999999987" classname="tsicm01" name="tsicm01">
      <skipped message="Reason: On CRAN ('test-tsicm01.R:1:1')"/>
    </testcase>
  </testsuite>
  <testsuite name="tsicm02" timestamp="2026-03-03T15:12:01Z" hostname="8b62a3214a5f" tests="1" skipped="1" failures="0" errors="0" time="6.233">
    <testcase time="6.23299999999995" classname="tsicm02" name="tsicm02">
      <skipped message="Reason: On CRAN ('test-tsicm02.R:1:1')"/>
    </testcase>
  </testsuite>
  <testsuite name="tsicm03" timestamp="2026-03-03T15:12:07Z" hostname="8b62a3214a5f" tests="1" skipped="1" failures="0" errors="0" time="4.352">
    <testcase time="4.35200000000009" classname="tsicm03" name="tsicm03">
      <skipped message="Reason: On CRAN ('test-tsicm03.R:1:1')"/>
    </testcase>
  </testsuite>
  <testsuite name="tsicm04" timestamp="2026-03-03T15:12:12Z" hostname="8b62a3214a5f" tests="1" skipped="1" failures="0" errors="0" time="4.361">
    <testcase time="4.3610000000001" classname="tsicm04" name="tsicm04">
      <skipped message="Reason: On CRAN ('test-tsicm04.R:1:1')"/>
    </testcase>
  </testsuite>
  <testsuite name="tsicm05" timestamp="2026-03-03T15:12:16Z" hostname="8b62a3214a5f" tests="1" skipped="1" failures="0" errors="0" time="8.21">
    <testcase time="8.20999999999981" classname="tsicm05" name="tsicm05">
      <skipped message="Reason: On CRAN ('test-tsicm05.R:1:1')"/>
    </testcase>
  </testsuite>
  <testsuite name="tsicm06" timestamp="2026-03-03T15:12:24Z" hostname="8b62a3214a5f" tests="1" skipped="1" failures="0" errors="0" time="7.668">
    <testcase time="7.66800000000012" classname="tsicm06" name="tsicm06">
      <skipped message="Reason: On CRAN ('test-tsicm06.R:1:1')"/>
    </testcase>
  </testsuite>
  <testsuite name="tsicm07" timestamp="2026-03-03T15:12:32Z" hostname="8b62a3214a5f" tests="1" skipped="1" failures="0" errors="0" time="0.733">
    <testcase time="0.732999999999947" classname="tsicm07" name="tsicm07">
      <skipped message="Reason: On CRAN ('test-tsicm07.R:1:1')"/>
    </testcase>
  </testsuite>
  <testsuite name="tsicm08" timestamp="2026-03-03T15:12:33Z" hostname="8b62a3214a5f" tests="1" skipped="1" failures="0" errors="0" time="0.721">
    <testcase time="0.721000000000004" classname="tsicm08" name="tsicm08">
      <skipped message="Reason: On CRAN ('test-tsicm08.R:1:1')"/>
    </testcase>
  </testsuite>
  <testsuite name="tsidem01" timestamp="2026-03-03T15:12:33Z" hostname="8b62a3214a5f" tests="1" skipped="1" failures="0" errors="0" time="2.62">
    <testcase time="2.62000000000012" classname="tsidem01" name="tsidem01">
      <skipped message="Reason: On CRAN ('test-tsidem01.R:1:1')"/>
    </testcase>
  </testsuite>
  <testsuite name="tsidem02" timestamp="2026-03-03T15:12:36Z" hostname="8b62a3214a5f" tests="1" skipped="1" failures="0" errors="0" time="0.845">
    <testcase time="0.8449999999998" classname="tsidem02" name="tsidem02">
      <skipped message="Reason: On CRAN ('test-tsidem02.R:1:1')"/>
    </testcase>
  </testsuite>
  <testsuite name="tsids01" timestamp="2026-03-03T15:12:37Z" hostname="8b62a3214a5f" tests="1" skipped="1" failures="0" errors="0" time="0.392">
    <testcase time="0.392000000000053" classname="tsids01" name="tsids01">
      <skipped message="Reason: On CRAN ('test-tsids01.R:1:1')"/>
    </testcase>
  </testsuite>
  <testsuite name="tsids02" timestamp="2026-03-03T15:12:37Z" hostname="8b62a3214a5f" tests="1" skipped="1" failures="0" errors="0" time="1.64">
    <testcase time="1.6400000000001" classname="tsids02" name="tsids02">
      <skipped message="Reason: On CRAN ('test-tsids02.R:1:1')"/>
    </testcase>
  </testsuite>
  <testsuite name="tsids02a" timestamp="2026-03-03T15:12:39Z" hostname="8b62a3214a5f" tests="1" skipped="1" failures="0" errors="0" time="8.32">
    <testcase time="8.31999999999994" classname="tsids02a" name="tsids02a">
      <skipped message="Reason: On CRAN ('test-tsids02a.R:1:1')"/>
    </testcase>
  </testsuite>
  <testsuite name="tsiex01" timestamp="2026-03-03T15:12:47Z" hostname="8b62a3214a5f" tests="1" skipped="1" failures="0" errors="0" time="1.66">
    <testcase time="1.66000000000008" classname="tsiex01" name="tsiex01">
      <skipped message="Reason: On CRAN ('test-tsiex01.R:1:1')"/>
    </testcase>
  </testsuite>
  <testsuite name="tsiex02" timestamp="2026-03-03T15:12:49Z" hostname="8b62a3214a5f" tests="1" skipped="1" failures="0" errors="0" time="1.533">
    <testcase time="1.5329999999999" classname="tsiex02" name="tsiex02">
      <skipped message="Reason: On CRAN ('test-tsiex02.R:1:1')"/>
    </testcase>
  </testsuite>
  <testsuite name="tsiex03" timestamp="2026-03-03T15:12:50Z" hostname="8b62a3214a5f" tests="1" skipped="1" failures="0" errors="0" time="1.177">
    <testcase time="1.17700000000013" classname="tsiex03" name="tsiex03">
      <skipped message="Reason: On CRAN ('test-tsiex03.R:1:1')"/>
    </testcase>
  </testsuite>
  <testsuite name="tsiex04" timestamp="2026-03-03T15:12:52Z" hostname="8b62a3214a5f" tests="1" skipped="1" failures="0" errors="0" time="0.999">
    <testcase time="0.998999999999796" classname="tsiex04" name="tsiex04">
      <skipped message="Reason: On CRAN ('test-tsiex04.R:1:1')"/>
    </testcase>
  </testsuite>
  <testsuite name="tsiex06" timestamp="2026-03-03T15:12:53Z" hostname="8b62a3214a5f" tests="1" skipped="1" failures="0" errors="0" time="0.456">
    <testcase time="0.456000000000131" classname="tsiex06" name="tsiex06">
      <skipped message="Reason: On CRAN ('test-tsiex06.R:1:1')"/>
    </testcase>
  </testsuite>
  <testsuite name="tsiex07" timestamp="2026-03-03T15:12:53Z" hostname="8b62a3214a5f" tests="1" skipped="1" failures="0" errors="0" time="0.694">
    <testcase time="0.69399999999996" classname="tsiex07" name="tsiex07">
      <skipped message="Reason: On CRAN ('test-tsiex07.R:1:1')"/>
    </testcase>
  </testsuite>
  <testsuite name="tsiex08" timestamp="2026-03-03T15:12:54Z" hostname="8b62a3214a5f" tests="1" skipped="1" failures="0" errors="0" time="1.457">
    <testcase time="1.45700000000011" classname="tsiex08" name="tsiex08">
      <skipped message="Reason: On CRAN ('test-tsiex08.R:1:1')"/>
    </testcase>
  </testsuite>
  <testsuite name="tsiex09" timestamp="2026-03-03T15:12:55Z" hostname="8b62a3214a5f" tests="1" skipped="1" failures="0" errors="0" time="0.701">
    <testcase time="0.700999999999794" classname="tsiex09" name="tsiex09">
      <skipped message="Reason: On CRAN ('test-tsiex09.R:1:1')"/>
    </testcase>
  </testsuite>
  <testsuite name="tsiex10" timestamp="2026-03-03T15:12:56Z" hostname="8b62a3214a5f" tests="1" skipped="1" failures="0" errors="0" time="0.689">
    <testcase time="0.689000000000078" classname="tsiex10" name="tsiex10">
      <skipped message="Reason: On CRAN ('test-tsiex10.R:1:1')"/>
    </testcase>
  </testsuite>
  <testsuite name="tsiex11" timestamp="2026-03-03T15:12:57Z" hostname="8b62a3214a5f" tests="1" skipped="1" failures="0" errors="0" time="3.477">
    <testcase time="3.47700000000009" classname="tsiex11" name="tsiex11">
      <skipped message="Reason: On CRAN ('test-tsiex11.R:1:1')"/>
    </testcase>
  </testsuite>
  <testsuite name="tsimh01" timestamp="2026-03-03T15:13:00Z" hostname="8b62a3214a5f" tests="1" skipped="1" failures="0" errors="0" time="1.219">
    <testcase time="1.21900000000005" classname="tsimh01" name="tsimh01">
      <skipped message="Reason: On CRAN ('test-tsimh01.R:1:1')"/>
    </testcase>
  </testsuite>
</testsuites>
