<?xml version="1.0" encoding="UTF-8"?>
<testsuites>
  <testsuite name="char-support" timestamp="2026-01-02T14:27:58Z" hostname="3b8a741904b7" tests="6" skipped="3" failures="0" errors="0" time="3.435">
    <testcase time="1.131" classname="char_support" name="CRITDIR_is_factor_and_one_PARAMCD_is_not_available_on_all_AVISITS"/>
    <testcase time="0.356" classname="char_support" name="CRITDIR_is_factor_and_one_PARAMCD_is_not_available_on_all_AVISITS">
      <skipped message="Reason: On CRAN ('test-char-support.R:106:1')"/>
    </testcase>
    <testcase time="0.643000000000001" classname="char_support" name="CRITDIR_is_not_factor_and_all_PARAMCD_available_on_all_AVISITS"/>
    <testcase time="0.369999999999999" classname="char_support" name="CRITDIR_is_not_factor_and_all_PARAMCD_available_on_all_AVISITS">
      <skipped message="Reason: On CRAN ('test-char-support.R:112:1')"/>
    </testcase>
    <testcase time="0.644" classname="char_support" name="CRITDIR_is_not_factor_and_one_PARAMCD_is_not_available_on_all_AVISITS"/>
    <testcase time="0.291" classname="char_support" name="CRITDIR_is_not_factor_and_one_PARAMCD_is_not_available_on_all_AVISITS">
      <skipped message="Reason: On CRAN ('test-char-support.R:117:1')"/>
    </testcase>
  </testsuite>
  <testsuite name="listing_adal02" timestamp="2026-01-02T14:28:02Z" hostname="3b8a741904b7" tests="1" skipped="1" failures="0" errors="0" time="0.17">
    <testcase time="0.17" classname="listing_adal02" name="ADAL02_listing_is_produced_correctly">
      <skipped message="Reason: On CRAN ('test-listing_adal02.R:1:1')"/>
    </testcase>
  </testsuite>
  <testsuite name="listing_ael01" timestamp="2026-01-02T14:28:02Z" hostname="3b8a741904b7" tests="1" skipped="1" failures="0" errors="0" time="0.129">
    <testcase time="0.129" classname="listing_ael01" name="AEL01_listing_is_produced_correctly">
      <skipped message="Reason: On CRAN ('test-listing_ael01.R:1:1')"/>
    </testcase>
  </testsuite>
  <testsuite name="listing_ael01_nollt" timestamp="2026-01-02T14:28:02Z" hostname="3b8a741904b7" tests="1" skipped="1" failures="0" errors="0" time="0.059">
    <testcase time="0.0590000000000011" classname="listing_ael01_nollt" name="AEL01_NOLLT_listing_is_produced_correctly">
      <skipped message="Reason: On CRAN ('test-listing_ael01_nollt.R:1:1')"/>
    </testcase>
  </testsuite>
  <testsuite name="listing_ael02" timestamp="2026-01-02T14:28:02Z" hostname="3b8a741904b7" tests="1" skipped="1" failures="0" errors="0" time="0.287">
    <testcase time="0.286999999999999" classname="listing_ael02" name="AEL02_listing_is_produced_correctly">
      <skipped message="Reason: On CRAN ('test-listing_ael02.R:1:1')"/>
    </testcase>
  </testsuite>
  <testsuite name="listing_ael02_ed" timestamp="2026-01-02T14:28:02Z" hostname="3b8a741904b7" tests="1" skipped="1" failures="0" errors="0" time="0.319">
    <testcase time="0.319000000000001" classname="listing_ael02_ed" name="AEL02_ED_listing_is_produced_correctly">
      <skipped message="Reason: On CRAN ('test-listing_ael02_ed.R:1:1')"/>
    </testcase>
  </testsuite>
  <testsuite name="listing_ael03" timestamp="2026-01-02T14:28:03Z" hostname="3b8a741904b7" tests="1" skipped="1" failures="0" errors="0" time="0.277">
    <testcase time="0.276999999999999" classname="listing_ael03" name="AEL03_listing_is_produced_correctly">
      <skipped message="Reason: On CRAN ('test-listing_ael03.R:1:1')"/>
    </testcase>
  </testsuite>
  <testsuite name="listing_ael04" timestamp="2026-01-02T14:28:03Z" hostname="3b8a741904b7" tests="1" skipped="1" failures="0" errors="0" time="0.195">
    <testcase time="0.195" classname="listing_ael04" name="AEL04_listing_is_produced_correctly">
      <skipped message="Reason: On CRAN ('test-listing_ael04.R:1:1')"/>
    </testcase>
  </testsuite>
  <testsuite name="listing_cml01" timestamp="2026-01-02T14:28:03Z" hostname="3b8a741904b7" tests="1" skipped="1" failures="0" errors="0" time="0.32">
    <testcase time="0.32" classname="listing_cml01" name="CML01_listing_is_produced_correctly">
      <skipped message="Reason: On CRAN ('test-listing_cml01.R:1:1')"/>
    </testcase>
  </testsuite>
  <testsuite name="listing_cml02a_gl" timestamp="2026-01-02T14:28:04Z" hostname="3b8a741904b7" tests="1" skipped="1" failures="0" errors="0" time="0.12">
    <testcase time="0.119999999999999" classname="listing_cml02a_gl" name="CML02A_GL_listing_is_produced_correctly">
      <skipped message="Reason: On CRAN ('test-listing_cml02a_gl.R:1:1')"/>
    </testcase>
  </testsuite>
  <testsuite name="listing_cml02b_gl" timestamp="2026-01-02T14:28:04Z" hostname="3b8a741904b7" tests="1" skipped="1" failures="0" errors="0" time="0.164">
    <testcase time="0.164" classname="listing_cml02b_gl" name="CML02B_GL_listing_is_produced_correctly">
      <skipped message="Reason: On CRAN ('test-listing_cml02b_gl.R:1:1')"/>
    </testcase>
  </testsuite>
  <testsuite name="listing_dsl01" timestamp="2026-01-02T14:28:04Z" hostname="3b8a741904b7" tests="1" skipped="1" failures="0" errors="0" time="0.165">
    <testcase time="0.165000000000001" classname="listing_dsl01" name="DSL01_listing_is_produced_correctly">
      <skipped message="Reason: On CRAN ('test-listing_dsl01.R:1:1')"/>
    </testcase>
  </testsuite>
  <testsuite name="listing_dsl02" timestamp="2026-01-02T14:28:04Z" hostname="3b8a741904b7" tests="1" skipped="1" failures="0" errors="0" time="0.076">
    <testcase time="0.0760000000000005" classname="listing_dsl02" name="DSL02_listing_is_produced_correctly">
      <skipped message="Reason: On CRAN ('test-listing_dsl02.R:1:1')"/>
    </testcase>
  </testsuite>
  <testsuite name="listing_dsur4" timestamp="2026-01-02T14:28:04Z" hostname="3b8a741904b7" tests="1" skipped="1" failures="0" errors="0" time="0.1">
    <testcase time="0.0999999999999996" classname="listing_dsur4" name="DSUR4_listing_is_produced_correctly">
      <skipped message="Reason: On CRAN ('test-listing_dsur4.R:1:1')"/>
    </testcase>
  </testsuite>
  <testsuite name="listing_egl01" timestamp="2026-01-02T14:28:04Z" hostname="3b8a741904b7" tests="1" skipped="1" failures="0" errors="0" time="0.425">
    <testcase time="0.424999999999999" classname="listing_egl01" name="EGL01_listing_is_produced_correctly">
      <skipped message="Reason: On CRAN ('test-listing_egl01.R:1:1')"/>
    </testcase>
  </testsuite>
  <testsuite name="listing_exl01" timestamp="2026-01-02T14:28:05Z" hostname="3b8a741904b7" tests="1" skipped="1" failures="0" errors="0" time="0.213">
    <testcase time="0.213000000000001" classname="listing_exl01" name="EXL01_listing_is_produced_correctly">
      <skipped message="Reason: On CRAN ('test-listing_exl01.R:1:1')"/>
    </testcase>
  </testsuite>
  <testsuite name="listing_lbl01" timestamp="2026-01-02T14:28:05Z" hostname="3b8a741904b7" tests="1" skipped="1" failures="0" errors="0" time="0.533">
    <testcase time="0.532999999999999" classname="listing_lbl01" name="LBL01_listing_is_produced_correctly">
      <skipped message="Reason: On CRAN ('test-listing_lbl01.R:1:1')"/>
    </testcase>
  </testsuite>
  <testsuite name="listing_lbl01_rls" timestamp="2026-01-02T14:28:05Z" hostname="3b8a741904b7" tests="1" skipped="1" failures="0" errors="0" time="0.513">
    <testcase time="0.513000000000002" classname="listing_lbl01_rls" name="LBL01_RLS_listing_is_produced_correctly">
      <skipped message="Reason: On CRAN ('test-listing_lbl01_rls.R:1:1')"/>
    </testcase>
  </testsuite>
  <testsuite name="listing_lbl02a" timestamp="2026-01-02T14:28:06Z" hostname="3b8a741904b7" tests="1" skipped="1" failures="0" errors="0" time="0.259">
    <testcase time="0.258999999999997" classname="listing_lbl02a" name="LBL02A_listing_is_produced_correctly">
      <skipped message="Reason: On CRAN ('test-listing_lbl02a.R:1:1')"/>
    </testcase>
  </testsuite>
  <testsuite name="listing_lbl02a_rls" timestamp="2026-01-02T14:28:06Z" hostname="3b8a741904b7" tests="1" skipped="1" failures="0" errors="0" time="0.794">
    <testcase time="0.794" classname="listing_lbl02a_rls" name="LBL02A_RLS_listing_is_produced_correctly">
      <skipped message="Reason: On CRAN ('test-listing_lbl02a_rls.R:1:1')"/>
    </testcase>
  </testsuite>
  <testsuite name="listing_lbl02b" timestamp="2026-01-02T14:28:07Z" hostname="3b8a741904b7" tests="1" skipped="1" failures="0" errors="0" time="0.247">
    <testcase time="0.247" classname="listing_lbl02b" name="LBL02B_listing_is_produced_correctly">
      <skipped message="Reason: On CRAN ('test-listing_lbl02b.R:1:1')"/>
    </testcase>
  </testsuite>
  <testsuite name="listing_mhl01" timestamp="2026-01-02T14:28:07Z" hostname="3b8a741904b7" tests="1" skipped="1" failures="0" errors="0" time="0.244">
    <testcase time="0.244" classname="listing_mhl01" name="MHL01_listing_is_produced_correctly">
      <skipped message="Reason: On CRAN ('test-listing_mhl01.R:1:1')"/>
    </testcase>
  </testsuite>
  <testsuite name="listing_oncl01" timestamp="2026-01-02T14:28:07Z" hostname="3b8a741904b7" tests="1" skipped="1" failures="0" errors="0" time="0.21">
    <testcase time="0.210000000000001" classname="listing_oncl01" name="ONCL01_listing_is_produced_correctly">
      <skipped message="Reason: On CRAN ('test-listing_oncl01.R:1:1')"/>
    </testcase>
  </testsuite>
  <testsuite name="listing_pkcl01" timestamp="2026-01-02T14:28:08Z" hostname="3b8a741904b7" tests="2" skipped="2" failures="0" errors="0" time="0.504">
    <testcase time="0.179000000000002" classname="listing_pkcl01" name="PKCL01_listing_is_produced_correctly">
      <skipped message="Reason: On CRAN ('test-listing_pkcl01.R:1:1')"/>
    </testcase>
    <testcase time="0.324999999999999" classname="listing_pkcl01" name="PKCL01_listing_key_columns_values_are_repeated_when_entries_span_multiple_pages">
      <skipped message="Reason: On CRAN ('test-listing_pkcl01.R:31:1')"/>
    </testcase>
  </testsuite>
  <testsuite name="listing_pkcl02" timestamp="2026-01-02T14:28:08Z" hostname="3b8a741904b7" tests="1" skipped="1" failures="0" errors="0" time="0.201">
    <testcase time="0.201000000000001" classname="listing_pkcl02" name="PKCL02_listing_is_produced_correctly">
      <skipped message="Reason: On CRAN ('test-listing_pkcl02.R:1:1')"/>
    </testcase>
  </testsuite>
  <testsuite name="listing_pkpl01" timestamp="2026-01-02T14:28:08Z" hostname="3b8a741904b7" tests="1" skipped="1" failures="0" errors="0" time="0.206">
    <testcase time="0.206" classname="listing_pkpl01" name="PKPL01_listing_is_produced_correctly">
      <skipped message="Reason: On CRAN ('test-listing_pkpl01.R:1:1')"/>
    </testcase>
  </testsuite>
  <testsuite name="listing_pkpl02" timestamp="2026-01-02T14:28:09Z" hostname="3b8a741904b7" tests="1" skipped="1" failures="0" errors="0" time="0.125">
    <testcase time="0.125" classname="listing_pkpl02" name="PKPL02_listing_is_produced_correctly">
      <skipped message="Reason: On CRAN ('test-listing_pkpl02.R:1:1')"/>
    </testcase>
  </testsuite>
  <testsuite name="listing_pkpl04" timestamp="2026-01-02T14:28:09Z" hostname="3b8a741904b7" tests="1" skipped="1" failures="0" errors="0" time="0.199">
    <testcase time="0.198999999999998" classname="listing_pkpl04" name="PKPL04_listing_is_produced_correctly">
      <skipped message="Reason: On CRAN ('test-listing_pkpl04.R:1:1')"/>
    </testcase>
  </testsuite>
  <testsuite name="listing_vsl01" timestamp="2026-01-02T14:28:09Z" hostname="3b8a741904b7" tests="1" skipped="1" failures="0" errors="0" time="0.431">
    <testcase time="0.431000000000001" classname="listing_vsl01" name="VSL01_listing_is_produced_correctly">
      <skipped message="Reason: On CRAN ('test-listing_vsl01.R:1:1')"/>
    </testcase>
  </testsuite>
  <testsuite name="lsfae01" timestamp="2026-01-02T14:28:09Z" hostname="3b8a741904b7" tests="1" skipped="1" failures="0" errors="0" time="1.232">
    <testcase time="1.232" classname="lsfae01" name="lsfae01">
      <skipped message="Reason: On CRAN ('test-lsfae01.R:1:1')"/>
    </testcase>
  </testsuite>
  <testsuite name="lsfae02" timestamp="2026-01-02T14:28:11Z" hostname="3b8a741904b7" tests="1" skipped="1" failures="0" errors="0" time="1.106">
    <testcase time="1.106" classname="lsfae02" name="lsfae02">
      <skipped message="Reason: On CRAN ('test-lsfae02.R:1:1')"/>
    </testcase>
  </testsuite>
  <testsuite name="lsfae03" timestamp="2026-01-02T14:28:12Z" hostname="3b8a741904b7" tests="1" skipped="1" failures="0" errors="0" time="0.726">
    <testcase time="0.725999999999999" classname="lsfae03" name="lsfae03">
      <skipped message="Reason: On CRAN ('test-lsfae03.R:1:1')"/>
    </testcase>
  </testsuite>
  <testsuite name="lsfae04" timestamp="2026-01-02T14:28:12Z" hostname="3b8a741904b7" tests="1" skipped="1" failures="0" errors="0" time="0.299">
    <testcase time="0.299000000000003" classname="lsfae04" name="lsfae04">
      <skipped message="Reason: On CRAN ('test-lsfae04.R:1:1')"/>
    </testcase>
  </testsuite>
  <testsuite name="lsfae05" timestamp="2026-01-02T14:28:13Z" hostname="3b8a741904b7" tests="1" skipped="1" failures="0" errors="0" time="1.366">
    <testcase time="1.366" classname="lsfae05" name="lsfae05">
      <skipped message="Reason: On CRAN ('test-lsfae05.R:1:1')"/>
    </testcase>
  </testsuite>
  <testsuite name="lsfae06a" timestamp="2026-01-02T14:28:14Z" hostname="3b8a741904b7" tests="1" skipped="1" failures="0" errors="0" time="1.014">
    <testcase time="1.014" classname="lsfae06a" name="lsfae06a">
      <skipped message="Reason: On CRAN ('test-lsfae06a.R:1:1')"/>
    </testcase>
  </testsuite>
  <testsuite name="lsfae06b" timestamp="2026-01-02T14:28:15Z" hostname="3b8a741904b7" tests="1" skipped="1" failures="0" errors="0" time="0.967">
    <testcase time="0.966999999999999" classname="lsfae06b" name="lsfae06b">
      <skipped message="Reason: On CRAN ('test-lsfae06b.R:1:1')"/>
    </testcase>
  </testsuite>
  <testsuite name="lsfdth01" timestamp="2026-01-02T14:28:16Z" hostname="3b8a741904b7" tests="1" skipped="1" failures="0" errors="0" time="0.283">
    <testcase time="0.283000000000001" classname="lsfdth01" name="lsfdth01">
      <skipped message="Reason: On CRAN ('test-lsfdth01.R:1:1')"/>
    </testcase>
  </testsuite>
  <testsuite name="lsfecg01" timestamp="2026-01-02T14:28:16Z" hostname="3b8a741904b7" tests="1" skipped="1" failures="0" errors="0" time="1.112">
    <testcase time="1.112" classname="lsfecg01" name="lsfecg01">
      <skipped message="Reason: On CRAN ('test-lsfecg01.R:1:1')"/>
    </testcase>
  </testsuite>
  <testsuite name="lsfecg02part1" timestamp="2026-01-02T14:28:17Z" hostname="3b8a741904b7" tests="1" skipped="1" failures="0" errors="0" time="2.662">
    <testcase time="2.662" classname="lsfecg02part1" name="lsfecg02part1of3">
      <skipped message="Reason: On CRAN ('test-lsfecg02part1.R:1:1')"/>
    </testcase>
  </testsuite>
  <testsuite name="lsfecg02part2" timestamp="2026-01-02T14:28:20Z" hostname="3b8a741904b7" tests="1" skipped="1" failures="0" errors="0" time="2.704">
    <testcase time="2.704" classname="lsfecg02part2" name="lsfecg02part2of3">
      <skipped message="Reason: On CRAN ('test-lsfecg02part2.R:1:1')"/>
    </testcase>
  </testsuite>
  <testsuite name="lsfecg02part3" timestamp="2026-01-02T14:28:23Z" hostname="3b8a741904b7" tests="1" skipped="1" failures="0" errors="0" time="2.709">
    <testcase time="2.709" classname="lsfecg02part3" name="lsfecg02part3of3">
      <skipped message="Reason: On CRAN ('test-lsfecg02part3.R:1:1')"/>
    </testcase>
  </testsuite>
  <testsuite name="lsflab01" timestamp="2026-01-02T14:28:25Z" hostname="3b8a741904b7" tests="1" skipped="1" failures="0" errors="0" time="1.083">
    <testcase time="1.083" classname="lsflab01" name="lsflab01">
      <skipped message="Reason: On CRAN ('test-lsflab01.R:1:1')"/>
    </testcase>
  </testsuite>
  <testsuite name="lsfvit01" timestamp="2026-01-02T14:28:27Z" hostname="3b8a741904b7" tests="1" skipped="1" failures="0" errors="0" time="2.761">
    <testcase time="2.761" classname="lsfvit01" name="lsfvit01">
      <skipped message="Reason: On CRAN ('test-lsfvit01.R:1:1')"/>
    </testcase>
  </testsuite>
  <testsuite name="lsfvit02" timestamp="2026-01-02T14:28:29Z" hostname="3b8a741904b7" tests="1" skipped="1" failures="0" errors="0" time="2.989">
    <testcase time="2.989" classname="lsfvit02" name="lsfvit02">
      <skipped message="Reason: On CRAN ('test-lsfvit02.R:1:1')"/>
    </testcase>
  </testsuite>
  <testsuite name="lsicm01" timestamp="2026-01-02T14:28:32Z" hostname="3b8a741904b7" tests="1" skipped="1" failures="0" errors="0" time="1.175">
    <testcase time="1.175" classname="lsicm01" name="lsicm01">
      <skipped message="Reason: On CRAN ('test-lsicm01.R:1:1')"/>
    </testcase>
  </testsuite>
  <testsuite name="lsidem01" timestamp="2026-01-02T14:28:34Z" hostname="3b8a741904b7" tests="1" skipped="1" failures="0" errors="0" time="0.949">
    <testcase time="0.949000000000005" classname="lsidem01" name="lsidem01">
      <skipped message="Reason: On CRAN ('test-lsidem01.R:1:1')"/>
    </testcase>
  </testsuite>
  <testsuite name="lsidem02" timestamp="2026-01-02T14:28:34Z" hostname="3b8a741904b7" tests="1" skipped="1" failures="0" errors="0" time="0.832">
    <testcase time="0.831999999999994" classname="lsidem02" name="lsidem02">
      <skipped message="Reason: On CRAN ('test-lsidem02.R:1:1')"/>
    </testcase>
  </testsuite>
  <testsuite name="lsids01" timestamp="2026-01-02T14:28:35Z" hostname="3b8a741904b7" tests="1" skipped="1" failures="0" errors="0" time="1.116">
    <testcase time="1.116" classname="lsids01" name="lsids01">
      <skipped message="Reason: On CRAN ('test-lsids01.R:1:1')"/>
    </testcase>
  </testsuite>
  <testsuite name="lsids02" timestamp="2026-01-02T14:28:36Z" hostname="3b8a741904b7" tests="1" skipped="1" failures="0" errors="0" time="0.862">
    <testcase time="0.862000000000002" classname="lsids02" name="lsids02">
      <skipped message="Reason: On CRAN ('test-lsids02.R:1:1')"/>
    </testcase>
  </testsuite>
  <testsuite name="lsids03" timestamp="2026-01-02T14:28:37Z" hostname="3b8a741904b7" tests="1" skipped="1" failures="0" errors="0" time="0.874">
    <testcase time="0.874000000000002" classname="lsids03" name="lsids03">
      <skipped message="Reason: On CRAN ('test-lsids03.R:1:1')"/>
    </testcase>
  </testsuite>
  <testsuite name="lsids04" timestamp="2026-01-02T14:28:38Z" hostname="3b8a741904b7" tests="1" skipped="1" failures="0" errors="0" time="0.184">
    <testcase time="0.183999999999997" classname="lsids04" name="lsids04">
      <skipped message="Reason: On CRAN ('test-lsids04.R:1:1')"/>
    </testcase>
  </testsuite>
  <testsuite name="lsids05" timestamp="2026-01-02T14:28:38Z" hostname="3b8a741904b7" tests="1" skipped="1" failures="0" errors="0" time="0.14">
    <testcase time="0.140000000000001" classname="lsids05" name="lsids05">
      <skipped message="Reason: On CRAN ('test-lsids05.R:1:1')"/>
    </testcase>
  </testsuite>
  <testsuite name="lsiex01" timestamp="2026-01-02T14:28:38Z" hostname="3b8a741904b7" tests="1" skipped="1" failures="0" errors="0" time="0.961">
    <testcase time="0.960999999999999" classname="lsiex01" name="lsiex01">
      <skipped message="Reason: On CRAN ('test-lsiex01.R:1:1')"/>
    </testcase>
  </testsuite>
  <testsuite name="lsiex02" timestamp="2026-01-02T14:28:39Z" hostname="3b8a741904b7" tests="1" skipped="1" failures="0" errors="0" time="0.623">
    <testcase time="0.623000000000005" classname="lsiex02" name="lsiex02">
      <skipped message="Reason: On CRAN ('test-lsiex02.R:1:1')"/>
    </testcase>
  </testsuite>
  <testsuite name="lsiex03" timestamp="2026-01-02T14:28:40Z" hostname="3b8a741904b7" tests="1" skipped="1" failures="0" errors="0" time="1.193">
    <testcase time="1.193" classname="lsiex03" name="lsiex03">
      <skipped message="Reason: On CRAN ('test-lsiex03.R:1:1')"/>
    </testcase>
  </testsuite>
  <testsuite name="lsimh01" timestamp="2026-01-02T14:28:41Z" hostname="3b8a741904b7" tests="1" skipped="1" failures="0" errors="0" time="1.831">
    <testcase time="1.831" classname="lsimh01" name="lsimh01">
      <skipped message="Reason: On CRAN ('test-lsimh01.R:1:1')"/>
    </testcase>
  </testsuite>
  <testsuite name="pagination_listing" timestamp="2026-01-02T14:28:43Z" hostname="3b8a741904b7" tests="13" skipped="0" failures="0" errors="0" time="3.673">
    <testcase time="0.0459999999999994" classname="pagination_listing" name="Direct_pagination_works_fine"/>
    <testcase time="0.631" classname="pagination_listing" name="Direct_pagination_works_fine"/>
    <testcase time="0.00399999999999778" classname="pagination_listing" name="Direct_pagination_works_fine"/>
    <testcase time="0.534999999999997" classname="pagination_listing" name="Direct_pagination_works_fine"/>
    <testcase time="0.919000000000004" classname="pagination_listing" name="Direct_pagination_works_fine"/>
    <testcase time="0.744999999999997" classname="pagination_listing" name="pagination_counts_the_right_number_of_lines_when_wrapping_on_keycols_is_present"/>
    <testcase time="0.007000000000005" classname="pagination_listing" name="pagination_counts_the_right_number_of_lines_when_wrapping_on_keycols_is_present"/>
    <testcase time="0.00499999999999545" classname="pagination_listing" name="pagination_counts_the_right_number_of_lines_when_wrapping_on_keycols_is_present"/>
    <testcase time="0.00400000000000489" classname="pagination_listing" name="pagination_counts_the_right_number_of_lines_when_wrapping_on_keycols_is_present"/>
    <testcase time="0.762999999999998" classname="pagination_listing" name="pagination_counts_the_right_number_of_lines_when_wrapping_on_keycols_is_present"/>
    <testcase time="0.00600000000000023" classname="pagination_listing" name="pagination_counts_the_right_number_of_lines_when_wrapping_on_keycols_is_present"/>
    <testcase time="0.00399999999999778" classname="pagination_listing" name="pagination_counts_the_right_number_of_lines_when_wrapping_on_keycols_is_present"/>
    <testcase time="0.00399999999999778" classname="pagination_listing" name="pagination_counts_the_right_number_of_lines_when_wrapping_on_keycols_is_present"/>
  </testsuite>
  <testsuite name="pagination_table" timestamp="2026-01-02T14:28:48Z" hostname="3b8a741904b7" tests="21" skipped="6" failures="0" errors="0" time="14.151">
    <testcase time="1.746" classname="pagination_table" name="Direct_pagination_with_standard_values"/>
    <testcase time="0.00500000000000256" classname="pagination_table" name="Direct_pagination_with_standard_values"/>
    <testcase time="0.00399999999999778" classname="pagination_table" name="Direct_pagination_with_standard_values"/>
    <testcase time="1.24" classname="pagination_table" name="Pagination_with_specific_column_widths_and_minimum_lines_per_page"/>
    <testcase time="0.00399999999999778" classname="pagination_table" name="Pagination_with_specific_column_widths_and_minimum_lines_per_page"/>
    <testcase time="0.103999999999999" classname="pagination_table" name="Pagination_with_specific_column_widths_and_minimum_lines_per_page">
      <skipped message="Reason: On CRAN ('test-pagination_table.R:67:1')"/>
    </testcase>
    <testcase time="1.003" classname="pagination_table" name="Pagination_works_also_if_table_is_decorated"/>
    <testcase time="0.561" classname="pagination_table" name="Pagination_works_also_if_table_is_decorated"/>
    <testcase time="0.826999999999998" classname="pagination_table" name="Pagination_works_also_if_table_is_decorated"/>
    <testcase time="0.660000000000004" classname="pagination_table" name="Pagination_works_also_if_table_is_decorated"/>
    <testcase time="1.37" classname="pagination_table" name="Pagination_works_also_if_table_is_decorated"/>
    <testcase time="0.304000000000002" classname="pagination_table" name="Pagination_works_also_if_table_is_decorated"/>
    <testcase time="0.00400000000000489" classname="pagination_table" name="Pagination_works_also_if_table_is_decorated"/>
    <testcase time="0.207999999999998" classname="pagination_table" name="Pagination_works_also_if_table_is_decorated">
      <skipped message="Reason: On CRAN ('test-pagination_table.R:93:1')"/>
    </testcase>
    <testcase time="2.539" classname="pagination_table" name="Pagination_works_for_page_types">
      <skipped message="Reason: On CRAN ('test-pagination_table.R:132:1')"/>
    </testcase>
    <testcase time="0.802999999999997" classname="pagination_table" name="Pagination_works_for_page_width_and_height">
      <skipped message="Reason: On CRAN ('test-pagination_table.R:145:1')"/>
    </testcase>
    <testcase time="1.17699999999999" classname="pagination_table" name="Pagination_works_for_page_types">
      <skipped message="Reason: On CRAN ('test-pagination_table.R:152:1')"/>
    </testcase>
    <testcase time="0.896000000000001" classname="pagination_table" name="AET04_variant_2_page_by_pagination_tests"/>
    <testcase time="0.569000000000003" classname="pagination_table" name="AET04_variant_2_page_by_pagination_tests"/>
    <testcase time="0.00199999999999534" classname="pagination_table" name="AET04_variant_2_page_by_pagination_tests"/>
    <testcase time="0.125" classname="pagination_table" name="AET04_variant_2_page_by_pagination_tests">
      <skipped message="Reason: On CRAN ('test-pagination_table.R:166:1')"/>
    </testcase>
  </testsuite>
  <testsuite name="table_adat03" timestamp="2026-01-02T14:29:01Z" hostname="3b8a741904b7" tests="2" skipped="1" failures="0" errors="0" time="0.571">
    <testcase time="0.448000000000008" classname="table_adat03" name="ADAT03_is_produced_correctly"/>
    <testcase time="0.123000000000005" classname="table_adat03" name="ADAT03_is_produced_correctly">
      <skipped message="Reason: On CRAN ('test-table_adat03.R:39:1')"/>
    </testcase>
  </testsuite>
  <testsuite name="table_aet01" timestamp="2026-01-02T14:29:02Z" hostname="3b8a741904b7" tests="8" skipped="4" failures="0" errors="0" time="1.82">
    <testcase time="0.405000000000001" classname="table_aet01" name="Safety_Summary_Variant_1_works_as_expected"/>
    <testcase time="0.0819999999999936" classname="table_aet01" name="Safety_Summary_Variant_1_works_as_expected">
      <skipped message="Reason: On CRAN ('test-table_aet01.R:51:1')"/>
    </testcase>
    <testcase time="0.358999999999995" classname="table_aet01" name="Safety_Summary_Variant_2_with_Medical_Concepts_Section_works_as_expected"/>
    <testcase time="0.100999999999999" classname="table_aet01" name="Safety_Summary_Variant_2_with_Medical_Concepts_Section_works_as_expected">
      <skipped message="Reason: On CRAN ('test-table_aet01.R:109:1')"/>
    </testcase>
    <testcase time="0.284000000000006" classname="table_aet01" name="Safety_Summary_Variant_3_with_Modified_Rows_works_as_expected"/>
    <testcase time="0.070999999999998" classname="table_aet01" name="Safety_Summary_Variant_3_with_Modified_Rows_works_as_expected">
      <skipped message="Reason: On CRAN ('test-table_aet01.R:175:1')"/>
    </testcase>
    <testcase time="0.406999999999996" classname="table_aet01" name="Safety_Summary_Variant_4_with_Rows_Counting_Events_and_Additional_Sections_works_as_expected"/>
    <testcase time="0.111000000000004" classname="table_aet01" name="Safety_Summary_Variant_4_with_Rows_Counting_Events_and_Additional_Sections_works_as_expected">
      <skipped message="Reason: On CRAN ('test-table_aet01.R:236:1')"/>
    </testcase>
  </testsuite>
  <testsuite name="table_aet01_aesi" timestamp="2026-01-02T14:29:03Z" hostname="3b8a741904b7" tests="8" skipped="4" failures="0" errors="0" time="2.76">
    <testcase time="0.305999999999997" classname="table_aet01_aesi" name="AET01_AESI_Variant_1_works_as_expected"/>
    <testcase time="0.0880000000000081" classname="table_aet01_aesi" name="AET01_AESI_Variant_1_works_as_expected">
      <skipped message="Reason: On CRAN ('test-table_aet01_aesi.R:87:1')"/>
    </testcase>
    <testcase time="0.515999999999991" classname="table_aet01_aesi" name="AET01_AESI_Variant_2_works_as_expected"/>
    <testcase time="0.128" classname="table_aet01_aesi" name="AET01_AESI_Variant_2_works_as_expected">
      <skipped message="Reason: On CRAN ('test-table_aet01_aesi.R:118:1')"/>
    </testcase>
    <testcase time="0.744" classname="table_aet01_aesi" name="AET01_AESI_Variant_3_works_as_expected"/>
    <testcase time="0.180000000000007" classname="table_aet01_aesi" name="AET01_AESI_Variant_3_works_as_expected">
      <skipped message="Reason: On CRAN ('test-table_aet01_aesi.R:184:1')"/>
    </testcase>
    <testcase time="0.614999999999995" classname="table_aet01_aesi" name="AET01_AESI_Variant_4_works_as_expected"/>
    <testcase time="0.183000000000007" classname="table_aet01_aesi" name="AET01_AESI_Variant_4_works_as_expected">
      <skipped message="Reason: On CRAN ('test-table_aet01_aesi.R:414:1')"/>
    </testcase>
  </testsuite>
  <testsuite name="table_aet02" timestamp="2026-01-02T14:29:06Z" hostname="3b8a741904b7" tests="26" skipped="12" failures="0" errors="0" time="8.542">
    <testcase time="0.632999999999996" classname="table_aet02" name="AET02_variant_1_is_produced_correctly"/>
    <testcase time="0.557000000000002" classname="table_aet02" name="AET02_variant_1_is_produced_correctly"/>
    <testcase time="0.0889999999999986" classname="table_aet02" name="AET02_variant_1_is_produced_correctly"/>
    <testcase time="0.00100000000000477" classname="table_aet02" name="AET02_variant_1_is_produced_correctly">
      <skipped message="Reason: On CRAN ('test-table_aet02.R:18:1')"/>
    </testcase>
    <testcase time="0.674999999999997" classname="table_aet02" name="AET02_variant_2_is_produced_correctly"/>
    <testcase time="0.156999999999996" classname="table_aet02" name="AET02_variant_2_is_produced_correctly">
      <skipped message="Reason: On CRAN ('test-table_aet02.R:80:1')"/>
    </testcase>
    <testcase time="1.003" classname="table_aet02" name="AET02_variant_3_is_produced_correctly"/>
    <testcase time="0.281000000000006" classname="table_aet02" name="AET02_variant_3_is_produced_correctly">
      <skipped message="Reason: On CRAN ('test-table_aet02.R:132:1')"/>
    </testcase>
    <testcase time="0.149999999999991" classname="table_aet02" name="AET02_variant_4_is_produced_correctly"/>
    <testcase time="0.0750000000000028" classname="table_aet02" name="AET02_variant_4_is_produced_correctly">
      <skipped message="Reason: On CRAN ('test-table_aet02.R:198:1')"/>
    </testcase>
    <testcase time="0.453000000000003" classname="table_aet02" name="AET02_variant_5_is_produced_correctly"/>
    <testcase time="0.138999999999996" classname="table_aet02" name="AET02_variant_5_is_produced_correctly">
      <skipped message="Reason: On CRAN ('test-table_aet02.R:223:1')"/>
    </testcase>
    <testcase time="0.445999999999998" classname="table_aet02" name="AET02_variant_6_is_produced_correctly"/>
    <testcase time="0.0949999999999989" classname="table_aet02" name="AET02_variant_6_is_produced_correctly">
      <skipped message="Reason: On CRAN ('test-table_aet02.R:270:1')"/>
    </testcase>
    <testcase time="1.008" classname="table_aet02" name="AET02_variant_7_is_produced_correctly"/>
    <testcase time="0.141000000000005" classname="table_aet02" name="AET02_variant_7_is_produced_correctly">
      <skipped message="Reason: On CRAN ('test-table_aet02.R:317:1')"/>
    </testcase>
    <testcase time="0.439999999999998" classname="table_aet02" name="AET02_variant_8_is_produced_correctly"/>
    <testcase time="0.0720000000000027" classname="table_aet02" name="AET02_variant_8_is_produced_correctly">
      <skipped message="Reason: On CRAN ('test-table_aet02.R:380:1')"/>
    </testcase>
    <testcase time="0.436999999999998" classname="table_aet02" name="AET02_variant_9_is_produced_correctly"/>
    <testcase time="0.0970000000000084" classname="table_aet02" name="AET02_variant_9_is_produced_correctly">
      <skipped message="Reason: On CRAN ('test-table_aet02.R:427:1')"/>
    </testcase>
    <testcase time="0.444999999999993" classname="table_aet02" name="AET02_variant_10_is_produced_correctly"/>
    <testcase time="0.0859999999999985" classname="table_aet02" name="AET02_variant_10_is_produced_correctly">
      <skipped message="Reason: On CRAN ('test-table_aet02.R:474:1')"/>
    </testcase>
    <testcase time="0.454000000000008" classname="table_aet02" name="AET02_variant_11_is_produced_correctly"/>
    <testcase time="0.0689999999999884" classname="table_aet02" name="AET02_variant_11_is_produced_correctly">
      <skipped message="Reason: On CRAN ('test-table_aet02.R:521:1')"/>
    </testcase>
    <testcase time="0.475000000000009" classname="table_aet02" name="AET02_variant_12_is_produced_correctly"/>
    <testcase time="0.063999999999993" classname="table_aet02" name="AET02_variant_12_is_produced_correctly">
      <skipped message="Reason: On CRAN ('test-table_aet02.R:568:1')"/>
    </testcase>
  </testsuite>
  <testsuite name="table_aet02_smq" timestamp="2026-01-02T14:29:15Z" hostname="3b8a741904b7" tests="4" skipped="2" failures="0" errors="0" time="0.461">
    <testcase time="0.150000000000006" classname="table_aet02_smq" name="AET02SMQ_variant_1_is_produced_correctly"/>
    <testcase time="0.054000000000002" classname="table_aet02_smq" name="AET02SMQ_variant_1_is_produced_correctly">
      <skipped message="Reason: On CRAN ('test-table_aet02_smq.R:16:1')"/>
    </testcase>
    <testcase time="0.182999999999993" classname="table_aet02_smq" name="AET02SMQ_variant_2_is_produced_correctly"/>
    <testcase time="0.0739999999999981" classname="table_aet02_smq" name="AET02SMQ_variant_2_is_produced_correctly">
      <skipped message="Reason: On CRAN ('test-table_aet02_smq.R:55:1')"/>
    </testcase>
  </testsuite>
  <testsuite name="table_aet03" timestamp="2026-01-02T14:29:15Z" hostname="3b8a741904b7" tests="6" skipped="1" failures="0" errors="0" time="5.118">
    <testcase time="1.28100000000001" classname="table_aet03" name="AET03_variant_1_is_produced_correctly"/>
    <testcase time="1.822" classname="table_aet03" name="AET03_variant_1_is_produced_correctly"/>
    <testcase time="0.683999999999997" classname="table_aet03" name="AET03_variant_1_is_produced_correctly"/>
    <testcase time="1.108" classname="table_aet03" name="AET03_variant_1_is_produced_correctly"/>
    <testcase time="0.221999999999994" classname="table_aet03" name="AET03_variant_1_is_produced_correctly"/>
    <testcase time="0.00100000000000477" classname="table_aet03" name="AET03_variant_1_is_produced_correctly">
      <skipped message="Reason: On CRAN ('test-table_aet03.R:17:1')"/>
    </testcase>
  </testsuite>
  <testsuite name="table_aet04" timestamp="2026-01-02T14:29:21Z" hostname="3b8a741904b7" tests="30" skipped="8" failures="0" errors="0" time="12.943">
    <testcase time="0.861999999999995" classname="table_aet04" name="AET04_variant_1_is_produced_correctly"/>
    <testcase time="1.36500000000001" classname="table_aet04" name="AET04_variant_1_is_produced_correctly"/>
    <testcase time="0.0419999999999874" classname="table_aet04" name="AET04_variant_1_is_produced_correctly"/>
    <testcase time="0.0400000000000063" classname="table_aet04" name="AET04_variant_1_is_produced_correctly"/>
    <testcase time="0.00199999999999534" classname="table_aet04" name="AET04_variant_1_is_produced_correctly">
      <skipped message="Reason: On CRAN ('test-table_aet04.R:107:1')"/>
    </testcase>
    <testcase time="0.730000000000004" classname="table_aet04" name="AET04_variant_2_is_produced_correctly_Fill_in_of_Treatment_Groups_"/>
    <testcase time="0.924999999999997" classname="table_aet04" name="AET04_variant_2_is_produced_correctly_Fill_in_of_Treatment_Groups_"/>
    <testcase time="0.046999999999997" classname="table_aet04" name="AET04_variant_2_is_produced_correctly_Fill_in_of_Treatment_Groups_"/>
    <testcase time="0.0370000000000061" classname="table_aet04" name="AET04_variant_2_is_produced_correctly_Fill_in_of_Treatment_Groups_"/>
    <testcase time="0.00199999999999534" classname="table_aet04" name="AET04_variant_2_is_produced_correctly_Fill_in_of_Treatment_Groups_">
      <skipped message="Reason: On CRAN ('test-table_aet04.R:127:1')"/>
    </testcase>
    <testcase time="0.733000000000004" classname="table_aet04" name="AET04_variant_3_is_produced_correctly_Fill_in_of_Grades_"/>
    <testcase time="1.07899999999999" classname="table_aet04" name="AET04_variant_3_is_produced_correctly_Fill_in_of_Grades_"/>
    <testcase time="0.0430000000000064" classname="table_aet04" name="AET04_variant_3_is_produced_correctly_Fill_in_of_Grades_"/>
    <testcase time="0.0409999999999968" classname="table_aet04" name="AET04_variant_3_is_produced_correctly_Fill_in_of_Grades_"/>
    <testcase time="0.00200000000000955" classname="table_aet04" name="AET04_variant_3_is_produced_correctly_Fill_in_of_Grades_">
      <skipped message="Reason: On CRAN ('test-table_aet04.R:209:1')"/>
    </testcase>
    <testcase time="0.763999999999996" classname="table_aet04" name="AET04_variant_4_is_produced_correctly_Collapsing_of_Grades_grades_1_2_grades_3_4_5_"/>
    <testcase time="1.062" classname="table_aet04" name="AET04_variant_4_is_produced_correctly_Collapsing_of_Grades_grades_1_2_grades_3_4_5_"/>
    <testcase time="0.00199999999999534" classname="table_aet04" name="AET04_variant_4_is_produced_correctly_Collapsing_of_Grades_grades_1_2_grades_3_4_5_">
      <skipped message="Reason: On CRAN ('test-table_aet04.R:288:1')"/>
    </testcase>
    <testcase time="0.819000000000003" classname="table_aet04" name="AET04_variant_6_is_produced_correctly_with_an_Incidence_Rate_of_at_Least_5_totals_restricted_"/>
    <testcase time="1.08" classname="table_aet04" name="AET04_variant_6_is_produced_correctly_with_an_Incidence_Rate_of_at_Least_5_totals_restricted_"/>
    <testcase time="0.00100000000000477" classname="table_aet04" name="AET04_variant_6_is_produced_correctly_with_an_Incidence_Rate_of_at_Least_5_totals_restricted_">
      <skipped message="Reason: On CRAN ('test-table_aet04.R:367:1')"/>
    </testcase>
    <testcase time="0.019999999999996" classname="table_aet04" name="AET04_variant_8_is_produced_correctly_with_an_Incidence_Rate_of_at_Least_X_Patients_"/>
    <testcase time="1.074" classname="table_aet04" name="AET04_variant_8_is_produced_correctly_with_an_Incidence_Rate_of_at_Least_X_Patients_"/>
    <testcase time="0.00200000000000955" classname="table_aet04" name="AET04_variant_8_is_produced_correctly_with_an_Incidence_Rate_of_at_Least_X_Patients_">
      <skipped message="Reason: On CRAN ('test-table_aet04.R:481:1')"/>
    </testcase>
    <testcase time="0.0189999999999912" classname="table_aet04" name="AET04_variant_9_is_produced_correctly_with_a_Difference_in_Incidence_Rate_of_at_Least_X_"/>
    <testcase time="1.05900000000001" classname="table_aet04" name="AET04_variant_9_is_produced_correctly_with_a_Difference_in_Incidence_Rate_of_at_Least_X_"/>
    <testcase time="0.00199999999999534" classname="table_aet04" name="AET04_variant_9_is_produced_correctly_with_a_Difference_in_Incidence_Rate_of_at_Least_X_">
      <skipped message="Reason: On CRAN ('test-table_aet04.R:497:1')"/>
    </testcase>
    <testcase time="0.019999999999996" classname="table_aet04" name="AET04_variant_11_is_produced_correctly_with_Incidence_Rate_of_at_Least_X_all_SOCs_w_o_preferred_terms_removed_"/>
    <testcase time="1.068" classname="table_aet04" name="AET04_variant_11_is_produced_correctly_with_Incidence_Rate_of_at_Least_X_all_SOCs_w_o_preferred_terms_removed_"/>
    <testcase time="0.00100000000000477" classname="table_aet04" name="AET04_variant_11_is_produced_correctly_with_Incidence_Rate_of_at_Least_X_all_SOCs_w_o_preferred_terms_removed_">
      <skipped message="Reason: On CRAN ('test-table_aet04.R:517:1')"/>
    </testcase>
  </testsuite>
  <testsuite name="table_aet04_pi" timestamp="2026-01-02T14:29:33Z" hostname="3b8a741904b7" tests="18" skipped="9" failures="0" errors="0" time="7.084">
    <testcase time="0.686999999999998" classname="table_aet04_pi" name="AET04_PI_full_table_is_produced_correctly"/>
    <testcase time="0.204999999999998" classname="table_aet04_pi" name="AET04_PI_full_table_is_produced_correctly">
      <skipped message="Reason: On CRAN ('test-table_aet04_pi.R:52:1')"/>
    </testcase>
    <testcase time="0.656999999999996" classname="table_aet04_pi" name="AET04_PI_variant_1_is_produced_correctly"/>
    <testcase time="0.156000000000006" classname="table_aet04_pi" name="AET04_PI_variant_1_is_produced_correctly">
      <skipped message="Reason: On CRAN ('test-table_aet04_pi.R:69:1')"/>
    </testcase>
    <testcase time="0.659000000000006" classname="table_aet04_pi" name="AET04_PI_variant_2_is_produced_correctly"/>
    <testcase time="0.100999999999999" classname="table_aet04_pi" name="AET04_PI_variant_2_is_produced_correctly">
      <skipped message="Reason: On CRAN ('test-table_aet04_pi.R:91:1')"/>
    </testcase>
    <testcase time="0.682000000000002" classname="table_aet04_pi" name="AET04_PI_variant_3_is_produced_correctly"/>
    <testcase time="0.11399999999999" classname="table_aet04_pi" name="AET04_PI_variant_3_is_produced_correctly">
      <skipped message="Reason: On CRAN ('test-table_aet04_pi.R:114:1')"/>
    </testcase>
    <testcase time="0.658000000000001" classname="table_aet04_pi" name="AET04_PI_variant_4_is_produced_correctly"/>
    <testcase time="0.0799999999999983" classname="table_aet04_pi" name="AET04_PI_variant_4_is_produced_correctly">
      <skipped message="Reason: On CRAN ('test-table_aet04_pi.R:137:1')"/>
    </testcase>
    <testcase time="0.677999999999997" classname="table_aet04_pi" name="AET04_PI_variant_5_is_produced_correctly"/>
    <testcase time="0.135000000000005" classname="table_aet04_pi" name="AET04_PI_variant_5_is_produced_correctly">
      <skipped message="Reason: On CRAN ('test-table_aet04_pi.R:161:1')"/>
    </testcase>
    <testcase time="0.811999999999998" classname="table_aet04_pi" name="AET04_PI_variant_6_is_produced_correctly"/>
    <testcase time="0.147000000000006" classname="table_aet04_pi" name="AET04_PI_variant_6_is_produced_correctly">
      <skipped message="Reason: On CRAN ('test-table_aet04_pi.R:185:1')"/>
    </testcase>
    <testcase time="0.814999999999998" classname="table_aet04_pi" name="AET04_PI_variant_7_is_produced_correctly"/>
    <testcase time="0.147999999999996" classname="table_aet04_pi" name="AET04_PI_variant_7_is_produced_correctly">
      <skipped message="Reason: On CRAN ('test-table_aet04_pi.R:236:1')"/>
    </testcase>
    <testcase time="0.216999999999999" classname="table_aet04_pi" name="AET04_PI_variant_8_is_produced_correctly"/>
    <testcase time="0.13300000000001" classname="table_aet04_pi" name="AET04_PI_variant_8_is_produced_correctly">
      <skipped message="Reason: On CRAN ('test-table_aet04_pi.R:287:1')"/>
    </testcase>
  </testsuite>
  <testsuite name="table_aet05" timestamp="2026-01-02T14:29:40Z" hostname="3b8a741904b7" tests="4" skipped="2" failures="0" errors="0" time="0.299">
    <testcase time="0.129000000000005" classname="table_aet05" name="AET05_variant_1_is_produced_correctly"/>
    <testcase time="0.0510000000000019" classname="table_aet05" name="AET05_variant_1_is_produced_correctly">
      <skipped message="Reason: On CRAN ('test-table_aet05.R:26:1')"/>
    </testcase>
    <testcase time="0.0739999999999981" classname="table_aet05" name="AET05_variant_2_is_produced_correctly"/>
    <testcase time="0.0450000000000017" classname="table_aet05" name="AET05_variant_2_is_produced_correctly">
      <skipped message="Reason: On CRAN ('test-table_aet05.R:41:1')"/>
    </testcase>
  </testsuite>
  <testsuite name="table_aet05_all" timestamp="2026-01-02T14:29:41Z" hostname="3b8a741904b7" tests="4" skipped="2" failures="0" errors="0" time="0.326">
    <testcase time="0.147000000000006" classname="table_aet05_all" name="AET05_ALL_variant_1_is_produced_correctly"/>
    <testcase time="0.0459999999999923" classname="table_aet05_all" name="AET05_ALL_variant_1_is_produced_correctly">
      <skipped message="Reason: On CRAN ('test-table_aet05_all.R:20:1')"/>
    </testcase>
    <testcase time="0.0880000000000081" classname="table_aet05_all" name="AET05_ALL_variant_2_is_produced_correctly"/>
    <testcase time="0.0449999999999875" classname="table_aet05_all" name="AET05_ALL_variant_2_is_produced_correctly">
      <skipped message="Reason: On CRAN ('test-table_aet05_all.R:35:1')"/>
    </testcase>
  </testsuite>
  <testsuite name="table_aet06" timestamp="2026-01-02T14:29:41Z" hostname="3b8a741904b7" tests="6" skipped="3" failures="0" errors="0" time="3.946">
    <testcase time="0.64200000000001" classname="table_aet06" name="AET06_variant_1_is_produced_correctly"/>
    <testcase time="0.206999999999994" classname="table_aet06" name="AET06_variant_1_is_produced_correctly">
      <skipped message="Reason: On CRAN ('test-table_aet06.R:64:1')"/>
    </testcase>
    <testcase time="1.07300000000001" classname="table_aet06" name="AET06_variant_3_is_produced_correctly"/>
    <testcase time="0.298999999999992" classname="table_aet06" name="AET06_variant_3_is_produced_correctly">
      <skipped message="Reason: On CRAN ('test-table_aet06.R:100:1')"/>
    </testcase>
    <testcase time="1.37" classname="table_aet06" name="AET06_variant_5_is_produced_correctly"/>
    <testcase time="0.355000000000004" classname="table_aet06" name="AET06_variant_5_is_produced_correctly">
      <skipped message="Reason: On CRAN ('test-table_aet06.R:152:1')"/>
    </testcase>
  </testsuite>
  <testsuite name="table_aet06_smq" timestamp="2026-01-02T14:29:45Z" hostname="3b8a741904b7" tests="4" skipped="2" failures="0" errors="0" time="1.342">
    <testcase time="0.445999999999998" classname="table_aet06_smq" name="AET06_SMQ_variant_1_is_produced_correctly"/>
    <testcase time="0.132999999999996" classname="table_aet06_smq" name="AET06_SMQ_variant_1_is_produced_correctly">
      <skipped message="Reason: On CRAN ('test-table_aet06_smq.R:5:1')"/>
    </testcase>
    <testcase time="0.653999999999996" classname="table_aet06_smq" name="AET06_SMQ_variant_2_is_produced_correctly"/>
    <testcase time="0.109000000000009" classname="table_aet06_smq" name="AET06_SMQ_variant_2_is_produced_correctly">
      <skipped message="Reason: On CRAN ('test-table_aet06_smq.R:76:1')"/>
    </testcase>
  </testsuite>
  <testsuite name="table_aet07" timestamp="2026-01-02T14:29:46Z" hostname="3b8a741904b7" tests="4" skipped="2" failures="0" errors="0" time="0.197">
    <testcase time="0.0759999999999934" classname="table_aet07" name="AET07_variant_1_is_produced_correctly"/>
    <testcase time="0.0280000000000058" classname="table_aet07" name="AET07_variant_1_is_produced_correctly">
      <skipped message="Reason: On CRAN ('test-table_aet07.R:24:1')"/>
    </testcase>
    <testcase time="0.0649999999999977" classname="table_aet07" name="AET07_variant_2_is_produced_correctly"/>
    <testcase time="0.0279999999999916" classname="table_aet07" name="AET07_variant_2_is_produced_correctly">
      <skipped message="Reason: On CRAN ('test-table_aet07.R:52:1')"/>
    </testcase>
  </testsuite>
  <testsuite name="table_aet09" timestamp="2026-01-02T14:29:46Z" hostname="3b8a741904b7" tests="4" skipped="2" failures="0" errors="0" time="1.9">
    <testcase time="0.557000000000002" classname="table_aet09" name="AET09_variant_1_is_produced_correctly_AE_related_to_study_drug"/>
    <testcase time="0.14800000000001" classname="table_aet09" name="AET09_variant_1_is_produced_correctly_AE_related_to_study_drug">
      <skipped message="Reason: On CRAN ('test-table_aet09.R:7:1')"/>
    </testcase>
    <testcase time="0.951999999999998" classname="table_aet09" name="AET09_variant_2_is_produced_correctly_AE_related_to_study_drug_including_high_level_terms_"/>
    <testcase time="0.242999999999995" classname="table_aet09" name="AET09_variant_2_is_produced_correctly_AE_related_to_study_drug_including_high_level_terms_">
      <skipped message="Reason: On CRAN ('test-table_aet09.R:49:1')"/>
    </testcase>
  </testsuite>
  <testsuite name="table_aet09_smq" timestamp="2026-01-02T14:29:48Z" hostname="3b8a741904b7" tests="4" skipped="2" failures="0" errors="0" time="0.509">
    <testcase time="0.147000000000006" classname="table_aet09_smq" name="AET09_variant_1_AEs_related_to_study_drug_by_SMQ_is_produced_correctly"/>
    <testcase time="0.0519999999999925" classname="table_aet09_smq" name="AET09_variant_1_AEs_related_to_study_drug_by_SMQ_is_produced_correctly">
      <skipped message="Reason: On CRAN ('test-table_aet09_smq.R:15:1')"/>
    </testcase>
    <testcase time="0.227000000000004" classname="table_aet09_smq" name="AET09_variant_2_AEs_related_to_study_drug_by_SMQ_with_customized_queries_is_produced_correctly"/>
    <testcase time="0.0829999999999984" classname="table_aet09_smq" name="AET09_variant_2_AEs_related_to_study_drug_by_SMQ_with_customized_queries_is_produced_correctly">
      <skipped message="Reason: On CRAN ('test-table_aet09_smq.R:72:1')"/>
    </testcase>
  </testsuite>
  <testsuite name="table_aet10" timestamp="2026-01-02T14:29:49Z" hostname="3b8a741904b7" tests="2" skipped="1" failures="0" errors="0" time="0.184">
    <testcase time="0.129000000000005" classname="table_aet10" name="AET10_default_variant_is_produced_correctly"/>
    <testcase time="0.0549999999999926" classname="table_aet10" name="AET10_default_variant_is_produced_correctly">
      <skipped message="Reason: On CRAN ('test-table_aet10.R:6:1')"/>
    </testcase>
  </testsuite>
  <testsuite name="table_aovt01" timestamp="2026-01-02T14:29:49Z" hostname="3b8a741904b7" tests="6" skipped="3" failures="0" errors="0" time="1.566">
    <testcase time="0.290000000000006" classname="table_aovt01" name="AOVT01_variant_with_single_endpoint_is_produced_correctly"/>
    <testcase time="0.0670000000000073" classname="table_aovt01" name="AOVT01_variant_with_single_endpoint_is_produced_correctly">
      <skipped message="Reason: On CRAN ('test-table_aovt01.R:6:1')"/>
    </testcase>
    <testcase time="0.477000000000004" classname="table_aovt01" name="AOVT01_variant_with_multiple_endpoints_is_produced_correctly"/>
    <testcase time="0.123999999999995" classname="table_aovt01" name="AOVT01_variant_with_multiple_endpoints_is_produced_correctly">
      <skipped message="Reason: On CRAN ('test-table_aovt01.R:36:1')"/>
    </testcase>
    <testcase time="0.471000000000004" classname="table_aovt01" name="AOVT01_variant_with_proportional_weights_is_produced_correctly"/>
    <testcase time="0.137" classname="table_aovt01" name="AOVT01_variant_with_proportional_weights_is_produced_correctly">
      <skipped message="Reason: On CRAN ('test-table_aovt01.R:55:1')"/>
    </testcase>
  </testsuite>
  <testsuite name="table_aovt02" timestamp="2026-01-02T14:29:51Z" hostname="3b8a741904b7" tests="2" skipped="1" failures="0" errors="0" time="0.342">
    <testcase time="0.277999999999992" classname="table_aovt02" name="AOVT02_is_produced_correctly"/>
    <testcase time="0.0640000000000072" classname="table_aovt02" name="AOVT02_is_produced_correctly">
      <skipped message="Reason: On CRAN ('test-table_aovt02.R:15:1')"/>
    </testcase>
  </testsuite>
  <testsuite name="table_aovt03" timestamp="2026-01-02T14:29:51Z" hostname="3b8a741904b7" tests="2" skipped="1" failures="0" errors="0" time="0.714">
    <testcase time="0.566999999999993" classname="table_aovt03" name="AOVT03_is_produced_correctly"/>
    <testcase time="0.147000000000006" classname="table_aovt03" name="AOVT03_is_produced_correctly">
      <skipped message="Reason: On CRAN ('test-table_aovt03.R:10:1')"/>
    </testcase>
  </testsuite>
  <testsuite name="table_cfbt01" timestamp="2026-01-02T14:29:52Z" hostname="3b8a741904b7" tests="2" skipped="1" failures="0" errors="0" time="0.672">
    <testcase time="0.469999999999999" classname="table_cfbt01" name="CFBT01_default_variant_is_produced_correctly"/>
    <testcase time="0.201999999999998" classname="table_cfbt01" name="CFBT01_default_variant_is_produced_correctly">
      <skipped message="Reason: On CRAN ('test-table_cfbt01.R:15:1')"/>
    </testcase>
  </testsuite>
  <testsuite name="table_cmht01" timestamp="2026-01-02T14:29:52Z" hostname="3b8a741904b7" tests="4" skipped="2" failures="0" errors="0" time="1.722">
    <testcase time="0.393000000000001" classname="table_cmht01" name="CMHT01_variant_1_is_produced_correctly"/>
    <testcase time="0.0810000000000031" classname="table_cmht01" name="CMHT01_variant_1_is_produced_correctly">
      <skipped message="Reason: On CRAN ('test-table_cmht01.R:8:1')"/>
    </testcase>
    <testcase time="0.977000000000004" classname="table_cmht01" name="CMHT01_variant_2_is_produced_correctly"/>
    <testcase time="0.270999999999987" classname="table_cmht01" name="CMHT01_variant_2_is_produced_correctly">
      <skipped message="Reason: On CRAN ('test-table_cmht01.R:61:1')"/>
    </testcase>
  </testsuite>
  <testsuite name="table_cmt01" timestamp="2026-01-02T14:29:54Z" hostname="3b8a741904b7" tests="8" skipped="4" failures="0" errors="0" time="3.783">
    <testcase time="0.671000000000006" classname="table_cmt01" name="CMT01_default_variant_Concomitant_medications_is_produced_correctly"/>
    <testcase time="0.256" classname="table_cmt01" name="CMT01_default_variant_Concomitant_medications_is_produced_correctly">
      <skipped message="Reason: On CRAN ('test-table_cmt01.R:4:1')"/>
    </testcase>
    <testcase time="0.753" classname="table_cmt01" name="CMT01_variant_1_prior_medications_is_produced_correctly"/>
    <testcase time="0.272000000000006" classname="table_cmt01" name="CMT01_variant_1_prior_medications_is_produced_correctly">
      <skipped message="Reason: On CRAN ('test-table_cmt01.R:39:1')"/>
    </testcase>
    <testcase time="0.632999999999996" classname="table_cmt01" name="CMT01_variant_3_Concomitant_medications_is_produced_correctly"/>
    <testcase time="0.221999999999994" classname="table_cmt01" name="CMT01_variant_3_Concomitant_medications_is_produced_correctly">
      <skipped message="Reason: On CRAN ('test-table_cmt01.R:74:1')"/>
    </testcase>
    <testcase time="0.707000000000008" classname="table_cmt01" name="CMT01_variant_4_Concomitant_medications_is_produced_correctly"/>
    <testcase time="0.268999999999991" classname="table_cmt01" name="CMT01_variant_4_Concomitant_medications_is_produced_correctly">
      <skipped message="Reason: On CRAN ('test-table_cmt01.R:107:1')"/>
    </testcase>
  </testsuite>
  <testsuite name="table_cmt01a" timestamp="2026-01-02T14:29:58Z" hostname="3b8a741904b7" tests="8" skipped="4" failures="0" errors="0" time="4.817">
    <testcase time="1.08100000000002" classname="table_cmt01a" name="CMT01A_variant_1_is_produced_correctly"/>
    <testcase time="0.222999999999985" classname="table_cmt01a" name="CMT01A_variant_1_is_produced_correctly">
      <skipped message="Reason: On CRAN ('test-table_cmt01a.R:16:1')"/>
    </testcase>
    <testcase time="0.955000000000013" classname="table_cmt01a" name="CMT01A_variant_2_is_produced_correctly"/>
    <testcase time="0.239999999999981" classname="table_cmt01a" name="CMT01A_variant_2_is_produced_correctly">
      <skipped message="Reason: On CRAN ('test-table_cmt01a.R:62:1')"/>
    </testcase>
    <testcase time="0.945000000000022" classname="table_cmt01a" name="CMT01A_variant_3_is_produced_correctly"/>
    <testcase time="0.222999999999985" classname="table_cmt01a" name="CMT01A_variant_3_is_produced_correctly">
      <skipped message="Reason: On CRAN ('test-table_cmt01a.R:108:1')"/>
    </testcase>
    <testcase time="0.944000000000017" classname="table_cmt01a" name="CMT01A_variant_4_is_produced_correctly"/>
    <testcase time="0.205999999999989" classname="table_cmt01a" name="CMT01A_variant_4_is_produced_correctly">
      <skipped message="Reason: On CRAN ('test-table_cmt01a.R:151:1')"/>
    </testcase>
  </testsuite>
  <testsuite name="table_cmt01b" timestamp="2026-01-02T14:30:03Z" hostname="3b8a741904b7" tests="6" skipped="3" failures="0" errors="0" time="5.286">
    <testcase time="1.55099999999999" classname="table_cmt01b" name="CMT01B_variant_1_is_produced_correctly"/>
    <testcase time="0.368000000000023" classname="table_cmt01b" name="CMT01B_variant_1_is_produced_correctly">
      <skipped message="Reason: On CRAN ('test-table_cmt01b.R:17:1')"/>
    </testcase>
    <testcase time="1.09699999999998" classname="table_cmt01b" name="CMT01B_variant_2_is_produced_correctly"/>
    <testcase time="0.306000000000012" classname="table_cmt01b" name="CMT01B_variant_2_is_produced_correctly">
      <skipped message="Reason: On CRAN ('test-table_cmt01b.R:91:1')"/>
    </testcase>
    <testcase time="1.55799999999999" classname="table_cmt01b" name="CMT01B_variant_4_is_produced_correctly"/>
    <testcase time="0.406000000000006" classname="table_cmt01b" name="CMT01B_variant_4_is_produced_correctly">
      <skipped message="Reason: On CRAN ('test-table_cmt01b.R:149:1')"/>
    </testcase>
  </testsuite>
  <testsuite name="table_cmt02_pt" timestamp="2026-01-02T14:30:08Z" hostname="3b8a741904b7" tests="2" skipped="1" failures="0" errors="0" time="0.614">
    <testcase time="0.448000000000008" classname="table_cmt02_pt" name="CMT02_PT_default_variant_is_produced_correctly"/>
    <testcase time="0.165999999999997" classname="table_cmt02_pt" name="CMT02_PT_default_variant_is_produced_correctly">
      <skipped message="Reason: On CRAN ('test-table_cmt02_pt.R:16:1')"/>
    </testcase>
  </testsuite>
  <testsuite name="table_coxt01" timestamp="2026-01-02T14:30:08Z" hostname="3b8a741904b7" tests="8" skipped="4" failures="0" errors="0" time="2.046">
    <testcase time="0.328999999999979" classname="table_coxt01" name="1._Cox_Regression"/>
    <testcase time="0.0770000000000266" classname="table_coxt01" name="1._Cox_Regression">
      <skipped message="Reason: On CRAN ('test-table_coxt01.R:18:1')"/>
    </testcase>
    <testcase time="0.452999999999975" classname="table_coxt01" name="2._Cox_Regression_with_Interaction_Term_"/>
    <testcase time="0.114000000000004" classname="table_coxt01" name="2._Cox_Regression_with_Interaction_Term_">
      <skipped message="Reason: On CRAN ('test-table_coxt01.R:34:1')"/>
    </testcase>
    <testcase time="0.431000000000012" classname="table_coxt01" name="3._Cox_Regression_specifying_covariates_"/>
    <testcase time="0.113" classname="table_coxt01" name="3._Cox_Regression_specifying_covariates_">
      <skipped message="Reason: On CRAN ('test-table_coxt01.R:53:1')"/>
    </testcase>
    <testcase time="0.419000000000011" classname="table_coxt01" name="4._Cox_Regression_setting_strata_ties_and_alpha_level_"/>
    <testcase time="0.109999999999985" classname="table_coxt01" name="4._Cox_Regression_setting_strata_ties_and_alpha_level_">
      <skipped message="Reason: On CRAN ('test-table_coxt01.R:75:1')"/>
    </testcase>
  </testsuite>
  <testsuite name="table_coxt02" timestamp="2026-01-02T14:30:10Z" hostname="3b8a741904b7" tests="4" skipped="2" failures="0" errors="0" time="0.945">
    <testcase time="0.568999999999988" classname="table_coxt02" name="COXT02_default_variant_1_is_produced_correctly"/>
    <testcase time="0.0570000000000164" classname="table_coxt02" name="COXT02_default_variant_1_is_produced_correctly">
      <skipped message="Reason: On CRAN ('test-table_coxt02.R:19:1')"/>
    </testcase>
    <testcase time="0.259999999999991" classname="table_coxt02" name="COXT02_variant_5_is_produced_correctly"/>
    <testcase time="0.0589999999999975" classname="table_coxt02" name="COXT02_variant_5_is_produced_correctly">
      <skipped message="Reason: On CRAN ('test-table_coxt02.R:33:1')"/>
    </testcase>
  </testsuite>
  <testsuite name="table_disclosures" timestamp="2026-01-02T14:30:11Z" hostname="3b8a741904b7" tests="12" skipped="6" failures="0" errors="0" time="1.938">
    <testcase time="0.177999999999997" classname="table_disclosures" name="Patient_Disposition_table_is_produced_correctly"/>
    <testcase time="0.0730000000000075" classname="table_disclosures" name="Patient_Disposition_table_is_produced_correctly">
      <skipped message="Reason: On CRAN ('test-table_disclosures.R:75:1')"/>
    </testcase>
    <testcase time="0.241000000000014" classname="table_disclosures" name="Demographic_table_is_produced_correctly"/>
    <testcase time="0.125" classname="table_disclosures" name="Demographic_table_is_produced_correctly">
      <skipped message="Reason: On CRAN ('test-table_disclosures.R:113:1')"/>
    </testcase>
    <testcase time="0.11099999999999" classname="table_disclosures" name="Enrollment_by_Country_Table_is_produced_correctly"/>
    <testcase time="0.0749999999999886" classname="table_disclosures" name="Enrollment_by_Country_Table_is_produced_correctly">
      <skipped message="Reason: On CRAN ('test-table_disclosures.R:134:1')"/>
    </testcase>
    <testcase time="0.0940000000000225" classname="table_disclosures" name="Death_table_is_produced_correctly"/>
    <testcase time="0.0409999999999968" classname="table_disclosures" name="Death_table_is_produced_correctly">
      <skipped message="Reason: On CRAN ('test-table_disclosures.R:146:1')"/>
    </testcase>
    <testcase time="0.383999999999986" classname="table_disclosures" name="Table_of_Serious_Adverse_Events_is_produced_correctly_for_one_specific_treatment_arm_"/>
    <testcase time="0.0720000000000027" classname="table_disclosures" name="Table_of_Serious_Adverse_Events_is_produced_correctly_for_one_specific_treatment_arm_">
      <skipped message="Reason: On CRAN ('test-table_disclosures.R:164:1')"/>
    </testcase>
    <testcase time="0.437999999999988" classname="table_disclosures" name="Table_of_Non_Serious_Adverse_Events_is_produced_correctly"/>
    <testcase time="0.106000000000023" classname="table_disclosures" name="Table_of_Non_Serious_Adverse_Events_is_produced_correctly">
      <skipped message="Reason: On CRAN ('test-table_disclosures.R:192:1')"/>
    </testcase>
  </testsuite>
  <testsuite name="table_dmt01" timestamp="2026-01-02T14:30:14Z" hostname="3b8a741904b7" tests="10" skipped="5" failures="0" errors="0" time="2.935">
    <testcase time="1.24299999999999" classname="table_dmt01" name="DMT01_variant_1_is_produced_correctly"/>
    <testcase time="0.146999999999991" classname="table_dmt01" name="DMT01_variant_1_is_produced_correctly">
      <skipped message="Reason: On CRAN ('test-table_dmt01.R:69:1')"/>
    </testcase>
    <testcase time="0.25200000000001" classname="table_dmt01" name="DMT01_variant_2_is_produced_correctly"/>
    <testcase time="0.133999999999986" classname="table_dmt01" name="DMT01_variant_2_is_produced_correctly">
      <skipped message="Reason: On CRAN ('test-table_dmt01.R:93:1')"/>
    </testcase>
    <testcase time="0.331000000000017" classname="table_dmt01" name="DMT01_variant_3_is_produced_correctly"/>
    <testcase time="0.146999999999991" classname="table_dmt01" name="DMT01_variant_3_is_produced_correctly">
      <skipped message="Reason: On CRAN ('test-table_dmt01.R:116:1')"/>
    </testcase>
    <testcase time="0.235000000000014" classname="table_dmt01" name="DMT01_variant_4_is_produced_correctly"/>
    <testcase time="0.129999999999995" classname="table_dmt01" name="DMT01_variant_4_is_produced_correctly">
      <skipped message="Reason: On CRAN ('test-table_dmt01.R:135:1')"/>
    </testcase>
    <testcase time="0.201999999999998" classname="table_dmt01" name="DMT01_variant_5_is_produced_correctly"/>
    <testcase time="0.114000000000004" classname="table_dmt01" name="DMT01_variant_5_is_produced_correctly">
      <skipped message="Reason: On CRAN ('test-table_dmt01.R:154:1')"/>
    </testcase>
  </testsuite>
  <testsuite name="table_dort01" timestamp="2026-01-02T14:30:16Z" hostname="3b8a741904b7" tests="8" skipped="4" failures="0" errors="0" time="1.554">
    <testcase time="0.34099999999998" classname="table_dort01" name="DORT01_variant_1_is_produced_correctly"/>
    <testcase time="0.0800000000000125" classname="table_dort01" name="DORT01_variant_1_is_produced_correctly">
      <skipped message="Reason: On CRAN ('test-table_dort01.R:26:1')"/>
    </testcase>
    <testcase time="0.305999999999983" classname="table_dort01" name="DORT01_variant_2_selecting_sectons_is_produced_correctly"/>
    <testcase time="0.078000000000003" classname="table_dort01" name="DORT01_variant_2_selecting_sectons_is_produced_correctly">
      <skipped message="Reason: On CRAN ('test-table_dort01.R:81:1')"/>
    </testcase>
    <testcase time="0.286000000000001" classname="table_dort01" name="DORT01_variant_3_modifying_conftype_and_alpha_level_is_produced_correctly"/>
    <testcase time="0.0810000000000173" classname="table_dort01" name="DORT01_variant_3_modifying_conftype_and_alpha_level_is_produced_correctly">
      <skipped message="Reason: On CRAN ('test-table_dort01.R:137:1')"/>
    </testcase>
    <testcase time="0.289999999999992" classname="table_dort01" name="DORT01_variant_4_modifying_time_point_for_the_xx_duration_is_produced_correctly"/>
    <testcase time="0.092000000000013" classname="table_dort01" name="DORT01_variant_4_modifying_time_point_for_the_xx_duration_is_produced_correctly">
      <skipped message="Reason: On CRAN ('test-table_dort01.R:193:1')"/>
    </testcase>
  </testsuite>
  <testsuite name="table_dst01" timestamp="2026-01-02T14:30:18Z" hostname="3b8a741904b7" tests="5" skipped="2" failures="0" errors="0" time="0.766">
    <testcase time="0.171999999999997" classname="table_dst01" name="DST01_default_variant_is_produced_correctly"/>
    <testcase time="0.0729999999999791" classname="table_dst01" name="DST01_default_variant_is_produced_correctly">
      <skipped message="Reason: On CRAN ('test-table_dst01.R:23:1')"/>
    </testcase>
    <testcase time="0.26400000000001" classname="table_dst01" name="DST01_variants_2_and_3_are_produced_correctly"/>
    <testcase time="0.168000000000006" classname="table_dst01" name="DST01_variants_2_and_3_are_produced_correctly"/>
    <testcase time="0.0889999999999986" classname="table_dst01" name="DST01_variants_2_and_3_are_produced_correctly">
      <skipped message="Reason: On CRAN ('test-table_dst01.R:47:1')"/>
    </testcase>
  </testsuite>
  <testsuite name="table_dtht01" timestamp="2026-01-02T14:30:19Z" hostname="3b8a741904b7" tests="8" skipped="4" failures="0" errors="0" time="1.22">
    <testcase time="0.145999999999987" classname="table_dtht01" name="DTHT01_variant_1_is_produced_correctly"/>
    <testcase time="0.0589999999999975" classname="table_dtht01" name="DTHT01_variant_1_is_produced_correctly">
      <skipped message="Reason: On CRAN ('test-table_dtht01.R:9:1')"/>
    </testcase>
    <testcase time="0.332000000000022" classname="table_dtht01" name="DTHT01_variant_2_is_produced_correctly"/>
    <testcase time="0.137999999999977" classname="table_dtht01" name="DTHT01_variant_2_is_produced_correctly">
      <skipped message="Reason: On CRAN ('test-table_dtht01.R:26:1')"/>
    </testcase>
    <testcase time="0.176000000000016" classname="table_dtht01" name="DTHT01_variant_3_is_produced_correctly"/>
    <testcase time="0.0759999999999934" classname="table_dtht01" name="DTHT01_variant_3_is_produced_correctly">
      <skipped message="Reason: On CRAN ('test-table_dtht01.R:63:1')"/>
    </testcase>
    <testcase time="0.212000000000018" classname="table_dtht01" name="DTHT01_variant_4_is_produced_correctly"/>
    <testcase time="0.0809999999999889" classname="table_dtht01" name="DTHT01_variant_4_is_produced_correctly">
      <skipped message="Reason: On CRAN ('test-table_dtht01.R:107:1')"/>
    </testcase>
  </testsuite>
  <testsuite name="table_egt01" timestamp="2026-01-02T14:30:21Z" hostname="3b8a741904b7" tests="2" skipped="1" failures="0" errors="0" time="3.675">
    <testcase time="2.858" classname="table_egt01" name="EGT01_default_variant_is_produced_correctly"/>
    <testcase time="0.816999999999979" classname="table_egt01" name="EGT01_default_variant_is_produced_correctly">
      <skipped message="Reason: On CRAN ('test-table_egt01.R:13:1')"/>
    </testcase>
  </testsuite>
  <testsuite name="table_egt02" timestamp="2026-01-02T14:30:25Z" hostname="3b8a741904b7" tests="4" skipped="2" failures="0" errors="0" time="1.861">
    <testcase time="1.55300000000003" classname="table_egt02" name="_EGT02_1._Regardless_of_Abnormality_at_Baseline"/>
    <testcase time="0.0649999999999977" classname="table_egt02" name="_EGT02_1._Regardless_of_Abnormality_at_Baseline">
      <skipped message="Reason: On CRAN ('test-table_egt02.R:18:1')"/>
    </testcase>
    <testcase time="0.185999999999979" classname="table_egt02" name="_EGT02_2._Among_Subjects_Without_Abnormality_at_Baseline"/>
    <testcase time="0.0570000000000164" classname="table_egt02" name="_EGT02_2._Among_Subjects_Without_Abnormality_at_Baseline">
      <skipped message="Reason: On CRAN ('test-table_egt02.R:38:1')"/>
    </testcase>
  </testsuite>
  <testsuite name="table_egt03" timestamp="2026-01-02T14:30:25Z" hostname="3b8a741904b7" tests="8" skipped="4" failures="0" errors="0" time="1.192">
    <testcase time="0.224999999999994" classname="table_egt03" name="EGT03_variant_1_is_produced_correctly"/>
    <testcase time="0.100999999999999" classname="table_egt03" name="EGT03_variant_1_is_produced_correctly">
      <skipped message="Reason: On CRAN ('test-table_egt03.R:35:1')"/>
    </testcase>
    <testcase time="0.158000000000015" classname="table_egt03" name="EGT03_variant_2_is_produced_correctly"/>
    <testcase time="0.0749999999999886" classname="table_egt03" name="EGT03_variant_2_is_produced_correctly">
      <skipped message="Reason: On CRAN ('test-table_egt03.R:60:1')"/>
    </testcase>
    <testcase time="0.222000000000008" classname="table_egt03" name="EGT03_variant_3_is_produced_correctly"/>
    <testcase time="0.0949999999999989" classname="table_egt03" name="EGT03_variant_3_is_produced_correctly">
      <skipped message="Reason: On CRAN ('test-table_egt03.R:75:1')"/>
    </testcase>
    <testcase time="0.219999999999999" classname="table_egt03" name="EGT03_variant_4_is_produced_correctly"/>
    <testcase time="0.0960000000000036" classname="table_egt03" name="EGT03_variant_4_is_produced_correctly">
      <skipped message="Reason: On CRAN ('test-table_egt03.R:101:1')"/>
    </testcase>
  </testsuite>
  <testsuite name="table_egt04" timestamp="2026-01-02T14:30:28Z" hostname="3b8a741904b7" tests="2" skipped="1" failures="0" errors="0" time="1.52">
    <testcase time="1.44699999999997" classname="table_egt04" name="EGT04_default_variant_is_produced_correctly"/>
    <testcase time="0.0730000000000075" classname="table_egt04" name="EGT04_default_variant_is_produced_correctly">
      <skipped message="Reason: On CRAN ('test-table_egt04.R:15:1')"/>
    </testcase>
  </testsuite>
  <testsuite name="table_egt05_qtcat" timestamp="2026-01-02T14:30:29Z" hostname="3b8a741904b7" tests="2" skipped="1" failures="0" errors="0" time="2.374">
    <testcase time="1.92000000000002" classname="table_egt05_qtcat" name="EGT05_QTCAT_default_variant_is_produced_correctly"/>
    <testcase time="0.453999999999979" classname="table_egt05_qtcat" name="EGT05_QTCAT_default_variant_is_produced_correctly">
      <skipped message="Reason: On CRAN ('test-table_egt05_qtcat.R:61:1')"/>
    </testcase>
  </testsuite>
  <testsuite name="table_ent" timestamp="2026-01-02T14:30:30Z" hostname="3b8a741904b7" tests="8" skipped="4" failures="0" errors="0" time="14.758">
    <testcase time="3.90300000000002" classname="table_ent" name="ENT01_IT_is_produced_correctly"/>
    <testcase time="0.556999999999988" classname="table_ent" name="ENT01_IT_is_produced_correctly">
      <skipped message="Reason: On CRAN ('test-table_ent.R:8:1')"/>
    </testcase>
    <testcase time="2.65100000000001" classname="table_ent" name="ENT01a_IT_is_produced_correctly"/>
    <testcase time="0.498999999999995" classname="table_ent" name="ENT01a_IT_is_produced_correctly">
      <skipped message="Reason: On CRAN ('test-table_ent.R:27:1')"/>
    </testcase>
    <testcase time="3.65600000000001" classname="table_ent" name="ENT02_IT_is_produced_correctly"/>
    <testcase time="0.543000000000006" classname="table_ent" name="ENT02_IT_is_produced_correctly">
      <skipped message="Reason: On CRAN ('test-table_ent.R:43:1')"/>
    </testcase>
    <testcase time="2.422" classname="table_ent" name="ENT02a_IT_is_produced_correctly"/>
    <testcase time="0.526999999999987" classname="table_ent" name="ENT02a_IT_is_produced_correctly">
      <skipped message="Reason: On CRAN ('test-table_ent.R:64:1')"/>
    </testcase>
  </testsuite>
  <testsuite name="table_eudrat01" timestamp="2026-01-02T14:30:45Z" hostname="3b8a741904b7" tests="2" skipped="1" failures="0" errors="0" time="0.638">
    <testcase time="0.525000000000006" classname="table_eudrat01" name="EUDRAT01_is_produced_correctly"/>
    <testcase time="0.113" classname="table_eudrat01" name="EUDRAT01_is_produced_correctly">
      <skipped message="Reason: On CRAN ('test-table_eudrat01.R:46:1')"/>
    </testcase>
  </testsuite>
  <testsuite name="table_eudrat02" timestamp="2026-01-02T14:30:46Z" hostname="3b8a741904b7" tests="2" skipped="1" failures="0" errors="0" time="0.504">
    <testcase time="0.407999999999987" classname="table_eudrat02" name="EUDRAT02_is_produced_correctly"/>
    <testcase time="0.0960000000000036" classname="table_eudrat02" name="EUDRAT02_is_produced_correctly">
      <skipped message="Reason: On CRAN ('test-table_eudrat02.R:15:1')"/>
    </testcase>
  </testsuite>
  <testsuite name="table_ext01" timestamp="2026-01-02T14:30:46Z" hostname="3b8a741904b7" tests="6" skipped="3" failures="0" errors="0" time="1.69">
    <testcase time="0.435000000000002" classname="table_ext01" name="EXT01_default_variant_with_numeric_parameters_is_produced_correctly"/>
    <testcase time="0.146999999999991" classname="table_ext01" name="EXT01_default_variant_with_numeric_parameters_is_produced_correctly">
      <skipped message="Reason: On CRAN ('test-table_ext01.R:73:1')"/>
    </testcase>
    <testcase time="0.319000000000017" classname="table_ext01" name="EXT01_variant_with_both_numeric_and_categorical_parameters"/>
    <testcase time="0.174000000000007" classname="table_ext01" name="EXT01_variant_with_both_numeric_and_categorical_parameters">
      <skipped message="Reason: On CRAN ('test-table_ext01.R:88:1')"/>
    </testcase>
    <testcase time="0.387999999999977" classname="table_ext01" name="EXT01_variant_with_user_specified_categories_for_missed_doses"/>
    <testcase time="0.227000000000004" classname="table_ext01" name="EXT01_variant_with_user_specified_categories_for_missed_doses">
      <skipped message="Reason: On CRAN ('test-table_ext01.R:132:1')"/>
    </testcase>
  </testsuite>
  <testsuite name="table_jnj_tbl1" timestamp="2026-01-02T14:30:48Z" hostname="3b8a741904b7" tests="2" skipped="1" failures="0" errors="0" time="0.289">
    <testcase time="0.204000000000008" classname="table_jnj_tbl1" name="DMT01_variant_factor_with_only_Missing_values"/>
    <testcase time="0.085000000000008" classname="table_jnj_tbl1" name="DMT01_variant_factor_with_only_Missing_values">
      <skipped message="Reason: On CRAN ('test-table_jnj_tbl1.R:38:1')"/>
    </testcase>
  </testsuite>
  <testsuite name="table_lbt01" timestamp="2026-01-02T14:30:49Z" hostname="3b8a741904b7" tests="2" skipped="1" failures="0" errors="0" time="2.262">
    <testcase time="1.733" classname="table_lbt01" name="LBT01_default_variant_is_produced_correctly"/>
    <testcase time="0.528999999999996" classname="table_lbt01" name="LBT01_default_variant_is_produced_correctly">
      <skipped message="Reason: On CRAN ('test-table_lbt01.R:13:1')"/>
    </testcase>
  </testsuite>
  <testsuite name="table_lbt02" timestamp="2026-01-02T14:30:51Z" hostname="3b8a741904b7" tests="2" skipped="1" failures="0" errors="0" time="1.531">
    <testcase time="1.04399999999998" classname="table_lbt02" name="LBT02_default_variant_is_produced_correctly"/>
    <testcase time="0.487000000000023" classname="table_lbt02" name="LBT02_default_variant_is_produced_correctly">
      <skipped message="Reason: On CRAN ('test-table_lbt02.R:6:1')"/>
    </testcase>
  </testsuite>
  <testsuite name="table_lbt03" timestamp="2026-01-02T14:30:52Z" hostname="3b8a741904b7" tests="2" skipped="1" failures="0" errors="0" time="0.277">
    <testcase time="0.199999999999989" classname="table_lbt03" name="LBT03_default_variant_is_produced_correctly"/>
    <testcase time="0.0769999999999982" classname="table_lbt03" name="LBT03_default_variant_is_produced_correctly">
      <skipped message="Reason: On CRAN ('test-table_lbt03.R:6:1')"/>
    </testcase>
  </testsuite>
  <testsuite name="table_lbt04" timestamp="2026-01-02T14:30:53Z" hostname="3b8a741904b7" tests="2" skipped="1" failures="0" errors="0" time="1.402">
    <testcase time="1.21899999999999" classname="table_lbt04" name="LBT04_default_variant_is_produced_correctly"/>
    <testcase time="0.182999999999993" classname="table_lbt04" name="LBT04_default_variant_is_produced_correctly">
      <skipped message="Reason: On CRAN ('test-table_lbt04.R:16:1')"/>
    </testcase>
  </testsuite>
  <testsuite name="table_lbt05" timestamp="2026-01-02T14:30:54Z" hostname="3b8a741904b7" tests="6" skipped="3" failures="0" errors="0" time="6.864">
    <testcase time="2.45600000000002" classname="table_lbt05" name="LBT05_variant_1_is_produced_correctly"/>
    <testcase time="0.326999999999998" classname="table_lbt05" name="LBT05_variant_1_is_produced_correctly">
      <skipped message="Reason: On CRAN ('test-table_lbt05.R:63:1')"/>
    </testcase>
    <testcase time="1.494" classname="table_lbt05" name="LBT05_variant_2_is_produced_correctly"/>
    <testcase time="0.429000000000002" classname="table_lbt05" name="LBT05_variant_2_is_produced_correctly">
      <skipped message="Reason: On CRAN ('test-table_lbt05.R:88:1')"/>
    </testcase>
    <testcase time="1.83599999999998" classname="table_lbt05" name="LBT05_variant_4_is_produced_correctly"/>
    <testcase time="0.322000000000003" classname="table_lbt05" name="LBT05_variant_4_is_produced_correctly">
      <skipped message="Reason: On CRAN ('test-table_lbt05.R:110:1')"/>
    </testcase>
  </testsuite>
  <testsuite name="table_lbt06" timestamp="2026-01-02T14:31:01Z" hostname="3b8a741904b7" tests="2" skipped="1" failures="0" errors="0" time="0.519">
    <testcase time="0.376000000000005" classname="table_lbt06" name="LBT06_default_variant_is_produced_correctly"/>
    <testcase time="0.143000000000001" classname="table_lbt06" name="LBT06_default_variant_is_produced_correctly">
      <skipped message="Reason: On CRAN ('test-table_lbt06.R:7:1')"/>
    </testcase>
  </testsuite>
  <testsuite name="table_lbt07" timestamp="2026-01-02T14:31:02Z" hostname="3b8a741904b7" tests="2" skipped="1" failures="0" errors="0" time="2.479">
    <testcase time="2.18100000000001" classname="table_lbt07" name="LBT07_is_produced_correctly"/>
    <testcase time="0.298000000000002" classname="table_lbt07" name="LBT07_is_produced_correctly">
      <skipped message="Reason: On CRAN ('test-table_lbt07.R:57:1')"/>
    </testcase>
  </testsuite>
  <testsuite name="table_lbt08" timestamp="2026-01-02T14:31:04Z" hostname="3b8a741904b7" tests="2" skipped="1" failures="0" errors="0" time="0.403">
    <testcase time="0.300999999999988" classname="table_lbt08" name="LBT08_produce_correctly"/>
    <testcase time="0.102000000000004" classname="table_lbt08" name="LBT08_produce_correctly">
      <skipped message="Reason: On CRAN ('test-table_lbt08.R:19:1')"/>
    </testcase>
  </testsuite>
  <testsuite name="table_lbt09" timestamp="2026-01-02T14:31:04Z" hostname="3b8a741904b7" tests="4" skipped="2" failures="0" errors="0" time="1.046">
    <testcase time="0.396999999999991" classname="table_lbt09" name="LBT09_variant_1_works_as_expected"/>
[...]
  <testsuite name="tsfdth01" timestamp="2026-01-02T14:38:54Z" hostname="3b8a741904b7" tests="1" skipped="1" failures="0" errors="0" time="1.382">
    <testcase time="1.38199999999995" classname="tsfdth01" name="tsfdth01">
      <skipped message="Reason: On CRAN ('test-tsfdth01.R:1:1')"/>
    </testcase>
  </testsuite>
  <testsuite name="tsfecg01apart1" timestamp="2026-01-02T14:38:55Z" hostname="3b8a741904b7" tests="1" skipped="1" failures="0" errors="0" time="4.879">
    <testcase time="4.87900000000002" classname="tsfecg01apart1" name="tsfecg01a">
      <skipped message="Reason: On CRAN ('test-tsfecg01apart1.R:1:1')"/>
    </testcase>
  </testsuite>
  <testsuite name="tsfecg01apart2" timestamp="2026-01-02T14:39:00Z" hostname="3b8a741904b7" tests="1" skipped="1" failures="0" errors="0" time="5.056">
    <testcase time="5.05600000000004" classname="tsfecg01apart2" name="tsfecg01a">
      <skipped message="Reason: On CRAN ('test-tsfecg01apart2.R:1:1')"/>
    </testcase>
  </testsuite>
  <testsuite name="tsfecg01apart3" timestamp="2026-01-02T14:39:05Z" hostname="3b8a741904b7" tests="1" skipped="1" failures="0" errors="0" time="4.786">
    <testcase time="4.78599999999994" classname="tsfecg01apart3" name="tsfecg01a">
      <skipped message="Reason: On CRAN ('test-tsfecg01apart3.R:1:1')"/>
    </testcase>
  </testsuite>
  <testsuite name="tsfecg01part1" timestamp="2026-01-02T14:39:10Z" hostname="3b8a741904b7" tests="1" skipped="1" failures="0" errors="0" time="9.327">
    <testcase time="9.327" classname="tsfecg01part1" name="tsfecg01">
      <skipped message="Reason: On CRAN ('test-tsfecg01part1.R:1:1')"/>
    </testcase>
  </testsuite>
  <testsuite name="tsfecg01part2" timestamp="2026-01-02T14:39:19Z" hostname="3b8a741904b7" tests="1" skipped="1" failures="0" errors="0" time="9.542">
    <testcase time="9.54200000000003" classname="tsfecg01part2" name="tsfecg01">
      <skipped message="Reason: On CRAN ('test-tsfecg01part2.R:1:1')"/>
    </testcase>
  </testsuite>
  <testsuite name="tsfecg02" timestamp="2026-01-02T14:39:29Z" hostname="3b8a741904b7" tests="1" skipped="1" failures="0" errors="0" time="3.512">
    <testcase time="3.51199999999994" classname="tsfecg02" name="tsfecg02">
      <skipped message="Reason: On CRAN ('test-tsfecg02.R:1:1')"/>
    </testcase>
  </testsuite>
  <testsuite name="tsfecg03" timestamp="2026-01-02T14:39:32Z" hostname="3b8a741904b7" tests="1" skipped="1" failures="0" errors="0" time="0.635">
    <testcase time="0.634999999999991" classname="tsfecg03" name="tsfecg03">
      <skipped message="Reason: On CRAN ('test-tsfecg03.R:1:1')"/>
    </testcase>
  </testsuite>
  <testsuite name="tsfecg04" timestamp="2026-01-02T14:39:33Z" hostname="3b8a741904b7" tests="1" skipped="1" failures="0" errors="0" time="2.327">
    <testcase time="2.327" classname="tsfecg04" name="tsfecg04">
      <skipped message="Reason: On CRAN ('test-tsfecg04.R:1:1')"/>
    </testcase>
  </testsuite>
  <testsuite name="tsfecg05" timestamp="2026-01-02T14:39:35Z" hostname="3b8a741904b7" tests="1" skipped="1" failures="0" errors="0" time="1.768">
    <testcase time="1.76800000000003" classname="tsfecg05" name="tsfecg05">
      <skipped message="Reason: On CRAN ('test-tsfecg05.R:1:1')"/>
    </testcase>
  </testsuite>
  <testsuite name="tsflab01apart1" timestamp="2026-01-02T14:39:37Z" hostname="3b8a741904b7" tests="1" skipped="1" failures="0" errors="0" time="14.655">
    <testcase time="14.655" classname="tsflab01apart1" name="tsflab01a">
      <skipped message="Reason: On CRAN ('test-tsflab01apart1.R:1:1')"/>
    </testcase>
  </testsuite>
  <testsuite name="tsflab01apart2" timestamp="2026-01-02T14:39:52Z" hostname="3b8a741904b7" tests="1" skipped="1" failures="0" errors="0" time="14.685">
    <testcase time="14.6850000000001" classname="tsflab01apart2" name="tsflab01a">
      <skipped message="Reason: On CRAN ('test-tsflab01apart2.R:1:1')"/>
    </testcase>
  </testsuite>
  <testsuite name="tsflab01apart3" timestamp="2026-01-02T14:40:06Z" hostname="3b8a741904b7" tests="1" skipped="1" failures="0" errors="0" time="14.794">
    <testcase time="14.794" classname="tsflab01apart3" name="tsflab01a">
      <skipped message="Reason: On CRAN ('test-tsflab01apart3.R:1:1')"/>
    </testcase>
  </testsuite>
  <testsuite name="tsflab01part1" timestamp="2026-01-02T14:40:21Z" hostname="3b8a741904b7" tests="1" skipped="1" failures="0" errors="0" time="6.33">
    <testcase time="6.33000000000004" classname="tsflab01part1" name="tsflab01">
      <skipped message="Reason: On CRAN ('test-tsflab01part1.R:1:1')"/>
    </testcase>
  </testsuite>
  <testsuite name="tsflab01part2" timestamp="2026-01-02T14:40:27Z" hostname="3b8a741904b7" tests="1" skipped="1" failures="0" errors="0" time="6.278">
    <testcase time="6.27799999999991" classname="tsflab01part2" name="tsflab01">
      <skipped message="Reason: On CRAN ('test-tsflab01part2.R:1:1')"/>
    </testcase>
  </testsuite>
  <testsuite name="tsflab02" timestamp="2026-01-02T14:40:34Z" hostname="3b8a741904b7" tests="1" skipped="1" failures="0" errors="0" time="1.074">
    <testcase time="1.07400000000007" classname="tsflab02" name="tsflab02">
      <skipped message="Reason: On CRAN ('test-tsflab02.R:1:1')"/>
    </testcase>
  </testsuite>
  <testsuite name="tsflab02a" timestamp="2026-01-02T14:40:35Z" hostname="3b8a741904b7" tests="1" skipped="1" failures="0" errors="0" time="2.85">
    <testcase time="2.85000000000002" classname="tsflab02a" name="tsflab02a">
      <skipped message="Reason: On CRAN ('test-tsflab02a.R:1:1')"/>
    </testcase>
  </testsuite>
  <testsuite name="tsflab02b" timestamp="2026-01-02T14:40:38Z" hostname="3b8a741904b7" tests="1" skipped="1" failures="0" errors="0" time="2.407">
    <testcase time="2.40699999999993" classname="tsflab02b" name="tsflab02b">
      <skipped message="Reason: On CRAN ('test-tsflab02b.R:1:1')"/>
    </testcase>
  </testsuite>
  <testsuite name="tsflab03" timestamp="2026-01-02T14:40:40Z" hostname="3b8a741904b7" tests="1" skipped="1" failures="0" errors="0" time="3.702">
    <testcase time="3.702" classname="tsflab03" name="tsflab03">
      <skipped message="Reason: On CRAN ('test-tsflab03.R:1:1')"/>
    </testcase>
  </testsuite>
  <testsuite name="tsflab03a" timestamp="2026-01-02T14:40:44Z" hostname="3b8a741904b7" tests="1" skipped="1" failures="0" errors="0" time="10.187">
    <testcase time="10.187" classname="tsflab03a" name="tsflab03a">
      <skipped message="Reason: On CRAN ('test-tsflab03a.R:1:1')"/>
    </testcase>
  </testsuite>
  <testsuite name="tsflab04a" timestamp="2026-01-02T14:40:54Z" hostname="3b8a741904b7" tests="1" skipped="1" failures="0" errors="0" time="2.847">
    <testcase time="2.84699999999998" classname="tsflab04a" name="tsflab04a">
      <skipped message="Reason: On CRAN ('test-tsflab04a.R:1:1')"/>
    </testcase>
  </testsuite>
  <testsuite name="tsflab04b" timestamp="2026-01-02T14:40:57Z" hostname="3b8a741904b7" tests="1" skipped="1" failures="0" errors="0" time="1.178">
    <testcase time="1.178" classname="tsflab04b" name="tsflab04b">
      <skipped message="Reason: On CRAN ('test-tsflab04b.R:1:1')"/>
    </testcase>
  </testsuite>
  <testsuite name="tsflab05" timestamp="2026-01-02T14:40:58Z" hostname="3b8a741904b7" tests="1" skipped="1" failures="0" errors="0" time="3.186">
    <testcase time="3.18600000000004" classname="tsflab05" name="tsflab05">
      <skipped message="Reason: On CRAN ('test-tsflab05.R:1:1')"/>
    </testcase>
  </testsuite>
  <testsuite name="tsflab06" timestamp="2026-01-02T14:41:01Z" hostname="3b8a741904b7" tests="1" skipped="1" failures="0" errors="0" time="3.359">
    <testcase time="3.35900000000004" classname="tsflab06" name="tsflab06">
      <skipped message="Reason: On CRAN ('test-tsflab06.R:1:1')"/>
    </testcase>
  </testsuite>
  <testsuite name="tsflab07" timestamp="2026-01-02T14:41:05Z" hostname="3b8a741904b7" tests="1" skipped="1" failures="0" errors="0" time="18.22">
    <testcase time="18.22" classname="tsflab07" name="tsflab07">
      <skipped message="Reason: On CRAN ('test-tsflab07.R:1:1')"/>
    </testcase>
  </testsuite>
  <testsuite name="tsfvit01apart1" timestamp="2026-01-02T14:41:23Z" hostname="3b8a741904b7" tests="1" skipped="1" failures="0" errors="0" time="7.094">
    <testcase time="7.09399999999994" classname="tsfvit01apart1" name="tsfvit01a">
      <skipped message="Reason: On CRAN ('test-tsfvit01apart1.R:1:1')"/>
    </testcase>
  </testsuite>
  <testsuite name="tsfvit01apart2" timestamp="2026-01-02T14:41:30Z" hostname="3b8a741904b7" tests="1" skipped="1" failures="0" errors="0" time="7.19">
    <testcase time="7.19000000000005" classname="tsfvit01apart2" name="tsfvit01a">
      <skipped message="Reason: On CRAN ('test-tsfvit01apart2.R:1:1')"/>
    </testcase>
  </testsuite>
  <testsuite name="tsfvit01apart3" timestamp="2026-01-02T14:41:37Z" hostname="3b8a741904b7" tests="1" skipped="1" failures="0" errors="0" time="7.195">
    <testcase time="7.19499999999994" classname="tsfvit01apart3" name="tsfvit01a">
      <skipped message="Reason: On CRAN ('test-tsfvit01apart3.R:1:1')"/>
    </testcase>
  </testsuite>
  <testsuite name="tsfvit01apart4" timestamp="2026-01-02T14:41:44Z" hostname="3b8a741904b7" tests="1" skipped="1" failures="0" errors="0" time="6.931">
    <testcase time="6.93100000000004" classname="tsfvit01apart4" name="tsfvit01a">
      <skipped message="Reason: On CRAN ('test-tsfvit01apart4.R:1:1')"/>
    </testcase>
  </testsuite>
  <testsuite name="tsfvit01part1" timestamp="2026-01-02T14:41:51Z" hostname="3b8a741904b7" tests="1" skipped="1" failures="0" errors="0" time="3.549">
    <testcase time="3.54899999999998" classname="tsfvit01part1" name="tsfvit01">
      <skipped message="Reason: On CRAN ('test-tsfvit01part1.R:1:1')"/>
    </testcase>
  </testsuite>
  <testsuite name="tsfvit01part2" timestamp="2026-01-02T14:41:55Z" hostname="3b8a741904b7" tests="1" skipped="1" failures="0" errors="0" time="3.57">
    <testcase time="3.57000000000005" classname="tsfvit01part2" name="tsfvit01">
      <skipped message="Reason: On CRAN ('test-tsfvit01part2.R:1:1')"/>
    </testcase>
  </testsuite>
  <testsuite name="tsfvit01part3" timestamp="2026-01-02T14:41:58Z" hostname="3b8a741904b7" tests="1" skipped="1" failures="0" errors="0" time="3.6">
    <testcase time="3.59999999999991" classname="tsfvit01part3" name="tsfvit01">
      <skipped message="Reason: On CRAN ('test-tsfvit01part3.R:1:1')"/>
    </testcase>
  </testsuite>
  <testsuite name="tsfvit01part4" timestamp="2026-01-02T14:42:02Z" hostname="3b8a741904b7" tests="1" skipped="1" failures="0" errors="0" time="3.608">
    <testcase time="3.60800000000006" classname="tsfvit01part4" name="tsfvit01">
      <skipped message="Reason: On CRAN ('test-tsfvit01part4.R:1:1')"/>
    </testcase>
  </testsuite>
  <testsuite name="tsfvit02" timestamp="2026-01-02T14:42:05Z" hostname="3b8a741904b7" tests="1" skipped="1" failures="0" errors="0" time="0.749">
    <testcase time="0.749000000000024" classname="tsfvit02" name="tsfvit02">
      <skipped message="Reason: On CRAN ('test-tsfvit02.R:1:1')"/>
    </testcase>
  </testsuite>
  <testsuite name="tsfvit03" timestamp="2026-01-02T14:42:06Z" hostname="3b8a741904b7" tests="1" skipped="1" failures="0" errors="0" time="0.745">
    <testcase time="0.745000000000005" classname="tsfvit03" name="tsfvit03">
      <skipped message="Reason: On CRAN ('test-tsfvit03.R:1:1')"/>
    </testcase>
  </testsuite>
  <testsuite name="tsfvit04" timestamp="2026-01-02T14:42:07Z" hostname="3b8a741904b7" tests="1" skipped="1" failures="0" errors="0" time="0.734">
    <testcase time="0.733999999999924" classname="tsfvit04" name="tsfvit04">
      <skipped message="Reason: On CRAN ('test-tsfvit04.R:1:1')"/>
    </testcase>
  </testsuite>
  <testsuite name="tsfvit05" timestamp="2026-01-02T14:42:08Z" hostname="3b8a741904b7" tests="1" skipped="1" failures="0" errors="0" time="2.017">
    <testcase time="2.01700000000005" classname="tsfvit05" name="tsfvit05">
      <skipped message="Reason: On CRAN ('test-tsfvit05.R:1:1')"/>
    </testcase>
  </testsuite>
  <testsuite name="tsfvit06" timestamp="2026-01-02T14:42:10Z" hostname="3b8a741904b7" tests="1" skipped="1" failures="0" errors="0" time="0.661">
    <testcase time="0.660999999999945" classname="tsfvit06" name="tsfvit06">
      <skipped message="Reason: On CRAN ('test-tsfvit06.R:1:1')"/>
    </testcase>
  </testsuite>
  <testsuite name="tsicm01" timestamp="2026-01-02T14:42:10Z" hostname="3b8a741904b7" tests="1" skipped="1" failures="0" errors="0" time="6.29">
    <testcase time="6.29000000000008" classname="tsicm01" name="tsicm01">
      <skipped message="Reason: On CRAN ('test-tsicm01.R:1:1')"/>
    </testcase>
  </testsuite>
  <testsuite name="tsicm02" timestamp="2026-01-02T14:42:17Z" hostname="3b8a741904b7" tests="1" skipped="1" failures="0" errors="0" time="5.978">
    <testcase time="5.97799999999995" classname="tsicm02" name="tsicm02">
      <skipped message="Reason: On CRAN ('test-tsicm02.R:1:1')"/>
    </testcase>
  </testsuite>
  <testsuite name="tsicm03" timestamp="2026-01-02T14:42:23Z" hostname="3b8a741904b7" tests="1" skipped="1" failures="0" errors="0" time="4.25">
    <testcase time="4.25" classname="tsicm03" name="tsicm03">
      <skipped message="Reason: On CRAN ('test-tsicm03.R:1:1')"/>
    </testcase>
  </testsuite>
  <testsuite name="tsicm04" timestamp="2026-01-02T14:42:27Z" hostname="3b8a741904b7" tests="1" skipped="1" failures="0" errors="0" time="4.296">
    <testcase time="4.29600000000005" classname="tsicm04" name="tsicm04">
      <skipped message="Reason: On CRAN ('test-tsicm04.R:1:1')"/>
    </testcase>
  </testsuite>
  <testsuite name="tsicm05" timestamp="2026-01-02T14:42:31Z" hostname="3b8a741904b7" tests="1" skipped="1" failures="0" errors="0" time="7.779">
    <testcase time="7.779" classname="tsicm05" name="tsicm05">
      <skipped message="Reason: On CRAN ('test-tsicm05.R:1:1')"/>
    </testcase>
  </testsuite>
  <testsuite name="tsicm06" timestamp="2026-01-02T14:42:39Z" hostname="3b8a741904b7" tests="1" skipped="1" failures="0" errors="0" time="8.324">
    <testcase time="8.32399999999996" classname="tsicm06" name="tsicm06">
      <skipped message="Reason: On CRAN ('test-tsicm06.R:1:1')"/>
    </testcase>
  </testsuite>
  <testsuite name="tsicm07" timestamp="2026-01-02T14:42:47Z" hostname="3b8a741904b7" tests="1" skipped="1" failures="0" errors="0" time="0.714">
    <testcase time="0.714000000000055" classname="tsicm07" name="tsicm07">
      <skipped message="Reason: On CRAN ('test-tsicm07.R:1:1')"/>
    </testcase>
  </testsuite>
  <testsuite name="tsicm08" timestamp="2026-01-02T14:42:48Z" hostname="3b8a741904b7" tests="1" skipped="1" failures="0" errors="0" time="0.711">
    <testcase time="0.710999999999899" classname="tsicm08" name="tsicm08">
      <skipped message="Reason: On CRAN ('test-tsicm08.R:1:1')"/>
    </testcase>
  </testsuite>
  <testsuite name="tsidem01" timestamp="2026-01-02T14:42:49Z" hostname="3b8a741904b7" tests="1" skipped="1" failures="0" errors="0" time="2.487">
    <testcase time="2.48700000000008" classname="tsidem01" name="tsidem01">
      <skipped message="Reason: On CRAN ('test-tsidem01.R:1:1')"/>
    </testcase>
  </testsuite>
  <testsuite name="tsidem02" timestamp="2026-01-02T14:42:51Z" hostname="3b8a741904b7" tests="1" skipped="1" failures="0" errors="0" time="0.815">
    <testcase time="0.814999999999941" classname="tsidem02" name="tsidem02">
      <skipped message="Reason: On CRAN ('test-tsidem02.R:1:1')"/>
    </testcase>
  </testsuite>
  <testsuite name="tsids01" timestamp="2026-01-02T14:42:52Z" hostname="3b8a741904b7" tests="1" skipped="1" failures="0" errors="0" time="0.404">
    <testcase time="0.403999999999996" classname="tsids01" name="tsids01">
      <skipped message="Reason: On CRAN ('test-tsids01.R:1:1')"/>
    </testcase>
  </testsuite>
  <testsuite name="tsids02" timestamp="2026-01-02T14:42:52Z" hostname="3b8a741904b7" tests="1" skipped="1" failures="0" errors="0" time="1.586">
    <testcase time="1.58600000000001" classname="tsids02" name="tsids02">
      <skipped message="Reason: On CRAN ('test-tsids02.R:1:1')"/>
    </testcase>
  </testsuite>
  <testsuite name="tsids02a" timestamp="2026-01-02T14:42:54Z" hostname="3b8a741904b7" tests="1" skipped="1" failures="0" errors="0" time="8.175">
    <testcase time="8.17500000000007" classname="tsids02a" name="tsids02a">
      <skipped message="Reason: On CRAN ('test-tsids02a.R:1:1')"/>
    </testcase>
  </testsuite>
  <testsuite name="tsiex01" timestamp="2026-01-02T14:43:02Z" hostname="3b8a741904b7" tests="1" skipped="1" failures="0" errors="0" time="1.621">
    <testcase time="1.62099999999998" classname="tsiex01" name="tsiex01">
      <skipped message="Reason: On CRAN ('test-tsiex01.R:1:1')"/>
    </testcase>
  </testsuite>
  <testsuite name="tsiex02" timestamp="2026-01-02T14:43:04Z" hostname="3b8a741904b7" tests="1" skipped="1" failures="0" errors="0" time="1.487">
    <testcase time="1.48699999999997" classname="tsiex02" name="tsiex02">
      <skipped message="Reason: On CRAN ('test-tsiex02.R:1:1')"/>
    </testcase>
  </testsuite>
  <testsuite name="tsiex03" timestamp="2026-01-02T14:43:05Z" hostname="3b8a741904b7" tests="1" skipped="1" failures="0" errors="0" time="1.139">
    <testcase time="1.13900000000001" classname="tsiex03" name="tsiex03">
      <skipped message="Reason: On CRAN ('test-tsiex03.R:1:1')"/>
    </testcase>
  </testsuite>
  <testsuite name="tsiex04" timestamp="2026-01-02T14:43:06Z" hostname="3b8a741904b7" tests="1" skipped="1" failures="0" errors="0" time="0.965">
    <testcase time="0.965000000000032" classname="tsiex04" name="tsiex04">
      <skipped message="Reason: On CRAN ('test-tsiex04.R:1:1')"/>
    </testcase>
  </testsuite>
  <testsuite name="tsiex06" timestamp="2026-01-02T14:43:07Z" hostname="3b8a741904b7" tests="1" skipped="1" failures="0" errors="0" time="0.458">
    <testcase time="0.45799999999997" classname="tsiex06" name="tsiex06">
      <skipped message="Reason: On CRAN ('test-tsiex06.R:1:1')"/>
    </testcase>
  </testsuite>
  <testsuite name="tsiex07" timestamp="2026-01-02T14:43:08Z" hostname="3b8a741904b7" tests="1" skipped="1" failures="0" errors="0" time="0.696">
    <testcase time="0.696000000000026" classname="tsiex07" name="tsiex07">
      <skipped message="Reason: On CRAN ('test-tsiex07.R:1:1')"/>
    </testcase>
  </testsuite>
  <testsuite name="tsiex08" timestamp="2026-01-02T14:43:09Z" hostname="3b8a741904b7" tests="1" skipped="1" failures="0" errors="0" time="1.421">
    <testcase time="1.42099999999994" classname="tsiex08" name="tsiex08">
      <skipped message="Reason: On CRAN ('test-tsiex08.R:1:1')"/>
    </testcase>
  </testsuite>
  <testsuite name="tsiex09" timestamp="2026-01-02T14:43:10Z" hostname="3b8a741904b7" tests="1" skipped="1" failures="0" errors="0" time="0.698">
    <testcase time="0.697999999999979" classname="tsiex09" name="tsiex09">
      <skipped message="Reason: On CRAN ('test-tsiex09.R:1:1')"/>
    </testcase>
  </testsuite>
  <testsuite name="tsiex10" timestamp="2026-01-02T14:43:11Z" hostname="3b8a741904b7" tests="1" skipped="1" failures="0" errors="0" time="0.657">
    <testcase time="0.657000000000039" classname="tsiex10" name="tsiex10">
      <skipped message="Reason: On CRAN ('test-tsiex10.R:1:1')"/>
    </testcase>
  </testsuite>
  <testsuite name="tsiex11" timestamp="2026-01-02T14:43:11Z" hostname="3b8a741904b7" tests="1" skipped="1" failures="0" errors="0" time="3.245">
    <testcase time="3.245" classname="tsiex11" name="tsiex11">
      <skipped message="Reason: On CRAN ('test-tsiex11.R:1:1')"/>
    </testcase>
  </testsuite>
  <testsuite name="tsimh01" timestamp="2026-01-02T14:43:15Z" hostname="3b8a741904b7" tests="1" skipped="1" failures="0" errors="0" time="1.3">
    <testcase time="1.30000000000007" classname="tsimh01" name="tsimh01">
      <skipped message="Reason: On CRAN ('test-tsimh01.R:1:1')"/>
    </testcase>
  </testsuite>
</testsuites>
