<?xml version="1.0" encoding="UTF-8"?>
<testsuites>
  <testsuite name="char-support" timestamp="2026-03-23T14:14:50Z" hostname="3002ac95ca6e" tests="6" skipped="3" failures="0" errors="0" time="3.091">
    <testcase time="1.021" classname="char_support" name="CRITDIR_is_factor_and_one_PARAMCD_is_not_available_on_all_AVISITS"/>
    <testcase time="0.311999999999999" classname="char_support" name="CRITDIR_is_factor_and_one_PARAMCD_is_not_available_on_all_AVISITS">
      <skipped message="Reason: On CRAN ('test-char-support.R:101:1')"/>
    </testcase>
    <testcase time="0.58" classname="char_support" name="CRITDIR_is_not_factor_and_all_PARAMCD_available_on_all_AVISITS"/>
    <testcase time="0.33" classname="char_support" name="CRITDIR_is_not_factor_and_all_PARAMCD_available_on_all_AVISITS">
      <skipped message="Reason: On CRAN ('test-char-support.R:107:1')"/>
    </testcase>
    <testcase time="0.593" classname="char_support" name="CRITDIR_is_not_factor_and_one_PARAMCD_is_not_available_on_all_AVISITS"/>
    <testcase time="0.255000000000001" classname="char_support" name="CRITDIR_is_not_factor_and_one_PARAMCD_is_not_available_on_all_AVISITS">
      <skipped message="Reason: On CRAN ('test-char-support.R:112:1')"/>
    </testcase>
  </testsuite>
  <testsuite name="listing_adal02" timestamp="2026-03-23T14:14:53Z" hostname="3002ac95ca6e" tests="1" skipped="1" failures="0" errors="0" time="0.167">
    <testcase time="0.167" classname="listing_adal02" name="ADAL02_listing_is_produced_correctly">
      <skipped message="Reason: On CRAN ('test-listing_adal02.R:1:1')"/>
    </testcase>
  </testsuite>
  <testsuite name="listing_ael01" timestamp="2026-03-23T14:14:53Z" hostname="3002ac95ca6e" tests="1" skipped="1" failures="0" errors="0" time="0.118">
    <testcase time="0.118" classname="listing_ael01" name="AEL01_listing_is_produced_correctly">
      <skipped message="Reason: On CRAN ('test-listing_ael01.R:1:1')"/>
    </testcase>
  </testsuite>
  <testsuite name="listing_ael01_nollt" timestamp="2026-03-23T14:14:53Z" hostname="3002ac95ca6e" tests="1" skipped="1" failures="0" errors="0" time="0.052">
    <testcase time="0.0519999999999996" classname="listing_ael01_nollt" name="AEL01_NOLLT_listing_is_produced_correctly">
      <skipped message="Reason: On CRAN ('test-listing_ael01_nollt.R:1:1')"/>
    </testcase>
  </testsuite>
  <testsuite name="listing_ael02" timestamp="2026-03-23T14:14:53Z" hostname="3002ac95ca6e" tests="1" skipped="1" failures="0" errors="0" time="0.252">
    <testcase time="0.251999999999999" classname="listing_ael02" name="AEL02_listing_is_produced_correctly">
      <skipped message="Reason: On CRAN ('test-listing_ael02.R:1:1')"/>
    </testcase>
  </testsuite>
  <testsuite name="listing_ael02_ed" timestamp="2026-03-23T14:14:53Z" hostname="3002ac95ca6e" tests="1" skipped="1" failures="0" errors="0" time="0.28">
    <testcase time="0.280000000000001" classname="listing_ael02_ed" name="AEL02_ED_listing_is_produced_correctly">
      <skipped message="Reason: On CRAN ('test-listing_ael02_ed.R:1:1')"/>
    </testcase>
  </testsuite>
  <testsuite name="listing_ael03" timestamp="2026-03-23T14:14:53Z" hostname="3002ac95ca6e" tests="1" skipped="1" failures="0" errors="0" time="0.244">
    <testcase time="0.244" classname="listing_ael03" name="AEL03_listing_is_produced_correctly">
      <skipped message="Reason: On CRAN ('test-listing_ael03.R:1:1')"/>
    </testcase>
  </testsuite>
  <testsuite name="listing_ael04" timestamp="2026-03-23T14:14:54Z" hostname="3002ac95ca6e" tests="1" skipped="1" failures="0" errors="0" time="0.172">
    <testcase time="0.172000000000001" classname="listing_ael04" name="AEL04_listing_is_produced_correctly">
      <skipped message="Reason: On CRAN ('test-listing_ael04.R:1:1')"/>
    </testcase>
  </testsuite>
  <testsuite name="listing_cml01" timestamp="2026-03-23T14:14:54Z" hostname="3002ac95ca6e" tests="1" skipped="1" failures="0" errors="0" time="0.283">
    <testcase time="0.282999999999999" classname="listing_cml01" name="CML01_listing_is_produced_correctly">
      <skipped message="Reason: On CRAN ('test-listing_cml01.R:1:1')"/>
    </testcase>
  </testsuite>
  <testsuite name="listing_cml02a_gl" timestamp="2026-03-23T14:14:54Z" hostname="3002ac95ca6e" tests="1" skipped="1" failures="0" errors="0" time="0.11">
    <testcase time="0.109999999999999" classname="listing_cml02a_gl" name="CML02A_GL_listing_is_produced_correctly">
      <skipped message="Reason: On CRAN ('test-listing_cml02a_gl.R:1:1')"/>
    </testcase>
  </testsuite>
  <testsuite name="listing_cml02b_gl" timestamp="2026-03-23T14:14:54Z" hostname="3002ac95ca6e" tests="1" skipped="1" failures="0" errors="0" time="0.148">
    <testcase time="0.148" classname="listing_cml02b_gl" name="CML02B_GL_listing_is_produced_correctly">
      <skipped message="Reason: On CRAN ('test-listing_cml02b_gl.R:1:1')"/>
    </testcase>
  </testsuite>
  <testsuite name="listing_dsl01" timestamp="2026-03-23T14:14:54Z" hostname="3002ac95ca6e" tests="1" skipped="1" failures="0" errors="0" time="0.144">
    <testcase time="0.144" classname="listing_dsl01" name="DSL01_listing_is_produced_correctly">
      <skipped message="Reason: On CRAN ('test-listing_dsl01.R:1:1')"/>
    </testcase>
  </testsuite>
  <testsuite name="listing_dsl02" timestamp="2026-03-23T14:14:54Z" hostname="3002ac95ca6e" tests="1" skipped="1" failures="0" errors="0" time="0.066">
    <testcase time="0.0660000000000007" classname="listing_dsl02" name="DSL02_listing_is_produced_correctly">
      <skipped message="Reason: On CRAN ('test-listing_dsl02.R:1:1')"/>
    </testcase>
  </testsuite>
  <testsuite name="listing_dsur4" timestamp="2026-03-23T14:14:55Z" hostname="3002ac95ca6e" tests="1" skipped="1" failures="0" errors="0" time="0.083">
    <testcase time="0.0830000000000002" classname="listing_dsur4" name="DSUR4_listing_is_produced_correctly">
      <skipped message="Reason: On CRAN ('test-listing_dsur4.R:1:1')"/>
    </testcase>
  </testsuite>
  <testsuite name="listing_egl01" timestamp="2026-03-23T14:14:55Z" hostname="3002ac95ca6e" tests="1" skipped="1" failures="0" errors="0" time="0.379">
    <testcase time="0.379" classname="listing_egl01" name="EGL01_listing_is_produced_correctly">
      <skipped message="Reason: On CRAN ('test-listing_egl01.R:1:1')"/>
    </testcase>
  </testsuite>
  <testsuite name="listing_exl01" timestamp="2026-03-23T14:14:55Z" hostname="3002ac95ca6e" tests="1" skipped="1" failures="0" errors="0" time="0.186">
    <testcase time="0.186" classname="listing_exl01" name="EXL01_listing_is_produced_correctly">
      <skipped message="Reason: On CRAN ('test-listing_exl01.R:1:1')"/>
    </testcase>
  </testsuite>
  <testsuite name="listing_lbl01" timestamp="2026-03-23T14:14:55Z" hostname="3002ac95ca6e" tests="1" skipped="1" failures="0" errors="0" time="0.487">
    <testcase time="0.487" classname="listing_lbl01" name="LBL01_listing_is_produced_correctly">
      <skipped message="Reason: On CRAN ('test-listing_lbl01.R:1:1')"/>
    </testcase>
  </testsuite>
  <testsuite name="listing_lbl01_rls" timestamp="2026-03-23T14:14:56Z" hostname="3002ac95ca6e" tests="1" skipped="1" failures="0" errors="0" time="0.467">
    <testcase time="0.467000000000001" classname="listing_lbl01_rls" name="LBL01_RLS_listing_is_produced_correctly">
      <skipped message="Reason: On CRAN ('test-listing_lbl01_rls.R:1:1')"/>
    </testcase>
  </testsuite>
  <testsuite name="listing_lbl02a" timestamp="2026-03-23T14:14:56Z" hostname="3002ac95ca6e" tests="1" skipped="1" failures="0" errors="0" time="0.233">
    <testcase time="0.232999999999999" classname="listing_lbl02a" name="LBL02A_listing_is_produced_correctly">
      <skipped message="Reason: On CRAN ('test-listing_lbl02a.R:1:1')"/>
    </testcase>
  </testsuite>
  <testsuite name="listing_lbl02a_rls" timestamp="2026-03-23T14:14:56Z" hostname="3002ac95ca6e" tests="1" skipped="1" failures="0" errors="0" time="0.75">
    <testcase time="0.75" classname="listing_lbl02a_rls" name="LBL02A_RLS_listing_is_produced_correctly">
      <skipped message="Reason: On CRAN ('test-listing_lbl02a_rls.R:1:1')"/>
    </testcase>
  </testsuite>
  <testsuite name="listing_lbl02b" timestamp="2026-03-23T14:14:57Z" hostname="3002ac95ca6e" tests="1" skipped="1" failures="0" errors="0" time="0.223">
    <testcase time="0.223000000000003" classname="listing_lbl02b" name="LBL02B_listing_is_produced_correctly">
      <skipped message="Reason: On CRAN ('test-listing_lbl02b.R:1:1')"/>
    </testcase>
  </testsuite>
  <testsuite name="listing_mhl01" timestamp="2026-03-23T14:14:57Z" hostname="3002ac95ca6e" tests="1" skipped="1" failures="0" errors="0" time="0.217">
    <testcase time="0.216999999999999" classname="listing_mhl01" name="MHL01_listing_is_produced_correctly">
      <skipped message="Reason: On CRAN ('test-listing_mhl01.R:1:1')"/>
    </testcase>
  </testsuite>
  <testsuite name="listing_oncl01" timestamp="2026-03-23T14:14:58Z" hostname="3002ac95ca6e" tests="1" skipped="1" failures="0" errors="0" time="0.187">
    <testcase time="0.187000000000001" classname="listing_oncl01" name="ONCL01_listing_is_produced_correctly">
      <skipped message="Reason: On CRAN ('test-listing_oncl01.R:1:1')"/>
    </testcase>
  </testsuite>
  <testsuite name="listing_pkcl01" timestamp="2026-03-23T14:14:58Z" hostname="3002ac95ca6e" tests="2" skipped="2" failures="0" errors="0" time="0.441">
    <testcase time="0.159999999999997" classname="listing_pkcl01" name="PKCL01_listing_is_produced_correctly">
      <skipped message="Reason: On CRAN ('test-listing_pkcl01.R:1:1')"/>
    </testcase>
    <testcase time="0.281000000000002" classname="listing_pkcl01" name="PKCL01_listing_key_columns_values_are_repeated_when_entries_span_multiple_pages">
      <skipped message="Reason: On CRAN ('test-listing_pkcl01.R:31:1')"/>
    </testcase>
  </testsuite>
  <testsuite name="listing_pkcl02" timestamp="2026-03-23T14:14:58Z" hostname="3002ac95ca6e" tests="1" skipped="1" failures="0" errors="0" time="0.18">
    <testcase time="0.18" classname="listing_pkcl02" name="PKCL02_listing_is_produced_correctly">
      <skipped message="Reason: On CRAN ('test-listing_pkcl02.R:1:1')"/>
    </testcase>
  </testsuite>
  <testsuite name="listing_pkpl01" timestamp="2026-03-23T14:14:58Z" hostname="3002ac95ca6e" tests="1" skipped="1" failures="0" errors="0" time="0.18">
    <testcase time="0.18" classname="listing_pkpl01" name="PKPL01_listing_is_produced_correctly">
      <skipped message="Reason: On CRAN ('test-listing_pkpl01.R:1:1')"/>
    </testcase>
  </testsuite>
  <testsuite name="listing_pkpl02" timestamp="2026-03-23T14:14:59Z" hostname="3002ac95ca6e" tests="1" skipped="1" failures="0" errors="0" time="0.121">
    <testcase time="0.120999999999999" classname="listing_pkpl02" name="PKPL02_listing_is_produced_correctly">
      <skipped message="Reason: On CRAN ('test-listing_pkpl02.R:1:1')"/>
    </testcase>
  </testsuite>
  <testsuite name="listing_pkpl04" timestamp="2026-03-23T14:14:59Z" hostname="3002ac95ca6e" tests="1" skipped="1" failures="0" errors="0" time="0.178">
    <testcase time="0.178000000000001" classname="listing_pkpl04" name="PKPL04_listing_is_produced_correctly">
      <skipped message="Reason: On CRAN ('test-listing_pkpl04.R:1:1')"/>
    </testcase>
  </testsuite>
  <testsuite name="listing_vsl01" timestamp="2026-03-23T14:14:59Z" hostname="3002ac95ca6e" tests="1" skipped="1" failures="0" errors="0" time="0.386">
    <testcase time="0.385999999999999" classname="listing_vsl01" name="VSL01_listing_is_produced_correctly">
      <skipped message="Reason: On CRAN ('test-listing_vsl01.R:1:1')"/>
    </testcase>
  </testsuite>
  <testsuite name="lsfae01" timestamp="2026-03-23T14:14:59Z" hostname="3002ac95ca6e" tests="1" skipped="1" failures="0" errors="0" time="0.539">
    <testcase time="0.539000000000001" classname="lsfae01" name="lsfae01">
      <skipped message="Reason: On CRAN ('test-lsfae01.R:1:1')"/>
    </testcase>
  </testsuite>
  <testsuite name="lsfae02" timestamp="2026-03-23T14:15:00Z" hostname="3002ac95ca6e" tests="1" skipped="1" failures="0" errors="0" time="0.403">
    <testcase time="0.402999999999999" classname="lsfae02" name="lsfae02">
      <skipped message="Reason: On CRAN ('test-lsfae02.R:1:1')"/>
    </testcase>
  </testsuite>
  <testsuite name="lsfae03" timestamp="2026-03-23T14:15:00Z" hostname="3002ac95ca6e" tests="1" skipped="1" failures="0" errors="0" time="0.298">
    <testcase time="0.298000000000002" classname="lsfae03" name="lsfae03">
      <skipped message="Reason: On CRAN ('test-lsfae03.R:1:1')"/>
    </testcase>
  </testsuite>
  <testsuite name="lsfae04" timestamp="2026-03-23T14:15:01Z" hostname="3002ac95ca6e" tests="1" skipped="1" failures="0" errors="0" time="0.177">
    <testcase time="0.177" classname="lsfae04" name="lsfae04">
      <skipped message="Reason: On CRAN ('test-lsfae04.R:1:1')"/>
    </testcase>
  </testsuite>
  <testsuite name="lsfae05" timestamp="2026-03-23T14:15:01Z" hostname="3002ac95ca6e" tests="1" skipped="1" failures="0" errors="0" time="0.426">
    <testcase time="0.425999999999998" classname="lsfae05" name="lsfae05">
      <skipped message="Reason: On CRAN ('test-lsfae05.R:1:1')"/>
    </testcase>
  </testsuite>
  <testsuite name="lsfae06a" timestamp="2026-03-23T14:15:01Z" hostname="3002ac95ca6e" tests="1" skipped="1" failures="0" errors="0" time="0.371">
    <testcase time="0.371000000000002" classname="lsfae06a" name="lsfae06a">
      <skipped message="Reason: On CRAN ('test-lsfae06a.R:1:1')"/>
    </testcase>
  </testsuite>
  <testsuite name="lsfae06b" timestamp="2026-03-23T14:15:01Z" hostname="3002ac95ca6e" tests="1" skipped="1" failures="0" errors="0" time="0.369">
    <testcase time="0.369" classname="lsfae06b" name="lsfae06b">
      <skipped message="Reason: On CRAN ('test-lsfae06b.R:1:1')"/>
    </testcase>
  </testsuite>
  <testsuite name="lsfdth01" timestamp="2026-03-23T14:15:02Z" hostname="3002ac95ca6e" tests="1" skipped="1" failures="0" errors="0" time="0.19">
    <testcase time="0.189999999999998" classname="lsfdth01" name="lsfdth01">
      <skipped message="Reason: On CRAN ('test-lsfdth01.R:1:1')"/>
    </testcase>
  </testsuite>
  <testsuite name="lsfecg01" timestamp="2026-03-23T14:15:02Z" hostname="3002ac95ca6e" tests="1" skipped="1" failures="0" errors="0" time="0.655">
    <testcase time="0.655000000000001" classname="lsfecg01" name="lsfecg01">
      <skipped message="Reason: On CRAN ('test-lsfecg01.R:1:1')"/>
    </testcase>
  </testsuite>
  <testsuite name="lsfecg02part1" timestamp="2026-03-23T14:15:03Z" hostname="3002ac95ca6e" tests="1" skipped="1" failures="0" errors="0" time="1.54">
    <testcase time="1.54" classname="lsfecg02part1" name="lsfecg02part1of3">
      <skipped message="Reason: On CRAN ('test-lsfecg02part1.R:1:1')"/>
    </testcase>
  </testsuite>
  <testsuite name="lsfecg02part2" timestamp="2026-03-23T14:15:04Z" hostname="3002ac95ca6e" tests="1" skipped="1" failures="0" errors="0" time="1.286">
    <testcase time="1.286" classname="lsfecg02part2" name="lsfecg02part2of3">
      <skipped message="Reason: On CRAN ('test-lsfecg02part2.R:1:1')"/>
    </testcase>
  </testsuite>
  <testsuite name="lsfecg02part3" timestamp="2026-03-23T14:15:06Z" hostname="3002ac95ca6e" tests="1" skipped="1" failures="0" errors="0" time="1.313">
    <testcase time="1.313" classname="lsfecg02part3" name="lsfecg02part3of3">
      <skipped message="Reason: On CRAN ('test-lsfecg02part3.R:1:1')"/>
    </testcase>
  </testsuite>
  <testsuite name="lsflab01" timestamp="2026-03-23T14:15:07Z" hostname="3002ac95ca6e" tests="1" skipped="1" failures="0" errors="0" time="0.481">
    <testcase time="0.481000000000002" classname="lsflab01" name="lsflab01">
      <skipped message="Reason: On CRAN ('test-lsflab01.R:1:1')"/>
    </testcase>
  </testsuite>
  <testsuite name="lsfvit01" timestamp="2026-03-23T14:15:07Z" hostname="3002ac95ca6e" tests="1" skipped="1" failures="0" errors="0" time="1.384">
    <testcase time="1.384" classname="lsfvit01" name="lsfvit01">
      <skipped message="Reason: On CRAN ('test-lsfvit01.R:1:1')"/>
    </testcase>
  </testsuite>
  <testsuite name="lsfvit02" timestamp="2026-03-23T14:15:09Z" hostname="3002ac95ca6e" tests="1" skipped="1" failures="0" errors="0" time="1.758">
    <testcase time="1.758" classname="lsfvit02" name="lsfvit02">
      <skipped message="Reason: On CRAN ('test-lsfvit02.R:1:1')"/>
    </testcase>
  </testsuite>
  <testsuite name="lsicm01" timestamp="2026-03-23T14:15:10Z" hostname="3002ac95ca6e" tests="1" skipped="1" failures="0" errors="0" time="0.572">
    <testcase time="0.571999999999999" classname="lsicm01" name="lsicm01">
      <skipped message="Reason: On CRAN ('test-lsicm01.R:1:1')"/>
    </testcase>
  </testsuite>
  <testsuite name="lsidem01" timestamp="2026-03-23T14:15:11Z" hostname="3002ac95ca6e" tests="1" skipped="1" failures="0" errors="0" time="0.382">
    <testcase time="0.382000000000001" classname="lsidem01" name="lsidem01">
      <skipped message="Reason: On CRAN ('test-lsidem01.R:1:1')"/>
    </testcase>
  </testsuite>
  <testsuite name="lsidem02" timestamp="2026-03-23T14:15:11Z" hostname="3002ac95ca6e" tests="1" skipped="1" failures="0" errors="0" time="0.33">
    <testcase time="0.329999999999998" classname="lsidem02" name="lsidem02">
      <skipped message="Reason: On CRAN ('test-lsidem02.R:1:1')"/>
    </testcase>
  </testsuite>
  <testsuite name="lsids01" timestamp="2026-03-23T14:15:12Z" hostname="3002ac95ca6e" tests="1" skipped="1" failures="0" errors="0" time="0.348">
    <testcase time="0.348000000000003" classname="lsids01" name="lsids01">
      <skipped message="Reason: On CRAN ('test-lsids01.R:1:1')"/>
    </testcase>
  </testsuite>
  <testsuite name="lsids02" timestamp="2026-03-23T14:15:12Z" hostname="3002ac95ca6e" tests="1" skipped="1" failures="0" errors="0" time="0.364">
    <testcase time="0.364000000000001" classname="lsids02" name="lsids02">
      <skipped message="Reason: On CRAN ('test-lsids02.R:1:1')"/>
    </testcase>
  </testsuite>
  <testsuite name="lsids03" timestamp="2026-03-23T14:15:12Z" hostname="3002ac95ca6e" tests="1" skipped="1" failures="0" errors="0" time="0.393">
    <testcase time="0.393000000000001" classname="lsids03" name="lsids03">
      <skipped message="Reason: On CRAN ('test-lsids03.R:1:1')"/>
    </testcase>
  </testsuite>
  <testsuite name="lsids04" timestamp="2026-03-23T14:15:13Z" hostname="3002ac95ca6e" tests="1" skipped="1" failures="0" errors="0" time="0.15">
    <testcase time="0.149999999999999" classname="lsids04" name="lsids04">
      <skipped message="Reason: On CRAN ('test-lsids04.R:1:1')"/>
    </testcase>
  </testsuite>
  <testsuite name="lsids05" timestamp="2026-03-23T14:15:13Z" hostname="3002ac95ca6e" tests="1" skipped="1" failures="0" errors="0" time="0.11">
    <testcase time="0.109999999999999" classname="lsids05" name="lsids05">
      <skipped message="Reason: On CRAN ('test-lsids05.R:1:1')"/>
    </testcase>
  </testsuite>
  <testsuite name="lsiex01" timestamp="2026-03-23T14:15:13Z" hostname="3002ac95ca6e" tests="1" skipped="1" failures="0" errors="0" time="0.414">
    <testcase time="0.414000000000001" classname="lsiex01" name="lsiex01">
      <skipped message="Reason: On CRAN ('test-lsiex01.R:1:1')"/>
    </testcase>
  </testsuite>
  <testsuite name="lsiex02" timestamp="2026-03-23T14:15:14Z" hostname="3002ac95ca6e" tests="1" skipped="1" failures="0" errors="0" time="0.317">
    <testcase time="0.317" classname="lsiex02" name="lsiex02">
      <skipped message="Reason: On CRAN ('test-lsiex02.R:1:1')"/>
    </testcase>
  </testsuite>
  <testsuite name="lsiex03" timestamp="2026-03-23T14:15:14Z" hostname="3002ac95ca6e" tests="1" skipped="1" failures="0" errors="0" time="0.434">
    <testcase time="0.433999999999997" classname="lsiex03" name="lsiex03">
      <skipped message="Reason: On CRAN ('test-lsiex03.R:1:1')"/>
    </testcase>
  </testsuite>
  <testsuite name="lsimh01" timestamp="2026-03-23T14:15:14Z" hostname="3002ac95ca6e" tests="1" skipped="1" failures="0" errors="0" time="0.422">
    <testcase time="0.422000000000004" classname="lsimh01" name="lsimh01">
      <skipped message="Reason: On CRAN ('test-lsimh01.R:1:1')"/>
    </testcase>
  </testsuite>
  <testsuite name="pagination_listing" timestamp="2026-03-23T14:15:15Z" hostname="3002ac95ca6e" tests="13" skipped="0" failures="0" errors="0" time="3.34">
    <testcase time="0.0420000000000016" classname="pagination_listing" name="Direct_pagination_works_fine"/>
    <testcase time="0.544999999999995" classname="pagination_listing" name="Direct_pagination_works_fine"/>
    <testcase time="0.00300000000000011" classname="pagination_listing" name="Direct_pagination_works_fine"/>
    <testcase time="0.480000000000004" classname="pagination_listing" name="Direct_pagination_works_fine"/>
    <testcase time="0.848999999999997" classname="pagination_listing" name="Direct_pagination_works_fine"/>
    <testcase time="0.686" classname="pagination_listing" name="pagination_counts_the_right_number_of_lines_when_wrapping_on_keycols_is_present"/>
    <testcase time="0.00600000000000023" classname="pagination_listing" name="pagination_counts_the_right_number_of_lines_when_wrapping_on_keycols_is_present"/>
    <testcase time="0.00600000000000023" classname="pagination_listing" name="pagination_counts_the_right_number_of_lines_when_wrapping_on_keycols_is_present"/>
    <testcase time="0.00399999999999778" classname="pagination_listing" name="pagination_counts_the_right_number_of_lines_when_wrapping_on_keycols_is_present"/>
    <testcase time="0.705000000000005" classname="pagination_listing" name="pagination_counts_the_right_number_of_lines_when_wrapping_on_keycols_is_present"/>
    <testcase time="0.00600000000000023" classname="pagination_listing" name="pagination_counts_the_right_number_of_lines_when_wrapping_on_keycols_is_present"/>
    <testcase time="0.00399999999999778" classname="pagination_listing" name="pagination_counts_the_right_number_of_lines_when_wrapping_on_keycols_is_present"/>
    <testcase time="0.00399999999999778" classname="pagination_listing" name="pagination_counts_the_right_number_of_lines_when_wrapping_on_keycols_is_present"/>
  </testsuite>
  <testsuite name="pagination_table" timestamp="2026-03-23T14:15:19Z" hostname="3002ac95ca6e" tests="21" skipped="6" failures="0" errors="0" time="13.042">
    <testcase time="1.706" classname="pagination_table" name="Direct_pagination_with_standard_values"/>
    <testcase time="0.00500000000000256" classname="pagination_table" name="Direct_pagination_with_standard_values"/>
    <testcase time="0.00399999999999778" classname="pagination_table" name="Direct_pagination_with_standard_values"/>
    <testcase time="1.206" classname="pagination_table" name="Pagination_with_specific_column_widths_and_minimum_lines_per_page"/>
    <testcase time="0.00400000000000489" classname="pagination_table" name="Pagination_with_specific_column_widths_and_minimum_lines_per_page"/>
    <testcase time="0.100000000000001" classname="pagination_table" name="Pagination_with_specific_column_widths_and_minimum_lines_per_page">
      <skipped message="Reason: On CRAN ('test-pagination_table.R:67:1')"/>
    </testcase>
    <testcase time="0.978999999999999" classname="pagination_table" name="Pagination_works_also_if_table_is_decorated"/>
    <testcase time="0.501999999999995" classname="pagination_table" name="Pagination_works_also_if_table_is_decorated"/>
    <testcase time="0.770000000000003" classname="pagination_table" name="Pagination_works_also_if_table_is_decorated"/>
    <testcase time="0.628999999999998" classname="pagination_table" name="Pagination_works_also_if_table_is_decorated"/>
    <testcase time="1.524" classname="pagination_table" name="Pagination_works_also_if_table_is_decorated"/>
    <testcase time="0.264000000000003" classname="pagination_table" name="Pagination_works_also_if_table_is_decorated"/>
    <testcase time="0.00399999999999778" classname="pagination_table" name="Pagination_works_also_if_table_is_decorated"/>
    <testcase time="0.18" classname="pagination_table" name="Pagination_works_also_if_table_is_decorated">
      <skipped message="Reason: On CRAN ('test-pagination_table.R:93:1')"/>
    </testcase>
    <testcase time="2.109" classname="pagination_table" name="Pagination_works_for_page_types">
      <skipped message="Reason: On CRAN ('test-pagination_table.R:132:1')"/>
    </testcase>
    <testcase time="0.672999999999995" classname="pagination_table" name="Pagination_works_for_page_width_and_height">
      <skipped message="Reason: On CRAN ('test-pagination_table.R:145:1')"/>
    </testcase>
    <testcase time="0.838000000000001" classname="pagination_table" name="Pagination_works_for_page_types">
      <skipped message="Reason: On CRAN ('test-pagination_table.R:152:1')"/>
    </testcase>
    <testcase time="0.886000000000003" classname="pagination_table" name="AET04_variant_2_page_by_pagination_tests"/>
    <testcase time="0.536000000000001" classname="pagination_table" name="AET04_variant_2_page_by_pagination_tests"/>
    <testcase time="0.00199999999999534" classname="pagination_table" name="AET04_variant_2_page_by_pagination_tests"/>
    <testcase time="0.121000000000002" classname="pagination_table" name="AET04_variant_2_page_by_pagination_tests">
      <skipped message="Reason: On CRAN ('test-pagination_table.R:166:1')"/>
    </testcase>
  </testsuite>
  <testsuite name="table_adat03" timestamp="2026-03-23T14:15:31Z" hostname="3002ac95ca6e" tests="2" skipped="1" failures="0" errors="0" time="0.555">
    <testcase time="0.439" classname="table_adat03" name="ADAT03_is_produced_correctly"/>
    <testcase time="0.116" classname="table_adat03" name="ADAT03_is_produced_correctly">
      <skipped message="Reason: On CRAN ('test-table_adat03.R:39:1')"/>
    </testcase>
  </testsuite>
  <testsuite name="table_aet01" timestamp="2026-03-23T14:15:32Z" hostname="3002ac95ca6e" tests="8" skipped="4" failures="0" errors="0" time="1.783">
    <testcase time="0.393000000000001" classname="table_aet01" name="Safety_Summary_Variant_1_works_as_expected"/>
    <testcase time="0.0750000000000028" classname="table_aet01" name="Safety_Summary_Variant_1_works_as_expected">
      <skipped message="Reason: On CRAN ('test-table_aet01.R:51:1')"/>
    </testcase>
    <testcase time="0.350999999999999" classname="table_aet01" name="Safety_Summary_Variant_2_with_Medical_Concepts_Section_works_as_expected"/>
    <testcase time="0.116999999999997" classname="table_aet01" name="Safety_Summary_Variant_2_with_Medical_Concepts_Section_works_as_expected">
      <skipped message="Reason: On CRAN ('test-table_aet01.R:109:1')"/>
    </testcase>
    <testcase time="0.279000000000003" classname="table_aet01" name="Safety_Summary_Variant_3_with_Modified_Rows_works_as_expected"/>
    <testcase time="0.0769999999999982" classname="table_aet01" name="Safety_Summary_Variant_3_with_Modified_Rows_works_as_expected">
      <skipped message="Reason: On CRAN ('test-table_aet01.R:175:1')"/>
    </testcase>
    <testcase time="0.387" classname="table_aet01" name="Safety_Summary_Variant_4_with_Rows_Counting_Events_and_Additional_Sections_works_as_expected"/>
    <testcase time="0.103999999999999" classname="table_aet01" name="Safety_Summary_Variant_4_with_Rows_Counting_Events_and_Additional_Sections_works_as_expected">
      <skipped message="Reason: On CRAN ('test-table_aet01.R:236:1')"/>
    </testcase>
  </testsuite>
  <testsuite name="table_aet01_aesi" timestamp="2026-03-23T14:15:33Z" hostname="3002ac95ca6e" tests="8" skipped="4" failures="0" errors="0" time="2.626">
    <testcase time="0.292000000000002" classname="table_aet01_aesi" name="AET01_AESI_Variant_1_works_as_expected"/>
    <testcase time="0.0829999999999984" classname="table_aet01_aesi" name="AET01_AESI_Variant_1_works_as_expected">
      <skipped message="Reason: On CRAN ('test-table_aet01_aesi.R:87:1')"/>
    </testcase>
    <testcase time="0.505000000000003" classname="table_aet01_aesi" name="AET01_AESI_Variant_2_works_as_expected"/>
    <testcase time="0.105999999999995" classname="table_aet01_aesi" name="AET01_AESI_Variant_2_works_as_expected">
      <skipped message="Reason: On CRAN ('test-table_aet01_aesi.R:118:1')"/>
    </testcase>
    <testcase time="0.706000000000003" classname="table_aet01_aesi" name="AET01_AESI_Variant_3_works_as_expected"/>
    <testcase time="0.164999999999999" classname="table_aet01_aesi" name="AET01_AESI_Variant_3_works_as_expected">
      <skipped message="Reason: On CRAN ('test-table_aet01_aesi.R:184:1')"/>
    </testcase>
    <testcase time="0.600999999999999" classname="table_aet01_aesi" name="AET01_AESI_Variant_4_works_as_expected"/>
    <testcase time="0.167999999999999" classname="table_aet01_aesi" name="AET01_AESI_Variant_4_works_as_expected">
      <skipped message="Reason: On CRAN ('test-table_aet01_aesi.R:414:1')"/>
    </testcase>
  </testsuite>
  <testsuite name="table_aet02" timestamp="2026-03-23T14:15:36Z" hostname="3002ac95ca6e" tests="26" skipped="12" failures="0" errors="0" time="8.32">
    <testcase time="0.609999999999999" classname="table_aet02" name="AET02_variant_1_is_produced_correctly"/>
    <testcase time="0.530000000000001" classname="table_aet02" name="AET02_variant_1_is_produced_correctly"/>
    <testcase time="0.0970000000000013" classname="table_aet02" name="AET02_variant_1_is_produced_correctly"/>
    <testcase time="0.000999999999997669" classname="table_aet02" name="AET02_variant_1_is_produced_correctly">
      <skipped message="Reason: On CRAN ('test-table_aet02.R:18:1')"/>
    </testcase>
    <testcase time="0.662000000000006" classname="table_aet02" name="AET02_variant_2_is_produced_correctly"/>
    <testcase time="0.134999999999998" classname="table_aet02" name="AET02_variant_2_is_produced_correctly">
      <skipped message="Reason: On CRAN ('test-table_aet02.R:80:1')"/>
    </testcase>
    <testcase time="0.994" classname="table_aet02" name="AET02_variant_3_is_produced_correctly"/>
    <testcase time="0.272999999999996" classname="table_aet02" name="AET02_variant_3_is_produced_correctly">
      <skipped message="Reason: On CRAN ('test-table_aet02.R:132:1')"/>
    </testcase>
    <testcase time="0.132000000000005" classname="table_aet02" name="AET02_variant_4_is_produced_correctly"/>
    <testcase time="0.0829999999999984" classname="table_aet02" name="AET02_variant_4_is_produced_correctly">
      <skipped message="Reason: On CRAN ('test-table_aet02.R:198:1')"/>
    </testcase>
    <testcase time="0.453000000000003" classname="table_aet02" name="AET02_variant_5_is_produced_correctly"/>
    <testcase time="0.133999999999993" classname="table_aet02" name="AET02_variant_5_is_produced_correctly">
      <skipped message="Reason: On CRAN ('test-table_aet02.R:223:1')"/>
    </testcase>
    <testcase time="0.445" classname="table_aet02" name="AET02_variant_6_is_produced_correctly"/>
    <testcase time="0.0920000000000059" classname="table_aet02" name="AET02_variant_6_is_produced_correctly">
      <skipped message="Reason: On CRAN ('test-table_aet02.R:270:1')"/>
    </testcase>
    <testcase time="0.991999999999997" classname="table_aet02" name="AET02_variant_7_is_produced_correctly"/>
    <testcase time="0.131999999999998" classname="table_aet02" name="AET02_variant_7_is_produced_correctly">
      <skipped message="Reason: On CRAN ('test-table_aet02.R:317:1')"/>
    </testcase>
    <testcase time="0.442" classname="table_aet02" name="AET02_variant_8_is_produced_correctly"/>
    <testcase time="0.054000000000002" classname="table_aet02" name="AET02_variant_8_is_produced_correctly">
      <skipped message="Reason: On CRAN ('test-table_aet02.R:380:1')"/>
    </testcase>
    <testcase time="0.432000000000002" classname="table_aet02" name="AET02_variant_9_is_produced_correctly"/>
    <testcase time="0.0899999999999963" classname="table_aet02" name="AET02_variant_9_is_produced_correctly">
      <skipped message="Reason: On CRAN ('test-table_aet02.R:427:1')"/>
    </testcase>
    <testcase time="0.425000000000004" classname="table_aet02" name="AET02_variant_10_is_produced_correctly"/>
    <testcase time="0.080999999999996" classname="table_aet02" name="AET02_variant_10_is_produced_correctly">
      <skipped message="Reason: On CRAN ('test-table_aet02.R:474:1')"/>
    </testcase>
    <testcase time="0.453000000000003" classname="table_aet02" name="AET02_variant_11_is_produced_correctly"/>
    <testcase time="0.0619999999999976" classname="table_aet02" name="AET02_variant_11_is_produced_correctly">
      <skipped message="Reason: On CRAN ('test-table_aet02.R:521:1')"/>
    </testcase>
    <testcase time="0.458000000000006" classname="table_aet02" name="AET02_variant_12_is_produced_correctly"/>
    <testcase time="0.0579999999999927" classname="table_aet02" name="AET02_variant_12_is_produced_correctly">
      <skipped message="Reason: On CRAN ('test-table_aet02.R:568:1')"/>
    </testcase>
  </testsuite>
  <testsuite name="table_aet02_smq" timestamp="2026-03-23T14:15:44Z" hostname="3002ac95ca6e" tests="4" skipped="2" failures="0" errors="0" time="0.439">
    <testcase time="0.147999999999996" classname="table_aet02_smq" name="AET02SMQ_variant_1_is_produced_correctly"/>
    <testcase time="0.0480000000000018" classname="table_aet02_smq" name="AET02SMQ_variant_1_is_produced_correctly">
      <skipped message="Reason: On CRAN ('test-table_aet02_smq.R:16:1')"/>
    </testcase>
    <testcase time="0.182000000000002" classname="table_aet02_smq" name="AET02SMQ_variant_2_is_produced_correctly"/>
    <testcase time="0.061000000000007" classname="table_aet02_smq" name="AET02SMQ_variant_2_is_produced_correctly">
      <skipped message="Reason: On CRAN ('test-table_aet02_smq.R:55:1')"/>
    </testcase>
  </testsuite>
  <testsuite name="table_aet03" timestamp="2026-03-23T14:15:45Z" hostname="3002ac95ca6e" tests="6" skipped="1" failures="0" errors="0" time="4.866">
    <testcase time="1.273" classname="table_aet03" name="AET03_variant_1_is_produced_correctly"/>
    <testcase time="1.92" classname="table_aet03" name="AET03_variant_1_is_produced_correctly"/>
    <testcase time="0.575000000000003" classname="table_aet03" name="AET03_variant_1_is_produced_correctly"/>
    <testcase time="0.914000000000001" classname="table_aet03" name="AET03_variant_1_is_produced_correctly"/>
    <testcase time="0.181999999999988" classname="table_aet03" name="AET03_variant_1_is_produced_correctly"/>
    <testcase time="0.00200000000000955" classname="table_aet03" name="AET03_variant_1_is_produced_correctly">
      <skipped message="Reason: On CRAN ('test-table_aet03.R:17:1')"/>
    </testcase>
  </testsuite>
  <testsuite name="table_aet04" timestamp="2026-03-23T14:15:50Z" hostname="3002ac95ca6e" tests="30" skipped="8" failures="0" errors="0" time="11.694">
    <testcase time="0.753" classname="table_aet04" name="AET04_variant_1_is_produced_correctly"/>
    <testcase time="0.932000000000002" classname="table_aet04" name="AET04_variant_1_is_produced_correctly"/>
    <testcase time="0.0589999999999975" classname="table_aet04" name="AET04_variant_1_is_produced_correctly"/>
    <testcase time="0.0350000000000108" classname="table_aet04" name="AET04_variant_1_is_produced_correctly"/>
    <testcase time="0.00199999999999534" classname="table_aet04" name="AET04_variant_1_is_produced_correctly">
      <skipped message="Reason: On CRAN ('test-table_aet04.R:107:1')"/>
    </testcase>
    <testcase time="0.679000000000002" classname="table_aet04" name="AET04_variant_2_is_produced_correctly_Fill_in_of_Treatment_Groups_"/>
    <testcase time="0.843000000000004" classname="table_aet04" name="AET04_variant_2_is_produced_correctly_Fill_in_of_Treatment_Groups_"/>
    <testcase time="0.0449999999999875" classname="table_aet04" name="AET04_variant_2_is_produced_correctly_Fill_in_of_Treatment_Groups_"/>
    <testcase time="0.0350000000000108" classname="table_aet04" name="AET04_variant_2_is_produced_correctly_Fill_in_of_Treatment_Groups_"/>
    <testcase time="0.000999999999990564" classname="table_aet04" name="AET04_variant_2_is_produced_correctly_Fill_in_of_Treatment_Groups_">
      <skipped message="Reason: On CRAN ('test-table_aet04.R:127:1')"/>
    </testcase>
    <testcase time="0.704999999999998" classname="table_aet04" name="AET04_variant_3_is_produced_correctly_Fill_in_of_Grades_"/>
    <testcase time="1.018" classname="table_aet04" name="AET04_variant_3_is_produced_correctly_Fill_in_of_Grades_"/>
    <testcase time="0.0380000000000109" classname="table_aet04" name="AET04_variant_3_is_produced_correctly_Fill_in_of_Grades_"/>
    <testcase time="0.0369999999999919" classname="table_aet04" name="AET04_variant_3_is_produced_correctly_Fill_in_of_Grades_"/>
    <testcase time="0.00100000000000477" classname="table_aet04" name="AET04_variant_3_is_produced_correctly_Fill_in_of_Grades_">
      <skipped message="Reason: On CRAN ('test-table_aet04.R:209:1')"/>
    </testcase>
    <testcase time="0.724999999999994" classname="table_aet04" name="AET04_variant_4_is_produced_correctly_Collapsing_of_Grades_grades_1_2_grades_3_4_5_"/>
    <testcase time="0.977000000000004" classname="table_aet04" name="AET04_variant_4_is_produced_correctly_Collapsing_of_Grades_grades_1_2_grades_3_4_5_"/>
    <testcase time="0.00199999999999534" classname="table_aet04" name="AET04_variant_4_is_produced_correctly_Collapsing_of_Grades_grades_1_2_grades_3_4_5_">
      <skipped message="Reason: On CRAN ('test-table_aet04.R:288:1')"/>
    </testcase>
    <testcase time="0.759" classname="table_aet04" name="AET04_variant_6_is_produced_correctly_with_an_Incidence_Rate_of_at_Least_5_totals_restricted_"/>
    <testcase time="0.969999999999999" classname="table_aet04" name="AET04_variant_6_is_produced_correctly_with_an_Incidence_Rate_of_at_Least_5_totals_restricted_"/>
    <testcase time="0.00100000000000477" classname="table_aet04" name="AET04_variant_6_is_produced_correctly_with_an_Incidence_Rate_of_at_Least_5_totals_restricted_">
      <skipped message="Reason: On CRAN ('test-table_aet04.R:367:1')"/>
    </testcase>
    <testcase time="0.0180000000000007" classname="table_aet04" name="AET04_variant_8_is_produced_correctly_with_an_Incidence_Rate_of_at_Least_X_Patients_"/>
    <testcase time="0.989999999999995" classname="table_aet04" name="AET04_variant_8_is_produced_correctly_with_an_Incidence_Rate_of_at_Least_X_Patients_"/>
    <testcase time="0.00100000000000477" classname="table_aet04" name="AET04_variant_8_is_produced_correctly_with_an_Incidence_Rate_of_at_Least_X_Patients_">
      <skipped message="Reason: On CRAN ('test-table_aet04.R:481:1')"/>
    </testcase>
    <testcase time="0.0229999999999961" classname="table_aet04" name="AET04_variant_9_is_produced_correctly_with_a_Difference_in_Incidence_Rate_of_at_Least_X_"/>
    <testcase time="1.00200000000001" classname="table_aet04" name="AET04_variant_9_is_produced_correctly_with_a_Difference_in_Incidence_Rate_of_at_Least_X_"/>
    <testcase time="0.000999999999990564" classname="table_aet04" name="AET04_variant_9_is_produced_correctly_with_a_Difference_in_Incidence_Rate_of_at_Least_X_">
      <skipped message="Reason: On CRAN ('test-table_aet04.R:497:1')"/>
    </testcase>
    <testcase time="0.0190000000000055" classname="table_aet04" name="AET04_variant_11_is_produced_correctly_with_Incidence_Rate_of_at_Least_X_all_SOCs_w_o_preferred_terms_removed_"/>
    <testcase time="1.021" classname="table_aet04" name="AET04_variant_11_is_produced_correctly_with_Incidence_Rate_of_at_Least_X_all_SOCs_w_o_preferred_terms_removed_"/>
    <testcase time="0.00199999999999534" classname="table_aet04" name="AET04_variant_11_is_produced_correctly_with_Incidence_Rate_of_at_Least_X_all_SOCs_w_o_preferred_terms_removed_">
      <skipped message="Reason: On CRAN ('test-table_aet04.R:517:1')"/>
    </testcase>
  </testsuite>
  <testsuite name="table_aet04_pi" timestamp="2026-03-23T14:16:01Z" hostname="3002ac95ca6e" tests="18" skipped="9" failures="0" errors="0" time="6.823">
    <testcase time="0.655000000000001" classname="table_aet04_pi" name="AET04_PI_full_table_is_produced_correctly"/>
    <testcase time="0.180999999999997" classname="table_aet04_pi" name="AET04_PI_full_table_is_produced_correctly">
      <skipped message="Reason: On CRAN ('test-table_aet04_pi.R:52:1')"/>
    </testcase>
    <testcase time="0.634" classname="table_aet04_pi" name="AET04_PI_variant_1_is_produced_correctly"/>
    <testcase time="0.14200000000001" classname="table_aet04_pi" name="AET04_PI_variant_1_is_produced_correctly">
      <skipped message="Reason: On CRAN ('test-table_aet04_pi.R:69:1')"/>
    </testcase>
    <testcase time="0.638999999999996" classname="table_aet04_pi" name="AET04_PI_variant_2_is_produced_correctly"/>
    <testcase time="0.0819999999999936" classname="table_aet04_pi" name="AET04_PI_variant_2_is_produced_correctly">
      <skipped message="Reason: On CRAN ('test-table_aet04_pi.R:91:1')"/>
    </testcase>
    <testcase time="0.64200000000001" classname="table_aet04_pi" name="AET04_PI_variant_3_is_produced_correctly"/>
    <testcase time="0.0999999999999943" classname="table_aet04_pi" name="AET04_PI_variant_3_is_produced_correctly">
      <skipped message="Reason: On CRAN ('test-table_aet04_pi.R:114:1')"/>
    </testcase>
    <testcase time="0.659000000000006" classname="table_aet04_pi" name="AET04_PI_variant_4_is_produced_correctly"/>
    <testcase time="0.0739999999999981" classname="table_aet04_pi" name="AET04_PI_variant_4_is_produced_correctly">
      <skipped message="Reason: On CRAN ('test-table_aet04_pi.R:137:1')"/>
    </testcase>
    <testcase time="0.653999999999996" classname="table_aet04_pi" name="AET04_PI_variant_5_is_produced_correctly"/>
    <testcase time="0.132999999999996" classname="table_aet04_pi" name="AET04_PI_variant_5_is_produced_correctly">
      <skipped message="Reason: On CRAN ('test-table_aet04_pi.R:161:1')"/>
    </testcase>
    <testcase time="0.795000000000002" classname="table_aet04_pi" name="AET04_PI_variant_6_is_produced_correctly"/>
    <testcase time="0.138999999999996" classname="table_aet04_pi" name="AET04_PI_variant_6_is_produced_correctly">
      <skipped message="Reason: On CRAN ('test-table_aet04_pi.R:185:1')"/>
    </testcase>
    <testcase time="0.835000000000008" classname="table_aet04_pi" name="AET04_PI_variant_7_is_produced_correctly"/>
    <testcase time="0.137" classname="table_aet04_pi" name="AET04_PI_variant_7_is_produced_correctly">
      <skipped message="Reason: On CRAN ('test-table_aet04_pi.R:236:1')"/>
    </testcase>
    <testcase time="0.206999999999994" classname="table_aet04_pi" name="AET04_PI_variant_8_is_produced_correctly"/>
    <testcase time="0.115000000000009" classname="table_aet04_pi" name="AET04_PI_variant_8_is_produced_correctly">
      <skipped message="Reason: On CRAN ('test-table_aet04_pi.R:287:1')"/>
    </testcase>
  </testsuite>
  <testsuite name="table_aet05" timestamp="2026-03-23T14:16:08Z" hostname="3002ac95ca6e" tests="4" skipped="2" failures="0" errors="0" time="0.282">
    <testcase time="0.109999999999999" classname="table_aet05" name="AET05_variant_1_is_produced_correctly"/>
    <testcase time="0.0609999999999928" classname="table_aet05" name="AET05_variant_1_is_produced_correctly">
      <skipped message="Reason: On CRAN ('test-table_aet05.R:26:1')"/>
    </testcase>
    <testcase time="0.0690000000000026" classname="table_aet05" name="AET05_variant_2_is_produced_correctly"/>
    <testcase time="0.0420000000000016" classname="table_aet05" name="AET05_variant_2_is_produced_correctly">
      <skipped message="Reason: On CRAN ('test-table_aet05.R:41:1')"/>
    </testcase>
  </testsuite>
  <testsuite name="table_aet05_all" timestamp="2026-03-23T14:16:09Z" hostname="3002ac95ca6e" tests="4" skipped="2" failures="0" errors="0" time="0.318">
    <testcase time="0.144999999999996" classname="table_aet05_all" name="AET05_ALL_variant_1_is_produced_correctly"/>
    <testcase time="0.0420000000000016" classname="table_aet05_all" name="AET05_ALL_variant_1_is_produced_correctly">
      <skipped message="Reason: On CRAN ('test-table_aet05_all.R:20:1')"/>
    </testcase>
    <testcase time="0.0900000000000034" classname="table_aet05_all" name="AET05_ALL_variant_2_is_produced_correctly"/>
    <testcase time="0.0409999999999968" classname="table_aet05_all" name="AET05_ALL_variant_2_is_produced_correctly">
      <skipped message="Reason: On CRAN ('test-table_aet05_all.R:35:1')"/>
    </testcase>
  </testsuite>
  <testsuite name="table_aet06" timestamp="2026-03-23T14:16:09Z" hostname="3002ac95ca6e" tests="6" skipped="3" failures="0" errors="0" time="3.69">
    <testcase time="0.826999999999998" classname="table_aet06" name="AET06_variant_1_is_produced_correctly"/>
    <testcase time="0.167000000000002" classname="table_aet06" name="AET06_variant_1_is_produced_correctly">
      <skipped message="Reason: On CRAN ('test-table_aet06.R:64:1')"/>
    </testcase>
    <testcase time="0.953000000000003" classname="table_aet06" name="AET06_variant_3_is_produced_correctly"/>
    <testcase time="0.244" classname="table_aet06" name="AET06_variant_3_is_produced_correctly">
      <skipped message="Reason: On CRAN ('test-table_aet06.R:100:1')"/>
    </testcase>
    <testcase time="1.20999999999999" classname="table_aet06" name="AET06_variant_5_is_produced_correctly"/>
    <testcase time="0.289000000000001" classname="table_aet06" name="AET06_variant_5_is_produced_correctly">
      <skipped message="Reason: On CRAN ('test-table_aet06.R:152:1')"/>
    </testcase>
  </testsuite>
  <testsuite name="table_aet06_smq" timestamp="2026-03-23T14:16:12Z" hostname="3002ac95ca6e" tests="4" skipped="2" failures="0" errors="0" time="0.973">
    <testcase time="0.358000000000004" classname="table_aet06_smq" name="AET06_SMQ_variant_1_is_produced_correctly"/>
    <testcase time="0.135999999999996" classname="table_aet06_smq" name="AET06_SMQ_variant_1_is_produced_correctly">
      <skipped message="Reason: On CRAN ('test-table_aet06_smq.R:5:1')"/>
    </testcase>
    <testcase time="0.369" classname="table_aet06_smq" name="AET06_SMQ_variant_2_is_produced_correctly"/>
    <testcase time="0.109999999999999" classname="table_aet06_smq" name="AET06_SMQ_variant_2_is_produced_correctly">
      <skipped message="Reason: On CRAN ('test-table_aet06_smq.R:76:1')"/>
    </testcase>
  </testsuite>
  <testsuite name="table_aet07" timestamp="2026-03-23T14:16:13Z" hostname="3002ac95ca6e" tests="4" skipped="2" failures="0" errors="0" time="0.178">
    <testcase time="0.0670000000000073" classname="table_aet07" name="AET07_variant_1_is_produced_correctly"/>
    <testcase time="0.0249999999999915" classname="table_aet07" name="AET07_variant_1_is_produced_correctly">
      <skipped message="Reason: On CRAN ('test-table_aet07.R:24:1')"/>
    </testcase>
    <testcase time="0.0600000000000023" classname="table_aet07" name="AET07_variant_2_is_produced_correctly"/>
    <testcase time="0.0259999999999962" classname="table_aet07" name="AET07_variant_2_is_produced_correctly">
      <skipped message="Reason: On CRAN ('test-table_aet07.R:52:1')"/>
    </testcase>
  </testsuite>
  <testsuite name="table_aet09" timestamp="2026-03-23T14:16:14Z" hostname="3002ac95ca6e" tests="4" skipped="2" failures="0" errors="0" time="1.922">
    <testcase time="0.560000000000002" classname="table_aet09" name="AET09_variant_1_is_produced_correctly_AE_related_to_study_drug"/>
    <testcase time="0.143000000000001" classname="table_aet09" name="AET09_variant_1_is_produced_correctly_AE_related_to_study_drug">
      <skipped message="Reason: On CRAN ('test-table_aet09.R:7:1')"/>
    </testcase>
    <testcase time="0.984999999999999" classname="table_aet09" name="AET09_variant_2_is_produced_correctly_AE_related_to_study_drug_including_high_level_terms_"/>
    <testcase time="0.234000000000009" classname="table_aet09" name="AET09_variant_2_is_produced_correctly_AE_related_to_study_drug_including_high_level_terms_">
      <skipped message="Reason: On CRAN ('test-table_aet09.R:49:1')"/>
    </testcase>
  </testsuite>
  <testsuite name="table_aet09_smq" timestamp="2026-03-23T14:16:16Z" hostname="3002ac95ca6e" tests="4" skipped="2" failures="0" errors="0" time="0.485">
    <testcase time="0.140000000000001" classname="table_aet09_smq" name="AET09_variant_1_AEs_related_to_study_drug_by_SMQ_is_produced_correctly"/>
    <testcase time="0.0480000000000018" classname="table_aet09_smq" name="AET09_variant_1_AEs_related_to_study_drug_by_SMQ_is_produced_correctly">
      <skipped message="Reason: On CRAN ('test-table_aet09_smq.R:15:1')"/>
    </testcase>
    <testcase time="0.216999999999999" classname="table_aet09_smq" name="AET09_variant_2_AEs_related_to_study_drug_by_SMQ_with_customized_queries_is_produced_correctly"/>
    <testcase time="0.0799999999999983" classname="table_aet09_smq" name="AET09_variant_2_AEs_related_to_study_drug_by_SMQ_with_customized_queries_is_produced_correctly">
      <skipped message="Reason: On CRAN ('test-table_aet09_smq.R:72:1')"/>
    </testcase>
  </testsuite>
  <testsuite name="table_aet10" timestamp="2026-03-23T14:16:16Z" hostname="3002ac95ca6e" tests="2" skipped="1" failures="0" errors="0" time="0.167">
    <testcase time="0.11699999999999" classname="table_aet10" name="AET10_default_variant_is_produced_correctly"/>
    <testcase time="0.0500000000000114" classname="table_aet10" name="AET10_default_variant_is_produced_correctly">
      <skipped message="Reason: On CRAN ('test-table_aet10.R:6:1')"/>
    </testcase>
  </testsuite>
  <testsuite name="table_aovt01" timestamp="2026-03-23T14:16:16Z" hostname="3002ac95ca6e" tests="6" skipped="3" failures="0" errors="0" time="2.643">
    <testcase time="0.384999999999991" classname="table_aovt01" name="AOVT01_variant_with_single_endpoint_is_produced_correctly"/>
    <testcase time="0.0750000000000028" classname="table_aovt01" name="AOVT01_variant_with_single_endpoint_is_produced_correctly">
      <skipped message="Reason: On CRAN ('test-table_aovt01.R:6:1')"/>
    </testcase>
    <testcase time="0.989000000000004" classname="table_aovt01" name="AOVT01_variant_with_multiple_endpoints_is_produced_correctly"/>
    <testcase time="0.128999999999991" classname="table_aovt01" name="AOVT01_variant_with_multiple_endpoints_is_produced_correctly">
      <skipped message="Reason: On CRAN ('test-table_aovt01.R:36:1')"/>
    </testcase>
    <testcase time="0.938000000000002" classname="table_aovt01" name="AOVT01_variant_with_proportional_weights_is_produced_correctly"/>
    <testcase time="0.12700000000001" classname="table_aovt01" name="AOVT01_variant_with_proportional_weights_is_produced_correctly">
      <skipped message="Reason: On CRAN ('test-table_aovt01.R:55:1')"/>
    </testcase>
  </testsuite>
  <testsuite name="table_aovt02" timestamp="2026-03-23T14:16:19Z" hostname="3002ac95ca6e" tests="2" skipped="1" failures="0" errors="0" time="0.493">
    <testcase time="0.405999999999992" classname="table_aovt02" name="AOVT02_is_produced_correctly"/>
    <testcase time="0.0870000000000033" classname="table_aovt02" name="AOVT02_is_produced_correctly">
      <skipped message="Reason: On CRAN ('test-table_aovt02.R:15:1')"/>
    </testcase>
  </testsuite>
  <testsuite name="table_aovt03" timestamp="2026-03-23T14:16:19Z" hostname="3002ac95ca6e" tests="2" skipped="1" failures="0" errors="0" time="1.281">
    <testcase time="1.145" classname="table_aovt03" name="AOVT03_is_produced_correctly"/>
    <testcase time="0.13600000000001" classname="table_aovt03" name="AOVT03_is_produced_correctly">
      <skipped message="Reason: On CRAN ('test-table_aovt03.R:10:1')"/>
    </testcase>
  </testsuite>
  <testsuite name="table_cfbt01" timestamp="2026-03-23T14:16:21Z" hostname="3002ac95ca6e" tests="2" skipped="1" failures="0" errors="0" time="0.644">
    <testcase time="0.458999999999989" classname="table_cfbt01" name="CFBT01_default_variant_is_produced_correctly"/>
    <testcase time="0.185000000000002" classname="table_cfbt01" name="CFBT01_default_variant_is_produced_correctly">
      <skipped message="Reason: On CRAN ('test-table_cfbt01.R:15:1')"/>
    </testcase>
  </testsuite>
  <testsuite name="table_cmht01" timestamp="2026-03-23T14:16:21Z" hostname="3002ac95ca6e" tests="4" skipped="2" failures="0" errors="0" time="1.713">
    <testcase time="0.406000000000006" classname="table_cmht01" name="CMHT01_variant_1_is_produced_correctly"/>
    <testcase time="0.0789999999999935" classname="table_cmht01" name="CMHT01_variant_1_is_produced_correctly">
      <skipped message="Reason: On CRAN ('test-table_cmht01.R:8:1')"/>
    </testcase>
    <testcase time="1" classname="table_cmht01" name="CMHT01_variant_2_is_produced_correctly"/>
    <testcase time="0.228000000000009" classname="table_cmht01" name="CMHT01_variant_2_is_produced_correctly">
      <skipped message="Reason: On CRAN ('test-table_cmht01.R:61:1')"/>
    </testcase>
  </testsuite>
  <testsuite name="table_cmt01" timestamp="2026-03-23T14:16:23Z" hostname="3002ac95ca6e" tests="8" skipped="4" failures="0" errors="0" time="3.752">
    <testcase time="0.690999999999988" classname="table_cmt01" name="CMT01_default_variant_Concomitant_medications_is_produced_correctly"/>
    <testcase time="0.248000000000005" classname="table_cmt01" name="CMT01_default_variant_Concomitant_medications_is_produced_correctly">
      <skipped message="Reason: On CRAN ('test-table_cmt01.R:4:1')"/>
    </testcase>
    <testcase time="0.781999999999996" classname="table_cmt01" name="CMT01_variant_1_prior_medications_is_produced_correctly"/>
    <testcase time="0.246000000000009" classname="table_cmt01" name="CMT01_variant_1_prior_medications_is_produced_correctly">
      <skipped message="Reason: On CRAN ('test-table_cmt01.R:39:1')"/>
    </testcase>
    <testcase time="0.643999999999991" classname="table_cmt01" name="CMT01_variant_3_Concomitant_medications_is_produced_correctly"/>
    <testcase time="0.201000000000008" classname="table_cmt01" name="CMT01_variant_3_Concomitant_medications_is_produced_correctly">
      <skipped message="Reason: On CRAN ('test-table_cmt01.R:74:1')"/>
    </testcase>
    <testcase time="0.703000000000003" classname="table_cmt01" name="CMT01_variant_4_Concomitant_medications_is_produced_correctly"/>
    <testcase time="0.236999999999995" classname="table_cmt01" name="CMT01_variant_4_Concomitant_medications_is_produced_correctly">
      <skipped message="Reason: On CRAN ('test-table_cmt01.R:107:1')"/>
    </testcase>
  </testsuite>
  <testsuite name="table_cmt01a" timestamp="2026-03-23T14:16:27Z" hostname="3002ac95ca6e" tests="8" skipped="4" failures="0" errors="0" time="5.008">
    <testcase time="1.14100000000001" classname="table_cmt01a" name="CMT01A_variant_1_is_produced_correctly"/>
    <testcase time="0.209999999999994" classname="table_cmt01a" name="CMT01A_variant_1_is_produced_correctly">
      <skipped message="Reason: On CRAN ('test-table_cmt01a.R:16:1')"/>
    </testcase>
    <testcase time="0.995000000000005" classname="table_cmt01a" name="CMT01A_variant_2_is_produced_correctly"/>
    <testcase time="0.222999999999999" classname="table_cmt01a" name="CMT01A_variant_2_is_produced_correctly">
      <skipped message="Reason: On CRAN ('test-table_cmt01a.R:62:1')"/>
    </testcase>
    <testcase time="1.015" classname="table_cmt01a" name="CMT01A_variant_3_is_produced_correctly"/>
    <testcase time="0.210000000000008" classname="table_cmt01a" name="CMT01A_variant_3_is_produced_correctly">
      <skipped message="Reason: On CRAN ('test-table_cmt01a.R:108:1')"/>
    </testcase>
    <testcase time="1.021" classname="table_cmt01a" name="CMT01A_variant_4_is_produced_correctly"/>
    <testcase time="0.192999999999998" classname="table_cmt01a" name="CMT01A_variant_4_is_produced_correctly">
      <skipped message="Reason: On CRAN ('test-table_cmt01a.R:151:1')"/>
    </testcase>
  </testsuite>
  <testsuite name="table_cmt01b" timestamp="2026-03-23T14:16:32Z" hostname="3002ac95ca6e" tests="6" skipped="3" failures="0" errors="0" time="5.528">
    <testcase time="1.63200000000001" classname="table_cmt01b" name="CMT01B_variant_1_is_produced_correctly"/>
    <testcase time="0.352999999999994" classname="table_cmt01b" name="CMT01B_variant_1_is_produced_correctly">
      <skipped message="Reason: On CRAN ('test-table_cmt01b.R:17:1')"/>
    </testcase>
    <testcase time="1.194" classname="table_cmt01b" name="CMT01B_variant_2_is_produced_correctly"/>
    <testcase time="0.295999999999992" classname="table_cmt01b" name="CMT01B_variant_2_is_produced_correctly">
      <skipped message="Reason: On CRAN ('test-table_cmt01b.R:91:1')"/>
    </testcase>
    <testcase time="1.714" classname="table_cmt01b" name="CMT01B_variant_4_is_produced_correctly"/>
    <testcase time="0.338999999999999" classname="table_cmt01b" name="CMT01B_variant_4_is_produced_correctly">
      <skipped message="Reason: On CRAN ('test-table_cmt01b.R:149:1')"/>
    </testcase>
  </testsuite>
  <testsuite name="table_cmt02_pt" timestamp="2026-03-23T14:16:37Z" hostname="3002ac95ca6e" tests="2" skipped="1" failures="0" errors="0" time="0.529">
    <testcase time="0.390000000000001" classname="table_cmt02_pt" name="CMT02_PT_default_variant_is_produced_correctly"/>
    <testcase time="0.13900000000001" classname="table_cmt02_pt" name="CMT02_PT_default_variant_is_produced_correctly">
      <skipped message="Reason: On CRAN ('test-table_cmt02_pt.R:16:1')"/>
    </testcase>
  </testsuite>
  <testsuite name="table_coxt01" timestamp="2026-03-23T14:16:38Z" hostname="3002ac95ca6e" tests="8" skipped="4" failures="0" errors="0" time="1.786">
    <testcase time="0.310000000000002" classname="table_coxt01" name="1._Cox_Regression"/>
    <testcase time="0.0579999999999927" classname="table_coxt01" name="1._Cox_Regression">
      <skipped message="Reason: On CRAN ('test-table_coxt01.R:18:1')"/>
    </testcase>
    <testcase time="0.387" classname="table_coxt01" name="2._Cox_Regression_with_Interaction_Term_"/>
    <testcase time="0.0739999999999981" classname="table_coxt01" name="2._Cox_Regression_with_Interaction_Term_">
      <skipped message="Reason: On CRAN ('test-table_coxt01.R:34:1')"/>
    </testcase>
    <testcase time="0.376000000000005" classname="table_coxt01" name="3._Cox_Regression_specifying_covariates_"/>
    <testcase time="0.0879999999999939" classname="table_coxt01" name="3._Cox_Regression_specifying_covariates_">
      <skipped message="Reason: On CRAN ('test-table_coxt01.R:53:1')"/>
    </testcase>
    <testcase time="0.379999999999995" classname="table_coxt01" name="4._Cox_Regression_setting_strata_ties_and_alpha_level_"/>
    <testcase time="0.113" classname="table_coxt01" name="4._Cox_Regression_setting_strata_ties_and_alpha_level_">
      <skipped message="Reason: On CRAN ('test-table_coxt01.R:75:1')"/>
    </testcase>
  </testsuite>
  <testsuite name="table_coxt02" timestamp="2026-03-23T14:16:40Z" hostname="3002ac95ca6e" tests="4" skipped="2" failures="0" errors="0" time="0.686">
    <testcase time="0.293000000000006" classname="table_coxt02" name="COXT02_default_variant_1_is_produced_correctly"/>
    <testcase time="0.0690000000000026" classname="table_coxt02" name="COXT02_default_variant_1_is_produced_correctly">
      <skipped message="Reason: On CRAN ('test-table_coxt02.R:19:1')"/>
    </testcase>
    <testcase time="0.262999999999991" classname="table_coxt02" name="COXT02_variant_5_is_produced_correctly"/>
    <testcase time="0.061000000000007" classname="table_coxt02" name="COXT02_variant_5_is_produced_correctly">
      <skipped message="Reason: On CRAN ('test-table_coxt02.R:33:1')"/>
    </testcase>
  </testsuite>
  <testsuite name="table_disclosures" timestamp="2026-03-23T14:16:40Z" hostname="3002ac95ca6e" tests="12" skipped="6" failures="0" errors="0" time="1.942">
    <testcase time="0.182000000000002" classname="table_disclosures" name="Patient_Disposition_table_is_produced_correctly"/>
    <testcase time="0.0679999999999978" classname="table_disclosures" name="Patient_Disposition_table_is_produced_correctly">
      <skipped message="Reason: On CRAN ('test-table_disclosures.R:75:1')"/>
    </testcase>
    <testcase time="0.248999999999995" classname="table_disclosures" name="Demographic_table_is_produced_correctly"/>
    <testcase time="0.108000000000004" classname="table_disclosures" name="Demographic_table_is_produced_correctly">
      <skipped message="Reason: On CRAN ('test-table_disclosures.R:113:1')"/>
    </testcase>
    <testcase time="0.114000000000004" classname="table_disclosures" name="Enrollment_by_Country_Table_is_produced_correctly"/>
    <testcase time="0.0779999999999887" classname="table_disclosures" name="Enrollment_by_Country_Table_is_produced_correctly">
      <skipped message="Reason: On CRAN ('test-table_disclosures.R:134:1')"/>
    </testcase>
    <testcase time="0.0880000000000081" classname="table_disclosures" name="Death_table_is_produced_correctly"/>
    <testcase time="0.0379999999999967" classname="table_disclosures" name="Death_table_is_produced_correctly">
      <skipped message="Reason: On CRAN ('test-table_disclosures.R:146:1')"/>
    </testcase>
    <testcase time="0.388000000000005" classname="table_disclosures" name="Table_of_Serious_Adverse_Events_is_produced_correctly_for_one_specific_treatment_arm_"/>
    <testcase time="0.0669999999999931" classname="table_disclosures" name="Table_of_Serious_Adverse_Events_is_produced_correctly_for_one_specific_treatment_arm_">
      <skipped message="Reason: On CRAN ('test-table_disclosures.R:164:1')"/>
    </testcase>
    <testcase time="0.450000000000003" classname="table_disclosures" name="Table_of_Non_Serious_Adverse_Events_is_produced_correctly"/>
    <testcase time="0.111999999999995" classname="table_disclosures" name="Table_of_Non_Serious_Adverse_Events_is_produced_correctly">
      <skipped message="Reason: On CRAN ('test-table_disclosures.R:192:1')"/>
    </testcase>
  </testsuite>
  <testsuite name="table_dmt01" timestamp="2026-03-23T14:16:43Z" hostname="3002ac95ca6e" tests="10" skipped="5" failures="0" errors="0" time="2.776">
    <testcase time="1.16300000000001" classname="table_dmt01" name="DMT01_variant_1_is_produced_correctly"/>
    <testcase time="0.138999999999996" classname="table_dmt01" name="DMT01_variant_1_is_produced_correctly">
      <skipped message="Reason: On CRAN ('test-table_dmt01.R:69:1')"/>
    </testcase>
    <testcase time="0.263999999999996" classname="table_dmt01" name="DMT01_variant_2_is_produced_correctly"/>
    <testcase time="0.129999999999995" classname="table_dmt01" name="DMT01_variant_2_is_produced_correctly">
      <skipped message="Reason: On CRAN ('test-table_dmt01.R:93:1')"/>
    </testcase>
    <testcase time="0.301000000000002" classname="table_dmt01" name="DMT01_variant_3_is_produced_correctly"/>
    <testcase time="0.135000000000005" classname="table_dmt01" name="DMT01_variant_3_is_produced_correctly">
      <skipped message="Reason: On CRAN ('test-table_dmt01.R:116:1')"/>
    </testcase>
    <testcase time="0.227000000000004" classname="table_dmt01" name="DMT01_variant_4_is_produced_correctly"/>
    <testcase time="0.11699999999999" classname="table_dmt01" name="DMT01_variant_4_is_produced_correctly">
      <skipped message="Reason: On CRAN ('test-table_dmt01.R:135:1')"/>
    </testcase>
    <testcase time="0.197000000000003" classname="table_dmt01" name="DMT01_variant_5_is_produced_correctly"/>
    <testcase time="0.103000000000009" classname="table_dmt01" name="DMT01_variant_5_is_produced_correctly">
      <skipped message="Reason: On CRAN ('test-table_dmt01.R:154:1')"/>
    </testcase>
  </testsuite>
  <testsuite name="table_dort01" timestamp="2026-03-23T14:16:45Z" hostname="3002ac95ca6e" tests="8" skipped="4" failures="0" errors="0" time="1.524">
    <testcase time="0.330999999999989" classname="table_dort01" name="DORT01_variant_1_is_produced_correctly"/>
    <testcase time="0.0720000000000027" classname="table_dort01" name="DORT01_variant_1_is_produced_correctly">
      <skipped message="Reason: On CRAN ('test-table_dort01.R:26:1')"/>
    </testcase>
    <testcase time="0.302999999999997" classname="table_dort01" name="DORT01_variant_2_selecting_sectons_is_produced_correctly"/>
    <testcase time="0.0889999999999986" classname="table_dort01" name="DORT01_variant_2_selecting_sectons_is_produced_correctly">
      <skipped message="Reason: On CRAN ('test-table_dort01.R:81:1')"/>
    </testcase>
    <testcase time="0.275000000000006" classname="table_dort01" name="DORT01_variant_3_modifying_conftype_and_alpha_level_is_produced_correctly"/>
    <testcase time="0.0880000000000081" classname="table_dort01" name="DORT01_variant_3_modifying_conftype_and_alpha_level_is_produced_correctly">
      <skipped message="Reason: On CRAN ('test-table_dort01.R:137:1')"/>
    </testcase>
    <testcase time="0.293999999999997" classname="table_dort01" name="DORT01_variant_4_modifying_time_point_for_the_xx_duration_is_produced_correctly"/>
    <testcase time="0.0720000000000027" classname="table_dort01" name="DORT01_variant_4_modifying_time_point_for_the_xx_duration_is_produced_correctly">
      <skipped message="Reason: On CRAN ('test-table_dort01.R:193:1')"/>
    </testcase>
  </testsuite>
  <testsuite name="table_dst01" timestamp="2026-03-23T14:16:47Z" hostname="3002ac95ca6e" tests="5" skipped="2" failures="0" errors="0" time="0.767">
    <testcase time="0.163999999999987" classname="table_dst01" name="DST01_default_variant_is_produced_correctly"/>
    <testcase time="0.0810000000000031" classname="table_dst01" name="DST01_default_variant_is_produced_correctly">
      <skipped message="Reason: On CRAN ('test-table_dst01.R:23:1')"/>
    </testcase>
    <testcase time="0.247" classname="table_dst01" name="DST01_variants_2_and_3_are_produced_correctly"/>
    <testcase time="0.174000000000007" classname="table_dst01" name="DST01_variants_2_and_3_are_produced_correctly"/>
    <testcase time="0.100999999999999" classname="table_dst01" name="DST01_variants_2_and_3_are_produced_correctly">
      <skipped message="Reason: On CRAN ('test-table_dst01.R:47:1')"/>
    </testcase>
  </testsuite>
  <testsuite name="table_dtht01" timestamp="2026-03-23T14:16:47Z" hostname="3002ac95ca6e" tests="8" skipped="4" failures="0" errors="0" time="1.189">
    <testcase time="0.149000000000001" classname="table_dtht01" name="DTHT01_variant_1_is_produced_correctly"/>
    <testcase time="0.0529999999999973" classname="table_dtht01" name="DTHT01_variant_1_is_produced_correctly">
      <skipped message="Reason: On CRAN ('test-table_dtht01.R:9:1')"/>
    </testcase>
    <testcase time="0.313999999999993" classname="table_dtht01" name="DTHT01_variant_2_is_produced_correctly"/>
    <testcase time="0.13000000000001" classname="table_dtht01" name="DTHT01_variant_2_is_produced_correctly">
      <skipped message="Reason: On CRAN ('test-table_dtht01.R:26:1')"/>
    </testcase>
    <testcase time="0.176999999999992" classname="table_dtht01" name="DTHT01_variant_3_is_produced_correctly"/>
    <testcase time="0.0619999999999976" classname="table_dtht01" name="DTHT01_variant_3_is_produced_correctly">
      <skipped message="Reason: On CRAN ('test-table_dtht01.R:63:1')"/>
    </testcase>
    <testcase time="0.230000000000018" classname="table_dtht01" name="DTHT01_variant_4_is_produced_correctly"/>
    <testcase time="0.0739999999999839" classname="table_dtht01" name="DTHT01_variant_4_is_produced_correctly">
      <skipped message="Reason: On CRAN ('test-table_dtht01.R:107:1')"/>
    </testcase>
  </testsuite>
  <testsuite name="table_egt01" timestamp="2026-03-23T14:16:49Z" hostname="3002ac95ca6e" tests="2" skipped="1" failures="0" errors="0" time="3.48">
    <testcase time="2.71700000000001" classname="table_egt01" name="EGT01_default_variant_is_produced_correctly"/>
    <testcase time="0.763000000000005" classname="table_egt01" name="EGT01_default_variant_is_produced_correctly">
      <skipped message="Reason: On CRAN ('test-table_egt01.R:13:1')"/>
    </testcase>
  </testsuite>
  <testsuite name="table_egt02" timestamp="2026-03-23T14:16:53Z" hostname="3002ac95ca6e" tests="4" skipped="2" failures="0" errors="0" time="1.705">
    <testcase time="1.40899999999999" classname="table_egt02" name="_EGT02_1._Regardless_of_Abnormality_at_Baseline"/>
    <testcase time="0.0629999999999882" classname="table_egt02" name="_EGT02_1._Regardless_of_Abnormality_at_Baseline">
      <skipped message="Reason: On CRAN ('test-table_egt02.R:18:1')"/>
    </testcase>
    <testcase time="0.181000000000012" classname="table_egt02" name="_EGT02_2._Among_Subjects_Without_Abnormality_at_Baseline"/>
    <testcase time="0.0519999999999925" classname="table_egt02" name="_EGT02_2._Among_Subjects_Without_Abnormality_at_Baseline">
      <skipped message="Reason: On CRAN ('test-table_egt02.R:38:1')"/>
    </testcase>
  </testsuite>
  <testsuite name="table_egt03" timestamp="2026-03-23T14:16:54Z" hostname="3002ac95ca6e" tests="8" skipped="4" failures="0" errors="0" time="1.119">
    <testcase time="0.212999999999994" classname="table_egt03" name="EGT03_variant_1_is_produced_correctly"/>
    <testcase time="0.0940000000000225" classname="table_egt03" name="EGT03_variant_1_is_produced_correctly">
      <skipped message="Reason: On CRAN ('test-table_egt03.R:35:1')"/>
    </testcase>
    <testcase time="0.151999999999987" classname="table_egt03" name="EGT03_variant_2_is_produced_correctly"/>
    <testcase time="0.0680000000000121" classname="table_egt03" name="EGT03_variant_2_is_produced_correctly">
      <skipped message="Reason: On CRAN ('test-table_egt03.R:60:1')"/>
    </testcase>
    <testcase time="0.208999999999975" classname="table_egt03" name="EGT03_variant_3_is_produced_correctly"/>
    <testcase time="0.0860000000000127" classname="table_egt03" name="EGT03_variant_3_is_produced_correctly">
      <skipped message="Reason: On CRAN ('test-table_egt03.R:75:1')"/>
    </testcase>
    <testcase time="0.211000000000013" classname="table_egt03" name="EGT03_variant_4_is_produced_correctly"/>
    <testcase time="0.0859999999999843" classname="table_egt03" name="EGT03_variant_4_is_produced_correctly">
      <skipped message="Reason: On CRAN ('test-table_egt03.R:101:1')"/>
    </testcase>
  </testsuite>
  <testsuite name="table_egt04" timestamp="2026-03-23T14:16:55Z" hostname="3002ac95ca6e" tests="2" skipped="1" failures="0" errors="0" time="0.896">
    <testcase time="0.831999999999994" classname="table_egt04" name="EGT04_default_variant_is_produced_correctly"/>
    <testcase time="0.0640000000000214" classname="table_egt04" name="EGT04_default_variant_is_produced_correctly">
      <skipped message="Reason: On CRAN ('test-table_egt04.R:15:1')"/>
    </testcase>
  </testsuite>
  <testsuite name="table_egt05_qtcat" timestamp="2026-03-23T14:16:57Z" hostname="3002ac95ca6e" tests="2" skipped="1" failures="0" errors="0" time="2.207">
    <testcase time="1.81099999999998" classname="table_egt05_qtcat" name="EGT05_QTCAT_default_variant_is_produced_correctly"/>
    <testcase time="0.396000000000015" classname="table_egt05_qtcat" name="EGT05_QTCAT_default_variant_is_produced_correctly">
      <skipped message="Reason: On CRAN ('test-table_egt05_qtcat.R:61:1')"/>
    </testcase>
  </testsuite>
  <testsuite name="table_ent" timestamp="2026-03-23T14:16:58Z" hostname="3002ac95ca6e" tests="8" skipped="4" failures="0" errors="0" time="14.152">
    <testcase time="3.804" classname="table_ent" name="ENT01_IT_is_produced_correctly"/>
    <testcase time="0.478999999999985" classname="table_ent" name="ENT01_IT_is_produced_correctly">
      <skipped message="Reason: On CRAN ('test-table_ent.R:8:1')"/>
    </testcase>
    <testcase time="2.27600000000001" classname="table_ent" name="ENT01a_IT_is_produced_correctly"/>
    <testcase time="0.459000000000003" classname="table_ent" name="ENT01a_IT_is_produced_correctly">
      <skipped message="Reason: On CRAN ('test-table_ent.R:27:1')"/>
    </testcase>
    <testcase time="3.614" classname="table_ent" name="ENT02_IT_is_produced_correctly"/>
    <testcase time="0.546999999999997" classname="table_ent" name="ENT02_IT_is_produced_correctly">
      <skipped message="Reason: On CRAN ('test-table_ent.R:43:1')"/>
    </testcase>
    <testcase time="2.46099999999998" classname="table_ent" name="ENT02a_IT_is_produced_correctly"/>
    <testcase time="0.512" classname="table_ent" name="ENT02a_IT_is_produced_correctly">
      <skipped message="Reason: On CRAN ('test-table_ent.R:64:1')"/>
    </testcase>
  </testsuite>
  <testsuite name="table_eudrat01" timestamp="2026-03-23T14:17:12Z" hostname="3002ac95ca6e" tests="2" skipped="1" failures="0" errors="0" time="0.657">
    <testcase time="0.538000000000011" classname="table_eudrat01" name="EUDRAT01_is_produced_correctly"/>
    <testcase time="0.119" classname="table_eudrat01" name="EUDRAT01_is_produced_correctly">
      <skipped message="Reason: On CRAN ('test-table_eudrat01.R:46:1')"/>
    </testcase>
  </testsuite>
  <testsuite name="table_eudrat02" timestamp="2026-03-23T14:17:13Z" hostname="3002ac95ca6e" tests="2" skipped="1" failures="0" errors="0" time="0.509">
    <testcase time="0.413999999999987" classname="table_eudrat02" name="EUDRAT02_is_produced_correctly"/>
    <testcase time="0.0949999999999989" classname="table_eudrat02" name="EUDRAT02_is_produced_correctly">
      <skipped message="Reason: On CRAN ('test-table_eudrat02.R:15:1')"/>
    </testcase>
  </testsuite>
  <testsuite name="table_ext01" timestamp="2026-03-23T14:17:13Z" hostname="3002ac95ca6e" tests="6" skipped="3" failures="0" errors="0" time="1.693">
    <testcase time="0.424000000000007" classname="table_ext01" name="EXT01_default_variant_with_numeric_parameters_is_produced_correctly"/>
    <testcase time="0.140999999999991" classname="table_ext01" name="EXT01_default_variant_with_numeric_parameters_is_produced_correctly">
      <skipped message="Reason: On CRAN ('test-table_ext01.R:73:1')"/>
    </testcase>
    <testcase time="0.324000000000012" classname="table_ext01" name="EXT01_variant_with_both_numeric_and_categorical_parameters"/>
    <testcase time="0.181000000000012" classname="table_ext01" name="EXT01_variant_with_both_numeric_and_categorical_parameters">
      <skipped message="Reason: On CRAN ('test-table_ext01.R:88:1')"/>
    </testcase>
    <testcase time="0.397999999999996" classname="table_ext01" name="EXT01_variant_with_user_specified_categories_for_missed_doses"/>
    <testcase time="0.224999999999994" classname="table_ext01" name="EXT01_variant_with_user_specified_categories_for_missed_doses">
      <skipped message="Reason: On CRAN ('test-table_ext01.R:132:1')"/>
    </testcase>
  </testsuite>
  <testsuite name="table_jnj_tbl1" timestamp="2026-03-23T14:17:15Z" hostname="3002ac95ca6e" tests="2" skipped="1" failures="0" errors="0" time="0.303">
    <testcase time="0.210000000000008" classname="table_jnj_tbl1" name="DMT01_variant_factor_with_only_Missing_values"/>
    <testcase time="0.0929999999999893" classname="table_jnj_tbl1" name="DMT01_variant_factor_with_only_Missing_values">
      <skipped message="Reason: On CRAN ('test-table_jnj_tbl1.R:38:1')"/>
    </testcase>
  </testsuite>
  <testsuite name="table_lbt01" timestamp="2026-03-23T14:17:16Z" hostname="3002ac95ca6e" tests="2" skipped="1" failures="0" errors="0" time="2.24">
    <testcase time="1.81999999999999" classname="table_lbt01" name="LBT01_default_variant_is_produced_correctly"/>
    <testcase time="0.420000000000016" classname="table_lbt01" name="LBT01_default_variant_is_produced_correctly">
      <skipped message="Reason: On CRAN ('test-table_lbt01.R:13:1')"/>
    </testcase>
  </testsuite>
  <testsuite name="table_lbt02" timestamp="2026-03-23T14:17:17Z" hostname="3002ac95ca6e" tests="2" skipped="1" failures="0" errors="0" time="1.325">
    <testcase time="0.929000000000002" classname="table_lbt02" name="LBT02_default_variant_is_produced_correctly"/>
    <testcase time="0.395999999999987" classname="table_lbt02" name="LBT02_default_variant_is_produced_correctly">
      <skipped message="Reason: On CRAN ('test-table_lbt02.R:6:1')"/>
    </testcase>
  </testsuite>
  <testsuite name="table_lbt03" timestamp="2026-03-23T14:17:19Z" hostname="3002ac95ca6e" tests="2" skipped="1" failures="0" errors="0" time="0.252">
    <testcase time="0.181000000000012" classname="table_lbt03" name="LBT03_default_variant_is_produced_correctly"/>
    <testcase time="0.070999999999998" classname="table_lbt03" name="LBT03_default_variant_is_produced_correctly">
      <skipped message="Reason: On CRAN ('test-table_lbt03.R:6:1')"/>
    </testcase>
  </testsuite>
  <testsuite name="table_lbt04" timestamp="2026-03-23T14:17:20Z" hostname="3002ac95ca6e" tests="2" skipped="1" failures="0" errors="0" time="1.456">
    <testcase time="1.31100000000001" classname="table_lbt04" name="LBT04_default_variant_is_produced_correctly"/>
    <testcase time="0.144999999999982" classname="table_lbt04" name="LBT04_default_variant_is_produced_correctly">
      <skipped message="Reason: On CRAN ('test-table_lbt04.R:16:1')"/>
    </testcase>
  </testsuite>
  <testsuite name="table_lbt05" timestamp="2026-03-23T14:17:21Z" hostname="3002ac95ca6e" tests="6" skipped="3" failures="0" errors="0" time="6.508">
    <testcase time="2.10900000000001" classname="table_lbt05" name="LBT05_variant_1_is_produced_correctly"/>
    <testcase time="0.301999999999992" classname="table_lbt05" name="LBT05_variant_1_is_produced_correctly">
      <skipped message="Reason: On CRAN ('test-table_lbt05.R:63:1')"/>
    </testcase>
    <testcase time="1.51400000000001" classname="table_lbt05" name="LBT05_variant_2_is_produced_correctly"/>
    <testcase time="0.400999999999982" classname="table_lbt05" name="LBT05_variant_2_is_produced_correctly">
      <skipped message="Reason: On CRAN ('test-table_lbt05.R:88:1')"/>
    </testcase>
    <testcase time="1.87" classname="table_lbt05" name="LBT05_variant_4_is_produced_correctly"/>
    <testcase time="0.312000000000012" classname="table_lbt05" name="LBT05_variant_4_is_produced_correctly">
      <skipped message="Reason: On CRAN ('test-table_lbt05.R:110:1')"/>
    </testcase>
  </testsuite>
  <testsuite name="table_lbt06" timestamp="2026-03-23T14:17:27Z" hostname="3002ac95ca6e" tests="2" skipped="1" failures="0" errors="0" time="0.508">
    <testcase time="0.371000000000009" classname="table_lbt06" name="LBT06_default_variant_is_produced_correctly"/>
    <testcase time="0.137" classname="table_lbt06" name="LBT06_default_variant_is_produced_correctly">
      <skipped message="Reason: On CRAN ('test-table_lbt06.R:7:1')"/>
    </testcase>
  </testsuite>
  <testsuite name="table_lbt07" timestamp="2026-03-23T14:17:28Z" hostname="3002ac95ca6e" tests="2" skipped="1" failures="0" errors="0" time="2.459">
    <testcase time="2.18899999999999" classname="table_lbt07" name="LBT07_is_produced_correctly"/>
    <testcase time="0.269999999999982" classname="table_lbt07" name="LBT07_is_produced_correctly">
      <skipped message="Reason: On CRAN ('test-table_lbt07.R:57:1')"/>
    </testcase>
  </testsuite>
  <testsuite name="table_lbt08" timestamp="2026-03-23T14:17:30Z" hostname="3002ac95ca6e" tests="2" skipped="1" failures="0" errors="0" time="0.394">
    <testcase time="0.308999999999997" classname="table_lbt08" name="LBT08_produce_correctly"/>
    <testcase time="0.085000000000008" classname="table_lbt08" name="LBT08_produce_correctly">
      <skipped message="Reason: On CRAN ('test-table_lbt08.R:19:1')"/>
    </testcase>
  </testsuite>
  <testsuite name="table_lbt09" timestamp="2026-03-23T14:17:30Z" hostname="3002ac95ca6e" tests="4" skipped="2" failures="0" errors="0" time="1.056">
    <testcase time="0.408000000000015" classname="table_lbt09" name="LBT09_variant_1_works_as_expected"/>
    <testcase time="0.137" classname="table_lbt09" name="LBT09_variant_1_works_as_expected">
[...]
    <testcase time="1.14200000000005" classname="tsfdth01" name="tsfdth01">
      <skipped message="Reason: On CRAN ('test-tsfdth01.R:1:1')"/>
    </testcase>
  </testsuite>
  <testsuite name="tsfecg01apart1" timestamp="2026-03-23T14:24:32Z" hostname="3002ac95ca6e" tests="1" skipped="1" failures="0" errors="0" time="4.198">
    <testcase time="4.19799999999998" classname="tsfecg01apart1" name="tsfecg01a">
      <skipped message="Reason: On CRAN ('test-tsfecg01apart1.R:1:1')"/>
    </testcase>
  </testsuite>
  <testsuite name="tsfecg01apart2" timestamp="2026-03-23T14:24:36Z" hostname="3002ac95ca6e" tests="1" skipped="1" failures="0" errors="0" time="4.247">
    <testcase time="4.24699999999996" classname="tsfecg01apart2" name="tsfecg01a">
      <skipped message="Reason: On CRAN ('test-tsfecg01apart2.R:1:1')"/>
    </testcase>
  </testsuite>
  <testsuite name="tsfecg01apart3" timestamp="2026-03-23T14:24:40Z" hostname="3002ac95ca6e" tests="1" skipped="1" failures="0" errors="0" time="4.254">
    <testcase time="4.25400000000002" classname="tsfecg01apart3" name="tsfecg01a">
      <skipped message="Reason: On CRAN ('test-tsfecg01apart3.R:1:1')"/>
    </testcase>
  </testsuite>
  <testsuite name="tsfecg01part1" timestamp="2026-03-23T14:24:45Z" hostname="3002ac95ca6e" tests="1" skipped="1" failures="0" errors="0" time="8.227">
    <testcase time="8.22699999999998" classname="tsfecg01part1" name="tsfecg01">
      <skipped message="Reason: On CRAN ('test-tsfecg01part1.R:1:1')"/>
    </testcase>
  </testsuite>
  <testsuite name="tsfecg01part2" timestamp="2026-03-23T14:24:53Z" hostname="3002ac95ca6e" tests="1" skipped="1" failures="0" errors="0" time="8.553">
    <testcase time="8.553" classname="tsfecg01part2" name="tsfecg01">
      <skipped message="Reason: On CRAN ('test-tsfecg01part2.R:1:1')"/>
    </testcase>
  </testsuite>
  <testsuite name="tsfecg02" timestamp="2026-03-23T14:25:01Z" hostname="3002ac95ca6e" tests="1" skipped="1" failures="0" errors="0" time="2.745">
    <testcase time="2.745" classname="tsfecg02" name="tsfecg02">
      <skipped message="Reason: On CRAN ('test-tsfecg02.R:1:1')"/>
    </testcase>
  </testsuite>
  <testsuite name="tsfecg03" timestamp="2026-03-23T14:25:04Z" hostname="3002ac95ca6e" tests="1" skipped="1" failures="0" errors="0" time="0.548">
    <testcase time="0.548000000000002" classname="tsfecg03" name="tsfecg03">
      <skipped message="Reason: On CRAN ('test-tsfecg03.R:1:1')"/>
    </testcase>
  </testsuite>
  <testsuite name="tsfecg04" timestamp="2026-03-23T14:25:05Z" hostname="3002ac95ca6e" tests="1" skipped="1" failures="0" errors="0" time="2.121">
    <testcase time="2.12100000000009" classname="tsfecg04" name="tsfecg04">
      <skipped message="Reason: On CRAN ('test-tsfecg04.R:1:1')"/>
    </testcase>
  </testsuite>
  <testsuite name="tsfecg05" timestamp="2026-03-23T14:25:07Z" hostname="3002ac95ca6e" tests="1" skipped="1" failures="0" errors="0" time="1.204">
    <testcase time="1.20399999999995" classname="tsfecg05" name="tsfecg05">
      <skipped message="Reason: On CRAN ('test-tsfecg05.R:1:1')"/>
    </testcase>
  </testsuite>
  <testsuite name="tsflab01apart1" timestamp="2026-03-23T14:25:08Z" hostname="3002ac95ca6e" tests="1" skipped="1" failures="0" errors="0" time="13.26">
    <testcase time="13.26" classname="tsflab01apart1" name="tsflab01a">
      <skipped message="Reason: On CRAN ('test-tsflab01apart1.R:1:1')"/>
    </testcase>
  </testsuite>
  <testsuite name="tsflab01apart2" timestamp="2026-03-23T14:25:21Z" hostname="3002ac95ca6e" tests="1" skipped="1" failures="0" errors="0" time="13.311">
    <testcase time="13.311" classname="tsflab01apart2" name="tsflab01a">
      <skipped message="Reason: On CRAN ('test-tsflab01apart2.R:1:1')"/>
    </testcase>
  </testsuite>
  <testsuite name="tsflab01apart3" timestamp="2026-03-23T14:25:35Z" hostname="3002ac95ca6e" tests="1" skipped="1" failures="0" errors="0" time="12.963">
    <testcase time="12.963" classname="tsflab01apart3" name="tsflab01a">
      <skipped message="Reason: On CRAN ('test-tsflab01apart3.R:1:1')"/>
    </testcase>
  </testsuite>
  <testsuite name="tsflab01part1" timestamp="2026-03-23T14:25:48Z" hostname="3002ac95ca6e" tests="1" skipped="1" failures="0" errors="0" time="5.544">
    <testcase time="5.54399999999998" classname="tsflab01part1" name="tsflab01">
      <skipped message="Reason: On CRAN ('test-tsflab01part1.R:1:1')"/>
    </testcase>
  </testsuite>
  <testsuite name="tsflab01part2" timestamp="2026-03-23T14:25:53Z" hostname="3002ac95ca6e" tests="1" skipped="1" failures="0" errors="0" time="5.498">
    <testcase time="5.49800000000005" classname="tsflab01part2" name="tsflab01">
      <skipped message="Reason: On CRAN ('test-tsflab01part2.R:1:1')"/>
    </testcase>
  </testsuite>
  <testsuite name="tsflab02" timestamp="2026-03-23T14:25:59Z" hostname="3002ac95ca6e" tests="1" skipped="1" failures="0" errors="0" time="0.979">
    <testcase time="0.978999999999928" classname="tsflab02" name="tsflab02">
      <skipped message="Reason: On CRAN ('test-tsflab02.R:1:1')"/>
    </testcase>
  </testsuite>
  <testsuite name="tsflab02a" timestamp="2026-03-23T14:26:00Z" hostname="3002ac95ca6e" tests="1" skipped="1" failures="0" errors="0" time="2.708">
    <testcase time="2.70800000000008" classname="tsflab02a" name="tsflab02a">
      <skipped message="Reason: On CRAN ('test-tsflab02a.R:1:1')"/>
    </testcase>
  </testsuite>
  <testsuite name="tsflab02b" timestamp="2026-03-23T14:26:02Z" hostname="3002ac95ca6e" tests="1" skipped="1" failures="0" errors="0" time="2.006">
    <testcase time="2.00599999999997" classname="tsflab02b" name="tsflab02b">
      <skipped message="Reason: On CRAN ('test-tsflab02b.R:1:1')"/>
    </testcase>
  </testsuite>
  <testsuite name="tsflab03" timestamp="2026-03-23T14:26:04Z" hostname="3002ac95ca6e" tests="1" skipped="1" failures="0" errors="0" time="3.088">
    <testcase time="3.08799999999997" classname="tsflab03" name="tsflab03">
      <skipped message="Reason: On CRAN ('test-tsflab03.R:1:1')"/>
    </testcase>
  </testsuite>
  <testsuite name="tsflab03a" timestamp="2026-03-23T14:26:07Z" hostname="3002ac95ca6e" tests="1" skipped="1" failures="0" errors="0" time="9.286">
    <testcase time="9.28600000000006" classname="tsflab03a" name="tsflab03a">
      <skipped message="Reason: On CRAN ('test-tsflab03a.R:1:1')"/>
    </testcase>
  </testsuite>
  <testsuite name="tsflab04a" timestamp="2026-03-23T14:26:17Z" hostname="3002ac95ca6e" tests="1" skipped="1" failures="0" errors="0" time="2.632">
    <testcase time="2.63199999999995" classname="tsflab04a" name="tsflab04a">
      <skipped message="Reason: On CRAN ('test-tsflab04a.R:1:1')"/>
    </testcase>
  </testsuite>
  <testsuite name="tsflab04b" timestamp="2026-03-23T14:26:19Z" hostname="3002ac95ca6e" tests="1" skipped="1" failures="0" errors="0" time="1.081">
    <testcase time="1.08100000000002" classname="tsflab04b" name="tsflab04b">
      <skipped message="Reason: On CRAN ('test-tsflab04b.R:1:1')"/>
    </testcase>
  </testsuite>
  <testsuite name="tsflab05" timestamp="2026-03-23T14:26:20Z" hostname="3002ac95ca6e" tests="1" skipped="1" failures="0" errors="0" time="2.898">
    <testcase time="2.89800000000002" classname="tsflab05" name="tsflab05">
      <skipped message="Reason: On CRAN ('test-tsflab05.R:1:1')"/>
    </testcase>
  </testsuite>
  <testsuite name="tsflab06" timestamp="2026-03-23T14:26:23Z" hostname="3002ac95ca6e" tests="1" skipped="1" failures="0" errors="0" time="3.084">
    <testcase time="3.08400000000006" classname="tsflab06" name="tsflab06">
      <skipped message="Reason: On CRAN ('test-tsflab06.R:1:1')"/>
    </testcase>
  </testsuite>
  <testsuite name="tsflab07" timestamp="2026-03-23T14:26:26Z" hostname="3002ac95ca6e" tests="1" skipped="1" failures="0" errors="0" time="16.194">
    <testcase time="16.194" classname="tsflab07" name="tsflab07">
      <skipped message="Reason: On CRAN ('test-tsflab07.R:1:1')"/>
    </testcase>
  </testsuite>
  <testsuite name="tsfvit01apart1" timestamp="2026-03-23T14:26:43Z" hostname="3002ac95ca6e" tests="1" skipped="1" failures="0" errors="0" time="6.396">
    <testcase time="6.39599999999996" classname="tsfvit01apart1" name="tsfvit01a">
      <skipped message="Reason: On CRAN ('test-tsfvit01apart1.R:1:1')"/>
    </testcase>
  </testsuite>
  <testsuite name="tsfvit01apart2" timestamp="2026-03-23T14:26:49Z" hostname="3002ac95ca6e" tests="1" skipped="1" failures="0" errors="0" time="6.473">
    <testcase time="6.47300000000007" classname="tsfvit01apart2" name="tsfvit01a">
      <skipped message="Reason: On CRAN ('test-tsfvit01apart2.R:1:1')"/>
    </testcase>
  </testsuite>
  <testsuite name="tsfvit01apart3" timestamp="2026-03-23T14:26:55Z" hostname="3002ac95ca6e" tests="1" skipped="1" failures="0" errors="0" time="6.393">
    <testcase time="6.39299999999992" classname="tsfvit01apart3" name="tsfvit01a">
      <skipped message="Reason: On CRAN ('test-tsfvit01apart3.R:1:1')"/>
    </testcase>
  </testsuite>
  <testsuite name="tsfvit01apart4" timestamp="2026-03-23T14:27:02Z" hostname="3002ac95ca6e" tests="1" skipped="1" failures="0" errors="0" time="6.229">
    <testcase time="6.22900000000004" classname="tsfvit01apart4" name="tsfvit01a">
      <skipped message="Reason: On CRAN ('test-tsfvit01apart4.R:1:1')"/>
    </testcase>
  </testsuite>
  <testsuite name="tsfvit01part1" timestamp="2026-03-23T14:27:08Z" hostname="3002ac95ca6e" tests="1" skipped="1" failures="0" errors="0" time="3.115">
    <testcase time="3.11500000000001" classname="tsfvit01part1" name="tsfvit01">
      <skipped message="Reason: On CRAN ('test-tsfvit01part1.R:1:1')"/>
    </testcase>
  </testsuite>
  <testsuite name="tsfvit01part2" timestamp="2026-03-23T14:27:11Z" hostname="3002ac95ca6e" tests="1" skipped="1" failures="0" errors="0" time="3.149">
    <testcase time="3.149" classname="tsfvit01part2" name="tsfvit01">
      <skipped message="Reason: On CRAN ('test-tsfvit01part2.R:1:1')"/>
    </testcase>
  </testsuite>
  <testsuite name="tsfvit01part3" timestamp="2026-03-23T14:27:14Z" hostname="3002ac95ca6e" tests="1" skipped="1" failures="0" errors="0" time="3.162">
    <testcase time="3.16200000000003" classname="tsfvit01part3" name="tsfvit01">
      <skipped message="Reason: On CRAN ('test-tsfvit01part3.R:1:1')"/>
    </testcase>
  </testsuite>
  <testsuite name="tsfvit01part4" timestamp="2026-03-23T14:27:17Z" hostname="3002ac95ca6e" tests="1" skipped="1" failures="0" errors="0" time="3.212">
    <testcase time="3.21199999999999" classname="tsfvit01part4" name="tsfvit01">
      <skipped message="Reason: On CRAN ('test-tsfvit01part4.R:1:1')"/>
    </testcase>
  </testsuite>
  <testsuite name="tsfvit02" timestamp="2026-03-23T14:27:21Z" hostname="3002ac95ca6e" tests="1" skipped="1" failures="0" errors="0" time="0.652">
    <testcase time="0.652000000000044" classname="tsfvit02" name="tsfvit02">
      <skipped message="Reason: On CRAN ('test-tsfvit02.R:1:1')"/>
    </testcase>
  </testsuite>
  <testsuite name="tsfvit03" timestamp="2026-03-23T14:27:21Z" hostname="3002ac95ca6e" tests="1" skipped="1" failures="0" errors="0" time="0.61">
    <testcase time="0.6099999999999" classname="tsfvit03" name="tsfvit03">
      <skipped message="Reason: On CRAN ('test-tsfvit03.R:1:1')"/>
    </testcase>
  </testsuite>
  <testsuite name="tsfvit04" timestamp="2026-03-23T14:27:22Z" hostname="3002ac95ca6e" tests="1" skipped="1" failures="0" errors="0" time="0.638">
    <testcase time="0.638000000000034" classname="tsfvit04" name="tsfvit04">
      <skipped message="Reason: On CRAN ('test-tsfvit04.R:1:1')"/>
    </testcase>
  </testsuite>
  <testsuite name="tsfvit05" timestamp="2026-03-23T14:27:23Z" hostname="3002ac95ca6e" tests="1" skipped="1" failures="0" errors="0" time="1.779">
    <testcase time="1.779" classname="tsfvit05" name="tsfvit05">
      <skipped message="Reason: On CRAN ('test-tsfvit05.R:1:1')"/>
    </testcase>
  </testsuite>
  <testsuite name="tsfvit06" timestamp="2026-03-23T14:27:24Z" hostname="3002ac95ca6e" tests="1" skipped="1" failures="0" errors="0" time="0.573">
    <testcase time="0.572999999999979" classname="tsfvit06" name="tsfvit06">
      <skipped message="Reason: On CRAN ('test-tsfvit06.R:1:1')"/>
    </testcase>
  </testsuite>
  <testsuite name="tsicm01" timestamp="2026-03-23T14:27:25Z" hostname="3002ac95ca6e" tests="1" skipped="1" failures="0" errors="0" time="5.321">
    <testcase time="5.32100000000003" classname="tsicm01" name="tsicm01">
      <skipped message="Reason: On CRAN ('test-tsicm01.R:1:1')"/>
    </testcase>
  </testsuite>
  <testsuite name="tsicm02" timestamp="2026-03-23T14:27:30Z" hostname="3002ac95ca6e" tests="1" skipped="1" failures="0" errors="0" time="4.784">
    <testcase time="4.78399999999999" classname="tsicm02" name="tsicm02">
      <skipped message="Reason: On CRAN ('test-tsicm02.R:1:1')"/>
    </testcase>
  </testsuite>
  <testsuite name="tsicm03" timestamp="2026-03-23T14:27:35Z" hostname="3002ac95ca6e" tests="1" skipped="1" failures="0" errors="0" time="3.802">
    <testcase time="3.80200000000002" classname="tsicm03" name="tsicm03">
      <skipped message="Reason: On CRAN ('test-tsicm03.R:1:1')"/>
    </testcase>
  </testsuite>
  <testsuite name="tsicm04" timestamp="2026-03-23T14:27:39Z" hostname="3002ac95ca6e" tests="1" skipped="1" failures="0" errors="0" time="3.865">
    <testcase time="3.86500000000001" classname="tsicm04" name="tsicm04">
      <skipped message="Reason: On CRAN ('test-tsicm04.R:1:1')"/>
    </testcase>
  </testsuite>
  <testsuite name="tsicm05" timestamp="2026-03-23T14:27:43Z" hostname="3002ac95ca6e" tests="1" skipped="1" failures="0" errors="0" time="6.282">
    <testcase time="6.28200000000004" classname="tsicm05" name="tsicm05">
      <skipped message="Reason: On CRAN ('test-tsicm05.R:1:1')"/>
    </testcase>
  </testsuite>
  <testsuite name="tsicm06" timestamp="2026-03-23T14:27:49Z" hostname="3002ac95ca6e" tests="1" skipped="1" failures="0" errors="0" time="6.336">
    <testcase time="6.3359999999999" classname="tsicm06" name="tsicm06">
      <skipped message="Reason: On CRAN ('test-tsicm06.R:1:1')"/>
    </testcase>
  </testsuite>
  <testsuite name="tsicm07" timestamp="2026-03-23T14:27:55Z" hostname="3002ac95ca6e" tests="1" skipped="1" failures="0" errors="0" time="0.641">
    <testcase time="0.641000000000076" classname="tsicm07" name="tsicm07">
      <skipped message="Reason: On CRAN ('test-tsicm07.R:1:1')"/>
    </testcase>
  </testsuite>
  <testsuite name="tsicm08" timestamp="2026-03-23T14:27:56Z" hostname="3002ac95ca6e" tests="1" skipped="1" failures="0" errors="0" time="0.627">
    <testcase time="0.626999999999953" classname="tsicm08" name="tsicm08">
      <skipped message="Reason: On CRAN ('test-tsicm08.R:1:1')"/>
    </testcase>
  </testsuite>
  <testsuite name="tsidem01" timestamp="2026-03-23T14:27:57Z" hostname="3002ac95ca6e" tests="1" skipped="1" failures="0" errors="0" time="2.21">
    <testcase time="2.21000000000004" classname="tsidem01" name="tsidem01">
      <skipped message="Reason: On CRAN ('test-tsidem01.R:1:1')"/>
    </testcase>
  </testsuite>
  <testsuite name="tsidem02" timestamp="2026-03-23T14:27:59Z" hostname="3002ac95ca6e" tests="1" skipped="1" failures="0" errors="0" time="0.721">
    <testcase time="0.721000000000004" classname="tsidem02" name="tsidem02">
      <skipped message="Reason: On CRAN ('test-tsidem02.R:1:1')"/>
    </testcase>
  </testsuite>
  <testsuite name="tsids01" timestamp="2026-03-23T14:28:00Z" hostname="3002ac95ca6e" tests="1" skipped="1" failures="0" errors="0" time="0.383">
    <testcase time="0.383000000000038" classname="tsids01" name="tsids01">
      <skipped message="Reason: On CRAN ('test-tsids01.R:1:1')"/>
    </testcase>
  </testsuite>
  <testsuite name="tsids02" timestamp="2026-03-23T14:28:00Z" hostname="3002ac95ca6e" tests="1" skipped="1" failures="0" errors="0" time="1.66">
    <testcase time="1.65999999999997" classname="tsids02" name="tsids02">
      <skipped message="Reason: On CRAN ('test-tsids02.R:1:1')"/>
    </testcase>
  </testsuite>
  <testsuite name="tsids02a" timestamp="2026-03-23T14:28:02Z" hostname="3002ac95ca6e" tests="1" skipped="1" failures="0" errors="0" time="6.841">
    <testcase time="6.84100000000001" classname="tsids02a" name="tsids02a">
      <skipped message="Reason: On CRAN ('test-tsids02a.R:1:1')"/>
    </testcase>
  </testsuite>
  <testsuite name="tsiex01" timestamp="2026-03-23T14:28:08Z" hostname="3002ac95ca6e" tests="1" skipped="1" failures="0" errors="0" time="1.356">
    <testcase time="1.35599999999999" classname="tsiex01" name="tsiex01">
      <skipped message="Reason: On CRAN ('test-tsiex01.R:1:1')"/>
    </testcase>
  </testsuite>
  <testsuite name="tsiex02" timestamp="2026-03-23T14:28:10Z" hostname="3002ac95ca6e" tests="1" skipped="1" failures="0" errors="0" time="1.251">
    <testcase time="1.25099999999998" classname="tsiex02" name="tsiex02">
      <skipped message="Reason: On CRAN ('test-tsiex02.R:1:1')"/>
    </testcase>
  </testsuite>
  <testsuite name="tsiex03" timestamp="2026-03-23T14:28:11Z" hostname="3002ac95ca6e" tests="1" skipped="1" failures="0" errors="0" time="0.989">
    <testcase time="0.989000000000033" classname="tsiex03" name="tsiex03">
      <skipped message="Reason: On CRAN ('test-tsiex03.R:1:1')"/>
    </testcase>
  </testsuite>
  <testsuite name="tsiex04" timestamp="2026-03-23T14:28:12Z" hostname="3002ac95ca6e" tests="1" skipped="1" failures="0" errors="0" time="0.793">
    <testcase time="0.793000000000006" classname="tsiex04" name="tsiex04">
      <skipped message="Reason: On CRAN ('test-tsiex04.R:1:1')"/>
    </testcase>
  </testsuite>
  <testsuite name="tsiex06" timestamp="2026-03-23T14:28:13Z" hostname="3002ac95ca6e" tests="1" skipped="1" failures="0" errors="0" time="0.381">
    <testcase time="0.380999999999972" classname="tsiex06" name="tsiex06">
      <skipped message="Reason: On CRAN ('test-tsiex06.R:1:1')"/>
    </testcase>
  </testsuite>
  <testsuite name="tsiex07" timestamp="2026-03-23T14:28:13Z" hostname="3002ac95ca6e" tests="1" skipped="1" failures="0" errors="0" time="0.525">
    <testcase time="0.524999999999977" classname="tsiex07" name="tsiex07">
      <skipped message="Reason: On CRAN ('test-tsiex07.R:1:1')"/>
    </testcase>
  </testsuite>
  <testsuite name="tsiex08" timestamp="2026-03-23T14:28:14Z" hostname="3002ac95ca6e" tests="1" skipped="1" failures="0" errors="0" time="1.183">
    <testcase time="1.18299999999999" classname="tsiex08" name="tsiex08">
      <skipped message="Reason: On CRAN ('test-tsiex08.R:1:1')"/>
    </testcase>
  </testsuite>
  <testsuite name="tsiex09" timestamp="2026-03-23T14:28:15Z" hostname="3002ac95ca6e" tests="1" skipped="1" failures="0" errors="0" time="0.567">
    <testcase time="0.567000000000007" classname="tsiex09" name="tsiex09">
      <skipped message="Reason: On CRAN ('test-tsiex09.R:1:1')"/>
    </testcase>
  </testsuite>
  <testsuite name="tsiex10" timestamp="2026-03-23T14:28:15Z" hostname="3002ac95ca6e" tests="1" skipped="1" failures="0" errors="0" time="0.541">
    <testcase time="0.541000000000054" classname="tsiex10" name="tsiex10">
      <skipped message="Reason: On CRAN ('test-tsiex10.R:1:1')"/>
    </testcase>
  </testsuite>
  <testsuite name="tsiex11" timestamp="2026-03-23T14:28:16Z" hostname="3002ac95ca6e" tests="1" skipped="1" failures="0" errors="0" time="2.958">
    <testcase time="2.95799999999997" classname="tsiex11" name="tsiex11">
      <skipped message="Reason: On CRAN ('test-tsiex11.R:1:1')"/>
    </testcase>
  </testsuite>
  <testsuite name="tsimh01" timestamp="2026-03-23T14:28:19Z" hostname="3002ac95ca6e" tests="1" skipped="1" failures="0" errors="0" time="1.057">
    <testcase time="1.05700000000002" classname="tsimh01" name="tsimh01">
      <skipped message="Reason: On CRAN ('test-tsimh01.R:1:1')"/>
    </testcase>
  </testsuite>
</testsuites>
