<?xml version="1.0" encoding="UTF-8"?>
<testsuites>
  <testsuite name="char-support" timestamp="2025-12-30T13:46:57Z" hostname="57a89dd7f7e7" tests="6" skipped="0" failures="0" errors="0" time="3.258">
    <testcase time="1.075" classname="char_support" name="CRITDIR_is_factor_and_one_PARAMCD_is_not_available_on_all_AVISITS"/>
    <testcase time="0.349" classname="char_support" name="CRITDIR_is_factor_and_one_PARAMCD_is_not_available_on_all_AVISITS"/>
    <testcase time="0.587999999999999" classname="char_support" name="CRITDIR_is_not_factor_and_all_PARAMCD_available_on_all_AVISITS"/>
    <testcase time="0.375" classname="char_support" name="CRITDIR_is_not_factor_and_all_PARAMCD_available_on_all_AVISITS"/>
    <testcase time="0.593" classname="char_support" name="CRITDIR_is_not_factor_and_one_PARAMCD_is_not_available_on_all_AVISITS"/>
    <testcase time="0.278" classname="char_support" name="CRITDIR_is_not_factor_and_one_PARAMCD_is_not_available_on_all_AVISITS"/>
  </testsuite>
  <testsuite name="listing_adal02" timestamp="2025-12-30T13:47:01Z" hostname="57a89dd7f7e7" tests="1" skipped="0" failures="0" errors="0" time="0.166">
    <testcase time="0.166" classname="listing_adal02" name="ADAL02_listing_is_produced_correctly"/>
  </testsuite>
  <testsuite name="listing_ael01" timestamp="2025-12-30T13:47:01Z" hostname="57a89dd7f7e7" tests="1" skipped="0" failures="0" errors="0" time="0.119">
    <testcase time="0.119" classname="listing_ael01" name="AEL01_listing_is_produced_correctly"/>
  </testsuite>
  <testsuite name="listing_ael01_nollt" timestamp="2025-12-30T13:47:01Z" hostname="57a89dd7f7e7" tests="1" skipped="0" failures="0" errors="0" time="0.048">
    <testcase time="0.048" classname="listing_ael01_nollt" name="AEL01_NOLLT_listing_is_produced_correctly"/>
  </testsuite>
  <testsuite name="listing_ael02" timestamp="2025-12-30T13:47:01Z" hostname="57a89dd7f7e7" tests="1" skipped="0" failures="0" errors="0" time="0.267">
    <testcase time="0.266999999999999" classname="listing_ael02" name="AEL02_listing_is_produced_correctly"/>
  </testsuite>
  <testsuite name="listing_ael02_ed" timestamp="2025-12-30T13:47:01Z" hostname="57a89dd7f7e7" tests="1" skipped="0" failures="0" errors="0" time="0.32">
    <testcase time="0.32" classname="listing_ael02_ed" name="AEL02_ED_listing_is_produced_correctly"/>
  </testsuite>
  <testsuite name="listing_ael03" timestamp="2025-12-30T13:47:02Z" hostname="57a89dd7f7e7" tests="1" skipped="0" failures="0" errors="0" time="0.26">
    <testcase time="0.26" classname="listing_ael03" name="AEL03_listing_is_produced_correctly"/>
  </testsuite>
  <testsuite name="listing_ael04" timestamp="2025-12-30T13:47:02Z" hostname="57a89dd7f7e7" tests="1" skipped="0" failures="0" errors="0" time="0.185">
    <testcase time="0.185" classname="listing_ael04" name="AEL04_listing_is_produced_correctly"/>
  </testsuite>
  <testsuite name="listing_cml01" timestamp="2025-12-30T13:47:02Z" hostname="57a89dd7f7e7" tests="1" skipped="0" failures="0" errors="0" time="0.312">
    <testcase time="0.311999999999999" classname="listing_cml01" name="CML01_listing_is_produced_correctly"/>
  </testsuite>
  <testsuite name="listing_cml02a_gl" timestamp="2025-12-30T13:47:02Z" hostname="57a89dd7f7e7" tests="1" skipped="0" failures="0" errors="0" time="0.105">
    <testcase time="0.105" classname="listing_cml02a_gl" name="CML02A_GL_listing_is_produced_correctly"/>
  </testsuite>
  <testsuite name="listing_cml02b_gl" timestamp="2025-12-30T13:47:02Z" hostname="57a89dd7f7e7" tests="1" skipped="0" failures="0" errors="0" time="0.154">
    <testcase time="0.154" classname="listing_cml02b_gl" name="CML02B_GL_listing_is_produced_correctly"/>
  </testsuite>
  <testsuite name="listing_dsl01" timestamp="2025-12-30T13:47:03Z" hostname="57a89dd7f7e7" tests="1" skipped="0" failures="0" errors="0" time="0.152">
    <testcase time="0.152000000000001" classname="listing_dsl01" name="DSL01_listing_is_produced_correctly"/>
  </testsuite>
  <testsuite name="listing_dsl02" timestamp="2025-12-30T13:47:03Z" hostname="57a89dd7f7e7" tests="1" skipped="0" failures="0" errors="0" time="0.066">
    <testcase time="0.0659999999999989" classname="listing_dsl02" name="DSL02_listing_is_produced_correctly"/>
  </testsuite>
  <testsuite name="listing_dsur4" timestamp="2025-12-30T13:47:03Z" hostname="57a89dd7f7e7" tests="1" skipped="0" failures="0" errors="0" time="0.087">
    <testcase time="0.0869999999999997" classname="listing_dsur4" name="DSUR4_listing_is_produced_correctly"/>
  </testsuite>
  <testsuite name="listing_egl01" timestamp="2025-12-30T13:47:03Z" hostname="57a89dd7f7e7" tests="1" skipped="0" failures="0" errors="0" time="0.412">
    <testcase time="0.412000000000001" classname="listing_egl01" name="EGL01_listing_is_produced_correctly"/>
  </testsuite>
  <testsuite name="listing_exl01" timestamp="2025-12-30T13:47:03Z" hostname="57a89dd7f7e7" tests="1" skipped="0" failures="0" errors="0" time="0.205">
    <testcase time="0.205" classname="listing_exl01" name="EXL01_listing_is_produced_correctly"/>
  </testsuite>
  <testsuite name="listing_lbl01" timestamp="2025-12-30T13:47:03Z" hostname="57a89dd7f7e7" tests="1" skipped="0" failures="0" errors="0" time="0.518">
    <testcase time="0.517999999999999" classname="listing_lbl01" name="LBL01_listing_is_produced_correctly"/>
  </testsuite>
  <testsuite name="listing_lbl01_rls" timestamp="2025-12-30T13:47:04Z" hostname="57a89dd7f7e7" tests="1" skipped="0" failures="0" errors="0" time="0.5">
    <testcase time="0.5" classname="listing_lbl01_rls" name="LBL01_RLS_listing_is_produced_correctly"/>
  </testsuite>
  <testsuite name="listing_lbl02a" timestamp="2025-12-30T13:47:05Z" hostname="57a89dd7f7e7" tests="1" skipped="0" failures="0" errors="0" time="0.234">
    <testcase time="0.234" classname="listing_lbl02a" name="LBL02A_listing_is_produced_correctly"/>
  </testsuite>
  <testsuite name="listing_lbl02a_rls" timestamp="2025-12-30T13:47:05Z" hostname="57a89dd7f7e7" tests="1" skipped="0" failures="0" errors="0" time="0.73">
    <testcase time="0.730000000000002" classname="listing_lbl02a_rls" name="LBL02A_RLS_listing_is_produced_correctly"/>
  </testsuite>
  <testsuite name="listing_lbl02b" timestamp="2025-12-30T13:47:05Z" hostname="57a89dd7f7e7" tests="1" skipped="0" failures="0" errors="0" time="0.236">
    <testcase time="0.235999999999997" classname="listing_lbl02b" name="LBL02B_listing_is_produced_correctly"/>
  </testsuite>
  <testsuite name="listing_mhl01" timestamp="2025-12-30T13:47:06Z" hostname="57a89dd7f7e7" tests="1" skipped="0" failures="0" errors="0" time="0.233">
    <testcase time="0.233000000000001" classname="listing_mhl01" name="MHL01_listing_is_produced_correctly"/>
  </testsuite>
  <testsuite name="listing_oncl01" timestamp="2025-12-30T13:47:06Z" hostname="57a89dd7f7e7" tests="1" skipped="0" failures="0" errors="0" time="0.199">
    <testcase time="0.199000000000002" classname="listing_oncl01" name="ONCL01_listing_is_produced_correctly"/>
  </testsuite>
  <testsuite name="listing_pkcl01" timestamp="2025-12-30T13:47:06Z" hostname="57a89dd7f7e7" tests="2" skipped="0" failures="0" errors="0" time="0.473">
    <testcase time="0.163999999999998" classname="listing_pkcl01" name="PKCL01_listing_is_produced_correctly"/>
    <testcase time="0.309000000000001" classname="listing_pkcl01" name="PKCL01_listing_key_columns_values_are_repeated_when_entries_span_multiple_pages"/>
  </testsuite>
  <testsuite name="listing_pkcl02" timestamp="2025-12-30T13:47:07Z" hostname="57a89dd7f7e7" tests="1" skipped="0" failures="0" errors="0" time="0.188">
    <testcase time="0.187999999999999" classname="listing_pkcl02" name="PKCL02_listing_is_produced_correctly"/>
  </testsuite>
  <testsuite name="listing_pkpl01" timestamp="2025-12-30T13:47:07Z" hostname="57a89dd7f7e7" tests="1" skipped="0" failures="0" errors="0" time="0.192">
    <testcase time="0.192" classname="listing_pkpl01" name="PKPL01_listing_is_produced_correctly"/>
  </testsuite>
  <testsuite name="listing_pkpl02" timestamp="2025-12-30T13:47:07Z" hostname="57a89dd7f7e7" tests="1" skipped="0" failures="0" errors="0" time="0.115">
    <testcase time="0.115000000000002" classname="listing_pkpl02" name="PKPL02_listing_is_produced_correctly"/>
  </testsuite>
  <testsuite name="listing_pkpl04" timestamp="2025-12-30T13:47:07Z" hostname="57a89dd7f7e7" tests="1" skipped="0" failures="0" errors="0" time="0.185">
    <testcase time="0.184999999999999" classname="listing_pkpl04" name="PKPL04_listing_is_produced_correctly"/>
  </testsuite>
  <testsuite name="listing_vsl01" timestamp="2025-12-30T13:47:07Z" hostname="57a89dd7f7e7" tests="1" skipped="0" failures="0" errors="0" time="0.397">
    <testcase time="0.397000000000002" classname="listing_vsl01" name="VSL01_listing_is_produced_correctly"/>
  </testsuite>
  <testsuite name="lsfae01" timestamp="2025-12-30T13:47:08Z" hostname="57a89dd7f7e7" tests="1" skipped="0" failures="0" errors="1" time="0.018">
    <testcase time="0.0179999999999971" classname="lsfae01" name="lsfae01">
      <error type="error" message="&lt;packageNotFoundError/error/condition&gt; ('test-lsfae01.R:2:3')">&lt;packageNotFoundError/error/condition&gt;
Error in `library(envsetup)`: there is no package called 'envsetup'
Backtrace:
     x
  1. +-testthat::expect_snapshot_file(...) at test-lsfae01.R:2:3
  2. | \-testthat:::check_string(path)
  3. |   \-testthat:::.rlang_check_is_string(...)
  4. |     \-rlang::is_string(x)
  5. +-scda.test:::write_test_rtf_for("lsfae01.R")
  6. | \-base::source(ipath) at ./helper.R:20:3
  7. |   +-base::withVisible(eval(ei, envir))
  8. |   \-base::eval(ei, envir)
  9. |     \-base::eval(ei, envir)
 10. \-base::library(envsetup)</error>
    </testcase>
  </testsuite>
  <testsuite name="lsfae02" timestamp="2025-12-30T13:47:08Z" hostname="57a89dd7f7e7" tests="1" skipped="0" failures="0" errors="1" time="0.041">
    <testcase time="0.0410000000000004" classname="lsfae02" name="lsfae02">
      <error type="error" message="&lt;packageNotFoundError/error/condition&gt; ('test-lsfae02.R:2:3')">&lt;packageNotFoundError/error/condition&gt;
Error in `library(envsetup)`: there is no package called 'envsetup'
Backtrace:
     x
  1. +-testthat::expect_snapshot_file(...) at test-lsfae02.R:2:3
  2. | \-testthat:::check_string(path)
  3. |   \-testthat:::.rlang_check_is_string(...)
  4. |     \-rlang::is_string(x)
  5. +-scda.test:::write_test_rtf_for("lsfae02.R")
  6. | \-base::source(ipath) at ./helper.R:20:3
  7. |   +-base::withVisible(eval(ei, envir))
  8. |   \-base::eval(ei, envir)
  9. |     \-base::eval(ei, envir)
 10. \-base::library(envsetup)</error>
    </testcase>
  </testsuite>
  <testsuite name="lsfae03" timestamp="2025-12-30T13:47:08Z" hostname="57a89dd7f7e7" tests="1" skipped="0" failures="0" errors="1" time="0.035">
    <testcase time="0.0350000000000001" classname="lsfae03" name="lsfae03">
      <error type="error" message="&lt;packageNotFoundError/error/condition&gt; ('test-lsfae03.R:2:3')">&lt;packageNotFoundError/error/condition&gt;
Error in `library(envsetup)`: there is no package called 'envsetup'
Backtrace:
     x
  1. +-testthat::expect_snapshot_file(...) at test-lsfae03.R:2:3
  2. | \-testthat:::check_string(path)
  3. |   \-testthat:::.rlang_check_is_string(...)
  4. |     \-rlang::is_string(x)
  5. +-scda.test:::write_test_rtf_for("lsfae03.R")
  6. | \-base::source(ipath) at ./helper.R:20:3
  7. |   +-base::withVisible(eval(ei, envir))
  8. |   \-base::eval(ei, envir)
  9. |     \-base::eval(ei, envir)
 10. \-base::library(envsetup)</error>
    </testcase>
  </testsuite>
  <testsuite name="lsfae04" timestamp="2025-12-30T13:47:08Z" hostname="57a89dd7f7e7" tests="1" skipped="0" failures="0" errors="1" time="0.04">
    <testcase time="0.0400000000000027" classname="lsfae04" name="lsfae04">
      <error type="error" message="&lt;packageNotFoundError/error/condition&gt; ('test-lsfae04.R:2:3')">&lt;packageNotFoundError/error/condition&gt;
Error in `library(envsetup)`: there is no package called 'envsetup'
Backtrace:
     x
  1. +-testthat::expect_snapshot_file(...) at test-lsfae04.R:2:3
  2. | \-testthat:::check_string(path)
  3. |   \-testthat:::.rlang_check_is_string(...)
  4. |     \-rlang::is_string(x)
  5. +-scda.test:::write_test_rtf_for("lsfae04.R")
  6. | \-base::source(ipath) at ./helper.R:20:3
  7. |   +-base::withVisible(eval(ei, envir))
  8. |   \-base::eval(ei, envir)
  9. |     \-base::eval(ei, envir)
 10. \-base::library(envsetup)</error>
    </testcase>
  </testsuite>
  <testsuite name="lsfae05" timestamp="2025-12-30T13:47:08Z" hostname="57a89dd7f7e7" tests="1" skipped="0" failures="0" errors="1" time="0.029">
    <testcase time="0.0289999999999999" classname="lsfae05" name="lsfae05">
      <error type="error" message="&lt;packageNotFoundError/error/condition&gt; ('test-lsfae05.R:2:3')">&lt;packageNotFoundError/error/condition&gt;
Error in `library(envsetup)`: there is no package called 'envsetup'
Backtrace:
     x
  1. +-testthat::expect_snapshot_file(...) at test-lsfae05.R:2:3
  2. | \-testthat:::check_string(path)
  3. |   \-testthat:::.rlang_check_is_string(...)
  4. |     \-rlang::is_string(x)
  5. +-scda.test:::write_test_rtf_for("lsfae05.R")
  6. | \-base::source(ipath) at ./helper.R:20:3
  7. |   +-base::withVisible(eval(ei, envir))
  8. |   \-base::eval(ei, envir)
  9. |     \-base::eval(ei, envir)
 10. \-base::library(envsetup)</error>
    </testcase>
  </testsuite>
  <testsuite name="lsfae06a" timestamp="2025-12-30T13:47:08Z" hostname="57a89dd7f7e7" tests="1" skipped="0" failures="0" errors="1" time="0.029">
    <testcase time="0.0289999999999999" classname="lsfae06a" name="lsfae06a">
      <error type="error" message="&lt;packageNotFoundError/error/condition&gt; ('test-lsfae06a.R:2:3')">&lt;packageNotFoundError/error/condition&gt;
Error in `library(envsetup)`: there is no package called 'envsetup'
Backtrace:
     x
  1. +-testthat::expect_snapshot_file(...) at test-lsfae06a.R:2:3
  2. | \-testthat:::check_string(path)
  3. |   \-testthat:::.rlang_check_is_string(...)
  4. |     \-rlang::is_string(x)
  5. +-scda.test:::write_test_rtf_for("lsfae06a.R")
  6. | \-base::source(ipath) at ./helper.R:20:3
  7. |   +-base::withVisible(eval(ei, envir))
  8. |   \-base::eval(ei, envir)
  9. |     \-base::eval(ei, envir)
 10. \-base::library(envsetup)</error>
    </testcase>
  </testsuite>
  <testsuite name="lsfae06b" timestamp="2025-12-30T13:47:08Z" hostname="57a89dd7f7e7" tests="1" skipped="0" failures="0" errors="1" time="0.029">
    <testcase time="0.0289999999999999" classname="lsfae06b" name="lsfae06b">
      <error type="error" message="&lt;packageNotFoundError/error/condition&gt; ('test-lsfae06b.R:2:3')">&lt;packageNotFoundError/error/condition&gt;
Error in `library(envsetup)`: there is no package called 'envsetup'
Backtrace:
     x
  1. +-testthat::expect_snapshot_file(...) at test-lsfae06b.R:2:3
  2. | \-testthat:::check_string(path)
  3. |   \-testthat:::.rlang_check_is_string(...)
  4. |     \-rlang::is_string(x)
  5. +-scda.test:::write_test_rtf_for("lsfae06b.R")
  6. | \-base::source(ipath) at ./helper.R:20:3
  7. |   +-base::withVisible(eval(ei, envir))
  8. |   \-base::eval(ei, envir)
  9. |     \-base::eval(ei, envir)
 10. \-base::library(envsetup)</error>
    </testcase>
  </testsuite>
  <testsuite name="lsfdth01" timestamp="2025-12-30T13:47:08Z" hostname="57a89dd7f7e7" tests="1" skipped="0" failures="0" errors="1" time="0.028">
    <testcase time="0.0279999999999987" classname="lsfdth01" name="lsfdth01">
      <error type="error" message="&lt;packageNotFoundError/error/condition&gt; ('test-lsfdth01.R:2:3')">&lt;packageNotFoundError/error/condition&gt;
Error in `library(envsetup)`: there is no package called 'envsetup'
Backtrace:
     x
  1. +-testthat::expect_snapshot_file(...) at test-lsfdth01.R:2:3
  2. | \-testthat:::check_string(path)
  3. |   \-testthat:::.rlang_check_is_string(...)
  4. |     \-rlang::is_string(x)
  5. +-scda.test:::write_test_rtf_for("lsfdth01.R")
  6. | \-base::source(ipath) at ./helper.R:20:3
  7. |   +-base::withVisible(eval(ei, envir))
  8. |   \-base::eval(ei, envir)
  9. |     \-base::eval(ei, envir)
 10. \-base::library(envsetup)</error>
    </testcase>
  </testsuite>
  <testsuite name="lsfecg01" timestamp="2025-12-30T13:47:08Z" hostname="57a89dd7f7e7" tests="1" skipped="0" failures="0" errors="1" time="0.029">
    <testcase time="0.0289999999999999" classname="lsfecg01" name="lsfecg01">
      <error type="error" message="&lt;packageNotFoundError/error/condition&gt; ('test-lsfecg01.R:2:3')">&lt;packageNotFoundError/error/condition&gt;
Error in `library(envsetup)`: there is no package called 'envsetup'
Backtrace:
     x
  1. +-testthat::expect_snapshot_file(...) at test-lsfecg01.R:2:3
  2. | \-testthat:::check_string(path)
  3. |   \-testthat:::.rlang_check_is_string(...)
  4. |     \-rlang::is_string(x)
  5. +-scda.test:::write_test_rtf_for("lsfecg01.R")
  6. | \-base::source(ipath) at ./helper.R:20:3
  7. |   +-base::withVisible(eval(ei, envir))
  8. |   \-base::eval(ei, envir)
  9. |     \-base::eval(ei, envir)
 10. \-base::library(envsetup)</error>
    </testcase>
  </testsuite>
  <testsuite name="lsfecg02part1" timestamp="2025-12-30T13:47:08Z" hostname="57a89dd7f7e7" tests="1" skipped="0" failures="0" errors="1" time="0.029">
    <testcase time="0.0289999999999999" classname="lsfecg02part1" name="lsfecg02part1of3">
      <error type="error" message="&lt;packageNotFoundError/error/condition&gt; ('test-lsfecg02part1.R:2:3')">&lt;packageNotFoundError/error/condition&gt;
Error in `library(envsetup)`: there is no package called 'envsetup'
Backtrace:
     x
  1. +-testthat::expect_snapshot_file(...) at test-lsfecg02part1.R:2:3
  2. | \-testthat:::check_string(path)
  3. |   \-testthat:::.rlang_check_is_string(...)
  4. |     \-rlang::is_string(x)
  5. +-scda.test:::write_test_rtf_for("lsfecg02.R", part_num = 1, total_parts = 3)
  6. | \-base::source(ipath) at ./helper.R:20:3
  7. |   +-base::withVisible(eval(ei, envir))
  8. |   \-base::eval(ei, envir)
  9. |     \-base::eval(ei, envir)
 10. \-base::library(envsetup)</error>
    </testcase>
  </testsuite>
  <testsuite name="lsfecg02part2" timestamp="2025-12-30T13:47:08Z" hostname="57a89dd7f7e7" tests="1" skipped="0" failures="0" errors="1" time="0.039">
    <testcase time="0.0390000000000015" classname="lsfecg02part2" name="lsfecg02part2of3">
      <error type="error" message="&lt;packageNotFoundError/error/condition&gt; ('test-lsfecg02part2.R:2:3')">&lt;packageNotFoundError/error/condition&gt;
Error in `library(envsetup)`: there is no package called 'envsetup'
Backtrace:
     x
  1. +-testthat::expect_snapshot_file(...) at test-lsfecg02part2.R:2:3
  2. | \-testthat:::check_string(path)
  3. |   \-testthat:::.rlang_check_is_string(...)
  4. |     \-rlang::is_string(x)
  5. +-scda.test:::write_test_rtf_for("lsfecg02.R", part_num = 2, total_parts = 3)
  6. | \-base::source(ipath) at ./helper.R:20:3
  7. |   +-base::withVisible(eval(ei, envir))
  8. |   \-base::eval(ei, envir)
  9. |     \-base::eval(ei, envir)
 10. \-base::library(envsetup)</error>
    </testcase>
  </testsuite>
  <testsuite name="lsfecg02part3" timestamp="2025-12-30T13:47:08Z" hostname="57a89dd7f7e7" tests="1" skipped="0" failures="0" errors="1" time="0.03">
    <testcase time="0.0299999999999976" classname="lsfecg02part3" name="lsfecg02part3of3">
      <error type="error" message="&lt;packageNotFoundError/error/condition&gt; ('test-lsfecg02part3.R:2:3')">&lt;packageNotFoundError/error/condition&gt;
Error in `library(envsetup)`: there is no package called 'envsetup'
Backtrace:
     x
  1. +-testthat::expect_snapshot_file(...) at test-lsfecg02part3.R:2:3
  2. | \-testthat:::check_string(path)
  3. |   \-testthat:::.rlang_check_is_string(...)
  4. |     \-rlang::is_string(x)
  5. +-scda.test:::write_test_rtf_for("lsfecg02.R", part_num = 3, total_parts = 3)
  6. | \-base::source(ipath) at ./helper.R:20:3
  7. |   +-base::withVisible(eval(ei, envir))
  8. |   \-base::eval(ei, envir)
  9. |     \-base::eval(ei, envir)
 10. \-base::library(envsetup)</error>
    </testcase>
  </testsuite>
  <testsuite name="lsflab01" timestamp="2025-12-30T13:47:08Z" hostname="57a89dd7f7e7" tests="1" skipped="0" failures="0" errors="1" time="0.029">
    <testcase time="0.0289999999999999" classname="lsflab01" name="lsflab01">
      <error type="error" message="&lt;packageNotFoundError/error/condition&gt; ('test-lsflab01.R:2:3')">&lt;packageNotFoundError/error/condition&gt;
Error in `library(envsetup)`: there is no package called 'envsetup'
Backtrace:
     x
  1. +-testthat::expect_snapshot_file(...) at test-lsflab01.R:2:3
  2. | \-testthat:::check_string(path)
  3. |   \-testthat:::.rlang_check_is_string(...)
  4. |     \-rlang::is_string(x)
  5. +-scda.test:::write_test_rtf_for("lsflab01.R")
  6. | \-base::source(ipath) at ./helper.R:20:3
  7. |   +-base::withVisible(eval(ei, envir))
  8. |   \-base::eval(ei, envir)
  9. |     \-base::eval(ei, envir)
 10. \-base::library(envsetup)</error>
    </testcase>
  </testsuite>
  <testsuite name="lsfvit01" timestamp="2025-12-30T13:47:08Z" hostname="57a89dd7f7e7" tests="1" skipped="0" failures="0" errors="1" time="0.029">
    <testcase time="0.0289999999999999" classname="lsfvit01" name="lsfvit01">
      <error type="error" message="&lt;packageNotFoundError/error/condition&gt; ('test-lsfvit01.R:2:3')">&lt;packageNotFoundError/error/condition&gt;
Error in `library(envsetup)`: there is no package called 'envsetup'
Backtrace:
     x
  1. +-testthat::expect_snapshot_file(...) at test-lsfvit01.R:2:3
  2. | \-testthat:::check_string(path)
  3. |   \-testthat:::.rlang_check_is_string(...)
  4. |     \-rlang::is_string(x)
  5. +-scda.test:::write_test_rtf_for("lsfvit01.R")
  6. | \-base::source(ipath) at ./helper.R:20:3
  7. |   +-base::withVisible(eval(ei, envir))
  8. |   \-base::eval(ei, envir)
  9. |     \-base::eval(ei, envir)
 10. \-base::library(envsetup)</error>
    </testcase>
  </testsuite>
  <testsuite name="lsfvit02" timestamp="2025-12-30T13:47:08Z" hostname="57a89dd7f7e7" tests="1" skipped="0" failures="0" errors="1" time="0.029">
    <testcase time="0.0289999999999999" classname="lsfvit02" name="lsfvit02">
      <error type="error" message="&lt;packageNotFoundError/error/condition&gt; ('test-lsfvit02.R:2:3')">&lt;packageNotFoundError/error/condition&gt;
Error in `library(envsetup)`: there is no package called 'envsetup'
Backtrace:
     x
  1. +-testthat::expect_snapshot_file(...) at test-lsfvit02.R:2:3
  2. | \-testthat:::check_string(path)
  3. |   \-testthat:::.rlang_check_is_string(...)
  4. |     \-rlang::is_string(x)
  5. +-scda.test:::write_test_rtf_for("lsfvit02.R")
  6. | \-base::source(ipath) at ./helper.R:20:3
  7. |   +-base::withVisible(eval(ei, envir))
  8. |   \-base::eval(ei, envir)
  9. |     \-base::eval(ei, envir)
 10. \-base::library(envsetup)</error>
    </testcase>
  </testsuite>
  <testsuite name="lsicm01" timestamp="2025-12-30T13:47:08Z" hostname="57a89dd7f7e7" tests="1" skipped="0" failures="0" errors="1" time="0.029">
    <testcase time="0.0289999999999999" classname="lsicm01" name="lsicm01">
      <error type="error" message="&lt;packageNotFoundError/error/condition&gt; ('test-lsicm01.R:2:3')">&lt;packageNotFoundError/error/condition&gt;
Error in `library(envsetup)`: there is no package called 'envsetup'
Backtrace:
     x
  1. +-testthat::expect_snapshot_file(...) at test-lsicm01.R:2:3
  2. | \-testthat:::check_string(path)
  3. |   \-testthat:::.rlang_check_is_string(...)
  4. |     \-rlang::is_string(x)
  5. +-scda.test:::write_test_rtf_for("lsicm01.R")
  6. | \-base::source(ipath) at ./helper.R:20:3
  7. |   +-base::withVisible(eval(ei, envir))
  8. |   \-base::eval(ei, envir)
  9. |     \-base::eval(ei, envir)
 10. \-base::library(envsetup)</error>
    </testcase>
  </testsuite>
  <testsuite name="lsidem01" timestamp="2025-12-30T13:47:08Z" hostname="57a89dd7f7e7" tests="1" skipped="0" failures="0" errors="1" time="0.029">
    <testcase time="0.0289999999999999" classname="lsidem01" name="lsidem01">
      <error type="error" message="&lt;packageNotFoundError/error/condition&gt; ('test-lsidem01.R:2:3')">&lt;packageNotFoundError/error/condition&gt;
Error in `library(envsetup)`: there is no package called 'envsetup'
Backtrace:
     x
  1. +-testthat::expect_snapshot_file(...) at test-lsidem01.R:2:3
  2. | \-testthat:::check_string(path)
  3. |   \-testthat:::.rlang_check_is_string(...)
  4. |     \-rlang::is_string(x)
  5. +-scda.test:::write_test_rtf_for("lsidem01.R")
  6. | \-base::source(ipath) at ./helper.R:20:3
  7. |   +-base::withVisible(eval(ei, envir))
  8. |   \-base::eval(ei, envir)
  9. |     \-base::eval(ei, envir)
 10. \-base::library(envsetup)</error>
    </testcase>
  </testsuite>
  <testsuite name="lsidem02" timestamp="2025-12-30T13:47:08Z" hostname="57a89dd7f7e7" tests="1" skipped="0" failures="0" errors="1" time="0.029">
    <testcase time="0.0289999999999999" classname="lsidem02" name="lsidem02">
      <error type="error" message="&lt;packageNotFoundError/error/condition&gt; ('test-lsidem02.R:2:3')">&lt;packageNotFoundError/error/condition&gt;
Error in `library(envsetup)`: there is no package called 'envsetup'
Backtrace:
     x
  1. +-testthat::expect_snapshot_file(...) at test-lsidem02.R:2:3
  2. | \-testthat:::check_string(path)
  3. |   \-testthat:::.rlang_check_is_string(...)
  4. |     \-rlang::is_string(x)
  5. +-scda.test:::write_test_rtf_for("lsidem02.R")
  6. | \-base::source(ipath) at ./helper.R:20:3
  7. |   +-base::withVisible(eval(ei, envir))
  8. |   \-base::eval(ei, envir)
  9. |     \-base::eval(ei, envir)
 10. \-base::library(envsetup)</error>
    </testcase>
  </testsuite>
  <testsuite name="lsids01" timestamp="2025-12-30T13:47:09Z" hostname="57a89dd7f7e7" tests="1" skipped="0" failures="0" errors="1" time="0.283">
    <testcase time="0.283000000000001" classname="lsids01" name="lsids01">
      <error type="error" message="&lt;packageNotFoundError/error/condition&gt; ('test-lsids01.R:2:3')">&lt;packageNotFoundError/error/condition&gt;
Error in `library(envsetup)`: there is no package called 'envsetup'
Backtrace:
     x
  1. +-testthat::expect_snapshot_file(...) at test-lsids01.R:2:3
  2. | \-testthat:::check_string(path)
  3. |   \-testthat:::.rlang_check_is_string(...)
  4. |     \-rlang::is_string(x)
  5. +-scda.test:::write_test_rtf_for("lsids01.R")
  6. | \-base::source(ipath) at ./helper.R:20:3
  7. |   +-base::withVisible(eval(ei, envir))
  8. |   \-base::eval(ei, envir)
  9. |     \-base::eval(ei, envir)
 10. \-base::library(envsetup)</error>
    </testcase>
  </testsuite>
  <testsuite name="lsids02" timestamp="2025-12-30T13:47:09Z" hostname="57a89dd7f7e7" tests="1" skipped="0" failures="0" errors="1" time="0.028">
    <testcase time="0.0279999999999987" classname="lsids02" name="lsids02">
      <error type="error" message="&lt;packageNotFoundError/error/condition&gt; ('test-lsids02.R:2:3')">&lt;packageNotFoundError/error/condition&gt;
Error in `library(envsetup)`: there is no package called 'envsetup'
Backtrace:
     x
  1. +-testthat::expect_snapshot_file(...) at test-lsids02.R:2:3
  2. | \-testthat:::check_string(path)
  3. |   \-testthat:::.rlang_check_is_string(...)
  4. |     \-rlang::is_string(x)
  5. +-scda.test:::write_test_rtf_for("lsids02.R")
  6. | \-base::source(ipath) at ./helper.R:20:3
  7. |   +-base::withVisible(eval(ei, envir))
  8. |   \-base::eval(ei, envir)
  9. |     \-base::eval(ei, envir)
 10. \-base::library(envsetup)</error>
    </testcase>
  </testsuite>
  <testsuite name="lsids03" timestamp="2025-12-30T13:47:09Z" hostname="57a89dd7f7e7" tests="1" skipped="0" failures="0" errors="1" time="0.029">
    <testcase time="0.0289999999999999" classname="lsids03" name="lsids03">
      <error type="error" message="&lt;packageNotFoundError/error/condition&gt; ('test-lsids03.R:2:3')">&lt;packageNotFoundError/error/condition&gt;
Error in `library(envsetup)`: there is no package called 'envsetup'
Backtrace:
     x
  1. +-testthat::expect_snapshot_file(...) at test-lsids03.R:2:3
  2. | \-testthat:::check_string(path)
  3. |   \-testthat:::.rlang_check_is_string(...)
  4. |     \-rlang::is_string(x)
  5. +-scda.test:::write_test_rtf_for("lsids03.R")
  6. | \-base::source(ipath) at ./helper.R:20:3
  7. |   +-base::withVisible(eval(ei, envir))
  8. |   \-base::eval(ei, envir)
  9. |     \-base::eval(ei, envir)
 10. \-base::library(envsetup)</error>
    </testcase>
  </testsuite>
  <testsuite name="lsids04" timestamp="2025-12-30T13:47:09Z" hostname="57a89dd7f7e7" tests="1" skipped="0" failures="0" errors="1" time="0.028">
    <testcase time="0.0279999999999987" classname="lsids04" name="lsids04">
      <error type="error" message="&lt;packageNotFoundError/error/condition&gt; ('test-lsids04.R:2:3')">&lt;packageNotFoundError/error/condition&gt;
Error in `library(envsetup)`: there is no package called 'envsetup'
Backtrace:
     x
  1. +-testthat::expect_snapshot_file(...) at test-lsids04.R:2:3
  2. | \-testthat:::check_string(path)
  3. |   \-testthat:::.rlang_check_is_string(...)
  4. |     \-rlang::is_string(x)
  5. +-scda.test:::write_test_rtf_for("lsids04.R")
  6. | \-base::source(ipath) at ./helper.R:20:3
  7. |   +-base::withVisible(eval(ei, envir))
  8. |   \-base::eval(ei, envir)
  9. |     \-base::eval(ei, envir)
 10. \-base::library(envsetup)</error>
    </testcase>
  </testsuite>
  <testsuite name="lsids05" timestamp="2025-12-30T13:47:09Z" hostname="57a89dd7f7e7" tests="1" skipped="0" failures="0" errors="1" time="0.029">
    <testcase time="0.0290000000000035" classname="lsids05" name="lsids05">
      <error type="error" message="&lt;packageNotFoundError/error/condition&gt; ('test-lsids05.R:2:3')">&lt;packageNotFoundError/error/condition&gt;
Error in `library(envsetup)`: there is no package called 'envsetup'
Backtrace:
     x
  1. +-testthat::expect_snapshot_file(...) at test-lsids05.R:2:3
  2. | \-testthat:::check_string(path)
  3. |   \-testthat:::.rlang_check_is_string(...)
  4. |     \-rlang::is_string(x)
  5. +-scda.test:::write_test_rtf_for("lsids05.R")
  6. | \-base::source(ipath) at ./helper.R:20:3
  7. |   +-base::withVisible(eval(ei, envir))
  8. |   \-base::eval(ei, envir)
  9. |     \-base::eval(ei, envir)
 10. \-base::library(envsetup)</error>
    </testcase>
  </testsuite>
  <testsuite name="lsiex01" timestamp="2025-12-30T13:47:09Z" hostname="57a89dd7f7e7" tests="1" skipped="0" failures="0" errors="1" time="0.029">
    <testcase time="0.0289999999999999" classname="lsiex01" name="lsiex01">
      <error type="error" message="&lt;packageNotFoundError/error/condition&gt; ('test-lsiex01.R:2:3')">&lt;packageNotFoundError/error/condition&gt;
Error in `library(envsetup)`: there is no package called 'envsetup'
Backtrace:
     x
  1. +-testthat::expect_snapshot_file(...) at test-lsiex01.R:2:3
  2. | \-testthat:::check_string(path)
  3. |   \-testthat:::.rlang_check_is_string(...)
  4. |     \-rlang::is_string(x)
  5. +-scda.test:::write_test_rtf_for("lsiex01.R")
  6. | \-base::source(ipath) at ./helper.R:20:3
  7. |   +-base::withVisible(eval(ei, envir))
  8. |   \-base::eval(ei, envir)
  9. |     \-base::eval(ei, envir)
 10. \-base::library(envsetup)</error>
    </testcase>
  </testsuite>
  <testsuite name="lsiex02" timestamp="2025-12-30T13:47:09Z" hostname="57a89dd7f7e7" tests="1" skipped="0" failures="0" errors="1" time="0.029">
    <testcase time="0.0289999999999999" classname="lsiex02" name="lsiex02">
      <error type="error" message="&lt;packageNotFoundError/error/condition&gt; ('test-lsiex02.R:2:3')">&lt;packageNotFoundError/error/condition&gt;
Error in `library(envsetup)`: there is no package called 'envsetup'
Backtrace:
     x
  1. +-testthat::expect_snapshot_file(...) at test-lsiex02.R:2:3
  2. | \-testthat:::check_string(path)
  3. |   \-testthat:::.rlang_check_is_string(...)
  4. |     \-rlang::is_string(x)
  5. +-scda.test:::write_test_rtf_for("lsiex02.R")
  6. | \-base::source(ipath) at ./helper.R:20:3
  7. |   +-base::withVisible(eval(ei, envir))
  8. |   \-base::eval(ei, envir)
  9. |     \-base::eval(ei, envir)
 10. \-base::library(envsetup)</error>
    </testcase>
  </testsuite>
  <testsuite name="lsiex03" timestamp="2025-12-30T13:47:09Z" hostname="57a89dd7f7e7" tests="1" skipped="0" failures="0" errors="1" time="0.029">
    <testcase time="0.0289999999999999" classname="lsiex03" name="lsiex03">
      <error type="error" message="&lt;packageNotFoundError/error/condition&gt; ('test-lsiex03.R:2:3')">&lt;packageNotFoundError/error/condition&gt;
Error in `library(envsetup)`: there is no package called 'envsetup'
Backtrace:
     x
  1. +-testthat::expect_snapshot_file(...) at test-lsiex03.R:2:3
  2. | \-testthat:::check_string(path)
  3. |   \-testthat:::.rlang_check_is_string(...)
  4. |     \-rlang::is_string(x)
  5. +-scda.test:::write_test_rtf_for("lsiex03.R")
  6. | \-base::source(ipath) at ./helper.R:20:3
  7. |   +-base::withVisible(eval(ei, envir))
  8. |   \-base::eval(ei, envir)
  9. |     \-base::eval(ei, envir)
 10. \-base::library(envsetup)</error>
    </testcase>
  </testsuite>
  <testsuite name="lsimh01" timestamp="2025-12-30T13:47:09Z" hostname="57a89dd7f7e7" tests="1" skipped="0" failures="0" errors="1" time="0.036">
    <testcase time="0.0360000000000014" classname="lsimh01" name="lsimh01">
      <error type="error" message="&lt;packageNotFoundError/error/condition&gt; ('test-lsimh01.R:2:3')">&lt;packageNotFoundError/error/condition&gt;
Error in `library(envsetup)`: there is no package called 'envsetup'
Backtrace:
     x
  1. +-testthat::expect_snapshot_file(...) at test-lsimh01.R:2:3
  2. | \-testthat:::check_string(path)
  3. |   \-testthat:::.rlang_check_is_string(...)
  4. |     \-rlang::is_string(x)
  5. +-scda.test:::write_test_rtf_for("lsimh01.R")
  6. | \-base::source(ipath) at ./helper.R:20:3
  7. |   +-base::withVisible(eval(ei, envir))
  8. |   \-base::eval(ei, envir)
  9. |     \-base::eval(ei, envir)
 10. \-base::library(envsetup)</error>
    </testcase>
  </testsuite>
  <testsuite name="pagination_listing" timestamp="2025-12-30T13:47:09Z" hostname="57a89dd7f7e7" tests="13" skipped="0" failures="0" errors="0" time="3.476">
    <testcase time="0.0459999999999994" classname="pagination_listing" name="Direct_pagination_works_fine"/>
    <testcase time="0.580000000000002" classname="pagination_listing" name="Direct_pagination_works_fine"/>
    <testcase time="0.00299999999999656" classname="pagination_listing" name="Direct_pagination_works_fine"/>
    <testcase time="0.508000000000003" classname="pagination_listing" name="Direct_pagination_works_fine"/>
    <testcase time="0.887" classname="pagination_listing" name="Direct_pagination_works_fine"/>
    <testcase time="0.709999999999997" classname="pagination_listing" name="pagination_counts_the_right_number_of_lines_when_wrapping_on_keycols_is_present"/>
    <testcase time="0.00600000000000023" classname="pagination_listing" name="pagination_counts_the_right_number_of_lines_when_wrapping_on_keycols_is_present"/>
    <testcase time="0.00500000000000256" classname="pagination_listing" name="pagination_counts_the_right_number_of_lines_when_wrapping_on_keycols_is_present"/>
    <testcase time="0.00399999999999778" classname="pagination_listing" name="pagination_counts_the_right_number_of_lines_when_wrapping_on_keycols_is_present"/>
    <testcase time="0.714000000000002" classname="pagination_listing" name="pagination_counts_the_right_number_of_lines_when_wrapping_on_keycols_is_present"/>
    <testcase time="0.00600000000000023" classname="pagination_listing" name="pagination_counts_the_right_number_of_lines_when_wrapping_on_keycols_is_present"/>
    <testcase time="0.00399999999999778" classname="pagination_listing" name="pagination_counts_the_right_number_of_lines_when_wrapping_on_keycols_is_present"/>
    <testcase time="0.00300000000000011" classname="pagination_listing" name="pagination_counts_the_right_number_of_lines_when_wrapping_on_keycols_is_present"/>
  </testsuite>
  <testsuite name="pagination_table" timestamp="2025-12-30T13:47:13Z" hostname="57a89dd7f7e7" tests="30" skipped="0" failures="0" errors="0" time="13.22">
    <testcase time="1.635" classname="pagination_table" name="Direct_pagination_with_standard_values"/>
    <testcase time="0.00399999999999778" classname="pagination_table" name="Direct_pagination_with_standard_values"/>
    <testcase time="0.00400000000000134" classname="pagination_table" name="Direct_pagination_with_standard_values"/>
    <testcase time="1.186" classname="pagination_table" name="Pagination_with_specific_column_widths_and_minimum_lines_per_page"/>
    <testcase time="0.00400000000000134" classname="pagination_table" name="Pagination_with_specific_column_widths_and_minimum_lines_per_page"/>
    <testcase time="0.0869999999999997" classname="pagination_table" name="Pagination_with_specific_column_widths_and_minimum_lines_per_page"/>
    <testcase time="0.946999999999999" classname="pagination_table" name="Pagination_works_also_if_table_is_decorated"/>
    <testcase time="0.509" classname="pagination_table" name="Pagination_works_also_if_table_is_decorated"/>
    <testcase time="0.782999999999998" classname="pagination_table" name="Pagination_works_also_if_table_is_decorated"/>
    <testcase time="0.617000000000001" classname="pagination_table" name="Pagination_works_also_if_table_is_decorated"/>
    <testcase time="1.288" classname="pagination_table" name="Pagination_works_also_if_table_is_decorated"/>
    <testcase time="0.300000000000001" classname="pagination_table" name="Pagination_works_also_if_table_is_decorated"/>
    <testcase time="0.00400000000000134" classname="pagination_table" name="Pagination_works_also_if_table_is_decorated"/>
    <testcase time="0.00799999999999912" classname="pagination_table" name="Pagination_works_also_if_table_is_decorated"/>
    <testcase time="0.116" classname="pagination_table" name="Pagination_works_also_if_table_is_decorated"/>
    <testcase time="0.0809999999999995" classname="pagination_table" name="Pagination_works_also_if_table_is_decorated"/>
    <testcase time="0.649999999999999" classname="pagination_table" name="Pagination_works_for_page_types"/>
    <testcase time="0.0720000000000027" classname="pagination_table" name="Pagination_works_for_page_types"/>
    <testcase time="0.648" classname="pagination_table" name="Pagination_works_for_page_types"/>
    <testcase time="0.070999999999998" classname="pagination_table" name="Pagination_works_for_page_types"/>
    <testcase time="0.603999999999999" classname="pagination_table" name="Pagination_works_for_page_types"/>
    <testcase time="0.361000000000004" classname="pagination_table" name="Pagination_works_for_page_types"/>
    <testcase time="0.649000000000001" classname="pagination_table" name="Pagination_works_for_page_width_and_height"/>
    <testcase time="0.113999999999997" classname="pagination_table" name="Pagination_works_for_page_width_and_height"/>
    <testcase time="0.740000000000002" classname="pagination_table" name="Pagination_works_for_page_types"/>
    <testcase time="0.141999999999996" classname="pagination_table" name="Pagination_works_for_page_types"/>
    <testcase time="0.884" classname="pagination_table" name="AET04_variant_2_page_by_pagination_tests"/>
    <testcase time="0.590000000000003" classname="pagination_table" name="AET04_variant_2_page_by_pagination_tests"/>
    <testcase time="0.00199999999999534" classname="pagination_table" name="AET04_variant_2_page_by_pagination_tests"/>
    <testcase time="0.120000000000005" classname="pagination_table" name="AET04_variant_2_page_by_pagination_tests"/>
  </testsuite>
  <testsuite name="table_adat03" timestamp="2025-12-30T13:47:25Z" hostname="57a89dd7f7e7" tests="2" skipped="0" failures="0" errors="0" time="0.572">
    <testcase time="0.442" classname="table_adat03" name="ADAT03_is_produced_correctly"/>
    <testcase time="0.129999999999995" classname="table_adat03" name="ADAT03_is_produced_correctly"/>
  </testsuite>
  <testsuite name="table_aet01" timestamp="2025-12-30T13:47:26Z" hostname="57a89dd7f7e7" tests="8" skipped="0" failures="0" errors="0" time="1.793">
    <testcase time="0.400000000000006" classname="table_aet01" name="Safety_Summary_Variant_1_works_as_expected"/>
    <testcase time="0.0819999999999936" classname="table_aet01" name="Safety_Summary_Variant_1_works_as_expected"/>
    <testcase time="0.352000000000004" classname="table_aet01" name="Safety_Summary_Variant_2_with_Medical_Concepts_Section_works_as_expected"/>
    <testcase time="0.107999999999997" classname="table_aet01" name="Safety_Summary_Variant_2_with_Medical_Concepts_Section_works_as_expected"/>
    <testcase time="0.268000000000001" classname="table_aet01" name="Safety_Summary_Variant_3_with_Modified_Rows_works_as_expected"/>
    <testcase time="0.0850000000000009" classname="table_aet01" name="Safety_Summary_Variant_3_with_Modified_Rows_works_as_expected"/>
    <testcase time="0.386000000000003" classname="table_aet01" name="Safety_Summary_Variant_4_with_Rows_Counting_Events_and_Additional_Sections_works_as_expected"/>
    <testcase time="0.111999999999995" classname="table_aet01" name="Safety_Summary_Variant_4_with_Rows_Counting_Events_and_Additional_Sections_works_as_expected"/>
  </testsuite>
  <testsuite name="table_aet01_aesi" timestamp="2025-12-30T13:47:28Z" hostname="57a89dd7f7e7" tests="8" skipped="0" failures="0" errors="0" time="2.738">
    <testcase time="0.300000000000004" classname="table_aet01_aesi" name="AET01_AESI_Variant_1_works_as_expected"/>
    <testcase time="0.0910000000000011" classname="table_aet01_aesi" name="AET01_AESI_Variant_1_works_as_expected"/>
    <testcase time="0.497" classname="table_aet01_aesi" name="AET01_AESI_Variant_2_works_as_expected"/>
    <testcase time="0.135999999999996" classname="table_aet01_aesi" name="AET01_AESI_Variant_2_works_as_expected"/>
    <testcase time="0.728000000000002" classname="table_aet01_aesi" name="AET01_AESI_Variant_3_works_as_expected"/>
    <testcase time="0.185000000000002" classname="table_aet01_aesi" name="AET01_AESI_Variant_3_works_as_expected"/>
    <testcase time="0.610999999999997" classname="table_aet01_aesi" name="AET01_AESI_Variant_4_works_as_expected"/>
    <testcase time="0.190000000000005" classname="table_aet01_aesi" name="AET01_AESI_Variant_4_works_as_expected"/>
  </testsuite>
  <testsuite name="table_aet02" timestamp="2025-12-30T13:47:31Z" hostname="57a89dd7f7e7" tests="26" skipped="0" failures="0" errors="0" time="8.076">
    <testcase time="0.598999999999997" classname="table_aet02" name="AET02_variant_1_is_produced_correctly"/>
    <testcase time="0.160000000000004" classname="table_aet02" name="AET02_variant_1_is_produced_correctly"/>
    <testcase time="0.422999999999995" classname="table_aet02" name="AET02_variant_1_is_produced_correctly"/>
    <testcase time="0.0910000000000011" classname="table_aet02" name="AET02_variant_1_is_produced_correctly"/>
    <testcase time="0.858000000000004" classname="table_aet02" name="AET02_variant_2_is_produced_correctly"/>
    <testcase time="0.141999999999996" classname="table_aet02" name="AET02_variant_2_is_produced_correctly"/>
    <testcase time="0.920000000000002" classname="table_aet02" name="AET02_variant_3_is_produced_correctly"/>
    <testcase time="0.266999999999996" classname="table_aet02" name="AET02_variant_3_is_produced_correctly"/>
    <testcase time="0.129000000000005" classname="table_aet02" name="AET02_variant_4_is_produced_correctly"/>
    <testcase time="0.0749999999999957" classname="table_aet02" name="AET02_variant_4_is_produced_correctly"/>
    <testcase time="0.403000000000006" classname="table_aet02" name="AET02_variant_5_is_produced_correctly"/>
    <testcase time="0.131" classname="table_aet02" name="AET02_variant_5_is_produced_correctly"/>
    <testcase time="0.392999999999994" classname="table_aet02" name="AET02_variant_6_is_produced_correctly"/>
    <testcase time="0.0850000000000009" classname="table_aet02" name="AET02_variant_6_is_produced_correctly"/>
    <testcase time="0.917000000000002" classname="table_aet02" name="AET02_variant_7_is_produced_correctly"/>
    <testcase time="0.131" classname="table_aet02" name="AET02_variant_7_is_produced_correctly"/>
    <testcase time="0.399999999999999" classname="table_aet02" name="AET02_variant_8_is_produced_correctly"/>
    <testcase time="0.0570000000000022" classname="table_aet02" name="AET02_variant_8_is_produced_correctly"/>
    <testcase time="0.409999999999997" classname="table_aet02" name="AET02_variant_9_is_produced_correctly"/>
    <testcase time="0.078000000000003" classname="table_aet02" name="AET02_variant_9_is_produced_correctly"/>
    <testcase time="0.401000000000003" classname="table_aet02" name="AET02_variant_10_is_produced_correctly"/>
    <testcase time="0.0769999999999982" classname="table_aet02" name="AET02_variant_10_is_produced_correctly"/>
    <testcase time="0.400999999999996" classname="table_aet02" name="AET02_variant_11_is_produced_correctly"/>
    <testcase time="0.0560000000000045" classname="table_aet02" name="AET02_variant_11_is_produced_correctly"/>
    <testcase time="0.406999999999996" classname="table_aet02" name="AET02_variant_12_is_produced_correctly"/>
    <testcase time="0.0650000000000048" classname="table_aet02" name="AET02_variant_12_is_produced_correctly"/>
  </testsuite>
  <testsuite name="table_aet02_smq" timestamp="2025-12-30T13:47:39Z" hostname="57a89dd7f7e7" tests="4" skipped="0" failures="0" errors="0" time="0.398">
    <testcase time="0.116" classname="table_aet02_smq" name="AET02SMQ_variant_1_is_produced_correctly"/>
    <testcase time="0.0609999999999999" classname="table_aet02_smq" name="AET02SMQ_variant_1_is_produced_correctly"/>
    <testcase time="0.157999999999994" classname="table_aet02_smq" name="AET02SMQ_variant_2_is_produced_correctly"/>
    <testcase time="0.0630000000000024" classname="table_aet02_smq" name="AET02SMQ_variant_2_is_produced_correctly"/>
  </testsuite>
  <testsuite name="table_aet03" timestamp="2025-12-30T13:47:39Z" hostname="57a89dd7f7e7" tests="6" skipped="0" failures="0" errors="0" time="4.725">
    <testcase time="1.178" classname="table_aet03" name="AET03_variant_1_is_produced_correctly"/>
    <testcase time="0.384" classname="table_aet03" name="AET03_variant_1_is_produced_correctly"/>
    <testcase time="1.302" classname="table_aet03" name="AET03_variant_1_is_produced_correctly"/>
    <testcase time="0.634" classname="table_aet03" name="AET03_variant_1_is_produced_correctly"/>
    <testcase time="1.02500000000001" classname="table_aet03" name="AET03_variant_1_is_produced_correctly"/>
    <testcase time="0.201999999999998" classname="table_aet03" name="AET03_variant_1_is_produced_correctly"/>
  </testsuite>
  <testsuite name="table_aet04" timestamp="2025-12-30T13:47:45Z" hostname="57a89dd7f7e7" tests="30" skipped="0" failures="0" errors="0" time="12.635">
    <testcase time="0.801000000000002" classname="table_aet04" name="AET04_variant_1_is_produced_correctly"/>
    <testcase time="0.287999999999997" classname="table_aet04" name="AET04_variant_1_is_produced_correctly"/>
    <testcase time="0.741999999999997" classname="table_aet04" name="AET04_variant_1_is_produced_correctly"/>
    <testcase time="0.0549999999999997" classname="table_aet04" name="AET04_variant_1_is_produced_correctly"/>
    <testcase time="0.0380000000000038" classname="table_aet04" name="AET04_variant_1_is_produced_correctly"/>
    <testcase time="0.707000000000001" classname="table_aet04" name="AET04_variant_2_is_produced_correctly_Fill_in_of_Treatment_Groups_"/>
    <testcase time="0.256" classname="table_aet04" name="AET04_variant_2_is_produced_correctly_Fill_in_of_Treatment_Groups_"/>
    <testcase time="0.698999999999998" classname="table_aet04" name="AET04_variant_2_is_produced_correctly_Fill_in_of_Treatment_Groups_"/>
    <testcase time="0.0399999999999991" classname="table_aet04" name="AET04_variant_2_is_produced_correctly_Fill_in_of_Treatment_Groups_"/>
    <testcase time="0.0510000000000019" classname="table_aet04" name="AET04_variant_2_is_produced_correctly_Fill_in_of_Treatment_Groups_"/>
    <testcase time="0.738" classname="table_aet04" name="AET04_variant_3_is_produced_correctly_Fill_in_of_Grades_"/>
    <testcase time="0.305999999999997" classname="table_aet04" name="AET04_variant_3_is_produced_correctly_Fill_in_of_Grades_"/>
    <testcase time="0.792999999999999" classname="table_aet04" name="AET04_variant_3_is_produced_correctly_Fill_in_of_Grades_"/>
    <testcase time="0.0420000000000016" classname="table_aet04" name="AET04_variant_3_is_produced_correctly_Fill_in_of_Grades_"/>
    <testcase time="0.0390000000000015" classname="table_aet04" name="AET04_variant_3_is_produced_correctly_Fill_in_of_Grades_"/>
    <testcase time="0.755000000000003" classname="table_aet04" name="AET04_variant_4_is_produced_correctly_Collapsing_of_Grades_grades_1_2_grades_3_4_5_"/>
    <testcase time="0.294999999999995" classname="table_aet04" name="AET04_variant_4_is_produced_correctly_Collapsing_of_Grades_grades_1_2_grades_3_4_5_"/>
    <testcase time="0.769000000000005" classname="table_aet04" name="AET04_variant_4_is_produced_correctly_Collapsing_of_Grades_grades_1_2_grades_3_4_5_"/>
    <testcase time="0.787999999999997" classname="table_aet04" name="AET04_variant_6_is_produced_correctly_with_an_Incidence_Rate_of_at_Least_5_totals_restricted_"/>
    <testcase time="0.294000000000004" classname="table_aet04" name="AET04_variant_6_is_produced_correctly_with_an_Incidence_Rate_of_at_Least_5_totals_restricted_"/>
    <testcase time="0.779999999999994" classname="table_aet04" name="AET04_variant_6_is_produced_correctly_with_an_Incidence_Rate_of_at_Least_5_totals_restricted_"/>
    <testcase time="0.0110000000000099" classname="table_aet04" name="AET04_variant_8_is_produced_correctly_with_an_Incidence_Rate_of_at_Least_X_Patients_"/>
    <testcase time="0.303999999999988" classname="table_aet04" name="AET04_variant_8_is_produced_correctly_with_an_Incidence_Rate_of_at_Least_X_Patients_"/>
    <testcase time="0.77000000000001" classname="table_aet04" name="AET04_variant_8_is_produced_correctly_with_an_Incidence_Rate_of_at_Least_X_Patients_"/>
    <testcase time="0.0109999999999957" classname="table_aet04" name="AET04_variant_9_is_produced_correctly_with_a_Difference_in_Incidence_Rate_of_at_Least_X_"/>
    <testcase time="0.310000000000002" classname="table_aet04" name="AET04_variant_9_is_produced_correctly_with_a_Difference_in_Incidence_Rate_of_at_Least_X_"/>
    <testcase time="0.963999999999999" classname="table_aet04" name="AET04_variant_9_is_produced_correctly_with_a_Difference_in_Incidence_Rate_of_at_Least_X_"/>
    <testcase time="0.0100000000000051" classname="table_aet04" name="AET04_variant_11_is_produced_correctly_with_Incidence_Rate_of_at_Least_X_all_SOCs_w_o_preferred_terms_removed_"/>
    <testcase time="0.276999999999987" classname="table_aet04" name="AET04_variant_11_is_produced_correctly_with_Incidence_Rate_of_at_Least_X_all_SOCs_w_o_preferred_terms_removed_"/>
    <testcase time="0.702000000000012" classname="table_aet04" name="AET04_variant_11_is_produced_correctly_with_Incidence_Rate_of_at_Least_X_all_SOCs_w_o_preferred_terms_removed_"/>
  </testsuite>
  <testsuite name="table_aet04_pi" timestamp="2025-12-30T13:47:56Z" hostname="57a89dd7f7e7" tests="18" skipped="0" failures="0" errors="0" time="6.387">
    <testcase time="0.596999999999994" classname="table_aet04_pi" name="AET04_PI_full_table_is_produced_correctly"/>
    <testcase time="0.183999999999997" classname="table_aet04_pi" name="AET04_PI_full_table_is_produced_correctly"/>
    <testcase time="0.620000000000005" classname="table_aet04_pi" name="AET04_PI_variant_1_is_produced_correctly"/>
    <testcase time="0.143000000000001" classname="table_aet04_pi" name="AET04_PI_variant_1_is_produced_correctly"/>
    <testcase time="0.591999999999999" classname="table_aet04_pi" name="AET04_PI_variant_2_is_produced_correctly"/>
    <testcase time="0.090999999999994" classname="table_aet04_pi" name="AET04_PI_variant_2_is_produced_correctly"/>
    <testcase time="0.600000000000009" classname="table_aet04_pi" name="AET04_PI_variant_3_is_produced_correctly"/>
    <testcase time="0.113" classname="table_aet04_pi" name="AET04_PI_variant_3_is_produced_correctly"/>
    <testcase time="0.597999999999999" classname="table_aet04_pi" name="AET04_PI_variant_4_is_produced_correctly"/>
    <testcase time="0.0870000000000033" classname="table_aet04_pi" name="AET04_PI_variant_4_is_produced_correctly"/>
    <testcase time="0.599999999999994" classname="table_aet04_pi" name="AET04_PI_variant_5_is_produced_correctly"/>
    <testcase time="0.123000000000005" classname="table_aet04_pi" name="AET04_PI_variant_5_is_produced_correctly"/>
    <testcase time="0.74199999999999" classname="table_aet04_pi" name="AET04_PI_variant_6_is_produced_correctly"/>
    <testcase time="0.134" classname="table_aet04_pi" name="AET04_PI_variant_6_is_produced_correctly"/>
    <testcase time="0.740000000000009" classname="table_aet04_pi" name="AET04_PI_variant_7_is_produced_correctly"/>
    <testcase time="0.134999999999991" classname="table_aet04_pi" name="AET04_PI_variant_7_is_produced_correctly"/>
    <testcase time="0.186000000000007" classname="table_aet04_pi" name="AET04_PI_variant_8_is_produced_correctly"/>
    <testcase time="0.102000000000004" classname="table_aet04_pi" name="AET04_PI_variant_8_is_produced_correctly"/>
  </testsuite>
  <testsuite name="table_aet05" timestamp="2025-12-30T13:48:03Z" hostname="57a89dd7f7e7" tests="4" skipped="0" failures="0" errors="0" time="0.283">
    <testcase time="0.123999999999995" classname="table_aet05" name="AET05_variant_1_is_produced_correctly"/>
    <testcase time="0.0429999999999922" classname="table_aet05" name="AET05_variant_1_is_produced_correctly"/>
    <testcase time="0.061000000000007" classname="table_aet05" name="AET05_variant_2_is_produced_correctly"/>
    <testcase time="0.0549999999999926" classname="table_aet05" name="AET05_variant_2_is_produced_correctly"/>
  </testsuite>
  <testsuite name="table_aet05_all" timestamp="2025-12-30T13:48:03Z" hostname="57a89dd7f7e7" tests="4" skipped="0" failures="0" errors="0" time="0.273">
    <testcase time="0.115000000000009" classname="table_aet05_all" name="AET05_ALL_variant_1_is_produced_correctly"/>
    <testcase time="0.0439999999999969" classname="table_aet05_all" name="AET05_ALL_variant_1_is_produced_correctly"/>
    <testcase time="0.0690000000000026" classname="table_aet05_all" name="AET05_ALL_variant_2_is_produced_correctly"/>
    <testcase time="0.0450000000000017" classname="table_aet05_all" name="AET05_ALL_variant_2_is_produced_correctly"/>
  </testsuite>
  <testsuite name="table_aet06" timestamp="2025-12-30T13:48:03Z" hostname="57a89dd7f7e7" tests="6" skipped="0" failures="0" errors="0" time="3.627">
    <testcase time="0.588999999999999" classname="table_aet06" name="AET06_variant_1_is_produced_correctly"/>
    <testcase time="0.186999999999998" classname="table_aet06" name="AET06_variant_1_is_produced_correctly"/>
    <testcase time="0.977000000000004" classname="table_aet06" name="AET06_variant_3_is_produced_correctly"/>
    <testcase time="0.277000000000001" classname="table_aet06" name="AET06_variant_3_is_produced_correctly"/>
    <testcase time="1.262" classname="table_aet06" name="AET06_variant_5_is_produced_correctly"/>
    <testcase time="0.334999999999994" classname="table_aet06" name="AET06_variant_5_is_produced_correctly"/>
  </testsuite>
  <testsuite name="table_aet06_smq" timestamp="2025-12-30T13:48:07Z" hostname="57a89dd7f7e7" tests="4" skipped="0" failures="0" errors="0" time="0.975">
    <testcase time="0.372" classname="table_aet06_smq" name="AET06_SMQ_variant_1_is_produced_correctly"/>
    <testcase time="0.120999999999995" classname="table_aet06_smq" name="AET06_SMQ_variant_1_is_produced_correctly"/>
    <testcase time="0.359000000000009" classname="table_aet06_smq" name="AET06_SMQ_variant_2_is_produced_correctly"/>
    <testcase time="0.12299999999999" classname="table_aet06_smq" name="AET06_SMQ_variant_2_is_produced_correctly"/>
  </testsuite>
  <testsuite name="table_aet07" timestamp="2025-12-30T13:48:08Z" hostname="57a89dd7f7e7" tests="4" skipped="0" failures="0" errors="0" time="0.178">
    <testcase time="0.0580000000000069" classname="table_aet07" name="AET07_variant_1_is_produced_correctly"/>
    <testcase time="0.0280000000000058" classname="table_aet07" name="AET07_variant_1_is_produced_correctly"/>
    <testcase time="0.063999999999993" classname="table_aet07" name="AET07_variant_2_is_produced_correctly"/>
    <testcase time="0.0280000000000058" classname="table_aet07" name="AET07_variant_2_is_produced_correctly"/>
  </testsuite>
  <testsuite name="table_aet09" timestamp="2025-12-30T13:48:08Z" hostname="57a89dd7f7e7" tests="4" skipped="0" failures="0" errors="0" time="1.942">
    <testcase time="0.561999999999998" classname="table_aet09" name="AET09_variant_1_is_produced_correctly_AE_related_to_study_drug"/>
    <testcase time="0.158999999999992" classname="table_aet09" name="AET09_variant_1_is_produced_correctly_AE_related_to_study_drug"/>
    <testcase time="0.963000000000008" classname="table_aet09" name="AET09_variant_2_is_produced_correctly_AE_related_to_study_drug_including_high_level_terms_"/>
    <testcase time="0.257999999999996" classname="table_aet09" name="AET09_variant_2_is_produced_correctly_AE_related_to_study_drug_including_high_level_terms_"/>
  </testsuite>
  <testsuite name="table_aet09_smq" timestamp="2025-12-30T13:48:10Z" hostname="57a89dd7f7e7" tests="4" skipped="0" failures="0" errors="0" time="0.472">
    <testcase time="0.123000000000005" classname="table_aet09_smq" name="AET09_variant_1_AEs_related_to_study_drug_by_SMQ_is_produced_correctly"/>
    <testcase time="0.0589999999999975" classname="table_aet09_smq" name="AET09_variant_1_AEs_related_to_study_drug_by_SMQ_is_produced_correctly"/>
    <testcase time="0.215000000000003" classname="table_aet09_smq" name="AET09_variant_2_AEs_related_to_study_drug_by_SMQ_with_customized_queries_is_produced_correctly"/>
    <testcase time="0.0750000000000028" classname="table_aet09_smq" name="AET09_variant_2_AEs_related_to_study_drug_by_SMQ_with_customized_queries_is_produced_correctly"/>
  </testsuite>
  <testsuite name="table_aet10" timestamp="2025-12-30T13:48:11Z" hostname="57a89dd7f7e7" tests="2" skipped="0" failures="0" errors="0" time="0.165">
    <testcase time="0.123999999999995" classname="table_aet10" name="AET10_default_variant_is_produced_correctly"/>
    <testcase time="0.0409999999999968" classname="table_aet10" name="AET10_default_variant_is_produced_correctly"/>
  </testsuite>
  <testsuite name="table_aovt01" timestamp="2025-12-30T13:48:11Z" hostname="57a89dd7f7e7" tests="6" skipped="0" failures="0" errors="0" time="1.567">
    <testcase time="0.304000000000002" classname="table_aovt01" name="AOVT01_variant_with_single_endpoint_is_produced_correctly"/>
    <testcase time="0.0799999999999983" classname="table_aovt01" name="AOVT01_variant_with_single_endpoint_is_produced_correctly"/>
    <testcase time="0.451000000000008" classname="table_aovt01" name="AOVT01_variant_with_multiple_endpoints_is_produced_correctly"/>
    <testcase time="0.140000000000001" classname="table_aovt01" name="AOVT01_variant_with_multiple_endpoints_is_produced_correctly"/>
    <testcase time="0.451999999999998" classname="table_aovt01" name="AOVT01_variant_with_proportional_weights_is_produced_correctly"/>
    <testcase time="0.140000000000001" classname="table_aovt01" name="AOVT01_variant_with_proportional_weights_is_produced_correctly"/>
  </testsuite>
  <testsuite name="table_aovt02" timestamp="2025-12-30T13:48:12Z" hostname="57a89dd7f7e7" tests="2" skipped="0" failures="0" errors="0" time="0.333">
    <testcase time="0.265999999999991" classname="table_aovt02" name="AOVT02_is_produced_correctly"/>
    <testcase time="0.0670000000000073" classname="table_aovt02" name="AOVT02_is_produced_correctly"/>
  </testsuite>
  <testsuite name="table_aovt03" timestamp="2025-12-30T13:48:13Z" hostname="57a89dd7f7e7" tests="2" skipped="0" failures="0" errors="0" time="0.707">
    <testcase time="0.557000000000002" classname="table_aovt03" name="AOVT03_is_produced_correctly"/>
    <testcase time="0.149999999999991" classname="table_aovt03" name="AOVT03_is_produced_correctly"/>
  </testsuite>
  <testsuite name="table_cfbt01" timestamp="2025-12-30T13:48:13Z" hostname="57a89dd7f7e7" tests="2" skipped="0" failures="0" errors="0" time="0.683">
    <testcase time="0.465000000000003" classname="table_cfbt01" name="CFBT01_default_variant_is_produced_correctly"/>
    <testcase time="0.218000000000004" classname="table_cfbt01" name="CFBT01_default_variant_is_produced_correctly"/>
  </testsuite>
  <testsuite name="table_cmht01" timestamp="2025-12-30T13:48:14Z" hostname="57a89dd7f7e7" tests="4" skipped="0" failures="0" errors="0" time="1.711">
    <testcase time="0.373999999999995" classname="table_cmht01" name="CMHT01_variant_1_is_produced_correctly"/>
    <testcase time="0.0849999999999937" classname="table_cmht01" name="CMHT01_variant_1_is_produced_correctly"/>
    <testcase time="0.998000000000005" classname="table_cmht01" name="CMHT01_variant_2_is_produced_correctly"/>
    <testcase time="0.254000000000005" classname="table_cmht01" name="CMHT01_variant_2_is_produced_correctly"/>
  </testsuite>
  <testsuite name="table_cmt01" timestamp="2025-12-30T13:48:16Z" hostname="57a89dd7f7e7" tests="8" skipped="0" failures="0" errors="0" time="3.951">
    <testcase time="0.670999999999992" classname="table_cmt01" name="CMT01_default_variant_Concomitant_medications_is_produced_correctly"/>
    <testcase time="0.266000000000005" classname="table_cmt01" name="CMT01_default_variant_Concomitant_medications_is_produced_correctly"/>
    <testcase time="0.757000000000005" classname="table_cmt01" name="CMT01_variant_1_prior_medications_is_produced_correctly"/>
    <testcase time="0.269999999999996" classname="table_cmt01" name="CMT01_variant_1_prior_medications_is_produced_correctly"/>
    <testcase time="0.644999999999996" classname="table_cmt01" name="CMT01_variant_3_Concomitant_medications_is_produced_correctly"/>
    <testcase time="0.219999999999999" classname="table_cmt01" name="CMT01_variant_3_Concomitant_medications_is_produced_correctly"/>
    <testcase time="0.89200000000001" classname="table_cmt01" name="CMT01_variant_4_Concomitant_medications_is_produced_correctly"/>
    <testcase time="0.22999999999999" classname="table_cmt01" name="CMT01_variant_4_Concomitant_medications_is_produced_correctly"/>
  </testsuite>
  <testsuite name="table_cmt01a" timestamp="2025-12-30T13:48:20Z" hostname="57a89dd7f7e7" tests="8" skipped="0" failures="0" errors="0" time="4.367">
    <testcase time="0.986000000000004" classname="table_cmt01a" name="CMT01A_variant_1_is_produced_correctly"/>
    <testcase time="0.209999999999994" classname="table_cmt01a" name="CMT01A_variant_1_is_produced_correctly"/>
    <testcase time="0.853999999999999" classname="table_cmt01a" name="CMT01A_variant_2_is_produced_correctly"/>
    <testcase time="0.217000000000013" classname="table_cmt01a" name="CMT01A_variant_2_is_produced_correctly"/>
    <testcase time="0.844999999999999" classname="table_cmt01a" name="CMT01A_variant_3_is_produced_correctly"/>
    <testcase time="0.216999999999999" classname="table_cmt01a" name="CMT01A_variant_3_is_produced_correctly"/>
    <testcase time="0.837999999999994" classname="table_cmt01a" name="CMT01A_variant_4_is_produced_correctly"/>
    <testcase time="0.200000000000003" classname="table_cmt01a" name="CMT01A_variant_4_is_produced_correctly"/>
  </testsuite>
  <testsuite name="table_cmt01b" timestamp="2025-12-30T13:48:24Z" hostname="57a89dd7f7e7" tests="6" skipped="0" failures="0" errors="0" time="4.831">
    <testcase time="1.413" classname="table_cmt01b" name="CMT01B_variant_1_is_produced_correctly"/>
    <testcase time="0.340000000000003" classname="table_cmt01b" name="CMT01B_variant_1_is_produced_correctly"/>
    <testcase time="1" classname="table_cmt01b" name="CMT01B_variant_2_is_produced_correctly"/>
    <testcase time="0.274000000000001" classname="table_cmt01b" name="CMT01B_variant_2_is_produced_correctly"/>
    <testcase time="1.41799999999999" classname="table_cmt01b" name="CMT01B_variant_4_is_produced_correctly"/>
    <testcase time="0.38600000000001" classname="table_cmt01b" name="CMT01B_variant_4_is_produced_correctly"/>
  </testsuite>
  <testsuite name="table_cmt02_pt" timestamp="2025-12-30T13:48:29Z" hostname="57a89dd7f7e7" tests="2" skipped="0" failures="0" errors="0" time="0.554">
    <testcase time="0.396999999999991" classname="table_cmt02_pt" name="CMT02_PT_default_variant_is_produced_correctly"/>
    <testcase time="0.157000000000011" classname="table_cmt02_pt" name="CMT02_PT_default_variant_is_produced_correctly"/>
  </testsuite>
  <testsuite name="table_coxt01" timestamp="2025-12-30T13:48:29Z" hostname="57a89dd7f7e7" tests="8" skipped="0" failures="0" errors="0" time="1.802">
    <testcase time="0.296999999999997" classname="table_coxt01" name="1._Cox_Regression"/>
    <testcase time="0.0579999999999927" classname="table_coxt01" name="1._Cox_Regression"/>
    <testcase time="0.381" classname="table_coxt01" name="2._Cox_Regression_with_Interaction_Term_"/>
    <testcase time="0.0949999999999989" classname="table_coxt01" name="2._Cox_Regression_with_Interaction_Term_"/>
    <testcase time="0.38600000000001" classname="table_coxt01" name="3._Cox_Regression_specifying_covariates_"/>
    <testcase time="0.100999999999999" classname="table_coxt01" name="3._Cox_Regression_specifying_covariates_"/>
    <testcase time="0.381999999999991" classname="table_coxt01" name="4._Cox_Regression_setting_strata_ties_and_alpha_level_"/>
    <testcase time="0.102000000000004" classname="table_coxt01" name="4._Cox_Regression_setting_strata_ties_and_alpha_level_"/>
  </testsuite>
  <testsuite name="table_coxt02" timestamp="2025-12-30T13:48:31Z" hostname="57a89dd7f7e7" tests="4" skipped="0" failures="0" errors="0" time="0.678">
    <testcase time="0.281999999999996" classname="table_coxt02" name="COXT02_default_variant_1_is_produced_correctly"/>
    <testcase time="0.0840000000000032" classname="table_coxt02" name="COXT02_default_variant_1_is_produced_correctly"/>
    <testcase time="0.260000000000005" classname="table_coxt02" name="COXT02_variant_5_is_produced_correctly"/>
    <testcase time="0.0519999999999925" classname="table_coxt02" name="COXT02_variant_5_is_produced_correctly"/>
  </testsuite>
  <testsuite name="table_disclosures" timestamp="2025-12-30T13:48:32Z" hostname="57a89dd7f7e7" tests="12" skipped="0" failures="0" errors="0" time="1.994">
    <testcase time="0.177000000000007" classname="table_disclosures" name="Patient_Disposition_table_is_produced_correctly"/>
    <testcase time="0.090999999999994" classname="table_disclosures" name="Patient_Disposition_table_is_produced_correctly"/>
    <testcase time="0.236000000000004" classname="table_disclosures" name="Demographic_table_is_produced_correctly"/>
    <testcase time="0.135999999999996" classname="table_disclosures" name="Demographic_table_is_produced_correctly"/>
    <testcase time="0.109999999999999" classname="table_disclosures" name="Enrollment_by_Country_Table_is_produced_correctly"/>
    <testcase time="0.0769999999999982" classname="table_disclosures" name="Enrollment_by_Country_Table_is_produced_correctly"/>
    <testcase time="0.0910000000000082" classname="table_disclosures" name="Death_table_is_produced_correctly"/>
    <testcase time="0.0450000000000017" classname="table_disclosures" name="Death_table_is_produced_correctly"/>
    <testcase time="0.381999999999991" classname="table_disclosures" name="Table_of_Serious_Adverse_Events_is_produced_correctly_for_one_specific_treatment_arm_"/>
    <testcase time="0.0910000000000082" classname="table_disclosures" name="Table_of_Serious_Adverse_Events_is_produced_correctly_for_one_specific_treatment_arm_"/>
    <testcase time="0.433999999999997" classname="table_disclosures" name="Table_of_Non_Serious_Adverse_Events_is_produced_correctly"/>
    <testcase time="0.123999999999995" classname="table_disclosures" name="Table_of_Non_Serious_Adverse_Events_is_produced_correctly"/>
  </testsuite>
  <testsuite name="table_dmt01" timestamp="2025-12-30T13:48:35Z" hostname="57a89dd7f7e7" tests="10" skipped="0" failures="0" errors="0" time="2.973">
    <testcase time="1.26100000000001" classname="table_dmt01" name="DMT01_variant_1_is_produced_correctly"/>
    <testcase time="0.158999999999992" classname="table_dmt01" name="DMT01_variant_1_is_produced_correctly"/>
    <testcase time="0.268000000000001" classname="table_dmt01" name="DMT01_variant_2_is_produced_correctly"/>
    <testcase time="0.143000000000001" classname="table_dmt01" name="DMT01_variant_2_is_produced_correctly"/>
    <testcase time="0.316000000000003" classname="table_dmt01" name="DMT01_variant_3_is_produced_correctly"/>
    <testcase time="0.152999999999992" classname="table_dmt01" name="DMT01_variant_3_is_produced_correctly"/>
    <testcase time="0.228000000000009" classname="table_dmt01" name="DMT01_variant_4_is_produced_correctly"/>
    <testcase time="0.131999999999991" classname="table_dmt01" name="DMT01_variant_4_is_produced_correctly"/>
    <testcase time="0.195000000000007" classname="table_dmt01" name="DMT01_variant_5_is_produced_correctly"/>
    <testcase time="0.117999999999995" classname="table_dmt01" name="DMT01_variant_5_is_produced_correctly"/>
  </testsuite>
  <testsuite name="table_dort01" timestamp="2025-12-30T13:48:37Z" hostname="57a89dd7f7e7" tests="8" skipped="0" failures="0" errors="0" time="1.573">
    <testcase time="0.332000000000008" classname="table_dort01" name="DORT01_variant_1_is_produced_correctly"/>
    <testcase time="0.0879999999999939" classname="table_dort01" name="DORT01_variant_1_is_produced_correctly"/>
    <testcase time="0.310999999999993" classname="table_dort01" name="DORT01_variant_2_selecting_sectons_is_produced_correctly"/>
    <testcase time="0.0810000000000031" classname="table_dort01" name="DORT01_variant_2_selecting_sectons_is_produced_correctly"/>
    <testcase time="0.291000000000011" classname="table_dort01" name="DORT01_variant_3_modifying_conftype_and_alpha_level_is_produced_correctly"/>
    <testcase time="0.090999999999994" classname="table_dort01" name="DORT01_variant_3_modifying_conftype_and_alpha_level_is_produced_correctly"/>
    <testcase time="0.280000000000001" classname="table_dort01" name="DORT01_variant_4_modifying_time_point_for_the_xx_duration_is_produced_correctly"/>
    <testcase time="0.0990000000000038" classname="table_dort01" name="DORT01_variant_4_modifying_time_point_for_the_xx_duration_is_produced_correctly"/>
  </testsuite>
  <testsuite name="table_dst01" timestamp="2025-12-30T13:48:38Z" hostname="57a89dd7f7e7" tests="6" skipped="0" failures="0" errors="0" time="0.764">
    <testcase time="0.163999999999987" classname="table_dst01" name="DST01_default_variant_is_produced_correctly"/>
    <testcase time="0.0730000000000075" classname="table_dst01" name="DST01_default_variant_is_produced_correctly"/>
    <testcase time="0.263000000000005" classname="table_dst01" name="DST01_variants_2_and_3_are_produced_correctly"/>
    <testcase time="0.0779999999999887" classname="table_dst01" name="DST01_variants_2_and_3_are_produced_correctly"/>
    <testcase time="0.0960000000000036" classname="table_dst01" name="DST01_variants_2_and_3_are_produced_correctly"/>
    <testcase time="0.0900000000000034" classname="table_dst01" name="DST01_variants_2_and_3_are_produced_correctly"/>
  </testsuite>
  <testsuite name="table_dtht01" timestamp="2025-12-30T13:48:39Z" hostname="57a89dd7f7e7" tests="8" skipped="0" failures="0" errors="0" time="1.231">
    <testcase time="0.141999999999996" classname="table_dtht01" name="DTHT01_variant_1_is_produced_correctly"/>
    <testcase time="0.0720000000000027" classname="table_dtht01" name="DTHT01_variant_1_is_produced_correctly"/>
    <testcase time="0.307000000000002" classname="table_dtht01" name="DTHT01_variant_2_is_produced_correctly"/>
    <testcase time="0.143999999999991" classname="table_dtht01" name="DTHT01_variant_2_is_produced_correctly"/>
    <testcase time="0.175000000000011" classname="table_dtht01" name="DTHT01_variant_3_is_produced_correctly"/>
    <testcase time="0.0899999999999892" classname="table_dtht01" name="DTHT01_variant_3_is_produced_correctly"/>
    <testcase time="0.209000000000003" classname="table_dtht01" name="DTHT01_variant_4_is_produced_correctly"/>
    <testcase time="0.0919999999999987" classname="table_dtht01" name="DTHT01_variant_4_is_produced_correctly"/>
  </testsuite>
  <testsuite name="table_egt01" timestamp="2025-12-30T13:48:41Z" hostname="57a89dd7f7e7" tests="2" skipped="0" failures="0" errors="0" time="3.963">
    <testcase time="2.89800000000001" classname="table_egt01" name="EGT01_default_variant_is_produced_correctly"/>
    <testcase time="1.065" classname="table_egt01" name="EGT01_default_variant_is_produced_correctly"/>
  </testsuite>
  <testsuite name="table_egt02" timestamp="2025-12-30T13:48:45Z" hostname="57a89dd7f7e7" tests="4" skipped="0" failures="0" errors="0" time="1.519">
    <testcase time="1.22099999999999" classname="table_egt02" name="_EGT02_1._Regardless_of_Abnormality_at_Baseline"/>
    <testcase time="0.0660000000000025" classname="table_egt02" name="_EGT02_1._Regardless_of_Abnormality_at_Baseline"/>
    <testcase time="0.173000000000002" classname="table_egt02" name="_EGT02_2._Among_Subjects_Without_Abnormality_at_Baseline"/>
    <testcase time="0.0589999999999975" classname="table_egt02" name="_EGT02_2._Among_Subjects_Without_Abnormality_at_Baseline"/>
  </testsuite>
  <testsuite name="table_egt03" timestamp="2025-12-30T13:48:46Z" hostname="57a89dd7f7e7" tests="8" skipped="0" failures="0" errors="0" time="1.145">
    <testcase time="0.213000000000008" classname="table_egt03" name="EGT03_variant_1_is_produced_correctly"/>
    <testcase time="0.102999999999994" classname="table_egt03" name="EGT03_variant_1_is_produced_correctly"/>
    <testcase time="0.146000000000001" classname="table_egt03" name="EGT03_variant_2_is_produced_correctly"/>
    <testcase time="0.0750000000000028" classname="table_egt03" name="EGT03_variant_2_is_produced_correctly"/>
    <testcase time="0.200000000000003" classname="table_egt03" name="EGT03_variant_3_is_produced_correctly"/>
    <testcase time="0.102999999999994" classname="table_egt03" name="EGT03_variant_3_is_produced_correctly"/>
    <testcase time="0.201000000000008" classname="table_egt03" name="EGT03_variant_4_is_produced_correctly"/>
    <testcase time="0.103999999999999" classname="table_egt03" name="EGT03_variant_4_is_produced_correctly"/>
  </testsuite>
  <testsuite name="table_egt04" timestamp="2025-12-30T13:48:48Z" hostname="57a89dd7f7e7" tests="2" skipped="0" failures="0" errors="0" time="1.501">
    <testcase time="1.43199999999999" classname="table_egt04" name="EGT04_default_variant_is_produced_correctly"/>
    <testcase time="0.0690000000000026" classname="table_egt04" name="EGT04_default_variant_is_produced_correctly"/>
  </testsuite>
  <testsuite name="table_egt05_qtcat" timestamp="2025-12-30T13:48:50Z" hostname="57a89dd7f7e7" tests="2" skipped="0" failures="0" errors="0" time="2.325">
    <testcase time="1.87700000000001" classname="table_egt05_qtcat" name="EGT05_QTCAT_default_variant_is_produced_correctly"/>
    <testcase time="0.447999999999993" classname="table_egt05_qtcat" name="EGT05_QTCAT_default_variant_is_produced_correctly"/>
  </testsuite>
  <testsuite name="table_ent" timestamp="2025-12-30T13:48:51Z" hostname="57a89dd7f7e7" tests="8" skipped="0" failures="0" errors="0" time="14.959">
    <testcase time="3.735" classname="table_ent" name="ENT01_IT_is_produced_correctly"/>
    <testcase time="0.570000000000007" classname="table_ent" name="ENT01_IT_is_produced_correctly"/>
    <testcase time="2.443" classname="table_ent" name="ENT01a_IT_is_produced_correctly"/>
    <testcase time="0.545999999999992" classname="table_ent" name="ENT01a_IT_is_produced_correctly"/>
    <testcase time="3.90899999999999" classname="table_ent" name="ENT02_IT_is_produced_correctly"/>
    <testcase time="0.596000000000004" classname="table_ent" name="ENT02_IT_is_produced_correctly"/>
    <testcase time="2.583" classname="table_ent" name="ENT02a_IT_is_produced_correctly"/>
    <testcase time="0.576999999999998" classname="table_ent" name="ENT02a_IT_is_produced_correctly"/>
  </testsuite>
  <testsuite name="table_eudrat01" timestamp="2025-12-30T13:49:06Z" hostname="57a89dd7f7e7" tests="2" skipped="0" failures="0" errors="0" time="0.899">
    <testcase time="0.79000000000002" classname="table_eudrat01" name="EUDRAT01_is_produced_correctly"/>
    <testcase time="0.10899999999998" classname="table_eudrat01" name="EUDRAT01_is_produced_correctly"/>
  </testsuite>
  <testsuite name="table_eudrat02" timestamp="2025-12-30T13:49:07Z" hostname="57a89dd7f7e7" tests="2" skipped="0" failures="0" errors="0" time="0.456">
    <testcase time="0.371000000000009" classname="table_eudrat02" name="EUDRAT02_is_produced_correctly"/>
    <testcase time="0.085000000000008" classname="table_eudrat02" name="EUDRAT02_is_produced_correctly"/>
  </testsuite>
  <testsuite name="table_ext01" timestamp="2025-12-30T13:49:07Z" hostname="57a89dd7f7e7" tests="6" skipped="0" failures="0" errors="0" time="1.525">
    <testcase time="0.394000000000005" classname="table_ext01" name="EXT01_default_variant_with_numeric_parameters_is_produced_correctly"/>
    <testcase time="0.128999999999991" classname="table_ext01" name="EXT01_default_variant_with_numeric_parameters_is_produced_correctly"/>
    <testcase time="0.282999999999987" classname="table_ext01" name="EXT01_variant_with_both_numeric_and_categorical_parameters"/>
    <testcase time="0.164000000000016" classname="table_ext01" name="EXT01_variant_with_both_numeric_and_categorical_parameters"/>
    <testcase time="0.349999999999994" classname="table_ext01" name="EXT01_variant_with_user_specified_categories_for_missed_doses"/>
    <testcase time="0.205000000000013" classname="table_ext01" name="EXT01_variant_with_user_specified_categories_for_missed_doses"/>
  </testsuite>
  <testsuite name="table_jnj_tbl1" timestamp="2025-12-30T13:49:09Z" hostname="57a89dd7f7e7" tests="2" skipped="0" failures="0" errors="0" time="0.254">
    <testcase time="0.179999999999978" classname="table_jnj_tbl1" name="DMT01_variant_factor_with_only_Missing_values"/>
    <testcase time="0.0740000000000123" classname="table_jnj_tbl1" name="DMT01_variant_factor_with_only_Missing_values"/>
  </testsuite>
  <testsuite name="table_lbt01" timestamp="2025-12-30T13:49:10Z" hostname="57a89dd7f7e7" tests="2" skipped="0" failures="0" errors="0" time="2.036">
    <testcase time="1.559" classname="table_lbt01" name="LBT01_default_variant_is_produced_correctly"/>
    <testcase time="0.477000000000004" classname="table_lbt01" name="LBT01_default_variant_is_produced_correctly"/>
  </testsuite>
  <testsuite name="table_lbt02" timestamp="2025-12-30T13:49:11Z" hostname="57a89dd7f7e7" tests="2" skipped="0" failures="0" errors="0" time="1.391">
    <testcase time="0.944999999999993" classname="table_lbt02" name="LBT02_default_variant_is_produced_correctly"/>
    <testcase time="0.445999999999998" classname="table_lbt02" name="LBT02_default_variant_is_produced_correctly"/>
  </testsuite>
  <testsuite name="table_lbt03" timestamp="2025-12-30T13:49:12Z" hostname="57a89dd7f7e7" tests="2" skipped="0" failures="0" errors="0" time="0.246">
[...]
Backtrace:
     x
  1. +-testthat::expect_snapshot_file(...) at test-tsicm03.R:2:3
  2. | \-testthat:::check_string(path)
  3. |   \-testthat:::.rlang_check_is_string(...)
  4. |     \-rlang::is_string(x)
  5. +-scda.test:::write_test_rtf_for("tsicm03.R")
  6. | \-base::source(ipath) at ./helper.R:20:3
  7. |   +-base::withVisible(eval(ei, envir))
  8. |   \-base::eval(ei, envir)
  9. |     \-base::eval(ei, envir)
 10. \-base::library(envsetup)</error>
    </testcase>
  </testsuite>
  <testsuite name="tsicm04" timestamp="2025-12-30T13:50:35Z" hostname="57a89dd7f7e7" tests="1" skipped="0" failures="0" errors="1" time="0.042">
    <testcase time="0.0420000000000016" classname="tsicm04" name="tsicm04">
      <error type="error" message="&lt;packageNotFoundError/error/condition&gt; ('test-tsicm04.R:2:3')">&lt;packageNotFoundError/error/condition&gt;
Error in `library(envsetup)`: there is no package called 'envsetup'
Backtrace:
     x
  1. +-testthat::expect_snapshot_file(...) at test-tsicm04.R:2:3
  2. | \-testthat:::check_string(path)
  3. |   \-testthat:::.rlang_check_is_string(...)
  4. |     \-rlang::is_string(x)
  5. +-scda.test:::write_test_rtf_for("tsicm04.R")
  6. | \-base::source(ipath) at ./helper.R:20:3
  7. |   +-base::withVisible(eval(ei, envir))
  8. |   \-base::eval(ei, envir)
  9. |     \-base::eval(ei, envir)
 10. \-base::library(envsetup)</error>
    </testcase>
  </testsuite>
  <testsuite name="tsicm05" timestamp="2025-12-30T13:50:35Z" hostname="57a89dd7f7e7" tests="1" skipped="0" failures="0" errors="1" time="0.029">
    <testcase time="0.0289999999999964" classname="tsicm05" name="tsicm05">
      <error type="error" message="&lt;packageNotFoundError/error/condition&gt; ('test-tsicm05.R:2:3')">&lt;packageNotFoundError/error/condition&gt;
Error in `library(envsetup)`: there is no package called 'envsetup'
Backtrace:
     x
  1. +-testthat::expect_snapshot_file(...) at test-tsicm05.R:2:3
  2. | \-testthat:::check_string(path)
  3. |   \-testthat:::.rlang_check_is_string(...)
  4. |     \-rlang::is_string(x)
  5. +-scda.test:::write_test_rtf_for("tsicm05.R")
  6. | \-base::source(ipath) at ./helper.R:20:3
  7. |   +-base::withVisible(eval(ei, envir))
  8. |   \-base::eval(ei, envir)
  9. |     \-base::eval(ei, envir)
 10. \-base::library(envsetup)</error>
    </testcase>
  </testsuite>
  <testsuite name="tsicm06" timestamp="2025-12-30T13:50:36Z" hostname="57a89dd7f7e7" tests="1" skipped="0" failures="0" errors="1" time="0.03">
    <testcase time="0.0300000000000011" classname="tsicm06" name="tsicm06">
      <error type="error" message="&lt;packageNotFoundError/error/condition&gt; ('test-tsicm06.R:2:3')">&lt;packageNotFoundError/error/condition&gt;
Error in `library(envsetup)`: there is no package called 'envsetup'
Backtrace:
     x
  1. +-testthat::expect_snapshot_file(...) at test-tsicm06.R:2:3
  2. | \-testthat:::check_string(path)
  3. |   \-testthat:::.rlang_check_is_string(...)
  4. |     \-rlang::is_string(x)
  5. +-scda.test:::write_test_rtf_for("tsicm06.R")
  6. | \-base::source(ipath) at ./helper.R:20:3
  7. |   +-base::withVisible(eval(ei, envir))
  8. |   \-base::eval(ei, envir)
  9. |     \-base::eval(ei, envir)
 10. \-base::library(envsetup)</error>
    </testcase>
  </testsuite>
  <testsuite name="tsicm07" timestamp="2025-12-30T13:50:36Z" hostname="57a89dd7f7e7" tests="1" skipped="0" failures="0" errors="1" time="0.029">
    <testcase time="0.0289999999999964" classname="tsicm07" name="tsicm07">
      <error type="error" message="&lt;packageNotFoundError/error/condition&gt; ('test-tsicm07.R:2:3')">&lt;packageNotFoundError/error/condition&gt;
Error in `library(envsetup)`: there is no package called 'envsetup'
Backtrace:
     x
  1. +-testthat::expect_snapshot_file(...) at test-tsicm07.R:2:3
  2. | \-testthat:::check_string(path)
  3. |   \-testthat:::.rlang_check_is_string(...)
  4. |     \-rlang::is_string(x)
  5. +-scda.test:::write_test_rtf_for("tsicm07.R")
  6. | \-base::source(ipath) at ./helper.R:20:3
  7. |   +-base::withVisible(eval(ei, envir))
  8. |   \-base::eval(ei, envir)
  9. |     \-base::eval(ei, envir)
 10. \-base::library(envsetup)</error>
    </testcase>
  </testsuite>
  <testsuite name="tsicm08" timestamp="2025-12-30T13:50:36Z" hostname="57a89dd7f7e7" tests="1" skipped="0" failures="0" errors="1" time="0.03">
    <testcase time="0.0300000000000011" classname="tsicm08" name="tsicm08">
      <error type="error" message="&lt;packageNotFoundError/error/condition&gt; ('test-tsicm08.R:2:3')">&lt;packageNotFoundError/error/condition&gt;
Error in `library(envsetup)`: there is no package called 'envsetup'
Backtrace:
     x
  1. +-testthat::expect_snapshot_file(...) at test-tsicm08.R:2:3
  2. | \-testthat:::check_string(path)
  3. |   \-testthat:::.rlang_check_is_string(...)
  4. |     \-rlang::is_string(x)
  5. +-scda.test:::write_test_rtf_for("tsicm08.R")
  6. | \-base::source(ipath) at ./helper.R:20:3
  7. |   +-base::withVisible(eval(ei, envir))
  8. |   \-base::eval(ei, envir)
  9. |     \-base::eval(ei, envir)
 10. \-base::library(envsetup)</error>
    </testcase>
  </testsuite>
  <testsuite name="tsidem01" timestamp="2025-12-30T13:50:36Z" hostname="57a89dd7f7e7" tests="1" skipped="0" failures="0" errors="1" time="0.03">
    <testcase time="0.0300000000000011" classname="tsidem01" name="tsidem01">
      <error type="error" message="&lt;packageNotFoundError/error/condition&gt; ('test-tsidem01.R:2:3')">&lt;packageNotFoundError/error/condition&gt;
Error in `library(envsetup)`: there is no package called 'envsetup'
Backtrace:
     x
  1. +-testthat::expect_snapshot_file(...) at test-tsidem01.R:2:3
  2. | \-testthat:::check_string(path)
  3. |   \-testthat:::.rlang_check_is_string(...)
  4. |     \-rlang::is_string(x)
  5. +-scda.test:::write_test_rtf_for("tsidem01.R")
  6. | \-base::source(ipath) at ./helper.R:20:3
  7. |   +-base::withVisible(eval(ei, envir))
  8. |   \-base::eval(ei, envir)
  9. |     \-base::eval(ei, envir)
 10. \-base::library(envsetup)</error>
    </testcase>
  </testsuite>
  <testsuite name="tsidem02" timestamp="2025-12-30T13:50:36Z" hostname="57a89dd7f7e7" tests="1" skipped="0" failures="0" errors="1" time="0.04">
    <testcase time="0.039999999999992" classname="tsidem02" name="tsidem02">
      <error type="error" message="&lt;packageNotFoundError/error/condition&gt; ('test-tsidem02.R:2:3')">&lt;packageNotFoundError/error/condition&gt;
Error in `library(envsetup)`: there is no package called 'envsetup'
Backtrace:
     x
  1. +-testthat::expect_snapshot_file(...) at test-tsidem02.R:2:3
  2. | \-testthat:::check_string(path)
  3. |   \-testthat:::.rlang_check_is_string(...)
  4. |     \-rlang::is_string(x)
  5. +-scda.test:::write_test_rtf_for("tsidem02.R")
  6. | \-base::source(ipath) at ./helper.R:20:3
  7. |   +-base::withVisible(eval(ei, envir))
  8. |   \-base::eval(ei, envir)
  9. |     \-base::eval(ei, envir)
 10. \-base::library(envsetup)</error>
    </testcase>
  </testsuite>
  <testsuite name="tsids01" timestamp="2025-12-30T13:50:36Z" hostname="57a89dd7f7e7" tests="1" skipped="0" failures="0" errors="1" time="0.03">
    <testcase time="0.0300000000000011" classname="tsids01" name="tsids01">
      <error type="error" message="&lt;packageNotFoundError/error/condition&gt; ('test-tsids01.R:2:3')">&lt;packageNotFoundError/error/condition&gt;
Error in `library(envsetup)`: there is no package called 'envsetup'
Backtrace:
     x
  1. +-testthat::expect_snapshot_file(...) at test-tsids01.R:2:3
  2. | \-testthat:::check_string(path)
  3. |   \-testthat:::.rlang_check_is_string(...)
  4. |     \-rlang::is_string(x)
  5. +-scda.test:::write_test_rtf_for("tsids01.R")
  6. | \-base::source(ipath) at ./helper.R:20:3
  7. |   +-base::withVisible(eval(ei, envir))
  8. |   \-base::eval(ei, envir)
  9. |     \-base::eval(ei, envir)
 10. \-base::library(envsetup)</error>
    </testcase>
  </testsuite>
  <testsuite name="tsids02" timestamp="2025-12-30T13:50:36Z" hostname="57a89dd7f7e7" tests="1" skipped="0" failures="0" errors="1" time="0.03">
    <testcase time="0.0300000000000011" classname="tsids02" name="tsids02">
      <error type="error" message="&lt;packageNotFoundError/error/condition&gt; ('test-tsids02.R:2:3')">&lt;packageNotFoundError/error/condition&gt;
Error in `library(envsetup)`: there is no package called 'envsetup'
Backtrace:
     x
  1. +-testthat::expect_snapshot_file(...) at test-tsids02.R:2:3
  2. | \-testthat:::check_string(path)
  3. |   \-testthat:::.rlang_check_is_string(...)
  4. |     \-rlang::is_string(x)
  5. +-scda.test:::write_test_rtf_for("tsids02.R")
  6. | \-base::source(ipath) at ./helper.R:20:3
  7. |   +-base::withVisible(eval(ei, envir))
  8. |   \-base::eval(ei, envir)
  9. |     \-base::eval(ei, envir)
 10. \-base::library(envsetup)</error>
    </testcase>
  </testsuite>
  <testsuite name="tsids02a" timestamp="2025-12-30T13:50:36Z" hostname="57a89dd7f7e7" tests="1" skipped="0" failures="0" errors="1" time="0.029">
    <testcase time="0.0289999999999964" classname="tsids02a" name="tsids02a">
      <error type="error" message="&lt;packageNotFoundError/error/condition&gt; ('test-tsids02a.R:2:3')">&lt;packageNotFoundError/error/condition&gt;
Error in `library(envsetup)`: there is no package called 'envsetup'
Backtrace:
     x
  1. +-testthat::expect_snapshot_file(...) at test-tsids02a.R:2:3
  2. | \-testthat:::check_string(path)
  3. |   \-testthat:::.rlang_check_is_string(...)
  4. |     \-rlang::is_string(x)
  5. +-scda.test:::write_test_rtf_for("tsids02a.R")
  6. | \-base::source(ipath) at ./helper.R:20:3
  7. |   +-base::withVisible(eval(ei, envir))
  8. |   \-base::eval(ei, envir)
  9. |     \-base::eval(ei, envir)
 10. \-base::library(envsetup)</error>
    </testcase>
  </testsuite>
  <testsuite name="tsiex01" timestamp="2025-12-30T13:50:36Z" hostname="57a89dd7f7e7" tests="1" skipped="0" failures="0" errors="1" time="0.03">
    <testcase time="0.0300000000000011" classname="tsiex01" name="tsiex01">
      <error type="error" message="&lt;packageNotFoundError/error/condition&gt; ('test-tsiex01.R:2:3')">&lt;packageNotFoundError/error/condition&gt;
Error in `library(envsetup)`: there is no package called 'envsetup'
Backtrace:
     x
  1. +-testthat::expect_snapshot_file(...) at test-tsiex01.R:2:3
  2. | \-testthat:::check_string(path)
  3. |   \-testthat:::.rlang_check_is_string(...)
  4. |     \-rlang::is_string(x)
  5. +-scda.test:::write_test_rtf_for("tsiex01.R")
  6. | \-base::source(ipath) at ./helper.R:20:3
  7. |   +-base::withVisible(eval(ei, envir))
  8. |   \-base::eval(ei, envir)
  9. |     \-base::eval(ei, envir)
 10. \-base::library(envsetup)</error>
    </testcase>
  </testsuite>
  <testsuite name="tsiex02" timestamp="2025-12-30T13:50:36Z" hostname="57a89dd7f7e7" tests="1" skipped="0" failures="0" errors="1" time="0.039">
    <testcase time="0.0390000000000157" classname="tsiex02" name="tsiex02">
      <error type="error" message="&lt;packageNotFoundError/error/condition&gt; ('test-tsiex02.R:2:3')">&lt;packageNotFoundError/error/condition&gt;
Error in `library(envsetup)`: there is no package called 'envsetup'
Backtrace:
     x
  1. +-testthat::expect_snapshot_file(...) at test-tsiex02.R:2:3
  2. | \-testthat:::check_string(path)
  3. |   \-testthat:::.rlang_check_is_string(...)
  4. |     \-rlang::is_string(x)
  5. +-scda.test:::write_test_rtf_for("tsiex02.R")
  6. | \-base::source(ipath) at ./helper.R:20:3
  7. |   +-base::withVisible(eval(ei, envir))
  8. |   \-base::eval(ei, envir)
  9. |     \-base::eval(ei, envir)
 10. \-base::library(envsetup)</error>
    </testcase>
  </testsuite>
  <testsuite name="tsiex03" timestamp="2025-12-30T13:50:36Z" hostname="57a89dd7f7e7" tests="1" skipped="0" failures="0" errors="1" time="0.033">
    <testcase time="0.032999999999987" classname="tsiex03" name="tsiex03">
      <error type="error" message="&lt;packageNotFoundError/error/condition&gt; ('test-tsiex03.R:2:3')">&lt;packageNotFoundError/error/condition&gt;
Error in `library(envsetup)`: there is no package called 'envsetup'
Backtrace:
     x
  1. +-testthat::expect_snapshot_file(...) at test-tsiex03.R:2:3
  2. | \-testthat:::check_string(path)
  3. |   \-testthat:::.rlang_check_is_string(...)
  4. |     \-rlang::is_string(x)
  5. +-scda.test:::write_test_rtf_for("tsiex03.R")
  6. | \-base::source(ipath) at ./helper.R:20:3
  7. |   +-base::withVisible(eval(ei, envir))
  8. |   \-base::eval(ei, envir)
  9. |     \-base::eval(ei, envir)
 10. \-base::library(envsetup)</error>
    </testcase>
  </testsuite>
  <testsuite name="tsiex04" timestamp="2025-12-30T13:50:36Z" hostname="57a89dd7f7e7" tests="1" skipped="0" failures="0" errors="1" time="0.03">
    <testcase time="0.0300000000000011" classname="tsiex04" name="tsiex04">
      <error type="error" message="&lt;packageNotFoundError/error/condition&gt; ('test-tsiex04.R:2:3')">&lt;packageNotFoundError/error/condition&gt;
Error in `library(envsetup)`: there is no package called 'envsetup'
Backtrace:
     x
  1. +-testthat::expect_snapshot_file(...) at test-tsiex04.R:2:3
  2. | \-testthat:::check_string(path)
  3. |   \-testthat:::.rlang_check_is_string(...)
  4. |     \-rlang::is_string(x)
  5. +-scda.test:::write_test_rtf_for("tsiex04.R")
  6. | \-base::source(ipath) at ./helper.R:20:3
  7. |   +-base::withVisible(eval(ei, envir))
  8. |   \-base::eval(ei, envir)
  9. |     \-base::eval(ei, envir)
 10. \-base::library(envsetup)</error>
    </testcase>
  </testsuite>
  <testsuite name="tsiex06" timestamp="2025-12-30T13:50:36Z" hostname="57a89dd7f7e7" tests="1" skipped="0" failures="0" errors="1" time="0.029">
    <testcase time="0.0289999999999964" classname="tsiex06" name="tsiex06">
      <error type="error" message="&lt;packageNotFoundError/error/condition&gt; ('test-tsiex06.R:2:3')">&lt;packageNotFoundError/error/condition&gt;
Error in `library(envsetup)`: there is no package called 'envsetup'
Backtrace:
     x
  1. +-testthat::expect_snapshot_file(...) at test-tsiex06.R:2:3
  2. | \-testthat:::check_string(path)
  3. |   \-testthat:::.rlang_check_is_string(...)
  4. |     \-rlang::is_string(x)
  5. +-scda.test:::write_test_rtf_for("tsiex06.R")
  6. | \-base::source(ipath) at ./helper.R:20:3
  7. |   +-base::withVisible(eval(ei, envir))
  8. |   \-base::eval(ei, envir)
  9. |     \-base::eval(ei, envir)
 10. \-base::library(envsetup)</error>
    </testcase>
  </testsuite>
  <testsuite name="tsiex07" timestamp="2025-12-30T13:50:36Z" hostname="57a89dd7f7e7" tests="1" skipped="0" failures="0" errors="1" time="0.029">
    <testcase time="0.0290000000000248" classname="tsiex07" name="tsiex07">
      <error type="error" message="&lt;packageNotFoundError/error/condition&gt; ('test-tsiex07.R:2:3')">&lt;packageNotFoundError/error/condition&gt;
Error in `library(envsetup)`: there is no package called 'envsetup'
Backtrace:
     x
  1. +-testthat::expect_snapshot_file(...) at test-tsiex07.R:2:3
  2. | \-testthat:::check_string(path)
  3. |   \-testthat:::.rlang_check_is_string(...)
  4. |     \-rlang::is_string(x)
  5. +-scda.test:::write_test_rtf_for("tsiex07.R")
  6. | \-base::source(ipath) at ./helper.R:20:3
  7. |   +-base::withVisible(eval(ei, envir))
  8. |   \-base::eval(ei, envir)
  9. |     \-base::eval(ei, envir)
 10. \-base::library(envsetup)</error>
    </testcase>
  </testsuite>
  <testsuite name="tsiex08" timestamp="2025-12-30T13:50:36Z" hostname="57a89dd7f7e7" tests="1" skipped="0" failures="0" errors="1" time="0.03">
    <testcase time="0.0299999999999727" classname="tsiex08" name="tsiex08">
      <error type="error" message="&lt;packageNotFoundError/error/condition&gt; ('test-tsiex08.R:2:3')">&lt;packageNotFoundError/error/condition&gt;
Error in `library(envsetup)`: there is no package called 'envsetup'
Backtrace:
     x
  1. +-testthat::expect_snapshot_file(...) at test-tsiex08.R:2:3
  2. | \-testthat:::check_string(path)
  3. |   \-testthat:::.rlang_check_is_string(...)
  4. |     \-rlang::is_string(x)
  5. +-scda.test:::write_test_rtf_for("tsiex08.R")
  6. | \-base::source(ipath) at ./helper.R:20:3
  7. |   +-base::withVisible(eval(ei, envir))
  8. |   \-base::eval(ei, envir)
  9. |     \-base::eval(ei, envir)
 10. \-base::library(envsetup)</error>
    </testcase>
  </testsuite>
  <testsuite name="tsiex09" timestamp="2025-12-30T13:50:36Z" hostname="57a89dd7f7e7" tests="1" skipped="0" failures="0" errors="1" time="0.041">
    <testcase time="0.0410000000000252" classname="tsiex09" name="tsiex09">
      <error type="error" message="&lt;packageNotFoundError/error/condition&gt; ('test-tsiex09.R:2:3')">&lt;packageNotFoundError/error/condition&gt;
Error in `library(envsetup)`: there is no package called 'envsetup'
Backtrace:
     x
  1. +-testthat::expect_snapshot_file(...) at test-tsiex09.R:2:3
  2. | \-testthat:::check_string(path)
  3. |   \-testthat:::.rlang_check_is_string(...)
  4. |     \-rlang::is_string(x)
  5. +-scda.test:::write_test_rtf_for("tsiex09.R")
  6. | \-base::source(ipath) at ./helper.R:20:3
  7. |   +-base::withVisible(eval(ei, envir))
  8. |   \-base::eval(ei, envir)
  9. |     \-base::eval(ei, envir)
 10. \-base::library(envsetup)</error>
    </testcase>
  </testsuite>
  <testsuite name="tsiex10" timestamp="2025-12-30T13:50:36Z" hostname="57a89dd7f7e7" tests="1" skipped="0" failures="0" errors="1" time="0.03">
    <testcase time="0.0300000000000011" classname="tsiex10" name="tsiex10">
      <error type="error" message="&lt;packageNotFoundError/error/condition&gt; ('test-tsiex10.R:2:3')">&lt;packageNotFoundError/error/condition&gt;
Error in `library(envsetup)`: there is no package called 'envsetup'
Backtrace:
     x
  1. +-testthat::expect_snapshot_file(...) at test-tsiex10.R:2:3
  2. | \-testthat:::check_string(path)
  3. |   \-testthat:::.rlang_check_is_string(...)
  4. |     \-rlang::is_string(x)
  5. +-scda.test:::write_test_rtf_for("tsiex10.R")
  6. | \-base::source(ipath) at ./helper.R:20:3
  7. |   +-base::withVisible(eval(ei, envir))
  8. |   \-base::eval(ei, envir)
  9. |     \-base::eval(ei, envir)
 10. \-base::library(envsetup)</error>
    </testcase>
  </testsuite>
  <testsuite name="tsiex11" timestamp="2025-12-30T13:50:36Z" hostname="57a89dd7f7e7" tests="1" skipped="0" failures="0" errors="1" time="0.03">
    <testcase time="0.0300000000000011" classname="tsiex11" name="tsiex11">
      <error type="error" message="&lt;packageNotFoundError/error/condition&gt; ('test-tsiex11.R:2:3')">&lt;packageNotFoundError/error/condition&gt;
Error in `library(envsetup)`: there is no package called 'envsetup'
Backtrace:
     x
  1. +-testthat::expect_snapshot_file(...) at test-tsiex11.R:2:3
  2. | \-testthat:::check_string(path)
  3. |   \-testthat:::.rlang_check_is_string(...)
  4. |     \-rlang::is_string(x)
  5. +-scda.test:::write_test_rtf_for("tsiex11.R")
  6. | \-base::source(ipath) at ./helper.R:20:3
  7. |   +-base::withVisible(eval(ei, envir))
  8. |   \-base::eval(ei, envir)
  9. |     \-base::eval(ei, envir)
 10. \-base::library(envsetup)</error>
    </testcase>
  </testsuite>
  <testsuite name="tsimh01" timestamp="2025-12-30T13:50:36Z" hostname="57a89dd7f7e7" tests="1" skipped="0" failures="0" errors="1" time="0.029">
    <testcase time="0.0289999999999964" classname="tsimh01" name="tsimh01">
      <error type="error" message="&lt;packageNotFoundError/error/condition&gt; ('test-tsimh01.R:2:3')">&lt;packageNotFoundError/error/condition&gt;
Error in `library(envsetup)`: there is no package called 'envsetup'
Backtrace:
     x
  1. +-testthat::expect_snapshot_file(...) at test-tsimh01.R:2:3
  2. | \-testthat:::check_string(path)
  3. |   \-testthat:::.rlang_check_is_string(...)
  4. |     \-rlang::is_string(x)
  5. +-scda.test:::write_test_rtf_for("tsimh01.R")
  6. | \-base::source(ipath) at ./helper.R:20:3
  7. |   +-base::withVisible(eval(ei, envir))
  8. |   \-base::eval(ei, envir)
  9. |     \-base::eval(ei, envir)
 10. \-base::library(envsetup)</error>
    </testcase>
  </testsuite>
</testsuites>
