<?xml version="1.0" encoding="UTF-8"?>
<testsuites>
  <testsuite name="char-support" timestamp="2026-01-02T09:32:02Z" hostname="c7e632cf6030" tests="6" skipped="0" failures="0" errors="0" time="3.093">
    <testcase time="1.038" classname="char_support" name="CRITDIR_is_factor_and_one_PARAMCD_is_not_available_on_all_AVISITS"/>
    <testcase time="0.318999999999999" classname="char_support" name="CRITDIR_is_factor_and_one_PARAMCD_is_not_available_on_all_AVISITS"/>
    <testcase time="0.565" classname="char_support" name="CRITDIR_is_not_factor_and_all_PARAMCD_available_on_all_AVISITS"/>
    <testcase time="0.340000000000002" classname="char_support" name="CRITDIR_is_not_factor_and_all_PARAMCD_available_on_all_AVISITS"/>
    <testcase time="0.575999999999999" classname="char_support" name="CRITDIR_is_not_factor_and_one_PARAMCD_is_not_available_on_all_AVISITS"/>
    <testcase time="0.255000000000001" classname="char_support" name="CRITDIR_is_not_factor_and_one_PARAMCD_is_not_available_on_all_AVISITS"/>
  </testsuite>
  <testsuite name="listing_adal02" timestamp="2026-01-02T09:32:05Z" hostname="c7e632cf6030" tests="1" skipped="0" failures="0" errors="0" time="0.16">
    <testcase time="0.16" classname="listing_adal02" name="ADAL02_listing_is_produced_correctly"/>
  </testsuite>
  <testsuite name="listing_ael01" timestamp="2026-01-02T09:32:06Z" hostname="c7e632cf6030" tests="1" skipped="0" failures="0" errors="0" time="0.113">
    <testcase time="0.113" classname="listing_ael01" name="AEL01_listing_is_produced_correctly"/>
  </testsuite>
  <testsuite name="listing_ael01_nollt" timestamp="2026-01-02T09:32:06Z" hostname="c7e632cf6030" tests="1" skipped="0" failures="0" errors="0" time="0.045">
    <testcase time="0.0449999999999999" classname="listing_ael01_nollt" name="AEL01_NOLLT_listing_is_produced_correctly"/>
  </testsuite>
  <testsuite name="listing_ael02" timestamp="2026-01-02T09:32:06Z" hostname="c7e632cf6030" tests="1" skipped="0" failures="0" errors="0" time="0.241">
    <testcase time="0.241" classname="listing_ael02" name="AEL02_listing_is_produced_correctly"/>
  </testsuite>
  <testsuite name="listing_ael02_ed" timestamp="2026-01-02T09:32:06Z" hostname="c7e632cf6030" tests="1" skipped="0" failures="0" errors="0" time="0.282">
    <testcase time="0.282" classname="listing_ael02_ed" name="AEL02_ED_listing_is_produced_correctly"/>
  </testsuite>
  <testsuite name="listing_ael03" timestamp="2026-01-02T09:32:06Z" hostname="c7e632cf6030" tests="1" skipped="0" failures="0" errors="0" time="0.231">
    <testcase time="0.231" classname="listing_ael03" name="AEL03_listing_is_produced_correctly"/>
  </testsuite>
  <testsuite name="listing_ael04" timestamp="2026-01-02T09:32:06Z" hostname="c7e632cf6030" tests="1" skipped="0" failures="0" errors="0" time="0.165">
    <testcase time="0.165000000000001" classname="listing_ael04" name="AEL04_listing_is_produced_correctly"/>
  </testsuite>
  <testsuite name="listing_cml01" timestamp="2026-01-02T09:32:07Z" hostname="c7e632cf6030" tests="1" skipped="0" failures="0" errors="0" time="0.284">
    <testcase time="0.283999999999999" classname="listing_cml01" name="CML01_listing_is_produced_correctly"/>
  </testsuite>
  <testsuite name="listing_cml02a_gl" timestamp="2026-01-02T09:32:07Z" hostname="c7e632cf6030" tests="1" skipped="0" failures="0" errors="0" time="0.096">
    <testcase time="0.0960000000000001" classname="listing_cml02a_gl" name="CML02A_GL_listing_is_produced_correctly"/>
  </testsuite>
  <testsuite name="listing_cml02b_gl" timestamp="2026-01-02T09:32:07Z" hostname="c7e632cf6030" tests="1" skipped="0" failures="0" errors="0" time="0.141">
    <testcase time="0.141" classname="listing_cml02b_gl" name="CML02B_GL_listing_is_produced_correctly"/>
  </testsuite>
  <testsuite name="listing_dsl01" timestamp="2026-01-02T09:32:07Z" hostname="c7e632cf6030" tests="1" skipped="0" failures="0" errors="0" time="0.136">
    <testcase time="0.136000000000001" classname="listing_dsl01" name="DSL01_listing_is_produced_correctly"/>
  </testsuite>
  <testsuite name="listing_dsl02" timestamp="2026-01-02T09:32:07Z" hostname="c7e632cf6030" tests="1" skipped="0" failures="0" errors="0" time="0.061">
    <testcase time="0.0609999999999999" classname="listing_dsl02" name="DSL02_listing_is_produced_correctly"/>
  </testsuite>
  <testsuite name="listing_dsur4" timestamp="2026-01-02T09:32:07Z" hostname="c7e632cf6030" tests="1" skipped="0" failures="0" errors="0" time="0.08">
    <testcase time="0.0800000000000001" classname="listing_dsur4" name="DSUR4_listing_is_produced_correctly"/>
  </testsuite>
  <testsuite name="listing_egl01" timestamp="2026-01-02T09:32:07Z" hostname="c7e632cf6030" tests="1" skipped="0" failures="0" errors="0" time="0.37">
    <testcase time="0.369999999999999" classname="listing_egl01" name="EGL01_listing_is_produced_correctly"/>
  </testsuite>
  <testsuite name="listing_exl01" timestamp="2026-01-02T09:32:08Z" hostname="c7e632cf6030" tests="1" skipped="0" failures="0" errors="0" time="0.183">
    <testcase time="0.183" classname="listing_exl01" name="EXL01_listing_is_produced_correctly"/>
  </testsuite>
  <testsuite name="listing_lbl01" timestamp="2026-01-02T09:32:08Z" hostname="c7e632cf6030" tests="1" skipped="0" failures="0" errors="0" time="0.483">
    <testcase time="0.483000000000001" classname="listing_lbl01" name="LBL01_listing_is_produced_correctly"/>
  </testsuite>
  <testsuite name="listing_lbl01_rls" timestamp="2026-01-02T09:32:08Z" hostname="c7e632cf6030" tests="1" skipped="0" failures="0" errors="0" time="0.47">
    <testcase time="0.470000000000001" classname="listing_lbl01_rls" name="LBL01_RLS_listing_is_produced_correctly"/>
  </testsuite>
  <testsuite name="listing_lbl02a" timestamp="2026-01-02T09:32:09Z" hostname="c7e632cf6030" tests="1" skipped="0" failures="0" errors="0" time="0.213">
    <testcase time="0.212999999999999" classname="listing_lbl02a" name="LBL02A_listing_is_produced_correctly"/>
  </testsuite>
  <testsuite name="listing_lbl02a_rls" timestamp="2026-01-02T09:32:09Z" hostname="c7e632cf6030" tests="1" skipped="0" failures="0" errors="0" time="0.714">
    <testcase time="0.713999999999999" classname="listing_lbl02a_rls" name="LBL02A_RLS_listing_is_produced_correctly"/>
  </testsuite>
  <testsuite name="listing_lbl02b" timestamp="2026-01-02T09:32:10Z" hostname="c7e632cf6030" tests="1" skipped="0" failures="0" errors="0" time="0.218">
    <testcase time="0.218" classname="listing_lbl02b" name="LBL02B_listing_is_produced_correctly"/>
  </testsuite>
  <testsuite name="listing_mhl01" timestamp="2026-01-02T09:32:10Z" hostname="c7e632cf6030" tests="1" skipped="0" failures="0" errors="0" time="0.22">
    <testcase time="0.220000000000002" classname="listing_mhl01" name="MHL01_listing_is_produced_correctly"/>
  </testsuite>
  <testsuite name="listing_oncl01" timestamp="2026-01-02T09:32:10Z" hostname="c7e632cf6030" tests="1" skipped="0" failures="0" errors="0" time="0.182">
    <testcase time="0.181999999999999" classname="listing_oncl01" name="ONCL01_listing_is_produced_correctly"/>
  </testsuite>
  <testsuite name="listing_pkcl01" timestamp="2026-01-02T09:32:10Z" hostname="c7e632cf6030" tests="2" skipped="0" failures="0" errors="0" time="0.423">
    <testcase time="0.141999999999999" classname="listing_pkcl01" name="PKCL01_listing_is_produced_correctly"/>
    <testcase time="0.281000000000002" classname="listing_pkcl01" name="PKCL01_listing_key_columns_values_are_repeated_when_entries_span_multiple_pages"/>
  </testsuite>
  <testsuite name="listing_pkcl02" timestamp="2026-01-02T09:32:11Z" hostname="c7e632cf6030" tests="1" skipped="0" failures="0" errors="0" time="0.173">
    <testcase time="0.172999999999998" classname="listing_pkcl02" name="PKCL02_listing_is_produced_correctly"/>
  </testsuite>
  <testsuite name="listing_pkpl01" timestamp="2026-01-02T09:32:11Z" hostname="c7e632cf6030" tests="1" skipped="0" failures="0" errors="0" time="0.174">
    <testcase time="0.173999999999999" classname="listing_pkpl01" name="PKPL01_listing_is_produced_correctly"/>
  </testsuite>
  <testsuite name="listing_pkpl02" timestamp="2026-01-02T09:32:11Z" hostname="c7e632cf6030" tests="1" skipped="0" failures="0" errors="0" time="0.105">
    <testcase time="0.105" classname="listing_pkpl02" name="PKPL02_listing_is_produced_correctly"/>
  </testsuite>
  <testsuite name="listing_pkpl04" timestamp="2026-01-02T09:32:11Z" hostname="c7e632cf6030" tests="1" skipped="0" failures="0" errors="0" time="0.17">
    <testcase time="0.170000000000002" classname="listing_pkpl04" name="PKPL04_listing_is_produced_correctly"/>
  </testsuite>
  <testsuite name="listing_vsl01" timestamp="2026-01-02T09:32:12Z" hostname="c7e632cf6030" tests="1" skipped="0" failures="0" errors="0" time="0.367">
    <testcase time="0.366999999999997" classname="listing_vsl01" name="VSL01_listing_is_produced_correctly"/>
  </testsuite>
  <testsuite name="lsfae01" timestamp="2026-01-02T09:32:12Z" hostname="c7e632cf6030" tests="1" skipped="0" failures="0" errors="0" time="1.121">
    <testcase time="1.121" classname="lsfae01" name="lsfae01"/>
  </testsuite>
  <testsuite name="lsfae02" timestamp="2026-01-02T09:32:13Z" hostname="c7e632cf6030" tests="1" skipped="0" failures="0" errors="0" time="0.99">
    <testcase time="0.989999999999998" classname="lsfae02" name="lsfae02"/>
  </testsuite>
  <testsuite name="lsfae03" timestamp="2026-01-02T09:32:14Z" hostname="c7e632cf6030" tests="1" skipped="0" failures="0" errors="0" time="0.655">
    <testcase time="0.655000000000001" classname="lsfae03" name="lsfae03"/>
  </testsuite>
  <testsuite name="lsfae04" timestamp="2026-01-02T09:32:15Z" hostname="c7e632cf6030" tests="1" skipped="0" failures="0" errors="0" time="0.249">
    <testcase time="0.248999999999999" classname="lsfae04" name="lsfae04"/>
  </testsuite>
  <testsuite name="lsfae05" timestamp="2026-01-02T09:32:15Z" hostname="c7e632cf6030" tests="1" skipped="0" failures="0" errors="0" time="1.274">
    <testcase time="1.274" classname="lsfae05" name="lsfae05"/>
  </testsuite>
  <testsuite name="lsfae06a" timestamp="2026-01-02T09:32:16Z" hostname="c7e632cf6030" tests="1" skipped="0" failures="0" errors="0" time="0.893">
    <testcase time="0.893000000000001" classname="lsfae06a" name="lsfae06a"/>
  </testsuite>
  <testsuite name="lsfae06b" timestamp="2026-01-02T09:32:17Z" hostname="c7e632cf6030" tests="1" skipped="0" failures="0" errors="0" time="0.857">
    <testcase time="0.856999999999999" classname="lsfae06b" name="lsfae06b"/>
  </testsuite>
  <testsuite name="lsfdth01" timestamp="2026-01-02T09:32:18Z" hostname="c7e632cf6030" tests="1" skipped="0" failures="0" errors="0" time="0.25">
    <testcase time="0.25" classname="lsfdth01" name="lsfdth01"/>
  </testsuite>
  <testsuite name="lsfecg01" timestamp="2026-01-02T09:32:18Z" hostname="c7e632cf6030" tests="1" skipped="0" failures="0" errors="0" time="0.985">
    <testcase time="0.984999999999999" classname="lsfecg01" name="lsfecg01"/>
  </testsuite>
  <testsuite name="lsfecg02part1" timestamp="2026-01-02T09:32:19Z" hostname="c7e632cf6030" tests="1" skipped="0" failures="0" errors="0" time="2.405">
    <testcase time="2.405" classname="lsfecg02part1" name="lsfecg02part1of3"/>
  </testsuite>
  <testsuite name="lsfecg02part2" timestamp="2026-01-02T09:32:22Z" hostname="c7e632cf6030" tests="1" skipped="0" failures="0" errors="0" time="2.431">
    <testcase time="2.431" classname="lsfecg02part2" name="lsfecg02part2of3"/>
  </testsuite>
  <testsuite name="lsfecg02part3" timestamp="2026-01-02T09:32:24Z" hostname="c7e632cf6030" tests="1" skipped="0" failures="0" errors="0" time="2.419">
    <testcase time="2.419" classname="lsfecg02part3" name="lsfecg02part3of3"/>
  </testsuite>
  <testsuite name="lsflab01" timestamp="2026-01-02T09:32:26Z" hostname="c7e632cf6030" tests="1" skipped="0" failures="0" errors="0" time="0.951">
    <testcase time="0.951000000000001" classname="lsflab01" name="lsflab01"/>
  </testsuite>
  <testsuite name="lsfvit01" timestamp="2026-01-02T09:32:27Z" hostname="c7e632cf6030" tests="1" skipped="0" failures="0" errors="0" time="2.427">
    <testcase time="2.427" classname="lsfvit01" name="lsfvit01"/>
  </testsuite>
  <testsuite name="lsfvit02" timestamp="2026-01-02T09:32:30Z" hostname="c7e632cf6030" tests="1" skipped="0" failures="0" errors="0" time="2.618">
    <testcase time="2.61799999999999" classname="lsfvit02" name="lsfvit02"/>
  </testsuite>
  <testsuite name="lsicm01" timestamp="2026-01-02T09:32:32Z" hostname="c7e632cf6030" tests="1" skipped="0" failures="0" errors="0" time="1.025">
    <testcase time="1.02500000000001" classname="lsicm01" name="lsicm01"/>
  </testsuite>
  <testsuite name="lsidem01" timestamp="2026-01-02T09:32:33Z" hostname="c7e632cf6030" tests="1" skipped="0" failures="0" errors="0" time="0.817">
    <testcase time="0.817" classname="lsidem01" name="lsidem01"/>
  </testsuite>
  <testsuite name="lsidem02" timestamp="2026-01-02T09:32:34Z" hostname="c7e632cf6030" tests="1" skipped="0" failures="0" errors="0" time="0.721">
    <testcase time="0.720999999999997" classname="lsidem02" name="lsidem02"/>
  </testsuite>
  <testsuite name="lsids01" timestamp="2026-01-02T09:32:35Z" hostname="c7e632cf6030" tests="1" skipped="0" failures="0" errors="0" time="0.739">
    <testcase time="0.739000000000004" classname="lsids01" name="lsids01"/>
  </testsuite>
  <testsuite name="lsids02" timestamp="2026-01-02T09:32:36Z" hostname="c7e632cf6030" tests="1" skipped="0" failures="0" errors="0" time="1.028">
    <testcase time="1.028" classname="lsids02" name="lsids02"/>
  </testsuite>
  <testsuite name="lsids03" timestamp="2026-01-02T09:32:37Z" hostname="c7e632cf6030" tests="1" skipped="0" failures="0" errors="0" time="0.764">
    <testcase time="0.764000000000003" classname="lsids03" name="lsids03"/>
  </testsuite>
  <testsuite name="lsids04" timestamp="2026-01-02T09:32:38Z" hostname="c7e632cf6030" tests="1" skipped="0" failures="0" errors="0" time="0.161">
    <testcase time="0.160999999999994" classname="lsids04" name="lsids04"/>
  </testsuite>
  <testsuite name="lsids05" timestamp="2026-01-02T09:32:38Z" hostname="c7e632cf6030" tests="1" skipped="0" failures="0" errors="0" time="0.122">
    <testcase time="0.122" classname="lsids05" name="lsids05"/>
  </testsuite>
  <testsuite name="lsiex01" timestamp="2026-01-02T09:32:38Z" hostname="c7e632cf6030" tests="1" skipped="0" failures="0" errors="0" time="0.861">
    <testcase time="0.861000000000004" classname="lsiex01" name="lsiex01"/>
  </testsuite>
  <testsuite name="lsiex02" timestamp="2026-01-02T09:32:39Z" hostname="c7e632cf6030" tests="1" skipped="0" failures="0" errors="0" time="0.533">
    <testcase time="0.533000000000001" classname="lsiex02" name="lsiex02"/>
  </testsuite>
  <testsuite name="lsiex03" timestamp="2026-01-02T09:32:39Z" hostname="c7e632cf6030" tests="1" skipped="0" failures="0" errors="0" time="1.074">
    <testcase time="1.074" classname="lsiex03" name="lsiex03"/>
  </testsuite>
  <testsuite name="lsimh01" timestamp="2026-01-02T09:32:40Z" hostname="c7e632cf6030" tests="1" skipped="0" failures="1" errors="0" time="1.665">
    <testcase time="1.665" classname="lsimh01" name="lsimh01">
      <failure type="failure" message="Snapshot of `write_test_rtf_for(&quot;lsimh01.R&quot;)` has changed. ('test-lsimh01.R:2:3')">Snapshot of `write_test_rtf_for("lsimh01.R")` has changed.
</failure>
    </testcase>
  </testsuite>
  <testsuite name="pagination_listing" timestamp="2026-01-02T09:32:42Z" hostname="c7e632cf6030" tests="13" skipped="0" failures="0" errors="0" time="3.195">
    <testcase time="0.0630000000000024" classname="pagination_listing" name="Direct_pagination_works_fine"/>
    <testcase time="0.517000000000003" classname="pagination_listing" name="Direct_pagination_works_fine"/>
    <testcase time="0.00300000000000011" classname="pagination_listing" name="Direct_pagination_works_fine"/>
    <testcase time="0.454000000000001" classname="pagination_listing" name="Direct_pagination_works_fine"/>
    <testcase time="0.812999999999995" classname="pagination_listing" name="Direct_pagination_works_fine"/>
    <testcase time="0.652000000000001" classname="pagination_listing" name="pagination_counts_the_right_number_of_lines_when_wrapping_on_keycols_is_present"/>
    <testcase time="0.00600000000000023" classname="pagination_listing" name="pagination_counts_the_right_number_of_lines_when_wrapping_on_keycols_is_present"/>
    <testcase time="0.00500000000000256" classname="pagination_listing" name="pagination_counts_the_right_number_of_lines_when_wrapping_on_keycols_is_present"/>
    <testcase time="0.0120000000000005" classname="pagination_listing" name="pagination_counts_the_right_number_of_lines_when_wrapping_on_keycols_is_present"/>
    <testcase time="0.656999999999996" classname="pagination_listing" name="pagination_counts_the_right_number_of_lines_when_wrapping_on_keycols_is_present"/>
    <testcase time="0.00500000000000256" classname="pagination_listing" name="pagination_counts_the_right_number_of_lines_when_wrapping_on_keycols_is_present"/>
    <testcase time="0.00499999999999545" classname="pagination_listing" name="pagination_counts_the_right_number_of_lines_when_wrapping_on_keycols_is_present"/>
    <testcase time="0.00300000000000011" classname="pagination_listing" name="pagination_counts_the_right_number_of_lines_when_wrapping_on_keycols_is_present"/>
  </testsuite>
  <testsuite name="pagination_table" timestamp="2026-01-02T09:32:46Z" hostname="c7e632cf6030" tests="30" skipped="0" failures="0" errors="0" time="13.105">
    <testcase time="1.63200000000001" classname="pagination_table" name="Direct_pagination_with_standard_values"/>
    <testcase time="0.00499999999999545" classname="pagination_table" name="Direct_pagination_with_standard_values"/>
    <testcase time="0.00300000000000011" classname="pagination_table" name="Direct_pagination_with_standard_values"/>
    <testcase time="1.157" classname="pagination_table" name="Pagination_with_specific_column_widths_and_minimum_lines_per_page"/>
    <testcase time="0.00399999999999778" classname="pagination_table" name="Pagination_with_specific_column_widths_and_minimum_lines_per_page"/>
    <testcase time="0.0990000000000038" classname="pagination_table" name="Pagination_with_specific_column_widths_and_minimum_lines_per_page"/>
    <testcase time="0.900999999999996" classname="pagination_table" name="Pagination_works_also_if_table_is_decorated"/>
    <testcase time="0.492000000000004" classname="pagination_table" name="Pagination_works_also_if_table_is_decorated"/>
    <testcase time="0.763999999999996" classname="pagination_table" name="Pagination_works_also_if_table_is_decorated"/>
    <testcase time="0.601000000000006" classname="pagination_table" name="Pagination_works_also_if_table_is_decorated"/>
    <testcase time="1.23699999999999" classname="pagination_table" name="Pagination_works_also_if_table_is_decorated"/>
    <testcase time="0.289999999999999" classname="pagination_table" name="Pagination_works_also_if_table_is_decorated"/>
    <testcase time="0.00400000000000489" classname="pagination_table" name="Pagination_works_also_if_table_is_decorated"/>
    <testcase time="0.00900000000000034" classname="pagination_table" name="Pagination_works_also_if_table_is_decorated"/>
    <testcase time="0.122999999999998" classname="pagination_table" name="Pagination_works_also_if_table_is_decorated"/>
    <testcase time="0.0690000000000026" classname="pagination_table" name="Pagination_works_also_if_table_is_decorated"/>
    <testcase time="0.625" classname="pagination_table" name="Pagination_works_for_page_types"/>
    <testcase time="0.0719999999999956" classname="pagination_table" name="Pagination_works_for_page_types"/>
    <testcase time="0.629000000000005" classname="pagination_table" name="Pagination_works_for_page_types"/>
    <testcase time="0.0649999999999977" classname="pagination_table" name="Pagination_works_for_page_types"/>
    <testcase time="0.575000000000003" classname="pagination_table" name="Pagination_works_for_page_types"/>
    <testcase time="0.350999999999999" classname="pagination_table" name="Pagination_works_for_page_types"/>
    <testcase time="0.613999999999997" classname="pagination_table" name="Pagination_works_for_page_width_and_height"/>
    <testcase time="0.109999999999999" classname="pagination_table" name="Pagination_works_for_page_width_and_height"/>
    <testcase time="0.771000000000001" classname="pagination_table" name="Pagination_works_for_page_types"/>
    <testcase time="0.137999999999998" classname="pagination_table" name="Pagination_works_for_page_types"/>
    <testcase time="1.13" classname="pagination_table" name="AET04_variant_2_page_by_pagination_tests"/>
    <testcase time="0.519000000000005" classname="pagination_table" name="AET04_variant_2_page_by_pagination_tests"/>
    <testcase time="0.00199999999999534" classname="pagination_table" name="AET04_variant_2_page_by_pagination_tests"/>
    <testcase time="0.114000000000004" classname="pagination_table" name="AET04_variant_2_page_by_pagination_tests"/>
  </testsuite>
  <testsuite name="table_adat03" timestamp="2026-01-02T09:32:58Z" hostname="c7e632cf6030" tests="2" skipped="0" failures="0" errors="0" time="0.538">
    <testcase time="0.424999999999997" classname="table_adat03" name="ADAT03_is_produced_correctly"/>
    <testcase time="0.113" classname="table_adat03" name="ADAT03_is_produced_correctly"/>
  </testsuite>
  <testsuite name="table_aet01" timestamp="2026-01-02T09:32:59Z" hostname="c7e632cf6030" tests="8" skipped="0" failures="0" errors="0" time="1.689">
    <testcase time="0.378" classname="table_aet01" name="Safety_Summary_Variant_1_works_as_expected"/>
    <testcase time="0.0859999999999985" classname="table_aet01" name="Safety_Summary_Variant_1_works_as_expected"/>
    <testcase time="0.335000000000008" classname="table_aet01" name="Safety_Summary_Variant_2_with_Medical_Concepts_Section_works_as_expected"/>
    <testcase time="0.0859999999999985" classname="table_aet01" name="Safety_Summary_Variant_2_with_Medical_Concepts_Section_works_as_expected"/>
    <testcase time="0.266999999999996" classname="table_aet01" name="Safety_Summary_Variant_3_with_Modified_Rows_works_as_expected"/>
    <testcase time="0.0660000000000025" classname="table_aet01" name="Safety_Summary_Variant_3_with_Modified_Rows_works_as_expected"/>
    <testcase time="0.372" classname="table_aet01" name="Safety_Summary_Variant_4_with_Rows_Counting_Events_and_Additional_Sections_works_as_expected"/>
    <testcase time="0.0990000000000038" classname="table_aet01" name="Safety_Summary_Variant_4_with_Rows_Counting_Events_and_Additional_Sections_works_as_expected"/>
  </testsuite>
  <testsuite name="table_aet01_aesi" timestamp="2026-01-02T09:33:01Z" hostname="c7e632cf6030" tests="8" skipped="0" failures="0" errors="0" time="2.579">
    <testcase time="0.283000000000001" classname="table_aet01_aesi" name="AET01_AESI_Variant_1_works_as_expected"/>
    <testcase time="0.070999999999998" classname="table_aet01_aesi" name="AET01_AESI_Variant_1_works_as_expected"/>
    <testcase time="0.504000000000005" classname="table_aet01_aesi" name="AET01_AESI_Variant_2_works_as_expected"/>
    <testcase time="0.11999999999999" classname="table_aet01_aesi" name="AET01_AESI_Variant_2_works_as_expected"/>
    <testcase time="0.698999999999998" classname="table_aet01_aesi" name="AET01_AESI_Variant_3_works_as_expected"/>
    <testcase time="0.161000000000001" classname="table_aet01_aesi" name="AET01_AESI_Variant_3_works_as_expected"/>
    <testcase time="0.573000000000008" classname="table_aet01_aesi" name="AET01_AESI_Variant_4_works_as_expected"/>
    <testcase time="0.167999999999992" classname="table_aet01_aesi" name="AET01_AESI_Variant_4_works_as_expected"/>
  </testsuite>
  <testsuite name="table_aet02" timestamp="2026-01-02T09:33:03Z" hostname="c7e632cf6030" tests="26" skipped="0" failures="0" errors="0" time="7.987">
    <testcase time="0.578000000000003" classname="table_aet02" name="AET02_variant_1_is_produced_correctly"/>
    <testcase time="0.129999999999995" classname="table_aet02" name="AET02_variant_1_is_produced_correctly"/>
    <testcase time="0.376000000000005" classname="table_aet02" name="AET02_variant_1_is_produced_correctly"/>
    <testcase time="0.0810000000000031" classname="table_aet02" name="AET02_variant_1_is_produced_correctly"/>
    <testcase time="0.658000000000001" classname="table_aet02" name="AET02_variant_2_is_produced_correctly"/>
    <testcase time="0.144999999999996" classname="table_aet02" name="AET02_variant_2_is_produced_correctly"/>
    <testcase time="0.959999999999994" classname="table_aet02" name="AET02_variant_3_is_produced_correctly"/>
    <testcase time="0.25200000000001" classname="table_aet02" name="AET02_variant_3_is_produced_correctly"/>
    <testcase time="0.132999999999996" classname="table_aet02" name="AET02_variant_4_is_produced_correctly"/>
    <testcase time="0.0690000000000026" classname="table_aet02" name="AET02_variant_4_is_produced_correctly"/>
    <testcase time="0.421999999999997" classname="table_aet02" name="AET02_variant_5_is_produced_correctly"/>
    <testcase time="0.129999999999995" classname="table_aet02" name="AET02_variant_5_is_produced_correctly"/>
    <testcase time="0.40100000000001" classname="table_aet02" name="AET02_variant_6_is_produced_correctly"/>
    <testcase time="0.0870000000000033" classname="table_aet02" name="AET02_variant_6_is_produced_correctly"/>
    <testcase time="0.953000000000003" classname="table_aet02" name="AET02_variant_7_is_produced_correctly"/>
    <testcase time="0.129999999999995" classname="table_aet02" name="AET02_variant_7_is_produced_correctly"/>
    <testcase time="0.410000000000011" classname="table_aet02" name="AET02_variant_8_is_produced_correctly"/>
    <testcase time="0.0699999999999932" classname="table_aet02" name="AET02_variant_8_is_produced_correctly"/>
    <testcase time="0.424999999999997" classname="table_aet02" name="AET02_variant_9_is_produced_correctly"/>
    <testcase time="0.0949999999999989" classname="table_aet02" name="AET02_variant_9_is_produced_correctly"/>
    <testcase time="0.424000000000007" classname="table_aet02" name="AET02_variant_10_is_produced_correctly"/>
    <testcase time="0.0739999999999981" classname="table_aet02" name="AET02_variant_10_is_produced_correctly"/>
    <testcase time="0.430999999999997" classname="table_aet02" name="AET02_variant_11_is_produced_correctly"/>
    <testcase time="0.054000000000002" classname="table_aet02" name="AET02_variant_11_is_produced_correctly"/>
    <testcase time="0.441000000000003" classname="table_aet02" name="AET02_variant_12_is_produced_correctly"/>
    <testcase time="0.0579999999999927" classname="table_aet02" name="AET02_variant_12_is_produced_correctly"/>
  </testsuite>
  <testsuite name="table_aet02_smq" timestamp="2026-01-02T09:33:11Z" hostname="c7e632cf6030" tests="4" skipped="0" failures="0" errors="0" time="0.413">
    <testcase time="0.135000000000005" classname="table_aet02_smq" name="AET02SMQ_variant_1_is_produced_correctly"/>
    <testcase time="0.0490000000000066" classname="table_aet02_smq" name="AET02SMQ_variant_1_is_produced_correctly"/>
    <testcase time="0.167999999999992" classname="table_aet02_smq" name="AET02SMQ_variant_2_is_produced_correctly"/>
    <testcase time="0.061000000000007" classname="table_aet02_smq" name="AET02SMQ_variant_2_is_produced_correctly"/>
  </testsuite>
  <testsuite name="table_aet03" timestamp="2026-01-02T09:33:12Z" hostname="c7e632cf6030" tests="6" skipped="0" failures="0" errors="0" time="4.791">
    <testcase time="1.25099999999999" classname="table_aet03" name="AET03_variant_1_is_produced_correctly"/>
    <testcase time="0.38300000000001" classname="table_aet03" name="AET03_variant_1_is_produced_correctly"/>
    <testcase time="1.29299999999999" classname="table_aet03" name="AET03_variant_1_is_produced_correctly"/>
    <testcase time="0.643000000000001" classname="table_aet03" name="AET03_variant_1_is_produced_correctly"/>
    <testcase time="1.02" classname="table_aet03" name="AET03_variant_1_is_produced_correctly"/>
    <testcase time="0.201000000000008" classname="table_aet03" name="AET03_variant_1_is_produced_correctly"/>
  </testsuite>
  <testsuite name="table_aet04" timestamp="2026-01-02T09:33:17Z" hostname="c7e632cf6030" tests="30" skipped="0" failures="0" errors="0" time="11.804">
    <testcase time="0.820999999999998" classname="table_aet04" name="AET04_variant_1_is_produced_correctly"/>
    <testcase time="0.286000000000001" classname="table_aet04" name="AET04_variant_1_is_produced_correctly"/>
    <testcase time="0.756" classname="table_aet04" name="AET04_variant_1_is_produced_correctly"/>
    <testcase time="0.0390000000000015" classname="table_aet04" name="AET04_variant_1_is_produced_correctly"/>
    <testcase time="0.0379999999999967" classname="table_aet04" name="AET04_variant_1_is_produced_correctly"/>
    <testcase time="0.983000000000004" classname="table_aet04" name="AET04_variant_2_is_produced_correctly_Fill_in_of_Treatment_Groups_"/>
    <testcase time="0.221999999999994" classname="table_aet04" name="AET04_variant_2_is_produced_correctly_Fill_in_of_Treatment_Groups_"/>
    <testcase time="0.606999999999999" classname="table_aet04" name="AET04_variant_2_is_produced_correctly_Fill_in_of_Treatment_Groups_"/>
    <testcase time="0.0370000000000061" classname="table_aet04" name="AET04_variant_2_is_produced_correctly_Fill_in_of_Treatment_Groups_"/>
    <testcase time="0.0349999999999966" classname="table_aet04" name="AET04_variant_2_is_produced_correctly_Fill_in_of_Treatment_Groups_"/>
    <testcase time="0.688000000000002" classname="table_aet04" name="AET04_variant_3_is_produced_correctly_Fill_in_of_Grades_"/>
    <testcase time="0.272999999999996" classname="table_aet04" name="AET04_variant_3_is_produced_correctly_Fill_in_of_Grades_"/>
    <testcase time="0.686999999999998" classname="table_aet04" name="AET04_variant_3_is_produced_correctly_Fill_in_of_Grades_"/>
    <testcase time="0.0379999999999967" classname="table_aet04" name="AET04_variant_3_is_produced_correctly_Fill_in_of_Grades_"/>
    <testcase time="0.0370000000000061" classname="table_aet04" name="AET04_variant_3_is_produced_correctly_Fill_in_of_Grades_"/>
    <testcase time="0.706000000000003" classname="table_aet04" name="AET04_variant_4_is_produced_correctly_Collapsing_of_Grades_grades_1_2_grades_3_4_5_"/>
    <testcase time="0.266999999999996" classname="table_aet04" name="AET04_variant_4_is_produced_correctly_Collapsing_of_Grades_grades_1_2_grades_3_4_5_"/>
    <testcase time="0.683999999999997" classname="table_aet04" name="AET04_variant_4_is_produced_correctly_Collapsing_of_Grades_grades_1_2_grades_3_4_5_"/>
    <testcase time="0.739000000000004" classname="table_aet04" name="AET04_variant_6_is_produced_correctly_with_an_Incidence_Rate_of_at_Least_5_totals_restricted_"/>
    <testcase time="0.269999999999996" classname="table_aet04" name="AET04_variant_6_is_produced_correctly_with_an_Incidence_Rate_of_at_Least_5_totals_restricted_"/>
    <testcase time="0.670999999999992" classname="table_aet04" name="AET04_variant_6_is_produced_correctly_with_an_Incidence_Rate_of_at_Least_5_totals_restricted_"/>
    <testcase time="0.0100000000000051" classname="table_aet04" name="AET04_variant_8_is_produced_correctly_with_an_Incidence_Rate_of_at_Least_X_Patients_"/>
    <testcase time="0.269999999999996" classname="table_aet04" name="AET04_variant_8_is_produced_correctly_with_an_Incidence_Rate_of_at_Least_X_Patients_"/>
    <testcase time="0.697000000000003" classname="table_aet04" name="AET04_variant_8_is_produced_correctly_with_an_Incidence_Rate_of_at_Least_X_Patients_"/>
    <testcase time="0.0100000000000051" classname="table_aet04" name="AET04_variant_9_is_produced_correctly_with_a_Difference_in_Incidence_Rate_of_at_Least_X_"/>
    <testcase time="0.271000000000001" classname="table_aet04" name="AET04_variant_9_is_produced_correctly_with_a_Difference_in_Incidence_Rate_of_at_Least_X_"/>
    <testcase time="0.683999999999997" classname="table_aet04" name="AET04_variant_9_is_produced_correctly_with_a_Difference_in_Incidence_Rate_of_at_Least_X_"/>
    <testcase time="0.0190000000000055" classname="table_aet04" name="AET04_variant_11_is_produced_correctly_with_Incidence_Rate_of_at_Least_X_all_SOCs_w_o_preferred_terms_removed_"/>
    <testcase time="0.262" classname="table_aet04" name="AET04_variant_11_is_produced_correctly_with_Incidence_Rate_of_at_Least_X_all_SOCs_w_o_preferred_terms_removed_"/>
    <testcase time="0.696999999999989" classname="table_aet04" name="AET04_variant_11_is_produced_correctly_with_Incidence_Rate_of_at_Least_X_all_SOCs_w_o_preferred_terms_removed_"/>
  </testsuite>
  <testsuite name="table_aet04_pi" timestamp="2026-01-02T09:33:28Z" hostname="c7e632cf6030" tests="18" skipped="0" failures="0" errors="0" time="6.522">
    <testcase time="0.597999999999999" classname="table_aet04_pi" name="AET04_PI_full_table_is_produced_correctly"/>
    <testcase time="0.173000000000002" classname="table_aet04_pi" name="AET04_PI_full_table_is_produced_correctly"/>
    <testcase time="0.638000000000005" classname="table_aet04_pi" name="AET04_PI_variant_1_is_produced_correctly"/>
    <testcase time="0.140999999999991" classname="table_aet04_pi" name="AET04_PI_variant_1_is_produced_correctly"/>
    <testcase time="0.609999999999999" classname="table_aet04_pi" name="AET04_PI_variant_2_is_produced_correctly"/>
    <testcase time="0.0930000000000035" classname="table_aet04_pi" name="AET04_PI_variant_2_is_produced_correctly"/>
    <testcase time="0.608999999999995" classname="table_aet04_pi" name="AET04_PI_variant_3_is_produced_correctly"/>
    <testcase time="0.113" classname="table_aet04_pi" name="AET04_PI_variant_3_is_produced_correctly"/>
    <testcase time="0.605000000000004" classname="table_aet04_pi" name="AET04_PI_variant_4_is_produced_correctly"/>
    <testcase time="0.0840000000000032" classname="table_aet04_pi" name="AET04_PI_variant_4_is_produced_correctly"/>
    <testcase time="0.617000000000004" classname="table_aet04_pi" name="AET04_PI_variant_5_is_produced_correctly"/>
    <testcase time="0.128999999999991" classname="table_aet04_pi" name="AET04_PI_variant_5_is_produced_correctly"/>
    <testcase time="0.774000000000001" classname="table_aet04_pi" name="AET04_PI_variant_6_is_produced_correctly"/>
    <testcase time="0.135000000000005" classname="table_aet04_pi" name="AET04_PI_variant_6_is_produced_correctly"/>
    <testcase time="0.765999999999991" classname="table_aet04_pi" name="AET04_PI_variant_7_is_produced_correctly"/>
    <testcase time="0.13300000000001" classname="table_aet04_pi" name="AET04_PI_variant_7_is_produced_correctly"/>
    <testcase time="0.191000000000003" classname="table_aet04_pi" name="AET04_PI_variant_8_is_produced_correctly"/>
    <testcase time="0.113" classname="table_aet04_pi" name="AET04_PI_variant_8_is_produced_correctly"/>
  </testsuite>
  <testsuite name="table_aet05" timestamp="2026-01-02T09:33:35Z" hostname="c7e632cf6030" tests="4" skipped="0" failures="0" errors="0" time="0.261">
    <testcase time="0.097999999999999" classname="table_aet05" name="AET05_variant_1_is_produced_correctly"/>
    <testcase time="0.0439999999999969" classname="table_aet05" name="AET05_variant_1_is_produced_correctly"/>
    <testcase time="0.078000000000003" classname="table_aet05" name="AET05_variant_2_is_produced_correctly"/>
    <testcase time="0.0409999999999968" classname="table_aet05" name="AET05_variant_2_is_produced_correctly"/>
  </testsuite>
  <testsuite name="table_aet05_all" timestamp="2026-01-02T09:33:35Z" hostname="c7e632cf6030" tests="4" skipped="0" failures="0" errors="0" time="0.274">
    <testcase time="0.129999999999995" classname="table_aet05_all" name="AET05_ALL_variant_1_is_produced_correctly"/>
    <testcase time="0.0430000000000064" classname="table_aet05_all" name="AET05_ALL_variant_1_is_produced_correctly"/>
    <testcase time="0.0579999999999927" classname="table_aet05_all" name="AET05_ALL_variant_2_is_produced_correctly"/>
    <testcase time="0.0430000000000064" classname="table_aet05_all" name="AET05_ALL_variant_2_is_produced_correctly"/>
  </testsuite>
  <testsuite name="table_aet06" timestamp="2026-01-02T09:33:35Z" hostname="c7e632cf6030" tests="6" skipped="0" failures="0" errors="0" time="3.738">
    <testcase time="0.626000000000005" classname="table_aet06" name="AET06_variant_1_is_produced_correctly"/>
    <testcase time="0.178999999999988" classname="table_aet06" name="AET06_variant_1_is_produced_correctly"/>
    <testcase time="1.02800000000001" classname="table_aet06" name="AET06_variant_3_is_produced_correctly"/>
    <testcase time="0.254000000000005" classname="table_aet06" name="AET06_variant_3_is_produced_correctly"/>
    <testcase time="1.327" classname="table_aet06" name="AET06_variant_5_is_produced_correctly"/>
    <testcase time="0.323999999999998" classname="table_aet06" name="AET06_variant_5_is_produced_correctly"/>
  </testsuite>
  <testsuite name="table_aet06_smq" timestamp="2026-01-02T09:33:39Z" hostname="c7e632cf6030" tests="4" skipped="0" failures="0" errors="0" time="0.983">
    <testcase time="0.379999999999995" classname="table_aet06_smq" name="AET06_SMQ_variant_1_is_produced_correctly"/>
    <testcase time="0.100999999999999" classname="table_aet06_smq" name="AET06_SMQ_variant_1_is_produced_correctly"/>
    <testcase time="0.39500000000001" classname="table_aet06_smq" name="AET06_SMQ_variant_2_is_produced_correctly"/>
    <testcase time="0.106999999999999" classname="table_aet06_smq" name="AET06_SMQ_variant_2_is_produced_correctly"/>
  </testsuite>
  <testsuite name="table_aet07" timestamp="2026-01-02T09:33:40Z" hostname="c7e632cf6030" tests="4" skipped="0" failures="0" errors="0" time="0.183">
    <testcase time="0.0739999999999981" classname="table_aet07" name="AET07_variant_1_is_produced_correctly"/>
    <testcase time="0.0319999999999965" classname="table_aet07" name="AET07_variant_1_is_produced_correctly"/>
    <testcase time="0.0499999999999972" classname="table_aet07" name="AET07_variant_2_is_produced_correctly"/>
    <testcase time="0.027000000000001" classname="table_aet07" name="AET07_variant_2_is_produced_correctly"/>
  </testsuite>
  <testsuite name="table_aet09" timestamp="2026-01-02T09:33:40Z" hostname="c7e632cf6030" tests="4" skipped="0" failures="0" errors="0" time="2.056">
    <testcase time="0.802000000000007" classname="table_aet09" name="AET09_variant_1_is_produced_correctly_AE_related_to_study_drug"/>
    <testcase time="0.13600000000001" classname="table_aet09" name="AET09_variant_1_is_produced_correctly_AE_related_to_study_drug"/>
    <testcase time="0.903999999999996" classname="table_aet09" name="AET09_variant_2_is_produced_correctly_AE_related_to_study_drug_including_high_level_terms_"/>
    <testcase time="0.213999999999999" classname="table_aet09" name="AET09_variant_2_is_produced_correctly_AE_related_to_study_drug_including_high_level_terms_"/>
  </testsuite>
  <testsuite name="table_aet09_smq" timestamp="2026-01-02T09:33:42Z" hostname="c7e632cf6030" tests="4" skipped="0" failures="0" errors="0" time="0.446">
    <testcase time="0.126000000000005" classname="table_aet09_smq" name="AET09_variant_1_AEs_related_to_study_drug_by_SMQ_is_produced_correctly"/>
    <testcase time="0.046999999999997" classname="table_aet09_smq" name="AET09_variant_1_AEs_related_to_study_drug_by_SMQ_is_produced_correctly"/>
    <testcase time="0.197000000000003" classname="table_aet09_smq" name="AET09_variant_2_AEs_related_to_study_drug_by_SMQ_with_customized_queries_is_produced_correctly"/>
    <testcase time="0.0759999999999934" classname="table_aet09_smq" name="AET09_variant_2_AEs_related_to_study_drug_by_SMQ_with_customized_queries_is_produced_correctly"/>
  </testsuite>
  <testsuite name="table_aet10" timestamp="2026-01-02T09:33:43Z" hostname="c7e632cf6030" tests="2" skipped="0" failures="0" errors="0" time="0.144">
    <testcase time="0.105000000000004" classname="table_aet10" name="AET10_default_variant_is_produced_correctly"/>
    <testcase time="0.0390000000000015" classname="table_aet10" name="AET10_default_variant_is_produced_correctly"/>
  </testsuite>
  <testsuite name="table_aovt01" timestamp="2026-01-02T09:33:43Z" hostname="c7e632cf6030" tests="6" skipped="0" failures="0" errors="0" time="1.872">
    <testcase time="0.320999999999998" classname="table_aovt01" name="AOVT01_variant_with_single_endpoint_is_produced_correctly"/>
    <testcase time="0.0739999999999981" classname="table_aovt01" name="AOVT01_variant_with_single_endpoint_is_produced_correctly"/>
    <testcase time="0.613" classname="table_aovt01" name="AOVT01_variant_with_multiple_endpoints_is_produced_correctly"/>
    <testcase time="0.111999999999995" classname="table_aovt01" name="AOVT01_variant_with_multiple_endpoints_is_produced_correctly"/>
    <testcase time="0.609000000000009" classname="table_aovt01" name="AOVT01_variant_with_proportional_weights_is_produced_correctly"/>
    <testcase time="0.143000000000001" classname="table_aovt01" name="AOVT01_variant_with_proportional_weights_is_produced_correctly"/>
  </testsuite>
  <testsuite name="table_aovt02" timestamp="2026-01-02T09:33:45Z" hostname="c7e632cf6030" tests="2" skipped="0" failures="0" errors="0" time="0.375">
    <testcase time="0.301000000000002" classname="table_aovt02" name="AOVT02_is_produced_correctly"/>
    <testcase time="0.0739999999999981" classname="table_aovt02" name="AOVT02_is_produced_correctly"/>
  </testsuite>
  <testsuite name="table_aovt03" timestamp="2026-01-02T09:33:45Z" hostname="c7e632cf6030" tests="2" skipped="0" failures="0" errors="0" time="0.9">
    <testcase time="0.765000000000001" classname="table_aovt03" name="AOVT03_is_produced_correctly"/>
    <testcase time="0.134999999999991" classname="table_aovt03" name="AOVT03_is_produced_correctly"/>
  </testsuite>
  <testsuite name="table_cfbt01" timestamp="2026-01-02T09:33:46Z" hostname="c7e632cf6030" tests="2" skipped="0" failures="0" errors="0" time="0.637">
    <testcase time="0.444000000000003" classname="table_cfbt01" name="CFBT01_default_variant_is_produced_correctly"/>
    <testcase time="0.192999999999998" classname="table_cfbt01" name="CFBT01_default_variant_is_produced_correctly"/>
  </testsuite>
  <testsuite name="table_cmht01" timestamp="2026-01-02T09:33:47Z" hostname="c7e632cf6030" tests="4" skipped="0" failures="0" errors="0" time="1.606">
    <testcase time="0.372" classname="table_cmht01" name="CMHT01_variant_1_is_produced_correctly"/>
    <testcase time="0.0640000000000072" classname="table_cmht01" name="CMHT01_variant_1_is_produced_correctly"/>
    <testcase time="0.948999999999998" classname="table_cmht01" name="CMHT01_variant_2_is_produced_correctly"/>
    <testcase time="0.221000000000004" classname="table_cmht01" name="CMHT01_variant_2_is_produced_correctly"/>
  </testsuite>
  <testsuite name="table_cmt01" timestamp="2026-01-02T09:33:48Z" hostname="c7e632cf6030" tests="8" skipped="0" failures="0" errors="0" time="3.516">
    <testcase time="0.658000000000001" classname="table_cmt01" name="CMT01_default_variant_Concomitant_medications_is_produced_correctly"/>
    <testcase time="0.218999999999994" classname="table_cmt01" name="CMT01_default_variant_Concomitant_medications_is_produced_correctly"/>
    <testcase time="0.716999999999999" classname="table_cmt01" name="CMT01_variant_1_prior_medications_is_produced_correctly"/>
    <testcase time="0.251999999999995" classname="table_cmt01" name="CMT01_variant_1_prior_medications_is_produced_correctly"/>
    <testcase time="0.609999999999999" classname="table_cmt01" name="CMT01_variant_3_Concomitant_medications_is_produced_correctly"/>
    <testcase time="0.196000000000012" classname="table_cmt01" name="CMT01_variant_3_Concomitant_medications_is_produced_correctly"/>
    <testcase time="0.644999999999996" classname="table_cmt01" name="CMT01_variant_4_Concomitant_medications_is_produced_correctly"/>
    <testcase time="0.218999999999994" classname="table_cmt01" name="CMT01_variant_4_Concomitant_medications_is_produced_correctly"/>
  </testsuite>
  <testsuite name="table_cmt01a" timestamp="2026-01-02T09:33:52Z" hostname="c7e632cf6030" tests="8" skipped="0" failures="0" errors="0" time="4.752">
    <testcase time="1.101" classname="table_cmt01a" name="CMT01A_variant_1_is_produced_correctly"/>
    <testcase time="0.208000000000013" classname="table_cmt01a" name="CMT01A_variant_1_is_produced_correctly"/>
    <testcase time="0.953999999999994" classname="table_cmt01a" name="CMT01A_variant_2_is_produced_correctly"/>
    <testcase time="0.203999999999994" classname="table_cmt01a" name="CMT01A_variant_2_is_produced_correctly"/>
    <testcase time="0.971000000000004" classname="table_cmt01a" name="CMT01A_variant_3_is_produced_correctly"/>
    <testcase time="0.207000000000008" classname="table_cmt01a" name="CMT01A_variant_3_is_produced_correctly"/>
    <testcase time="0.925999999999988" classname="table_cmt01a" name="CMT01A_variant_4_is_produced_correctly"/>
    <testcase time="0.181000000000012" classname="table_cmt01a" name="CMT01A_variant_4_is_produced_correctly"/>
  </testsuite>
  <testsuite name="table_cmt01b" timestamp="2026-01-02T09:33:56Z" hostname="c7e632cf6030" tests="6" skipped="0" failures="0" errors="0" time="5.212">
    <testcase time="1.538" classname="table_cmt01b" name="CMT01B_variant_1_is_produced_correctly"/>
    <testcase time="0.335999999999999" classname="table_cmt01b" name="CMT01B_variant_1_is_produced_correctly"/>
    <testcase time="1.10299999999999" classname="table_cmt01b" name="CMT01B_variant_2_is_produced_correctly"/>
    <testcase time="0.283000000000001" classname="table_cmt01b" name="CMT01B_variant_2_is_produced_correctly"/>
    <testcase time="1.55400000000002" classname="table_cmt01b" name="CMT01B_variant_4_is_produced_correctly"/>
    <testcase time="0.397999999999996" classname="table_cmt01b" name="CMT01B_variant_4_is_produced_correctly"/>
  </testsuite>
  <testsuite name="table_cmt02_pt" timestamp="2026-01-02T09:34:02Z" hostname="c7e632cf6030" tests="2" skipped="0" failures="0" errors="0" time="0.563">
    <testcase time="0.405000000000001" classname="table_cmt02_pt" name="CMT02_PT_default_variant_is_produced_correctly"/>
    <testcase time="0.157999999999987" classname="table_cmt02_pt" name="CMT02_PT_default_variant_is_produced_correctly"/>
  </testsuite>
  <testsuite name="table_coxt01" timestamp="2026-01-02T09:34:02Z" hostname="c7e632cf6030" tests="8" skipped="0" failures="0" errors="0" time="1.924">
    <testcase time="0.325999999999993" classname="table_coxt01" name="1._Cox_Regression"/>
    <testcase time="0.0660000000000025" classname="table_coxt01" name="1._Cox_Regression"/>
    <testcase time="0.41500000000002" classname="table_coxt01" name="2._Cox_Regression_with_Interaction_Term_"/>
    <testcase time="0.0789999999999793" classname="table_coxt01" name="2._Cox_Regression_with_Interaction_Term_"/>
    <testcase time="0.427999999999997" classname="table_coxt01" name="3._Cox_Regression_specifying_covariates_"/>
    <testcase time="0.0930000000000177" classname="table_coxt01" name="3._Cox_Regression_specifying_covariates_"/>
    <testcase time="0.418000000000006" classname="table_coxt01" name="4._Cox_Regression_setting_strata_ties_and_alpha_level_"/>
    <testcase time="0.0989999999999895" classname="table_coxt01" name="4._Cox_Regression_setting_strata_ties_and_alpha_level_"/>
  </testsuite>
  <testsuite name="table_coxt02" timestamp="2026-01-02T09:34:04Z" hostname="c7e632cf6030" tests="4" skipped="0" failures="0" errors="0" time="0.96">
    <testcase time="0.305000000000007" classname="table_coxt02" name="COXT02_default_variant_1_is_produced_correctly"/>
    <testcase time="0.0799999999999841" classname="table_coxt02" name="COXT02_default_variant_1_is_produced_correctly"/>
    <testcase time="0.519000000000005" classname="table_coxt02" name="COXT02_variant_5_is_produced_correctly"/>
    <testcase time="0.0559999999999832" classname="table_coxt02" name="COXT02_variant_5_is_produced_correctly"/>
  </testsuite>
  <testsuite name="table_disclosures" timestamp="2026-01-02T09:34:05Z" hostname="c7e632cf6030" tests="12" skipped="0" failures="0" errors="0" time="1.759">
    <testcase time="0.158000000000015" classname="table_disclosures" name="Patient_Disposition_table_is_produced_correctly"/>
    <testcase time="0.0660000000000025" classname="table_disclosures" name="Patient_Disposition_table_is_produced_correctly"/>
    <testcase time="0.216000000000008" classname="table_disclosures" name="Demographic_table_is_produced_correctly"/>
    <testcase time="0.113" classname="table_disclosures" name="Demographic_table_is_produced_correctly"/>
    <testcase time="0.0989999999999895" classname="table_disclosures" name="Enrollment_by_Country_Table_is_produced_correctly"/>
    <testcase time="0.0670000000000073" classname="table_disclosures" name="Enrollment_by_Country_Table_is_produced_correctly"/>
    <testcase time="0.0819999999999936" classname="table_disclosures" name="Death_table_is_produced_correctly"/>
    <testcase time="0.0380000000000109" classname="table_disclosures" name="Death_table_is_produced_correctly"/>
    <testcase time="0.349999999999994" classname="table_disclosures" name="Table_of_Serious_Adverse_Events_is_produced_correctly_for_one_specific_treatment_arm_"/>
    <testcase time="0.0729999999999791" classname="table_disclosures" name="Table_of_Serious_Adverse_Events_is_produced_correctly_for_one_specific_treatment_arm_"/>
    <testcase time="0.39500000000001" classname="table_disclosures" name="Table_of_Non_Serious_Adverse_Events_is_produced_correctly"/>
    <testcase time="0.102000000000004" classname="table_disclosures" name="Table_of_Non_Serious_Adverse_Events_is_produced_correctly"/>
  </testsuite>
  <testsuite name="table_dmt01" timestamp="2026-01-02T09:34:08Z" hostname="c7e632cf6030" tests="10" skipped="0" failures="0" errors="0" time="2.663">
    <testcase time="1.13200000000001" classname="table_dmt01" name="DMT01_variant_1_is_produced_correctly"/>
    <testcase time="0.134999999999991" classname="table_dmt01" name="DMT01_variant_1_is_produced_correctly"/>
    <testcase time="0.234000000000009" classname="table_dmt01" name="DMT01_variant_2_is_produced_correctly"/>
    <testcase time="0.12299999999999" classname="table_dmt01" name="DMT01_variant_2_is_produced_correctly"/>
    <testcase time="0.282000000000011" classname="table_dmt01" name="DMT01_variant_3_is_produced_correctly"/>
    <testcase time="0.140999999999991" classname="table_dmt01" name="DMT01_variant_3_is_produced_correctly"/>
    <testcase time="0.215000000000003" classname="table_dmt01" name="DMT01_variant_4_is_produced_correctly"/>
    <testcase time="0.115999999999985" classname="table_dmt01" name="DMT01_variant_4_is_produced_correctly"/>
    <testcase time="0.183000000000021" classname="table_dmt01" name="DMT01_variant_5_is_produced_correctly"/>
    <testcase time="0.102000000000004" classname="table_dmt01" name="DMT01_variant_5_is_produced_correctly"/>
  </testsuite>
  <testsuite name="table_dort01" timestamp="2026-01-02T09:34:09Z" hostname="c7e632cf6030" tests="8" skipped="0" failures="0" errors="0" time="1.488">
    <testcase time="0.318999999999988" classname="table_dort01" name="DORT01_variant_1_is_produced_correctly"/>
    <testcase time="0.0740000000000123" classname="table_dort01" name="DORT01_variant_1_is_produced_correctly"/>
    <testcase time="0.290999999999997" classname="table_dort01" name="DORT01_variant_2_selecting_sectons_is_produced_correctly"/>
    <testcase time="0.0749999999999886" classname="table_dort01" name="DORT01_variant_2_selecting_sectons_is_produced_correctly"/>
    <testcase time="0.272999999999996" classname="table_dort01" name="DORT01_variant_3_modifying_conftype_and_alpha_level_is_produced_correctly"/>
    <testcase time="0.0889999999999986" classname="table_dort01" name="DORT01_variant_3_modifying_conftype_and_alpha_level_is_produced_correctly"/>
    <testcase time="0.280000000000001" classname="table_dort01" name="DORT01_variant_4_modifying_time_point_for_the_xx_duration_is_produced_correctly"/>
    <testcase time="0.0870000000000175" classname="table_dort01" name="DORT01_variant_4_modifying_time_point_for_the_xx_duration_is_produced_correctly"/>
  </testsuite>
  <testsuite name="table_dst01" timestamp="2026-01-02T09:34:11Z" hostname="c7e632cf6030" tests="6" skipped="0" failures="0" errors="0" time="0.701">
    <testcase time="0.151999999999987" classname="table_dst01" name="DST01_default_variant_is_produced_correctly"/>
    <testcase time="0.0660000000000025" classname="table_dst01" name="DST01_default_variant_is_produced_correctly"/>
    <testcase time="0.242999999999995" classname="table_dst01" name="DST01_variants_2_and_3_are_produced_correctly"/>
    <testcase time="0.0720000000000027" classname="table_dst01" name="DST01_variants_2_and_3_are_produced_correctly"/>
    <testcase time="0.0860000000000127" classname="table_dst01" name="DST01_variants_2_and_3_are_produced_correctly"/>
    <testcase time="0.0819999999999936" classname="table_dst01" name="DST01_variants_2_and_3_are_produced_correctly"/>
  </testsuite>
  <testsuite name="table_dtht01" timestamp="2026-01-02T09:34:12Z" hostname="c7e632cf6030" tests="8" skipped="0" failures="0" errors="0" time="1.123">
    <testcase time="0.129999999999995" classname="table_dtht01" name="DTHT01_variant_1_is_produced_correctly"/>
    <testcase time="0.0660000000000025" classname="table_dtht01" name="DTHT01_variant_1_is_produced_correctly"/>
    <testcase time="0.27600000000001" classname="table_dtht01" name="DTHT01_variant_2_is_produced_correctly"/>
    <testcase time="0.137" classname="table_dtht01" name="DTHT01_variant_2_is_produced_correctly"/>
    <testcase time="0.162999999999982" classname="table_dtht01" name="DTHT01_variant_3_is_produced_correctly"/>
    <testcase time="0.078000000000003" classname="table_dtht01" name="DTHT01_variant_3_is_produced_correctly"/>
    <testcase time="0.198000000000008" classname="table_dtht01" name="DTHT01_variant_4_is_produced_correctly"/>
    <testcase time="0.0749999999999886" classname="table_dtht01" name="DTHT01_variant_4_is_produced_correctly"/>
  </testsuite>
  <testsuite name="table_egt01" timestamp="2026-01-02T09:34:14Z" hostname="c7e632cf6030" tests="2" skipped="0" failures="0" errors="0" time="3.392">
    <testcase time="2.667" classname="table_egt01" name="EGT01_default_variant_is_produced_correctly"/>
    <testcase time="0.724999999999994" classname="table_egt01" name="EGT01_default_variant_is_produced_correctly"/>
  </testsuite>
  <testsuite name="table_egt02" timestamp="2026-01-02T09:34:17Z" hostname="c7e632cf6030" tests="4" skipped="0" failures="0" errors="0" time="1.541">
    <testcase time="1.20700000000002" classname="table_egt02" name="_EGT02_1._Regardless_of_Abnormality_at_Baseline"/>
    <testcase time="0.0759999999999934" classname="table_egt02" name="_EGT02_1._Regardless_of_Abnormality_at_Baseline"/>
    <testcase time="0.201999999999998" classname="table_egt02" name="_EGT02_2._Among_Subjects_Without_Abnormality_at_Baseline"/>
    <testcase time="0.0559999999999832" classname="table_egt02" name="_EGT02_2._Among_Subjects_Without_Abnormality_at_Baseline"/>
  </testsuite>
  <testsuite name="table_egt03" timestamp="2026-01-02T09:34:18Z" hostname="c7e632cf6030" tests="8" skipped="0" failures="0" errors="0" time="1.234">
    <testcase time="0.228000000000009" classname="table_egt03" name="EGT03_variant_1_is_produced_correctly"/>
    <testcase time="0.108000000000004" classname="table_egt03" name="EGT03_variant_1_is_produced_correctly"/>
    <testcase time="0.158999999999992" classname="table_egt03" name="EGT03_variant_2_is_produced_correctly"/>
    <testcase time="0.0870000000000175" classname="table_egt03" name="EGT03_variant_2_is_produced_correctly"/>
    <testcase time="0.21599999999998" classname="table_egt03" name="EGT03_variant_3_is_produced_correctly"/>
    <testcase time="0.106000000000023" classname="table_egt03" name="EGT03_variant_3_is_produced_correctly"/>
    <testcase time="0.219999999999999" classname="table_egt03" name="EGT03_variant_4_is_produced_correctly"/>
    <testcase time="0.109999999999985" classname="table_egt03" name="EGT03_variant_4_is_produced_correctly"/>
  </testsuite>
  <testsuite name="table_egt04" timestamp="2026-01-02T09:34:20Z" hostname="c7e632cf6030" tests="2" skipped="0" failures="0" errors="0" time="1.394">
    <testcase time="1.28800000000001" classname="table_egt04" name="EGT04_default_variant_is_produced_correctly"/>
    <testcase time="0.105999999999995" classname="table_egt04" name="EGT04_default_variant_is_produced_correctly"/>
  </testsuite>
  <testsuite name="table_egt05_qtcat" timestamp="2026-01-02T09:34:21Z" hostname="c7e632cf6030" tests="2" skipped="0" failures="0" errors="0" time="2.375">
    <testcase time="1.98699999999999" classname="table_egt05_qtcat" name="EGT05_QTCAT_default_variant_is_produced_correctly"/>
    <testcase time="0.388000000000005" classname="table_egt05_qtcat" name="EGT05_QTCAT_default_variant_is_produced_correctly"/>
  </testsuite>
  <testsuite name="table_ent" timestamp="2026-01-02T09:34:23Z" hostname="c7e632cf6030" tests="8" skipped="0" failures="0" errors="0" time="14.286">
    <testcase time="3.512" classname="table_ent" name="ENT01_IT_is_produced_correctly"/>
    <testcase time="0.503999999999991" classname="table_ent" name="ENT01_IT_is_produced_correctly"/>
    <testcase time="2.36199999999999" classname="table_ent" name="ENT01a_IT_is_produced_correctly"/>
    <testcase time="0.492000000000019" classname="table_ent" name="ENT01a_IT_is_produced_correctly"/>
    <testcase time="3.792" classname="table_ent" name="ENT02_IT_is_produced_correctly"/>
    <testcase time="0.562999999999988" classname="table_ent" name="ENT02_IT_is_produced_correctly"/>
    <testcase time="2.52799999999999" classname="table_ent" name="ENT02a_IT_is_produced_correctly"/>
    <testcase time="0.533000000000015" classname="table_ent" name="ENT02a_IT_is_produced_correctly"/>
  </testsuite>
  <testsuite name="table_eudrat01" timestamp="2026-01-02T09:34:37Z" hostname="c7e632cf6030" tests="2" skipped="0" failures="0" errors="0" time="0.654">
    <testcase time="0.530000000000001" classname="table_eudrat01" name="EUDRAT01_is_produced_correctly"/>
    <testcase time="0.123999999999995" classname="table_eudrat01" name="EUDRAT01_is_produced_correctly"/>
  </testsuite>
  <testsuite name="table_eudrat02" timestamp="2026-01-02T09:34:38Z" hostname="c7e632cf6030" tests="2" skipped="0" failures="0" errors="0" time="0.529">
    <testcase time="0.433999999999997" classname="table_eudrat02" name="EUDRAT02_is_produced_correctly"/>
    <testcase time="0.0949999999999989" classname="table_eudrat02" name="EUDRAT02_is_produced_correctly"/>
  </testsuite>
  <testsuite name="table_ext01" timestamp="2026-01-02T09:34:38Z" hostname="c7e632cf6030" tests="6" skipped="0" failures="0" errors="0" time="1.679">
    <testcase time="0.426999999999992" classname="table_ext01" name="EXT01_default_variant_with_numeric_parameters_is_produced_correctly"/>
    <testcase time="0.144000000000005" classname="table_ext01" name="EXT01_default_variant_with_numeric_parameters_is_produced_correctly"/>
    <testcase time="0.313999999999993" classname="table_ext01" name="EXT01_variant_with_both_numeric_and_categorical_parameters"/>
    <testcase time="0.171000000000021" classname="table_ext01" name="EXT01_variant_with_both_numeric_and_categorical_parameters"/>
    <testcase time="0.405000000000001" classname="table_ext01" name="EXT01_variant_with_user_specified_categories_for_missed_doses"/>
    <testcase time="0.217999999999989" classname="table_ext01" name="EXT01_variant_with_user_specified_categories_for_missed_doses"/>
  </testsuite>
  <testsuite name="table_jnj_tbl1" timestamp="2026-01-02T09:34:40Z" hostname="c7e632cf6030" tests="2" skipped="0" failures="0" errors="0" time="0.54">
    <testcase time="0.472000000000008" classname="table_jnj_tbl1" name="DMT01_variant_factor_with_only_Missing_values"/>
    <testcase time="0.0679999999999836" classname="table_jnj_tbl1" name="DMT01_variant_factor_with_only_Missing_values"/>
  </testsuite>
  <testsuite name="table_lbt01" timestamp="2026-01-02T09:34:41Z" hostname="c7e632cf6030" tests="2" skipped="0" failures="0" errors="0" time="1.897">
    <testcase time="1.47200000000001" classname="table_lbt01" name="LBT01_default_variant_is_produced_correctly"/>
    <testcase time="0.425000000000011" classname="table_lbt01" name="LBT01_default_variant_is_produced_correctly"/>
  </testsuite>
  <testsuite name="table_lbt02" timestamp="2026-01-02T09:34:42Z" hostname="c7e632cf6030" tests="2" skipped="0" failures="0" errors="0" time="1.298">
    <testcase time="0.903999999999996" classname="table_lbt02" name="LBT02_default_variant_is_produced_correctly"/>
    <testcase time="0.394000000000005" classname="table_lbt02" name="LBT02_default_variant_is_produced_correctly"/>
  </testsuite>
  <testsuite name="table_lbt03" timestamp="2026-01-02T09:34:44Z" hostname="c7e632cf6030" tests="2" skipped="0" failures="0" errors="0" time="0.253">
    <testcase time="0.181999999999988" classname="table_lbt03" name="LBT03_default_variant_is_produced_correctly"/>
    <testcase time="0.070999999999998" classname="table_lbt03" name="LBT03_default_variant_is_produced_correctly"/>
  </testsuite>
  <testsuite name="table_lbt04" timestamp="2026-01-02T09:34:44Z" hostname="c7e632cf6030" tests="2" skipped="0" failures="0" errors="0" time="1.219">
    <testcase time="1.06399999999999" classname="table_lbt04" name="LBT04_default_variant_is_produced_correctly"/>
    <testcase time="0.155000000000001" classname="table_lbt04" name="LBT04_default_variant_is_produced_correctly"/>
  </testsuite>
  <testsuite name="table_lbt05" timestamp="2026-01-02T09:34:46Z" hostname="c7e632cf6030" tests="6" skipped="0" failures="0" errors="0" time="6.876">
    <testcase time="2.17500000000001" classname="table_lbt05" name="LBT05_variant_1_is_produced_correctly"/>
    <testcase time="0.320999999999998" classname="table_lbt05" name="LBT05_variant_1_is_produced_correctly"/>
    <testcase time="1.63" classname="table_lbt05" name="LBT05_variant_2_is_produced_correctly"/>
    <testcase time="0.425999999999988" classname="table_lbt05" name="LBT05_variant_2_is_produced_correctly"/>
    <testcase time="2.001" classname="table_lbt05" name="LBT05_variant_4_is_produced_correctly"/>
    <testcase time="0.323000000000008" classname="table_lbt05" name="LBT05_variant_4_is_produced_correctly"/>
  </testsuite>
  <testsuite name="table_lbt06" timestamp="2026-01-02T09:34:52Z" hostname="c7e632cf6030" tests="2" skipped="0" failures="0" errors="0" time="0.554">
    <testcase time="0.411000000000001" classname="table_lbt06" name="LBT06_default_variant_is_produced_correctly"/>
    <testcase time="0.143000000000001" classname="table_lbt06" name="LBT06_default_variant_is_produced_correctly"/>
  </testsuite>
  <testsuite name="table_lbt07" timestamp="2026-01-02T09:34:53Z" hostname="c7e632cf6030" tests="2" skipped="0" failures="0" errors="0" time="2.545">
    <testcase time="2.244" classname="table_lbt07" name="LBT07_is_produced_correctly"/>
    <testcase time="0.300999999999988" classname="table_lbt07" name="LBT07_is_produced_correctly"/>
  </testsuite>
  <testsuite name="table_lbt08" timestamp="2026-01-02T09:34:55Z" hostname="c7e632cf6030" tests="2" skipped="0" failures="0" errors="0" time="0.404">
    <testcase time="0.319000000000017" classname="table_lbt08" name="LBT08_produce_correctly"/>
    <testcase time="0.0849999999999795" classname="table_lbt08" name="LBT08_produce_correctly"/>
  </testsuite>
  <testsuite name="table_lbt09" timestamp="2026-01-02T09:34:55Z" hostname="c7e632cf6030" tests="4" skipped="0" failures="0" errors="0" time="1.023">
    <testcase time="0.39700000000002" classname="table_lbt09" name="LBT09_variant_1_works_as_expected"/>
    <testcase time="0.132999999999981" classname="table_lbt09" name="LBT09_variant_1_works_as_expected"/>
    <testcase time="0.359000000000009" classname="table_lbt09" name="LBT09_variant_2_works_as_expected"/>
    <testcase time="0.134000000000015" classname="table_lbt09" name="LBT09_variant_2_works_as_expected"/>
  </testsuite>
  <testsuite name="table_lbt10" timestamp="2026-01-02T09:34:57Z" hostname="c7e632cf6030" tests="4" skipped="0" failures="0" errors="0" time="1.46">
    <testcase time="0.844999999999999" classname="table_lbt10" name="LBT10_variant_1_works_as_expected"/>
    <testcase time="0.0749999999999886" classname="table_lbt10" name="LBT10_variant_1_works_as_expected"/>
    <testcase time="0.494" classname="table_lbt10" name="LBT10_variant_2_works_as_expected"/>
    <testcase time="0.0459999999999923" classname="table_lbt10" name="LBT10_variant_2_works_as_expected"/>
  </testsuite>
  <testsuite name="table_lbt10_bl" timestamp="2026-01-02T09:34:58Z" hostname="c7e632cf6030" tests="4" skipped="0" failures="0" errors="0" time="0.539">
    <testcase time="0.290999999999997" classname="table_lbt10_bl" name="LBT10_BL_variant_1_works_as_expected"/>
    <testcase time="0.0580000000000211" classname="table_lbt10_bl" name="LBT10_BL_variant_1_works_as_expected"/>
    <testcase time="0.145999999999987" classname="table_lbt10_bl" name="LBT10_BL_variant_2_works_as_expected"/>
    <testcase time="0.0440000000000111" classname="table_lbt10_bl" name="LBT10_BL_variant_2_works_as_expected"/>
  </testsuite>
  <testsuite name="table_lbt11" timestamp="2026-01-02T09:34:58Z" hostname="c7e632cf6030" tests="6" skipped="0" failures="0" errors="0" time="0.794">
    <testcase time="0.22199999999998" classname="table_lbt11" name="LBT11_variant_1_works_as_expected"/>
    <testcase time="0.103000000000009" classname="table_lbt11" name="LBT11_variant_1_works_as_expected"/>
    <testcase time="0.104000000000013" classname="table_lbt11" name="LBT11_variant_2_works_as_expected"/>
    <testcase time="0.0759999999999934" classname="table_lbt11" name="LBT11_variant_2_works_as_expected"/>
    <testcase time="0.183999999999997" classname="table_lbt11" name="LBT11_variant_3_works_as_expected"/>
    <testcase time="0.10499999999999" classname="table_lbt11" name="LBT11_variant_3_works_as_expected"/>
  </testsuite>
  <testsuite name="table_lbt11_bl" timestamp="2026-01-02T09:34:59Z" hostname="c7e632cf6030" tests="6" skipped="0" failures="0" errors="0" time="0.878">
    <testcase time="0.243000000000023" classname="table_lbt11_bl" name="LBT11_BL_variant_1_works_as_expected"/>
    <testcase time="0.0749999999999886" classname="table_lbt11_bl" name="LBT11_BL_variant_1_works_as_expected"/>
    <testcase time="0.13900000000001" classname="table_lbt11_bl" name="LBT11_BL_variant_2_works_as_expected"/>
    <testcase time="0.0799999999999841" classname="table_lbt11_bl" name="LBT11_BL_variant_2_works_as_expected"/>
    <testcase time="0.234000000000009" classname="table_lbt11_bl" name="LBT11_BL_variant_3_works_as_expected"/>
    <testcase time="0.106999999999999" classname="table_lbt11_bl" name="LBT11_BL_variant_3_works_as_expected"/>
  </testsuite>
  <testsuite name="table_lbt12" timestamp="2026-01-02T09:35:00Z" hostname="c7e632cf6030" tests="2" skipped="0" failures="0" errors="0" time="0.44">
    <testcase time="0.367999999999995" classname="table_lbt12" name="LBT12_works_as_expected"/>
    <testcase time="0.0720000000000027" classname="table_lbt12" name="LBT12_works_as_expected"/>
  </testsuite>
  <testsuite name="table_lbt12_bl" timestamp="2026-01-02T09:35:01Z" hostname="c7e632cf6030" tests="2" skipped="0" failures="0" errors="0" time="0.414">
    <testcase time="0.355999999999995" classname="table_lbt12_bl" name="LBT12_BL_works_as_expected"/>
    <testcase time="0.0579999999999927" classname="table_lbt12_bl" name="LBT12_BL_works_as_expected"/>
  </testsuite>
  <testsuite name="table_lbt13" timestamp="2026-01-02T09:35:01Z" hostname="c7e632cf6030" tests="10" skipped="0" failures="0" errors="0" time="2.585">
    <testcase time="0.828000000000003" classname="table_lbt13" name="LBT13_variant_1_LOW_works_as_expected"/>
    <testcase time="0.0980000000000132" classname="table_lbt13" name="LBT13_variant_1_LOW_works_as_expected"/>
    <testcase time="0.168999999999983" classname="table_lbt13" name="LBT13_variant_2_HIGH_works_as_expected"/>
    <testcase time="0.0490000000000066" classname="table_lbt13" name="LBT13_variant_2_HIGH_works_as_expected"/>
    <testcase time="0.286000000000001" classname="table_lbt13" name="LBT13_variant_3_LOW_without_baseline_missing_works_as_expected"/>
    <testcase time="0.070999999999998" classname="table_lbt13" name="LBT13_variant_3_LOW_without_baseline_missing_works_as_expected"/>
    <testcase time="0.427999999999997" classname="table_lbt13" name="LBT13_variant_4_HIGH_with_missing_baseline_considered_as_grade_0_works_as_expected"/>
    <testcase time="0.0490000000000066" classname="table_lbt13" name="LBT13_variant_4_HIGH_with_missing_baseline_considered_as_grade_0_works_as_expected"/>
    <testcase time="0.432999999999993" classname="table_lbt13" name="LBT14_variant_5_HIGH_with_filled_in_grades_works_as_expected"/>
    <testcase time="0.174000000000007" classname="table_lbt13" name="LBT14_variant_5_HIGH_with_filled_in_grades_works_as_expected"/>
  </testsuite>
  <testsuite name="table_lbt14" timestamp="2026-01-02T09:35:04Z" hostname="c7e632cf6030" tests="10" skipped="0" failures="0" errors="0" time="29.698">
    <testcase time="5.745" classname="table_lbt14" name="LBT14_variant_1_HIGH_works_as_expected"/>
    <testcase time="0.38900000000001" classname="table_lbt14" name="LBT14_variant_1_HIGH_works_as_expected"/>
    <testcase time="5.345" classname="table_lbt14" name="LBT14_variant_2_LOW_works_as_expected"/>
    <testcase time="0.276999999999987" classname="table_lbt14" name="LBT14_variant_2_LOW_works_as_expected"/>
    <testcase time="3.517" classname="table_lbt14" name="LBT14_variant_3_LOW_without_baseline_missing_works_as_expected"/>
    <testcase time="0.344999999999999" classname="table_lbt14" name="LBT14_variant_3_LOW_without_baseline_missing_works_as_expected"/>
    <testcase time="5.33600000000001" classname="table_lbt14" name="LBT14_variant_4_LOW_and_force_1_missing_both_baseline_and_post_baseline_then_force_the_missing_baseline_as_0_as_expected"/>
    <testcase time="0.218999999999994" classname="table_lbt14" name="LBT14_variant_4_LOW_and_force_1_missing_both_baseline_and_post_baseline_then_force_the_missing_baseline_as_0_as_expected"/>
    <testcase time="5.95099999999999" classname="table_lbt14" name="LBT14_variant_5_HIGH_with_fillings_works_as_expected"/>
    <testcase time="2.57400000000001" classname="table_lbt14" name="LBT14_variant_5_HIGH_with_fillings_works_as_expected"/>
  </testsuite>
  <testsuite name="table_lbt15" timestamp="2026-01-02T09:35:33Z" hostname="c7e632cf6030" tests="4" skipped="0" failures="0" errors="0" time="1.82">
    <testcase time="0.990999999999985" classname="table_lbt15" name="LBT15_variant_1_works_as_expected"/>
    <testcase time="0.153999999999996" classname="table_lbt15" name="LBT15_variant_1_works_as_expected"/>
    <testcase time="0.525000000000006" classname="table_lbt15" name="LBT15_variant_2_works_as_expected"/>
    <testcase time="0.150000000000006" classname="table_lbt15" name="LBT15_variant_2_works_as_expected"/>
  </testsuite>
  <testsuite name="table_lgrt02" timestamp="2026-01-02T09:35:35Z" hostname="c7e632cf6030" tests="8" skipped="0" failures="0" errors="0" time="2.762">
    <testcase time="0.521999999999991" classname="table_lgrt02" name="LGRT02_without_interaction_term_is_produced_correctly"/>
    <testcase time="0.111999999999995" classname="table_lgrt02" name="LGRT02_without_interaction_term_is_produced_correctly"/>
    <testcase time="0.637" classname="table_lgrt02" name="LGRT02_with_categorical_interaction_is_produced_correctly"/>
    <testcase time="0.124000000000024" classname="table_lgrt02" name="LGRT02_with_categorical_interaction_is_produced_correctly"/>
    <testcase time="0.623999999999995" classname="table_lgrt02" name="LGRT02_with_continuous_interaction_is_produced_correctly"/>
    <testcase time="0.134999999999991" classname="table_lgrt02" name="LGRT02_with_continuous_interaction_is_produced_correctly"/>
    <testcase time="0.492999999999995" classname="table_lgrt02" name="LGRT02_with_setting_values_indicating_an_event_and_custom_alpha_level_is_produced_correctly"/>
    <testcase time="0.115000000000009" classname="table_lgrt02" name="LGRT02_with_setting_values_indicating_an_event_and_custom_alpha_level_is_produced_correctly"/>
  </testsuite>
  <testsuite name="table_mht01" timestamp="2026-01-02T09:35:38Z" hostname="c7e632cf6030" tests="8" skipped="0" failures="0" errors="0" time="1.38">
    <testcase time="0.328000000000003" classname="table_mht01" name="MHT01_variant_1_is_produced_accurately"/>
    <testcase time="0.0970000000000084" classname="table_mht01" name="MHT01_variant_1_is_produced_accurately"/>
    <testcase time="0.111000000000018" classname="table_mht01" name="MHT01_variant_2_is_produced_accurately"/>
    <testcase time="0.0480000000000018" classname="table_mht01" name="MHT01_variant_2_is_produced_accurately"/>
    <testcase time="0.262" classname="table_mht01" name="MHT01_variant_3_is_produced_accurately"/>
    <testcase time="0.0829999999999984" classname="table_mht01" name="MHT01_variant_3_is_produced_accurately"/>
    <testcase time="0.330999999999989" classname="table_mht01" name="MHT01_variant_5_is_produced_accurately"/>
    <testcase time="0.120000000000005" classname="table_mht01" name="MHT01_variant_5_is_produced_accurately"/>
  </testsuite>
  <testsuite name="table_onct05" timestamp="2026-01-02T09:35:39Z" hostname="c7e632cf6030" tests="10" skipped="0" failures="0" errors="0" time="2.524">
    <testcase time="0.463999999999999" classname="table_onct05" name="ONCT05_variant_1_Objective_Response_Rate_by_Subgroup_is_produced_correctly"/>
    <testcase time="0.0879999999999939" classname="table_onct05" name="ONCT05_variant_1_Objective_Response_Rate_by_Subgroup_is_produced_correctly"/>
    <testcase time="0.479000000000013" classname="table_onct05" name="ONCT05_variant_2_Specifying_class_variables_is_produced_correctly"/>
    <testcase time="0.0929999999999893" classname="table_onct05" name="ONCT05_variant_2_Specifying_class_variables_is_produced_correctly"/>
    <testcase time="0.211999999999989" classname="table_onct05" name="ONCT05_variant_3_selecting_columns_and_changing_the_alpha_level_is_produced_correctly"/>
    <testcase time="0.0620000000000118" classname="table_onct05" name="ONCT05_variant_3_selecting_columns_and_changing_the_alpha_level_is_produced_correctly"/>
    <testcase time="0.455999999999989" classname="table_onct05" name="ONCT05_variant_4_setting_values_indicating_response_is_produced_correctly"/>
    <testcase time="0.0870000000000175" classname="table_onct05" name="ONCT05_variant_4_setting_values_indicating_response_is_produced_correctly"/>
    <testcase time="0.486999999999995" classname="table_onct05" name="ONCT05_with_risk_difference_column_is_produced_correctly"/>
    <testcase time="0.0960000000000036" classname="table_onct05" name="ONCT05_with_risk_difference_column_is_produced_correctly"/>
  </testsuite>
  <testsuite name="table_pdt01" timestamp="2026-01-02T09:35:42Z" hostname="c7e632cf6030" tests="2" skipped="0" failures="0" errors="0" time="0.399">
    <testcase time="0.278999999999996" classname="table_pdt01" name="PDT01_is_produced_correctly"/>
    <testcase time="0.120000000000005" classname="table_pdt01" name="PDT01_is_produced_correctly"/>
  </testsuite>
  <testsuite name="table_pdt02" timestamp="2026-01-02T09:35:42Z" hostname="c7e632cf6030" tests="2" skipped="0" failures="0" errors="0" time="0.213">
    <testcase time="0.158999999999992" classname="table_pdt02" name="PDT02_is_produced_correctly"/>
    <testcase time="0.054000000000002" classname="table_pdt02" name="PDT02_is_produced_correctly"/>
  </testsuite>
  <testsuite name="table_pkct01" timestamp="2026-01-02T09:35:42Z" hostname="c7e632cf6030" tests="10" skipped="0" failures="0" errors="0" time="3.11">
    <testcase time="0.292000000000002" classname="table_pkct01" name="PKCT01_is_produced_correctly"/>
    <testcase time="0.0679999999999836" classname="table_pkct01" name="PKCT01_is_produced_correctly"/>
    <testcase time="0.155000000000001" classname="table_pkct01" name="PKCT01_is_produced_correctly"/>
    <testcase time="0.0390000000000157" classname="table_pkct01" name="PKCT01_is_produced_correctly"/>
    <testcase time="1.02599999999998" classname="table_pkct01" name="Specific_PKCT01_features_are_present"/>
    <testcase time="0.177000000000021" classname="table_pkct01" name="Specific_PKCT01_features_are_present"/>
    <testcase time="0.210999999999984" classname="table_pkct01" name="Specific_PKCT01_features_are_present"/>
    <testcase time="0.00300000000001432" classname="table_pkct01" name="Specific_PKCT01_features_are_present"/>
    <testcase time="0.655000000000001" classname="table_pkct01" name="Specific_PKCT01_features_are_present"/>
    <testcase time="0.48399999999998" classname="table_pkct01" name="Specific_PKCT01_features_are_present"/>
  </testsuite>
  <testsuite name="table_pkpt02" timestamp="2026-01-02T09:35:45Z" hostname="c7e632cf6030" tests="2" skipped="0" failures="0" errors="0" time="0.529">
    <testcase time="0.361000000000018" classname="table_pkpt02" name="PKPT02_is_produced_correctly_for_Drug_X"/>
    <testcase time="0.168000000000006" classname="table_pkpt02" name="PKPT02_is_produced_correctly_for_Drug_X"/>
  </testsuite>
  <testsuite name="table_pkpt03" timestamp="2026-01-02T09:35:46Z" hostname="c7e632cf6030" tests="2" skipped="0" failures="0" errors="0" time="1.092">
    <testcase time="0.923999999999978" classname="table_pkpt03" name="PKPT03_Drug_X_is_produced_correctly"/>
    <testcase time="0.168000000000006" classname="table_pkpt03" name="PKPT03_Drug_X_is_produced_correctly"/>
  </testsuite>
  <testsuite name="table_pkpt04" timestamp="2026-01-02T09:35:47Z" hostname="c7e632cf6030" tests="2" skipped="0" failures="0" errors="0" time="0.186">
    <testcase time="0.11099999999999" classname="table_pkpt04" name="PKPT04_is_produced_correctly_for_Drug_X"/>
    <testcase time="0.0750000000000171" classname="table_pkpt04" name="PKPT04_is_produced_correctly_for_Drug_X"/>
  </testsuite>
  <testsuite name="table_pkpt05" timestamp="2026-01-02T09:35:47Z" hostname="c7e632cf6030" tests="2" skipped="0" failures="0" errors="0" time="0.378">
    <testcase time="0.289999999999992" classname="table_pkpt05" name="PKPT05_Drug_X_is_produced_correctly"/>
    <testcase time="0.0879999999999939" classname="table_pkpt05" name="PKPT05_Drug_X_is_produced_correctly"/>
  </testsuite>
  <testsuite name="table_pkpt06" timestamp="2026-01-02T09:35:48Z" hostname="c7e632cf6030" tests="4" skipped="0" failures="0" errors="0" time="0.242">
    <testcase time="0.0930000000000177" classname="table_pkpt06" name="PKPT06_is_produced_correctly_for_Drug_X"/>
    <testcase time="0.0579999999999927" classname="table_pkpt06" name="PKPT06_is_produced_correctly_for_Drug_X"/>
    <testcase time="0.054000000000002" classname="table_pkpt06" name="PKPT06_is_produced_correctly_for_Drug_Y"/>
    <testcase time="0.0370000000000061" classname="table_pkpt06" name="PKPT06_is_produced_correctly_for_Drug_Y"/>
  </testsuite>
  <testsuite name="table_pkpt07" timestamp="2026-01-02T09:35:48Z" hostname="c7e632cf6030" tests="4" skipped="0" failures="0" errors="0" time="0.493">
    <testcase time="0.222999999999985" classname="table_pkpt07" name="PKPT07_Drug_X_is_produced_correctly"/>
[...]
    <testcase time="9.416" classname="tsfae22apart1" name="tsfae22apart1of4"/>
  </testsuite>
  <testsuite name="tsfae22apart2" timestamp="2026-01-02T09:40:17Z" hostname="c7e632cf6030" tests="1" skipped="0" failures="0" errors="0" time="9.544">
    <testcase time="9.54399999999998" classname="tsfae22apart2" name="tsfae22apart2of4"/>
  </testsuite>
  <testsuite name="tsfae22apart3" timestamp="2026-01-02T09:40:27Z" hostname="c7e632cf6030" tests="1" skipped="0" failures="0" errors="0" time="9.873">
    <testcase time="9.87300000000005" classname="tsfae22apart3" name="tsfae22apart3of4"/>
  </testsuite>
  <testsuite name="tsfae22apart4" timestamp="2026-01-02T09:40:37Z" hostname="c7e632cf6030" tests="1" skipped="0" failures="0" errors="0" time="9.483">
    <testcase time="9.48299999999995" classname="tsfae22apart4" name="tsfae22apart4of4"/>
  </testsuite>
  <testsuite name="tsfae22bpart1" timestamp="2026-01-02T09:40:46Z" hostname="c7e632cf6030" tests="1" skipped="0" failures="0" errors="0" time="5.929">
    <testcase time="5.92900000000009" classname="tsfae22bpart1" name="tsfae22bpart1of2"/>
  </testsuite>
  <testsuite name="tsfae22bpart2" timestamp="2026-01-02T09:40:52Z" hostname="c7e632cf6030" tests="1" skipped="0" failures="0" errors="0" time="5.974">
    <testcase time="5.97399999999993" classname="tsfae22bpart2" name="tsfae22bpart2of2"/>
  </testsuite>
  <testsuite name="tsfae22cpart1" timestamp="2026-01-02T09:40:58Z" hostname="c7e632cf6030" tests="1" skipped="0" failures="0" errors="0" time="8.798">
    <testcase time="8.798" classname="tsfae22cpart1" name="tsfae22cpart1of4"/>
  </testsuite>
  <testsuite name="tsfae22cpart2" timestamp="2026-01-02T09:41:07Z" hostname="c7e632cf6030" tests="1" skipped="0" failures="0" errors="0" time="8.184">
    <testcase time="8.18399999999997" classname="tsfae22cpart2" name="tsfae22cpart2of4"/>
  </testsuite>
  <testsuite name="tsfae22cpart3" timestamp="2026-01-02T09:41:15Z" hostname="c7e632cf6030" tests="1" skipped="0" failures="0" errors="0" time="8.272">
    <testcase time="8.27200000000005" classname="tsfae22cpart3" name="tsfae22cpart3of4"/>
  </testsuite>
  <testsuite name="tsfae22cpart4" timestamp="2026-01-02T09:41:24Z" hostname="c7e632cf6030" tests="1" skipped="0" failures="0" errors="0" time="8.4">
    <testcase time="8.39999999999998" classname="tsfae22cpart4" name="tsfae22cpart4of4"/>
  </testsuite>
  <testsuite name="tsfae23a" timestamp="2026-01-02T09:41:32Z" hostname="c7e632cf6030" tests="1" skipped="0" failures="0" errors="0" time="0.918">
    <testcase time="0.918000000000006" classname="tsfae23a" name="tsfae23a"/>
  </testsuite>
  <testsuite name="tsfae23b" timestamp="2026-01-02T09:41:33Z" hostname="c7e632cf6030" tests="1" skipped="0" failures="0" errors="0" time="0.38">
    <testcase time="0.379999999999995" classname="tsfae23b" name="tsfae23b"/>
  </testsuite>
  <testsuite name="tsfae23c" timestamp="2026-01-02T09:41:33Z" hostname="c7e632cf6030" tests="1" skipped="0" failures="0" errors="0" time="0.682">
    <testcase time="0.682000000000016" classname="tsfae23c" name="tsfae23c"/>
  </testsuite>
  <testsuite name="tsfae23d" timestamp="2026-01-02T09:41:34Z" hostname="c7e632cf6030" tests="1" skipped="0" failures="0" errors="0" time="0.923">
    <testcase time="0.923000000000002" classname="tsfae23d" name="tsfae23d"/>
  </testsuite>
  <testsuite name="tsfae24a" timestamp="2026-01-02T09:41:35Z" hostname="c7e632cf6030" tests="1" skipped="0" failures="0" errors="0" time="0.476">
    <testcase time="0.475999999999999" classname="tsfae24a" name="tsfae24a"/>
  </testsuite>
  <testsuite name="tsfae24b" timestamp="2026-01-02T09:41:35Z" hostname="c7e632cf6030" tests="1" skipped="0" failures="0" errors="0" time="0.534">
    <testcase time="0.533999999999992" classname="tsfae24b" name="tsfae24b"/>
  </testsuite>
  <testsuite name="tsfae24c" timestamp="2026-01-02T09:41:36Z" hostname="c7e632cf6030" tests="1" skipped="0" failures="0" errors="0" time="2.771">
    <testcase time="2.77099999999996" classname="tsfae24c" name="tsfae24c"/>
  </testsuite>
  <testsuite name="tsfae24d" timestamp="2026-01-02T09:41:39Z" hostname="c7e632cf6030" tests="1" skipped="0" failures="0" errors="0" time="3.095">
    <testcase time="3.09500000000003" classname="tsfae24d" name="tsfae24d"/>
  </testsuite>
  <testsuite name="tsfae24fpart1" timestamp="2026-01-02T09:41:42Z" hostname="c7e632cf6030" tests="1" skipped="0" failures="0" errors="0" time="11.552">
    <testcase time="11.552" classname="tsfae24fpart1" name="tsfae24fpart1of3"/>
  </testsuite>
  <testsuite name="tsfae24fpart2" timestamp="2026-01-02T09:41:53Z" hostname="c7e632cf6030" tests="1" skipped="0" failures="0" errors="0" time="11.649">
    <testcase time="11.649" classname="tsfae24fpart2" name="tsfae24fpart2of3"/>
  </testsuite>
  <testsuite name="tsfae24fpart3" timestamp="2026-01-02T09:42:05Z" hostname="c7e632cf6030" tests="1" skipped="0" failures="0" errors="0" time="11.831">
    <testcase time="11.831" classname="tsfae24fpart3" name="tsfae24fpart3of3"/>
  </testsuite>
  <testsuite name="tsfdth01" timestamp="2026-01-02T09:42:17Z" hostname="c7e632cf6030" tests="1" skipped="0" failures="0" errors="0" time="1.275">
    <testcase time="1.27499999999998" classname="tsfdth01" name="tsfdth01"/>
  </testsuite>
  <testsuite name="tsfecg01apart1" timestamp="2026-01-02T09:42:18Z" hostname="c7e632cf6030" tests="1" skipped="0" failures="0" errors="0" time="4.542">
    <testcase time="4.54200000000003" classname="tsfecg01apart1" name="tsfecg01a"/>
  </testsuite>
  <testsuite name="tsfecg01apart2" timestamp="2026-01-02T09:42:23Z" hostname="c7e632cf6030" tests="1" skipped="0" failures="0" errors="0" time="4.545">
    <testcase time="4.54499999999996" classname="tsfecg01apart2" name="tsfecg01a"/>
  </testsuite>
  <testsuite name="tsfecg01apart3" timestamp="2026-01-02T09:42:27Z" hostname="c7e632cf6030" tests="1" skipped="0" failures="0" errors="0" time="4.581">
    <testcase time="4.58100000000002" classname="tsfecg01apart3" name="tsfecg01a"/>
  </testsuite>
  <testsuite name="tsfecg01part1" timestamp="2026-01-02T09:42:32Z" hostname="c7e632cf6030" tests="1" skipped="0" failures="0" errors="0" time="9.118">
    <testcase time="9.11800000000005" classname="tsfecg01part1" name="tsfecg01"/>
  </testsuite>
  <testsuite name="tsfecg01part2" timestamp="2026-01-02T09:42:41Z" hostname="c7e632cf6030" tests="1" skipped="0" failures="0" errors="0" time="9.194">
    <testcase time="9.19399999999996" classname="tsfecg01part2" name="tsfecg01"/>
  </testsuite>
  <testsuite name="tsfecg02" timestamp="2026-01-02T09:42:50Z" hostname="c7e632cf6030" tests="1" skipped="0" failures="0" errors="0" time="3.185">
    <testcase time="3.18500000000006" classname="tsfecg02" name="tsfecg02"/>
  </testsuite>
  <testsuite name="tsfecg03" timestamp="2026-01-02T09:42:53Z" hostname="c7e632cf6030" tests="1" skipped="0" failures="0" errors="0" time="0.581">
    <testcase time="0.580999999999904" classname="tsfecg03" name="tsfecg03"/>
  </testsuite>
  <testsuite name="tsfecg04" timestamp="2026-01-02T09:42:54Z" hostname="c7e632cf6030" tests="1" skipped="0" failures="0" errors="0" time="2.177">
    <testcase time="2.17700000000002" classname="tsfecg04" name="tsfecg04"/>
  </testsuite>
  <testsuite name="tsfecg05" timestamp="2026-01-02T09:42:56Z" hostname="c7e632cf6030" tests="1" skipped="0" failures="0" errors="0" time="1.326">
    <testcase time="1.32599999999991" classname="tsfecg05" name="tsfecg05"/>
  </testsuite>
  <testsuite name="tsflab01apart1" timestamp="2026-01-02T09:42:57Z" hostname="c7e632cf6030" tests="1" skipped="0" failures="0" errors="0" time="14.07">
    <testcase time="14.0700000000001" classname="tsflab01apart1" name="tsflab01a"/>
  </testsuite>
  <testsuite name="tsflab01apart2" timestamp="2026-01-02T09:43:11Z" hostname="c7e632cf6030" tests="1" skipped="0" failures="0" errors="0" time="14.033">
    <testcase time="14.033" classname="tsflab01apart2" name="tsflab01a"/>
  </testsuite>
  <testsuite name="tsflab01apart3" timestamp="2026-01-02T09:43:25Z" hostname="c7e632cf6030" tests="1" skipped="0" failures="0" errors="0" time="13.882">
    <testcase time="13.8819999999999" classname="tsflab01apart3" name="tsflab01a"/>
  </testsuite>
  <testsuite name="tsflab01part1" timestamp="2026-01-02T09:43:39Z" hostname="c7e632cf6030" tests="1" skipped="0" failures="0" errors="0" time="6.116">
    <testcase time="6.11599999999999" classname="tsflab01part1" name="tsflab01"/>
  </testsuite>
  <testsuite name="tsflab01part2" timestamp="2026-01-02T09:43:45Z" hostname="c7e632cf6030" tests="1" skipped="0" failures="0" errors="0" time="5.573">
    <testcase time="5.57300000000009" classname="tsflab01part2" name="tsflab01"/>
  </testsuite>
  <testsuite name="tsflab02" timestamp="2026-01-02T09:43:51Z" hostname="c7e632cf6030" tests="1" skipped="0" failures="0" errors="0" time="1.016">
    <testcase time="1.01599999999996" classname="tsflab02" name="tsflab02"/>
  </testsuite>
  <testsuite name="tsflab02a" timestamp="2026-01-02T09:43:52Z" hostname="c7e632cf6030" tests="1" skipped="0" failures="0" errors="0" time="2.642">
    <testcase time="2.64199999999994" classname="tsflab02a" name="tsflab02a"/>
  </testsuite>
  <testsuite name="tsflab02b" timestamp="2026-01-02T09:43:55Z" hostname="c7e632cf6030" tests="1" skipped="0" failures="0" errors="0" time="2.239">
    <testcase time="2.23900000000003" classname="tsflab02b" name="tsflab02b"/>
  </testsuite>
  <testsuite name="tsflab03" timestamp="2026-01-02T09:43:57Z" hostname="c7e632cf6030" tests="1" skipped="0" failures="0" errors="0" time="3.382">
    <testcase time="3.38200000000006" classname="tsflab03" name="tsflab03"/>
  </testsuite>
  <testsuite name="tsflab03a" timestamp="2026-01-02T09:44:00Z" hostname="c7e632cf6030" tests="1" skipped="0" failures="0" errors="0" time="10.336">
    <testcase time="10.336" classname="tsflab03a" name="tsflab03a"/>
  </testsuite>
  <testsuite name="tsflab04a" timestamp="2026-01-02T09:44:11Z" hostname="c7e632cf6030" tests="1" skipped="0" failures="0" errors="0" time="2.641">
    <testcase time="2.64099999999996" classname="tsflab04a" name="tsflab04a"/>
  </testsuite>
  <testsuite name="tsflab04b" timestamp="2026-01-02T09:44:13Z" hostname="c7e632cf6030" tests="1" skipped="0" failures="0" errors="0" time="1.104">
    <testcase time="1.10400000000004" classname="tsflab04b" name="tsflab04b"/>
  </testsuite>
  <testsuite name="tsflab05" timestamp="2026-01-02T09:44:14Z" hostname="c7e632cf6030" tests="1" skipped="0" failures="0" errors="0" time="2.889">
    <testcase time="2.88900000000001" classname="tsflab05" name="tsflab05"/>
  </testsuite>
  <testsuite name="tsflab06" timestamp="2026-01-02T09:44:17Z" hostname="c7e632cf6030" tests="1" skipped="0" failures="0" errors="0" time="3.01">
    <testcase time="3.00999999999999" classname="tsflab06" name="tsflab06"/>
  </testsuite>
  <testsuite name="tsflab07" timestamp="2026-01-02T09:44:20Z" hostname="c7e632cf6030" tests="1" skipped="0" failures="0" errors="0" time="17.766">
    <testcase time="17.766" classname="tsflab07" name="tsflab07"/>
  </testsuite>
  <testsuite name="tsfvit01apart1" timestamp="2026-01-02T09:44:38Z" hostname="c7e632cf6030" tests="1" skipped="0" failures="0" errors="0" time="6.417">
    <testcase time="6.41700000000003" classname="tsfvit01apart1" name="tsfvit01a"/>
  </testsuite>
  <testsuite name="tsfvit01apart2" timestamp="2026-01-02T09:44:44Z" hostname="c7e632cf6030" tests="1" skipped="0" failures="0" errors="0" time="6.512">
    <testcase time="6.51199999999994" classname="tsfvit01apart2" name="tsfvit01a"/>
  </testsuite>
  <testsuite name="tsfvit01apart3" timestamp="2026-01-02T09:44:51Z" hostname="c7e632cf6030" tests="1" skipped="0" failures="0" errors="0" time="6.48">
    <testcase time="6.48000000000002" classname="tsfvit01apart3" name="tsfvit01a"/>
  </testsuite>
  <testsuite name="tsfvit01apart4" timestamp="2026-01-02T09:44:57Z" hostname="c7e632cf6030" tests="1" skipped="0" failures="0" errors="0" time="6.632">
    <testcase time="6.63200000000006" classname="tsfvit01apart4" name="tsfvit01a"/>
  </testsuite>
  <testsuite name="tsfvit01part1" timestamp="2026-01-02T09:45:04Z" hostname="c7e632cf6030" tests="1" skipped="0" failures="0" errors="0" time="3.436">
    <testcase time="3.43599999999992" classname="tsfvit01part1" name="tsfvit01"/>
  </testsuite>
  <testsuite name="tsfvit01part2" timestamp="2026-01-02T09:45:07Z" hostname="c7e632cf6030" tests="1" skipped="0" failures="0" errors="0" time="3.131">
    <testcase time="3.13100000000009" classname="tsfvit01part2" name="tsfvit01"/>
  </testsuite>
  <testsuite name="tsfvit01part3" timestamp="2026-01-02T09:45:11Z" hostname="c7e632cf6030" tests="1" skipped="0" failures="0" errors="0" time="3.124">
    <testcase time="3.12399999999991" classname="tsfvit01part3" name="tsfvit01"/>
  </testsuite>
  <testsuite name="tsfvit01part4" timestamp="2026-01-02T09:45:14Z" hostname="c7e632cf6030" tests="1" skipped="0" failures="0" errors="0" time="3.172">
    <testcase time="3.17200000000003" classname="tsfvit01part4" name="tsfvit01"/>
  </testsuite>
  <testsuite name="tsfvit02" timestamp="2026-01-02T09:45:17Z" hostname="c7e632cf6030" tests="1" skipped="0" failures="0" errors="0" time="0.672">
    <testcase time="0.672000000000025" classname="tsfvit02" name="tsfvit02"/>
  </testsuite>
  <testsuite name="tsfvit03" timestamp="2026-01-02T09:45:18Z" hostname="c7e632cf6030" tests="1" skipped="0" failures="0" errors="0" time="0.635">
    <testcase time="0.634999999999991" classname="tsfvit03" name="tsfvit03"/>
  </testsuite>
  <testsuite name="tsfvit04" timestamp="2026-01-02T09:45:18Z" hostname="c7e632cf6030" tests="1" skipped="0" failures="0" errors="0" time="0.651">
    <testcase time="0.650999999999954" classname="tsfvit04" name="tsfvit04"/>
  </testsuite>
  <testsuite name="tsfvit05" timestamp="2026-01-02T09:45:19Z" hostname="c7e632cf6030" tests="1" skipped="0" failures="0" errors="0" time="1.81">
    <testcase time="1.81000000000006" classname="tsfvit05" name="tsfvit05"/>
  </testsuite>
  <testsuite name="tsfvit06" timestamp="2026-01-02T09:45:21Z" hostname="c7e632cf6030" tests="1" skipped="0" failures="0" errors="0" time="0.601">
    <testcase time="0.600999999999999" classname="tsfvit06" name="tsfvit06"/>
  </testsuite>
  <testsuite name="tsicm01" timestamp="2026-01-02T09:45:21Z" hostname="c7e632cf6030" tests="1" skipped="0" failures="0" errors="0" time="5.618">
    <testcase time="5.61799999999994" classname="tsicm01" name="tsicm01"/>
  </testsuite>
  <testsuite name="tsicm02" timestamp="2026-01-02T09:45:27Z" hostname="c7e632cf6030" tests="1" skipped="0" failures="0" errors="0" time="5.673">
    <testcase time="5.673" classname="tsicm02" name="tsicm02"/>
  </testsuite>
  <testsuite name="tsicm03" timestamp="2026-01-02T09:45:33Z" hostname="c7e632cf6030" tests="1" skipped="0" failures="0" errors="0" time="4.265">
    <testcase time="4.2650000000001" classname="tsicm03" name="tsicm03"/>
  </testsuite>
  <testsuite name="tsicm04" timestamp="2026-01-02T09:45:37Z" hostname="c7e632cf6030" tests="1" skipped="0" failures="0" errors="0" time="3.813">
    <testcase time="3.81299999999999" classname="tsicm04" name="tsicm04"/>
  </testsuite>
  <testsuite name="tsicm05" timestamp="2026-01-02T09:45:41Z" hostname="c7e632cf6030" tests="1" skipped="0" failures="0" errors="0" time="7.077">
    <testcase time="7.077" classname="tsicm05" name="tsicm05"/>
  </testsuite>
  <testsuite name="tsicm06" timestamp="2026-01-02T09:45:48Z" hostname="c7e632cf6030" tests="1" skipped="0" failures="0" errors="0" time="7.141">
    <testcase time="7.14099999999996" classname="tsicm06" name="tsicm06"/>
  </testsuite>
  <testsuite name="tsicm07" timestamp="2026-01-02T09:45:55Z" hostname="c7e632cf6030" tests="1" skipped="0" failures="0" errors="0" time="0.682">
    <testcase time="0.682000000000016" classname="tsicm07" name="tsicm07"/>
  </testsuite>
  <testsuite name="tsicm08" timestamp="2026-01-02T09:45:55Z" hostname="c7e632cf6030" tests="1" skipped="0" failures="0" errors="0" time="0.674">
    <testcase time="0.673999999999978" classname="tsicm08" name="tsicm08"/>
  </testsuite>
  <testsuite name="tsidem01" timestamp="2026-01-02T09:45:56Z" hostname="c7e632cf6030" tests="1" skipped="0" failures="0" errors="0" time="2.399">
    <testcase time="2.399" classname="tsidem01" name="tsidem01"/>
  </testsuite>
  <testsuite name="tsidem02" timestamp="2026-01-02T09:45:59Z" hostname="c7e632cf6030" tests="1" skipped="0" failures="0" errors="0" time="0.766">
    <testcase time="0.765999999999963" classname="tsidem02" name="tsidem02"/>
  </testsuite>
  <testsuite name="tsids01" timestamp="2026-01-02T09:45:59Z" hostname="c7e632cf6030" tests="1" skipped="0" failures="0" errors="0" time="0.359">
    <testcase time="0.359000000000037" classname="tsids01" name="tsids01"/>
  </testsuite>
  <testsuite name="tsids02" timestamp="2026-01-02T09:46:00Z" hostname="c7e632cf6030" tests="1" skipped="0" failures="0" errors="0" time="1.51">
    <testcase time="1.50999999999999" classname="tsids02" name="tsids02"/>
  </testsuite>
  <testsuite name="tsids02a" timestamp="2026-01-02T09:46:01Z" hostname="c7e632cf6030" tests="1" skipped="0" failures="0" errors="0" time="8.056">
    <testcase time="8.05600000000004" classname="tsids02a" name="tsids02a"/>
  </testsuite>
  <testsuite name="tsiex01" timestamp="2026-01-02T09:46:09Z" hostname="c7e632cf6030" tests="1" skipped="0" failures="0" errors="0" time="1.449">
    <testcase time="1.44899999999996" classname="tsiex01" name="tsiex01"/>
  </testsuite>
  <testsuite name="tsiex02" timestamp="2026-01-02T09:46:11Z" hostname="c7e632cf6030" tests="1" skipped="0" failures="0" errors="0" time="1.327">
    <testcase time="1.327" classname="tsiex02" name="tsiex02"/>
  </testsuite>
  <testsuite name="tsiex03" timestamp="2026-01-02T09:46:12Z" hostname="c7e632cf6030" tests="1" skipped="0" failures="0" errors="0" time="1.024">
    <testcase time="1.024" classname="tsiex03" name="tsiex03"/>
  </testsuite>
  <testsuite name="tsiex04" timestamp="2026-01-02T09:46:13Z" hostname="c7e632cf6030" tests="1" skipped="0" failures="0" errors="0" time="0.864">
    <testcase time="0.864000000000033" classname="tsiex04" name="tsiex04"/>
  </testsuite>
  <testsuite name="tsiex06" timestamp="2026-01-02T09:46:14Z" hostname="c7e632cf6030" tests="1" skipped="0" failures="0" errors="0" time="0.412">
    <testcase time="0.412000000000035" classname="tsiex06" name="tsiex06"/>
  </testsuite>
  <testsuite name="tsiex07" timestamp="2026-01-02T09:46:14Z" hostname="c7e632cf6030" tests="1" skipped="0" failures="0" errors="0" time="0.587">
    <testcase time="0.586999999999989" classname="tsiex07" name="tsiex07"/>
  </testsuite>
  <testsuite name="tsiex08" timestamp="2026-01-02T09:46:15Z" hostname="c7e632cf6030" tests="1" skipped="0" failures="0" errors="0" time="1.281">
    <testcase time="1.28099999999995" classname="tsiex08" name="tsiex08"/>
  </testsuite>
  <testsuite name="tsiex09" timestamp="2026-01-02T09:46:16Z" hostname="c7e632cf6030" tests="1" skipped="0" failures="0" errors="0" time="0.611">
    <testcase time="0.61099999999999" classname="tsiex09" name="tsiex09"/>
  </testsuite>
  <testsuite name="tsiex10" timestamp="2026-01-02T09:46:17Z" hostname="c7e632cf6030" tests="1" skipped="0" failures="0" errors="0" time="0.605">
    <testcase time="0.605000000000018" classname="tsiex10" name="tsiex10"/>
  </testsuite>
  <testsuite name="tsiex11" timestamp="2026-01-02T09:46:17Z" hostname="c7e632cf6030" tests="1" skipped="0" failures="0" errors="0" time="2.991">
    <testcase time="2.99099999999999" classname="tsiex11" name="tsiex11"/>
  </testsuite>
  <testsuite name="tsimh01" timestamp="2026-01-02T09:46:20Z" hostname="c7e632cf6030" tests="1" skipped="0" failures="0" errors="0" time="1.135">
    <testcase time="1.13499999999999" classname="tsimh01" name="tsimh01"/>
  </testsuite>
</testsuites>
