<?xml version="1.0" encoding="UTF-8"?>
<testsuites>
  <testsuite name="char-support" timestamp="2026-01-02T14:26:54Z" hostname="a1482955fa3c" tests="6" skipped="0" failures="0" errors="0" time="3.116">
    <testcase time="1.035" classname="char_support" name="CRITDIR_is_factor_and_one_PARAMCD_is_not_available_on_all_AVISITS"/>
    <testcase time="0.32" classname="char_support" name="CRITDIR_is_factor_and_one_PARAMCD_is_not_available_on_all_AVISITS"/>
    <testcase time="0.568" classname="char_support" name="CRITDIR_is_not_factor_and_all_PARAMCD_available_on_all_AVISITS"/>
    <testcase time="0.348000000000001" classname="char_support" name="CRITDIR_is_not_factor_and_all_PARAMCD_available_on_all_AVISITS"/>
    <testcase time="0.587999999999999" classname="char_support" name="CRITDIR_is_not_factor_and_one_PARAMCD_is_not_available_on_all_AVISITS"/>
    <testcase time="0.257000000000001" classname="char_support" name="CRITDIR_is_not_factor_and_one_PARAMCD_is_not_available_on_all_AVISITS"/>
  </testsuite>
  <testsuite name="listing_adal02" timestamp="2026-01-02T14:26:57Z" hostname="a1482955fa3c" tests="1" skipped="0" failures="0" errors="0" time="0.16">
    <testcase time="0.16" classname="listing_adal02" name="ADAL02_listing_is_produced_correctly"/>
  </testsuite>
  <testsuite name="listing_ael01" timestamp="2026-01-02T14:26:57Z" hostname="a1482955fa3c" tests="1" skipped="0" failures="0" errors="0" time="0.111">
    <testcase time="0.110999999999999" classname="listing_ael01" name="AEL01_listing_is_produced_correctly"/>
  </testsuite>
  <testsuite name="listing_ael01_nollt" timestamp="2026-01-02T14:26:57Z" hostname="a1482955fa3c" tests="1" skipped="0" failures="0" errors="0" time="0.045">
    <testcase time="0.0449999999999999" classname="listing_ael01_nollt" name="AEL01_NOLLT_listing_is_produced_correctly"/>
  </testsuite>
  <testsuite name="listing_ael02" timestamp="2026-01-02T14:26:57Z" hostname="a1482955fa3c" tests="1" skipped="0" failures="0" errors="0" time="0.239">
    <testcase time="0.239000000000001" classname="listing_ael02" name="AEL02_listing_is_produced_correctly"/>
  </testsuite>
  <testsuite name="listing_ael02_ed" timestamp="2026-01-02T14:26:57Z" hostname="a1482955fa3c" tests="1" skipped="0" failures="0" errors="0" time="0.283">
    <testcase time="0.282999999999999" classname="listing_ael02_ed" name="AEL02_ED_listing_is_produced_correctly"/>
  </testsuite>
  <testsuite name="listing_ael03" timestamp="2026-01-02T14:26:58Z" hostname="a1482955fa3c" tests="1" skipped="0" failures="0" errors="0" time="0.232">
    <testcase time="0.232000000000001" classname="listing_ael03" name="AEL03_listing_is_produced_correctly"/>
  </testsuite>
  <testsuite name="listing_ael04" timestamp="2026-01-02T14:26:58Z" hostname="a1482955fa3c" tests="1" skipped="0" failures="0" errors="0" time="0.167">
    <testcase time="0.167" classname="listing_ael04" name="AEL04_listing_is_produced_correctly"/>
  </testsuite>
  <testsuite name="listing_cml01" timestamp="2026-01-02T14:26:58Z" hostname="a1482955fa3c" tests="1" skipped="0" failures="0" errors="0" time="0.287">
    <testcase time="0.286999999999999" classname="listing_cml01" name="CML01_listing_is_produced_correctly"/>
  </testsuite>
  <testsuite name="listing_cml02a_gl" timestamp="2026-01-02T14:26:58Z" hostname="a1482955fa3c" tests="1" skipped="0" failures="0" errors="0" time="0.099">
    <testcase time="0.0990000000000002" classname="listing_cml02a_gl" name="CML02A_GL_listing_is_produced_correctly"/>
  </testsuite>
  <testsuite name="listing_cml02b_gl" timestamp="2026-01-02T14:26:58Z" hostname="a1482955fa3c" tests="1" skipped="0" failures="0" errors="0" time="0.142">
    <testcase time="0.142000000000001" classname="listing_cml02b_gl" name="CML02B_GL_listing_is_produced_correctly"/>
  </testsuite>
  <testsuite name="listing_dsl01" timestamp="2026-01-02T14:26:59Z" hostname="a1482955fa3c" tests="1" skipped="0" failures="0" errors="0" time="0.138">
    <testcase time="0.138" classname="listing_dsl01" name="DSL01_listing_is_produced_correctly"/>
  </testsuite>
  <testsuite name="listing_dsl02" timestamp="2026-01-02T14:26:59Z" hostname="a1482955fa3c" tests="1" skipped="0" failures="0" errors="0" time="0.062">
    <testcase time="0.0619999999999994" classname="listing_dsl02" name="DSL02_listing_is_produced_correctly"/>
  </testsuite>
  <testsuite name="listing_dsur4" timestamp="2026-01-02T14:26:59Z" hostname="a1482955fa3c" tests="1" skipped="0" failures="0" errors="0" time="0.08">
    <testcase time="0.0800000000000001" classname="listing_dsur4" name="DSUR4_listing_is_produced_correctly"/>
  </testsuite>
  <testsuite name="listing_egl01" timestamp="2026-01-02T14:26:59Z" hostname="a1482955fa3c" tests="1" skipped="0" failures="0" errors="0" time="0.375">
    <testcase time="0.375" classname="listing_egl01" name="EGL01_listing_is_produced_correctly"/>
  </testsuite>
  <testsuite name="listing_exl01" timestamp="2026-01-02T14:26:59Z" hostname="a1482955fa3c" tests="1" skipped="0" failures="0" errors="0" time="0.181">
    <testcase time="0.181000000000001" classname="listing_exl01" name="EXL01_listing_is_produced_correctly"/>
  </testsuite>
  <testsuite name="listing_lbl01" timestamp="2026-01-02T14:26:59Z" hostname="a1482955fa3c" tests="1" skipped="0" failures="0" errors="0" time="0.485">
    <testcase time="0.484999999999999" classname="listing_lbl01" name="LBL01_listing_is_produced_correctly"/>
  </testsuite>
  <testsuite name="listing_lbl01_rls" timestamp="2026-01-02T14:27:00Z" hostname="a1482955fa3c" tests="1" skipped="0" failures="0" errors="0" time="0.467">
    <testcase time="0.467000000000001" classname="listing_lbl01_rls" name="LBL01_RLS_listing_is_produced_correctly"/>
  </testsuite>
  <testsuite name="listing_lbl02a" timestamp="2026-01-02T14:27:00Z" hostname="a1482955fa3c" tests="1" skipped="0" failures="0" errors="0" time="0.213">
    <testcase time="0.213000000000001" classname="listing_lbl02a" name="LBL02A_listing_is_produced_correctly"/>
  </testsuite>
  <testsuite name="listing_lbl02a_rls" timestamp="2026-01-02T14:27:01Z" hostname="a1482955fa3c" tests="1" skipped="0" failures="0" errors="0" time="0.712">
    <testcase time="0.712" classname="listing_lbl02a_rls" name="LBL02A_RLS_listing_is_produced_correctly"/>
  </testsuite>
  <testsuite name="listing_lbl02b" timestamp="2026-01-02T14:27:01Z" hostname="a1482955fa3c" tests="1" skipped="0" failures="0" errors="0" time="0.219">
    <testcase time="0.218999999999998" classname="listing_lbl02b" name="LBL02B_listing_is_produced_correctly"/>
  </testsuite>
  <testsuite name="listing_mhl01" timestamp="2026-01-02T14:27:01Z" hostname="a1482955fa3c" tests="1" skipped="0" failures="0" errors="0" time="0.221">
    <testcase time="0.221" classname="listing_mhl01" name="MHL01_listing_is_produced_correctly"/>
  </testsuite>
  <testsuite name="listing_oncl01" timestamp="2026-01-02T14:27:02Z" hostname="a1482955fa3c" tests="1" skipped="0" failures="0" errors="0" time="0.183">
    <testcase time="0.183" classname="listing_oncl01" name="ONCL01_listing_is_produced_correctly"/>
  </testsuite>
  <testsuite name="listing_pkcl01" timestamp="2026-01-02T14:27:02Z" hostname="a1482955fa3c" tests="2" skipped="0" failures="0" errors="0" time="0.421">
    <testcase time="0.141000000000002" classname="listing_pkcl01" name="PKCL01_listing_is_produced_correctly"/>
    <testcase time="0.280000000000001" classname="listing_pkcl01" name="PKCL01_listing_key_columns_values_are_repeated_when_entries_span_multiple_pages"/>
  </testsuite>
  <testsuite name="listing_pkcl02" timestamp="2026-01-02T14:27:02Z" hostname="a1482955fa3c" tests="1" skipped="0" failures="0" errors="0" time="0.174">
    <testcase time="0.173999999999999" classname="listing_pkcl02" name="PKCL02_listing_is_produced_correctly"/>
  </testsuite>
  <testsuite name="listing_pkpl01" timestamp="2026-01-02T14:27:02Z" hostname="a1482955fa3c" tests="1" skipped="0" failures="0" errors="0" time="0.175">
    <testcase time="0.175000000000001" classname="listing_pkpl01" name="PKPL01_listing_is_produced_correctly"/>
  </testsuite>
  <testsuite name="listing_pkpl02" timestamp="2026-01-02T14:27:03Z" hostname="a1482955fa3c" tests="1" skipped="0" failures="0" errors="0" time="0.104">
    <testcase time="0.103999999999999" classname="listing_pkpl02" name="PKPL02_listing_is_produced_correctly"/>
  </testsuite>
  <testsuite name="listing_pkpl04" timestamp="2026-01-02T14:27:03Z" hostname="a1482955fa3c" tests="1" skipped="0" failures="0" errors="0" time="0.17">
    <testcase time="0.169999999999998" classname="listing_pkpl04" name="PKPL04_listing_is_produced_correctly"/>
  </testsuite>
  <testsuite name="listing_vsl01" timestamp="2026-01-02T14:27:03Z" hostname="a1482955fa3c" tests="1" skipped="0" failures="0" errors="0" time="0.367">
    <testcase time="0.367000000000001" classname="listing_vsl01" name="VSL01_listing_is_produced_correctly"/>
  </testsuite>
  <testsuite name="lsfae01" timestamp="2026-01-02T14:27:03Z" hostname="a1482955fa3c" tests="1" skipped="0" failures="0" errors="0" time="1.136">
    <testcase time="1.136" classname="lsfae01" name="lsfae01"/>
  </testsuite>
  <testsuite name="lsfae02" timestamp="2026-01-02T14:27:04Z" hostname="a1482955fa3c" tests="1" skipped="0" failures="0" errors="0" time="1">
    <testcase time="1" classname="lsfae02" name="lsfae02"/>
  </testsuite>
  <testsuite name="lsfae03" timestamp="2026-01-02T14:27:05Z" hostname="a1482955fa3c" tests="1" skipped="0" failures="0" errors="0" time="0.66">
    <testcase time="0.66" classname="lsfae03" name="lsfae03"/>
  </testsuite>
  <testsuite name="lsfae04" timestamp="2026-01-02T14:27:06Z" hostname="a1482955fa3c" tests="1" skipped="0" failures="0" errors="0" time="0.249">
    <testcase time="0.249000000000002" classname="lsfae04" name="lsfae04"/>
  </testsuite>
  <testsuite name="lsfae05" timestamp="2026-01-02T14:27:06Z" hostname="a1482955fa3c" tests="1" skipped="0" failures="0" errors="0" time="1.278">
    <testcase time="1.278" classname="lsfae05" name="lsfae05"/>
  </testsuite>
  <testsuite name="lsfae06a" timestamp="2026-01-02T14:27:08Z" hostname="a1482955fa3c" tests="1" skipped="0" failures="0" errors="0" time="0.899">
    <testcase time="0.899000000000001" classname="lsfae06a" name="lsfae06a"/>
  </testsuite>
  <testsuite name="lsfae06b" timestamp="2026-01-02T14:27:09Z" hostname="a1482955fa3c" tests="1" skipped="0" failures="0" errors="0" time="0.865">
    <testcase time="0.864999999999998" classname="lsfae06b" name="lsfae06b"/>
  </testsuite>
  <testsuite name="lsfdth01" timestamp="2026-01-02T14:27:09Z" hostname="a1482955fa3c" tests="1" skipped="0" failures="0" errors="0" time="0.251">
    <testcase time="0.251000000000001" classname="lsfdth01" name="lsfdth01"/>
  </testsuite>
  <testsuite name="lsfecg01" timestamp="2026-01-02T14:27:10Z" hostname="a1482955fa3c" tests="1" skipped="0" failures="0" errors="0" time="0.983">
    <testcase time="0.983000000000001" classname="lsfecg01" name="lsfecg01"/>
  </testsuite>
  <testsuite name="lsfecg02part1" timestamp="2026-01-02T14:27:11Z" hostname="a1482955fa3c" tests="1" skipped="0" failures="0" errors="0" time="2.407">
    <testcase time="2.407" classname="lsfecg02part1" name="lsfecg02part1of3"/>
  </testsuite>
  <testsuite name="lsfecg02part2" timestamp="2026-01-02T14:27:13Z" hostname="a1482955fa3c" tests="1" skipped="0" failures="0" errors="0" time="2.419">
    <testcase time="2.419" classname="lsfecg02part2" name="lsfecg02part2of3"/>
  </testsuite>
  <testsuite name="lsfecg02part3" timestamp="2026-01-02T14:27:15Z" hostname="a1482955fa3c" tests="1" skipped="0" failures="0" errors="0" time="2.43">
    <testcase time="2.43" classname="lsfecg02part3" name="lsfecg02part3of3"/>
  </testsuite>
  <testsuite name="lsflab01" timestamp="2026-01-02T14:27:18Z" hostname="a1482955fa3c" tests="1" skipped="0" failures="0" errors="0" time="0.95">
    <testcase time="0.950000000000003" classname="lsflab01" name="lsflab01"/>
  </testsuite>
  <testsuite name="lsfvit01" timestamp="2026-01-02T14:27:19Z" hostname="a1482955fa3c" tests="1" skipped="0" failures="0" errors="0" time="2.423">
    <testcase time="2.423" classname="lsfvit01" name="lsfvit01"/>
  </testsuite>
  <testsuite name="lsfvit02" timestamp="2026-01-02T14:27:21Z" hostname="a1482955fa3c" tests="1" skipped="0" failures="0" errors="0" time="2.617">
    <testcase time="2.617" classname="lsfvit02" name="lsfvit02"/>
  </testsuite>
  <testsuite name="lsicm01" timestamp="2026-01-02T14:27:24Z" hostname="a1482955fa3c" tests="1" skipped="0" failures="0" errors="0" time="1.029">
    <testcase time="1.029" classname="lsicm01" name="lsicm01"/>
  </testsuite>
  <testsuite name="lsidem01" timestamp="2026-01-02T14:27:25Z" hostname="a1482955fa3c" tests="1" skipped="0" failures="0" errors="0" time="0.823">
    <testcase time="0.823" classname="lsidem01" name="lsidem01"/>
  </testsuite>
  <testsuite name="lsidem02" timestamp="2026-01-02T14:27:26Z" hostname="a1482955fa3c" tests="1" skipped="0" failures="0" errors="0" time="0.73">
    <testcase time="0.729999999999997" classname="lsidem02" name="lsidem02"/>
  </testsuite>
  <testsuite name="lsids01" timestamp="2026-01-02T14:27:26Z" hostname="a1482955fa3c" tests="1" skipped="0" failures="0" errors="0" time="0.742">
    <testcase time="0.741999999999997" classname="lsids01" name="lsids01"/>
  </testsuite>
  <testsuite name="lsids02" timestamp="2026-01-02T14:27:27Z" hostname="a1482955fa3c" tests="1" skipped="0" failures="0" errors="0" time="1.02">
    <testcase time="1.02" classname="lsids02" name="lsids02"/>
  </testsuite>
  <testsuite name="lsids03" timestamp="2026-01-02T14:27:28Z" hostname="a1482955fa3c" tests="1" skipped="0" failures="0" errors="0" time="0.759">
    <testcase time="0.759" classname="lsids03" name="lsids03"/>
  </testsuite>
  <testsuite name="lsids04" timestamp="2026-01-02T14:27:29Z" hostname="a1482955fa3c" tests="1" skipped="0" failures="0" errors="0" time="0.158">
    <testcase time="0.158000000000001" classname="lsids04" name="lsids04"/>
  </testsuite>
  <testsuite name="lsids05" timestamp="2026-01-02T14:27:29Z" hostname="a1482955fa3c" tests="1" skipped="0" failures="0" errors="0" time="0.121">
    <testcase time="0.120999999999995" classname="lsids05" name="lsids05"/>
  </testsuite>
  <testsuite name="lsiex01" timestamp="2026-01-02T14:27:29Z" hostname="a1482955fa3c" tests="1" skipped="0" failures="0" errors="0" time="0.855">
    <testcase time="0.855000000000004" classname="lsiex01" name="lsiex01"/>
  </testsuite>
  <testsuite name="lsiex02" timestamp="2026-01-02T14:27:30Z" hostname="a1482955fa3c" tests="1" skipped="0" failures="0" errors="0" time="0.526">
    <testcase time="0.525999999999996" classname="lsiex02" name="lsiex02"/>
  </testsuite>
  <testsuite name="lsiex03" timestamp="2026-01-02T14:27:31Z" hostname="a1482955fa3c" tests="1" skipped="0" failures="0" errors="0" time="1.067">
    <testcase time="1.067" classname="lsiex03" name="lsiex03"/>
  </testsuite>
  <testsuite name="lsimh01" timestamp="2026-01-02T14:27:32Z" hostname="a1482955fa3c" tests="1" skipped="0" failures="0" errors="0" time="1.65">
    <testcase time="1.65000000000001" classname="lsimh01" name="lsimh01"/>
  </testsuite>
  <testsuite name="pagination_listing" timestamp="2026-01-02T14:27:33Z" hostname="a1482955fa3c" tests="13" skipped="0" failures="0" errors="0" time="3.108">
    <testcase time="0.0429999999999993" classname="pagination_listing" name="Direct_pagination_works_fine"/>
    <testcase time="0.506999999999998" classname="pagination_listing" name="Direct_pagination_works_fine"/>
    <testcase time="0.00200000000000244" classname="pagination_listing" name="Direct_pagination_works_fine"/>
    <testcase time="0.451000000000001" classname="pagination_listing" name="Direct_pagination_works_fine"/>
    <testcase time="0.799999999999997" classname="pagination_listing" name="Direct_pagination_works_fine"/>
    <testcase time="0.638000000000005" classname="pagination_listing" name="pagination_counts_the_right_number_of_lines_when_wrapping_on_keycols_is_present"/>
    <testcase time="0.00599999999999312" classname="pagination_listing" name="pagination_counts_the_right_number_of_lines_when_wrapping_on_keycols_is_present"/>
    <testcase time="0.00500000000000256" classname="pagination_listing" name="pagination_counts_the_right_number_of_lines_when_wrapping_on_keycols_is_present"/>
    <testcase time="0.00399999999999778" classname="pagination_listing" name="pagination_counts_the_right_number_of_lines_when_wrapping_on_keycols_is_present"/>
    <testcase time="0.639000000000003" classname="pagination_listing" name="pagination_counts_the_right_number_of_lines_when_wrapping_on_keycols_is_present"/>
    <testcase time="0.00500000000000256" classname="pagination_listing" name="pagination_counts_the_right_number_of_lines_when_wrapping_on_keycols_is_present"/>
    <testcase time="0.00399999999999778" classname="pagination_listing" name="pagination_counts_the_right_number_of_lines_when_wrapping_on_keycols_is_present"/>
    <testcase time="0.00399999999999778" classname="pagination_listing" name="pagination_counts_the_right_number_of_lines_when_wrapping_on_keycols_is_present"/>
  </testsuite>
  <testsuite name="pagination_table" timestamp="2026-01-02T14:27:38Z" hostname="a1482955fa3c" tests="30" skipped="0" failures="0" errors="0" time="12.802">
    <testcase time="1.582" classname="pagination_table" name="Direct_pagination_with_standard_values"/>
    <testcase time="0.00500000000000256" classname="pagination_table" name="Direct_pagination_with_standard_values"/>
    <testcase time="0.00300000000000011" classname="pagination_table" name="Direct_pagination_with_standard_values"/>
    <testcase time="1.117" classname="pagination_table" name="Pagination_with_specific_column_widths_and_minimum_lines_per_page"/>
    <testcase time="0.00400000000000489" classname="pagination_table" name="Pagination_with_specific_column_widths_and_minimum_lines_per_page"/>
    <testcase time="0.080999999999996" classname="pagination_table" name="Pagination_with_specific_column_widths_and_minimum_lines_per_page"/>
    <testcase time="0.905999999999999" classname="pagination_table" name="Pagination_works_also_if_table_is_decorated"/>
    <testcase time="0.472999999999999" classname="pagination_table" name="Pagination_works_also_if_table_is_decorated"/>
    <testcase time="0.722000000000001" classname="pagination_table" name="Pagination_works_also_if_table_is_decorated"/>
    <testcase time="0.605000000000004" classname="pagination_table" name="Pagination_works_also_if_table_is_decorated"/>
    <testcase time="1.224" classname="pagination_table" name="Pagination_works_also_if_table_is_decorated"/>
    <testcase time="0.271999999999998" classname="pagination_table" name="Pagination_works_also_if_table_is_decorated"/>
    <testcase time="0.00400000000000489" classname="pagination_table" name="Pagination_works_also_if_table_is_decorated"/>
    <testcase time="0.00799999999999557" classname="pagination_table" name="Pagination_works_also_if_table_is_decorated"/>
    <testcase time="0.122" classname="pagination_table" name="Pagination_works_also_if_table_is_decorated"/>
    <testcase time="0.0680000000000049" classname="pagination_table" name="Pagination_works_also_if_table_is_decorated"/>
    <testcase time="0.617999999999995" classname="pagination_table" name="Pagination_works_for_page_types"/>
    <testcase time="0.0700000000000003" classname="pagination_table" name="Pagination_works_for_page_types"/>
    <testcase time="0.609000000000002" classname="pagination_table" name="Pagination_works_for_page_types"/>
    <testcase time="0.0720000000000027" classname="pagination_table" name="Pagination_works_for_page_types"/>
    <testcase time="0.565999999999995" classname="pagination_table" name="Pagination_works_for_page_types"/>
    <testcase time="0.338000000000001" classname="pagination_table" name="Pagination_works_for_page_types"/>
    <testcase time="0.624000000000002" classname="pagination_table" name="Pagination_works_for_page_width_and_height"/>
    <testcase time="0.112000000000002" classname="pagination_table" name="Pagination_works_for_page_width_and_height"/>
    <testcase time="0.698999999999998" classname="pagination_table" name="Pagination_works_for_page_types"/>
    <testcase time="0.137999999999998" classname="pagination_table" name="Pagination_works_for_page_types"/>
    <testcase time="1.132" classname="pagination_table" name="AET04_variant_2_page_by_pagination_tests"/>
    <testcase time="0.512" classname="pagination_table" name="AET04_variant_2_page_by_pagination_tests"/>
    <testcase time="0.000999999999990564" classname="pagination_table" name="AET04_variant_2_page_by_pagination_tests"/>
    <testcase time="0.115000000000009" classname="pagination_table" name="AET04_variant_2_page_by_pagination_tests"/>
  </testsuite>
  <testsuite name="table_adat03" timestamp="2026-01-02T14:27:49Z" hostname="a1482955fa3c" tests="2" skipped="0" failures="0" errors="0" time="0.525">
    <testcase time="0.414999999999992" classname="table_adat03" name="ADAT03_is_produced_correctly"/>
    <testcase time="0.109999999999999" classname="table_adat03" name="ADAT03_is_produced_correctly"/>
  </testsuite>
  <testsuite name="table_aet01" timestamp="2026-01-02T14:27:50Z" hostname="a1482955fa3c" tests="8" skipped="0" failures="0" errors="0" time="1.639">
    <testcase time="0.369" classname="table_aet01" name="Safety_Summary_Variant_1_works_as_expected"/>
    <testcase time="0.0740000000000123" classname="table_aet01" name="Safety_Summary_Variant_1_works_as_expected"/>
    <testcase time="0.324999999999989" classname="table_aet01" name="Safety_Summary_Variant_2_with_Medical_Concepts_Section_works_as_expected"/>
    <testcase time="0.0930000000000035" classname="table_aet01" name="Safety_Summary_Variant_2_with_Medical_Concepts_Section_works_as_expected"/>
    <testcase time="0.251999999999995" classname="table_aet01" name="Safety_Summary_Variant_3_with_Modified_Rows_works_as_expected"/>
    <testcase time="0.0730000000000075" classname="table_aet01" name="Safety_Summary_Variant_3_with_Modified_Rows_works_as_expected"/>
    <testcase time="0.361999999999995" classname="table_aet01" name="Safety_Summary_Variant_4_with_Rows_Counting_Events_and_Additional_Sections_works_as_expected"/>
    <testcase time="0.0910000000000082" classname="table_aet01" name="Safety_Summary_Variant_4_with_Rows_Counting_Events_and_Additional_Sections_works_as_expected"/>
  </testsuite>
  <testsuite name="table_aet01_aesi" timestamp="2026-01-02T14:27:51Z" hostname="a1482955fa3c" tests="8" skipped="0" failures="0" errors="0" time="2.526">
    <testcase time="0.275999999999996" classname="table_aet01_aesi" name="AET01_AESI_Variant_1_works_as_expected"/>
    <testcase time="0.0720000000000027" classname="table_aet01_aesi" name="AET01_AESI_Variant_1_works_as_expected"/>
    <testcase time="0.478999999999999" classname="table_aet01_aesi" name="AET01_AESI_Variant_2_works_as_expected"/>
    <testcase time="0.116" classname="table_aet01_aesi" name="AET01_AESI_Variant_2_works_as_expected"/>
    <testcase time="0.685999999999993" classname="table_aet01_aesi" name="AET01_AESI_Variant_3_works_as_expected"/>
    <testcase time="0.160000000000011" classname="table_aet01_aesi" name="AET01_AESI_Variant_3_works_as_expected"/>
    <testcase time="0.571999999999989" classname="table_aet01_aesi" name="AET01_AESI_Variant_4_works_as_expected"/>
    <testcase time="0.165000000000006" classname="table_aet01_aesi" name="AET01_AESI_Variant_4_works_as_expected"/>
  </testsuite>
  <testsuite name="table_aet02" timestamp="2026-01-02T14:27:54Z" hostname="a1482955fa3c" tests="26" skipped="0" failures="0" errors="0" time="7.863">
    <testcase time="0.569000000000003" classname="table_aet02" name="AET02_variant_1_is_produced_correctly"/>
    <testcase time="0.140000000000001" classname="table_aet02" name="AET02_variant_1_is_produced_correctly"/>
    <testcase time="0.358999999999995" classname="table_aet02" name="AET02_variant_1_is_produced_correctly"/>
    <testcase time="0.0870000000000033" classname="table_aet02" name="AET02_variant_1_is_produced_correctly"/>
    <testcase time="0.635000000000005" classname="table_aet02" name="AET02_variant_2_is_produced_correctly"/>
    <testcase time="0.144999999999996" classname="table_aet02" name="AET02_variant_2_is_produced_correctly"/>
    <testcase time="0.947000000000003" classname="table_aet02" name="AET02_variant_3_is_produced_correctly"/>
    <testcase time="0.253" classname="table_aet02" name="AET02_variant_3_is_produced_correctly"/>
    <testcase time="0.132999999999996" classname="table_aet02" name="AET02_variant_4_is_produced_correctly"/>
    <testcase time="0.0690000000000026" classname="table_aet02" name="AET02_variant_4_is_produced_correctly"/>
    <testcase time="0.421999999999997" classname="table_aet02" name="AET02_variant_5_is_produced_correctly"/>
    <testcase time="0.128" classname="table_aet02" name="AET02_variant_5_is_produced_correctly"/>
    <testcase time="0.403000000000006" classname="table_aet02" name="AET02_variant_6_is_produced_correctly"/>
    <testcase time="0.083999999999989" classname="table_aet02" name="AET02_variant_6_is_produced_correctly"/>
    <testcase time="0.936000000000007" classname="table_aet02" name="AET02_variant_7_is_produced_correctly"/>
    <testcase time="0.131" classname="table_aet02" name="AET02_variant_7_is_produced_correctly"/>
    <testcase time="0.415999999999997" classname="table_aet02" name="AET02_variant_8_is_produced_correctly"/>
    <testcase time="0.0679999999999978" classname="table_aet02" name="AET02_variant_8_is_produced_correctly"/>
    <testcase time="0.409000000000006" classname="table_aet02" name="AET02_variant_9_is_produced_correctly"/>
    <testcase time="0.0750000000000028" classname="table_aet02" name="AET02_variant_9_is_produced_correctly"/>
    <testcase time="0.426999999999992" classname="table_aet02" name="AET02_variant_10_is_produced_correctly"/>
    <testcase time="0.0619999999999976" classname="table_aet02" name="AET02_variant_10_is_produced_correctly"/>
    <testcase time="0.426000000000002" classname="table_aet02" name="AET02_variant_11_is_produced_correctly"/>
    <testcase time="0.0520000000000067" classname="table_aet02" name="AET02_variant_11_is_produced_correctly"/>
    <testcase time="0.414000000000001" classname="table_aet02" name="AET02_variant_12_is_produced_correctly"/>
    <testcase time="0.0729999999999933" classname="table_aet02" name="AET02_variant_12_is_produced_correctly"/>
  </testsuite>
  <testsuite name="table_aet02_smq" timestamp="2026-01-02T14:28:02Z" hostname="a1482955fa3c" tests="4" skipped="0" failures="0" errors="0" time="0.399">
    <testcase time="0.114999999999995" classname="table_aet02_smq" name="AET02SMQ_variant_1_is_produced_correctly"/>
    <testcase time="0.0640000000000072" classname="table_aet02_smq" name="AET02SMQ_variant_1_is_produced_correctly"/>
    <testcase time="0.161999999999992" classname="table_aet02_smq" name="AET02SMQ_variant_2_is_produced_correctly"/>
    <testcase time="0.0580000000000069" classname="table_aet02_smq" name="AET02SMQ_variant_2_is_produced_correctly"/>
  </testsuite>
  <testsuite name="table_aet03" timestamp="2026-01-02T14:28:02Z" hostname="a1482955fa3c" tests="6" skipped="0" failures="0" errors="0" time="4.699">
    <testcase time="1.21599999999999" classname="table_aet03" name="AET03_variant_1_is_produced_correctly"/>
    <testcase time="0.371000000000009" classname="table_aet03" name="AET03_variant_1_is_produced_correctly"/>
    <testcase time="1.277" classname="table_aet03" name="AET03_variant_1_is_produced_correctly"/>
    <testcase time="0.628" classname="table_aet03" name="AET03_variant_1_is_produced_correctly"/>
    <testcase time="1.00700000000001" classname="table_aet03" name="AET03_variant_1_is_produced_correctly"/>
    <testcase time="0.200000000000003" classname="table_aet03" name="AET03_variant_1_is_produced_correctly"/>
  </testsuite>
  <testsuite name="table_aet04" timestamp="2026-01-02T14:28:08Z" hostname="a1482955fa3c" tests="30" skipped="0" failures="0" errors="0" time="11.815">
    <testcase time="0.840999999999994" classname="table_aet04" name="AET04_variant_1_is_produced_correctly"/>
    <testcase time="0.293999999999997" classname="table_aet04" name="AET04_variant_1_is_produced_correctly"/>
    <testcase time="0.731000000000009" classname="table_aet04" name="AET04_variant_1_is_produced_correctly"/>
    <testcase time="0.0409999999999968" classname="table_aet04" name="AET04_variant_1_is_produced_correctly"/>
    <testcase time="0.0570000000000022" classname="table_aet04" name="AET04_variant_1_is_produced_correctly"/>
    <testcase time="0.733999999999995" classname="table_aet04" name="AET04_variant_2_is_produced_correctly_Fill_in_of_Treatment_Groups_"/>
    <testcase time="0.507000000000005" classname="table_aet04" name="AET04_variant_2_is_produced_correctly_Fill_in_of_Treatment_Groups_"/>
    <testcase time="0.596999999999994" classname="table_aet04" name="AET04_variant_2_is_produced_correctly_Fill_in_of_Treatment_Groups_"/>
    <testcase time="0.0430000000000064" classname="table_aet04" name="AET04_variant_2_is_produced_correctly_Fill_in_of_Treatment_Groups_"/>
    <testcase time="0.0339999999999918" classname="table_aet04" name="AET04_variant_2_is_produced_correctly_Fill_in_of_Treatment_Groups_"/>
    <testcase time="0.678000000000011" classname="table_aet04" name="AET04_variant_3_is_produced_correctly_Fill_in_of_Grades_"/>
    <testcase time="0.274000000000001" classname="table_aet04" name="AET04_variant_3_is_produced_correctly_Fill_in_of_Grades_"/>
    <testcase time="0.676999999999992" classname="table_aet04" name="AET04_variant_3_is_produced_correctly_Fill_in_of_Grades_"/>
    <testcase time="0.0390000000000015" classname="table_aet04" name="AET04_variant_3_is_produced_correctly_Fill_in_of_Grades_"/>
    <testcase time="0.0430000000000064" classname="table_aet04" name="AET04_variant_3_is_produced_correctly_Fill_in_of_Grades_"/>
    <testcase time="0.692999999999998" classname="table_aet04" name="AET04_variant_4_is_produced_correctly_Collapsing_of_Grades_grades_1_2_grades_3_4_5_"/>
    <testcase time="0.254999999999995" classname="table_aet04" name="AET04_variant_4_is_produced_correctly_Collapsing_of_Grades_grades_1_2_grades_3_4_5_"/>
    <testcase time="0.689999999999998" classname="table_aet04" name="AET04_variant_4_is_produced_correctly_Collapsing_of_Grades_grades_1_2_grades_3_4_5_"/>
    <testcase time="0.730000000000004" classname="table_aet04" name="AET04_variant_6_is_produced_correctly_with_an_Incidence_Rate_of_at_Least_5_totals_restricted_"/>
    <testcase time="0.269000000000005" classname="table_aet04" name="AET04_variant_6_is_produced_correctly_with_an_Incidence_Rate_of_at_Least_5_totals_restricted_"/>
    <testcase time="0.675999999999988" classname="table_aet04" name="AET04_variant_6_is_produced_correctly_with_an_Incidence_Rate_of_at_Least_5_totals_restricted_"/>
    <testcase time="0.0100000000000051" classname="table_aet04" name="AET04_variant_8_is_produced_correctly_with_an_Incidence_Rate_of_at_Least_X_Patients_"/>
    <testcase time="0.269999999999996" classname="table_aet04" name="AET04_variant_8_is_produced_correctly_with_an_Incidence_Rate_of_at_Least_X_Patients_"/>
    <testcase time="0.680000000000007" classname="table_aet04" name="AET04_variant_8_is_produced_correctly_with_an_Incidence_Rate_of_at_Least_X_Patients_"/>
    <testcase time="0.00900000000000034" classname="table_aet04" name="AET04_variant_9_is_produced_correctly_with_a_Difference_in_Incidence_Rate_of_at_Least_X_"/>
    <testcase time="0.289999999999992" classname="table_aet04" name="AET04_variant_9_is_produced_correctly_with_a_Difference_in_Incidence_Rate_of_at_Least_X_"/>
    <testcase time="0.686000000000007" classname="table_aet04" name="AET04_variant_9_is_produced_correctly_with_a_Difference_in_Incidence_Rate_of_at_Least_X_"/>
    <testcase time="0.0100000000000051" classname="table_aet04" name="AET04_variant_11_is_produced_correctly_with_Incidence_Rate_of_at_Least_X_all_SOCs_w_o_preferred_terms_removed_"/>
    <testcase time="0.274999999999991" classname="table_aet04" name="AET04_variant_11_is_produced_correctly_with_Incidence_Rate_of_at_Least_X_all_SOCs_w_o_preferred_terms_removed_"/>
    <testcase time="0.682000000000002" classname="table_aet04" name="AET04_variant_11_is_produced_correctly_with_Incidence_Rate_of_at_Least_X_all_SOCs_w_o_preferred_terms_removed_"/>
  </testsuite>
  <testsuite name="table_aet04_pi" timestamp="2026-01-02T14:28:19Z" hostname="a1482955fa3c" tests="18" skipped="0" failures="0" errors="0" time="6.487">
    <testcase time="0.616" classname="table_aet04_pi" name="AET04_PI_full_table_is_produced_correctly"/>
    <testcase time="0.174000000000007" classname="table_aet04_pi" name="AET04_PI_full_table_is_produced_correctly"/>
    <testcase time="0.617999999999995" classname="table_aet04_pi" name="AET04_PI_variant_1_is_produced_correctly"/>
    <testcase time="0.138000000000005" classname="table_aet04_pi" name="AET04_PI_variant_1_is_produced_correctly"/>
    <testcase time="0.61099999999999" classname="table_aet04_pi" name="AET04_PI_variant_2_is_produced_correctly"/>
    <testcase time="0.0840000000000032" classname="table_aet04_pi" name="AET04_PI_variant_2_is_produced_correctly"/>
    <testcase time="0.620000000000005" classname="table_aet04_pi" name="AET04_PI_variant_3_is_produced_correctly"/>
    <testcase time="0.0969999999999942" classname="table_aet04_pi" name="AET04_PI_variant_3_is_produced_correctly"/>
    <testcase time="0.623000000000005" classname="table_aet04_pi" name="AET04_PI_variant_4_is_produced_correctly"/>
    <testcase time="0.0729999999999933" classname="table_aet04_pi" name="AET04_PI_variant_4_is_produced_correctly"/>
    <testcase time="0.608000000000004" classname="table_aet04_pi" name="AET04_PI_variant_5_is_produced_correctly"/>
    <testcase time="0.126999999999995" classname="table_aet04_pi" name="AET04_PI_variant_5_is_produced_correctly"/>
    <testcase time="0.756" classname="table_aet04_pi" name="AET04_PI_variant_6_is_produced_correctly"/>
    <testcase time="0.13000000000001" classname="table_aet04_pi" name="AET04_PI_variant_6_is_produced_correctly"/>
    <testcase time="0.777999999999992" classname="table_aet04_pi" name="AET04_PI_variant_7_is_produced_correctly"/>
    <testcase time="0.134" classname="table_aet04_pi" name="AET04_PI_variant_7_is_produced_correctly"/>
    <testcase time="0.189000000000007" classname="table_aet04_pi" name="AET04_PI_variant_8_is_produced_correctly"/>
    <testcase time="0.11099999999999" classname="table_aet04_pi" name="AET04_PI_variant_8_is_produced_correctly"/>
  </testsuite>
  <testsuite name="table_aet05" timestamp="2026-01-02T14:28:25Z" hostname="a1482955fa3c" tests="4" skipped="0" failures="0" errors="0" time="0.257">
    <testcase time="0.097999999999999" classname="table_aet05" name="AET05_variant_1_is_produced_correctly"/>
    <testcase time="0.0430000000000064" classname="table_aet05" name="AET05_variant_1_is_produced_correctly"/>
    <testcase time="0.0750000000000028" classname="table_aet05" name="AET05_variant_2_is_produced_correctly"/>
    <testcase time="0.0409999999999968" classname="table_aet05" name="AET05_variant_2_is_produced_correctly"/>
  </testsuite>
  <testsuite name="table_aet05_all" timestamp="2026-01-02T14:28:26Z" hostname="a1482955fa3c" tests="4" skipped="0" failures="0" errors="0" time="0.273">
    <testcase time="0.120999999999995" classname="table_aet05_all" name="AET05_ALL_variant_1_is_produced_correctly"/>
    <testcase time="0.0530000000000115" classname="table_aet05_all" name="AET05_ALL_variant_1_is_produced_correctly"/>
    <testcase time="0.0569999999999879" classname="table_aet05_all" name="AET05_ALL_variant_2_is_produced_correctly"/>
    <testcase time="0.0420000000000016" classname="table_aet05_all" name="AET05_ALL_variant_2_is_produced_correctly"/>
  </testsuite>
  <testsuite name="table_aet06" timestamp="2026-01-02T14:28:26Z" hostname="a1482955fa3c" tests="6" skipped="0" failures="0" errors="0" time="3.728">
    <testcase time="0.623000000000005" classname="table_aet06" name="AET06_variant_1_is_produced_correctly"/>
    <testcase time="0.185999999999993" classname="table_aet06" name="AET06_variant_1_is_produced_correctly"/>
    <testcase time="1.00500000000001" classname="table_aet06" name="AET06_variant_3_is_produced_correctly"/>
    <testcase time="0.269999999999996" classname="table_aet06" name="AET06_variant_3_is_produced_correctly"/>
    <testcase time="1.324" classname="table_aet06" name="AET06_variant_5_is_produced_correctly"/>
    <testcase time="0.320000000000007" classname="table_aet06" name="AET06_variant_5_is_produced_correctly"/>
  </testsuite>
  <testsuite name="table_aet06_smq" timestamp="2026-01-02T14:28:29Z" hostname="a1482955fa3c" tests="4" skipped="0" failures="0" errors="0" time="0.992">
    <testcase time="0.382999999999996" classname="table_aet06_smq" name="AET06_SMQ_variant_1_is_produced_correctly"/>
    <testcase time="0.108000000000004" classname="table_aet06_smq" name="AET06_SMQ_variant_1_is_produced_correctly"/>
    <testcase time="0.379999999999995" classname="table_aet06_smq" name="AET06_SMQ_variant_2_is_produced_correctly"/>
    <testcase time="0.120999999999995" classname="table_aet06_smq" name="AET06_SMQ_variant_2_is_produced_correctly"/>
  </testsuite>
  <testsuite name="table_aet07" timestamp="2026-01-02T14:28:30Z" hostname="a1482955fa3c" tests="4" skipped="0" failures="0" errors="0" time="0.184">
    <testcase time="0.0570000000000022" classname="table_aet07" name="AET07_variant_1_is_produced_correctly"/>
    <testcase time="0.027000000000001" classname="table_aet07" name="AET07_variant_1_is_produced_correctly"/>
    <testcase time="0.070999999999998" classname="table_aet07" name="AET07_variant_2_is_produced_correctly"/>
    <testcase time="0.0290000000000106" classname="table_aet07" name="AET07_variant_2_is_produced_correctly"/>
  </testsuite>
  <testsuite name="table_aet09" timestamp="2026-01-02T14:28:31Z" hostname="a1482955fa3c" tests="4" skipped="0" failures="0" errors="0" time="2.177">
    <testcase time="0.578999999999994" classname="table_aet09" name="AET09_variant_1_is_produced_correctly_AE_related_to_study_drug"/>
    <testcase time="0.153999999999996" classname="table_aet09" name="AET09_variant_1_is_produced_correctly_AE_related_to_study_drug"/>
    <testcase time="1.229" classname="table_aet09" name="AET09_variant_2_is_produced_correctly_AE_related_to_study_drug_including_high_level_terms_"/>
    <testcase time="0.215000000000003" classname="table_aet09" name="AET09_variant_2_is_produced_correctly_AE_related_to_study_drug_including_high_level_terms_"/>
  </testsuite>
  <testsuite name="table_aet09_smq" timestamp="2026-01-02T14:28:33Z" hostname="a1482955fa3c" tests="4" skipped="0" failures="0" errors="0" time="0.439">
    <testcase time="0.123999999999995" classname="table_aet09_smq" name="AET09_variant_1_AEs_related_to_study_drug_by_SMQ_is_produced_correctly"/>
    <testcase time="0.0470000000000113" classname="table_aet09_smq" name="AET09_variant_1_AEs_related_to_study_drug_by_SMQ_is_produced_correctly"/>
    <testcase time="0.197999999999993" classname="table_aet09_smq" name="AET09_variant_2_AEs_related_to_study_drug_by_SMQ_with_customized_queries_is_produced_correctly"/>
    <testcase time="0.0700000000000074" classname="table_aet09_smq" name="AET09_variant_2_AEs_related_to_study_drug_by_SMQ_with_customized_queries_is_produced_correctly"/>
  </testsuite>
  <testsuite name="table_aet10" timestamp="2026-01-02T14:28:33Z" hostname="a1482955fa3c" tests="2" skipped="0" failures="0" errors="0" time="0.15">
    <testcase time="0.11099999999999" classname="table_aet10" name="AET10_default_variant_is_produced_correctly"/>
    <testcase time="0.0390000000000015" classname="table_aet10" name="AET10_default_variant_is_produced_correctly"/>
  </testsuite>
  <testsuite name="table_aovt01" timestamp="2026-01-02T14:28:33Z" hostname="a1482955fa3c" tests="6" skipped="0" failures="0" errors="0" time="1.83">
    <testcase time="0.325000000000003" classname="table_aovt01" name="AOVT01_variant_with_single_endpoint_is_produced_correctly"/>
    <testcase time="0.0669999999999931" classname="table_aovt01" name="AOVT01_variant_with_single_endpoint_is_produced_correctly"/>
    <testcase time="0.599000000000004" classname="table_aovt01" name="AOVT01_variant_with_multiple_endpoints_is_produced_correctly"/>
    <testcase time="0.119" classname="table_aovt01" name="AOVT01_variant_with_multiple_endpoints_is_produced_correctly"/>
    <testcase time="0.608000000000004" classname="table_aovt01" name="AOVT01_variant_with_proportional_weights_is_produced_correctly"/>
    <testcase time="0.111999999999995" classname="table_aovt01" name="AOVT01_variant_with_proportional_weights_is_produced_correctly"/>
  </testsuite>
  <testsuite name="table_aovt02" timestamp="2026-01-02T14:28:35Z" hostname="a1482955fa3c" tests="2" skipped="0" failures="0" errors="0" time="0.367">
    <testcase time="0.298000000000002" classname="table_aovt02" name="AOVT02_is_produced_correctly"/>
    <testcase time="0.0690000000000026" classname="table_aovt02" name="AOVT02_is_produced_correctly"/>
  </testsuite>
  <testsuite name="table_aovt03" timestamp="2026-01-02T14:28:36Z" hostname="a1482955fa3c" tests="2" skipped="0" failures="0" errors="0" time="0.861">
    <testcase time="0.733999999999995" classname="table_aovt03" name="AOVT03_is_produced_correctly"/>
    <testcase time="0.12700000000001" classname="table_aovt03" name="AOVT03_is_produced_correctly"/>
  </testsuite>
  <testsuite name="table_cfbt01" timestamp="2026-01-02T14:28:37Z" hostname="a1482955fa3c" tests="2" skipped="0" failures="0" errors="0" time="0.629">
    <testcase time="0.448000000000008" classname="table_cfbt01" name="CFBT01_default_variant_is_produced_correctly"/>
    <testcase time="0.180999999999997" classname="table_cfbt01" name="CFBT01_default_variant_is_produced_correctly"/>
  </testsuite>
  <testsuite name="table_cmht01" timestamp="2026-01-02T14:28:37Z" hostname="a1482955fa3c" tests="4" skipped="0" failures="0" errors="0" time="1.572">
    <testcase time="0.367000000000004" classname="table_cmht01" name="CMHT01_variant_1_is_produced_correctly"/>
    <testcase time="0.0769999999999982" classname="table_cmht01" name="CMHT01_variant_1_is_produced_correctly"/>
    <testcase time="0.918999999999997" classname="table_cmht01" name="CMHT01_variant_2_is_produced_correctly"/>
    <testcase time="0.209000000000003" classname="table_cmht01" name="CMHT01_variant_2_is_produced_correctly"/>
  </testsuite>
  <testsuite name="table_cmt01" timestamp="2026-01-02T14:28:39Z" hostname="a1482955fa3c" tests="8" skipped="0" failures="0" errors="0" time="3.493">
    <testcase time="0.631999999999991" classname="table_cmt01" name="CMT01_default_variant_Concomitant_medications_is_produced_correctly"/>
    <testcase time="0.227000000000004" classname="table_cmt01" name="CMT01_default_variant_Concomitant_medications_is_produced_correctly"/>
    <testcase time="0.731999999999999" classname="table_cmt01" name="CMT01_variant_1_prior_medications_is_produced_correctly"/>
    <testcase time="0.25" classname="table_cmt01" name="CMT01_variant_1_prior_medications_is_produced_correctly"/>
    <testcase time="0.593000000000004" classname="table_cmt01" name="CMT01_variant_3_Concomitant_medications_is_produced_correctly"/>
    <testcase time="0.191999999999993" classname="table_cmt01" name="CMT01_variant_3_Concomitant_medications_is_produced_correctly"/>
    <testcase time="0.63600000000001" classname="table_cmt01" name="CMT01_variant_4_Concomitant_medications_is_produced_correctly"/>
    <testcase time="0.230999999999995" classname="table_cmt01" name="CMT01_variant_4_Concomitant_medications_is_produced_correctly"/>
  </testsuite>
  <testsuite name="table_cmt01a" timestamp="2026-01-02T14:28:42Z" hostname="a1482955fa3c" tests="8" skipped="0" failures="0" errors="0" time="4.641">
    <testcase time="1.044" classname="table_cmt01a" name="CMT01A_variant_1_is_produced_correctly"/>
    <testcase time="0.200000000000003" classname="table_cmt01a" name="CMT01A_variant_1_is_produced_correctly"/>
    <testcase time="0.924000000000007" classname="table_cmt01a" name="CMT01A_variant_2_is_produced_correctly"/>
    <testcase time="0.220999999999989" classname="table_cmt01a" name="CMT01A_variant_2_is_produced_correctly"/>
    <testcase time="0.936000000000007" classname="table_cmt01a" name="CMT01A_variant_3_is_produced_correctly"/>
    <testcase time="0.206999999999994" classname="table_cmt01a" name="CMT01A_variant_3_is_produced_correctly"/>
    <testcase time="0.926000000000002" classname="table_cmt01a" name="CMT01A_variant_4_is_produced_correctly"/>
    <testcase time="0.183000000000007" classname="table_cmt01a" name="CMT01A_variant_4_is_produced_correctly"/>
  </testsuite>
  <testsuite name="table_cmt01b" timestamp="2026-01-02T14:28:47Z" hostname="a1482955fa3c" tests="6" skipped="0" failures="0" errors="0" time="5.098">
    <testcase time="1.49799999999999" classname="table_cmt01b" name="CMT01B_variant_1_is_produced_correctly"/>
    <testcase time="0.351000000000013" classname="table_cmt01b" name="CMT01B_variant_1_is_produced_correctly"/>
    <testcase time="1.09299999999999" classname="table_cmt01b" name="CMT01B_variant_2_is_produced_correctly"/>
    <testcase time="0.282000000000011" classname="table_cmt01b" name="CMT01B_variant_2_is_produced_correctly"/>
    <testcase time="1.511" classname="table_cmt01b" name="CMT01B_variant_4_is_produced_correctly"/>
    <testcase time="0.363" classname="table_cmt01b" name="CMT01B_variant_4_is_produced_correctly"/>
  </testsuite>
  <testsuite name="table_cmt02_pt" timestamp="2026-01-02T14:28:52Z" hostname="a1482955fa3c" tests="2" skipped="0" failures="0" errors="0" time="0.568">
    <testcase time="0.414000000000001" classname="table_cmt02_pt" name="CMT02_PT_default_variant_is_produced_correctly"/>
    <testcase time="0.153999999999996" classname="table_cmt02_pt" name="CMT02_PT_default_variant_is_produced_correctly"/>
  </testsuite>
  <testsuite name="table_coxt01" timestamp="2026-01-02T14:28:52Z" hostname="a1482955fa3c" tests="8" skipped="0" failures="0" errors="0" time="1.888">
    <testcase time="0.324999999999989" classname="table_coxt01" name="1._Cox_Regression"/>
    <testcase time="0.054000000000002" classname="table_coxt01" name="1._Cox_Regression"/>
    <testcase time="0.39700000000002" classname="table_coxt01" name="2._Cox_Regression_with_Interaction_Term_"/>
    <testcase time="0.0999999999999943" classname="table_coxt01" name="2._Cox_Regression_with_Interaction_Term_"/>
    <testcase time="0.401999999999987" classname="table_coxt01" name="3._Cox_Regression_specifying_covariates_"/>
    <testcase time="0.106999999999999" classname="table_coxt01" name="3._Cox_Regression_specifying_covariates_"/>
    <testcase time="0.39700000000002" classname="table_coxt01" name="4._Cox_Regression_setting_strata_ties_and_alpha_level_"/>
    <testcase time="0.105999999999995" classname="table_coxt01" name="4._Cox_Regression_setting_strata_ties_and_alpha_level_"/>
  </testsuite>
  <testsuite name="table_coxt02" timestamp="2026-01-02T14:28:54Z" hostname="a1482955fa3c" tests="4" skipped="0" failures="0" errors="0" time="0.709">
    <testcase time="0.293000000000006" classname="table_coxt02" name="COXT02_default_variant_1_is_produced_correctly"/>
    <testcase time="0.0799999999999841" classname="table_coxt02" name="COXT02_default_variant_1_is_produced_correctly"/>
    <testcase time="0.265000000000015" classname="table_coxt02" name="COXT02_variant_5_is_produced_correctly"/>
    <testcase time="0.070999999999998" classname="table_coxt02" name="COXT02_variant_5_is_produced_correctly"/>
  </testsuite>
  <testsuite name="table_disclosures" timestamp="2026-01-02T14:28:55Z" hostname="a1482955fa3c" tests="12" skipped="0" failures="0" errors="0" time="2.17">
    <testcase time="0.181999999999988" classname="table_disclosures" name="Patient_Disposition_table_is_produced_correctly"/>
    <testcase time="0.0690000000000168" classname="table_disclosures" name="Patient_Disposition_table_is_produced_correctly"/>
    <testcase time="0.264999999999986" classname="table_disclosures" name="Demographic_table_is_produced_correctly"/>
    <testcase time="0.134000000000015" classname="table_disclosures" name="Demographic_table_is_produced_correctly"/>
    <testcase time="0.0949999999999989" classname="table_disclosures" name="Enrollment_by_Country_Table_is_produced_correctly"/>
    <testcase time="0.0929999999999893" classname="table_disclosures" name="Enrollment_by_Country_Table_is_produced_correctly"/>
    <testcase time="0.078000000000003" classname="table_disclosures" name="Death_table_is_produced_correctly"/>
    <testcase time="0.0629999999999882" classname="table_disclosures" name="Death_table_is_produced_correctly"/>
    <testcase time="0.621000000000009" classname="table_disclosures" name="Table_of_Serious_Adverse_Events_is_produced_correctly_for_one_specific_treatment_arm_"/>
    <testcase time="0.0739999999999839" classname="table_disclosures" name="Table_of_Serious_Adverse_Events_is_produced_correctly_for_one_specific_treatment_arm_"/>
    <testcase time="0.393000000000001" classname="table_disclosures" name="Table_of_Non_Serious_Adverse_Events_is_produced_correctly"/>
    <testcase time="0.103000000000009" classname="table_disclosures" name="Table_of_Non_Serious_Adverse_Events_is_produced_correctly"/>
  </testsuite>
  <testsuite name="table_dmt01" timestamp="2026-01-02T14:28:58Z" hostname="a1482955fa3c" tests="10" skipped="0" failures="0" errors="0" time="2.57">
    <testcase time="1.10599999999999" classname="table_dmt01" name="DMT01_variant_1_is_produced_correctly"/>
    <testcase time="0.132000000000005" classname="table_dmt01" name="DMT01_variant_1_is_produced_correctly"/>
    <testcase time="0.229000000000013" classname="table_dmt01" name="DMT01_variant_2_is_produced_correctly"/>
    <testcase time="0.120000000000005" classname="table_dmt01" name="DMT01_variant_2_is_produced_correctly"/>
    <testcase time="0.268999999999977" classname="table_dmt01" name="DMT01_variant_3_is_produced_correctly"/>
    <testcase time="0.126000000000005" classname="table_dmt01" name="DMT01_variant_3_is_produced_correctly"/>
    <testcase time="0.205000000000013" classname="table_dmt01" name="DMT01_variant_4_is_produced_correctly"/>
    <testcase time="0.10899999999998" classname="table_dmt01" name="DMT01_variant_4_is_produced_correctly"/>
    <testcase time="0.177000000000021" classname="table_dmt01" name="DMT01_variant_5_is_produced_correctly"/>
    <testcase time="0.09699999999998" classname="table_dmt01" name="DMT01_variant_5_is_produced_correctly"/>
  </testsuite>
  <testsuite name="table_dort01" timestamp="2026-01-02T14:29:00Z" hostname="a1482955fa3c" tests="8" skipped="0" failures="0" errors="0" time="1.433">
    <testcase time="0.302000000000021" classname="table_dort01" name="DORT01_variant_1_is_produced_correctly"/>
    <testcase time="0.0720000000000027" classname="table_dort01" name="DORT01_variant_1_is_produced_correctly"/>
    <testcase time="0.302999999999997" classname="table_dort01" name="DORT01_variant_2_selecting_sectons_is_produced_correctly"/>
    <testcase time="0.0729999999999791" classname="table_dort01" name="DORT01_variant_2_selecting_sectons_is_produced_correctly"/>
    <testcase time="0.268000000000001" classname="table_dort01" name="DORT01_variant_3_modifying_conftype_and_alpha_level_is_produced_correctly"/>
    <testcase time="0.0720000000000027" classname="table_dort01" name="DORT01_variant_3_modifying_conftype_and_alpha_level_is_produced_correctly"/>
    <testcase time="0.27000000000001" classname="table_dort01" name="DORT01_variant_4_modifying_time_point_for_the_xx_duration_is_produced_correctly"/>
    <testcase time="0.0730000000000075" classname="table_dort01" name="DORT01_variant_4_modifying_time_point_for_the_xx_duration_is_produced_correctly"/>
  </testsuite>
  <testsuite name="table_dst01" timestamp="2026-01-02T14:29:01Z" hostname="a1482955fa3c" tests="6" skipped="0" failures="0" errors="0" time="0.705">
    <testcase time="0.149000000000001" classname="table_dst01" name="DST01_default_variant_is_produced_correctly"/>
    <testcase time="0.0789999999999793" classname="table_dst01" name="DST01_default_variant_is_produced_correctly"/>
    <testcase time="0.227000000000004" classname="table_dst01" name="DST01_variants_2_and_3_are_produced_correctly"/>
    <testcase time="0.0840000000000032" classname="table_dst01" name="DST01_variants_2_and_3_are_produced_correctly"/>
    <testcase time="0.0720000000000027" classname="table_dst01" name="DST01_variants_2_and_3_are_produced_correctly"/>
    <testcase time="0.0939999999999941" classname="table_dst01" name="DST01_variants_2_and_3_are_produced_correctly"/>
  </testsuite>
  <testsuite name="table_dtht01" timestamp="2026-01-02T14:29:02Z" hostname="a1482955fa3c" tests="8" skipped="0" failures="0" errors="0" time="1.085">
    <testcase time="0.129999999999995" classname="table_dtht01" name="DTHT01_variant_1_is_produced_correctly"/>
    <testcase time="0.0529999999999973" classname="table_dtht01" name="DTHT01_variant_1_is_produced_correctly"/>
    <testcase time="0.283000000000015" classname="table_dtht01" name="DTHT01_variant_2_is_produced_correctly"/>
    <testcase time="0.12299999999999" classname="table_dtht01" name="DTHT01_variant_2_is_produced_correctly"/>
    <testcase time="0.15900000000002" classname="table_dtht01" name="DTHT01_variant_3_is_produced_correctly"/>
    <testcase time="0.0609999999999786" classname="table_dtht01" name="DTHT01_variant_3_is_produced_correctly"/>
    <testcase time="0.191000000000003" classname="table_dtht01" name="DTHT01_variant_4_is_produced_correctly"/>
    <testcase time="0.085000000000008" classname="table_dtht01" name="DTHT01_variant_4_is_produced_correctly"/>
  </testsuite>
  <testsuite name="table_egt01" timestamp="2026-01-02T14:29:04Z" hostname="a1482955fa3c" tests="2" skipped="0" failures="0" errors="0" time="3.321">
    <testcase time="2.601" classname="table_egt01" name="EGT01_default_variant_is_produced_correctly"/>
    <testcase time="0.719999999999999" classname="table_egt01" name="EGT01_default_variant_is_produced_correctly"/>
  </testsuite>
  <testsuite name="table_egt02" timestamp="2026-01-02T14:29:07Z" hostname="a1482955fa3c" tests="4" skipped="0" failures="0" errors="0" time="1.46">
    <testcase time="1.15100000000001" classname="table_egt02" name="_EGT02_1._Regardless_of_Abnormality_at_Baseline"/>
    <testcase time="0.0600000000000023" classname="table_egt02" name="_EGT02_1._Regardless_of_Abnormality_at_Baseline"/>
    <testcase time="0.193999999999988" classname="table_egt02" name="_EGT02_2._Among_Subjects_Without_Abnormality_at_Baseline"/>
    <testcase time="0.0550000000000068" classname="table_egt02" name="_EGT02_2._Among_Subjects_Without_Abnormality_at_Baseline"/>
  </testsuite>
  <testsuite name="table_egt03" timestamp="2026-01-02T14:29:08Z" hostname="a1482955fa3c" tests="8" skipped="0" failures="0" errors="0" time="1.193">
    <testcase time="0.224999999999994" classname="table_egt03" name="EGT03_variant_1_is_produced_correctly"/>
    <testcase time="0.0929999999999893" classname="table_egt03" name="EGT03_variant_1_is_produced_correctly"/>
    <testcase time="0.153999999999996" classname="table_egt03" name="EGT03_variant_2_is_produced_correctly"/>
    <testcase time="0.0870000000000175" classname="table_egt03" name="EGT03_variant_2_is_produced_correctly"/>
    <testcase time="0.215000000000003" classname="table_egt03" name="EGT03_variant_3_is_produced_correctly"/>
    <testcase time="0.105999999999995" classname="table_egt03" name="EGT03_variant_3_is_produced_correctly"/>
    <testcase time="0.207999999999998" classname="table_egt03" name="EGT03_variant_4_is_produced_correctly"/>
    <testcase time="0.10499999999999" classname="table_egt03" name="EGT03_variant_4_is_produced_correctly"/>
  </testsuite>
  <testsuite name="table_egt04" timestamp="2026-01-02T14:29:10Z" hostname="a1482955fa3c" tests="2" skipped="0" failures="0" errors="0" time="1.33">
    <testcase time="1.256" classname="table_egt04" name="EGT04_default_variant_is_produced_correctly"/>
    <testcase time="0.0740000000000123" classname="table_egt04" name="EGT04_default_variant_is_produced_correctly"/>
  </testsuite>
  <testsuite name="table_egt05_qtcat" timestamp="2026-01-02T14:29:11Z" hostname="a1482955fa3c" tests="2" skipped="0" failures="0" errors="0" time="2.212">
    <testcase time="1.76300000000001" classname="table_egt05_qtcat" name="EGT05_QTCAT_default_variant_is_produced_correctly"/>
    <testcase time="0.448999999999984" classname="table_egt05_qtcat" name="EGT05_QTCAT_default_variant_is_produced_correctly"/>
  </testsuite>
  <testsuite name="table_ent" timestamp="2026-01-02T14:29:13Z" hostname="a1482955fa3c" tests="8" skipped="0" failures="0" errors="0" time="13.905">
    <testcase time="3.959" classname="table_ent" name="ENT01_IT_is_produced_correctly"/>
    <testcase time="0.466000000000008" classname="table_ent" name="ENT01_IT_is_produced_correctly"/>
    <testcase time="2.18000000000001" classname="table_ent" name="ENT01a_IT_is_produced_correctly"/>
    <testcase time="0.46599999999998" classname="table_ent" name="ENT01a_IT_is_produced_correctly"/>
    <testcase time="3.48600000000002" classname="table_ent" name="ENT02_IT_is_produced_correctly"/>
    <testcase time="0.509999999999991" classname="table_ent" name="ENT02_IT_is_produced_correctly"/>
    <testcase time="2.345" classname="table_ent" name="ENT02a_IT_is_produced_correctly"/>
    <testcase time="0.492999999999995" classname="table_ent" name="ENT02a_IT_is_produced_correctly"/>
  </testsuite>
  <testsuite name="table_eudrat01" timestamp="2026-01-02T14:29:27Z" hostname="a1482955fa3c" tests="2" skipped="0" failures="0" errors="0" time="0.622">
    <testcase time="0.515000000000015" classname="table_eudrat01" name="EUDRAT01_is_produced_correctly"/>
    <testcase time="0.106999999999999" classname="table_eudrat01" name="EUDRAT01_is_produced_correctly"/>
  </testsuite>
  <testsuite name="table_eudrat02" timestamp="2026-01-02T14:29:27Z" hostname="a1482955fa3c" tests="2" skipped="0" failures="0" errors="0" time="0.499">
    <testcase time="0.405000000000001" classname="table_eudrat02" name="EUDRAT02_is_produced_correctly"/>
    <testcase time="0.0939999999999941" classname="table_eudrat02" name="EUDRAT02_is_produced_correctly"/>
  </testsuite>
  <testsuite name="table_ext01" timestamp="2026-01-02T14:29:28Z" hostname="a1482955fa3c" tests="6" skipped="0" failures="0" errors="0" time="1.602">
    <testcase time="0.406000000000006" classname="table_ext01" name="EXT01_default_variant_with_numeric_parameters_is_produced_correctly"/>
    <testcase time="0.138000000000005" classname="table_ext01" name="EXT01_default_variant_with_numeric_parameters_is_produced_correctly"/>
    <testcase time="0.303999999999974" classname="table_ext01" name="EXT01_variant_with_both_numeric_and_categorical_parameters"/>
    <testcase time="0.164000000000016" classname="table_ext01" name="EXT01_variant_with_both_numeric_and_categorical_parameters"/>
    <testcase time="0.393000000000001" classname="table_ext01" name="EXT01_variant_with_user_specified_categories_for_missed_doses"/>
    <testcase time="0.197000000000003" classname="table_ext01" name="EXT01_variant_with_user_specified_categories_for_missed_doses"/>
  </testsuite>
  <testsuite name="table_jnj_tbl1" timestamp="2026-01-02T14:29:29Z" hostname="a1482955fa3c" tests="2" skipped="0" failures="0" errors="0" time="0.278">
    <testcase time="0.20999999999998" classname="table_jnj_tbl1" name="DMT01_variant_factor_with_only_Missing_values"/>
    <testcase time="0.0680000000000121" classname="table_jnj_tbl1" name="DMT01_variant_factor_with_only_Missing_values"/>
  </testsuite>
  <testsuite name="table_lbt01" timestamp="2026-01-02T14:29:30Z" hostname="a1482955fa3c" tests="2" skipped="0" failures="0" errors="0" time="2.099">
    <testcase time="1.613" classname="table_lbt01" name="LBT01_default_variant_is_produced_correctly"/>
    <testcase time="0.48599999999999" classname="table_lbt01" name="LBT01_default_variant_is_produced_correctly"/>
  </testsuite>
  <testsuite name="table_lbt02" timestamp="2026-01-02T14:29:32Z" hostname="a1482955fa3c" tests="2" skipped="0" failures="0" errors="0" time="1.497">
    <testcase time="1.03" classname="table_lbt02" name="LBT02_default_variant_is_produced_correctly"/>
    <testcase time="0.467000000000013" classname="table_lbt02" name="LBT02_default_variant_is_produced_correctly"/>
  </testsuite>
  <testsuite name="table_lbt03" timestamp="2026-01-02T14:29:33Z" hostname="a1482955fa3c" tests="2" skipped="0" failures="0" errors="0" time="0.268">
    <testcase time="0.177999999999997" classname="table_lbt03" name="LBT03_default_variant_is_produced_correctly"/>
    <testcase time="0.0900000000000034" classname="table_lbt03" name="LBT03_default_variant_is_produced_correctly"/>
  </testsuite>
  <testsuite name="table_lbt04" timestamp="2026-01-02T14:29:34Z" hostname="a1482955fa3c" tests="2" skipped="0" failures="0" errors="0" time="1.451">
    <testcase time="1.31" classname="table_lbt04" name="LBT04_default_variant_is_produced_correctly"/>
    <testcase time="0.140999999999991" classname="table_lbt04" name="LBT04_default_variant_is_produced_correctly"/>
  </testsuite>
  <testsuite name="table_lbt05" timestamp="2026-01-02T14:29:35Z" hostname="a1482955fa3c" tests="6" skipped="0" failures="0" errors="0" time="6.222">
    <testcase time="2.012" classname="table_lbt05" name="LBT05_variant_1_is_produced_correctly"/>
    <testcase time="0.307999999999993" classname="table_lbt05" name="LBT05_variant_1_is_produced_correctly"/>
    <testcase time="1.416" classname="table_lbt05" name="LBT05_variant_2_is_produced_correctly"/>
    <testcase time="0.39100000000002" classname="table_lbt05" name="LBT05_variant_2_is_produced_correctly"/>
    <testcase time="1.79599999999999" classname="table_lbt05" name="LBT05_variant_4_is_produced_correctly"/>
    <testcase time="0.299000000000007" classname="table_lbt05" name="LBT05_variant_4_is_produced_correctly"/>
  </testsuite>
  <testsuite name="table_lbt06" timestamp="2026-01-02T14:29:41Z" hostname="a1482955fa3c" tests="2" skipped="0" failures="0" errors="0" time="0.484">
    <testcase time="0.347999999999985" classname="table_lbt06" name="LBT06_default_variant_is_produced_correctly"/>
    <testcase time="0.135999999999996" classname="table_lbt06" name="LBT06_default_variant_is_produced_correctly"/>
  </testsuite>
  <testsuite name="table_lbt07" timestamp="2026-01-02T14:29:42Z" hostname="a1482955fa3c" tests="2" skipped="0" failures="0" errors="0" time="2.349">
    <testcase time="2.08700000000002" classname="table_lbt07" name="LBT07_is_produced_correctly"/>
    <testcase time="0.262" classname="table_lbt07" name="LBT07_is_produced_correctly"/>
  </testsuite>
  <testsuite name="table_lbt08" timestamp="2026-01-02T14:29:44Z" hostname="a1482955fa3c" tests="2" skipped="0" failures="0" errors="0" time="0.367">
    <testcase time="0.286000000000001" classname="table_lbt08" name="LBT08_produce_correctly"/>
    <testcase time="0.0809999999999889" classname="table_lbt08" name="LBT08_produce_correctly"/>
  </testsuite>
  <testsuite name="table_lbt09" timestamp="2026-01-02T14:29:44Z" hostname="a1482955fa3c" tests="4" skipped="0" failures="0" errors="0" time="0.963">
    <testcase time="0.36699999999999" classname="table_lbt09" name="LBT09_variant_1_works_as_expected"/>
    <testcase time="0.13300000000001" classname="table_lbt09" name="LBT09_variant_1_works_as_expected"/>
    <testcase time="0.331999999999994" classname="table_lbt09" name="LBT09_variant_2_works_as_expected"/>
    <testcase time="0.131" classname="table_lbt09" name="LBT09_variant_2_works_as_expected"/>
  </testsuite>
  <testsuite name="table_lbt10" timestamp="2026-01-02T14:29:45Z" hostname="a1482955fa3c" tests="4" skipped="0" failures="0" errors="0" time="1.339">
    <testcase time="0.781000000000006" classname="table_lbt10" name="LBT10_variant_1_works_as_expected"/>
    <testcase time="0.0560000000000116" classname="table_lbt10" name="LBT10_variant_1_works_as_expected"/>
    <testcase time="0.442999999999984" classname="table_lbt10" name="LBT10_variant_2_works_as_expected"/>
    <testcase time="0.0589999999999975" classname="table_lbt10" name="LBT10_variant_2_works_as_expected"/>
  </testsuite>
  <testsuite name="table_lbt10_bl" timestamp="2026-01-02T14:29:47Z" hostname="a1482955fa3c" tests="4" skipped="0" failures="0" errors="0" time="0.509">
    <testcase time="0.263000000000005" classname="table_lbt10_bl" name="LBT10_BL_variant_1_works_as_expected"/>
    <testcase time="0.070999999999998" classname="table_lbt10_bl" name="LBT10_BL_variant_1_works_as_expected"/>
    <testcase time="0.129999999999995" classname="table_lbt10_bl" name="LBT10_BL_variant_2_works_as_expected"/>
    <testcase time="0.0450000000000159" classname="table_lbt10_bl" name="LBT10_BL_variant_2_works_as_expected"/>
  </testsuite>
  <testsuite name="table_lbt11" timestamp="2026-01-02T14:29:47Z" hostname="a1482955fa3c" tests="6" skipped="0" failures="0" errors="0" time="0.734">
    <testcase time="0.192999999999984" classname="table_lbt11" name="LBT11_variant_1_works_as_expected"/>
    <testcase time="0.0900000000000034" classname="table_lbt11" name="LBT11_variant_1_works_as_expected"/>
    <testcase time="0.0889999999999986" classname="table_lbt11" name="LBT11_variant_2_works_as_expected"/>
    <testcase time="0.0759999999999934" classname="table_lbt11" name="LBT11_variant_2_works_as_expected"/>
    <testcase time="0.172000000000025" classname="table_lbt11" name="LBT11_variant_3_works_as_expected"/>
    <testcase time="0.113999999999976" classname="table_lbt11" name="LBT11_variant_3_works_as_expected"/>
  </testsuite>
  <testsuite name="table_lbt11_bl" timestamp="2026-01-02T14:29:48Z" hostname="a1482955fa3c" tests="6" skipped="0" failures="0" errors="0" time="0.812">
    <testcase time="0.231999999999999" classname="table_lbt11_bl" name="LBT11_BL_variant_1_works_as_expected"/>
    <testcase time="0.0720000000000027" classname="table_lbt11_bl" name="LBT11_BL_variant_1_works_as_expected"/>
    <testcase time="0.129999999999995" classname="table_lbt11_bl" name="LBT11_BL_variant_2_works_as_expected"/>
    <testcase time="0.0680000000000121" classname="table_lbt11_bl" name="LBT11_BL_variant_2_works_as_expected"/>
    <testcase time="0.225999999999999" classname="table_lbt11_bl" name="LBT11_BL_variant_3_works_as_expected"/>
    <testcase time="0.0840000000000032" classname="table_lbt11_bl" name="LBT11_BL_variant_3_works_as_expected"/>
  </testsuite>
  <testsuite name="table_lbt12" timestamp="2026-01-02T14:29:49Z" hostname="a1482955fa3c" tests="2" skipped="0" failures="0" errors="0" time="0.428">
    <testcase time="0.343999999999994" classname="table_lbt12" name="LBT12_works_as_expected"/>
    <testcase time="0.0840000000000032" classname="table_lbt12" name="LBT12_works_as_expected"/>
  </testsuite>
  <testsuite name="table_lbt12_bl" timestamp="2026-01-02T14:29:49Z" hostname="a1482955fa3c" tests="2" skipped="0" failures="0" errors="0" time="0.389">
    <testcase time="0.325999999999993" classname="table_lbt12_bl" name="LBT12_BL_works_as_expected"/>
    <testcase time="0.0630000000000166" classname="table_lbt12_bl" name="LBT12_BL_works_as_expected"/>
  </testsuite>
  <testsuite name="table_lbt13" timestamp="2026-01-02T14:29:50Z" hostname="a1482955fa3c" tests="10" skipped="0" failures="0" errors="0" time="2.317">
    <testcase time="0.765999999999991" classname="table_lbt13" name="LBT13_variant_1_LOW_works_as_expected"/>
    <testcase time="0.0670000000000073" classname="table_lbt13" name="LBT13_variant_1_LOW_works_as_expected"/>
    <testcase time="0.157999999999987" classname="table_lbt13" name="LBT13_variant_2_HIGH_works_as_expected"/>
    <testcase time="0.0689999999999884" classname="table_lbt13" name="LBT13_variant_2_HIGH_works_as_expected"/>
    <testcase time="0.249000000000024" classname="table_lbt13" name="LBT13_variant_3_LOW_without_baseline_missing_works_as_expected"/>
    <testcase time="0.0919999999999845" classname="table_lbt13" name="LBT13_variant_3_LOW_without_baseline_missing_works_as_expected"/>
    <testcase time="0.158999999999992" classname="table_lbt13" name="LBT13_variant_4_HIGH_with_missing_baseline_considered_as_grade_0_works_as_expected"/>
    <testcase time="0.0470000000000255" classname="table_lbt13" name="LBT13_variant_4_HIGH_with_missing_baseline_considered_as_grade_0_works_as_expected"/>
    <testcase time="0.476999999999975" classname="table_lbt13" name="LBT14_variant_5_HIGH_with_filled_in_grades_works_as_expected"/>
    <testcase time="0.233000000000004" classname="table_lbt13" name="LBT14_variant_5_HIGH_with_filled_in_grades_works_as_expected"/>
  </testsuite>
  <testsuite name="table_lbt14" timestamp="2026-01-02T14:29:52Z" hostname="a1482955fa3c" tests="10" skipped="0" failures="0" errors="0" time="28.852">
    <testcase time="6.279" classname="table_lbt14" name="LBT14_variant_1_HIGH_works_as_expected"/>
    <testcase time="0.378000000000014" classname="table_lbt14" name="LBT14_variant_1_HIGH_works_as_expected"/>
    <testcase time="5.05500000000001" classname="table_lbt14" name="LBT14_variant_2_LOW_works_as_expected"/>
    <testcase time="0.275999999999982" classname="table_lbt14" name="LBT14_variant_2_LOW_works_as_expected"/>
    <testcase time="3.33700000000002" classname="table_lbt14" name="LBT14_variant_3_LOW_without_baseline_missing_works_as_expected"/>
    <testcase time="0.337999999999994" classname="table_lbt14" name="LBT14_variant_3_LOW_without_baseline_missing_works_as_expected"/>
    <testcase time="4.94" classname="table_lbt14" name="LBT14_variant_4_LOW_and_force_1_missing_both_baseline_and_post_baseline_then_force_the_missing_baseline_as_0_as_expected"/>
    <testcase time="0.223000000000013" classname="table_lbt14" name="LBT14_variant_4_LOW_and_force_1_missing_both_baseline_and_post_baseline_then_force_the_missing_baseline_as_0_as_expected"/>
    <testcase time="5.58099999999999" classname="table_lbt14" name="LBT14_variant_5_HIGH_with_fillings_works_as_expected"/>
    <testcase time="2.44499999999999" classname="table_lbt14" name="LBT14_variant_5_HIGH_with_fillings_works_as_expected"/>
  </testsuite>
  <testsuite name="table_lbt15" timestamp="2026-01-02T14:30:21Z" hostname="a1482955fa3c" tests="4" skipped="0" failures="0" errors="0" time="1.567">
    <testcase time="0.655000000000001" classname="table_lbt15" name="LBT15_variant_1_works_as_expected"/>
    <testcase time="0.188000000000017" classname="table_lbt15" name="LBT15_variant_1_works_as_expected"/>
    <testcase time="0.542999999999978" classname="table_lbt15" name="LBT15_variant_2_works_as_expected"/>
    <testcase time="0.181000000000012" classname="table_lbt15" name="LBT15_variant_2_works_as_expected"/>
  </testsuite>
  <testsuite name="table_lgrt02" timestamp="2026-01-02T14:30:22Z" hostname="a1482955fa3c" tests="8" skipped="0" failures="0" errors="0" time="3.1">
    <testcase time="0.569999999999993" classname="table_lgrt02" name="LGRT02_without_interaction_term_is_produced_correctly"/>
    <testcase time="0.15100000000001" classname="table_lgrt02" name="LGRT02_without_interaction_term_is_produced_correctly"/>
    <testcase time="0.689999999999998" classname="table_lgrt02" name="LGRT02_with_categorical_interaction_is_produced_correctly"/>
    <testcase time="0.168999999999983" classname="table_lgrt02" name="LGRT02_with_categorical_interaction_is_produced_correctly"/>
    <testcase time="0.685000000000002" classname="table_lgrt02" name="LGRT02_with_continuous_interaction_is_produced_correctly"/>
    <testcase time="0.164000000000016" classname="table_lgrt02" name="LGRT02_with_continuous_interaction_is_produced_correctly"/>
    <testcase time="0.561000000000007" classname="table_lgrt02" name="LGRT02_with_setting_values_indicating_an_event_and_custom_alpha_level_is_produced_correctly"/>
    <testcase time="0.109999999999985" classname="table_lgrt02" name="LGRT02_with_setting_values_indicating_an_event_and_custom_alpha_level_is_produced_correctly"/>
  </testsuite>
  <testsuite name="table_mht01" timestamp="2026-01-02T14:30:25Z" hostname="a1482955fa3c" tests="8" skipped="0" failures="0" errors="0" time="1.521">
    <testcase time="0.355999999999995" classname="table_mht01" name="MHT01_variant_1_is_produced_accurately"/>
    <testcase time="0.115000000000009" classname="table_mht01" name="MHT01_variant_1_is_produced_accurately"/>
    <testcase time="0.102000000000004" classname="table_mht01" name="MHT01_variant_2_is_produced_accurately"/>
    <testcase time="0.0720000000000027" classname="table_mht01" name="MHT01_variant_2_is_produced_accurately"/>
    <testcase time="0.288999999999987" classname="table_mht01" name="MHT01_variant_3_is_produced_accurately"/>
    <testcase time="0.0870000000000175" classname="table_mht01" name="MHT01_variant_3_is_produced_accurately"/>
    <testcase time="0.357999999999976" classname="table_mht01" name="MHT01_variant_5_is_produced_accurately"/>
    <testcase time="0.142000000000024" classname="table_mht01" name="MHT01_variant_5_is_produced_accurately"/>
  </testsuite>
  <testsuite name="table_onct05" timestamp="2026-01-02T14:30:27Z" hostname="a1482955fa3c" tests="10" skipped="0" failures="0" errors="0" time="2.943">
    <testcase time="0.527999999999992" classname="table_onct05" name="ONCT05_variant_1_Objective_Response_Rate_by_Subgroup_is_produced_correctly"/>
    <testcase time="0.0889999999999986" classname="table_onct05" name="ONCT05_variant_1_Objective_Response_Rate_by_Subgroup_is_produced_correctly"/>
    <testcase time="0.524000000000001" classname="table_onct05" name="ONCT05_variant_2_Specifying_class_variables_is_produced_correctly"/>
    <testcase time="0.125" classname="table_onct05" name="ONCT05_variant_2_Specifying_class_variables_is_produced_correctly"/>
    <testcase time="0.22999999999999" classname="table_onct05" name="ONCT05_variant_3_selecting_columns_and_changing_the_alpha_level_is_produced_correctly"/>
    <testcase time="0.0640000000000214" classname="table_onct05" name="ONCT05_variant_3_selecting_columns_and_changing_the_alpha_level_is_produced_correctly"/>
    <testcase time="0.75" classname="table_onct05" name="ONCT05_variant_4_setting_values_indicating_response_is_produced_correctly"/>
    <testcase time="0.0819999999999936" classname="table_onct05" name="ONCT05_variant_4_setting_values_indicating_response_is_produced_correctly"/>
    <testcase time="0.450999999999993" classname="table_onct05" name="ONCT05_with_risk_difference_column_is_produced_correctly"/>
    <testcase time="0.0999999999999943" classname="table_onct05" name="ONCT05_with_risk_difference_column_is_produced_correctly"/>
  </testsuite>
  <testsuite name="table_pdt01" timestamp="2026-01-02T14:30:30Z" hostname="a1482955fa3c" tests="2" skipped="0" failures="0" errors="0" time="0.364">
    <testcase time="0.260999999999996" classname="table_pdt01" name="PDT01_is_produced_correctly"/>
    <testcase time="0.103000000000009" classname="table_pdt01" name="PDT01_is_produced_correctly"/>
  </testsuite>
  <testsuite name="table_pdt02" timestamp="2026-01-02T14:30:30Z" hostname="a1482955fa3c" tests="2" skipped="0" failures="0" errors="0" time="0.21">
    <testcase time="0.159999999999997" classname="table_pdt02" name="PDT02_is_produced_correctly"/>
    <testcase time="0.0500000000000114" classname="table_pdt02" name="PDT02_is_produced_correctly"/>
  </testsuite>
  <testsuite name="table_pkct01" timestamp="2026-01-02T14:30:30Z" hostname="a1482955fa3c" tests="10" skipped="0" failures="0" errors="0" time="2.892">
    <testcase time="0.272999999999996" classname="table_pkct01" name="PKCT01_is_produced_correctly"/>
    <testcase time="0.061000000000007" classname="table_pkct01" name="PKCT01_is_produced_correctly"/>
    <testcase time="0.133999999999986" classname="table_pkct01" name="PKCT01_is_produced_correctly"/>
    <testcase time="0.0370000000000061" classname="table_pkct01" name="PKCT01_is_produced_correctly"/>
    <testcase time="0.959000000000003" classname="table_pkct01" name="Specific_PKCT01_features_are_present"/>
    <testcase time="0.174000000000007" classname="table_pkct01" name="Specific_PKCT01_features_are_present"/>
    <testcase time="0.171999999999997" classname="table_pkct01" name="Specific_PKCT01_features_are_present"/>
    <testcase time="0.0029999999999859" classname="table_pkct01" name="Specific_PKCT01_features_are_present"/>
    <testcase time="0.610000000000014" classname="table_pkct01" name="Specific_PKCT01_features_are_present"/>
    <testcase time="0.468999999999994" classname="table_pkct01" name="Specific_PKCT01_features_are_present"/>
  </testsuite>
  <testsuite name="table_pkpt02" timestamp="2026-01-02T14:30:33Z" hostname="a1482955fa3c" tests="2" skipped="0" failures="0" errors="0" time="0.494">
    <testcase time="0.329999999999984" classname="table_pkpt02" name="PKPT02_is_produced_correctly_for_Drug_X"/>
    <testcase time="0.164000000000016" classname="table_pkpt02" name="PKPT02_is_produced_correctly_for_Drug_X"/>
  </testsuite>
  <testsuite name="table_pkpt03" timestamp="2026-01-02T14:30:34Z" hostname="a1482955fa3c" tests="2" skipped="0" failures="0" errors="0" time="1.044">
    <testcase time="0.870000000000005" classname="table_pkpt03" name="PKPT03_Drug_X_is_produced_correctly"/>
    <testcase time="0.173999999999978" classname="table_pkpt03" name="PKPT03_Drug_X_is_produced_correctly"/>
  </testsuite>
  <testsuite name="table_pkpt04" timestamp="2026-01-02T14:30:35Z" hostname="a1482955fa3c" tests="2" skipped="0" failures="0" errors="0" time="0.182">
    <testcase time="0.107000000000028" classname="table_pkpt04" name="PKPT04_is_produced_correctly_for_Drug_X"/>
    <testcase time="0.0749999999999886" classname="table_pkpt04" name="PKPT04_is_produced_correctly_for_Drug_X"/>
  </testsuite>
  <testsuite name="table_pkpt05" timestamp="2026-01-02T14:30:35Z" hostname="a1482955fa3c" tests="2" skipped="0" failures="0" errors="0" time="0.365">
    <testcase time="0.277999999999992" classname="table_pkpt05" name="PKPT05_Drug_X_is_produced_correctly"/>
    <testcase time="0.0870000000000175" classname="table_pkpt05" name="PKPT05_Drug_X_is_produced_correctly"/>
  </testsuite>
  <testsuite name="table_pkpt06" timestamp="2026-01-02T14:30:35Z" hostname="a1482955fa3c" tests="4" skipped="0" failures="0" errors="0" time="0.236">
    <testcase time="0.0909999999999798" classname="table_pkpt06" name="PKPT06_is_produced_correctly_for_Drug_X"/>
    <testcase time="0.0430000000000064" classname="table_pkpt06" name="PKPT06_is_produced_correctly_for_Drug_X"/>
    <testcase time="0.0519999999999925" classname="table_pkpt06" name="PKPT06_is_produced_correctly_for_Drug_Y"/>
    <testcase time="0.0500000000000114" classname="table_pkpt06" name="PKPT06_is_produced_correctly_for_Drug_Y"/>
  </testsuite>
  <testsuite name="table_pkpt07" timestamp="2026-01-02T14:30:35Z" hostname="a1482955fa3c" tests="4" skipped="0" failures="0" errors="0" time="0.462">
    <testcase time="0.198000000000008" classname="table_pkpt07" name="PKPT07_Drug_X_is_produced_correctly"/>
    <testcase time="0.0909999999999798" classname="table_pkpt07" name="PKPT07_Drug_X_is_produced_correctly"/>
    <testcase time="0.106999999999999" classname="table_pkpt07" name="PKPT07_Drug_Y_is_produced_correctly"/>
    <testcase time="0.0660000000000025" classname="table_pkpt07" name="PKPT07_Drug_Y_is_produced_correctly"/>
  </testsuite>
[...]
    <testcase time="9.77199999999999" classname="tsfae22apart1" name="tsfae22apart1of4"/>
  </testsuite>
  <testsuite name="tsfae22apart2" timestamp="2026-01-02T14:34:56Z" hostname="a1482955fa3c" tests="1" skipped="0" failures="0" errors="0" time="9.107">
    <testcase time="9.10700000000003" classname="tsfae22apart2" name="tsfae22apart2of4"/>
  </testsuite>
  <testsuite name="tsfae22apart3" timestamp="2026-01-02T14:35:05Z" hostname="a1482955fa3c" tests="1" skipped="0" failures="0" errors="0" time="9.181">
    <testcase time="9.18099999999998" classname="tsfae22apart3" name="tsfae22apart3of4"/>
  </testsuite>
  <testsuite name="tsfae22apart4" timestamp="2026-01-02T14:35:14Z" hostname="a1482955fa3c" tests="1" skipped="0" failures="0" errors="0" time="9.308">
    <testcase time="9.30800000000005" classname="tsfae22apart4" name="tsfae22apart4of4"/>
  </testsuite>
  <testsuite name="tsfae22bpart1" timestamp="2026-01-02T14:35:24Z" hostname="a1482955fa3c" tests="1" skipped="0" failures="0" errors="0" time="6.071">
    <testcase time="6.07099999999991" classname="tsfae22bpart1" name="tsfae22bpart1of2"/>
  </testsuite>
  <testsuite name="tsfae22bpart2" timestamp="2026-01-02T14:35:30Z" hostname="a1482955fa3c" tests="1" skipped="0" failures="0" errors="0" time="5.697">
    <testcase time="5.697" classname="tsfae22bpart2" name="tsfae22bpart2of2"/>
  </testsuite>
  <testsuite name="tsfae22cpart1" timestamp="2026-01-02T14:35:35Z" hostname="a1482955fa3c" tests="1" skipped="0" failures="0" errors="0" time="8.066">
    <testcase time="8.06600000000003" classname="tsfae22cpart1" name="tsfae22cpart1of4"/>
  </testsuite>
  <testsuite name="tsfae22cpart2" timestamp="2026-01-02T14:35:44Z" hostname="a1482955fa3c" tests="1" skipped="0" failures="0" errors="0" time="8.147">
    <testcase time="8.14700000000005" classname="tsfae22cpart2" name="tsfae22cpart2of4"/>
  </testsuite>
  <testsuite name="tsfae22cpart3" timestamp="2026-01-02T14:35:52Z" hostname="a1482955fa3c" tests="1" skipped="0" failures="0" errors="0" time="8.451">
    <testcase time="8.45099999999991" classname="tsfae22cpart3" name="tsfae22cpart3of4"/>
  </testsuite>
  <testsuite name="tsfae22cpart4" timestamp="2026-01-02T14:36:00Z" hostname="a1482955fa3c" tests="1" skipped="0" failures="0" errors="0" time="7.974">
    <testcase time="7.97400000000005" classname="tsfae22cpart4" name="tsfae22cpart4of4"/>
  </testsuite>
  <testsuite name="tsfae23a" timestamp="2026-01-02T14:36:08Z" hostname="a1482955fa3c" tests="1" skipped="0" failures="0" errors="0" time="0.861">
    <testcase time="0.86099999999999" classname="tsfae23a" name="tsfae23a"/>
  </testsuite>
  <testsuite name="tsfae23b" timestamp="2026-01-02T14:36:09Z" hostname="a1482955fa3c" tests="1" skipped="0" failures="0" errors="0" time="0.373">
    <testcase time="0.373000000000047" classname="tsfae23b" name="tsfae23b"/>
  </testsuite>
  <testsuite name="tsfae23c" timestamp="2026-01-02T14:36:09Z" hostname="a1482955fa3c" tests="1" skipped="0" failures="0" errors="0" time="0.632">
    <testcase time="0.631999999999948" classname="tsfae23c" name="tsfae23c"/>
  </testsuite>
  <testsuite name="tsfae23d" timestamp="2026-01-02T14:36:10Z" hostname="a1482955fa3c" tests="1" skipped="0" failures="0" errors="0" time="0.889">
    <testcase time="0.88900000000001" classname="tsfae23d" name="tsfae23d"/>
  </testsuite>
  <testsuite name="tsfae24a" timestamp="2026-01-02T14:36:11Z" hostname="a1482955fa3c" tests="1" skipped="0" failures="0" errors="0" time="0.458">
    <testcase time="0.45799999999997" classname="tsfae24a" name="tsfae24a"/>
  </testsuite>
  <testsuite name="tsfae24b" timestamp="2026-01-02T14:36:11Z" hostname="a1482955fa3c" tests="1" skipped="0" failures="0" errors="0" time="0.501">
    <testcase time="0.500999999999976" classname="tsfae24b" name="tsfae24b"/>
  </testsuite>
  <testsuite name="tsfae24c" timestamp="2026-01-02T14:36:12Z" hostname="a1482955fa3c" tests="1" skipped="0" failures="0" errors="0" time="2.585">
    <testcase time="2.58500000000004" classname="tsfae24c" name="tsfae24c"/>
  </testsuite>
  <testsuite name="tsfae24d" timestamp="2026-01-02T14:36:14Z" hostname="a1482955fa3c" tests="1" skipped="0" failures="0" errors="0" time="2.743">
    <testcase time="2.74300000000005" classname="tsfae24d" name="tsfae24d"/>
  </testsuite>
  <testsuite name="tsfae24fpart1" timestamp="2026-01-02T14:36:17Z" hostname="a1482955fa3c" tests="1" skipped="0" failures="0" errors="0" time="11.443">
    <testcase time="11.443" classname="tsfae24fpart1" name="tsfae24fpart1of3"/>
  </testsuite>
  <testsuite name="tsfae24fpart2" timestamp="2026-01-02T14:36:29Z" hostname="a1482955fa3c" tests="1" skipped="0" failures="0" errors="0" time="11.383">
    <testcase time="11.383" classname="tsfae24fpart2" name="tsfae24fpart2of3"/>
  </testsuite>
  <testsuite name="tsfae24fpart3" timestamp="2026-01-02T14:36:40Z" hostname="a1482955fa3c" tests="1" skipped="0" failures="0" errors="0" time="11.2">
    <testcase time="11.1999999999999" classname="tsfae24fpart3" name="tsfae24fpart3of3"/>
  </testsuite>
  <testsuite name="tsfdth01" timestamp="2026-01-02T14:36:51Z" hostname="a1482955fa3c" tests="1" skipped="0" failures="0" errors="0" time="1.255">
    <testcase time="1.255" classname="tsfdth01" name="tsfdth01"/>
  </testsuite>
  <testsuite name="tsfecg01apart1" timestamp="2026-01-02T14:36:52Z" hostname="a1482955fa3c" tests="1" skipped="0" failures="0" errors="0" time="4.401">
    <testcase time="4.40100000000007" classname="tsfecg01apart1" name="tsfecg01a"/>
  </testsuite>
  <testsuite name="tsfecg01apart2" timestamp="2026-01-02T14:36:57Z" hostname="a1482955fa3c" tests="1" skipped="0" failures="0" errors="0" time="4.448">
    <testcase time="4.44799999999998" classname="tsfecg01apart2" name="tsfecg01a"/>
  </testsuite>
  <testsuite name="tsfecg01apart3" timestamp="2026-01-02T14:37:01Z" hostname="a1482955fa3c" tests="1" skipped="0" failures="0" errors="0" time="4.643">
    <testcase time="4.64299999999992" classname="tsfecg01apart3" name="tsfecg01a"/>
  </testsuite>
  <testsuite name="tsfecg01part1" timestamp="2026-01-02T14:37:06Z" hostname="a1482955fa3c" tests="1" skipped="0" failures="0" errors="0" time="8.459">
    <testcase time="8.45900000000006" classname="tsfecg01part1" name="tsfecg01"/>
  </testsuite>
  <testsuite name="tsfecg01part2" timestamp="2026-01-02T14:37:14Z" hostname="a1482955fa3c" tests="1" skipped="0" failures="0" errors="0" time="8.676">
    <testcase time="8.67600000000004" classname="tsfecg01part2" name="tsfecg01"/>
  </testsuite>
  <testsuite name="tsfecg02" timestamp="2026-01-02T14:37:23Z" hostname="a1482955fa3c" tests="1" skipped="0" failures="0" errors="0" time="3.206">
    <testcase time="3.2059999999999" classname="tsfecg02" name="tsfecg02"/>
  </testsuite>
  <testsuite name="tsfecg03" timestamp="2026-01-02T14:37:26Z" hostname="a1482955fa3c" tests="1" skipped="0" failures="0" errors="0" time="0.58">
    <testcase time="0.580000000000041" classname="tsfecg03" name="tsfecg03"/>
  </testsuite>
  <testsuite name="tsfecg04" timestamp="2026-01-02T14:37:27Z" hostname="a1482955fa3c" tests="1" skipped="0" failures="0" errors="0" time="2.14">
    <testcase time="2.13999999999999" classname="tsfecg04" name="tsfecg04"/>
  </testsuite>
  <testsuite name="tsfecg05" timestamp="2026-01-02T14:37:29Z" hostname="a1482955fa3c" tests="1" skipped="0" failures="0" errors="0" time="1.315">
    <testcase time="1.31500000000005" classname="tsfecg05" name="tsfecg05"/>
  </testsuite>
  <testsuite name="tsflab01apart1" timestamp="2026-01-02T14:37:30Z" hostname="a1482955fa3c" tests="1" skipped="0" failures="0" errors="0" time="13.612">
    <testcase time="13.612" classname="tsflab01apart1" name="tsflab01a"/>
  </testsuite>
  <testsuite name="tsflab01apart2" timestamp="2026-01-02T14:37:44Z" hostname="a1482955fa3c" tests="1" skipped="0" failures="0" errors="0" time="13.484">
    <testcase time="13.484" classname="tsflab01apart2" name="tsflab01a"/>
  </testsuite>
  <testsuite name="tsflab01apart3" timestamp="2026-01-02T14:37:57Z" hostname="a1482955fa3c" tests="1" skipped="0" failures="0" errors="0" time="13.573">
    <testcase time="13.573" classname="tsflab01apart3" name="tsflab01a"/>
  </testsuite>
  <testsuite name="tsflab01part1" timestamp="2026-01-02T14:38:11Z" hostname="a1482955fa3c" tests="1" skipped="0" failures="0" errors="0" time="5.592">
    <testcase time="5.59199999999998" classname="tsflab01part1" name="tsflab01"/>
  </testsuite>
  <testsuite name="tsflab01part2" timestamp="2026-01-02T14:38:17Z" hostname="a1482955fa3c" tests="1" skipped="0" failures="0" errors="0" time="5.496">
    <testcase time="5.49599999999998" classname="tsflab01part2" name="tsflab01"/>
  </testsuite>
  <testsuite name="tsflab02" timestamp="2026-01-02T14:38:22Z" hostname="a1482955fa3c" tests="1" skipped="0" failures="0" errors="0" time="0.993">
    <testcase time="0.993000000000052" classname="tsflab02" name="tsflab02"/>
  </testsuite>
  <testsuite name="tsflab02a" timestamp="2026-01-02T14:38:23Z" hostname="a1482955fa3c" tests="1" skipped="0" failures="0" errors="0" time="2.579">
    <testcase time="2.57899999999995" classname="tsflab02a" name="tsflab02a"/>
  </testsuite>
  <testsuite name="tsflab02b" timestamp="2026-01-02T14:38:26Z" hostname="a1482955fa3c" tests="1" skipped="0" failures="0" errors="0" time="2.209">
    <testcase time="2.20900000000006" classname="tsflab02b" name="tsflab02b"/>
  </testsuite>
  <testsuite name="tsflab03" timestamp="2026-01-02T14:38:28Z" hostname="a1482955fa3c" tests="1" skipped="0" failures="0" errors="0" time="3.353">
    <testcase time="3.35299999999995" classname="tsflab03" name="tsflab03"/>
  </testsuite>
  <testsuite name="tsflab03a" timestamp="2026-01-02T14:38:31Z" hostname="a1482955fa3c" tests="1" skipped="0" failures="0" errors="0" time="9.754">
    <testcase time="9.75400000000002" classname="tsflab03a" name="tsflab03a"/>
  </testsuite>
  <testsuite name="tsflab04a" timestamp="2026-01-02T14:38:41Z" hostname="a1482955fa3c" tests="1" skipped="0" failures="0" errors="0" time="2.621">
    <testcase time="2.62099999999998" classname="tsflab04a" name="tsflab04a"/>
  </testsuite>
  <testsuite name="tsflab04b" timestamp="2026-01-02T14:38:44Z" hostname="a1482955fa3c" tests="1" skipped="0" failures="0" errors="0" time="1.094">
    <testcase time="1.09400000000005" classname="tsflab04b" name="tsflab04b"/>
  </testsuite>
  <testsuite name="tsflab05" timestamp="2026-01-02T14:38:45Z" hostname="a1482955fa3c" tests="1" skipped="0" failures="0" errors="0" time="2.884">
    <testcase time="2.8839999999999" classname="tsflab05" name="tsflab05"/>
  </testsuite>
  <testsuite name="tsflab06" timestamp="2026-01-02T14:38:48Z" hostname="a1482955fa3c" tests="1" skipped="0" failures="0" errors="0" time="3.042">
    <testcase time="3.04200000000003" classname="tsflab06" name="tsflab06"/>
  </testsuite>
  <testsuite name="tsflab07" timestamp="2026-01-02T14:38:51Z" hostname="a1482955fa3c" tests="1" skipped="0" failures="0" errors="0" time="17.28">
    <testcase time="17.28" classname="tsflab07" name="tsflab07"/>
  </testsuite>
  <testsuite name="tsfvit01apart1" timestamp="2026-01-02T14:39:08Z" hostname="a1482955fa3c" tests="1" skipped="0" failures="0" errors="0" time="6.468">
    <testcase time="6.46800000000007" classname="tsfvit01apart1" name="tsfvit01a"/>
  </testsuite>
  <testsuite name="tsfvit01apart2" timestamp="2026-01-02T14:39:14Z" hostname="a1482955fa3c" tests="1" skipped="0" failures="0" errors="0" time="6.583">
    <testcase time="6.58299999999997" classname="tsfvit01apart2" name="tsfvit01a"/>
  </testsuite>
  <testsuite name="tsfvit01apart3" timestamp="2026-01-02T14:39:21Z" hostname="a1482955fa3c" tests="1" skipped="0" failures="0" errors="0" time="6.828">
    <testcase time="6.82799999999997" classname="tsfvit01apart3" name="tsfvit01a"/>
  </testsuite>
  <testsuite name="tsfvit01apart4" timestamp="2026-01-02T14:39:28Z" hostname="a1482955fa3c" tests="1" skipped="0" failures="0" errors="0" time="6.225">
    <testcase time="6.22500000000002" classname="tsfvit01apart4" name="tsfvit01a"/>
  </testsuite>
  <testsuite name="tsfvit01part1" timestamp="2026-01-02T14:39:34Z" hostname="a1482955fa3c" tests="1" skipped="0" failures="0" errors="0" time="3.126">
    <testcase time="3.12599999999998" classname="tsfvit01part1" name="tsfvit01"/>
  </testsuite>
  <testsuite name="tsfvit01part2" timestamp="2026-01-02T14:39:37Z" hostname="a1482955fa3c" tests="1" skipped="0" failures="0" errors="0" time="3.129">
    <testcase time="3.12900000000002" classname="tsfvit01part2" name="tsfvit01"/>
  </testsuite>
  <testsuite name="tsfvit01part3" timestamp="2026-01-02T14:39:40Z" hostname="a1482955fa3c" tests="1" skipped="0" failures="0" errors="0" time="3.135">
    <testcase time="3.13499999999999" classname="tsfvit01part3" name="tsfvit01"/>
  </testsuite>
  <testsuite name="tsfvit01part4" timestamp="2026-01-02T14:39:43Z" hostname="a1482955fa3c" tests="1" skipped="0" failures="0" errors="0" time="3.18">
    <testcase time="3.18000000000006" classname="tsfvit01part4" name="tsfvit01"/>
  </testsuite>
  <testsuite name="tsfvit02" timestamp="2026-01-02T14:39:47Z" hostname="a1482955fa3c" tests="1" skipped="0" failures="0" errors="0" time="0.681">
    <testcase time="0.680999999999926" classname="tsfvit02" name="tsfvit02"/>
  </testsuite>
  <testsuite name="tsfvit03" timestamp="2026-01-02T14:39:47Z" hostname="a1482955fa3c" tests="1" skipped="0" failures="0" errors="0" time="0.655">
    <testcase time="0.655000000000086" classname="tsfvit03" name="tsfvit03"/>
  </testsuite>
  <testsuite name="tsfvit04" timestamp="2026-01-02T14:39:48Z" hostname="a1482955fa3c" tests="1" skipped="0" failures="0" errors="0" time="0.659">
    <testcase time="0.658999999999992" classname="tsfvit04" name="tsfvit04"/>
  </testsuite>
  <testsuite name="tsfvit05" timestamp="2026-01-02T14:39:49Z" hostname="a1482955fa3c" tests="1" skipped="0" failures="0" errors="0" time="1.803">
    <testcase time="1.803" classname="tsfvit05" name="tsfvit05"/>
  </testsuite>
  <testsuite name="tsfvit06" timestamp="2026-01-02T14:39:50Z" hostname="a1482955fa3c" tests="1" skipped="0" failures="0" errors="0" time="0.582">
    <testcase time="0.581999999999994" classname="tsfvit06" name="tsfvit06"/>
  </testsuite>
  <testsuite name="tsicm01" timestamp="2026-01-02T14:39:51Z" hostname="a1482955fa3c" tests="1" skipped="0" failures="0" errors="0" time="5.659">
    <testcase time="5.65899999999999" classname="tsicm01" name="tsicm01"/>
  </testsuite>
  <testsuite name="tsicm02" timestamp="2026-01-02T14:39:57Z" hostname="a1482955fa3c" tests="1" skipped="0" failures="0" errors="0" time="5.716">
    <testcase time="5.71600000000001" classname="tsicm02" name="tsicm02"/>
  </testsuite>
  <testsuite name="tsicm03" timestamp="2026-01-02T14:40:02Z" hostname="a1482955fa3c" tests="1" skipped="0" failures="0" errors="0" time="3.797">
    <testcase time="3.79699999999991" classname="tsicm03" name="tsicm03"/>
  </testsuite>
  <testsuite name="tsicm04" timestamp="2026-01-02T14:40:06Z" hostname="a1482955fa3c" tests="1" skipped="0" failures="0" errors="0" time="3.843">
    <testcase time="3.84300000000007" classname="tsicm04" name="tsicm04"/>
  </testsuite>
  <testsuite name="tsicm05" timestamp="2026-01-02T14:40:10Z" hostname="a1482955fa3c" tests="1" skipped="0" failures="0" errors="0" time="7.015">
    <testcase time="7.01499999999999" classname="tsicm05" name="tsicm05"/>
  </testsuite>
  <testsuite name="tsicm06" timestamp="2026-01-02T14:40:17Z" hostname="a1482955fa3c" tests="1" skipped="0" failures="0" errors="0" time="7.184">
    <testcase time="7.18399999999997" classname="tsicm06" name="tsicm06"/>
  </testsuite>
  <testsuite name="tsicm07" timestamp="2026-01-02T14:40:24Z" hostname="a1482955fa3c" tests="1" skipped="0" failures="0" errors="0" time="0.693">
    <testcase time="0.692999999999984" classname="tsicm07" name="tsicm07"/>
  </testsuite>
  <testsuite name="tsicm08" timestamp="2026-01-02T14:40:25Z" hostname="a1482955fa3c" tests="1" skipped="0" failures="0" errors="0" time="0.663">
    <testcase time="0.663000000000011" classname="tsicm08" name="tsicm08"/>
  </testsuite>
  <testsuite name="tsidem01" timestamp="2026-01-02T14:40:25Z" hostname="a1482955fa3c" tests="1" skipped="0" failures="0" errors="0" time="2.422">
    <testcase time="2.42200000000003" classname="tsidem01" name="tsidem01"/>
  </testsuite>
  <testsuite name="tsidem02" timestamp="2026-01-02T14:40:28Z" hostname="a1482955fa3c" tests="1" skipped="0" failures="0" errors="0" time="0.781">
    <testcase time="0.780999999999949" classname="tsidem02" name="tsidem02"/>
  </testsuite>
  <testsuite name="tsids01" timestamp="2026-01-02T14:40:29Z" hostname="a1482955fa3c" tests="1" skipped="0" failures="0" errors="0" time="0.388">
    <testcase time="0.388000000000034" classname="tsids01" name="tsids01"/>
  </testsuite>
  <testsuite name="tsids02" timestamp="2026-01-02T14:40:29Z" hostname="a1482955fa3c" tests="1" skipped="0" failures="0" errors="0" time="1.739">
    <testcase time="1.73900000000003" classname="tsids02" name="tsids02"/>
  </testsuite>
  <testsuite name="tsids02a" timestamp="2026-01-02T14:40:31Z" hostname="a1482955fa3c" tests="1" skipped="0" failures="0" errors="0" time="7.439">
    <testcase time="7.43899999999996" classname="tsids02a" name="tsids02a"/>
  </testsuite>
  <testsuite name="tsiex01" timestamp="2026-01-02T14:40:38Z" hostname="a1482955fa3c" tests="1" skipped="0" failures="0" errors="0" time="1.453">
    <testcase time="1.45299999999997" classname="tsiex01" name="tsiex01"/>
  </testsuite>
  <testsuite name="tsiex02" timestamp="2026-01-02T14:40:40Z" hostname="a1482955fa3c" tests="1" skipped="0" failures="0" errors="0" time="1.337">
    <testcase time="1.3370000000001" classname="tsiex02" name="tsiex02"/>
  </testsuite>
  <testsuite name="tsiex03" timestamp="2026-01-02T14:40:41Z" hostname="a1482955fa3c" tests="1" skipped="0" failures="0" errors="0" time="1.011">
    <testcase time="1.01099999999997" classname="tsiex03" name="tsiex03"/>
  </testsuite>
  <testsuite name="tsiex04" timestamp="2026-01-02T14:40:42Z" hostname="a1482955fa3c" tests="1" skipped="0" failures="0" errors="0" time="0.854">
    <testcase time="0.853999999999928" classname="tsiex04" name="tsiex04"/>
  </testsuite>
  <testsuite name="tsiex06" timestamp="2026-01-02T14:40:43Z" hostname="a1482955fa3c" tests="1" skipped="0" failures="0" errors="0" time="0.395">
    <testcase time="0.395000000000095" classname="tsiex06" name="tsiex06"/>
  </testsuite>
  <testsuite name="tsiex07" timestamp="2026-01-02T14:40:43Z" hostname="a1482955fa3c" tests="1" skipped="0" failures="0" errors="0" time="0.597">
    <testcase time="0.59699999999998" classname="tsiex07" name="tsiex07"/>
  </testsuite>
  <testsuite name="tsiex08" timestamp="2026-01-02T14:40:44Z" hostname="a1482955fa3c" tests="1" skipped="0" failures="0" errors="0" time="1.27">
    <testcase time="1.26999999999998" classname="tsiex08" name="tsiex08"/>
  </testsuite>
  <testsuite name="tsiex09" timestamp="2026-01-02T14:40:45Z" hostname="a1482955fa3c" tests="1" skipped="0" failures="0" errors="0" time="0.623">
    <testcase time="0.623000000000047" classname="tsiex09" name="tsiex09"/>
  </testsuite>
  <testsuite name="tsiex10" timestamp="2026-01-02T14:40:46Z" hostname="a1482955fa3c" tests="1" skipped="0" failures="0" errors="0" time="0.598">
    <testcase time="0.597999999999956" classname="tsiex10" name="tsiex10"/>
  </testsuite>
  <testsuite name="tsiex11" timestamp="2026-01-02T14:40:46Z" hostname="a1482955fa3c" tests="1" skipped="0" failures="0" errors="0" time="2.968">
    <testcase time="2.96799999999996" classname="tsiex11" name="tsiex11"/>
  </testsuite>
  <testsuite name="tsimh01" timestamp="2026-01-02T14:40:49Z" hostname="a1482955fa3c" tests="1" skipped="0" failures="0" errors="0" time="1.133">
    <testcase time="1.13300000000004" classname="tsimh01" name="tsimh01"/>
  </testsuite>
</testsuites>
