<?xml version="1.0" encoding="UTF-8"?>
<testsuites>
  <testsuite name="char-support" timestamp="2026-01-15T14:36:26Z" hostname="bcfe8967c3a5" tests="6" skipped="3" failures="0" errors="0" time="3.655">
    <testcase time="1.272" classname="char_support" name="CRITDIR_is_factor_and_one_PARAMCD_is_not_available_on_all_AVISITS"/>
    <testcase time="0.347999999999999" classname="char_support" name="CRITDIR_is_factor_and_one_PARAMCD_is_not_available_on_all_AVISITS">
      <skipped message="Reason: On CRAN ('test-char-support.R:106:1')"/>
    </testcase>
    <testcase time="0.682" classname="char_support" name="CRITDIR_is_not_factor_and_all_PARAMCD_available_on_all_AVISITS"/>
    <testcase time="0.374000000000001" classname="char_support" name="CRITDIR_is_not_factor_and_all_PARAMCD_available_on_all_AVISITS">
      <skipped message="Reason: On CRAN ('test-char-support.R:112:1')"/>
    </testcase>
    <testcase time="0.685" classname="char_support" name="CRITDIR_is_not_factor_and_one_PARAMCD_is_not_available_on_all_AVISITS"/>
    <testcase time="0.293999999999999" classname="char_support" name="CRITDIR_is_not_factor_and_one_PARAMCD_is_not_available_on_all_AVISITS">
      <skipped message="Reason: On CRAN ('test-char-support.R:117:1')"/>
    </testcase>
  </testsuite>
  <testsuite name="listing_adal02" timestamp="2026-01-15T14:36:30Z" hostname="bcfe8967c3a5" tests="1" skipped="1" failures="0" errors="0" time="0.183">
    <testcase time="0.183" classname="listing_adal02" name="ADAL02_listing_is_produced_correctly">
      <skipped message="Reason: On CRAN ('test-listing_adal02.R:1:1')"/>
    </testcase>
  </testsuite>
  <testsuite name="listing_ael01" timestamp="2026-01-15T14:36:30Z" hostname="bcfe8967c3a5" tests="1" skipped="1" failures="0" errors="0" time="0.137">
    <testcase time="0.137" classname="listing_ael01" name="AEL01_listing_is_produced_correctly">
      <skipped message="Reason: On CRAN ('test-listing_ael01.R:1:1')"/>
    </testcase>
  </testsuite>
  <testsuite name="listing_ael01_nollt" timestamp="2026-01-15T14:36:30Z" hostname="bcfe8967c3a5" tests="1" skipped="1" failures="0" errors="0" time="0.062">
    <testcase time="0.0620000000000012" classname="listing_ael01_nollt" name="AEL01_NOLLT_listing_is_produced_correctly">
      <skipped message="Reason: On CRAN ('test-listing_ael01_nollt.R:1:1')"/>
    </testcase>
  </testsuite>
  <testsuite name="listing_ael02" timestamp="2026-01-15T14:36:30Z" hostname="bcfe8967c3a5" tests="1" skipped="1" failures="0" errors="0" time="0.288">
    <testcase time="0.287999999999998" classname="listing_ael02" name="AEL02_listing_is_produced_correctly">
      <skipped message="Reason: On CRAN ('test-listing_ael02.R:1:1')"/>
    </testcase>
  </testsuite>
  <testsuite name="listing_ael02_ed" timestamp="2026-01-15T14:36:31Z" hostname="bcfe8967c3a5" tests="1" skipped="1" failures="0" errors="0" time="0.319">
    <testcase time="0.319000000000001" classname="listing_ael02_ed" name="AEL02_ED_listing_is_produced_correctly">
      <skipped message="Reason: On CRAN ('test-listing_ael02_ed.R:1:1')"/>
    </testcase>
  </testsuite>
  <testsuite name="listing_ael03" timestamp="2026-01-15T14:36:31Z" hostname="bcfe8967c3a5" tests="1" skipped="1" failures="0" errors="0" time="0.278">
    <testcase time="0.278" classname="listing_ael03" name="AEL03_listing_is_produced_correctly">
      <skipped message="Reason: On CRAN ('test-listing_ael03.R:1:1')"/>
    </testcase>
  </testsuite>
  <testsuite name="listing_ael04" timestamp="2026-01-15T14:36:31Z" hostname="bcfe8967c3a5" tests="1" skipped="1" failures="0" errors="0" time="0.199">
    <testcase time="0.199" classname="listing_ael04" name="AEL04_listing_is_produced_correctly">
      <skipped message="Reason: On CRAN ('test-listing_ael04.R:1:1')"/>
    </testcase>
  </testsuite>
  <testsuite name="listing_cml01" timestamp="2026-01-15T14:36:31Z" hostname="bcfe8967c3a5" tests="1" skipped="1" failures="0" errors="0" time="0.319">
    <testcase time="0.319000000000001" classname="listing_cml01" name="CML01_listing_is_produced_correctly">
      <skipped message="Reason: On CRAN ('test-listing_cml01.R:1:1')"/>
    </testcase>
  </testsuite>
  <testsuite name="listing_cml02a_gl" timestamp="2026-01-15T14:36:32Z" hostname="bcfe8967c3a5" tests="1" skipped="1" failures="0" errors="0" time="0.128">
    <testcase time="0.128" classname="listing_cml02a_gl" name="CML02A_GL_listing_is_produced_correctly">
      <skipped message="Reason: On CRAN ('test-listing_cml02a_gl.R:1:1')"/>
    </testcase>
  </testsuite>
  <testsuite name="listing_cml02b_gl" timestamp="2026-01-15T14:36:32Z" hostname="bcfe8967c3a5" tests="1" skipped="1" failures="0" errors="0" time="0.173">
    <testcase time="0.172999999999998" classname="listing_cml02b_gl" name="CML02B_GL_listing_is_produced_correctly">
      <skipped message="Reason: On CRAN ('test-listing_cml02b_gl.R:1:1')"/>
    </testcase>
  </testsuite>
  <testsuite name="listing_dsl01" timestamp="2026-01-15T14:36:32Z" hostname="bcfe8967c3a5" tests="1" skipped="1" failures="0" errors="0" time="0.171">
    <testcase time="0.170999999999999" classname="listing_dsl01" name="DSL01_listing_is_produced_correctly">
      <skipped message="Reason: On CRAN ('test-listing_dsl01.R:1:1')"/>
    </testcase>
  </testsuite>
  <testsuite name="listing_dsl02" timestamp="2026-01-15T14:36:32Z" hostname="bcfe8967c3a5" tests="1" skipped="1" failures="0" errors="0" time="0.082">
    <testcase time="0.0820000000000007" classname="listing_dsl02" name="DSL02_listing_is_produced_correctly">
      <skipped message="Reason: On CRAN ('test-listing_dsl02.R:1:1')"/>
    </testcase>
  </testsuite>
  <testsuite name="listing_dsur4" timestamp="2026-01-15T14:36:32Z" hostname="bcfe8967c3a5" tests="1" skipped="1" failures="0" errors="0" time="0.108">
    <testcase time="0.108000000000001" classname="listing_dsur4" name="DSUR4_listing_is_produced_correctly">
      <skipped message="Reason: On CRAN ('test-listing_dsur4.R:1:1')"/>
    </testcase>
  </testsuite>
  <testsuite name="listing_egl01" timestamp="2026-01-15T14:36:32Z" hostname="bcfe8967c3a5" tests="1" skipped="1" failures="0" errors="0" time="0.461">
    <testcase time="0.461000000000002" classname="listing_egl01" name="EGL01_listing_is_produced_correctly">
      <skipped message="Reason: On CRAN ('test-listing_egl01.R:1:1')"/>
    </testcase>
  </testsuite>
  <testsuite name="listing_exl01" timestamp="2026-01-15T14:36:33Z" hostname="bcfe8967c3a5" tests="1" skipped="1" failures="0" errors="0" time="0.218">
    <testcase time="0.218" classname="listing_exl01" name="EXL01_listing_is_produced_correctly">
      <skipped message="Reason: On CRAN ('test-listing_exl01.R:1:1')"/>
    </testcase>
  </testsuite>
  <testsuite name="listing_lbl01" timestamp="2026-01-15T14:36:33Z" hostname="bcfe8967c3a5" tests="1" skipped="1" failures="0" errors="0" time="0.576">
    <testcase time="0.575999999999997" classname="listing_lbl01" name="LBL01_listing_is_produced_correctly">
      <skipped message="Reason: On CRAN ('test-listing_lbl01.R:1:1')"/>
    </testcase>
  </testsuite>
  <testsuite name="listing_lbl01_rls" timestamp="2026-01-15T14:36:34Z" hostname="bcfe8967c3a5" tests="1" skipped="1" failures="0" errors="0" time="0.544">
    <testcase time="0.544" classname="listing_lbl01_rls" name="LBL01_RLS_listing_is_produced_correctly">
      <skipped message="Reason: On CRAN ('test-listing_lbl01_rls.R:1:1')"/>
    </testcase>
  </testsuite>
  <testsuite name="listing_lbl02a" timestamp="2026-01-15T14:36:34Z" hostname="bcfe8967c3a5" tests="1" skipped="1" failures="0" errors="0" time="0.268">
    <testcase time="0.268000000000001" classname="listing_lbl02a" name="LBL02A_listing_is_produced_correctly">
      <skipped message="Reason: On CRAN ('test-listing_lbl02a.R:1:1')"/>
    </testcase>
  </testsuite>
  <testsuite name="listing_lbl02a_rls" timestamp="2026-01-15T14:36:34Z" hostname="bcfe8967c3a5" tests="1" skipped="1" failures="0" errors="0" time="0.851">
    <testcase time="0.850999999999999" classname="listing_lbl02a_rls" name="LBL02A_RLS_listing_is_produced_correctly">
      <skipped message="Reason: On CRAN ('test-listing_lbl02a_rls.R:1:1')"/>
    </testcase>
  </testsuite>
  <testsuite name="listing_lbl02b" timestamp="2026-01-15T14:36:35Z" hostname="bcfe8967c3a5" tests="1" skipped="1" failures="0" errors="0" time="0.255">
    <testcase time="0.255000000000003" classname="listing_lbl02b" name="LBL02B_listing_is_produced_correctly">
      <skipped message="Reason: On CRAN ('test-listing_lbl02b.R:1:1')"/>
    </testcase>
  </testsuite>
  <testsuite name="listing_mhl01" timestamp="2026-01-15T14:36:36Z" hostname="bcfe8967c3a5" tests="1" skipped="1" failures="0" errors="0" time="0.25">
    <testcase time="0.25" classname="listing_mhl01" name="MHL01_listing_is_produced_correctly">
      <skipped message="Reason: On CRAN ('test-listing_mhl01.R:1:1')"/>
    </testcase>
  </testsuite>
  <testsuite name="listing_oncl01" timestamp="2026-01-15T14:36:36Z" hostname="bcfe8967c3a5" tests="1" skipped="1" failures="0" errors="0" time="0.221">
    <testcase time="0.221" classname="listing_oncl01" name="ONCL01_listing_is_produced_correctly">
      <skipped message="Reason: On CRAN ('test-listing_oncl01.R:1:1')"/>
    </testcase>
  </testsuite>
  <testsuite name="listing_pkcl01" timestamp="2026-01-15T14:36:36Z" hostname="bcfe8967c3a5" tests="2" skipped="2" failures="0" errors="0" time="0.521">
    <testcase time="0.183" classname="listing_pkcl01" name="PKCL01_listing_is_produced_correctly">
      <skipped message="Reason: On CRAN ('test-listing_pkcl01.R:1:1')"/>
    </testcase>
    <testcase time="0.337999999999997" classname="listing_pkcl01" name="PKCL01_listing_key_columns_values_are_repeated_when_entries_span_multiple_pages">
      <skipped message="Reason: On CRAN ('test-listing_pkcl01.R:31:1')"/>
    </testcase>
  </testsuite>
  <testsuite name="listing_pkcl02" timestamp="2026-01-15T14:36:36Z" hostname="bcfe8967c3a5" tests="1" skipped="1" failures="0" errors="0" time="0.209">
    <testcase time="0.209" classname="listing_pkcl02" name="PKCL02_listing_is_produced_correctly">
      <skipped message="Reason: On CRAN ('test-listing_pkcl02.R:1:1')"/>
    </testcase>
  </testsuite>
  <testsuite name="listing_pkpl01" timestamp="2026-01-15T14:36:37Z" hostname="bcfe8967c3a5" tests="1" skipped="1" failures="0" errors="0" time="0.208">
    <testcase time="0.208000000000002" classname="listing_pkpl01" name="PKPL01_listing_is_produced_correctly">
      <skipped message="Reason: On CRAN ('test-listing_pkpl01.R:1:1')"/>
    </testcase>
  </testsuite>
  <testsuite name="listing_pkpl02" timestamp="2026-01-15T14:36:37Z" hostname="bcfe8967c3a5" tests="1" skipped="1" failures="0" errors="0" time="0.131">
    <testcase time="0.131" classname="listing_pkpl02" name="PKPL02_listing_is_produced_correctly">
      <skipped message="Reason: On CRAN ('test-listing_pkpl02.R:1:1')"/>
    </testcase>
  </testsuite>
  <testsuite name="listing_pkpl04" timestamp="2026-01-15T14:36:37Z" hostname="bcfe8967c3a5" tests="1" skipped="1" failures="0" errors="0" time="0.206">
    <testcase time="0.206" classname="listing_pkpl04" name="PKPL04_listing_is_produced_correctly">
      <skipped message="Reason: On CRAN ('test-listing_pkpl04.R:1:1')"/>
    </testcase>
  </testsuite>
  <testsuite name="listing_vsl01" timestamp="2026-01-15T14:36:37Z" hostname="bcfe8967c3a5" tests="1" skipped="1" failures="0" errors="0" time="0.451">
    <testcase time="0.451000000000001" classname="listing_vsl01" name="VSL01_listing_is_produced_correctly">
      <skipped message="Reason: On CRAN ('test-listing_vsl01.R:1:1')"/>
    </testcase>
  </testsuite>
  <testsuite name="lsfae01" timestamp="2026-01-15T14:36:38Z" hostname="bcfe8967c3a5" tests="1" skipped="1" failures="0" errors="0" time="1.277">
    <testcase time="1.277" classname="lsfae01" name="lsfae01">
      <skipped message="Reason: On CRAN ('test-lsfae01.R:1:1')"/>
    </testcase>
  </testsuite>
  <testsuite name="lsfae02" timestamp="2026-01-15T14:36:39Z" hostname="bcfe8967c3a5" tests="1" skipped="1" failures="0" errors="0" time="1.128">
    <testcase time="1.128" classname="lsfae02" name="lsfae02">
      <skipped message="Reason: On CRAN ('test-lsfae02.R:1:1')"/>
    </testcase>
  </testsuite>
  <testsuite name="lsfae03" timestamp="2026-01-15T14:36:40Z" hostname="bcfe8967c3a5" tests="1" skipped="1" failures="0" errors="0" time="0.746">
    <testcase time="0.745999999999999" classname="lsfae03" name="lsfae03">
      <skipped message="Reason: On CRAN ('test-lsfae03.R:1:1')"/>
    </testcase>
  </testsuite>
  <testsuite name="lsfae04" timestamp="2026-01-15T14:36:41Z" hostname="bcfe8967c3a5" tests="1" skipped="1" failures="0" errors="0" time="0.312">
    <testcase time="0.312000000000001" classname="lsfae04" name="lsfae04">
      <skipped message="Reason: On CRAN ('test-lsfae04.R:1:1')"/>
    </testcase>
  </testsuite>
  <testsuite name="lsfae05" timestamp="2026-01-15T14:36:41Z" hostname="bcfe8967c3a5" tests="1" skipped="1" failures="0" errors="0" time="1.47">
    <testcase time="1.47" classname="lsfae05" name="lsfae05">
      <skipped message="Reason: On CRAN ('test-lsfae05.R:1:1')"/>
    </testcase>
  </testsuite>
  <testsuite name="lsfae06a" timestamp="2026-01-15T14:36:43Z" hostname="bcfe8967c3a5" tests="1" skipped="1" failures="0" errors="0" time="0.982">
    <testcase time="0.981999999999999" classname="lsfae06a" name="lsfae06a">
      <skipped message="Reason: On CRAN ('test-lsfae06a.R:1:1')"/>
    </testcase>
  </testsuite>
  <testsuite name="lsfae06b" timestamp="2026-01-15T14:36:44Z" hostname="bcfe8967c3a5" tests="1" skipped="1" failures="0" errors="0" time="0.954">
    <testcase time="0.954000000000001" classname="lsfae06b" name="lsfae06b">
      <skipped message="Reason: On CRAN ('test-lsfae06b.R:1:1')"/>
    </testcase>
  </testsuite>
  <testsuite name="lsfdth01" timestamp="2026-01-15T14:36:45Z" hostname="bcfe8967c3a5" tests="1" skipped="1" failures="0" errors="0" time="0.29">
    <testcase time="0.289999999999999" classname="lsfdth01" name="lsfdth01">
      <skipped message="Reason: On CRAN ('test-lsfdth01.R:1:1')"/>
    </testcase>
  </testsuite>
  <testsuite name="lsfecg01" timestamp="2026-01-15T14:36:45Z" hostname="bcfe8967c3a5" tests="1" skipped="1" failures="0" errors="0" time="1.101">
    <testcase time="1.101" classname="lsfecg01" name="lsfecg01">
      <skipped message="Reason: On CRAN ('test-lsfecg01.R:1:1')"/>
    </testcase>
  </testsuite>
  <testsuite name="lsfecg02part1" timestamp="2026-01-15T14:36:46Z" hostname="bcfe8967c3a5" tests="1" skipped="1" failures="0" errors="0" time="22.561">
    <testcase time="22.561" classname="lsfecg02part1" name="lsfecg02part1of3">
      <skipped message="Reason: On CRAN ('test-lsfecg02part1.R:1:1')"/>
    </testcase>
  </testsuite>
  <testsuite name="lsfecg02part2" timestamp="2026-01-15T14:37:09Z" hostname="bcfe8967c3a5" tests="1" skipped="1" failures="0" errors="0" time="22.533">
    <testcase time="22.533" classname="lsfecg02part2" name="lsfecg02part2of3">
      <skipped message="Reason: On CRAN ('test-lsfecg02part2.R:1:1')"/>
    </testcase>
  </testsuite>
  <testsuite name="lsfecg02part3" timestamp="2026-01-15T14:37:31Z" hostname="bcfe8967c3a5" tests="1" skipped="1" failures="0" errors="0" time="22.142">
    <testcase time="22.142" classname="lsfecg02part3" name="lsfecg02part3of3">
      <skipped message="Reason: On CRAN ('test-lsfecg02part3.R:1:1')"/>
    </testcase>
  </testsuite>
  <testsuite name="lsflab01" timestamp="2026-01-15T14:37:53Z" hostname="bcfe8967c3a5" tests="1" skipped="1" failures="0" errors="0" time="1.065">
    <testcase time="1.065" classname="lsflab01" name="lsflab01">
      <skipped message="Reason: On CRAN ('test-lsflab01.R:1:1')"/>
    </testcase>
  </testsuite>
  <testsuite name="lsfvit01" timestamp="2026-01-15T14:37:54Z" hostname="bcfe8967c3a5" tests="1" skipped="1" failures="0" errors="0" time="1.893">
    <testcase time="1.893" classname="lsfvit01" name="lsfvit01">
      <skipped message="Reason: On CRAN ('test-lsfvit01.R:1:1')"/>
    </testcase>
  </testsuite>
  <testsuite name="lsfvit02" timestamp="2026-01-15T14:37:56Z" hostname="bcfe8967c3a5" tests="1" skipped="1" failures="0" errors="0" time="433.645">
    <testcase time="433.645" classname="lsfvit02" name="lsfvit02">
      <skipped message="Reason: On CRAN ('test-lsfvit02.R:1:1')"/>
    </testcase>
  </testsuite>
  <testsuite name="lsicm01" timestamp="2026-01-15T14:45:10Z" hostname="bcfe8967c3a5" tests="1" skipped="1" failures="0" errors="0" time="1.074">
    <testcase time="1.07400000000007" classname="lsicm01" name="lsicm01">
      <skipped message="Reason: On CRAN ('test-lsicm01.R:1:1')"/>
    </testcase>
  </testsuite>
  <testsuite name="lsidem01" timestamp="2026-01-15T14:45:11Z" hostname="bcfe8967c3a5" tests="1" skipped="1" failures="0" errors="0" time="0.857">
    <testcase time="0.856999999999971" classname="lsidem01" name="lsidem01">
      <skipped message="Reason: On CRAN ('test-lsidem01.R:1:1')"/>
    </testcase>
  </testsuite>
  <testsuite name="lsidem02" timestamp="2026-01-15T14:45:12Z" hostname="bcfe8967c3a5" tests="1" skipped="1" failures="0" errors="0" time="0.774">
    <testcase time="0.774000000000001" classname="lsidem02" name="lsidem02">
      <skipped message="Reason: On CRAN ('test-lsidem02.R:1:1')"/>
    </testcase>
  </testsuite>
  <testsuite name="lsids01" timestamp="2026-01-15T14:45:13Z" hostname="bcfe8967c3a5" tests="1" skipped="1" failures="0" errors="0" time="0.808">
    <testcase time="0.807999999999993" classname="lsids01" name="lsids01">
      <skipped message="Reason: On CRAN ('test-lsids01.R:1:1')"/>
    </testcase>
  </testsuite>
  <testsuite name="lsids02" timestamp="2026-01-15T14:45:13Z" hostname="bcfe8967c3a5" tests="1" skipped="1" failures="0" errors="0" time="0.844">
    <testcase time="0.843999999999937" classname="lsids02" name="lsids02">
      <skipped message="Reason: On CRAN ('test-lsids02.R:1:1')"/>
    </testcase>
  </testsuite>
  <testsuite name="lsids03" timestamp="2026-01-15T14:45:14Z" hostname="bcfe8967c3a5" tests="1" skipped="1" failures="0" errors="0" time="0.843">
    <testcase time="0.843000000000075" classname="lsids03" name="lsids03">
      <skipped message="Reason: On CRAN ('test-lsids03.R:1:1')"/>
    </testcase>
  </testsuite>
  <testsuite name="lsids04" timestamp="2026-01-15T14:45:15Z" hostname="bcfe8967c3a5" tests="1" skipped="1" failures="0" errors="0" time="0.193">
    <testcase time="0.192999999999984" classname="lsids04" name="lsids04">
      <skipped message="Reason: On CRAN ('test-lsids04.R:1:1')"/>
    </testcase>
  </testsuite>
  <testsuite name="lsids05" timestamp="2026-01-15T14:45:15Z" hostname="bcfe8967c3a5" tests="1" skipped="1" failures="0" errors="0" time="0.141">
    <testcase time="0.140999999999963" classname="lsids05" name="lsids05">
      <skipped message="Reason: On CRAN ('test-lsids05.R:1:1')"/>
    </testcase>
  </testsuite>
  <testsuite name="lsiex01" timestamp="2026-01-15T14:45:15Z" hostname="bcfe8967c3a5" tests="1" skipped="1" failures="0" errors="0" time="0.953">
    <testcase time="0.952999999999975" classname="lsiex01" name="lsiex01">
      <skipped message="Reason: On CRAN ('test-lsiex01.R:1:1')"/>
    </testcase>
  </testsuite>
  <testsuite name="lsiex02" timestamp="2026-01-15T14:45:16Z" hostname="bcfe8967c3a5" tests="1" skipped="1" failures="0" errors="0" time="0.628">
    <testcase time="0.628000000000043" classname="lsiex02" name="lsiex02">
      <skipped message="Reason: On CRAN ('test-lsiex02.R:1:1')"/>
    </testcase>
  </testsuite>
  <testsuite name="lsiex03" timestamp="2026-01-15T14:45:17Z" hostname="bcfe8967c3a5" tests="1" skipped="1" failures="0" errors="0" time="1.196">
    <testcase time="1.19600000000003" classname="lsiex03" name="lsiex03">
      <skipped message="Reason: On CRAN ('test-lsiex03.R:1:1')"/>
    </testcase>
  </testsuite>
  <testsuite name="lsimh01" timestamp="2026-01-15T14:45:18Z" hostname="bcfe8967c3a5" tests="1" skipped="1" failures="0" errors="0" time="0.892">
    <testcase time="0.891999999999939" classname="lsimh01" name="lsimh01">
      <skipped message="Reason: On CRAN ('test-lsimh01.R:1:1')"/>
    </testcase>
  </testsuite>
  <testsuite name="pagination_listing" timestamp="2026-01-15T14:45:19Z" hostname="bcfe8967c3a5" tests="13" skipped="0" failures="0" errors="0" time="3.615">
    <testcase time="0.0470000000000255" classname="pagination_listing" name="Direct_pagination_works_fine"/>
    <testcase time="0.599000000000046" classname="pagination_listing" name="Direct_pagination_works_fine"/>
    <testcase time="0.00299999999992906" classname="pagination_listing" name="Direct_pagination_works_fine"/>
    <testcase time="0.535000000000082" classname="pagination_listing" name="Direct_pagination_works_fine"/>
    <testcase time="0.900999999999954" classname="pagination_listing" name="Direct_pagination_works_fine"/>
    <testcase time="0.757000000000062" classname="pagination_listing" name="pagination_counts_the_right_number_of_lines_when_wrapping_on_keycols_is_present"/>
    <testcase time="0.00799999999992451" classname="pagination_listing" name="pagination_counts_the_right_number_of_lines_when_wrapping_on_keycols_is_present"/>
    <testcase time="0.00599999999997181" classname="pagination_listing" name="pagination_counts_the_right_number_of_lines_when_wrapping_on_keycols_is_present"/>
    <testcase time="0.0040000000000191" classname="pagination_listing" name="pagination_counts_the_right_number_of_lines_when_wrapping_on_keycols_is_present"/>
    <testcase time="0.740000000000009" classname="pagination_listing" name="pagination_counts_the_right_number_of_lines_when_wrapping_on_keycols_is_present"/>
    <testcase time="0.00599999999997181" classname="pagination_listing" name="pagination_counts_the_right_number_of_lines_when_wrapping_on_keycols_is_present"/>
    <testcase time="0.00499999999999545" classname="pagination_listing" name="pagination_counts_the_right_number_of_lines_when_wrapping_on_keycols_is_present"/>
    <testcase time="0.0040000000000191" classname="pagination_listing" name="pagination_counts_the_right_number_of_lines_when_wrapping_on_keycols_is_present"/>
  </testsuite>
  <testsuite name="pagination_table" timestamp="2026-01-15T14:45:24Z" hostname="bcfe8967c3a5" tests="21" skipped="6" failures="0" errors="0" time="14.07">
    <testcase time="1.851" classname="pagination_table" name="Direct_pagination_with_standard_values"/>
    <testcase time="0.00499999999999545" classname="pagination_table" name="Direct_pagination_with_standard_values"/>
    <testcase time="0.0040000000000191" classname="pagination_table" name="Direct_pagination_with_standard_values"/>
    <testcase time="1.30600000000004" classname="pagination_table" name="Pagination_with_specific_column_widths_and_minimum_lines_per_page"/>
    <testcase time="0.0219999999999345" classname="pagination_table" name="Pagination_with_specific_column_widths_and_minimum_lines_per_page"/>
    <testcase time="0.0970000000000937" classname="pagination_table" name="Pagination_with_specific_column_widths_and_minimum_lines_per_page">
      <skipped message="Reason: On CRAN ('test-pagination_table.R:67:1')"/>
    </testcase>
    <testcase time="1.04899999999998" classname="pagination_table" name="Pagination_works_also_if_table_is_decorated"/>
    <testcase time="0.543000000000006" classname="pagination_table" name="Pagination_works_also_if_table_is_decorated"/>
    <testcase time="1.12799999999993" classname="pagination_table" name="Pagination_works_also_if_table_is_decorated"/>
    <testcase time="0.604000000000042" classname="pagination_table" name="Pagination_works_also_if_table_is_decorated"/>
    <testcase time="1.24900000000002" classname="pagination_table" name="Pagination_works_also_if_table_is_decorated"/>
    <testcase time="0.298000000000002" classname="pagination_table" name="Pagination_works_also_if_table_is_decorated"/>
    <testcase time="0.0040000000000191" classname="pagination_table" name="Pagination_works_also_if_table_is_decorated"/>
    <testcase time="0.197999999999979" classname="pagination_table" name="Pagination_works_also_if_table_is_decorated">
      <skipped message="Reason: On CRAN ('test-pagination_table.R:93:1')"/>
    </testcase>
    <testcase time="2.36799999999994" classname="pagination_table" name="Pagination_works_for_page_types">
      <skipped message="Reason: On CRAN ('test-pagination_table.R:132:1')"/>
    </testcase>
    <testcase time="0.754000000000019" classname="pagination_table" name="Pagination_works_for_page_width_and_height">
      <skipped message="Reason: On CRAN ('test-pagination_table.R:145:1')"/>
    </testcase>
    <testcase time="0.879999999999995" classname="pagination_table" name="Pagination_works_for_page_types">
      <skipped message="Reason: On CRAN ('test-pagination_table.R:152:1')"/>
    </testcase>
    <testcase time="0.983000000000061" classname="pagination_table" name="AET04_variant_2_page_by_pagination_tests"/>
    <testcase time="0.588999999999942" classname="pagination_table" name="AET04_variant_2_page_by_pagination_tests"/>
    <testcase time="0.00200000000006639" classname="pagination_table" name="AET04_variant_2_page_by_pagination_tests"/>
    <testcase time="0.135999999999967" classname="pagination_table" name="AET04_variant_2_page_by_pagination_tests">
      <skipped message="Reason: On CRAN ('test-pagination_table.R:166:1')"/>
    </testcase>
  </testsuite>
  <testsuite name="table_adat03" timestamp="2026-01-15T14:45:37Z" hostname="bcfe8967c3a5" tests="2" skipped="1" failures="0" errors="0" time="0.608">
    <testcase time="0.476999999999975" classname="table_adat03" name="ADAT03_is_produced_correctly"/>
    <testcase time="0.130999999999972" classname="table_adat03" name="ADAT03_is_produced_correctly">
      <skipped message="Reason: On CRAN ('test-table_adat03.R:39:1')"/>
    </testcase>
  </testsuite>
  <testsuite name="table_aet01" timestamp="2026-01-15T14:45:37Z" hostname="bcfe8967c3a5" tests="8" skipped="4" failures="0" errors="0" time="1.945">
    <testcase time="0.436000000000035" classname="table_aet01" name="Safety_Summary_Variant_1_works_as_expected"/>
    <testcase time="0.0789999999999509" classname="table_aet01" name="Safety_Summary_Variant_1_works_as_expected">
      <skipped message="Reason: On CRAN ('test-table_aet01.R:51:1')"/>
    </testcase>
    <testcase time="0.388000000000034" classname="table_aet01" name="Safety_Summary_Variant_2_with_Medical_Concepts_Section_works_as_expected"/>
    <testcase time="0.11099999999999" classname="table_aet01" name="Safety_Summary_Variant_2_with_Medical_Concepts_Section_works_as_expected">
      <skipped message="Reason: On CRAN ('test-table_aet01.R:109:1')"/>
    </testcase>
    <testcase time="0.300000000000068" classname="table_aet01" name="Safety_Summary_Variant_3_with_Modified_Rows_works_as_expected"/>
    <testcase time="0.0879999999999654" classname="table_aet01" name="Safety_Summary_Variant_3_with_Modified_Rows_works_as_expected">
      <skipped message="Reason: On CRAN ('test-table_aet01.R:175:1')"/>
    </testcase>
    <testcase time="0.427000000000021" classname="table_aet01" name="Safety_Summary_Variant_4_with_Rows_Counting_Events_and_Additional_Sections_works_as_expected"/>
    <testcase time="0.115999999999985" classname="table_aet01" name="Safety_Summary_Variant_4_with_Rows_Counting_Events_and_Additional_Sections_works_as_expected">
      <skipped message="Reason: On CRAN ('test-table_aet01.R:236:1')"/>
    </testcase>
  </testsuite>
  <testsuite name="table_aet01_aesi" timestamp="2026-01-15T14:45:39Z" hostname="bcfe8967c3a5" tests="8" skipped="4" failures="0" errors="0" time="3.032">
    <testcase time="0.321000000000026" classname="table_aet01_aesi" name="AET01_AESI_Variant_1_works_as_expected"/>
    <testcase time="0.115999999999985" classname="table_aet01_aesi" name="AET01_AESI_Variant_1_works_as_expected">
      <skipped message="Reason: On CRAN ('test-table_aet01_aesi.R:87:1')"/>
    </testcase>
    <testcase time="0.584999999999923" classname="table_aet01_aesi" name="AET01_AESI_Variant_2_works_as_expected"/>
    <testcase time="0.136000000000081" classname="table_aet01_aesi" name="AET01_AESI_Variant_2_works_as_expected">
      <skipped message="Reason: On CRAN ('test-table_aet01_aesi.R:118:1')"/>
    </testcase>
    <testcase time="0.817000000000007" classname="table_aet01_aesi" name="AET01_AESI_Variant_3_works_as_expected"/>
    <testcase time="0.187000000000012" classname="table_aet01_aesi" name="AET01_AESI_Variant_3_works_as_expected">
      <skipped message="Reason: On CRAN ('test-table_aet01_aesi.R:184:1')"/>
    </testcase>
    <testcase time="0.676999999999907" classname="table_aet01_aesi" name="AET01_AESI_Variant_4_works_as_expected"/>
    <testcase time="0.193000000000097" classname="table_aet01_aesi" name="AET01_AESI_Variant_4_works_as_expected">
      <skipped message="Reason: On CRAN ('test-table_aet01_aesi.R:414:1')"/>
    </testcase>
  </testsuite>
  <testsuite name="table_aet02" timestamp="2026-01-15T14:45:42Z" hostname="bcfe8967c3a5" tests="26" skipped="12" failures="0" errors="0" time="9.523">
    <testcase time="0.689999999999941" classname="table_aet02" name="AET02_variant_1_is_produced_correctly"/>
    <testcase time="0.58299999999997" classname="table_aet02" name="AET02_variant_1_is_produced_correctly"/>
    <testcase time="0.137000000000057" classname="table_aet02" name="AET02_variant_1_is_produced_correctly"/>
    <testcase time="0.00199999999995271" classname="table_aet02" name="AET02_variant_1_is_produced_correctly">
      <skipped message="Reason: On CRAN ('test-table_aet02.R:18:1')"/>
    </testcase>
    <testcase time="0.740999999999985" classname="table_aet02" name="AET02_variant_2_is_produced_correctly"/>
    <testcase time="0.168000000000006" classname="table_aet02" name="AET02_variant_2_is_produced_correctly">
      <skipped message="Reason: On CRAN ('test-table_aet02.R:80:1')"/>
    </testcase>
    <testcase time="1.12900000000002" classname="table_aet02" name="AET02_variant_3_is_produced_correctly"/>
    <testcase time="0.311000000000035" classname="table_aet02" name="AET02_variant_3_is_produced_correctly">
      <skipped message="Reason: On CRAN ('test-table_aet02.R:132:1')"/>
    </testcase>
    <testcase time="0.144000000000005" classname="table_aet02" name="AET02_variant_4_is_produced_correctly"/>
    <testcase time="0.100999999999999" classname="table_aet02" name="AET02_variant_4_is_produced_correctly">
      <skipped message="Reason: On CRAN ('test-table_aet02.R:198:1')"/>
    </testcase>
    <testcase time="0.495999999999981" classname="table_aet02" name="AET02_variant_5_is_produced_correctly"/>
    <testcase time="0.155999999999949" classname="table_aet02" name="AET02_variant_5_is_produced_correctly">
      <skipped message="Reason: On CRAN ('test-table_aet02.R:223:1')"/>
    </testcase>
    <testcase time="0.507000000000062" classname="table_aet02" name="AET02_variant_6_is_produced_correctly"/>
    <testcase time="0.0800000000000409" classname="table_aet02" name="AET02_variant_6_is_produced_correctly">
      <skipped message="Reason: On CRAN ('test-table_aet02.R:270:1')"/>
    </testcase>
    <testcase time="1.18200000000002" classname="table_aet02" name="AET02_variant_7_is_produced_correctly"/>
    <testcase time="0.158999999999992" classname="table_aet02" name="AET02_variant_7_is_produced_correctly">
      <skipped message="Reason: On CRAN ('test-table_aet02.R:317:1')"/>
    </testcase>
    <testcase time="0.5" classname="table_aet02" name="AET02_variant_8_is_produced_correctly"/>
    <testcase time="0.0599999999999454" classname="table_aet02" name="AET02_variant_8_is_produced_correctly">
      <skipped message="Reason: On CRAN ('test-table_aet02.R:380:1')"/>
    </testcase>
    <testcase time="0.536000000000058" classname="table_aet02" name="AET02_variant_9_is_produced_correctly"/>
    <testcase time="0.0810000000000173" classname="table_aet02" name="AET02_variant_9_is_produced_correctly">
      <skipped message="Reason: On CRAN ('test-table_aet02.R:427:1')"/>
    </testcase>
    <testcase time="0.52699999999993" classname="table_aet02" name="AET02_variant_10_is_produced_correctly"/>
    <testcase time="0.0690000000000737" classname="table_aet02" name="AET02_variant_10_is_produced_correctly">
      <skipped message="Reason: On CRAN ('test-table_aet02.R:474:1')"/>
    </testcase>
    <testcase time="0.521999999999935" classname="table_aet02" name="AET02_variant_11_is_produced_correctly"/>
    <testcase time="0.0570000000000164" classname="table_aet02" name="AET02_variant_11_is_produced_correctly">
      <skipped message="Reason: On CRAN ('test-table_aet02.R:521:1')"/>
    </testcase>
    <testcase time="0.523000000000025" classname="table_aet02" name="AET02_variant_12_is_produced_correctly"/>
    <testcase time="0.0620000000000118" classname="table_aet02" name="AET02_variant_12_is_produced_correctly">
      <skipped message="Reason: On CRAN ('test-table_aet02.R:568:1')"/>
    </testcase>
  </testsuite>
  <testsuite name="table_aet02_smq" timestamp="2026-01-15T14:45:52Z" hostname="bcfe8967c3a5" tests="4" skipped="2" failures="0" errors="0" time="0.814">
    <testcase time="0.172000000000025" classname="table_aet02_smq" name="AET02SMQ_variant_1_is_produced_correctly"/>
    <testcase time="0.0509999999999309" classname="table_aet02_smq" name="AET02SMQ_variant_1_is_produced_correctly">
      <skipped message="Reason: On CRAN ('test-table_aet02_smq.R:16:1')"/>
    </testcase>
    <testcase time="0.527000000000044" classname="table_aet02_smq" name="AET02SMQ_variant_2_is_produced_correctly"/>
    <testcase time="0.0639999999999645" classname="table_aet02_smq" name="AET02SMQ_variant_2_is_produced_correctly">
      <skipped message="Reason: On CRAN ('test-table_aet02_smq.R:55:1')"/>
    </testcase>
  </testsuite>
  <testsuite name="table_aet03" timestamp="2026-01-15T14:45:53Z" hostname="bcfe8967c3a5" tests="6" skipped="1" failures="0" errors="0" time="4.761">
    <testcase time="1.24699999999996" classname="table_aet03" name="AET03_variant_1_is_produced_correctly"/>
    <testcase time="1.6450000000001" classname="table_aet03" name="AET03_variant_1_is_produced_correctly"/>
    <testcase time="0.645999999999958" classname="table_aet03" name="AET03_variant_1_is_produced_correctly"/>
    <testcase time="0.998000000000047" classname="table_aet03" name="AET03_variant_1_is_produced_correctly"/>
    <testcase time="0.223999999999933" classname="table_aet03" name="AET03_variant_1_is_produced_correctly"/>
    <testcase time="0.000999999999976353" classname="table_aet03" name="AET03_variant_1_is_produced_correctly">
      <skipped message="Reason: On CRAN ('test-table_aet03.R:17:1')"/>
    </testcase>
  </testsuite>
  <testsuite name="table_aet04" timestamp="2026-01-15T14:45:58Z" hostname="bcfe8967c3a5" tests="30" skipped="8" failures="0" errors="0" time="13.375">
    <testcase time="0.852000000000089" classname="table_aet04" name="AET04_variant_1_is_produced_correctly"/>
    <testcase time="1.0379999999999" classname="table_aet04" name="AET04_variant_1_is_produced_correctly"/>
    <testcase time="0.0440000000000964" classname="table_aet04" name="AET04_variant_1_is_produced_correctly"/>
    <testcase time="0.0579999999999927" classname="table_aet04" name="AET04_variant_1_is_produced_correctly"/>
    <testcase time="0.00199999999995271" classname="table_aet04" name="AET04_variant_1_is_produced_correctly">
      <skipped message="Reason: On CRAN ('test-table_aet04.R:107:1')"/>
    </testcase>
    <testcase time="0.80600000000004" classname="table_aet04" name="AET04_variant_2_is_produced_correctly_Fill_in_of_Treatment_Groups_"/>
    <testcase time="0.952999999999975" classname="table_aet04" name="AET04_variant_2_is_produced_correctly_Fill_in_of_Treatment_Groups_"/>
    <testcase time="0.0410000000000537" classname="table_aet04" name="AET04_variant_2_is_produced_correctly_Fill_in_of_Treatment_Groups_"/>
    <testcase time="0.0519999999999072" classname="table_aet04" name="AET04_variant_2_is_produced_correctly_Fill_in_of_Treatment_Groups_"/>
    <testcase time="0.00200000000006639" classname="table_aet04" name="AET04_variant_2_is_produced_correctly_Fill_in_of_Treatment_Groups_">
      <skipped message="Reason: On CRAN ('test-table_aet04.R:127:1')"/>
    </testcase>
    <testcase time="0.815999999999917" classname="table_aet04" name="AET04_variant_3_is_produced_correctly_Fill_in_of_Grades_"/>
    <testcase time="1.10300000000007" classname="table_aet04" name="AET04_variant_3_is_produced_correctly_Fill_in_of_Grades_"/>
    <testcase time="0.0439999999999827" classname="table_aet04" name="AET04_variant_3_is_produced_correctly_Fill_in_of_Grades_"/>
    <testcase time="0.0620000000000118" classname="table_aet04" name="AET04_variant_3_is_produced_correctly_Fill_in_of_Grades_"/>
    <testcase time="0.000999999999976353" classname="table_aet04" name="AET04_variant_3_is_produced_correctly_Fill_in_of_Grades_">
      <skipped message="Reason: On CRAN ('test-table_aet04.R:209:1')"/>
    </testcase>
    <testcase time="0.845000000000027" classname="table_aet04" name="AET04_variant_4_is_produced_correctly_Collapsing_of_Grades_grades_1_2_grades_3_4_5_"/>
    <testcase time="1.11500000000001" classname="table_aet04" name="AET04_variant_4_is_produced_correctly_Collapsing_of_Grades_grades_1_2_grades_3_4_5_"/>
    <testcase time="0.00199999999995271" classname="table_aet04" name="AET04_variant_4_is_produced_correctly_Collapsing_of_Grades_grades_1_2_grades_3_4_5_">
      <skipped message="Reason: On CRAN ('test-table_aet04.R:288:1')"/>
    </testcase>
    <testcase time="0.915000000000077" classname="table_aet04" name="AET04_variant_6_is_produced_correctly_with_an_Incidence_Rate_of_at_Least_5_totals_restricted_"/>
    <testcase time="1.10399999999993" classname="table_aet04" name="AET04_variant_6_is_produced_correctly_with_an_Incidence_Rate_of_at_Least_5_totals_restricted_"/>
    <testcase time="0.00200000000006639" classname="table_aet04" name="AET04_variant_6_is_produced_correctly_with_an_Incidence_Rate_of_at_Least_5_totals_restricted_">
      <skipped message="Reason: On CRAN ('test-table_aet04.R:367:1')"/>
    </testcase>
    <testcase time="0.0190000000000055" classname="table_aet04" name="AET04_variant_8_is_produced_correctly_with_an_Incidence_Rate_of_at_Least_X_Patients_"/>
    <testcase time="1.15099999999995" classname="table_aet04" name="AET04_variant_8_is_produced_correctly_with_an_Incidence_Rate_of_at_Least_X_Patients_"/>
    <testcase time="0.000999999999976353" classname="table_aet04" name="AET04_variant_8_is_produced_correctly_with_an_Incidence_Rate_of_at_Least_X_Patients_">
      <skipped message="Reason: On CRAN ('test-table_aet04.R:481:1')"/>
    </testcase>
    <testcase time="0.0210000000000719" classname="table_aet04" name="AET04_variant_9_is_produced_correctly_with_a_Difference_in_Incidence_Rate_of_at_Least_X_"/>
    <testcase time="1.1579999999999" classname="table_aet04" name="AET04_variant_9_is_produced_correctly_with_a_Difference_in_Incidence_Rate_of_at_Least_X_"/>
    <testcase time="0.00200000000006639" classname="table_aet04" name="AET04_variant_9_is_produced_correctly_with_a_Difference_in_Incidence_Rate_of_at_Least_X_">
      <skipped message="Reason: On CRAN ('test-table_aet04.R:497:1')"/>
    </testcase>
    <testcase time="0.0219999999999345" classname="table_aet04" name="AET04_variant_11_is_produced_correctly_with_Incidence_Rate_of_at_Least_X_all_SOCs_w_o_preferred_terms_removed_"/>
    <testcase time="1.14200000000005" classname="table_aet04" name="AET04_variant_11_is_produced_correctly_with_Incidence_Rate_of_at_Least_X_all_SOCs_w_o_preferred_terms_removed_"/>
    <testcase time="0.00199999999995271" classname="table_aet04" name="AET04_variant_11_is_produced_correctly_with_Incidence_Rate_of_at_Least_X_all_SOCs_w_o_preferred_terms_removed_">
      <skipped message="Reason: On CRAN ('test-table_aet04.R:517:1')"/>
    </testcase>
  </testsuite>
  <testsuite name="table_aet04_pi" timestamp="2026-01-15T14:46:11Z" hostname="bcfe8967c3a5" tests="18" skipped="9" failures="0" errors="0" time="7.791">
    <testcase time="0.719000000000051" classname="table_aet04_pi" name="AET04_PI_full_table_is_produced_correctly"/>
    <testcase time="0.245999999999981" classname="table_aet04_pi" name="AET04_PI_full_table_is_produced_correctly">
      <skipped message="Reason: On CRAN ('test-table_aet04_pi.R:52:1')"/>
    </testcase>
    <testcase time="0.726999999999975" classname="table_aet04_pi" name="AET04_PI_variant_1_is_produced_correctly"/>
    <testcase time="0.172000000000025" classname="table_aet04_pi" name="AET04_PI_variant_1_is_produced_correctly">
      <skipped message="Reason: On CRAN ('test-table_aet04_pi.R:69:1')"/>
    </testcase>
    <testcase time="0.722999999999956" classname="table_aet04_pi" name="AET04_PI_variant_2_is_produced_correctly"/>
    <testcase time="0.123000000000047" classname="table_aet04_pi" name="AET04_PI_variant_2_is_produced_correctly">
      <skipped message="Reason: On CRAN ('test-table_aet04_pi.R:91:1')"/>
    </testcase>
    <testcase time="0.75" classname="table_aet04_pi" name="AET04_PI_variant_3_is_produced_correctly"/>
    <testcase time="0.115999999999985" classname="table_aet04_pi" name="AET04_PI_variant_3_is_produced_correctly">
      <skipped message="Reason: On CRAN ('test-table_aet04_pi.R:114:1')"/>
    </testcase>
    <testcase time="0.760999999999967" classname="table_aet04_pi" name="AET04_PI_variant_4_is_produced_correctly"/>
    <testcase time="0.0790000000000646" classname="table_aet04_pi" name="AET04_PI_variant_4_is_produced_correctly">
      <skipped message="Reason: On CRAN ('test-table_aet04_pi.R:137:1')"/>
    </testcase>
    <testcase time="0.759000000000015" classname="table_aet04_pi" name="AET04_PI_variant_5_is_produced_correctly"/>
    <testcase time="0.482999999999947" classname="table_aet04_pi" name="AET04_PI_variant_5_is_produced_correctly">
      <skipped message="Reason: On CRAN ('test-table_aet04_pi.R:161:1')"/>
    </testcase>
    <testcase time="0.777000000000044" classname="table_aet04_pi" name="AET04_PI_variant_6_is_produced_correctly"/>
    <testcase time="0.120000000000005" classname="table_aet04_pi" name="AET04_PI_variant_6_is_produced_correctly">
      <skipped message="Reason: On CRAN ('test-table_aet04_pi.R:185:1')"/>
    </testcase>
    <testcase time="0.787000000000035" classname="table_aet04_pi" name="AET04_PI_variant_7_is_produced_correctly"/>
    <testcase time="0.132999999999925" classname="table_aet04_pi" name="AET04_PI_variant_7_is_produced_correctly">
      <skipped message="Reason: On CRAN ('test-table_aet04_pi.R:236:1')"/>
    </testcase>
    <testcase time="0.204000000000065" classname="table_aet04_pi" name="AET04_PI_variant_8_is_produced_correctly"/>
    <testcase time="0.111999999999966" classname="table_aet04_pi" name="AET04_PI_variant_8_is_produced_correctly">
      <skipped message="Reason: On CRAN ('test-table_aet04_pi.R:287:1')"/>
    </testcase>
  </testsuite>
  <testsuite name="table_aet05" timestamp="2026-01-15T14:46:19Z" hostname="bcfe8967c3a5" tests="4" skipped="2" failures="0" errors="0" time="0.29">
    <testcase time="0.116999999999962" classname="table_aet05" name="AET05_variant_1_is_produced_correctly"/>
    <testcase time="0.0579999999999927" classname="table_aet05" name="AET05_variant_1_is_produced_correctly">
      <skipped message="Reason: On CRAN ('test-table_aet05.R:26:1')"/>
    </testcase>
    <testcase time="0.0710000000000264" classname="table_aet05" name="AET05_variant_2_is_produced_correctly"/>
    <testcase time="0.0439999999999827" classname="table_aet05" name="AET05_variant_2_is_produced_correctly">
      <skipped message="Reason: On CRAN ('test-table_aet05.R:41:1')"/>
    </testcase>
  </testsuite>
  <testsuite name="table_aet05_all" timestamp="2026-01-15T14:46:19Z" hostname="bcfe8967c3a5" tests="4" skipped="2" failures="0" errors="0" time="0.319">
    <testcase time="0.144000000000005" classname="table_aet05_all" name="AET05_ALL_variant_1_is_produced_correctly"/>
    <testcase time="0.0430000000000064" classname="table_aet05_all" name="AET05_ALL_variant_1_is_produced_correctly">
      <skipped message="Reason: On CRAN ('test-table_aet05_all.R:20:1')"/>
    </testcase>
    <testcase time="0.0750000000000455" classname="table_aet05_all" name="AET05_ALL_variant_2_is_produced_correctly"/>
    <testcase time="0.0570000000000164" classname="table_aet05_all" name="AET05_ALL_variant_2_is_produced_correctly">
      <skipped message="Reason: On CRAN ('test-table_aet05_all.R:35:1')"/>
    </testcase>
  </testsuite>
  <testsuite name="table_aet06" timestamp="2026-01-15T14:46:19Z" hostname="bcfe8967c3a5" tests="6" skipped="3" failures="0" errors="0" time="3.887">
    <testcase time="0.636999999999944" classname="table_aet06" name="AET06_variant_1_is_produced_correctly"/>
    <testcase time="0.18100000000004" classname="table_aet06" name="AET06_variant_1_is_produced_correctly">
      <skipped message="Reason: On CRAN ('test-table_aet06.R:64:1')"/>
    </testcase>
    <testcase time="1.06399999999996" classname="table_aet06" name="AET06_variant_3_is_produced_correctly"/>
    <testcase time="0.282000000000039" classname="table_aet06" name="AET06_variant_3_is_produced_correctly">
      <skipped message="Reason: On CRAN ('test-table_aet06.R:100:1')"/>
    </testcase>
    <testcase time="1.39400000000001" classname="table_aet06" name="AET06_variant_5_is_produced_correctly"/>
    <testcase time="0.328999999999951" classname="table_aet06" name="AET06_variant_5_is_produced_correctly">
      <skipped message="Reason: On CRAN ('test-table_aet06.R:152:1')"/>
    </testcase>
  </testsuite>
  <testsuite name="table_aet06_smq" timestamp="2026-01-15T14:46:23Z" hostname="bcfe8967c3a5" tests="4" skipped="2" failures="0" errors="0" time="1.047">
    <testcase time="0.408999999999992" classname="table_aet06_smq" name="AET06_SMQ_variant_1_is_produced_correctly"/>
    <testcase time="0.104000000000042" classname="table_aet06_smq" name="AET06_SMQ_variant_1_is_produced_correctly">
      <skipped message="Reason: On CRAN ('test-table_aet06_smq.R:5:1')"/>
    </testcase>
    <testcase time="0.408999999999992" classname="table_aet06_smq" name="AET06_SMQ_variant_2_is_produced_correctly"/>
    <testcase time="0.125" classname="table_aet06_smq" name="AET06_SMQ_variant_2_is_produced_correctly">
      <skipped message="Reason: On CRAN ('test-table_aet06_smq.R:76:1')"/>
    </testcase>
  </testsuite>
  <testsuite name="table_aet07" timestamp="2026-01-15T14:46:24Z" hostname="bcfe8967c3a5" tests="4" skipped="2" failures="0" errors="0" time="0.215">
    <testcase time="0.0749999999999318" classname="table_aet07" name="AET07_variant_1_is_produced_correctly"/>
    <testcase time="0.0480000000000018" classname="table_aet07" name="AET07_variant_1_is_produced_correctly">
      <skipped message="Reason: On CRAN ('test-table_aet07.R:24:1')"/>
    </testcase>
    <testcase time="0.0650000000000546" classname="table_aet07" name="AET07_variant_2_is_produced_correctly"/>
    <testcase time="0.0270000000000437" classname="table_aet07" name="AET07_variant_2_is_produced_correctly">
      <skipped message="Reason: On CRAN ('test-table_aet07.R:52:1')"/>
    </testcase>
  </testsuite>
  <testsuite name="table_aet09" timestamp="2026-01-15T14:46:24Z" hostname="bcfe8967c3a5" tests="4" skipped="2" failures="0" errors="0" time="2.158">
    <testcase time="0.649000000000001" classname="table_aet09" name="AET09_variant_1_is_produced_correctly_AE_related_to_study_drug"/>
    <testcase time="0.161999999999921" classname="table_aet09" name="AET09_variant_1_is_produced_correctly_AE_related_to_study_drug">
      <skipped message="Reason: On CRAN ('test-table_aet09.R:7:1')"/>
    </testcase>
    <testcase time="1.10199999999998" classname="table_aet09" name="AET09_variant_2_is_produced_correctly_AE_related_to_study_drug_including_high_level_terms_"/>
    <testcase time="0.245000000000005" classname="table_aet09" name="AET09_variant_2_is_produced_correctly_AE_related_to_study_drug_including_high_level_terms_">
      <skipped message="Reason: On CRAN ('test-table_aet09.R:49:1')"/>
    </testcase>
  </testsuite>
  <testsuite name="table_aet09_smq" timestamp="2026-01-15T14:46:26Z" hostname="bcfe8967c3a5" tests="4" skipped="2" failures="0" errors="0" time="0.554">
    <testcase time="0.164000000000101" classname="table_aet09_smq" name="AET09_variant_1_AEs_related_to_study_drug_by_SMQ_is_produced_correctly"/>
    <testcase time="0.0509999999999309" classname="table_aet09_smq" name="AET09_variant_1_AEs_related_to_study_drug_by_SMQ_is_produced_correctly">
      <skipped message="Reason: On CRAN ('test-table_aet09_smq.R:15:1')"/>
    </testcase>
    <testcase time="0.240999999999985" classname="table_aet09_smq" name="AET09_variant_2_AEs_related_to_study_drug_by_SMQ_with_customized_queries_is_produced_correctly"/>
    <testcase time="0.09800000000007" classname="table_aet09_smq" name="AET09_variant_2_AEs_related_to_study_drug_by_SMQ_with_customized_queries_is_produced_correctly">
      <skipped message="Reason: On CRAN ('test-table_aet09_smq.R:72:1')"/>
    </testcase>
  </testsuite>
  <testsuite name="table_aet10" timestamp="2026-01-15T14:46:27Z" hostname="bcfe8967c3a5" tests="2" skipped="1" failures="0" errors="0" time="0.186">
    <testcase time="0.122999999999934" classname="table_aet10" name="AET10_default_variant_is_produced_correctly"/>
    <testcase time="0.0629999999999882" classname="table_aet10" name="AET10_default_variant_is_produced_correctly">
      <skipped message="Reason: On CRAN ('test-table_aet10.R:6:1')"/>
    </testcase>
  </testsuite>
  <testsuite name="table_aovt01" timestamp="2026-01-15T14:46:27Z" hostname="bcfe8967c3a5" tests="6" skipped="3" failures="0" errors="0" time="2.153">
    <testcase time="0.336000000000013" classname="table_aovt01" name="AOVT01_variant_with_single_endpoint_is_produced_correctly"/>
    <testcase time="0.0769999999999982" classname="table_aovt01" name="AOVT01_variant_with_single_endpoint_is_produced_correctly">
      <skipped message="Reason: On CRAN ('test-table_aovt01.R:6:1')"/>
    </testcase>
    <testcase time="0.719000000000051" classname="table_aovt01" name="AOVT01_variant_with_multiple_endpoints_is_produced_correctly"/>
    <testcase time="0.144000000000005" classname="table_aovt01" name="AOVT01_variant_with_multiple_endpoints_is_produced_correctly">
      <skipped message="Reason: On CRAN ('test-table_aovt01.R:36:1')"/>
    </testcase>
    <testcase time="0.701999999999998" classname="table_aovt01" name="AOVT01_variant_with_proportional_weights_is_produced_correctly"/>
    <testcase time="0.174999999999955" classname="table_aovt01" name="AOVT01_variant_with_proportional_weights_is_produced_correctly">
      <skipped message="Reason: On CRAN ('test-table_aovt01.R:55:1')"/>
    </testcase>
  </testsuite>
  <testsuite name="table_aovt02" timestamp="2026-01-15T14:46:29Z" hostname="bcfe8967c3a5" tests="2" skipped="1" failures="0" errors="0" time="0.451">
    <testcase time="0.350999999999999" classname="table_aovt02" name="AOVT02_is_produced_correctly"/>
    <testcase time="0.100000000000023" classname="table_aovt02" name="AOVT02_is_produced_correctly">
      <skipped message="Reason: On CRAN ('test-table_aovt02.R:15:1')"/>
    </testcase>
  </testsuite>
  <testsuite name="table_aovt03" timestamp="2026-01-15T14:46:30Z" hostname="bcfe8967c3a5" tests="2" skipped="1" failures="0" errors="0" time="1.042">
    <testcase time="0.880999999999972" classname="table_aovt03" name="AOVT03_is_produced_correctly"/>
    <testcase time="0.161000000000058" classname="table_aovt03" name="AOVT03_is_produced_correctly">
      <skipped message="Reason: On CRAN ('test-table_aovt03.R:10:1')"/>
    </testcase>
  </testsuite>
  <testsuite name="table_cfbt01" timestamp="2026-01-15T14:46:31Z" hostname="bcfe8967c3a5" tests="2" skipped="1" failures="0" errors="0" time="0.764">
    <testcase time="0.552999999999997" classname="table_cfbt01" name="CFBT01_default_variant_is_produced_correctly"/>
    <testcase time="0.211000000000013" classname="table_cfbt01" name="CFBT01_default_variant_is_produced_correctly">
      <skipped message="Reason: On CRAN ('test-table_cfbt01.R:15:1')"/>
    </testcase>
  </testsuite>
  <testsuite name="table_cmht01" timestamp="2026-01-15T14:46:32Z" hostname="bcfe8967c3a5" tests="4" skipped="2" failures="0" errors="0" time="1.911">
    <testcase time="0.454999999999927" classname="table_cmht01" name="CMHT01_variant_1_is_produced_correctly"/>
    <testcase time="0.0679999999999836" classname="table_cmht01" name="CMHT01_variant_1_is_produced_correctly">
      <skipped message="Reason: On CRAN ('test-table_cmht01.R:8:1')"/>
    </testcase>
    <testcase time="1.1450000000001" classname="table_cmht01" name="CMHT01_variant_2_is_produced_correctly"/>
    <testcase time="0.242999999999938" classname="table_cmht01" name="CMHT01_variant_2_is_produced_correctly">
      <skipped message="Reason: On CRAN ('test-table_cmht01.R:61:1')"/>
    </testcase>
  </testsuite>
  <testsuite name="table_cmt01" timestamp="2026-01-15T14:46:34Z" hostname="bcfe8967c3a5" tests="8" skipped="4" failures="0" errors="0" time="4.274">
    <testcase time="0.812999999999988" classname="table_cmt01" name="CMT01_default_variant_Concomitant_medications_is_produced_correctly"/>
    <testcase time="0.286000000000058" classname="table_cmt01" name="CMT01_default_variant_Concomitant_medications_is_produced_correctly">
      <skipped message="Reason: On CRAN ('test-table_cmt01.R:4:1')"/>
    </testcase>
    <testcase time="0.875999999999976" classname="table_cmt01" name="CMT01_variant_1_prior_medications_is_produced_correctly"/>
    <testcase time="0.274000000000001" classname="table_cmt01" name="CMT01_variant_1_prior_medications_is_produced_correctly">
      <skipped message="Reason: On CRAN ('test-table_cmt01.R:39:1')"/>
    </testcase>
    <testcase time="0.734000000000037" classname="table_cmt01" name="CMT01_variant_3_Concomitant_medications_is_produced_correctly"/>
    <testcase time="0.226999999999975" classname="table_cmt01" name="CMT01_variant_3_Concomitant_medications_is_produced_correctly">
      <skipped message="Reason: On CRAN ('test-table_cmt01.R:74:1')"/>
    </testcase>
    <testcase time="0.779999999999973" classname="table_cmt01" name="CMT01_variant_4_Concomitant_medications_is_produced_correctly"/>
    <testcase time="0.283999999999992" classname="table_cmt01" name="CMT01_variant_4_Concomitant_medications_is_produced_correctly">
      <skipped message="Reason: On CRAN ('test-table_cmt01.R:107:1')"/>
    </testcase>
  </testsuite>
  <testsuite name="table_cmt01a" timestamp="2026-01-15T14:46:38Z" hostname="bcfe8967c3a5" tests="8" skipped="4" failures="0" errors="0" time="5.634">
    <testcase time="1.26599999999996" classname="table_cmt01a" name="CMT01A_variant_1_is_produced_correctly"/>
    <testcase time="0.268000000000029" classname="table_cmt01a" name="CMT01A_variant_1_is_produced_correctly">
      <skipped message="Reason: On CRAN ('test-table_cmt01a.R:16:1')"/>
    </testcase>
    <testcase time="1.14499999999998" classname="table_cmt01a" name="CMT01A_variant_2_is_produced_correctly"/>
    <testcase time="0.239000000000033" classname="table_cmt01a" name="CMT01A_variant_2_is_produced_correctly">
      <skipped message="Reason: On CRAN ('test-table_cmt01a.R:62:1')"/>
    </testcase>
    <testcase time="1.13599999999997" classname="table_cmt01a" name="CMT01A_variant_3_is_produced_correctly"/>
    <testcase time="0.27800000000002" classname="table_cmt01a" name="CMT01A_variant_3_is_produced_correctly">
      <skipped message="Reason: On CRAN ('test-table_cmt01a.R:108:1')"/>
    </testcase>
    <testcase time="1.08799999999997" classname="table_cmt01a" name="CMT01A_variant_4_is_produced_correctly"/>
    <testcase time="0.214000000000055" classname="table_cmt01a" name="CMT01A_variant_4_is_produced_correctly">
      <skipped message="Reason: On CRAN ('test-table_cmt01a.R:151:1')"/>
    </testcase>
  </testsuite>
  <testsuite name="table_cmt01b" timestamp="2026-01-15T14:46:44Z" hostname="bcfe8967c3a5" tests="6" skipped="3" failures="0" errors="0" time="5.611">
    <testcase time="1.89400000000001" classname="table_cmt01b" name="CMT01B_variant_1_is_produced_correctly"/>
    <testcase time="0.346000000000004" classname="table_cmt01b" name="CMT01B_variant_1_is_produced_correctly">
      <skipped message="Reason: On CRAN ('test-table_cmt01b.R:17:1')"/>
    </testcase>
    <testcase time="1.12400000000002" classname="table_cmt01b" name="CMT01B_variant_2_is_produced_correctly"/>
    <testcase time="0.275999999999954" classname="table_cmt01b" name="CMT01B_variant_2_is_produced_correctly">
      <skipped message="Reason: On CRAN ('test-table_cmt01b.R:91:1')"/>
    </testcase>
    <testcase time="1.60000000000002" classname="table_cmt01b" name="CMT01B_variant_4_is_produced_correctly"/>
    <testcase time="0.370999999999981" classname="table_cmt01b" name="CMT01B_variant_4_is_produced_correctly">
      <skipped message="Reason: On CRAN ('test-table_cmt01b.R:149:1')"/>
    </testcase>
  </testsuite>
  <testsuite name="table_cmt02_pt" timestamp="2026-01-15T14:46:49Z" hostname="bcfe8967c3a5" tests="2" skipped="1" failures="0" errors="0" time="0.609">
    <testcase time="0.451000000000022" classname="table_cmt02_pt" name="CMT02_PT_default_variant_is_produced_correctly"/>
    <testcase time="0.158000000000015" classname="table_cmt02_pt" name="CMT02_PT_default_variant_is_produced_correctly">
      <skipped message="Reason: On CRAN ('test-table_cmt02_pt.R:16:1')"/>
    </testcase>
  </testsuite>
  <testsuite name="table_coxt01" timestamp="2026-01-15T14:46:50Z" hostname="bcfe8967c3a5" tests="8" skipped="4" failures="0" errors="0" time="1.974">
    <testcase time="0.31899999999996" classname="table_coxt01" name="1._Cox_Regression"/>
    <testcase time="0.0819999999999936" classname="table_coxt01" name="1._Cox_Regression">
      <skipped message="Reason: On CRAN ('test-table_coxt01.R:18:1')"/>
    </testcase>
    <testcase time="0.424000000000092" classname="table_coxt01" name="2._Cox_Regression_with_Interaction_Term_"/>
    <testcase time="0.0789999999999509" classname="table_coxt01" name="2._Cox_Regression_with_Interaction_Term_">
      <skipped message="Reason: On CRAN ('test-table_coxt01.R:34:1')"/>
    </testcase>
    <testcase time="0.452999999999975" classname="table_coxt01" name="3._Cox_Regression_specifying_covariates_"/>
    <testcase time="0.08299999999997" classname="table_coxt01" name="3._Cox_Regression_specifying_covariates_">
      <skipped message="Reason: On CRAN ('test-table_coxt01.R:53:1')"/>
    </testcase>
    <testcase time="0.451000000000022" classname="table_coxt01" name="4._Cox_Regression_setting_strata_ties_and_alpha_level_"/>
    <testcase time="0.0830000000000837" classname="table_coxt01" name="4._Cox_Regression_setting_strata_ties_and_alpha_level_">
      <skipped message="Reason: On CRAN ('test-table_coxt01.R:75:1')"/>
    </testcase>
  </testsuite>
  <testsuite name="table_coxt02" timestamp="2026-01-15T14:46:52Z" hostname="bcfe8967c3a5" tests="4" skipped="2" failures="0" errors="0" time="0.771">
    <testcase time="0.341999999999985" classname="table_coxt02" name="COXT02_default_variant_1_is_produced_correctly"/>
    <testcase time="0.0559999999999263" classname="table_coxt02" name="COXT02_default_variant_1_is_produced_correctly">
      <skipped message="Reason: On CRAN ('test-table_coxt02.R:19:1')"/>
    </testcase>
    <testcase time="0.322000000000003" classname="table_coxt02" name="COXT02_variant_5_is_produced_correctly"/>
    <testcase time="0.0510000000000446" classname="table_coxt02" name="COXT02_variant_5_is_produced_correctly">
      <skipped message="Reason: On CRAN ('test-table_coxt02.R:33:1')"/>
    </testcase>
  </testsuite>
  <testsuite name="table_disclosures" timestamp="2026-01-15T14:46:52Z" hostname="bcfe8967c3a5" tests="12" skipped="6" failures="0" errors="0" time="2.25">
    <testcase time="0.226999999999975" classname="table_disclosures" name="Patient_Disposition_table_is_produced_correctly"/>
    <testcase time="0.100999999999999" classname="table_disclosures" name="Patient_Disposition_table_is_produced_correctly">
      <skipped message="Reason: On CRAN ('test-table_disclosures.R:75:1')"/>
    </testcase>
    <testcase time="0.26400000000001" classname="table_disclosures" name="Demographic_table_is_produced_correctly"/>
    <testcase time="0.140999999999963" classname="table_disclosures" name="Demographic_table_is_produced_correctly">
      <skipped message="Reason: On CRAN ('test-table_disclosures.R:113:1')"/>
    </testcase>
    <testcase time="0.136000000000081" classname="table_disclosures" name="Enrollment_by_Country_Table_is_produced_correctly"/>
    <testcase time="0.0729999999999791" classname="table_disclosures" name="Enrollment_by_Country_Table_is_produced_correctly">
      <skipped message="Reason: On CRAN ('test-table_disclosures.R:134:1')"/>
    </testcase>
    <testcase time="0.120000000000005" classname="table_disclosures" name="Death_table_is_produced_correctly"/>
    <testcase time="0.04200000000003" classname="table_disclosures" name="Death_table_is_produced_correctly">
      <skipped message="Reason: On CRAN ('test-table_disclosures.R:146:1')"/>
    </testcase>
    <testcase time="0.435999999999922" classname="table_disclosures" name="Table_of_Serious_Adverse_Events_is_produced_correctly_for_one_specific_treatment_arm_"/>
    <testcase time="0.09800000000007" classname="table_disclosures" name="Table_of_Serious_Adverse_Events_is_produced_correctly_for_one_specific_treatment_arm_">
      <skipped message="Reason: On CRAN ('test-table_disclosures.R:164:1')"/>
    </testcase>
    <testcase time="0.507999999999925" classname="table_disclosures" name="Table_of_Non_Serious_Adverse_Events_is_produced_correctly"/>
    <testcase time="0.104000000000042" classname="table_disclosures" name="Table_of_Non_Serious_Adverse_Events_is_produced_correctly">
      <skipped message="Reason: On CRAN ('test-table_disclosures.R:192:1')"/>
    </testcase>
  </testsuite>
  <testsuite name="table_dmt01" timestamp="2026-01-15T14:46:56Z" hostname="bcfe8967c3a5" tests="10" skipped="5" failures="0" errors="0" time="3.087">
    <testcase time="1.22699999999998" classname="table_dmt01" name="DMT01_variant_1_is_produced_correctly"/>
    <testcase time="0.161000000000058" classname="table_dmt01" name="DMT01_variant_1_is_produced_correctly">
      <skipped message="Reason: On CRAN ('test-table_dmt01.R:69:1')"/>
    </testcase>
    <testcase time="0.288000000000011" classname="table_dmt01" name="DMT01_variant_2_is_produced_correctly"/>
    <testcase time="0.145999999999958" classname="table_dmt01" name="DMT01_variant_2_is_produced_correctly">
      <skipped message="Reason: On CRAN ('test-table_dmt01.R:93:1')"/>
    </testcase>
    <testcase time="0.343999999999937" classname="table_dmt01" name="DMT01_variant_3_is_produced_correctly"/>
    <testcase time="0.153999999999996" classname="table_dmt01" name="DMT01_variant_3_is_produced_correctly">
      <skipped message="Reason: On CRAN ('test-table_dmt01.R:116:1')"/>
    </testcase>
    <testcase time="0.305000000000064" classname="table_dmt01" name="DMT01_variant_4_is_produced_correctly"/>
    <testcase time="0.109000000000037" classname="table_dmt01" name="DMT01_variant_4_is_produced_correctly">
      <skipped message="Reason: On CRAN ('test-table_dmt01.R:135:1')"/>
    </testcase>
    <testcase time="0.257999999999925" classname="table_dmt01" name="DMT01_variant_5_is_produced_correctly"/>
    <testcase time="0.0950000000000273" classname="table_dmt01" name="DMT01_variant_5_is_produced_correctly">
      <skipped message="Reason: On CRAN ('test-table_dmt01.R:154:1')"/>
    </testcase>
  </testsuite>
  <testsuite name="table_dort01" timestamp="2026-01-15T14:46:58Z" hostname="bcfe8967c3a5" tests="8" skipped="4" failures="0" errors="0" time="1.823">
    <testcase time="0.392000000000053" classname="table_dort01" name="DORT01_variant_1_is_produced_correctly"/>
    <testcase time="0.113999999999919" classname="table_dort01" name="DORT01_variant_1_is_produced_correctly">
      <skipped message="Reason: On CRAN ('test-table_dort01.R:26:1')"/>
    </testcase>
    <testcase time="0.358000000000061" classname="table_dort01" name="DORT01_variant_2_selecting_sectons_is_produced_correctly"/>
    <testcase time="0.0810000000000173" classname="table_dort01" name="DORT01_variant_2_selecting_sectons_is_produced_correctly">
      <skipped message="Reason: On CRAN ('test-table_dort01.R:81:1')"/>
    </testcase>
    <testcase time="0.341999999999985" classname="table_dort01" name="DORT01_variant_3_modifying_conftype_and_alpha_level_is_produced_correctly"/>
    <testcase time="0.0779999999999745" classname="table_dort01" name="DORT01_variant_3_modifying_conftype_and_alpha_level_is_produced_correctly">
      <skipped message="Reason: On CRAN ('test-table_dort01.R:137:1')"/>
    </testcase>
    <testcase time="0.342999999999961" classname="table_dort01" name="DORT01_variant_4_modifying_time_point_for_the_xx_duration_is_produced_correctly"/>
    <testcase time="0.115000000000009" classname="table_dort01" name="DORT01_variant_4_modifying_time_point_for_the_xx_duration_is_produced_correctly">
      <skipped message="Reason: On CRAN ('test-table_dort01.R:193:1')"/>
    </testcase>
  </testsuite>
  <testsuite name="table_dst01" timestamp="2026-01-15T14:47:00Z" hostname="bcfe8967c3a5" tests="5" skipped="2" failures="0" errors="0" time="0.853">
    <testcase time="0.198000000000093" classname="table_dst01" name="DST01_default_variant_is_produced_correctly"/>
    <testcase time="0.0699999999999363" classname="table_dst01" name="DST01_default_variant_is_produced_correctly">
      <skipped message="Reason: On CRAN ('test-table_dst01.R:23:1')"/>
    </testcase>
    <testcase time="0.310000000000059" classname="table_dst01" name="DST01_variants_2_and_3_are_produced_correctly"/>
    <testcase time="0.187000000000012" classname="table_dst01" name="DST01_variants_2_and_3_are_produced_correctly"/>
    <testcase time="0.0879999999999654" classname="table_dst01" name="DST01_variants_2_and_3_are_produced_correctly">
      <skipped message="Reason: On CRAN ('test-table_dst01.R:47:1')"/>
    </testcase>
  </testsuite>
  <testsuite name="table_dtht01" timestamp="2026-01-15T14:47:00Z" hostname="bcfe8967c3a5" tests="8" skipped="4" failures="0" errors="0" time="1.43">
    <testcase time="0.16700000000003" classname="table_dtht01" name="DTHT01_variant_1_is_produced_correctly"/>
    <testcase time="0.0899999999999181" classname="table_dtht01" name="DTHT01_variant_1_is_produced_correctly">
      <skipped message="Reason: On CRAN ('test-table_dtht01.R:9:1')"/>
    </testcase>
    <testcase time="0.384000000000015" classname="table_dtht01" name="DTHT01_variant_2_is_produced_correctly"/>
    <testcase time="0.122000000000071" classname="table_dtht01" name="DTHT01_variant_2_is_produced_correctly">
      <skipped message="Reason: On CRAN ('test-table_dtht01.R:26:1')"/>
    </testcase>
    <testcase time="0.233999999999924" classname="table_dtht01" name="DTHT01_variant_3_is_produced_correctly"/>
    <testcase time="0.0740000000000691" classname="table_dtht01" name="DTHT01_variant_3_is_produced_correctly">
      <skipped message="Reason: On CRAN ('test-table_dtht01.R:63:1')"/>
    </testcase>
    <testcase time="0.245000000000005" classname="table_dtht01" name="DTHT01_variant_4_is_produced_correctly"/>
    <testcase time="0.113999999999919" classname="table_dtht01" name="DTHT01_variant_4_is_produced_correctly">
      <skipped message="Reason: On CRAN ('test-table_dtht01.R:107:1')"/>
    </testcase>
  </testsuite>
  <testsuite name="table_egt01" timestamp="2026-01-15T14:47:03Z" hostname="bcfe8967c3a5" tests="2" skipped="1" failures="0" errors="0" time="3.991">
    <testcase time="3.08300000000008" classname="table_egt01" name="EGT01_default_variant_is_produced_correctly"/>
    <testcase time="0.907999999999902" classname="table_egt01" name="EGT01_default_variant_is_produced_correctly">
      <skipped message="Reason: On CRAN ('test-table_egt01.R:13:1')"/>
    </testcase>
  </testsuite>
  <testsuite name="table_egt02" timestamp="2026-01-15T14:47:07Z" hostname="bcfe8967c3a5" tests="4" skipped="2" failures="0" errors="0" time="1.677">
    <testcase time="1.279" classname="table_egt02" name="_EGT02_1._Regardless_of_Abnormality_at_Baseline"/>
    <testcase time="0.09800000000007" classname="table_egt02" name="_EGT02_1._Regardless_of_Abnormality_at_Baseline">
      <skipped message="Reason: On CRAN ('test-table_egt02.R:18:1')"/>
    </testcase>
    <testcase time="0.240999999999985" classname="table_egt02" name="_EGT02_2._Among_Subjects_Without_Abnormality_at_Baseline"/>
    <testcase time="0.0589999999999691" classname="table_egt02" name="_EGT02_2._Among_Subjects_Without_Abnormality_at_Baseline">
      <skipped message="Reason: On CRAN ('test-table_egt02.R:38:1')"/>
    </testcase>
  </testsuite>
  <testsuite name="table_egt03" timestamp="2026-01-15T14:47:08Z" hostname="bcfe8967c3a5" tests="8" skipped="4" failures="0" errors="0" time="1.526">
    <testcase time="0.312000000000012" classname="table_egt03" name="EGT03_variant_1_is_produced_correctly"/>
    <testcase time="0.0990000000000464" classname="table_egt03" name="EGT03_variant_1_is_produced_correctly">
      <skipped message="Reason: On CRAN ('test-table_egt03.R:35:1')"/>
    </testcase>
    <testcase time="0.202999999999975" classname="table_egt03" name="EGT03_variant_2_is_produced_correctly"/>
    <testcase time="0.115999999999985" classname="table_egt03" name="EGT03_variant_2_is_produced_correctly">
      <skipped message="Reason: On CRAN ('test-table_egt03.R:60:1')"/>
    </testcase>
    <testcase time="0.26400000000001" classname="table_egt03" name="EGT03_variant_3_is_produced_correctly"/>
    <testcase time="0.136999999999944" classname="table_egt03" name="EGT03_variant_3_is_produced_correctly">
      <skipped message="Reason: On CRAN ('test-table_egt03.R:75:1')"/>
    </testcase>
    <testcase time="0.261000000000081" classname="table_egt03" name="EGT03_variant_4_is_produced_correctly"/>
    <testcase time="0.134000000000015" classname="table_egt03" name="EGT03_variant_4_is_produced_correctly">
      <skipped message="Reason: On CRAN ('test-table_egt03.R:101:1')"/>
    </testcase>
  </testsuite>
  <testsuite name="table_egt04" timestamp="2026-01-15T14:47:11Z" hostname="bcfe8967c3a5" tests="2" skipped="1" failures="0" errors="0" time="2.089">
    <testcase time="2.024" classname="table_egt04" name="EGT04_default_variant_is_produced_correctly"/>
    <testcase time="0.0649999999999409" classname="table_egt04" name="EGT04_default_variant_is_produced_correctly">
      <skipped message="Reason: On CRAN ('test-table_egt04.R:15:1')"/>
    </testcase>
  </testsuite>
  <testsuite name="table_egt05_qtcat" timestamp="2026-01-15T14:47:12Z" hostname="bcfe8967c3a5" tests="2" skipped="1" failures="0" errors="0" time="2.292">
    <testcase time="1.87099999999998" classname="table_egt05_qtcat" name="EGT05_QTCAT_default_variant_is_produced_correctly"/>
    <testcase time="0.421000000000049" classname="table_egt05_qtcat" name="EGT05_QTCAT_default_variant_is_produced_correctly">
      <skipped message="Reason: On CRAN ('test-table_egt05_qtcat.R:61:1')"/>
    </testcase>
  </testsuite>
  <testsuite name="table_ent" timestamp="2026-01-15T14:47:13Z" hostname="bcfe8967c3a5" tests="8" skipped="4" failures="0" errors="0" time="16.184">
    <testcase time="3.95399999999995" classname="table_ent" name="ENT01_IT_is_produced_correctly"/>
    <testcase time="0.557000000000016" classname="table_ent" name="ENT01_IT_is_produced_correctly">
      <skipped message="Reason: On CRAN ('test-table_ent.R:8:1')"/>
    </testcase>
    <testcase time="2.649" classname="table_ent" name="ENT01a_IT_is_produced_correctly"/>
    <testcase time="0.543000000000006" classname="table_ent" name="ENT01a_IT_is_produced_correctly">
      <skipped message="Reason: On CRAN ('test-table_ent.R:27:1')"/>
    </testcase>
    <testcase time="4.274" classname="table_ent" name="ENT02_IT_is_produced_correctly"/>
    <testcase time="0.642000000000053" classname="table_ent" name="ENT02_IT_is_produced_correctly">
      <skipped message="Reason: On CRAN ('test-table_ent.R:43:1')"/>
    </testcase>
    <testcase time="2.95999999999992" classname="table_ent" name="ENT02a_IT_is_produced_correctly"/>
    <testcase time="0.605000000000018" classname="table_ent" name="ENT02a_IT_is_produced_correctly">
      <skipped message="Reason: On CRAN ('test-table_ent.R:64:1')"/>
    </testcase>
  </testsuite>
  <testsuite name="table_eudrat01" timestamp="2026-01-15T14:47:30Z" hostname="bcfe8967c3a5" tests="2" skipped="1" failures="0" errors="0" time="0.785">
    <testcase time="0.640999999999963" classname="table_eudrat01" name="EUDRAT01_is_produced_correctly"/>
    <testcase time="0.144000000000005" classname="table_eudrat01" name="EUDRAT01_is_produced_correctly">
      <skipped message="Reason: On CRAN ('test-table_eudrat01.R:46:1')"/>
    </testcase>
  </testsuite>
  <testsuite name="table_eudrat02" timestamp="2026-01-15T14:47:30Z" hostname="bcfe8967c3a5" tests="2" skipped="1" failures="0" errors="0" time="0.602">
    <testcase time="0.521000000000072" classname="table_eudrat02" name="EUDRAT02_is_produced_correctly"/>
    <testcase time="0.0810000000000173" classname="table_eudrat02" name="EUDRAT02_is_produced_correctly">
      <skipped message="Reason: On CRAN ('test-table_eudrat02.R:15:1')"/>
    </testcase>
  </testsuite>
  <testsuite name="table_ext01" timestamp="2026-01-15T14:47:31Z" hostname="bcfe8967c3a5" tests="6" skipped="3" failures="0" errors="0" time="2.325">
    <testcase time="0.536999999999921" classname="table_ext01" name="EXT01_default_variant_with_numeric_parameters_is_produced_correctly"/>
    <testcase time="0.165000000000077" classname="table_ext01" name="EXT01_default_variant_with_numeric_parameters_is_produced_correctly">
      <skipped message="Reason: On CRAN ('test-table_ext01.R:73:1')"/>
    </testcase>
    <testcase time="0.379999999999995" classname="table_ext01" name="EXT01_variant_with_both_numeric_and_categorical_parameters"/>
    <testcase time="0.19399999999996" classname="table_ext01" name="EXT01_variant_with_both_numeric_and_categorical_parameters">
      <skipped message="Reason: On CRAN ('test-table_ext01.R:88:1')"/>
    </testcase>
    <testcase time="0.850999999999999" classname="table_ext01" name="EXT01_variant_with_user_specified_categories_for_missed_doses"/>
    <testcase time="0.197999999999979" classname="table_ext01" name="EXT01_variant_with_user_specified_categories_for_missed_doses">
      <skipped message="Reason: On CRAN ('test-table_ext01.R:132:1')"/>
    </testcase>
  </testsuite>
  <testsuite name="table_jnj_tbl1" timestamp="2026-01-15T14:47:33Z" hostname="bcfe8967c3a5" tests="2" skipped="1" failures="0" errors="0" time="0.29">
    <testcase time="0.205000000000041" classname="table_jnj_tbl1" name="DMT01_variant_factor_with_only_Missing_values"/>
    <testcase time="0.0850000000000364" classname="table_jnj_tbl1" name="DMT01_variant_factor_with_only_Missing_values">
      <skipped message="Reason: On CRAN ('test-table_jnj_tbl1.R:38:1')"/>
    </testcase>
  </testsuite>
  <testsuite name="table_lbt01" timestamp="2026-01-15T14:47:34Z" hostname="bcfe8967c3a5" tests="2" skipped="1" failures="0" errors="0" time="2.078">
    <testcase time="1.62399999999991" classname="table_lbt01" name="LBT01_default_variant_is_produced_correctly"/>
    <testcase time="0.454000000000065" classname="table_lbt01" name="LBT01_default_variant_is_produced_correctly">
      <skipped message="Reason: On CRAN ('test-table_lbt01.R:13:1')"/>
    </testcase>
  </testsuite>
  <testsuite name="table_lbt02" timestamp="2026-01-15T14:47:36Z" hostname="bcfe8967c3a5" tests="2" skipped="1" failures="0" errors="0" time="1.478">
    <testcase time="1.01499999999999" classname="table_lbt02" name="LBT02_default_variant_is_produced_correctly"/>
    <testcase time="0.462999999999965" classname="table_lbt02" name="LBT02_default_variant_is_produced_correctly">
      <skipped message="Reason: On CRAN ('test-table_lbt02.R:6:1')"/>
    </testcase>
  </testsuite>
  <testsuite name="table_lbt03" timestamp="2026-01-15T14:47:37Z" hostname="bcfe8967c3a5" tests="2" skipped="1" failures="0" errors="0" time="0.301">
    <testcase time="0.205000000000041" classname="table_lbt03" name="LBT03_default_variant_is_produced_correctly"/>
    <testcase time="0.0960000000000036" classname="table_lbt03" name="LBT03_default_variant_is_produced_correctly">
      <skipped message="Reason: On CRAN ('test-table_lbt03.R:6:1')"/>
    </testcase>
  </testsuite>
  <testsuite name="table_lbt04" timestamp="2026-01-15T14:47:38Z" hostname="bcfe8967c3a5" tests="2" skipped="1" failures="0" errors="0" time="1.291">
    <testcase time="1.125" classname="table_lbt04" name="LBT04_default_variant_is_produced_correctly"/>
    <testcase time="0.16599999999994" classname="table_lbt04" name="LBT04_default_variant_is_produced_correctly">
      <skipped message="Reason: On CRAN ('test-table_lbt04.R:16:1')"/>
    </testcase>
  </testsuite>
  <testsuite name="table_lbt05" timestamp="2026-01-15T14:47:39Z" hostname="bcfe8967c3a5" tests="6" skipped="3" failures="0" errors="0" time="7.455">
    <testcase time="2.35900000000004" classname="table_lbt05" name="LBT05_variant_1_is_produced_correctly"/>
    <testcase time="0.342999999999961" classname="table_lbt05" name="LBT05_variant_1_is_produced_correctly">
      <skipped message="Reason: On CRAN ('test-table_lbt05.R:63:1')"/>
    </testcase>
    <testcase time="1.76200000000006" classname="table_lbt05" name="LBT05_variant_2_is_produced_correctly"/>
    <testcase time="0.461999999999989" classname="table_lbt05" name="LBT05_variant_2_is_produced_correctly">
      <skipped message="Reason: On CRAN ('test-table_lbt05.R:88:1')"/>
    </testcase>
    <testcase time="2.18499999999995" classname="table_lbt05" name="LBT05_variant_4_is_produced_correctly"/>
    <testcase time="0.344000000000051" classname="table_lbt05" name="LBT05_variant_4_is_produced_correctly">
      <skipped message="Reason: On CRAN ('test-table_lbt05.R:110:1')"/>
    </testcase>
  </testsuite>
  <testsuite name="table_lbt06" timestamp="2026-01-15T14:47:46Z" hostname="bcfe8967c3a5" tests="2" skipped="1" failures="0" errors="0" time="0.598">
    <testcase time="0.456000000000017" classname="table_lbt06" name="LBT06_default_variant_is_produced_correctly"/>
    <testcase time="0.141999999999939" classname="table_lbt06" name="LBT06_default_variant_is_produced_correctly">
      <skipped message="Reason: On CRAN ('test-table_lbt06.R:7:1')"/>
    </testcase>
  </testsuite>
  <testsuite name="table_lbt07" timestamp="2026-01-15T14:47:47Z" hostname="bcfe8967c3a5" tests="2" skipped="1" failures="0" errors="0" time="2.858">
    <testcase time="2.53300000000002" classname="table_lbt07" name="LBT07_is_produced_correctly"/>
    <testcase time="0.325000000000045" classname="table_lbt07" name="LBT07_is_produced_correctly">
      <skipped message="Reason: On CRAN ('test-table_lbt07.R:57:1')"/>
    </testcase>
  </testsuite>
  <testsuite name="table_lbt08" timestamp="2026-01-15T14:47:50Z" hostname="bcfe8967c3a5" tests="2" skipped="1" failures="0" errors="0" time="0.464">
    <testcase time="0.338999999999942" classname="table_lbt08" name="LBT08_produce_correctly"/>
    <testcase time="0.125" classname="table_lbt08" name="LBT08_produce_correctly">
      <skipped message="Reason: On CRAN ('test-table_lbt08.R:19:1')"/>
    </testcase>
  </testsuite>
[...]
    <testcase time="4.99299999999994" classname="tsfecg01apart2" name="tsfecg01a">
      <skipped message="Reason: On CRAN ('test-tsfecg01apart2.R:1:1')"/>
    </testcase>
  </testsuite>
  <testsuite name="tsfecg01apart3" timestamp="2026-01-15T14:56:20Z" hostname="bcfe8967c3a5" tests="1" skipped="1" failures="0" errors="0" time="5.001">
    <testcase time="5.00099999999998" classname="tsfecg01apart3" name="tsfecg01a">
      <skipped message="Reason: On CRAN ('test-tsfecg01apart3.R:1:1')"/>
    </testcase>
  </testsuite>
  <testsuite name="tsfecg01part1" timestamp="2026-01-15T14:56:25Z" hostname="bcfe8967c3a5" tests="1" skipped="1" failures="0" errors="0" time="10.185">
    <testcase time="10.1850000000002" classname="tsfecg01part1" name="tsfecg01">
      <skipped message="Reason: On CRAN ('test-tsfecg01part1.R:1:1')"/>
    </testcase>
  </testsuite>
  <testsuite name="tsfecg01part2" timestamp="2026-01-15T14:56:35Z" hostname="bcfe8967c3a5" tests="1" skipped="1" failures="0" errors="0" time="9.344">
    <testcase time="9.34399999999982" classname="tsfecg01part2" name="tsfecg01">
      <skipped message="Reason: On CRAN ('test-tsfecg01part2.R:1:1')"/>
    </testcase>
  </testsuite>
  <testsuite name="tsfecg02" timestamp="2026-01-15T14:56:45Z" hostname="bcfe8967c3a5" tests="1" skipped="1" failures="0" errors="0" time="3.471">
    <testcase time="3.471" classname="tsfecg02" name="tsfecg02">
      <skipped message="Reason: On CRAN ('test-tsfecg02.R:1:1')"/>
    </testcase>
  </testsuite>
  <testsuite name="tsfecg03" timestamp="2026-01-15T14:56:48Z" hostname="bcfe8967c3a5" tests="1" skipped="1" failures="0" errors="0" time="0.645">
    <testcase time="0.644999999999982" classname="tsfecg03" name="tsfecg03">
      <skipped message="Reason: On CRAN ('test-tsfecg03.R:1:1')"/>
    </testcase>
  </testsuite>
  <testsuite name="tsfecg04" timestamp="2026-01-15T14:56:49Z" hostname="bcfe8967c3a5" tests="1" skipped="1" failures="0" errors="0" time="2.357">
    <testcase time="2.35699999999997" classname="tsfecg04" name="tsfecg04">
      <skipped message="Reason: On CRAN ('test-tsfecg04.R:1:1')"/>
    </testcase>
  </testsuite>
  <testsuite name="tsfecg05" timestamp="2026-01-15T14:56:51Z" hostname="bcfe8967c3a5" tests="1" skipped="1" failures="0" errors="0" time="1.48">
    <testcase time="1.48000000000002" classname="tsfecg05" name="tsfecg05">
      <skipped message="Reason: On CRAN ('test-tsfecg05.R:1:1')"/>
    </testcase>
  </testsuite>
  <testsuite name="tsflab01apart1" timestamp="2026-01-15T14:56:52Z" hostname="bcfe8967c3a5" tests="1" skipped="1" failures="0" errors="0" time="16.057">
    <testcase time="16.057" classname="tsflab01apart1" name="tsflab01a">
      <skipped message="Reason: On CRAN ('test-tsflab01apart1.R:1:1')"/>
    </testcase>
  </testsuite>
  <testsuite name="tsflab01apart2" timestamp="2026-01-15T14:57:09Z" hostname="bcfe8967c3a5" tests="1" skipped="1" failures="0" errors="0" time="14.685">
    <testcase time="14.6850000000002" classname="tsflab01apart2" name="tsflab01a">
      <skipped message="Reason: On CRAN ('test-tsflab01apart2.R:1:1')"/>
    </testcase>
  </testsuite>
  <testsuite name="tsflab01apart3" timestamp="2026-01-15T14:57:23Z" hostname="bcfe8967c3a5" tests="1" skipped="1" failures="0" errors="0" time="15.122">
    <testcase time="15.1219999999998" classname="tsflab01apart3" name="tsflab01a">
      <skipped message="Reason: On CRAN ('test-tsflab01apart3.R:1:1')"/>
    </testcase>
  </testsuite>
  <testsuite name="tsflab01part1" timestamp="2026-01-15T14:57:38Z" hostname="bcfe8967c3a5" tests="1" skipped="1" failures="0" errors="0" time="6.674">
    <testcase time="6.67399999999998" classname="tsflab01part1" name="tsflab01">
      <skipped message="Reason: On CRAN ('test-tsflab01part1.R:1:1')"/>
    </testcase>
  </testsuite>
  <testsuite name="tsflab01part2" timestamp="2026-01-15T14:57:45Z" hostname="bcfe8967c3a5" tests="1" skipped="1" failures="0" errors="0" time="6.094">
    <testcase time="6.09400000000005" classname="tsflab01part2" name="tsflab01">
      <skipped message="Reason: On CRAN ('test-tsflab01part2.R:1:1')"/>
    </testcase>
  </testsuite>
  <testsuite name="tsflab02" timestamp="2026-01-15T14:57:51Z" hostname="bcfe8967c3a5" tests="1" skipped="1" failures="0" errors="0" time="1.114">
    <testcase time="1.11400000000003" classname="tsflab02" name="tsflab02">
      <skipped message="Reason: On CRAN ('test-tsflab02.R:1:1')"/>
    </testcase>
  </testsuite>
  <testsuite name="tsflab02a" timestamp="2026-01-15T14:57:52Z" hostname="bcfe8967c3a5" tests="1" skipped="1" failures="0" errors="0" time="2.955">
    <testcase time="2.95499999999993" classname="tsflab02a" name="tsflab02a">
      <skipped message="Reason: On CRAN ('test-tsflab02a.R:1:1')"/>
    </testcase>
  </testsuite>
  <testsuite name="tsflab02b" timestamp="2026-01-15T14:57:55Z" hostname="bcfe8967c3a5" tests="1" skipped="1" failures="0" errors="0" time="2.485">
    <testcase time="2.48500000000013" classname="tsflab02b" name="tsflab02b">
      <skipped message="Reason: On CRAN ('test-tsflab02b.R:1:1')"/>
    </testcase>
  </testsuite>
  <testsuite name="tsflab03" timestamp="2026-01-15T14:57:58Z" hostname="bcfe8967c3a5" tests="1" skipped="1" failures="0" errors="0" time="3.784">
    <testcase time="3.78399999999988" classname="tsflab03" name="tsflab03">
      <skipped message="Reason: On CRAN ('test-tsflab03.R:1:1')"/>
    </testcase>
  </testsuite>
  <testsuite name="tsflab03a" timestamp="2026-01-15T14:58:01Z" hostname="bcfe8967c3a5" tests="1" skipped="0" failures="0" errors="1" time="0.027">
    <testcase time="0.0270000000000437" classname="tsflab03a" name="tsflab03a">
      <error type="error" message="Error in `base::get(toString(lib_arg), envir)`: object 'dpspath' not found ('test-tsflab03a.R:2:3')">Error in `base::get(toString(lib_arg), envir)`: object 'dpspath' not found
Backtrace:
     x
  1. +-testthat::expect_snapshot_file(...) at test-tsflab03a.R:2:3
  2. | \-testthat:::check_string(path)
  3. |   \-testthat:::.rlang_check_is_string(...)
  4. |     \-rlang::is_string(x)
  5. +-scda.test:::write_test_rtf_for("tsflab03a.R")
  6. | \-base::source(ipath) at ./helper.R:20:3
  7. |   +-base::withVisible(eval(ei, envir))
  8. |   \-base::eval(ei, envir)
  9. |     \-base::eval(ei, envir)
 10. \-envsetup::read_path(dpspath, "lbtoxgrade.xlsx")
 11.   \-base::get(toString(lib_arg), envir)</error>
    </testcase>
  </testsuite>
  <testsuite name="tsflab04a" timestamp="2026-01-15T14:58:01Z" hostname="bcfe8967c3a5" tests="1" skipped="1" failures="0" errors="0" time="3.007">
    <testcase time="3.00700000000006" classname="tsflab04a" name="tsflab04a">
      <skipped message="Reason: On CRAN ('test-tsflab04a.R:1:1')"/>
    </testcase>
  </testsuite>
  <testsuite name="tsflab04b" timestamp="2026-01-15T14:58:04Z" hostname="bcfe8967c3a5" tests="1" skipped="1" failures="0" errors="0" time="1.303">
    <testcase time="1.30299999999988" classname="tsflab04b" name="tsflab04b">
      <skipped message="Reason: On CRAN ('test-tsflab04b.R:1:1')"/>
    </testcase>
  </testsuite>
  <testsuite name="tsflab05" timestamp="2026-01-15T14:58:06Z" hostname="bcfe8967c3a5" tests="1" skipped="1" failures="0" errors="0" time="3.471">
    <testcase time="3.471" classname="tsflab05" name="tsflab05">
      <skipped message="Reason: On CRAN ('test-tsflab05.R:1:1')"/>
    </testcase>
  </testsuite>
  <testsuite name="tsflab06" timestamp="2026-01-15T14:58:09Z" hostname="bcfe8967c3a5" tests="1" skipped="1" failures="0" errors="0" time="3.708">
    <testcase time="3.70800000000008" classname="tsflab06" name="tsflab06">
      <skipped message="Reason: On CRAN ('test-tsflab06.R:1:1')"/>
    </testcase>
  </testsuite>
  <testsuite name="tsflab07" timestamp="2026-01-15T14:58:13Z" hostname="bcfe8967c3a5" tests="1" skipped="1" failures="0" errors="0" time="19.342">
    <testcase time="19.3420000000001" classname="tsflab07" name="tsflab07">
      <skipped message="Reason: On CRAN ('test-tsflab07.R:1:1')"/>
    </testcase>
  </testsuite>
  <testsuite name="tsfvit01apart1" timestamp="2026-01-15T14:58:32Z" hostname="bcfe8967c3a5" tests="1" skipped="1" failures="0" errors="0" time="7.51">
    <testcase time="7.50999999999999" classname="tsfvit01apart1" name="tsfvit01a">
      <skipped message="Reason: On CRAN ('test-tsfvit01apart1.R:1:1')"/>
    </testcase>
  </testsuite>
  <testsuite name="tsfvit01apart2" timestamp="2026-01-15T14:58:40Z" hostname="bcfe8967c3a5" tests="1" skipped="1" failures="0" errors="0" time="7.9">
    <testcase time="7.89999999999986" classname="tsfvit01apart2" name="tsfvit01a">
      <skipped message="Reason: On CRAN ('test-tsfvit01apart2.R:1:1')"/>
    </testcase>
  </testsuite>
  <testsuite name="tsfvit01apart3" timestamp="2026-01-15T14:58:48Z" hostname="bcfe8967c3a5" tests="1" skipped="1" failures="0" errors="0" time="6.895">
    <testcase time="6.89499999999998" classname="tsfvit01apart3" name="tsfvit01a">
      <skipped message="Reason: On CRAN ('test-tsfvit01apart3.R:1:1')"/>
    </testcase>
  </testsuite>
  <testsuite name="tsfvit01apart4" timestamp="2026-01-15T14:58:55Z" hostname="bcfe8967c3a5" tests="1" skipped="1" failures="0" errors="0" time="6.998">
    <testcase time="6.99800000000005" classname="tsfvit01apart4" name="tsfvit01a">
      <skipped message="Reason: On CRAN ('test-tsfvit01apart4.R:1:1')"/>
    </testcase>
  </testsuite>
  <testsuite name="tsfvit01part1" timestamp="2026-01-15T14:59:02Z" hostname="bcfe8967c3a5" tests="1" skipped="1" failures="0" errors="0" time="3.499">
    <testcase time="3.49900000000002" classname="tsfvit01part1" name="tsfvit01">
      <skipped message="Reason: On CRAN ('test-tsfvit01part1.R:1:1')"/>
    </testcase>
  </testsuite>
  <testsuite name="tsfvit01part2" timestamp="2026-01-15T14:59:05Z" hostname="bcfe8967c3a5" tests="1" skipped="1" failures="0" errors="0" time="3.527">
    <testcase time="3.52700000000004" classname="tsfvit01part2" name="tsfvit01">
      <skipped message="Reason: On CRAN ('test-tsfvit01part2.R:1:1')"/>
    </testcase>
  </testsuite>
  <testsuite name="tsfvit01part3" timestamp="2026-01-15T14:59:09Z" hostname="bcfe8967c3a5" tests="1" skipped="1" failures="0" errors="0" time="3.601">
    <testcase time="3.60099999999989" classname="tsfvit01part3" name="tsfvit01">
      <skipped message="Reason: On CRAN ('test-tsfvit01part3.R:1:1')"/>
    </testcase>
  </testsuite>
  <testsuite name="tsfvit01part4" timestamp="2026-01-15T14:59:12Z" hostname="bcfe8967c3a5" tests="1" skipped="1" failures="0" errors="0" time="3.603">
    <testcase time="3.60300000000007" classname="tsfvit01part4" name="tsfvit01">
      <skipped message="Reason: On CRAN ('test-tsfvit01part4.R:1:1')"/>
    </testcase>
  </testsuite>
  <testsuite name="tsfvit02" timestamp="2026-01-15T14:59:16Z" hostname="bcfe8967c3a5" tests="1" skipped="1" failures="0" errors="0" time="0.784">
    <testcase time="0.784000000000106" classname="tsfvit02" name="tsfvit02">
      <skipped message="Reason: On CRAN ('test-tsfvit02.R:1:1')"/>
    </testcase>
  </testsuite>
  <testsuite name="tsfvit03" timestamp="2026-01-15T14:59:17Z" hostname="bcfe8967c3a5" tests="1" skipped="1" failures="0" errors="0" time="0.779">
    <testcase time="0.778999999999996" classname="tsfvit03" name="tsfvit03">
      <skipped message="Reason: On CRAN ('test-tsfvit03.R:1:1')"/>
    </testcase>
  </testsuite>
  <testsuite name="tsfvit04" timestamp="2026-01-15T14:59:17Z" hostname="bcfe8967c3a5" tests="1" skipped="1" failures="0" errors="0" time="0.758">
    <testcase time="0.757999999999811" classname="tsfvit04" name="tsfvit04">
      <skipped message="Reason: On CRAN ('test-tsfvit04.R:1:1')"/>
    </testcase>
  </testsuite>
  <testsuite name="tsfvit05" timestamp="2026-01-15T14:59:18Z" hostname="bcfe8967c3a5" tests="1" skipped="1" failures="0" errors="0" time="2.148">
    <testcase time="2.14800000000014" classname="tsfvit05" name="tsfvit05">
      <skipped message="Reason: On CRAN ('test-tsfvit05.R:1:1')"/>
    </testcase>
  </testsuite>
  <testsuite name="tsfvit06" timestamp="2026-01-15T14:59:20Z" hostname="bcfe8967c3a5" tests="1" skipped="1" failures="0" errors="0" time="0.709">
    <testcase time="0.708999999999833" classname="tsfvit06" name="tsfvit06">
      <skipped message="Reason: On CRAN ('test-tsfvit06.R:1:1')"/>
    </testcase>
  </testsuite>
  <testsuite name="tsicm01" timestamp="2026-01-15T14:59:21Z" hostname="bcfe8967c3a5" tests="1" skipped="1" failures="0" errors="0" time="6.499">
    <testcase time="6.49900000000002" classname="tsicm01" name="tsicm01">
      <skipped message="Reason: On CRAN ('test-tsicm01.R:1:1')"/>
    </testcase>
  </testsuite>
  <testsuite name="tsicm02" timestamp="2026-01-15T14:59:27Z" hostname="bcfe8967c3a5" tests="1" skipped="1" failures="0" errors="0" time="6.052">
    <testcase time="6.05200000000013" classname="tsicm02" name="tsicm02">
      <skipped message="Reason: On CRAN ('test-tsicm02.R:1:1')"/>
    </testcase>
  </testsuite>
  <testsuite name="tsicm03" timestamp="2026-01-15T14:59:34Z" hostname="bcfe8967c3a5" tests="1" skipped="1" failures="0" errors="0" time="4.325">
    <testcase time="4.32500000000005" classname="tsicm03" name="tsicm03">
      <skipped message="Reason: On CRAN ('test-tsicm03.R:1:1')"/>
    </testcase>
  </testsuite>
  <testsuite name="tsicm04" timestamp="2026-01-15T14:59:38Z" hostname="bcfe8967c3a5" tests="1" skipped="1" failures="0" errors="0" time="4.33">
    <testcase time="4.32999999999993" classname="tsicm04" name="tsicm04">
      <skipped message="Reason: On CRAN ('test-tsicm04.R:1:1')"/>
    </testcase>
  </testsuite>
  <testsuite name="tsicm05" timestamp="2026-01-15T14:59:42Z" hostname="bcfe8967c3a5" tests="1" skipped="1" failures="0" errors="0" time="8.039">
    <testcase time="8.03899999999999" classname="tsicm05" name="tsicm05">
      <skipped message="Reason: On CRAN ('test-tsicm05.R:1:1')"/>
    </testcase>
  </testsuite>
  <testsuite name="tsicm06" timestamp="2026-01-15T14:59:50Z" hostname="bcfe8967c3a5" tests="1" skipped="1" failures="0" errors="0" time="8.176">
    <testcase time="8.17599999999993" classname="tsicm06" name="tsicm06">
      <skipped message="Reason: On CRAN ('test-tsicm06.R:1:1')"/>
    </testcase>
  </testsuite>
  <testsuite name="tsicm07" timestamp="2026-01-15T14:59:58Z" hostname="bcfe8967c3a5" tests="1" skipped="1" failures="0" errors="0" time="1.222">
    <testcase time="1.22199999999998" classname="tsicm07" name="tsicm07">
      <skipped message="Reason: On CRAN ('test-tsicm07.R:1:1')"/>
    </testcase>
  </testsuite>
  <testsuite name="tsicm08" timestamp="2026-01-15T15:00:00Z" hostname="bcfe8967c3a5" tests="1" skipped="1" failures="0" errors="0" time="0.732">
    <testcase time="0.731999999999971" classname="tsicm08" name="tsicm08">
      <skipped message="Reason: On CRAN ('test-tsicm08.R:1:1')"/>
    </testcase>
  </testsuite>
  <testsuite name="tsidem01" timestamp="2026-01-15T15:00:00Z" hostname="bcfe8967c3a5" tests="1" skipped="1" failures="0" errors="0" time="2.586">
    <testcase time="2.58600000000001" classname="tsidem01" name="tsidem01">
      <skipped message="Reason: On CRAN ('test-tsidem01.R:1:1')"/>
    </testcase>
  </testsuite>
  <testsuite name="tsidem02" timestamp="2026-01-15T15:00:03Z" hostname="bcfe8967c3a5" tests="1" skipped="1" failures="0" errors="0" time="0.853">
    <testcase time="0.853000000000065" classname="tsidem02" name="tsidem02">
      <skipped message="Reason: On CRAN ('test-tsidem02.R:1:1')"/>
    </testcase>
  </testsuite>
  <testsuite name="tsids01" timestamp="2026-01-15T15:00:04Z" hostname="bcfe8967c3a5" tests="1" skipped="1" failures="0" errors="0" time="0.425">
    <testcase time="0.424999999999955" classname="tsids01" name="tsids01">
      <skipped message="Reason: On CRAN ('test-tsids01.R:1:1')"/>
    </testcase>
  </testsuite>
  <testsuite name="tsids02" timestamp="2026-01-15T15:00:04Z" hostname="bcfe8967c3a5" tests="1" skipped="1" failures="0" errors="0" time="1.699">
    <testcase time="1.69900000000007" classname="tsids02" name="tsids02">
      <skipped message="Reason: On CRAN ('test-tsids02.R:1:1')"/>
    </testcase>
  </testsuite>
  <testsuite name="tsids02a" timestamp="2026-01-15T15:00:06Z" hostname="bcfe8967c3a5" tests="1" skipped="1" failures="0" errors="0" time="8.591">
    <testcase time="8.59100000000012" classname="tsids02a" name="tsids02a">
      <skipped message="Reason: On CRAN ('test-tsids02a.R:1:1')"/>
    </testcase>
  </testsuite>
  <testsuite name="tsiex01" timestamp="2026-01-15T15:00:15Z" hostname="bcfe8967c3a5" tests="1" skipped="1" failures="0" errors="0" time="1.701">
    <testcase time="1.70099999999979" classname="tsiex01" name="tsiex01">
      <skipped message="Reason: On CRAN ('test-tsiex01.R:1:1')"/>
    </testcase>
  </testsuite>
  <testsuite name="tsiex02" timestamp="2026-01-15T15:00:16Z" hostname="bcfe8967c3a5" tests="1" skipped="1" failures="0" errors="0" time="1.51">
    <testcase time="1.50999999999999" classname="tsiex02" name="tsiex02">
      <skipped message="Reason: On CRAN ('test-tsiex02.R:1:1')"/>
    </testcase>
  </testsuite>
  <testsuite name="tsiex03" timestamp="2026-01-15T15:00:18Z" hostname="bcfe8967c3a5" tests="1" skipped="1" failures="0" errors="0" time="1.201">
    <testcase time="1.20100000000002" classname="tsiex03" name="tsiex03">
      <skipped message="Reason: On CRAN ('test-tsiex03.R:1:1')"/>
    </testcase>
  </testsuite>
  <testsuite name="tsiex04" timestamp="2026-01-15T15:00:19Z" hostname="bcfe8967c3a5" tests="1" skipped="1" failures="0" errors="0" time="1.043">
    <testcase time="1.04300000000012" classname="tsiex04" name="tsiex04">
      <skipped message="Reason: On CRAN ('test-tsiex04.R:1:1')"/>
    </testcase>
  </testsuite>
  <testsuite name="tsiex06" timestamp="2026-01-15T15:00:20Z" hostname="bcfe8967c3a5" tests="1" skipped="1" failures="0" errors="0" time="0.476">
    <testcase time="0.475999999999885" classname="tsiex06" name="tsiex06">
      <skipped message="Reason: On CRAN ('test-tsiex06.R:1:1')"/>
    </testcase>
  </testsuite>
  <testsuite name="tsiex07" timestamp="2026-01-15T15:00:20Z" hostname="bcfe8967c3a5" tests="1" skipped="1" failures="0" errors="0" time="0.733">
    <testcase time="0.733000000000175" classname="tsiex07" name="tsiex07">
      <skipped message="Reason: On CRAN ('test-tsiex07.R:1:1')"/>
    </testcase>
  </testsuite>
  <testsuite name="tsiex08" timestamp="2026-01-15T15:00:21Z" hostname="bcfe8967c3a5" tests="1" skipped="1" failures="0" errors="0" time="1.515">
    <testcase time="1.51499999999987" classname="tsiex08" name="tsiex08">
      <skipped message="Reason: On CRAN ('test-tsiex08.R:1:1')"/>
    </testcase>
  </testsuite>
  <testsuite name="tsiex09" timestamp="2026-01-15T15:00:23Z" hostname="bcfe8967c3a5" tests="1" skipped="1" failures="0" errors="0" time="0.712">
    <testcase time="0.711999999999989" classname="tsiex09" name="tsiex09">
      <skipped message="Reason: On CRAN ('test-tsiex09.R:1:1')"/>
    </testcase>
  </testsuite>
  <testsuite name="tsiex10" timestamp="2026-01-15T15:00:23Z" hostname="bcfe8967c3a5" tests="1" skipped="1" failures="0" errors="0" time="0.748">
    <testcase time="0.748000000000047" classname="tsiex10" name="tsiex10">
      <skipped message="Reason: On CRAN ('test-tsiex10.R:1:1')"/>
    </testcase>
  </testsuite>
  <testsuite name="tsiex11" timestamp="2026-01-15T15:00:24Z" hostname="bcfe8967c3a5" tests="1" skipped="1" failures="0" errors="0" time="3.481">
    <testcase time="3.48099999999999" classname="tsiex11" name="tsiex11">
      <skipped message="Reason: On CRAN ('test-tsiex11.R:1:1')"/>
    </testcase>
  </testsuite>
  <testsuite name="tsimh01" timestamp="2026-01-15T15:00:28Z" hostname="bcfe8967c3a5" tests="1" skipped="1" failures="0" errors="0" time="1.321">
    <testcase time="1.32099999999991" classname="tsimh01" name="tsimh01">
      <skipped message="Reason: On CRAN ('test-tsimh01.R:1:1')"/>
    </testcase>
  </testsuite>
</testsuites>
