<?xml version="1.0" encoding="UTF-8"?>
<testsuites>
  <testsuite name="listing_adal02" timestamp="2024-11-28T06:26:15Z" hostname="1408123010a8" tests="1" skipped="0" failures="0" errors="0" time="0.261">
    <testcase time="0.261" classname="listing_adal02" name="ADAL02_listing_is_produced_correctly"/>
  </testsuite>
  <testsuite name="listing_ael01" timestamp="2024-11-28T06:26:15Z" hostname="1408123010a8" tests="1" skipped="0" failures="0" errors="0" time="0.197">
    <testcase time="0.196999999999999" classname="listing_ael01" name="AEL01_listing_is_produced_correctly"/>
  </testsuite>
  <testsuite name="listing_ael01_nollt" timestamp="2024-11-28T06:26:15Z" hostname="1408123010a8" tests="1" skipped="0" failures="0" errors="0" time="0.072">
    <testcase time="0.072000000000001" classname="listing_ael01_nollt" name="AEL01_NOLLT_listing_is_produced_correctly"/>
  </testsuite>
  <testsuite name="listing_ael02" timestamp="2024-11-28T06:26:15Z" hostname="1408123010a8" tests="1" skipped="0" failures="0" errors="0" time="0.292">
    <testcase time="0.292" classname="listing_ael02" name="AEL02_listing_is_produced_correctly"/>
  </testsuite>
  <testsuite name="listing_ael02_ed" timestamp="2024-11-28T06:26:16Z" hostname="1408123010a8" tests="1" skipped="0" failures="0" errors="0" time="0.331">
    <testcase time="0.331" classname="listing_ael02_ed" name="AEL02_ED_listing_is_produced_correctly"/>
  </testsuite>
  <testsuite name="listing_ael03" timestamp="2024-11-28T06:26:16Z" hostname="1408123010a8" tests="1" skipped="0" failures="0" errors="0" time="0.275">
    <testcase time="0.275" classname="listing_ael03" name="AEL03_listing_is_produced_correctly"/>
  </testsuite>
  <testsuite name="listing_ael04" timestamp="2024-11-28T06:26:16Z" hostname="1408123010a8" tests="1" skipped="0" failures="0" errors="0" time="0.203">
    <testcase time="0.202999999999999" classname="listing_ael04" name="AEL04_listing_is_produced_correctly"/>
  </testsuite>
  <testsuite name="listing_cml01" timestamp="2024-11-28T06:26:16Z" hostname="1408123010a8" tests="1" skipped="0" failures="0" errors="0" time="0.333">
    <testcase time="0.333" classname="listing_cml01" name="CML01_listing_is_produced_correctly"/>
  </testsuite>
  <testsuite name="listing_cml02a_gl" timestamp="2024-11-28T06:26:17Z" hostname="1408123010a8" tests="1" skipped="0" failures="0" errors="0" time="0.115">
    <testcase time="0.115" classname="listing_cml02a_gl" name="CML02A_GL_listing_is_produced_correctly"/>
  </testsuite>
  <testsuite name="listing_cml02b_gl" timestamp="2024-11-28T06:26:17Z" hostname="1408123010a8" tests="1" skipped="0" failures="0" errors="0" time="0.173">
    <testcase time="0.173" classname="listing_cml02b_gl" name="CML02B_GL_listing_is_produced_correctly"/>
  </testsuite>
  <testsuite name="listing_dsl01" timestamp="2024-11-28T06:26:17Z" hostname="1408123010a8" tests="1" skipped="0" failures="0" errors="0" time="0.18">
    <testcase time="0.18" classname="listing_dsl01" name="DSL01_listing_is_produced_correctly"/>
  </testsuite>
  <testsuite name="listing_dsl02" timestamp="2024-11-28T06:26:17Z" hostname="1408123010a8" tests="1" skipped="0" failures="0" errors="0" time="0.073">
    <testcase time="0.0730000000000004" classname="listing_dsl02" name="DSL02_listing_is_produced_correctly"/>
  </testsuite>
  <testsuite name="listing_dsur4" timestamp="2024-11-28T06:26:17Z" hostname="1408123010a8" tests="1" skipped="0" failures="0" errors="0" time="0.111">
    <testcase time="0.111000000000001" classname="listing_dsur4" name="DSUR4_listing_is_produced_correctly"/>
  </testsuite>
  <testsuite name="listing_egl01" timestamp="2024-11-28T06:26:17Z" hostname="1408123010a8" tests="1" skipped="0" failures="0" errors="0" time="0.405">
    <testcase time="0.404999999999999" classname="listing_egl01" name="EGL01_listing_is_produced_correctly"/>
  </testsuite>
  <testsuite name="listing_exl01" timestamp="2024-11-28T06:26:18Z" hostname="1408123010a8" tests="1" skipped="0" failures="0" errors="0" time="0.221">
    <testcase time="0.221" classname="listing_exl01" name="EXL01_listing_is_produced_correctly"/>
  </testsuite>
  <testsuite name="listing_lbl01" timestamp="2024-11-28T06:26:18Z" hostname="1408123010a8" tests="1" skipped="0" failures="0" errors="0" time="0.533">
    <testcase time="0.532999999999999" classname="listing_lbl01" name="LBL01_listing_is_produced_correctly"/>
  </testsuite>
  <testsuite name="listing_lbl01_rls" timestamp="2024-11-28T06:26:19Z" hostname="1408123010a8" tests="1" skipped="0" failures="0" errors="0" time="0.529">
    <testcase time="0.529" classname="listing_lbl01_rls" name="LBL01_RLS_listing_is_produced_correctly"/>
  </testsuite>
  <testsuite name="listing_lbl02a" timestamp="2024-11-28T06:26:19Z" hostname="1408123010a8" tests="1" skipped="0" failures="0" errors="0" time="0.255">
    <testcase time="0.255000000000001" classname="listing_lbl02a" name="LBL02A_listing_is_produced_correctly"/>
  </testsuite>
  <testsuite name="listing_lbl02a_rls" timestamp="2024-11-28T06:26:19Z" hostname="1408123010a8" tests="1" skipped="0" failures="0" errors="0" time="0.79">
    <testcase time="0.790000000000001" classname="listing_lbl02a_rls" name="LBL02A_RLS_listing_is_produced_correctly"/>
  </testsuite>
  <testsuite name="listing_lbl02b" timestamp="2024-11-28T06:26:20Z" hostname="1408123010a8" tests="1" skipped="0" failures="0" errors="0" time="0.289">
    <testcase time="0.289" classname="listing_lbl02b" name="LBL02B_listing_is_produced_correctly"/>
  </testsuite>
  <testsuite name="listing_mhl01" timestamp="2024-11-28T06:26:20Z" hostname="1408123010a8" tests="1" skipped="0" failures="0" errors="0" time="0.246">
    <testcase time="0.245999999999999" classname="listing_mhl01" name="MHL01_listing_is_produced_correctly"/>
  </testsuite>
  <testsuite name="listing_oncl01" timestamp="2024-11-28T06:26:21Z" hostname="1408123010a8" tests="1" skipped="0" failures="0" errors="0" time="0.254">
    <testcase time="0.254" classname="listing_oncl01" name="ONCL01_listing_is_produced_correctly"/>
  </testsuite>
  <testsuite name="listing_pkcl01" timestamp="2024-11-28T06:26:21Z" hostname="1408123010a8" tests="1" skipped="0" failures="0" errors="0" time="0.195">
    <testcase time="0.195" classname="listing_pkcl01" name="PKCL01_listing_is_produced_correctly"/>
  </testsuite>
  <testsuite name="listing_pkcl02" timestamp="2024-11-28T06:26:21Z" hostname="1408123010a8" tests="1" skipped="0" failures="0" errors="0" time="0.2">
    <testcase time="0.199999999999999" classname="listing_pkcl02" name="PKCL02_listing_is_produced_correctly"/>
  </testsuite>
  <testsuite name="listing_pkpl01" timestamp="2024-11-28T06:26:21Z" hostname="1408123010a8" tests="1" skipped="0" failures="0" errors="0" time="0.236">
    <testcase time="0.236000000000001" classname="listing_pkpl01" name="PKPL01_listing_is_produced_correctly"/>
  </testsuite>
  <testsuite name="listing_pkpl02" timestamp="2024-11-28T06:26:22Z" hostname="1408123010a8" tests="1" skipped="0" failures="0" errors="0" time="0.154">
    <testcase time="0.154" classname="listing_pkpl02" name="PKPL02_listing_is_produced_correctly"/>
  </testsuite>
  <testsuite name="listing_pkpl04" timestamp="2024-11-28T06:26:22Z" hostname="1408123010a8" tests="1" skipped="0" failures="0" errors="0" time="0.205">
    <testcase time="0.205" classname="listing_pkpl04" name="PKPL04_listing_is_produced_correctly"/>
  </testsuite>
  <testsuite name="listing_vsl01" timestamp="2024-11-28T06:26:22Z" hostname="1408123010a8" tests="1" skipped="0" failures="0" errors="0" time="0.428">
    <testcase time="0.427999999999999" classname="listing_vsl01" name="VSL01_listing_is_produced_correctly"/>
  </testsuite>
  <testsuite name="pagination_listing" timestamp="2024-11-28T06:26:22Z" hostname="1408123010a8" tests="13" skipped="0" failures="0" errors="0" time="5.694">
    <testcase time="0.0300000000000011" classname="pagination_listing" name="Direct_pagination_works_fine"/>
    <testcase time="0.956000000000001" classname="pagination_listing" name="Direct_pagination_works_fine"/>
    <testcase time="0.00300000000000011" classname="pagination_listing" name="Direct_pagination_works_fine"/>
    <testcase time="0.869999999999997" classname="pagination_listing" name="Direct_pagination_works_fine"/>
    <testcase time="1.212" classname="pagination_listing" name="Direct_pagination_works_fine"/>
    <testcase time="1.288" classname="pagination_listing" name="pagination_counts_the_right_number_of_lines_when_wrapping_on_keycols_is_present"/>
    <testcase time="0.00600000000000023" classname="pagination_listing" name="pagination_counts_the_right_number_of_lines_when_wrapping_on_keycols_is_present"/>
    <testcase time="0.00499999999999901" classname="pagination_listing" name="pagination_counts_the_right_number_of_lines_when_wrapping_on_keycols_is_present"/>
    <testcase time="0.00300000000000011" classname="pagination_listing" name="pagination_counts_the_right_number_of_lines_when_wrapping_on_keycols_is_present"/>
    <testcase time="1.309" classname="pagination_listing" name="pagination_counts_the_right_number_of_lines_when_wrapping_on_keycols_is_present"/>
    <testcase time="0.00499999999999901" classname="pagination_listing" name="pagination_counts_the_right_number_of_lines_when_wrapping_on_keycols_is_present"/>
    <testcase time="0.00400000000000134" classname="pagination_listing" name="pagination_counts_the_right_number_of_lines_when_wrapping_on_keycols_is_present"/>
    <testcase time="0.00300000000000011" classname="pagination_listing" name="pagination_counts_the_right_number_of_lines_when_wrapping_on_keycols_is_present"/>
  </testsuite>
  <testsuite name="pagination_table" timestamp="2024-11-28T06:26:29Z" hostname="1408123010a8" tests="15" skipped="0" failures="0" errors="4" time="7.55">
    <testcase time="1.394" classname="pagination_table" name="Direct_pagination_with_standard_values">
      <error type="error" message="Error in `if (length(which_is_fist_nzchar) == 1 &amp;&amp; which_is_fist_nzchar &gt;  ('test-pagination_table.R:62:3')">Error in `if (length(which_is_fist_nzchar) == 1 &amp;&amp; which_is_fist_nzchar &gt; 
    1) {
    tl &lt;- tl[-seq(which_is_fist_nzchar)]
}`: missing value where TRUE/FALSE needed
Backtrace:
     x
  1. +-testthat::expect_silent(paginate_table(raw_result, font_size = 12)) at test-pagination_table.R:62:3
  2. | \-testthat:::quasi_capture(enquo(object), NULL, evaluate_promise)
  3. |   +-testthat (local) .capture(...)
  4. |   | +-withr::with_output_sink(...)
  5. |   | | \-base::force(code)
  6. |   | +-base::withCallingHandlers(...)
  7. |   | \-base::withVisible(code)
  8. |   \-rlang::eval_bare(quo_get_expr(.quo), quo_get_env(.quo))
  9. \-rtables::paginate_table(raw_result, font_size = 12)
 10.   +-formatters::propose_column_widths(...)
 11.   | \-methods::is(x, "MatrixPrintForm")
 12.   +-formatters::matrix_form(...)
 13.   \-rtables::matrix_form(...)
 14.     \-formatters::MatrixPrintForm(...)
 15.       \-formatters:::mform_handle_newlines(ret)</error>
    </testcase>
    <testcase time="0.215000000000003" classname="pagination_table" name="Pagination_with_specific_column_widths_and_minimum_lines_per_page">
      <error type="error" message="Error in `if (length(which_is_fist_nzchar) == 1 &amp;&amp; which_is_fist_nzchar &gt;  ('test-pagination_table.R:69:3')">Error in `if (length(which_is_fist_nzchar) == 1 &amp;&amp; which_is_fist_nzchar &gt; 
    1) {
    tl &lt;- tl[-seq(which_is_fist_nzchar)]
}`: missing value where TRUE/FALSE needed
Backtrace:
    x
 1. \-formatters::propose_column_widths(raw_result) at test-pagination_table.R:69:3
 2.   +-formatters::matrix_form(...)
 3.   \-rtables::matrix_form(...)
 4.     \-formatters::MatrixPrintForm(...)
 5.       \-formatters:::mform_handle_newlines(ret)</error>
    </testcase>
    <testcase time="0.494999999999997" classname="pagination_table" name="Pagination_works_also_if_table_is_decorated">
      <error type="error" message="Error in `if (length(which_is_fist_nzchar) == 1 &amp;&amp; which_is_fist_nzchar &gt;  ('test-pagination_table.R:99:3')">Error in `if (length(which_is_fist_nzchar) == 1 &amp;&amp; which_is_fist_nzchar &gt; 
    1) {
    tl &lt;- tl[-seq(which_is_fist_nzchar)]
}`: missing value where TRUE/FALSE needed
Backtrace:
     x
  1. +-testthat::expect_silent(paginate_table(raw_result, lpp = 13)) at test-pagination_table.R:99:3
  2. | \-testthat:::quasi_capture(enquo(object), NULL, evaluate_promise)
  3. |   +-testthat (local) .capture(...)
  4. |   | +-withr::with_output_sink(...)
  5. |   | | \-base::force(code)
  6. |   | +-base::withCallingHandlers(...)
  7. |   | \-base::withVisible(code)
  8. |   \-rlang::eval_bare(quo_get_expr(.quo), quo_get_env(.quo))
  9. \-rtables::paginate_table(raw_result, lpp = 13)
 10.   +-formatters::propose_column_widths(...)
 11.   | \-methods::is(x, "MatrixPrintForm")
 12.   +-formatters::matrix_form(...)
 13.   \-rtables::matrix_form(...)
 14.     \-formatters::MatrixPrintForm(...)
 15.       \-formatters:::mform_handle_newlines(ret)</error>
    </testcase>
    <testcase time="0.926000000000002" classname="pagination_table" name="Pagination_works_for_page_types"/>
    <testcase time="0.0820000000000007" classname="pagination_table" name="Pagination_works_for_page_types"/>
    <testcase time="0.667999999999999" classname="pagination_table" name="Pagination_works_for_page_types"/>
    <testcase time="0.0799999999999983" classname="pagination_table" name="Pagination_works_for_page_types"/>
    <testcase time="0.628" classname="pagination_table" name="Pagination_works_for_page_types"/>
    <testcase time="0.388999999999999" classname="pagination_table" name="Pagination_works_for_page_types"/>
    <testcase time="0.694000000000003" classname="pagination_table" name="Pagination_works_for_page_width_and_height"/>
    <testcase time="0.122" classname="pagination_table" name="Pagination_works_for_page_width_and_height"/>
    <testcase time="0.77" classname="pagination_table" name="Pagination_works_for_page_types"/>
    <testcase time="0.155999999999999" classname="pagination_table" name="Pagination_works_for_page_types"/>
    <testcase time="0.777000000000001" classname="pagination_table" name="AET04_variant_2_page_by_pagination_tests"/>
    <testcase time="0.154" classname="pagination_table" name="AET04_variant_2_page_by_pagination_tests">
      <error type="error" message="Error in `if (length(which_is_fist_nzchar) == 1 &amp;&amp; which_is_fist_nzchar &gt;  ('test-pagination_table.R:212:3')">Error in `if (length(which_is_fist_nzchar) == 1 &amp;&amp; which_is_fist_nzchar &gt; 
    1) {
    tl &lt;- tl[-seq(which_is_fist_nzchar)]
}`: missing value where TRUE/FALSE needed
Backtrace:
     x
  1. +-testthat::expect_silent(paginate_table(res)) at test-pagination_table.R:212:3
  2. | \-testthat:::quasi_capture(enquo(object), NULL, evaluate_promise)
  3. |   +-testthat (local) .capture(...)
  4. |   | +-withr::with_output_sink(...)
  5. |   | | \-base::force(code)
  6. |   | +-base::withCallingHandlers(...)
  7. |   | \-base::withVisible(code)
  8. |   \-rlang::eval_bare(quo_get_expr(.quo), quo_get_env(.quo))
  9. \-rtables::paginate_table(res)
 10.   +-formatters::propose_column_widths(...)
 11.   | \-methods::is(x, "MatrixPrintForm")
 12.   +-formatters::matrix_form(...)
 13.   \-rtables::matrix_form(...)
 14.     \-formatters::MatrixPrintForm(...)
 15.       \-formatters:::mform_handle_newlines(ret)</error>
    </testcase>
  </testsuite>
  <testsuite name="table_adat03" timestamp="2024-11-28T06:26:36Z" hostname="1408123010a8" tests="2" skipped="0" failures="0" errors="0" time="0.549">
    <testcase time="0.417999999999999" classname="table_adat03" name="ADAT03_is_produced_correctly"/>
    <testcase time="0.131" classname="table_adat03" name="ADAT03_is_produced_correctly"/>
  </testsuite>
  <testsuite name="table_aet01" timestamp="2024-11-28T06:26:36Z" hostname="1408123010a8" tests="8" skipped="0" failures="0" errors="4" time="1.518">
    <testcase time="0.331" classname="table_aet01" name="Safety_Summary_Variant_1_works_as_expected"/>
    <testcase time="0.0629999999999988" classname="table_aet01" name="Safety_Summary_Variant_1_works_as_expected">
      <error type="error" message="Error in `h(simpleError(msg, call))`: error in evaluating the argument 'x' in selecting a method for function 'toString': missing value where TRUE/FALSE needed ('test-table_aet01.R:105:3')">Error in `h(simpleError(msg, call))`: error in evaluating the argument 'x' in selecting a method for function 'toString': missing value where TRUE/FALSE needed
Backtrace:
    x
 1. \-testthat::expect_snapshot(res) at test-table_aet01.R:105:3
 2.   \-rlang::cnd_signal(state$error)</error>
    </testcase>
    <testcase time="0.326000000000001" classname="table_aet01" name="Safety_Summary_Variant_2_with_Medical_Concepts_Section_works_as_expected"/>
    <testcase time="0.0600000000000023" classname="table_aet01" name="Safety_Summary_Variant_2_with_Medical_Concepts_Section_works_as_expected">
      <error type="error" message="Error in `h(simpleError(msg, call))`: error in evaluating the argument 'x' in selecting a method for function 'toString': missing value where TRUE/FALSE needed ('test-table_aet01.R:172:3')">Error in `h(simpleError(msg, call))`: error in evaluating the argument 'x' in selecting a method for function 'toString': missing value where TRUE/FALSE needed
Backtrace:
    x
 1. \-testthat::expect_snapshot(res) at test-table_aet01.R:172:3
 2.   \-rlang::cnd_signal(state$error)</error>
    </testcase>
    <testcase time="0.259999999999998" classname="table_aet01" name="Safety_Summary_Variant_3_with_Modified_Rows_works_as_expected"/>
    <testcase time="0.0470000000000006" classname="table_aet01" name="Safety_Summary_Variant_3_with_Modified_Rows_works_as_expected">
      <error type="error" message="Error in `h(simpleError(msg, call))`: error in evaluating the argument 'x' in selecting a method for function 'toString': missing value where TRUE/FALSE needed ('test-table_aet01.R:233:3')">Error in `h(simpleError(msg, call))`: error in evaluating the argument 'x' in selecting a method for function 'toString': missing value where TRUE/FALSE needed
Backtrace:
    x
 1. \-testthat::expect_snapshot(res) at test-table_aet01.R:233:3
 2.   \-rlang::cnd_signal(state$error)</error>
    </testcase>
    <testcase time="0.359999999999999" classname="table_aet01" name="Safety_Summary_Variant_4_with_Rows_Counting_Events_and_Additional_Sections_works_as_expected"/>
    <testcase time="0.0710000000000015" classname="table_aet01" name="Safety_Summary_Variant_4_with_Rows_Counting_Events_and_Additional_Sections_works_as_expected">
      <error type="error" message="Error in `h(simpleError(msg, call))`: error in evaluating the argument 'x' in selecting a method for function 'toString': missing value where TRUE/FALSE needed ('test-table_aet01.R:310:3')">Error in `h(simpleError(msg, call))`: error in evaluating the argument 'x' in selecting a method for function 'toString': missing value where TRUE/FALSE needed
Backtrace:
    x
 1. \-testthat::expect_snapshot(res) at test-table_aet01.R:310:3
 2.   \-rlang::cnd_signal(state$error)</error>
    </testcase>
  </testsuite>
  <testsuite name="table_aet01_aesi" timestamp="2024-11-28T06:26:38Z" hostname="1408123010a8" tests="8" skipped="0" failures="0" errors="3" time="2.372">
    <testcase time="0.266999999999999" classname="table_aet01_aesi" name="AET01_AESI_Variant_1_works_as_expected"/>
    <testcase time="0.0599999999999987" classname="table_aet01_aesi" name="AET01_AESI_Variant_1_works_as_expected">
      <error type="error" message="Error in `h(simpleError(msg, call))`: error in evaluating the argument 'x' in selecting a method for function 'toString': missing value where TRUE/FALSE needed ('test-table_aet01_aesi.R:115:3')">Error in `h(simpleError(msg, call))`: error in evaluating the argument 'x' in selecting a method for function 'toString': missing value where TRUE/FALSE needed
Backtrace:
    x
 1. \-testthat::expect_snapshot(res) at test-table_aet01_aesi.R:115:3
 2.   \-rlang::cnd_signal(state$error)</error>
    </testcase>
    <testcase time="0.440000000000001" classname="table_aet01_aesi" name="AET01_AESI_Variant_2_works_as_expected"/>
    <testcase time="0.0749999999999993" classname="table_aet01_aesi" name="AET01_AESI_Variant_2_works_as_expected">
      <error type="error" message="Error in `h(simpleError(msg, call))`: error in evaluating the argument 'x' in selecting a method for function 'toString': missing value where TRUE/FALSE needed ('test-table_aet01_aesi.R:181:3')">Error in `h(simpleError(msg, call))`: error in evaluating the argument 'x' in selecting a method for function 'toString': missing value where TRUE/FALSE needed
Backtrace:
    x
 1. \-testthat::expect_snapshot(res) at test-table_aet01_aesi.R:181:3
 2.   \-rlang::cnd_signal(state$error)</error>
    </testcase>
    <testcase time="0.634" classname="table_aet01_aesi" name="AET01_AESI_Variant_3_works_as_expected"/>
    <testcase time="0.119" classname="table_aet01_aesi" name="AET01_AESI_Variant_3_works_as_expected">
      <error type="error" message="Error in `h(simpleError(msg, call))`: error in evaluating the argument 'x' in selecting a method for function 'toString': missing value where TRUE/FALSE needed ('test-table_aet01_aesi.R:410:3')">Error in `h(simpleError(msg, call))`: error in evaluating the argument 'x' in selecting a method for function 'toString': missing value where TRUE/FALSE needed
Backtrace:
    x
 1. \-testthat::expect_snapshot(res) at test-table_aet01_aesi.R:410:3
 2.   \-rlang::cnd_signal(state$error)</error>
    </testcase>
    <testcase time="0.563000000000002" classname="table_aet01_aesi" name="AET01_AESI_Variant_4_works_as_expected"/>
    <testcase time="0.213999999999999" classname="table_aet01_aesi" name="AET01_AESI_Variant_4_works_as_expected"/>
  </testsuite>
  <testsuite name="table_aet02" timestamp="2024-11-28T06:26:40Z" hostname="1408123010a8" tests="26" skipped="0" failures="2" errors="0" time="8.493">
    <testcase time="0.542999999999999" classname="table_aet02" name="AET02_variant_1_is_produced_correctly"/>
    <testcase time="0.18" classname="table_aet02" name="AET02_variant_1_is_produced_correctly"/>
    <testcase time="0.429000000000002" classname="table_aet02" name="AET02_variant_1_is_produced_correctly"/>
    <testcase time="0.100000000000001" classname="table_aet02" name="AET02_variant_1_is_produced_correctly"/>
    <testcase time="0.631" classname="table_aet02" name="AET02_variant_2_is_produced_correctly"/>
    <testcase time="0.183" classname="table_aet02" name="AET02_variant_2_is_produced_correctly"/>
    <testcase time="0.933999999999997" classname="table_aet02" name="AET02_variant_3_is_produced_correctly"/>
    <testcase time="0.380000000000003" classname="table_aet02" name="AET02_variant_3_is_produced_correctly">
      <failure type="failure" message="Snapshot of code has changed: ('test-table_aet02.R:195:3')">Snapshot of code has changed:
old[1:6] vs new[1:7]
  Code
    res
  Output
+                                                                                                                         
    MedDRA System Organ Class                                                                                             
      High Level Term                                               Placebo     Xanomeline High Dose   Xanomeline Low Dose
        MedDRA Preferred Term                                        (N=86)            (N=72)                (N=96)       

* Run `testthat::snapshot_accept('table_aet02')` to accept the change.
* Run `testthat::snapshot_review('table_aet02')` to interactively review the change.</failure>
    </testcase>
    <testcase time="0.142999999999994" classname="table_aet02" name="AET02_variant_4_is_produced_correctly"/>
    <testcase time="0.104000000000006" classname="table_aet02" name="AET02_variant_4_is_produced_correctly"/>
    <testcase time="0.395999999999994" classname="table_aet02" name="AET02_variant_5_is_produced_correctly"/>
    <testcase time="0.161000000000001" classname="table_aet02" name="AET02_variant_5_is_produced_correctly"/>
    <testcase time="0.411000000000001" classname="table_aet02" name="AET02_variant_6_is_produced_correctly"/>
    <testcase time="0.109000000000002" classname="table_aet02" name="AET02_variant_6_is_produced_correctly"/>
    <testcase time="0.939999999999998" classname="table_aet02" name="AET02_variant_7_is_produced_correctly"/>
    <testcase time="0.169000000000004" classname="table_aet02" name="AET02_variant_7_is_produced_correctly">
      <failure type="failure" message="Snapshot of code has changed: ('test-table_aet02.R:377:3')">Snapshot of code has changed:
old[1:6] vs new[1:7]
  Code
    res
  Output
+                                                                                                                
    MedDRA System Organ Class                                                                                    
      High Level Term                                       Placebo    Xanomeline High Dose   Xanomeline Low Dose
        MedDRA Preferred Term                               (N=86)            (N=72)                (N=96)       

* Run `testthat::snapshot_accept('table_aet02')` to accept the change.
* Run `testthat::snapshot_review('table_aet02')` to interactively review the change.</failure>
    </testcase>
    <testcase time="0.404999999999994" classname="table_aet02" name="AET02_variant_8_is_produced_correctly"/>
    <testcase time="0.0900000000000034" classname="table_aet02" name="AET02_variant_8_is_produced_correctly"/>
    <testcase time="0.399000000000001" classname="table_aet02" name="AET02_variant_9_is_produced_correctly"/>
    <testcase time="0.112000000000002" classname="table_aet02" name="AET02_variant_9_is_produced_correctly"/>
    <testcase time="0.398999999999994" classname="table_aet02" name="AET02_variant_10_is_produced_correctly"/>
    <testcase time="0.100000000000001" classname="table_aet02" name="AET02_variant_10_is_produced_correctly"/>
    <testcase time="0.402000000000001" classname="table_aet02" name="AET02_variant_11_is_produced_correctly"/>
    <testcase time="0.0850000000000009" classname="table_aet02" name="AET02_variant_11_is_produced_correctly"/>
    <testcase time="0.603999999999999" classname="table_aet02" name="AET02_variant_12_is_produced_correctly"/>
    <testcase time="0.0840000000000032" classname="table_aet02" name="AET02_variant_12_is_produced_correctly"/>
  </testsuite>
  <testsuite name="table_aet02_smq" timestamp="2024-11-28T06:26:49Z" hostname="1408123010a8" tests="4" skipped="0" failures="0" errors="2" time="0.346">
    <testcase time="0.114999999999995" classname="table_aet02_smq" name="AET02SMQ_variant_1_is_produced_correctly"/>
    <testcase time="0.0330000000000013" classname="table_aet02_smq" name="AET02SMQ_variant_1_is_produced_correctly">
      <error type="error" message="Error in `h(simpleError(msg, call))`: error in evaluating the argument 'x' in selecting a method for function 'toString': missing value where TRUE/FALSE needed ('test-table_aet02_smq.R:52:3')">Error in `h(simpleError(msg, call))`: error in evaluating the argument 'x' in selecting a method for function 'toString': missing value where TRUE/FALSE needed
Backtrace:
    x
 1. \-testthat::expect_snapshot(res) at test-table_aet02_smq.R:52:3
 2.   \-rlang::cnd_signal(state$error)</error>
    </testcase>
    <testcase time="0.157000000000004" classname="table_aet02_smq" name="AET02SMQ_variant_2_is_produced_correctly"/>
    <testcase time="0.0409999999999968" classname="table_aet02_smq" name="AET02SMQ_variant_2_is_produced_correctly">
      <error type="error" message="Error in `h(simpleError(msg, call))`: error in evaluating the argument 'x' in selecting a method for function 'toString': missing value where TRUE/FALSE needed ('test-table_aet02_smq.R:91:3')">Error in `h(simpleError(msg, call))`: error in evaluating the argument 'x' in selecting a method for function 'toString': missing value where TRUE/FALSE needed
Backtrace:
    x
 1. \-testthat::expect_snapshot(res) at test-table_aet02_smq.R:91:3
 2.   \-rlang::cnd_signal(state$error)</error>
    </testcase>
  </testsuite>
  <testsuite name="table_aet03" timestamp="2024-11-28T06:26:49Z" hostname="1408123010a8" tests="6" skipped="0" failures="4" errors="0" time="4.802">
    <testcase time="1.051" classname="table_aet03" name="AET03_variant_1_is_produced_correctly"/>
    <testcase time="0.400999999999996" classname="table_aet03" name="AET03_variant_1_is_produced_correctly">
      <failure type="failure" message="Snapshot of code has changed: ('test-table_aet03.R:77:3')">Snapshot of code has changed:
old[1:6] vs new[1:7]
  Code
    res
  Output
+                                                                                                                 
    MedDRA System Organ Class                                                                                     
      MedDRA Preferred Term                                 Placebo     Xanomeline High Dose   Xanomeline Low Dose
        Severity/Intensity                                   (N=86)            (N=72)                (N=96)       

* Run `testthat::snapshot_accept('table_aet03')` to accept the change.
* Run `testthat::snapshot_review('table_aet03')` to interactively review the change.</failure>
    </testcase>
    <testcase time="1.41800000000001" classname="table_aet03" name="AET03_variant_1_is_produced_correctly">
      <failure type="failure" message="nrow(paginate_table(result, lpp = lpp_test)[[3]]) + 4 (`actual`) not equal to `lpp_test` (`expected`). ('test-table_aet03.R:83:3')">nrow(paginate_table(result, lpp = lpp_test)[[3]]) + 4 (`actual`) not equal to `lpp_test` (`expected`).

  `actual`: 15.0
`expected`: 20.0</failure>
    </testcase>
    <testcase time="0.662999999999997" classname="table_aet03" name="AET03_variant_1_is_produced_correctly"/>
    <testcase time="1.038" classname="table_aet03" name="AET03_variant_1_is_produced_correctly">
      <failure type="failure" message="to_string_matrix(pag_result[[2]], with_spaces = FALSE)[3, 1] (`actual`) not identical to &quot;    Severity/Intensity&quot; (`expected`). ('test-table_aet03.R:96:3')">to_string_matrix(pag_result[[2]], with_spaces = FALSE)[3, 1] (`actual`) not identical to "    Severity/Intensity" (`expected`).

`actual`:   "  MedDRA Preferred Term"
`expected`: "    Severity/Intensity" </failure>
    </testcase>
    <testcase time="0.231000000000002" classname="table_aet03" name="AET03_variant_1_is_produced_correctly">
      <failure type="failure" message="to_string_matrix(pag_result[[1]], with_spaces = FALSE)[3:4, 1] (`actual`) not identical to c(&quot;    Severity/Intensity&quot;, &quot;- Any Intensity -&quot;) (`expected`). ('test-table_aet03.R:100:3')">to_string_matrix(pag_result[[1]], with_spaces = FALSE)[3:4, 1] (`actual`) not identical to c("    Severity/Intensity", "- Any Intensity -") (`expected`).

`actual`:   "  MedDRA Preferred Term" "    Severity/Intensity"
`expected`: "    Severity/Intensity"  "- Any Intensity -"     </failure>
    </testcase>
  </testsuite>
  <testsuite name="table_aet04" timestamp="2024-11-28T06:26:54Z" hostname="1408123010a8" tests="30" skipped="0" failures="14" errors="0" time="12.696">
    <testcase time="0.731000000000002" classname="table_aet04" name="AET04_variant_1_is_produced_correctly"/>
    <testcase time="0.317" classname="table_aet04" name="AET04_variant_1_is_produced_correctly">
      <failure type="failure" message="Snapshot of code has changed: ('test-table_aet04.R:108:3')">Snapshot of code has changed:
old[1:6] vs new[1:7]
  Code
    res
  Output
+                                                                                                                 
    MedDRA System Organ Class                                                                                     
      MedDRA Preferred Term                                 Placebo     Xanomeline High Dose   Xanomeline Low Dose
                                Grade                        (N=86)            (N=72)                (N=96)       

* Run `testthat::snapshot_accept('table_aet04')` to accept the change.
* Run `testthat::snapshot_review('table_aet04')` to interactively review the change.</failure>
    </testcase>
    <testcase time="0.753999999999998" classname="table_aet04" name="AET04_variant_1_is_produced_correctly"/>
    <testcase time="0.0590000000000046" classname="table_aet04" name="AET04_variant_1_is_produced_correctly">
      <failure type="failure" message="&quot;SKIN AND SUBCUTANEOUS TISSUE DISORDERS&quot; (`actual`) not identical to to_string_matrix(pag_result[[3]], with_spaces = FALSE)[4, 1] (`expected`). ('test-table_aet04.R:115:3')">"SKIN AND SUBCUTANEOUS TISSUE DISORDERS" (`actual`) not identical to to_string_matrix(pag_result[[3]], with_spaces = FALSE)[4, 1] (`expected`).

`actual`:   "SKIN AND SUBCUTANEOUS TISSUE DISORDERS"
`expected`: "                            Grade"     </failure>
    </testcase>
    <testcase time="0.0539999999999949" classname="table_aet04" name="AET04_variant_1_is_produced_correctly">
      <failure type="failure" message="trimws(...) (`actual`) not identical to c(&quot;- Any Grade -&quot;, &quot;Grade 1-2&quot;) (`expected`). ('test-table_aet04.R:119:3')">trimws(...) (`actual`) not identical to c("- Any Grade -", "Grade 1-2") (`expected`).

`actual`:   "- Any adverse events -" "- Any Grade -"
`expected`: "- Any Grade -"          "Grade 1-2"    </failure>
    </testcase>
    <testcase time="0.667999999999999" classname="table_aet04" name="AET04_variant_2_is_produced_correctly_Fill_in_of_Treatment_Groups_"/>
    <testcase time="0.290000000000006" classname="table_aet04" name="AET04_variant_2_is_produced_correctly_Fill_in_of_Treatment_Groups_">
      <failure type="failure" message="Snapshot of code has changed: ('test-table_aet04.R:190:3')">Snapshot of code has changed:
old[1:6] vs new[1:7]
  Code
    res
  Output
+                                                                                                              
    MedDRA System Organ Class                                                                                  
      MedDRA Preferred Term                                Placebo   Xanomeline High Dose   Xanomeline Low Dose
                                Grade                      (N=86)           (N=72)                (N=96)       

* Run `testthat::snapshot_accept('table_aet04')` to accept the change.
* Run `testthat::snapshot_review('table_aet04')` to interactively review the change.</failure>
    </testcase>
    <testcase time="0.690999999999995" classname="table_aet04" name="AET04_variant_2_is_produced_correctly_Fill_in_of_Treatment_Groups_"/>
    <testcase time="0.0579999999999998" classname="table_aet04" name="AET04_variant_2_is_produced_correctly_Fill_in_of_Treatment_Groups_">
      <failure type="failure" message="to_string_matrix(pag_result[[3]], with_spaces = FALSE)[4, 1] (`actual`) not identical to &quot;SKIN AND SUBCUTANEOUS TISSUE DISORDERS&quot; (`expected`). ('test-table_aet04.R:197:3')">to_string_matrix(pag_result[[3]], with_spaces = FALSE)[4, 1] (`actual`) not identical to "SKIN AND SUBCUTANEOUS TISSUE DISORDERS" (`expected`).

`actual`:   "                            Grade"     
`expected`: "SKIN AND SUBCUTANEOUS TISSUE DISORDERS"</failure>
    </testcase>
    <testcase time="0.0530000000000044" classname="table_aet04" name="AET04_variant_2_is_produced_correctly_Fill_in_of_Treatment_Groups_">
      <failure type="failure" message="to_string_matrix(pag_result[[1]], with_spaces = FALSE)[5:6, 2] (`actual`) not identical to c(&quot;0&quot;, &quot;0&quot;) (`expected`). ('test-table_aet04.R:201:3')">to_string_matrix(pag_result[[1]], with_spaces = FALSE)[5:6, 2] (`actual`) not identical to c("0", "0") (`expected`).

`actual`:   ""  "0"
`expected`: "0" "0"</failure>
    </testcase>
    <testcase time="0.689999999999998" classname="table_aet04" name="AET04_variant_3_is_produced_correctly_Fill_in_of_Grades_"/>
    <testcase time="0.347000000000001" classname="table_aet04" name="AET04_variant_3_is_produced_correctly_Fill_in_of_Grades_">
      <failure type="failure" message="Snapshot of code has changed: ('test-table_aet04.R:269:3')">Snapshot of code has changed:
old[1:6] vs new[1:7]
  Code
    res
  Output
+                                                                                                                 
    MedDRA System Organ Class                                                                                     
      MedDRA Preferred Term                                 Placebo     Xanomeline High Dose   Xanomeline Low Dose
                                Grade                        (N=86)            (N=72)                (N=96)       

* Run `testthat::snapshot_accept('table_aet04')` to accept the change.
* Run `testthat::snapshot_review('table_aet04')` to interactively review the change.</failure>
    </testcase>
    <testcase time="0.806999999999995" classname="table_aet04" name="AET04_variant_3_is_produced_correctly_Fill_in_of_Grades_"/>
    <testcase time="0.0500000000000043" classname="table_aet04" name="AET04_variant_3_is_produced_correctly_Fill_in_of_Grades_">
      <failure type="failure" message="to_string_matrix(pag_result[[3]], with_spaces = FALSE)[4, 1] (`actual`) not identical to &quot;SKIN AND SUBCUTANEOUS TISSUE DISORDERS&quot; (`expected`). ('test-table_aet04.R:276:3')">to_string_matrix(pag_result[[3]], with_spaces = FALSE)[4, 1] (`actual`) not identical to "SKIN AND SUBCUTANEOUS TISSUE DISORDERS" (`expected`).

`actual`:   "                            Grade"     
`expected`: "SKIN AND SUBCUTANEOUS TISSUE DISORDERS"</failure>
    </testcase>
    <testcase time="0.0679999999999978" classname="table_aet04" name="AET04_variant_3_is_produced_correctly_Fill_in_of_Grades_">
      <failure type="failure" message="to_string_matrix(pag_result[[1]], with_spaces = FALSE)[5:6, 2] (`actual`) not identical to c(&quot;23 (26.7%)&quot;, &quot;17 (19.8%)&quot;) (`expected`). ('test-table_aet04.R:280:3')">to_string_matrix(pag_result[[1]], with_spaces = FALSE)[5:6, 2] (`actual`) not identical to c("23 (26.7%)", "17 (19.8%)") (`expected`).

`actual`:   ""           "23 (26.7%)"
`expected`: "23 (26.7%)" "17 (19.8%)"</failure>
    </testcase>
    <testcase time="0.703000000000003" classname="table_aet04" name="AET04_variant_4_is_produced_correctly_Collapsing_of_Grades_grades_1_2_grades_3_4_5_"/>
    <testcase time="0.336999999999996" classname="table_aet04" name="AET04_variant_4_is_produced_correctly_Collapsing_of_Grades_grades_1_2_grades_3_4_5_">
      <failure type="failure" message="Snapshot of code has changed: ('test-table_aet04.R:354:3')">Snapshot of code has changed:
old[1:6] vs new[1:7]
  Code
    res
  Output
+                                                                                                                 
    MedDRA System Organ Class                                                                                     
      MedDRA Preferred Term                                 Placebo     Xanomeline High Dose   Xanomeline Low Dose
                                Grade                        (N=86)            (N=72)                (N=96)       

* Run `testthat::snapshot_accept('table_aet04')` to accept the change.
* Run `testthat::snapshot_review('table_aet04')` to interactively review the change.</failure>
    </testcase>
    <testcase time="0.771000000000001" classname="table_aet04" name="AET04_variant_4_is_produced_correctly_Collapsing_of_Grades_grades_1_2_grades_3_4_5_"/>
    <testcase time="0.745000000000005" classname="table_aet04" name="AET04_variant_6_is_produced_correctly_with_an_Incidence_Rate_of_at_Least_5_totals_restricted_"/>
    <testcase time="0.342999999999996" classname="table_aet04" name="AET04_variant_6_is_produced_correctly_with_an_Incidence_Rate_of_at_Least_5_totals_restricted_">
      <failure type="failure" message="Snapshot of code has changed: ('test-table_aet04.R:465:5')">Snapshot of code has changed:
old[1:6] vs new[1:7]
  Code
    res
  Output
+                                                                                                                 
    MedDRA System Organ Class                                                                                     
      MedDRA Preferred Term                                 Placebo     Xanomeline High Dose   Xanomeline Low Dose
                                Grade                        (N=86)            (N=72)                (N=96)       

* Run `testthat::snapshot_accept('table_aet04')` to accept the change.
* Run `testthat::snapshot_review('table_aet04')` to interactively review the change.</failure>
    </testcase>
    <testcase time="0.789999999999999" classname="table_aet04" name="AET04_variant_6_is_produced_correctly_with_an_Incidence_Rate_of_at_Least_5_totals_restricted_"/>
    <testcase time="0.00900000000000034" classname="table_aet04" name="AET04_variant_8_is_produced_correctly_with_an_Incidence_Rate_of_at_Least_X_Patients_"/>
    <testcase time="0.343000000000004" classname="table_aet04" name="AET04_variant_8_is_produced_correctly_with_an_Incidence_Rate_of_at_Least_X_Patients_">
      <failure type="failure" message="Snapshot of code has changed: ('test-table_aet04.R:486:3')">Snapshot of code has changed:
old[1:6] vs new[1:7]
  Code
    res
  Output
+                                                                                                                 
    MedDRA System Organ Class                                                                                     
      MedDRA Preferred Term                                 Placebo     Xanomeline High Dose   Xanomeline Low Dose
                                Grade                        (N=86)            (N=72)                (N=96)       

* Run `testthat::snapshot_accept('table_aet04')` to accept the change.
* Run `testthat::snapshot_review('table_aet04')` to interactively review the change.</failure>
    </testcase>
    <testcase time="0.979999999999997" classname="table_aet04" name="AET04_variant_8_is_produced_correctly_with_an_Incidence_Rate_of_at_Least_X_Patients_"/>
    <testcase time="0.00900000000000034" classname="table_aet04" name="AET04_variant_9_is_produced_correctly_with_a_Difference_in_Incidence_Rate_of_at_Least_X_"/>
    <testcase time="0.308" classname="table_aet04" name="AET04_variant_9_is_produced_correctly_with_a_Difference_in_Incidence_Rate_of_at_Least_X_">
      <failure type="failure" message="Snapshot of code has changed: ('test-table_aet04.R:502:3')">Snapshot of code has changed:
old[1:6] vs new[1:7]
  Code
    res
  Output
+                                                                                                                 
    MedDRA System Organ Class                                                                                     
      MedDRA Preferred Term                                 Placebo     Xanomeline High Dose   Xanomeline Low Dose
                                Grade                        (N=86)            (N=72)                (N=96)       

* Run `testthat::snapshot_accept('table_aet04')` to accept the change.
* Run `testthat::snapshot_review('table_aet04')` to interactively review the change.</failure>
    </testcase>
    <testcase time="0.704000000000001" classname="table_aet04" name="AET04_variant_9_is_produced_correctly_with_a_Difference_in_Incidence_Rate_of_at_Least_X_"/>
    <testcase time="0.00999999999999801" classname="table_aet04" name="AET04_variant_11_is_produced_correctly_with_Incidence_Rate_of_at_Least_X_all_SOCs_w_o_preferred_terms_removed_"/>
    <testcase time="0.301000000000002" classname="table_aet04" name="AET04_variant_11_is_produced_correctly_with_Incidence_Rate_of_at_Least_X_all_SOCs_w_o_preferred_terms_removed_">
      <failure type="failure" message="Snapshot of code has changed: ('test-table_aet04.R:524:5')">Snapshot of code has changed:
old[1:6] vs new[1:7]
  Code
    res
  Output
+                                                                                                                 
    MedDRA System Organ Class                                                                                     
      MedDRA Preferred Term                                 Placebo     Xanomeline High Dose   Xanomeline Low Dose
                                Grade                        (N=86)            (N=72)                (N=96)       

* Run `testthat::snapshot_accept('table_aet04')` to accept the change.
* Run `testthat::snapshot_review('table_aet04')` to interactively review the change.</failure>
    </testcase>
    <testcase time="0.706000000000003" classname="table_aet04" name="AET04_variant_11_is_produced_correctly_with_Incidence_Rate_of_at_Least_X_all_SOCs_w_o_preferred_terms_removed_"/>
  </testsuite>
  <testsuite name="table_aet04_pi" timestamp="2024-11-28T06:27:06Z" hostname="1408123010a8" tests="18" skipped="0" failures="0" errors="9" time="5.572">
    <testcase time="0.520999999999994" classname="table_aet04_pi" name="AET04_PI_full_table_is_produced_correctly"/>
    <testcase time="0.113000000000007" classname="table_aet04_pi" name="AET04_PI_full_table_is_produced_correctly">
      <error type="error" message="Error in `h(simpleError(msg, call))`: error in evaluating the argument 'x' in selecting a method for function 'toString': missing value where TRUE/FALSE needed ('test-table_aet04_pi.R:66:3')">Error in `h(simpleError(msg, call))`: error in evaluating the argument 'x' in selecting a method for function 'toString': missing value where TRUE/FALSE needed
Backtrace:
    x
 1. \-testthat::expect_snapshot(res) at test-table_aet04_pi.R:66:3
 2.   \-rlang::cnd_signal(state$error)</error>
    </testcase>
    <testcase time="0.562999999999995" classname="table_aet04_pi" name="AET04_PI_variant_1_is_produced_correctly"/>
    <testcase time="0.0820000000000007" classname="table_aet04_pi" name="AET04_PI_variant_1_is_produced_correctly">
      <error type="error" message="Error in `h(simpleError(msg, call))`: error in evaluating the argument 'x' in selecting a method for function 'toString': missing value where TRUE/FALSE needed ('test-table_aet04_pi.R:88:3')">Error in `h(simpleError(msg, call))`: error in evaluating the argument 'x' in selecting a method for function 'toString': missing value where TRUE/FALSE needed
Backtrace:
    x
 1. \-testthat::expect_snapshot(res) at test-table_aet04_pi.R:88:3
 2.   \-rlang::cnd_signal(state$error)</error>
    </testcase>
    <testcase time="0.561" classname="table_aet04_pi" name="AET04_PI_variant_2_is_produced_correctly"/>
    <testcase time="0.054000000000002" classname="table_aet04_pi" name="AET04_PI_variant_2_is_produced_correctly">
      <error type="error" message="Error in `h(simpleError(msg, call))`: error in evaluating the argument 'x' in selecting a method for function 'toString': missing value where TRUE/FALSE needed ('test-table_aet04_pi.R:111:3')">Error in `h(simpleError(msg, call))`: error in evaluating the argument 'x' in selecting a method for function 'toString': missing value where TRUE/FALSE needed
Backtrace:
    x
 1. \-testthat::expect_snapshot(res) at test-table_aet04_pi.R:111:3
 2.   \-rlang::cnd_signal(state$error)</error>
    </testcase>
    <testcase time="0.555999999999997" classname="table_aet04_pi" name="AET04_PI_variant_3_is_produced_correctly"/>
    <testcase time="0.0700000000000003" classname="table_aet04_pi" name="AET04_PI_variant_3_is_produced_correctly">
      <error type="error" message="Error in `h(simpleError(msg, call))`: error in evaluating the argument 'x' in selecting a method for function 'toString': missing value where TRUE/FALSE needed ('test-table_aet04_pi.R:134:3')">Error in `h(simpleError(msg, call))`: error in evaluating the argument 'x' in selecting a method for function 'toString': missing value where TRUE/FALSE needed
Backtrace:
    x
 1. \-testthat::expect_snapshot(res) at test-table_aet04_pi.R:134:3
 2.   \-rlang::cnd_signal(state$error)</error>
    </testcase>
    <testcase time="0.590000000000003" classname="table_aet04_pi" name="AET04_PI_variant_4_is_produced_correctly"/>
    <testcase time="0.046999999999997" classname="table_aet04_pi" name="AET04_PI_variant_4_is_produced_correctly">
      <error type="error" message="Error in `h(simpleError(msg, call))`: error in evaluating the argument 'x' in selecting a method for function 'toString': missing value where TRUE/FALSE needed ('test-table_aet04_pi.R:158:3')">Error in `h(simpleError(msg, call))`: error in evaluating the argument 'x' in selecting a method for function 'toString': missing value where TRUE/FALSE needed
Backtrace:
    x
 1. \-testthat::expect_snapshot(res) at test-table_aet04_pi.R:158:3
 2.   \-rlang::cnd_signal(state$error)</error>
    </testcase>
    <testcase time="0.572000000000003" classname="table_aet04_pi" name="AET04_PI_variant_5_is_produced_correctly"/>
    <testcase time="0.0739999999999981" classname="table_aet04_pi" name="AET04_PI_variant_5_is_produced_correctly">
      <error type="error" message="Error in `h(simpleError(msg, call))`: error in evaluating the argument 'x' in selecting a method for function 'toString': missing value where TRUE/FALSE needed ('test-table_aet04_pi.R:182:3')">Error in `h(simpleError(msg, call))`: error in evaluating the argument 'x' in selecting a method for function 'toString': missing value where TRUE/FALSE needed
Backtrace:
    x
 1. \-testthat::expect_snapshot(res) at test-table_aet04_pi.R:182:3
 2.   \-rlang::cnd_signal(state$error)</error>
    </testcase>
    <testcase time="0.691000000000003" classname="table_aet04_pi" name="AET04_PI_variant_6_is_produced_correctly"/>
    <testcase time="0.0730000000000004" classname="table_aet04_pi" name="AET04_PI_variant_6_is_produced_correctly">
      <error type="error" message="Error in `h(simpleError(msg, call))`: error in evaluating the argument 'x' in selecting a method for function 'toString': missing value where TRUE/FALSE needed ('test-table_aet04_pi.R:233:3')">Error in `h(simpleError(msg, call))`: error in evaluating the argument 'x' in selecting a method for function 'toString': missing value where TRUE/FALSE needed
Backtrace:
    x
 1. \-testthat::expect_snapshot(res) at test-table_aet04_pi.R:233:3
 2.   \-rlang::cnd_signal(state$error)</error>
    </testcase>
    <testcase time="0.692" classname="table_aet04_pi" name="AET04_PI_variant_7_is_produced_correctly"/>
    <testcase time="0.0720000000000027" classname="table_aet04_pi" name="AET04_PI_variant_7_is_produced_correctly">
      <error type="error" message="Error in `h(simpleError(msg, call))`: error in evaluating the argument 'x' in selecting a method for function 'toString': missing value where TRUE/FALSE needed ('test-table_aet04_pi.R:284:3')">Error in `h(simpleError(msg, call))`: error in evaluating the argument 'x' in selecting a method for function 'toString': missing value where TRUE/FALSE needed
Backtrace:
    x
 1. \-testthat::expect_snapshot(res) at test-table_aet04_pi.R:284:3
 2.   \-rlang::cnd_signal(state$error)</error>
    </testcase>
    <testcase time="0.180999999999997" classname="table_aet04_pi" name="AET04_PI_variant_8_is_produced_correctly"/>
    <testcase time="0.0600000000000023" classname="table_aet04_pi" name="AET04_PI_variant_8_is_produced_correctly">
      <error type="error" message="Error in `h(simpleError(msg, call))`: error in evaluating the argument 'x' in selecting a method for function 'toString': missing value where TRUE/FALSE needed ('test-table_aet04_pi.R:318:3')">Error in `h(simpleError(msg, call))`: error in evaluating the argument 'x' in selecting a method for function 'toString': missing value where TRUE/FALSE needed
Backtrace:
    x
 1. \-testthat::expect_snapshot(res) at test-table_aet04_pi.R:318:3
 2.   \-rlang::cnd_signal(state$error)</error>
    </testcase>
  </testsuite>
  <testsuite name="table_aet05" timestamp="2024-11-28T06:27:12Z" hostname="1408123010a8" tests="4" skipped="0" failures="0" errors="2" time="0.22">
    <testcase time="0.0969999999999942" classname="table_aet05" name="AET05_variant_1_is_produced_correctly"/>
    <testcase time="0.0289999999999964" classname="table_aet05" name="AET05_variant_1_is_produced_correctly">
      <error type="error" message="Error in `h(simpleError(msg, call))`: error in evaluating the argument 'x' in selecting a method for function 'toString': missing value where TRUE/FALSE needed ('test-table_aet05.R:38:3')">Error in `h(simpleError(msg, call))`: error in evaluating the argument 'x' in selecting a method for function 'toString': missing value where TRUE/FALSE needed
Backtrace:
    x
 1. \-testthat::expect_snapshot(res) at test-table_aet05.R:38:3
 2.   \-rlang::cnd_signal(state$error)</error>
    </testcase>
    <testcase time="0.0660000000000025" classname="table_aet05" name="AET05_variant_2_is_produced_correctly"/>
    <testcase time="0.0280000000000058" classname="table_aet05" name="AET05_variant_2_is_produced_correctly">
      <error type="error" message="Error in `h(simpleError(msg, call))`: error in evaluating the argument 'x' in selecting a method for function 'toString': missing value where TRUE/FALSE needed ('test-table_aet05.R:53:3')">Error in `h(simpleError(msg, call))`: error in evaluating the argument 'x' in selecting a method for function 'toString': missing value where TRUE/FALSE needed
Backtrace:
    x
 1. \-testthat::expect_snapshot(res) at test-table_aet05.R:53:3
 2.   \-rlang::cnd_signal(state$error)</error>
    </testcase>
  </testsuite>
  <testsuite name="table_aet05_all" timestamp="2024-11-28T06:27:12Z" hostname="1408123010a8" tests="4" skipped="0" failures="0" errors="2" time="0.244">
    <testcase time="0.120999999999995" classname="table_aet05_all" name="AET05_ALL_variant_1_is_produced_correctly"/>
    <testcase time="0.0280000000000058" classname="table_aet05_all" name="AET05_ALL_variant_1_is_produced_correctly">
      <error type="error" message="Error in `h(simpleError(msg, call))`: error in evaluating the argument 'x' in selecting a method for function 'toString': missing value where TRUE/FALSE needed ('test-table_aet05_all.R:32:3')">Error in `h(simpleError(msg, call))`: error in evaluating the argument 'x' in selecting a method for function 'toString': missing value where TRUE/FALSE needed
Backtrace:
    x
 1. \-testthat::expect_snapshot(res) at test-table_aet05_all.R:32:3
 2.   \-rlang::cnd_signal(state$error)</error>
    </testcase>
    <testcase time="0.0659999999999883" classname="table_aet05_all" name="AET05_ALL_variant_2_is_produced_correctly"/>
    <testcase time="0.0290000000000106" classname="table_aet05_all" name="AET05_ALL_variant_2_is_produced_correctly">
      <error type="error" message="Error in `h(simpleError(msg, call))`: error in evaluating the argument 'x' in selecting a method for function 'toString': missing value where TRUE/FALSE needed ('test-table_aet05_all.R:47:3')">Error in `h(simpleError(msg, call))`: error in evaluating the argument 'x' in selecting a method for function 'toString': missing value where TRUE/FALSE needed
Backtrace:
    x
 1. \-testthat::expect_snapshot(res) at test-table_aet05_all.R:47:3
 2.   \-rlang::cnd_signal(state$error)</error>
    </testcase>
  </testsuite>
  <testsuite name="table_aet06" timestamp="2024-11-28T06:27:12Z" hostname="1408123010a8" tests="6" skipped="0" failures="0" errors="2" time="3.343">
    <testcase time="0.566999999999993" classname="table_aet06" name="AET06_variant_1_is_produced_correctly"/>
    <testcase time="0.113" classname="table_aet06" name="AET06_variant_1_is_produced_correctly">
      <error type="error" message="Error in `h(simpleError(msg, call))`: error in evaluating the argument 'x' in selecting a method for function 'toString': missing value where TRUE/FALSE needed ('test-table_aet06.R:97:3')">Error in `h(simpleError(msg, call))`: error in evaluating the argument 'x' in selecting a method for function 'toString': missing value where TRUE/FALSE needed
Backtrace:
    x
 1. \-testthat::expect_snapshot(res) at test-table_aet06.R:97:3
 2.   \-rlang::cnd_signal(state$error)</error>
    </testcase>
    <testcase time="0.927999999999997" classname="table_aet06" name="AET06_variant_3_is_produced_correctly"/>
    <testcase time="0.328000000000003" classname="table_aet06" name="AET06_variant_3_is_produced_correctly"/>
    <testcase time="1.193" classname="table_aet06" name="AET06_variant_5_is_produced_correctly"/>
    <testcase time="0.213999999999999" classname="table_aet06" name="AET06_variant_5_is_produced_correctly">
      <error type="error" message="Error in `h(simpleError(msg, call))`: error in evaluating the argument 'x' in selecting a method for function 'toString': missing value where TRUE/FALSE needed ('test-table_aet06.R:193:3')">Error in `h(simpleError(msg, call))`: error in evaluating the argument 'x' in selecting a method for function 'toString': missing value where TRUE/FALSE needed
Backtrace:
    x
 1. \-testthat::expect_snapshot(res) at test-table_aet06.R:193:3
 2.   \-rlang::cnd_signal(state$error)</error>
    </testcase>
  </testsuite>
  <testsuite name="table_aet06_smq" timestamp="2024-11-28T06:27:16Z" hostname="1408123010a8" tests="4" skipped="0" failures="0" errors="2" time="0.859">
    <testcase time="0.356000000000009" classname="table_aet06_smq" name="AET06_SMQ_variant_1_is_produced_correctly"/>
    <testcase time="0.0729999999999933" classname="table_aet06_smq" name="AET06_SMQ_variant_1_is_produced_correctly">
      <error type="error" message="Error in `h(simpleError(msg, call))`: error in evaluating the argument 'x' in selecting a method for function 'toString': missing value where TRUE/FALSE needed ('test-table_aet06_smq.R:73:3')">Error in `h(simpleError(msg, call))`: error in evaluating the argument 'x' in selecting a method for function 'toString': missing value where TRUE/FALSE needed
Backtrace:
    x
 1. \-testthat::expect_snapshot(res) at test-table_aet06_smq.R:73:3
 2.   \-rlang::cnd_signal(state$error)</error>
    </testcase>
    <testcase time="0.347999999999999" classname="table_aet06_smq" name="AET06_SMQ_variant_2_is_produced_correctly"/>
    <testcase time="0.0819999999999936" classname="table_aet06_smq" name="AET06_SMQ_variant_2_is_produced_correctly">
      <error type="error" message="Error in `h(simpleError(msg, call))`: error in evaluating the argument 'x' in selecting a method for function 'toString': missing value where TRUE/FALSE needed ('test-table_aet06_smq.R:160:3')">Error in `h(simpleError(msg, call))`: error in evaluating the argument 'x' in selecting a method for function 'toString': missing value where TRUE/FALSE needed
Backtrace:
    x
 1. \-testthat::expect_snapshot(res) at test-table_aet06_smq.R:160:3
 2.   \-rlang::cnd_signal(state$error)</error>
    </testcase>
  </testsuite>
  <testsuite name="table_aet07" timestamp="2024-11-28T06:27:17Z" hostname="1408123010a8" tests="4" skipped="0" failures="0" errors="2" time="0.164">
    <testcase time="0.0650000000000119" classname="table_aet07" name="AET07_variant_1_is_produced_correctly"/>
    <testcase time="0.019999999999996" classname="table_aet07" name="AET07_variant_1_is_produced_correctly">
      <error type="error" message="Error in `h(simpleError(msg, call))`: error in evaluating the argument 'x' in selecting a method for function 'toString': missing value where TRUE/FALSE needed ('test-table_aet07.R:49:3')">Error in `h(simpleError(msg, call))`: error in evaluating the argument 'x' in selecting a method for function 'toString': missing value where TRUE/FALSE needed
Backtrace:
    x
 1. \-testthat::expect_snapshot(res) at test-table_aet07.R:49:3
 2.   \-rlang::cnd_signal(state$error)</error>
    </testcase>
    <testcase time="0.0589999999999975" classname="table_aet07" name="AET07_variant_2_is_produced_correctly"/>
    <testcase time="0.019999999999996" classname="table_aet07" name="AET07_variant_2_is_produced_correctly">
      <error type="error" message="Error in `h(simpleError(msg, call))`: error in evaluating the argument 'x' in selecting a method for function 'toString': missing value where TRUE/FALSE needed ('test-table_aet07.R:78:3')">Error in `h(simpleError(msg, call))`: error in evaluating the argument 'x' in selecting a method for function 'toString': missing value where TRUE/FALSE needed
Backtrace:
    x
 1. \-testthat::expect_snapshot(res) at test-table_aet07.R:78:3
 2.   \-rlang::cnd_signal(state$error)</error>
    </testcase>
  </testsuite>
  <testsuite name="table_aet09" timestamp="2024-11-28T06:27:17Z" hostname="1408123010a8" tests="4" skipped="0" failures="0" errors="2" time="1.699">
    <testcase time="0.536000000000001" classname="table_aet09" name="AET09_variant_1_is_produced_correctly_AE_related_to_study_drug"/>
    <testcase time="0.0919999999999987" classname="table_aet09" name="AET09_variant_1_is_produced_correctly_AE_related_to_study_drug">
      <error type="error" message="Error in `h(simpleError(msg, call))`: error in evaluating the argument 'x' in selecting a method for function 'toString': missing value where TRUE/FALSE needed ('test-table_aet09.R:46:3')">Error in `h(simpleError(msg, call))`: error in evaluating the argument 'x' in selecting a method for function 'toString': missing value where TRUE/FALSE needed
Backtrace:
    x
 1. \-testthat::expect_snapshot(res) at test-table_aet09.R:46:3
 2.   \-rlang::cnd_signal(state$error)</error>
    </testcase>
    <testcase time="0.904000000000011" classname="table_aet09" name="AET09_variant_2_is_produced_correctly_AE_related_to_study_drug_including_high_level_terms_"/>
    <testcase time="0.167000000000002" classname="table_aet09" name="AET09_variant_2_is_produced_correctly_AE_related_to_study_drug_including_high_level_terms_">
      <error type="error" message="Error in `h(simpleError(msg, call))`: error in evaluating the argument 'x' in selecting a method for function 'toString': missing value where TRUE/FALSE needed ('test-table_aet09.R:103:3')">Error in `h(simpleError(msg, call))`: error in evaluating the argument 'x' in selecting a method for function 'toString': missing value where TRUE/FALSE needed
Backtrace:
    x
 1. \-testthat::expect_snapshot(res) at test-table_aet09.R:103:3
 2.   \-rlang::cnd_signal(state$error)</error>
    </testcase>
  </testsuite>
  <testsuite name="table_aet09_smq" timestamp="2024-11-28T06:27:19Z" hostname="1408123010a8" tests="4" skipped="0" failures="0" errors="2" time="0.434">
    <testcase time="0.128" classname="table_aet09_smq" name="AET09_variant_1_AEs_related_to_study_drug_by_SMQ_is_produced_correctly"/>
    <testcase time="0.0349999999999966" classname="table_aet09_smq" name="AET09_variant_1_AEs_related_to_study_drug_by_SMQ_is_produced_correctly">
      <error type="error" message="Error in `h(simpleError(msg, call))`: error in evaluating the argument 'x' in selecting a method for function 'toString': missing value where TRUE/FALSE needed ('test-table_aet09_smq.R:69:3')">Error in `h(simpleError(msg, call))`: error in evaluating the argument 'x' in selecting a method for function 'toString': missing value where TRUE/FALSE needed
Backtrace:
    x
 1. \-testthat::expect_snapshot(res) at test-table_aet09_smq.R:69:3
 2.   \-rlang::cnd_signal(state$error)</error>
    </testcase>
    <testcase time="0.209000000000003" classname="table_aet09_smq" name="AET09_variant_2_AEs_related_to_study_drug_by_SMQ_with_customized_queries_is_produced_correctly"/>
    <testcase time="0.0619999999999976" classname="table_aet09_smq" name="AET09_variant_2_AEs_related_to_study_drug_by_SMQ_with_customized_queries_is_produced_correctly">
      <error type="error" message="Error in `h(simpleError(msg, call))`: error in evaluating the argument 'x' in selecting a method for function 'toString': missing value where TRUE/FALSE needed ('test-table_aet09_smq.R:128:5')">Error in `h(simpleError(msg, call))`: error in evaluating the argument 'x' in selecting a method for function 'toString': missing value where TRUE/FALSE needed
Backtrace:
    x
 1. \-testthat::expect_snapshot(res) at test-table_aet09_smq.R:128:5
 2.   \-rlang::cnd_signal(state$error)</error>
    </testcase>
  </testsuite>
  <testsuite name="table_aet10" timestamp="2024-11-28T06:27:19Z" hostname="1408123010a8" tests="2" skipped="0" failures="0" errors="1" time="0.135">
    <testcase time="0.109000000000009" classname="table_aet10" name="AET10_default_variant_is_produced_correctly"/>
    <testcase time="0.0259999999999962" classname="table_aet10" name="AET10_default_variant_is_produced_correctly">
      <error type="error" message="Error in `h(simpleError(msg, call))`: error in evaluating the argument 'x' in selecting a method for function 'toString': missing value where TRUE/FALSE needed ('test-table_aet10.R:23:3')">Error in `h(simpleError(msg, call))`: error in evaluating the argument 'x' in selecting a method for function 'toString': missing value where TRUE/FALSE needed
Backtrace:
    x
 1. \-testthat::expect_snapshot(res) at test-table_aet10.R:23:3
 2.   \-rlang::cnd_signal(state$error)</error>
    </testcase>
  </testsuite>
  <testsuite name="table_aovt01" timestamp="2024-11-28T06:27:19Z" hostname="1408123010a8" tests="4" skipped="0" failures="0" errors="2" time="1.07">
    <testcase time="0.369" classname="table_aovt01" name="AOVT01_variant_with_single_endpoint_is_produced_correctly"/>
    <testcase time="0.0430000000000064" classname="table_aovt01" name="AOVT01_variant_with_single_endpoint_is_produced_correctly">
      <error type="error" message="Error in `h(simpleError(msg, call))`: error in evaluating the argument 'x' in selecting a method for function 'toString': missing value where TRUE/FALSE needed ('test-table_aovt01.R:33:3')">Error in `h(simpleError(msg, call))`: error in evaluating the argument 'x' in selecting a method for function 'toString': missing value where TRUE/FALSE needed
Backtrace:
    x
 1. \-testthat::expect_snapshot(res) at test-table_aovt01.R:33:3
 2.   \-rlang::cnd_signal(state$error)</error>
    </testcase>
    <testcase time="0.569999999999993" classname="table_aovt01" name="AOVT01_variant_with_multiple_endpoints_is_produced_correctly"/>
    <testcase time="0.0879999999999939" classname="table_aovt01" name="AOVT01_variant_with_multiple_endpoints_is_produced_correctly">
      <error type="error" message="Error in `h(simpleError(msg, call))`: error in evaluating the argument 'x' in selecting a method for function 'toString': missing value where TRUE/FALSE needed ('test-table_aovt01.R:52:3')">Error in `h(simpleError(msg, call))`: error in evaluating the argument 'x' in selecting a method for function 'toString': missing value where TRUE/FALSE needed
Backtrace:
    x
 1. \-testthat::expect_snapshot(res) at test-table_aovt01.R:52:3
 2.   \-rlang::cnd_signal(state$error)</error>
    </testcase>
  </testsuite>
  <testsuite name="table_aovt02" timestamp="2024-11-28T06:27:20Z" hostname="1408123010a8" tests="2" skipped="0" failures="0" errors="0" time="0.391">
    <testcase time="0.297000000000011" classname="table_aovt02" name="AOVT02_is_produced_correctly"/>
    <testcase time="0.0939999999999941" classname="table_aovt02" name="AOVT02_is_produced_correctly"/>
  </testsuite>
  <testsuite name="table_aovt03" timestamp="2024-11-28T06:27:21Z" hostname="1408123010a8" tests="2" skipped="0" failures="0" errors="1" time="0.742">
    <testcase time="0.656999999999996" classname="table_aovt03" name="AOVT03_is_produced_correctly"/>
    <testcase time="0.085000000000008" classname="table_aovt03" name="AOVT03_is_produced_correctly">
      <error type="error" message="Error in `h(simpleError(msg, call))`: error in evaluating the argument 'x' in selecting a method for function 'toString': missing value where TRUE/FALSE needed ('test-table_aovt03.R:44:3')">Error in `h(simpleError(msg, call))`: error in evaluating the argument 'x' in selecting a method for function 'toString': missing value where TRUE/FALSE needed
Backtrace:
    x
 1. \-testthat::expect_snapshot(res) at test-table_aovt03.R:44:3
 2.   \-rlang::cnd_signal(state$error)</error>
    </testcase>
  </testsuite>
  <testsuite name="table_cfbt01" timestamp="2024-11-28T06:27:21Z" hostname="1408123010a8" tests="2" skipped="0" failures="0" errors="0" time="0.646">
    <testcase time="0.435999999999993" classname="table_cfbt01" name="CFBT01_default_variant_is_produced_correctly"/>
    <testcase time="0.210000000000008" classname="table_cfbt01" name="CFBT01_default_variant_is_produced_correctly"/>
  </testsuite>
  <testsuite name="table_cmht01" timestamp="2024-11-28T06:27:22Z" hostname="1408123010a8" tests="4" skipped="0" failures="0" errors="1" time="1.591">
    <testcase time="0.382999999999996" classname="table_cmht01" name="CMHT01_variant_1_is_produced_correctly"/>
    <testcase time="0.0439999999999969" classname="table_cmht01" name="CMHT01_variant_1_is_produced_correctly">
      <error type="error" message="Error in `h(simpleError(msg, call))`: error in evaluating the argument 'x' in selecting a method for function 'toString': missing value where TRUE/FALSE needed ('test-table_cmht01.R:58:3')">Error in `h(simpleError(msg, call))`: error in evaluating the argument 'x' in selecting a method for function 'toString': missing value where TRUE/FALSE needed
Backtrace:
    x
 1. \-testthat::expect_snapshot(res) at test-table_cmht01.R:58:3
 2.   \-rlang::cnd_signal(state$error)</error>
    </testcase>
    <testcase time="0.910000000000011" classname="table_cmht01" name="CMHT01_variant_2_is_produced_correctly"/>
    <testcase time="0.253999999999991" classname="table_cmht01" name="CMHT01_variant_2_is_produced_correctly"/>
  </testsuite>
  <testsuite name="table_cmt01" timestamp="2024-11-28T06:27:24Z" hostname="1408123010a8" tests="8" skipped="0" failures="0" errors="4" time="3.13">
    <testcase time="0.596000000000004" classname="table_cmt01" name="CMT01_default_variant_Concomitant_medications_is_produced_correctly"/>
    <testcase time="0.158000000000001" classname="table_cmt01" name="CMT01_default_variant_Concomitant_medications_is_produced_correctly">
      <error type="error" message="Error in `h(simpleError(msg, call))`: error in evaluating the argument 'x' in selecting a method for function 'toString': missing value where TRUE/FALSE needed ('test-table_cmt01.R:36:3')">Error in `h(simpleError(msg, call))`: error in evaluating the argument 'x' in selecting a method for function 'toString': missing value where TRUE/FALSE needed
Backtrace:
    x
 1. \-testthat::expect_snapshot(res) at test-table_cmt01.R:36:3
 2.   \-rlang::cnd_signal(state$error)</error>
    </testcase>
    <testcase time="0.712999999999994" classname="table_cmt01" name="CMT01_variant_1_prior_medications_is_produced_correctly"/>
    <testcase time="0.174000000000007" classname="table_cmt01" name="CMT01_variant_1_prior_medications_is_produced_correctly">
      <error type="error" message="Error in `h(simpleError(msg, call))`: error in evaluating the argument 'x' in selecting a method for function 'toString': missing value where TRUE/FALSE needed ('test-table_cmt01.R:71:3')">Error in `h(simpleError(msg, call))`: error in evaluating the argument 'x' in selecting a method for function 'toString': missing value where TRUE/FALSE needed
Backtrace:
    x
 1. \-testthat::expect_snapshot(res) at test-table_cmt01.R:71:3
 2.   \-rlang::cnd_signal(state$error)</error>
    </testcase>
    <testcase time="0.575999999999993" classname="table_cmt01" name="CMT01_variant_3_Concomitant_medications_is_produced_correctly"/>
    <testcase time="0.146000000000001" classname="table_cmt01" name="CMT01_variant_3_Concomitant_medications_is_produced_correctly">
      <error type="error" message="Error in `h(simpleError(msg, call))`: error in evaluating the argument 'x' in selecting a method for function 'toString': missing value where TRUE/FALSE needed ('test-table_cmt01.R:104:3')">Error in `h(simpleError(msg, call))`: error in evaluating the argument 'x' in selecting a method for function 'toString': missing value where TRUE/FALSE needed
Backtrace:
    x
 1. \-testthat::expect_snapshot(res) at test-table_cmt01.R:104:3
 2.   \-rlang::cnd_signal(state$error)</error>
    </testcase>
    <testcase time="0.603000000000009" classname="table_cmt01" name="CMT01_variant_4_Concomitant_medications_is_produced_correctly"/>
    <testcase time="0.163999999999987" classname="table_cmt01" name="CMT01_variant_4_Concomitant_medications_is_produced_correctly">
      <error type="error" message="Error in `h(simpleError(msg, call))`: error in evaluating the argument 'x' in selecting a method for function 'toString': missing value where TRUE/FALSE needed ('test-table_cmt01.R:135:3')">Error in `h(simpleError(msg, call))`: error in evaluating the argument 'x' in selecting a method for function 'toString': missing value where TRUE/FALSE needed
Backtrace:
    x
 1. \-testthat::expect_snapshot(res) at test-table_cmt01.R:135:3
 2.   \-rlang::cnd_signal(state$error)</error>
    </testcase>
  </testsuite>
  <testsuite name="table_cmt01a" timestamp="2024-11-28T06:27:27Z" hostname="1408123010a8" tests="8" skipped="0" failures="0" errors="0" time="5.505">
    <testcase time="1.22800000000001" classname="table_cmt01a" name="CMT01A_variant_1_is_produced_correctly"/>
    <testcase time="0.257999999999996" classname="table_cmt01a" name="CMT01A_variant_1_is_produced_correctly"/>
    <testcase time="1.078" classname="table_cmt01a" name="CMT01A_variant_2_is_produced_correctly"/>
    <testcase time="0.257000000000005" classname="table_cmt01a" name="CMT01A_variant_2_is_produced_correctly"/>
    <testcase time="1.08099999999999" classname="table_cmt01a" name="CMT01A_variant_3_is_produced_correctly"/>
    <testcase time="0.260000000000005" classname="table_cmt01a" name="CMT01A_variant_3_is_produced_correctly"/>
    <testcase time="1.111" classname="table_cmt01a" name="CMT01A_variant_4_is_produced_correctly"/>
    <testcase time="0.231999999999999" classname="table_cmt01a" name="CMT01A_variant_4_is_produced_correctly"/>
  </testsuite>
  <testsuite name="table_cmt01b" timestamp="2024-11-28T06:27:32Z" hostname="1408123010a8" tests="6" skipped="0" failures="3" errors="0" time="5.639">
    <testcase time="1.557" classname="table_cmt01b" name="CMT01B_variant_1_is_produced_correctly"/>
    <testcase time="0.372" classname="table_cmt01b" name="CMT01B_variant_1_is_produced_correctly">
      <failure type="failure" message="Snapshot of code has changed: ('test-table_cmt01b.R:88:3')">Snapshot of code has changed:
old[1:6] vs new[1:7]
  Code
    res
  Output
+                                                                                                                         
    ATC Level 1 Text                                                                                                      
      ATC Level 2 Text                                                                                                    
        ATC Level 3 Text                                                                                                  

* Run `testthat::snapshot_accept('table_cmt01b')` to accept the change.
* Run `testthat::snapshot_review('table_cmt01b')` to interactively review the change.</failure>
    </testcase>
    <testcase time="1.229" classname="table_cmt01b" name="CMT01B_variant_2_is_produced_correctly"/>
    <testcase time="0.307000000000002" classname="table_cmt01b" name="CMT01B_variant_2_is_produced_correctly">
      <failure type="failure" message="Snapshot of code has changed: ('test-table_cmt01b.R:146:3')">Snapshot of code has changed:
old[1:6] vs new[1:7]
  Code
    res
  Output
+                                                                                                                     
    ATC Level 3 Text                                                                                                  
      ATC Level 2 Text                                          Placebo     Xanomeline High Dose   Xanomeline Low Dose
        Other Treatment                                          (N=86)            (N=84)                (N=84)       

* Run `testthat::snapshot_accept('table_cmt01b')` to accept the change.
* Run `testthat::snapshot_review('table_cmt01b')` to interactively review the change.</failure>
    </testcase>
    <testcase time="1.53" classname="table_cmt01b" name="CMT01B_variant_4_is_produced_correctly"/>
    <testcase time="0.643999999999991" classname="table_cmt01b" name="CMT01B_variant_4_is_produced_correctly">
      <failure type="failure" message="Snapshot of code has changed: ('test-table_cmt01b.R:219:3')">Snapshot of code has changed:
old[1:6] vs new[1:7]
  Code
    res
  Output
+                                                                                                                         
    ATC Level 1 Text                                                                                                      
      ATC Level 2 Text                                                                                                    
        ATC Level 3 Text                                                                                                  

* Run `testthat::snapshot_accept('table_cmt01b')` to accept the change.
* Run `testthat::snapshot_review('table_cmt01b')` to interactively review the change.</failure>
    </testcase>
  </testsuite>
  <testsuite name="table_cmt02_pt" timestamp="2024-11-28T06:27:38Z" hostname="1408123010a8" tests="2" skipped="0" failures="1" errors="0" time="0.58">
    <testcase time="0.388999999999996" classname="table_cmt02_pt" name="CMT02_PT_default_variant_is_produced_correctly"/>
    <testcase time="0.191000000000003" classname="table_cmt02_pt" name="CMT02_PT_default_variant_is_produced_correctly">
      <failure type="failure" message="Snapshot of code has changed: ('test-table_cmt02_pt.R:42:3')">Snapshot of code has changed:
old[1:6] vs new[1:7]
  Code
    res
  Output
+                                                                                                                                
                                                            Placebo     Xanomeline High Dose   Xanomeline Low Dose   All Patients
    Other Treatment                                          (N=86)            (N=72)                (N=96)            (N=254)   
    

* Run `testthat::snapshot_accept('table_cmt02_pt')` to accept the change.
* Run `testthat::snapshot_review('table_cmt02_pt')` to interactively review the change.</failure>
    </testcase>
  </testsuite>
  <testsuite name="table_coxt01" timestamp="2024-11-28T06:27:38Z" hostname="1408123010a8" tests="8" skipped="0" failures="0" errors="0" time="1.678">
    <testcase time="0.265000000000001" classname="table_coxt01" name="1._Cox_Regression"/>
    <testcase time="0.0790000000000077" classname="table_coxt01" name="1._Cox_Regression"/>
    <testcase time="0.334999999999994" classname="table_coxt01" name="2._Cox_Regression_with_Interaction_Term_"/>
    <testcase time="0.105000000000004" classname="table_coxt01" name="2._Cox_Regression_with_Interaction_Term_"/>
    <testcase time="0.335999999999999" classname="table_coxt01" name="3._Cox_Regression_specifying_covariates_"/>
    <testcase time="0.113" classname="table_coxt01" name="3._Cox_Regression_specifying_covariates_"/>
    <testcase time="0.334000000000003" classname="table_coxt01" name="4._Cox_Regression_setting_strata_ties_and_alpha_level_"/>
    <testcase time="0.11099999999999" classname="table_coxt01" name="4._Cox_Regression_setting_strata_ties_and_alpha_level_"/>
  </testsuite>
  <testsuite name="table_coxt02" timestamp="2024-11-28T06:27:40Z" hostname="1408123010a8" tests="4" skipped="0" failures="0" errors="0" time="0.631">
    <testcase time="0.257000000000005" classname="table_coxt02" name="COXT02_default_variant_1_is_produced_correctly"/>
    <testcase time="0.0730000000000075" classname="table_coxt02" name="COXT02_default_variant_1_is_produced_correctly"/>
    <testcase time="0.234999999999999" classname="table_coxt02" name="COXT02_variant_5_is_produced_correctly"/>
    <testcase time="0.0659999999999883" classname="table_coxt02" name="COXT02_variant_5_is_produced_correctly"/>
  </testsuite>
  <testsuite name="table_disclosures" timestamp="2024-11-28T06:27:41Z" hostname="1408123010a8" tests="12" skipped="0" failures="0" errors="5" time="1.611">
    <testcase time="0.171000000000006" classname="table_disclosures" name="Patient_Disposition_table_is_produced_correctly"/>
    <testcase time="0.0490000000000066" classname="table_disclosures" name="Patient_Disposition_table_is_produced_correctly">
      <error type="error" message="Error in `h(simpleError(msg, call))`: error in evaluating the argument 'x' in selecting a method for function 'toString': missing value where TRUE/FALSE needed ('test-table_disclosures.R:110:3')">Error in `h(simpleError(msg, call))`: error in evaluating the argument 'x' in selecting a method for function 'toString': missing value where TRUE/FALSE needed
Backtrace:
    x
 1. \-testthat::expect_snapshot(res) at test-table_disclosures.R:110:3
 2.   \-rlang::cnd_signal(state$error)</error>
    </testcase>
    <testcase time="0.197999999999993" classname="table_disclosures" name="Demographic_table_is_produced_correctly"/>
    <testcase time="0.0819999999999936" classname="table_disclosures" name="Demographic_table_is_produced_correctly">
      <error type="error" message="Error in `h(simpleError(msg, call))`: error in evaluating the argument 'x' in selecting a method for function 'toString': missing value where TRUE/FALSE needed ('test-table_disclosures.R:131:3')">Error in `h(simpleError(msg, call))`: error in evaluating the argument 'x' in selecting a method for function 'toString': missing value where TRUE/FALSE needed
Backtrace:
    x
 1. \-testthat::expect_snapshot(res) at test-table_disclosures.R:131:3
 2.   \-rlang::cnd_signal(state$error)</error>
    </testcase>
    <testcase time="0.0960000000000036" classname="table_disclosures" name="Enrollment_by_Country_Table_is_produced_correctly"/>
    <testcase time="0.0460000000000065" classname="table_disclosures" name="Enrollment_by_Country_Table_is_produced_correctly">
      <error type="error" message="Error in `h(simpleError(msg, call))`: error in evaluating the argument 'x' in selecting a method for function 'toString': missing value where TRUE/FALSE needed ('test-table_disclosures.R:143:3')">Error in `h(simpleError(msg, call))`: error in evaluating the argument 'x' in selecting a method for function 'toString': missing value where TRUE/FALSE needed
Backtrace:
    x
 1. \-testthat::expect_snapshot(res) at test-table_disclosures.R:143:3
 2.   \-rlang::cnd_signal(state$error)</error>
    </testcase>
    <testcase time="0.0929999999999893" classname="table_disclosures" name="Death_table_is_produced_correctly"/>
    <testcase time="0.0250000000000057" classname="table_disclosures" name="Death_table_is_produced_correctly">
      <error type="error" message="Error in `h(simpleError(msg, call))`: error in evaluating the argument 'x' in selecting a method for function 'toString': missing value where TRUE/FALSE needed ('test-table_disclosures.R:161:3')">Error in `h(simpleError(msg, call))`: error in evaluating the argument 'x' in selecting a method for function 'toString': missing value where TRUE/FALSE needed
Backtrace:
    x
 1. \-testthat::expect_snapshot(res) at test-table_disclosures.R:161:3
 2.   \-rlang::cnd_signal(state$error)</error>
    </testcase>
    <testcase time="0.311999999999998" classname="table_disclosures" name="Table_of_Serious_Adverse_Events_is_produced_correctly_for_one_specific_treatment_arm_"/>
    <testcase time="0.0870000000000033" classname="table_disclosures" name="Table_of_Serious_Adverse_Events_is_produced_correctly_for_one_specific_treatment_arm_"/>
    <testcase time="0.384" classname="table_disclosures" name="Table_of_Non_Serious_Adverse_Events_is_produced_correctly"/>
    <testcase time="0.0679999999999978" classname="table_disclosures" name="Table_of_Non_Serious_Adverse_Events_is_produced_correctly">
      <error type="error" message="Error in `h(simpleError(msg, call))`: error in evaluating the argument 'x' in selecting a method for function 'toString': missing value where TRUE/FALSE needed ('test-table_disclosures.R:211:3')">Error in `h(simpleError(msg, call))`: error in evaluating the argument 'x' in selecting a method for function 'toString': missing value where TRUE/FALSE needed
Backtrace:
    x
 1. \-testthat::expect_snapshot(res) at test-table_disclosures.R:211:3
 2.   \-rlang::cnd_signal(state$error)</error>
    </testcase>
  </testsuite>
  <testsuite name="table_dmt01" timestamp="2024-11-28T06:27:43Z" hostname="1408123010a8" tests="10" skipped="0" failures="0" errors="5" time="2.369">
    <testcase time="1.163" classname="table_dmt01" name="DMT01_variant_1_is_produced_correctly"/>
    <testcase time="0.0880000000000081" classname="table_dmt01" name="DMT01_variant_1_is_produced_correctly">
      <error type="error" message="Error in `h(simpleError(msg, call))`: error in evaluating the argument 'x' in selecting a method for function 'toString': missing value where TRUE/FALSE needed ('test-table_dmt01.R:90:3')">Error in `h(simpleError(msg, call))`: error in evaluating the argument 'x' in selecting a method for function 'toString': missing value where TRUE/FALSE needed
Backtrace:
    x
 1. \-testthat::expect_snapshot(res) at test-table_dmt01.R:90:3
 2.   \-rlang::cnd_signal(state$error)</error>
    </testcase>
    <testcase time="0.210999999999999" classname="table_dmt01" name="DMT01_variant_2_is_produced_correctly"/>
    <testcase time="0.090999999999994" classname="table_dmt01" name="DMT01_variant_2_is_produced_correctly">
      <error type="error" message="Error in `h(simpleError(msg, call))`: error in evaluating the argument 'x' in selecting a method for function 'toString': missing value where TRUE/FALSE needed ('test-table_dmt01.R:113:3')">Error in `h(simpleError(msg, call))`: error in evaluating the argument 'x' in selecting a method for function 'toString': missing value where TRUE/FALSE needed
Backtrace:
    x
 1. \-testthat::expect_snapshot(res) at test-table_dmt01.R:113:3
 2.   \-rlang::cnd_signal(state$error)</error>
    </testcase>
    <testcase time="0.241" classname="table_dmt01" name="DMT01_variant_3_is_produced_correctly"/>
    <testcase time="0.085000000000008" classname="table_dmt01" name="DMT01_variant_3_is_produced_correctly">
      <error type="error" message="Error in `h(simpleError(msg, call))`: error in evaluating the argument 'x' in selecting a method for function 'toString': missing value where TRUE/FALSE needed ('test-table_dmt01.R:132:3')">Error in `h(simpleError(msg, call))`: error in evaluating the argument 'x' in selecting a method for function 'toString': missing value where TRUE/FALSE needed
Backtrace:
    x
 1. \-testthat::expect_snapshot(res) at test-table_dmt01.R:132:3
 2.   \-rlang::cnd_signal(state$error)</error>
    </testcase>
    <testcase time="0.189999999999998" classname="table_dmt01" name="DMT01_variant_4_is_produced_correctly"/>
    <testcase time="0.070999999999998" classname="table_dmt01" name="DMT01_variant_4_is_produced_correctly">
      <error type="error" message="Error in `h(simpleError(msg, call))`: error in evaluating the argument 'x' in selecting a method for function 'toString': missing value where TRUE/FALSE needed ('test-table_dmt01.R:151:3')">Error in `h(simpleError(msg, call))`: error in evaluating the argument 'x' in selecting a method for function 'toString': missing value where TRUE/FALSE needed
Backtrace:
    x
 1. \-testthat::expect_snapshot(res) at test-table_dmt01.R:151:3
 2.   \-rlang::cnd_signal(state$error)</error>
    </testcase>
    <testcase time="0.167000000000002" classname="table_dmt01" name="DMT01_variant_5_is_produced_correctly"/>
    <testcase time="0.0619999999999976" classname="table_dmt01" name="DMT01_variant_5_is_produced_correctly">
      <error type="error" message="Error in `h(simpleError(msg, call))`: error in evaluating the argument 'x' in selecting a method for function 'toString': missing value where TRUE/FALSE needed ('test-table_dmt01.R:169:3')">Error in `h(simpleError(msg, call))`: error in evaluating the argument 'x' in selecting a method for function 'toString': missing value where TRUE/FALSE needed
Backtrace:
    x
 1. \-testthat::expect_snapshot(res) at test-table_dmt01.R:169:3
 2.   \-rlang::cnd_signal(state$error)</error>
    </testcase>
  </testsuite>
  <testsuite name="table_dort01" timestamp="2024-11-28T06:27:45Z" hostname="1408123010a8" tests="8" skipped="0" failures="0" errors="4" time="1.291">
    <testcase time="0.290999999999997" classname="table_dort01" name="DORT01_variant_1_is_produced_correctly"/>
    <testcase time="0.0510000000000019" classname="table_dort01" name="DORT01_variant_1_is_produced_correctly">
      <error type="error" message="Error in `h(simpleError(msg, call))`: error in evaluating the argument 'x' in selecting a method for function 'toString': missing value where TRUE/FALSE needed ('test-table_dort01.R:78:3')">Error in `h(simpleError(msg, call))`: error in evaluating the argument 'x' in selecting a method for function 'toString': missing value where TRUE/FALSE needed
Backtrace:
    x
 1. \-testthat::expect_snapshot(res) at test-table_dort01.R:78:3
 2.   \-rlang::cnd_signal(state$error)</error>
    </testcase>
    <testcase time="0.280000000000001" classname="table_dort01" name="DORT01_variant_2_selecting_sectons_is_produced_correctly"/>
    <testcase time="0.0619999999999976" classname="table_dort01" name="DORT01_variant_2_selecting_sectons_is_produced_correctly">
      <error type="error" message="Error in `h(simpleError(msg, call))`: error in evaluating the argument 'x' in selecting a method for function 'toString': missing value where TRUE/FALSE needed ('test-table_dort01.R:134:3')">Error in `h(simpleError(msg, call))`: error in evaluating the argument 'x' in selecting a method for function 'toString': missing value where TRUE/FALSE needed
Backtrace:
    x
 1. \-testthat::expect_snapshot(res) at test-table_dort01.R:134:3
 2.   \-rlang::cnd_signal(state$error)</error>
    </testcase>
    <testcase time="0.251999999999995" classname="table_dort01" name="DORT01_variant_3_modifying_conftype_and_alpha_level_is_produced_correctly"/>
    <testcase time="0.0520000000000067" classname="table_dort01" name="DORT01_variant_3_modifying_conftype_and_alpha_level_is_produced_correctly">
      <error type="error" message="Error in `h(simpleError(msg, call))`: error in evaluating the argument 'x' in selecting a method for function 'toString': missing value where TRUE/FALSE needed ('test-table_dort01.R:190:3')">Error in `h(simpleError(msg, call))`: error in evaluating the argument 'x' in selecting a method for function 'toString': missing value where TRUE/FALSE needed
Backtrace:
    x
 1. \-testthat::expect_snapshot(res) at test-table_dort01.R:190:3
 2.   \-rlang::cnd_signal(state$error)</error>
    </testcase>
    <testcase time="0.25" classname="table_dort01" name="DORT01_variant_4_modifying_time_point_for_the_xx_duration_is_produced_correctly"/>
    <testcase time="0.0529999999999973" classname="table_dort01" name="DORT01_variant_4_modifying_time_point_for_the_xx_duration_is_produced_correctly">
      <error type="error" message="Error in `h(simpleError(msg, call))`: error in evaluating the argument 'x' in selecting a method for function 'toString': missing value where TRUE/FALSE needed ('test-table_dort01.R:244:3')">Error in `h(simpleError(msg, call))`: error in evaluating the argument 'x' in selecting a method for function 'toString': missing value where TRUE/FALSE needed
Backtrace:
    x
 1. \-testthat::expect_snapshot(res) at test-table_dort01.R:244:3
 2.   \-rlang::cnd_signal(state$error)</error>
    </testcase>
  </testsuite>
  <testsuite name="table_dst01" timestamp="2024-11-28T06:27:46Z" hostname="1408123010a8" tests="4" skipped="0" failures="0" errors="2" time="0.464">
    <testcase time="0.144999999999996" classname="table_dst01" name="DST01_default_variant_is_produced_correctly"/>
    <testcase time="0.0470000000000113" classname="table_dst01" name="DST01_default_variant_is_produced_correctly">
      <error type="error" message="Error in `h(simpleError(msg, call))`: error in evaluating the argument 'x' in selecting a method for function 'toString': missing value where TRUE/FALSE needed ('test-table_dst01.R:44:3')">Error in `h(simpleError(msg, call))`: error in evaluating the argument 'x' in selecting a method for function 'toString': missing value where TRUE/FALSE needed
Backtrace:
    x
 1. \-testthat::expect_snapshot(res) at test-table_dst01.R:44:3
 2.   \-rlang::cnd_signal(state$error)</error>
    </testcase>
    <testcase time="0.210999999999999" classname="table_dst01" name="DST01_variants_2_and_3_are_produced_correctly"/>
    <testcase time="0.0609999999999928" classname="table_dst01" name="DST01_variants_2_and_3_are_produced_correctly">
      <error type="error" message="Error in `h(simpleError(msg, call))`: error in evaluating the argument 'x' in selecting a method for function 'toString': missing value where TRUE/FALSE needed ('test-table_dst01.R:69:3')">Error in `h(simpleError(msg, call))`: error in evaluating the argument 'x' in selecting a method for function 'toString': missing value where TRUE/FALSE needed
Backtrace:
    x
 1. \-testthat::expect_snapshot(res) at test-table_dst01.R:69:3
 2.   \-rlang::cnd_signal(state$error)</error>
    </testcase>
  </testsuite>
  <testsuite name="table_dtht01" timestamp="2024-11-28T06:27:46Z" hostname="1408123010a8" tests="8" skipped="0" failures="0" errors="4" time="0.944">
    <testcase time="0.119" classname="table_dtht01" name="DTHT01_variant_1_is_produced_correctly"/>
    <testcase time="0.0370000000000061" classname="table_dtht01" name="DTHT01_variant_1_is_produced_correctly">
      <error type="error" message="Error in `h(simpleError(msg, call))`: error in evaluating the argument 'x' in selecting a method for function 'toString': missing value where TRUE/FALSE needed ('test-table_dtht01.R:23:3')">Error in `h(simpleError(msg, call))`: error in evaluating the argument 'x' in selecting a method for function 'toString': missing value where TRUE/FALSE needed
Backtrace:
    x
 1. \-testthat::expect_snapshot(res) at test-table_dtht01.R:23:3
 2.   \-rlang::cnd_signal(state$error)</error>
    </testcase>
    <testcase time="0.257999999999996" classname="table_dtht01" name="DTHT01_variant_2_is_produced_correctly"/>
    <testcase time="0.0799999999999983" classname="table_dtht01" name="DTHT01_variant_2_is_produced_correctly">
      <error type="error" message="Error in `h(simpleError(msg, call))`: error in evaluating the argument 'x' in selecting a method for function 'toString': missing value where TRUE/FALSE needed ('test-table_dtht01.R:60:3')">Error in `h(simpleError(msg, call))`: error in evaluating the argument 'x' in selecting a method for function 'toString': missing value where TRUE/FALSE needed
Backtrace:
    x
 1. \-testthat::expect_snapshot(res) at test-table_dtht01.R:60:3
 2.   \-rlang::cnd_signal(state$error)</error>
    </testcase>
    <testcase time="0.165000000000006" classname="table_dtht01" name="DTHT01_variant_3_is_produced_correctly"/>
    <testcase time="0.0420000000000016" classname="table_dtht01" name="DTHT01_variant_3_is_produced_correctly">
      <error type="error" message="Error in `h(simpleError(msg, call))`: error in evaluating the argument 'x' in selecting a method for function 'toString': missing value where TRUE/FALSE needed ('test-table_dtht01.R:104:3')">Error in `h(simpleError(msg, call))`: error in evaluating the argument 'x' in selecting a method for function 'toString': missing value where TRUE/FALSE needed
Backtrace:
    x
 1. \-testthat::expect_snapshot(res) at test-table_dtht01.R:104:3
 2.   \-rlang::cnd_signal(state$error)</error>
    </testcase>
    <testcase time="0.191999999999993" classname="table_dtht01" name="DTHT01_variant_4_is_produced_correctly"/>
    <testcase time="0.0510000000000019" classname="table_dtht01" name="DTHT01_variant_4_is_produced_correctly">
      <error type="error" message="Error in `h(simpleError(msg, call))`: error in evaluating the argument 'x' in selecting a method for function 'toString': missing value where TRUE/FALSE needed ('test-table_dtht01.R:158:3')">Error in `h(simpleError(msg, call))`: error in evaluating the argument 'x' in selecting a method for function 'toString': missing value where TRUE/FALSE needed
Backtrace:
    x
 1. \-testthat::expect_snapshot(res) at test-table_dtht01.R:158:3
 2.   \-rlang::cnd_signal(state$error)</error>
    </testcase>
  </testsuite>
  <testsuite name="table_egt01" timestamp="2024-11-28T06:27:48Z" hostname="1408123010a8" tests="2" skipped="0" failures="0" errors="0" time="3.219">
    <testcase time="2.464" classname="table_egt01" name="EGT01_default_variant_is_produced_correctly"/>
    <testcase time="0.754999999999995" classname="table_egt01" name="EGT01_default_variant_is_produced_correctly"/>
  </testsuite>
  <testsuite name="table_egt02" timestamp="2024-11-28T06:27:52Z" hostname="1408123010a8" tests="4" skipped="0" failures="0" errors="0" time="1.555">
    <testcase time="1.211" classname="table_egt02" name="_EGT02_1._Regardless_of_Abnormality_at_Baseline"/>
    <testcase time="0.0769999999999982" classname="table_egt02" name="_EGT02_1._Regardless_of_Abnormality_at_Baseline"/>
    <testcase time="0.191000000000003" classname="table_egt02" name="_EGT02_2._Among_Subjects_Without_Abnormality_at_Baseline"/>
    <testcase time="0.0760000000000076" classname="table_egt02" name="_EGT02_2._Among_Subjects_Without_Abnormality_at_Baseline"/>
  </testsuite>
  <testsuite name="table_egt03" timestamp="2024-11-28T06:27:52Z" hostname="1408123010a8" tests="8" skipped="0" failures="0" errors="0" time="1.174">
    <testcase time="0.191999999999993" classname="table_egt03" name="EGT03_variant_1_is_produced_correctly"/>
    <testcase time="0.132000000000005" classname="table_egt03" name="EGT03_variant_1_is_produced_correctly"/>
    <testcase time="0.122" classname="table_egt03" name="EGT03_variant_2_is_produced_correctly"/>
    <testcase time="0.108999999999995" classname="table_egt03" name="EGT03_variant_2_is_produced_correctly"/>
    <testcase time="0.182000000000002" classname="table_egt03" name="EGT03_variant_3_is_produced_correctly"/>
    <testcase time="0.117000000000004" classname="table_egt03" name="EGT03_variant_3_is_produced_correctly"/>
    <testcase time="0.186999999999998" classname="table_egt03" name="EGT03_variant_4_is_produced_correctly"/>
    <testcase time="0.132999999999996" classname="table_egt03" name="EGT03_variant_4_is_produced_correctly"/>
  </testsuite>
  <testsuite name="table_egt04" timestamp="2024-11-28T06:27:55Z" hostname="1408123010a8" tests="2" skipped="0" failures="0" errors="0" time="1.818">
    <testcase time="1.47200000000001" classname="table_egt04" name="EGT04_default_variant_is_produced_correctly"/>
    <testcase time="0.345999999999989" classname="table_egt04" name="EGT04_default_variant_is_produced_correctly"/>
  </testsuite>
  <testsuite name="table_egt05_qtcat" timestamp="2024-11-28T06:27:56Z" hostname="1408123010a8" tests="2" skipped="0" failures="1" errors="0" time="2.034">
    <testcase time="1.593" classname="table_egt05_qtcat" name="EGT05_QTCAT_default_variant_is_produced_correctly"/>
    <testcase time="0.441000000000003" classname="table_egt05_qtcat" name="EGT05_QTCAT_default_variant_is_produced_correctly">
      <failure type="failure" message="Snapshot of code has changed: ('test-table_egt05_qtcat.R:88:3')">Snapshot of code has changed:
old[1:6] vs new[1:7]
  Code
    res
  Output
+                                                                                      
    Parameter                                                                          
      Analysis Visit             Placebo     Xanomeline High Dose   Xanomeline Low Dose
        Category                  (N=86)            (N=84)                (N=84)       

* Run `testthat::snapshot_accept('table_egt05_qtcat')` to accept the change.
* Run `testthat::snapshot_review('table_egt05_qtcat')` to interactively review the change.</failure>
    </testcase>
  </testsuite>
  <testsuite name="table_ent" timestamp="2024-11-28T06:27:57Z" hostname="1408123010a8" tests="8" skipped="0" failures="0" errors="4" time="11.853">
    <testcase time="3.101" classname="table_ent" name="ENT01_IT_is_produced_correctly"/>
    <testcase time="0.347999999999999" classname="table_ent" name="ENT01_IT_is_produced_correctly">
      <error type="error" message="Error in `h(simpleError(msg, call))`: error in evaluating the argument 'x' in selecting a method for function 'toString': missing value where TRUE/FALSE needed ('test-table_ent.R:24:3')">Error in `h(simpleError(msg, call))`: error in evaluating the argument 'x' in selecting a method for function 'toString': missing value where TRUE/FALSE needed
Backtrace:
    x
 1. \-testthat::expect_snapshot(res) at test-table_ent.R:24:3
 2.   \-rlang::cnd_signal(state$error)</error>
    </testcase>
    <testcase time="2.03400000000001" classname="table_ent" name="ENT01a_IT_is_produced_correctly"/>
    <testcase time="0.325999999999993" classname="table_ent" name="ENT01a_IT_is_produced_correctly">
      <error type="error" message="Error in `h(simpleError(msg, call))`: error in evaluating the argument 'x' in selecting a method for function 'toString': missing value where TRUE/FALSE needed ('test-table_ent.R:40:3')">Error in `h(simpleError(msg, call))`: error in evaluating the argument 'x' in selecting a method for function 'toString': missing value where TRUE/FALSE needed
Backtrace:
    x
 1. \-testthat::expect_snapshot(res) at test-table_ent.R:40:3
 2.   \-rlang::cnd_signal(state$error)</error>
    </testcase>
    <testcase time="3.209" classname="table_ent" name="ENT02_IT_is_produced_correctly"/>
    <testcase time="0.344999999999999" classname="table_ent" name="ENT02_IT_is_produced_correctly">
      <error type="error" message="Error in `h(simpleError(msg, call))`: error in evaluating the argument 'x' in selecting a method for function 'toString': missing value where TRUE/FALSE needed ('test-table_ent.R:61:3')">Error in `h(simpleError(msg, call))`: error in evaluating the argument 'x' in selecting a method for function 'toString': missing value where TRUE/FALSE needed
Backtrace:
    x
 1. \-testthat::expect_snapshot(res) at test-table_ent.R:61:3
 2.   \-rlang::cnd_signal(state$error)</error>
    </testcase>
    <testcase time="2.145" classname="table_ent" name="ENT02a_IT_is_produced_correctly"/>
    <testcase time="0.344999999999999" classname="table_ent" name="ENT02a_IT_is_produced_correctly">
      <error type="error" message="Error in `h(simpleError(msg, call))`: error in evaluating the argument 'x' in selecting a method for function 'toString': missing value where TRUE/FALSE needed ('test-table_ent.R:79:3')">Error in `h(simpleError(msg, call))`: error in evaluating the argument 'x' in selecting a method for function 'toString': missing value where TRUE/FALSE needed
Backtrace:
    x
 1. \-testthat::expect_snapshot(res) at test-table_ent.R:79:3
 2.   \-rlang::cnd_signal(state$error)</error>
    </testcase>
  </testsuite>
  <testsuite name="table_eudrat01" timestamp="2024-11-28T06:28:09Z" hostname="1408123010a8" tests="2" skipped="0" failures="0" errors="0" time="0.614">
    <testcase time="0.47399999999999" classname="table_eudrat01" name="EUDRAT01_is_produced_correctly"/>
    <testcase time="0.140000000000001" classname="table_eudrat01" name="EUDRAT01_is_produced_correctly"/>
  </testsuite>
  <testsuite name="table_eudrat02" timestamp="2024-11-28T06:28:10Z" hostname="1408123010a8" tests="2" skipped="0" failures="0" errors="0" time="0.457">
    <testcase time="0.366" classname="table_eudrat02" name="EUDRAT02_is_produced_correctly"/>
    <testcase time="0.0910000000000082" classname="table_eudrat02" name="EUDRAT02_is_produced_correctly"/>
  </testsuite>
  <testsuite name="table_ext01" timestamp="2024-11-28T06:28:10Z" hostname="1408123010a8" tests="6" skipped="0" failures="3" errors="0" time="1.575">
    <testcase time="0.350999999999999" classname="table_ext01" name="EXT01_default_variant_with_numeric_parameters_is_produced_correctly"/>
    <testcase time="0.176000000000002" classname="table_ext01" name="EXT01_default_variant_with_numeric_parameters_is_produced_correctly">
      <failure type="failure" message="Snapshot of code has changed: ('test-table_ext01.R:85:3')">Snapshot of code has changed:
old[1:6] vs new[1:7]
  Code
    res
  Output
+                                                                                                          
                                                    Placebo      Xanomeline High Dose   Xanomeline Low Dose
    Parameter Category (Drug A/Drug B)               (N=86)             (N=72)                (N=96)       
    

* Run `testthat::snapshot_accept('table_ext01')` to accept the change.
* Run `testthat::snapshot_review('table_ext01')` to interactively review the change.</failure>
    </testcase>
    <testcase time="0.266999999999996" classname="table_ext01" name="EXT01_variant_with_both_numeric_and_categorical_parameters"/>
    <testcase time="0.213999999999999" classname="table_ext01" name="EXT01_variant_with_both_numeric_and_categorical_parameters">
      <failure type="failure" message="Snapshot of code has changed: ('test-table_ext01.R:129:3')">Snapshot of code has changed:
old[1:6] vs new[1:7]
  Code
    res
  Output
+                                                                                                   
                                             Placebo      Xanomeline High Dose   Xanomeline Low Dose
    Parameter Category (Drug A/Drug B)        (N=86)             (N=72)                (N=96)       
    

* Run `testthat::snapshot_accept('table_ext01')` to accept the change.
* Run `testthat::snapshot_review('table_ext01')` to interactively review the change.</failure>
    </testcase>
    <testcase time="0.314999999999998" classname="table_ext01" name="EXT01_variant_with_user_specified_categories_for_missed_doses"/>
    <testcase time="0.25200000000001" classname="table_ext01" name="EXT01_variant_with_user_specified_categories_for_missed_doses">
      <failure type="failure" message="Snapshot of code has changed: ('test-table_ext01.R:178:3')">Snapshot of code has changed:
old[1:6] vs new[1:7]
  Code
    res
  Output
+                                                                                                   
                                             Placebo      Xanomeline High Dose   Xanomeline Low Dose
    Parameter Category (Drug A/Drug B)        (N=86)             (N=72)                (N=96)       
    

* Run `testthat::snapshot_accept('table_ext01')` to accept the change.
* Run `testthat::snapshot_review('table_ext01')` to interactively review the change.</failure>
    </testcase>
  </testsuite>
  <testsuite name="table_lbt01" timestamp="2024-11-28T06:28:12Z" hostname="1408123010a8" tests="2" skipped="0" failures="0" errors="0" time="2.034">
    <testcase time="1.51599999999999" classname="table_lbt01" name="LBT01_default_variant_is_produced_correctly"/>
    <testcase time="0.518000000000001" classname="table_lbt01" name="LBT01_default_variant_is_produced_correctly"/>
  </testsuite>
  <testsuite name="table_lbt02" timestamp="2024-11-28T06:28:14Z" hostname="1408123010a8" tests="2" skipped="0" failures="0" errors="1" time="1.136">
    <testcase time="0.847999999999999" classname="table_lbt02" name="LBT02_default_variant_is_produced_correctly"/>
    <testcase time="0.287999999999997" classname="table_lbt02" name="LBT02_default_variant_is_produced_correctly">
      <error type="error" message="Error in `h(simpleError(msg, call))`: error in evaluating the argument 'x' in selecting a method for function 'toString': missing value where TRUE/FALSE needed ('test-table_lbt02.R:18:3')">Error in `h(simpleError(msg, call))`: error in evaluating the argument 'x' in selecting a method for function 'toString': missing value where TRUE/FALSE needed
Backtrace:
    x
 1. \-testthat::expect_snapshot(res) at test-table_lbt02.R:18:3
 2.   \-rlang::cnd_signal(state$error)</error>
    </testcase>
  </testsuite>
  <testsuite name="table_lbt03" timestamp="2024-11-28T06:28:15Z" hostname="1408123010a8" tests="2" skipped="0" failures="0" errors="1" time="0.221">
    <testcase time="0.171000000000006" classname="table_lbt03" name="LBT03_default_variant_is_produced_correctly"/>
    <testcase time="0.0499999999999972" classname="table_lbt03" name="LBT03_default_variant_is_produced_correctly">
      <error type="error" message="Error in `h(simpleError(msg, call))`: error in evaluating the argument 'x' in selecting a method for function 'toString': missing value where TRUE/FALSE needed ('test-table_lbt03.R:29:3')">Error in `h(simpleError(msg, call))`: error in evaluating the argument 'x' in selecting a method for function 'toString': missing value where TRUE/FALSE needed
Backtrace:
    x
 1. \-testthat::expect_snapshot(res) at test-table_lbt03.R:29:3
 2.   \-rlang::cnd_signal(state$error)</error>
    </testcase>
  </testsuite>
  <testsuite name="table_lbt04" timestamp="2024-11-28T06:28:16Z" hostname="1408123010a8" tests="2" skipped="0" failures="0" errors="0" time="1.259">
    <testcase time="1.05900000000001" classname="table_lbt04" name="LBT04_default_variant_is_produced_correctly"/>
    <testcase time="0.199999999999989" classname="table_lbt04" name="LBT04_default_variant_is_produced_correctly"/>
  </testsuite>
  <testsuite name="table_lbt05" timestamp="2024-11-28T06:28:17Z" hostname="1408123010a8" tests="6" skipped="0" failures="0" errors="0" time="6.496">
    <testcase time="2.32900000000001" classname="table_lbt05" name="LBT05_variant_1_is_produced_correctly"/>
    <testcase time="0.373999999999995" classname="table_lbt05" name="LBT05_variant_1_is_produced_correctly"/>
    <testcase time="1.32499999999999" classname="table_lbt05" name="LBT05_variant_2_is_produced_correctly"/>
    <testcase time="0.479000000000013" classname="table_lbt05" name="LBT05_variant_2_is_produced_correctly"/>
    <testcase time="1.61799999999999" classname="table_lbt05" name="LBT05_variant_4_is_produced_correctly"/>
    <testcase time="0.371000000000009" classname="table_lbt05" name="LBT05_variant_4_is_produced_correctly"/>
  </testsuite>
  <testsuite name="table_lbt06" timestamp="2024-11-28T06:28:23Z" hostname="1408123010a8" tests="2" skipped="0" failures="0" errors="1" time="0.407">
    <testcase time="0.322000000000003" classname="table_lbt06" name="LBT06_default_variant_is_produced_correctly"/>
    <testcase time="0.0849999999999795" classname="table_lbt06" name="LBT06_default_variant_is_produced_correctly">
      <error type="error" message="Error in `h(simpleError(msg, call))`: error in evaluating the argument 'x' in selecting a method for function 'toString': missing value where TRUE/FALSE needed ('test-table_lbt06.R:32:3')">Error in `h(simpleError(msg, call))`: error in evaluating the argument 'x' in selecting a method for function 'toString': missing value where TRUE/FALSE needed
Backtrace:
    x
 1. \-testthat::expect_snapshot(res) at test-table_lbt06.R:32:3
 2.   \-rlang::cnd_signal(state$error)</error>
    </testcase>
  </testsuite>
  <testsuite name="table_lbt07" timestamp="2024-11-28T06:28:24Z" hostname="1408123010a8" tests="2" skipped="0" failures="1" errors="0" time="2.275">
    <testcase time="1.98400000000001" classname="table_lbt07" name="LBT07_is_produced_correctly"/>
    <testcase time="0.290999999999997" classname="table_lbt07" name="LBT07_is_produced_correctly">
      <failure type="failure" message="Snapshot of code has changed: ('test-table_lbt07.R:87:3')">Snapshot of code has changed:
old[1:6] vs new[1:7]
  Code
    res
  Output
+                                                                                                 
    Parameter                                                                                     
      Direction of Abnormality              Placebo     Xanomeline High Dose   Xanomeline Low Dose
                Highest NCI CTCAE Grade      (N=86)            (N=72)                (N=96)       

* Run `testthat::snapshot_accept('table_lbt07')` to accept the change.
* Run `testthat::snapshot_review('table_lbt07')` to interactively review the change.</failure>
    </testcase>
  </testsuite>
  <testsuite name="table_lbt08" timestamp="2024-11-28T06:28:26Z" hostname="1408123010a8" tests="2" skipped="0" failures="0" errors="0" time="0.383">
    <testcase time="0.262" classname="table_lbt08" name="LBT08_produce_correctly"/>
    <testcase time="0.121000000000009" classname="table_lbt08" name="LBT08_produce_correctly"/>
  </testsuite>
  <testsuite name="table_lbt09" timestamp="2024-11-28T06:28:26Z" hostname="1408123010a8" tests="4" skipped="0" failures="0" errors="0" time="0.906">
    <testcase time="0.305000000000007" classname="table_lbt09" name="LBT09_variant_1_works_as_expected"/>
    <testcase time="0.161000000000001" classname="table_lbt09" name="LBT09_variant_1_works_as_expected"/>
    <testcase time="0.280999999999977" classname="table_lbt09" name="LBT09_variant_2_works_as_expected"/>
    <testcase time="0.15900000000002" classname="table_lbt09" name="LBT09_variant_2_works_as_expected"/>
  </testsuite>
  <testsuite name="table_lbt10" timestamp="2024-11-28T06:28:27Z" hostname="1408123010a8" tests="4" skipped="0" failures="0" errors="2" time="1.173">
    <testcase time="0.691999999999979" classname="table_lbt10" name="LBT10_variant_1_works_as_expected"/>
    <testcase time="0.0380000000000109" classname="table_lbt10" name="LBT10_variant_1_works_as_expected">
      <error type="error" message="Error in `h(simpleError(msg, call))`: error in evaluating the argument 'x' in selecting a method for function 'toString': missing value where TRUE/FALSE needed ('test-table_lbt10.R:86:3')">Error in `h(simpleError(msg, call))`: error in evaluating the argument 'x' in selecting a method for function 'toString': missing value where TRUE/FALSE needed
Backtrace:
    x
 1. \-testthat::expect_snapshot(res) at test-table_lbt10.R:86:3
 2.   \-rlang::cnd_signal(state$error)</error>
    </testcase>
    <testcase time="0.412000000000006" classname="table_lbt10" name="LBT10_variant_2_works_as_expected"/>
    <testcase time="0.0309999999999775" classname="table_lbt10" name="LBT10_variant_2_works_as_expected">
      <error type="error" message="Error in `h(simpleError(msg, call))`: error in evaluating the argument 'x' in selecting a method for function 'toString': missing value where TRUE/FALSE needed ('test-table_lbt10.R:110:3')">Error in `h(simpleError(msg, call))`: error in evaluating the argument 'x' in selecting a method for function 'toString': missing value where TRUE/FALSE needed
Backtrace:
    x
 1. \-testthat::expect_snapshot(res) at test-table_lbt10.R:110:3
 2.   \-rlang::cnd_signal(state$error)</error>
    </testcase>
  </testsuite>
  <testsuite name="table_lbt10_bl" timestamp="2024-11-28T06:28:28Z" hostname="1408123010a8" tests="4" skipped="0" failures="0" errors="2" time="0.457">
    <testcase time="0.251000000000005" classname="table_lbt10_bl" name="LBT10_BL_variant_1_works_as_expected"/>
    <testcase time="0.0370000000000061" classname="table_lbt10_bl" name="LBT10_BL_variant_1_works_as_expected">
      <error type="error" message="Error in `h(simpleError(msg, call))`: error in evaluating the argument 'x' in selecting a method for function 'toString': missing value where TRUE/FALSE needed ('test-table_lbt10_bl.R:45:3')">Error in `h(simpleError(msg, call))`: error in evaluating the argument 'x' in selecting a method for function 'toString': missing value where TRUE/FALSE needed
Backtrace:
    x
 1. \-testthat::expect_snapshot(res) at test-table_lbt10_bl.R:45:3
 2.   \-rlang::cnd_signal(state$error)</error>
    </testcase>
    <testcase time="0.13900000000001" classname="table_lbt10_bl" name="LBT10_BL_variant_2_works_as_expected"/>
    <testcase time="0.0300000000000011" classname="table_lbt10_bl" name="LBT10_BL_variant_2_works_as_expected">
      <error type="error" message="Error in `h(simpleError(msg, call))`: error in evaluating the argument 'x' in selecting a method for function 'toString': missing value where TRUE/FALSE needed ('test-table_lbt10_bl.R:69:3')">Error in `h(simpleError(msg, call))`: error in evaluating the argument 'x' in selecting a method for function 'toString': missing value where TRUE/FALSE needed
Backtrace:
    x
 1. \-testthat::expect_snapshot(res) at test-table_lbt10_bl.R:69:3
 2.   \-rlang::cnd_signal(state$error)</error>
    </testcase>
  </testsuite>
  <testsuite name="table_lbt11" timestamp="2024-11-28T06:28:28Z" hostname="1408123010a8" tests="6" skipped="0" failures="0" errors="3" time="0.622">
    <testcase time="0.205999999999989" classname="table_lbt11" name="LBT11_variant_1_works_as_expected"/>
    <testcase time="0.0420000000000016" classname="table_lbt11" name="LBT11_variant_1_works_as_expected">
      <error type="error" message="Error in `h(simpleError(msg, call))`: error in evaluating the argument 'x' in selecting a method for function 'toString': missing value where TRUE/FALSE needed ('test-table_lbt11.R:85:3')">Error in `h(simpleError(msg, call))`: error in evaluating the argument 'x' in selecting a method for function 'toString': missing value where TRUE/FALSE needed
Backtrace:
    x
 1. \-testthat::expect_snapshot(res) at test-table_lbt11.R:85:3
 2.   \-rlang::cnd_signal(state$error)</error>
    </testcase>
    <testcase time="0.0979999999999848" classname="table_lbt11" name="LBT11_variant_2_works_as_expected"/>
    <testcase time="0.0520000000000209" classname="table_lbt11" name="LBT11_variant_2_works_as_expected">
      <error type="error" message="Error in `h(simpleError(msg, call))`: error in evaluating the argument 'x' in selecting a method for function 'toString': missing value where TRUE/FALSE needed ('test-table_lbt11.R:102:3')">Error in `h(simpleError(msg, call))`: error in evaluating the argument 'x' in selecting a method for function 'toString': missing value where TRUE/FALSE needed
Backtrace:
    x
 1. \-testthat::expect_snapshot(res) at test-table_lbt11.R:102:3
 2.   \-rlang::cnd_signal(state$error)</error>
    </testcase>
    <testcase time="0.161000000000001" classname="table_lbt11" name="LBT11_variant_3_works_as_expected"/>
    <testcase time="0.0629999999999882" classname="table_lbt11" name="LBT11_variant_3_works_as_expected">
      <error type="error" message="Error in `h(simpleError(msg, call))`: error in evaluating the argument 'x' in selecting a method for function 'toString': missing value where TRUE/FALSE needed ('test-table_lbt11.R:135:3')">Error in `h(simpleError(msg, call))`: error in evaluating the argument 'x' in selecting a method for function 'toString': missing value where TRUE/FALSE needed
Backtrace:
    x
 1. \-testthat::expect_snapshot(res) at test-table_lbt11.R:135:3
 2.   \-rlang::cnd_signal(state$error)</error>
    </testcase>
  </testsuite>
  <testsuite name="table_lbt11_bl" timestamp="2024-11-28T06:28:29Z" hostname="1408123010a8" tests="6" skipped="0" failures="0" errors="3" time="0.683">
    <testcase time="0.199000000000012" classname="table_lbt11_bl" name="LBT11_BL_variant_1_works_as_expected"/>
    <testcase time="0.0579999999999927" classname="table_lbt11_bl" name="LBT11_BL_variant_1_works_as_expected">
      <error type="error" message="Error in `h(simpleError(msg, call))`: error in evaluating the argument 'x' in selecting a method for function 'toString': missing value where TRUE/FALSE needed ('test-table_lbt11_bl.R:60:3')">Error in `h(simpleError(msg, call))`: error in evaluating the argument 'x' in selecting a method for function 'toString': missing value where TRUE/FALSE needed
Backtrace:
    x
 1. \-testthat::expect_snapshot(res) at test-table_lbt11_bl.R:60:3
 2.   \-rlang::cnd_signal(state$error)</error>
    </testcase>
    <testcase time="0.11099999999999" classname="table_lbt11_bl" name="LBT11_BL_variant_2_works_as_expected"/>
    <testcase time="0.0370000000000061" classname="table_lbt11_bl" name="LBT11_BL_variant_2_works_as_expected">
      <error type="error" message="Error in `h(simpleError(msg, call))`: error in evaluating the argument 'x' in selecting a method for function 'toString': missing value where TRUE/FALSE needed ('test-table_lbt11_bl.R:77:3')">Error in `h(simpleError(msg, call))`: error in evaluating the argument 'x' in selecting a method for function 'toString': missing value where TRUE/FALSE needed
Backtrace:
    x
 1. \-testthat::expect_snapshot(res) at test-table_lbt11_bl.R:77:3
 2.   \-rlang::cnd_signal(state$error)</error>
    </testcase>
    <testcase time="0.217000000000013" classname="table_lbt11_bl" name="LBT11_BL_variant_3_works_as_expected"/>
    <testcase time="0.0609999999999786" classname="table_lbt11_bl" name="LBT11_BL_variant_3_works_as_expected">
      <error type="error" message="Error in `h(simpleError(msg, call))`: error in evaluating the argument 'x' in selecting a method for function 'toString': missing value where TRUE/FALSE needed ('test-table_lbt11_bl.R:110:3')">Error in `h(simpleError(msg, call))`: error in evaluating the argument 'x' in selecting a method for function 'toString': missing value where TRUE/FALSE needed
Backtrace:
    x
 1. \-testthat::expect_snapshot(res) at test-table_lbt11_bl.R:110:3
 2.   \-rlang::cnd_signal(state$error)</error>
    </testcase>
  </testsuite>
  <testsuite name="table_lbt12" timestamp="2024-11-28T06:28:30Z" hostname="1408123010a8" tests="2" skipped="0" failures="0" errors="1" time="0.35">
    <testcase time="0.302999999999997" classname="table_lbt12" name="LBT12_works_as_expected"/>
    <testcase time="0.0470000000000255" classname="table_lbt12" name="LBT12_works_as_expected">
      <error type="error" message="Error in `h(simpleError(msg, call))`: error in evaluating the argument 'x' in selecting a method for function 'toString': missing value where TRUE/FALSE needed ('test-table_lbt12.R:64:3')">Error in `h(simpleError(msg, call))`: error in evaluating the argument 'x' in selecting a method for function 'toString': missing value where TRUE/FALSE needed
Backtrace:
    x
 1. \-testthat::expect_snapshot(res) at test-table_lbt12.R:64:3
 2.   \-rlang::cnd_signal(state$error)</error>
    </testcase>
  </testsuite>
  <testsuite name="table_lbt12_bl" timestamp="2024-11-28T06:28:30Z" hostname="1408123010a8" tests="2" skipped="0" failures="0" errors="1" time="0.333">
    <testcase time="0.289999999999992" classname="table_lbt12_bl" name="LBT12_BL_works_as_expected"/>
    <testcase time="0.0430000000000064" classname="table_lbt12_bl" name="LBT12_BL_works_as_expected">
      <error type="error" message="Error in `h(simpleError(msg, call))`: error in evaluating the argument 'x' in selecting a method for function 'toString': missing value where TRUE/FALSE needed ('test-table_lbt12_bl.R:64:3')">Error in `h(simpleError(msg, call))`: error in evaluating the argument 'x' in selecting a method for function 'toString': missing value where TRUE/FALSE needed
Backtrace:
    x
 1. \-testthat::expect_snapshot(res) at test-table_lbt12_bl.R:64:3
 2.   \-rlang::cnd_signal(state$error)</error>
    </testcase>
  </testsuite>
  <testsuite name="table_lbt13" timestamp="2024-11-28T06:28:31Z" hostname="1408123010a8" tests="10" skipped="0" failures="5" errors="0" time="2.331">
    <testcase time="0.776999999999987" classname="table_lbt13" name="LBT13_variant_1_LOW_works_as_expected"/>
    <testcase time="0.0949999999999989" classname="table_lbt13" name="LBT13_variant_1_LOW_works_as_expected">
      <failure type="failure" message="Snapshot of code has changed: ('test-table_lbt13.R:79:3')">Snapshot of code has changed:
old[1:6] vs new[1:7]
  Code
    res
  Output
+                                                                                           
    Parameter Code                                                                          
      Visit                                                                                 
        NCI CTCAE Grade at Visit      Placebo     Xanomeline High Dose   Xanomeline Low Dose

* Run `testthat::snapshot_accept('table_lbt13')` to accept the change.
* Run `testthat::snapshot_review('table_lbt13')` to interactively review the change.</failure>
    </testcase>
    <testcase time="0.156000000000006" classname="table_lbt13" name="LBT13_variant_2_HIGH_works_as_expected"/>
    <testcase time="0.078000000000003" classname="table_lbt13" name="LBT13_variant_2_HIGH_works_as_expected">
      <failure type="failure" message="Snapshot of code has changed: ('test-table_lbt13.R:151:3')">Snapshot of code has changed:
old[1:6] vs new[1:7]
  Code
    res
  Output
+                                                                                          
    Parameter Code                                                                         
      Visit                                                                                
        NCI CTCAE Grade at Visit      Placebo    Xanomeline High Dose   Xanomeline Low Dose

* Run `testthat::snapshot_accept('table_lbt13')` to accept the change.
* Run `testthat::snapshot_review('table_lbt13')` to interactively review the change.</failure>
    </testcase>
    <testcase time="0.23599999999999" classname="table_lbt13" name="LBT13_variant_3_LOW_without_baseline_missing_works_as_expected"/>
    <testcase time="0.108000000000004" classname="table_lbt13" name="LBT13_variant_3_LOW_without_baseline_missing_works_as_expected">
      <failure type="failure" message="Snapshot of code has changed: ('test-table_lbt13.R:223:3')">Snapshot of code has changed:
old[1:6] vs new[1:7]
  Code
    res
  Output
+                                                                                           
    Parameter Code                                                                          
      Visit                                                                                 
        NCI CTCAE Grade at Visit      Placebo     Xanomeline High Dose   Xanomeline Low Dose

* Run `testthat::snapshot_accept('table_lbt13')` to accept the change.
* Run `testthat::snapshot_review('table_lbt13')` to interactively review the change.</failure>
    </testcase>
    <testcase time="0.153999999999996" classname="table_lbt13" name="LBT13_variant_4_HIGH_with_missing_baseline_considered_as_grade_0_works_as_expected"/>
    <testcase time="0.070999999999998" classname="table_lbt13" name="LBT13_variant_4_HIGH_with_missing_baseline_considered_as_grade_0_works_as_expected">
      <failure type="failure" message="Snapshot of code has changed: ('test-table_lbt13.R:294:3')">Snapshot of code has changed:
old[1:6] vs new[1:7]
  Code
    res
  Output
+                                                                                          
    Parameter Code                                                                         
      Visit                                                                                
        NCI CTCAE Grade at Visit      Placebo    Xanomeline High Dose   Xanomeline Low Dose

* Run `testthat::snapshot_accept('table_lbt13')` to accept the change.
* Run `testthat::snapshot_review('table_lbt13')` to interactively review the change.</failure>
    </testcase>
    <testcase time="0.411000000000001" classname="table_lbt13" name="LBT14_variant_5_HIGH_with_filled_in_grades_works_as_expected"/>
    <testcase time="0.245000000000005" classname="table_lbt13" name="LBT14_variant_5_HIGH_with_filled_in_grades_works_as_expected">
      <failure type="failure" message="Snapshot of code has changed: ('test-table_lbt13.R:368:3')">Snapshot of code has changed:
old[1:6] vs new[1:7]
  Code
    res
  Output
+                                                                                          
    Parameter Code                                                                         
      Visit                                                                                
        NCI CTCAE Grade at Visit      Placebo    Xanomeline High Dose   Xanomeline Low Dose

* Run `testthat::snapshot_accept('table_lbt13')` to accept the change.
* Run `testthat::snapshot_review('table_lbt13')` to interactively review the change.</failure>
    </testcase>
  </testsuite>
  <testsuite name="table_lbt14" timestamp="2024-11-28T06:28:33Z" hostname="1408123010a8" tests="10" skipped="0" failures="5" errors="0" time="27.921">
    <testcase time="5.66399999999999" classname="table_lbt14" name="LBT14_variant_1_HIGH_works_as_expected"/>
    <testcase time="0.481000000000023" classname="table_lbt14" name="LBT14_variant_1_HIGH_works_as_expected">
      <failure type="failure" message="Snapshot of code has changed: ('test-table_lbt14.R:64:3')">Snapshot of code has changed:
old[1:6] vs new[1:7]
  Code
    res
  Output
+                                                                                                        
    Parameter                                                                                            
          Baseline NCI-CTCAE Grade                 Placebo     Xanomeline High Dose   Xanomeline Low Dose
                  Post-baseline NCI-CTCAE Grade     (N=86)            (N=72)                (N=96)       

* Run `testthat::snapshot_accept('table_lbt14')` to accept the change.
* Run `testthat::snapshot_review('table_lbt14')` to interactively review the change.</failure>
    </testcase>
    <testcase time="5.19199999999998" classname="table_lbt14" name="LBT14_variant_2_LOW_works_as_expected"/>
    <testcase time="0.344999999999999" classname="table_lbt14" name="LBT14_variant_2_LOW_works_as_expected">
      <failure type="failure" message="Snapshot of code has changed: ('test-table_lbt14.R:117:3')">Snapshot of code has changed:
old[1:6] vs new[1:7]
  Code
    res
  Output
+                                                                                                        
    Parameter                                                                                            
          Baseline NCI-CTCAE Grade                 Placebo     Xanomeline High Dose   Xanomeline Low Dose
                  Post-baseline NCI-CTCAE Grade     (N=86)            (N=72)                (N=96)       

* Run `testthat::snapshot_accept('table_lbt14')` to accept the change.
* Run `testthat::snapshot_review('table_lbt14')` to interactively review the change.</failure>
    </testcase>
    <testcase time="3.41200000000001" classname="table_lbt14" name="LBT14_variant_3_LOW_without_baseline_missing_works_as_expected"/>
    <testcase time="0.381" classname="table_lbt14" name="LBT14_variant_3_LOW_without_baseline_missing_works_as_expected">
      <failure type="failure" message="Snapshot of code has changed: ('test-table_lbt14.R:170:3')">Snapshot of code has changed:
old[1:6] vs new[1:7]
  Code
    res
  Output
+                                                                                                        
    Parameter                                                                                            
          Baseline NCI-CTCAE Grade                 Placebo     Xanomeline High Dose   Xanomeline Low Dose
                  Post-baseline NCI-CTCAE Grade     (N=86)            (N=72)                (N=96)       

* Run `testthat::snapshot_accept('table_lbt14')` to accept the change.
* Run `testthat::snapshot_review('table_lbt14')` to interactively review the change.</failure>
    </testcase>
    <testcase time="4.48400000000001" classname="table_lbt14" name="LBT14_variant_4_LOW_and_force_1_missing_both_baseline_and_post_baseline_then_force_the_missing_baseline_as_0_as_expected"/>
    <testcase time="0.259999999999991" classname="table_lbt14" name="LBT14_variant_4_LOW_and_force_1_missing_both_baseline_and_post_baseline_then_force_the_missing_baseline_as_0_as_expected">
      <failure type="failure" message="Snapshot of code has changed: ('test-table_lbt14.R:222:3')">Snapshot of code has changed:
old[1:6] vs new[1:7]
  Code
    res
  Output
+                                                                                                        
    Parameter                                                                                            
          Baseline NCI-CTCAE Grade                 Placebo     Xanomeline High Dose   Xanomeline Low Dose
                  Post-baseline NCI-CTCAE Grade     (N=86)            (N=72)                (N=96)       

* Run `testthat::snapshot_accept('table_lbt14')` to accept the change.
* Run `testthat::snapshot_review('table_lbt14')` to interactively review the change.</failure>
    </testcase>
    <testcase time="4.97300000000001" classname="table_lbt14" name="LBT14_variant_5_HIGH_with_fillings_works_as_expected"/>
    <testcase time="2.72899999999998" classname="table_lbt14" name="LBT14_variant_5_HIGH_with_fillings_works_as_expected">
      <failure type="failure" message="Snapshot of code has changed: ('test-table_lbt14.R:274:3')">Snapshot of code has changed:
old[1:6] vs new[1:7]
  Code
    res
  Output
+                                                                                                        
    Parameter                                                                                            
          Baseline NCI-CTCAE Grade                 Placebo     Xanomeline High Dose   Xanomeline Low Dose
                  Post-baseline NCI-CTCAE Grade     (N=86)            (N=72)                (N=96)       

* Run `testthat::snapshot_accept('table_lbt14')` to accept the change.
* Run `testthat::snapshot_review('table_lbt14')` to interactively review the change.</failure>
    </testcase>
  </testsuite>
  <testsuite name="table_lbt15" timestamp="2024-11-28T06:29:01Z" hostname="1408123010a8" tests="4" skipped="0" failures="2" errors="0" time="1.601">
    <testcase time="0.637" classname="table_lbt15" name="LBT15_variant_1_works_as_expected"/>
    <testcase time="0.209000000000003" classname="table_lbt15" name="LBT15_variant_1_works_as_expected">
      <failure type="failure" message="Snapshot of code has changed: ('test-table_lbt15.R:82:3')">Snapshot of code has changed:
old[1:6] vs new[1:7]
  Code
    res
  Output
+                                                                                                                 
    Category for Lab Test                                                                                         
      Parameter                              Placebo     Xanomeline High Dose   Xanomeline Low Dose   All Patients
                Direction of Abnormality     (N=86)             (N=84)                (N=84)            (N=254)   

* Run `testthat::snapshot_accept('table_lbt15')` to accept the change.
* Run `testthat::snapshot_review('table_lbt15')` to interactively review the change.</failure>
    </testcase>
    <testcase time="0.550000000000011" classname="table_lbt15" name="LBT15_variant_2_works_as_expected"/>
    <testcase time="0.204999999999984" classname="table_lbt15" name="LBT15_variant_2_works_as_expected">
      <failure type="failure" message="Snapshot of code has changed: ('test-table_lbt15.R:89:3')">Snapshot of code has changed:
old[1:6] vs new[1:7]
  Code
    res
  Output
+                                                                                                                  
    Category for Lab Test                                                                                          
      Parameter                              Placebo     Xanomeline High Dose   Xanomeline Low Dose   All Patients 
                Direction of Abnormality     (N=86)             (N=84)                (N=84)             (N=254)   

* Run `testthat::snapshot_accept('table_lbt15')` to accept the change.
* Run `testthat::snapshot_review('table_lbt15')` to interactively review the change.</failure>
    </testcase>
  </testsuite>
  <testsuite name="table_lgrt02" timestamp="2024-11-28T06:29:02Z" hostname="1408123010a8" tests="8" skipped="0" failures="0" errors="0" time="2.862">
    <testcase time="0.524000000000001" classname="table_lgrt02" name="LGRT02_without_interaction_term_is_produced_correctly"/>
    <testcase time="0.164000000000016" classname="table_lgrt02" name="LGRT02_without_interaction_term_is_produced_correctly"/>
    <testcase time="0.581999999999994" classname="table_lgrt02" name="LGRT02_with_categorical_interaction_is_produced_correctly"/>
    <testcase time="0.176999999999992" classname="table_lgrt02" name="LGRT02_with_categorical_interaction_is_produced_correctly"/>
    <testcase time="0.580000000000013" classname="table_lgrt02" name="LGRT02_with_continuous_interaction_is_produced_correctly"/>
    <testcase time="0.174000000000007" classname="table_lgrt02" name="LGRT02_with_continuous_interaction_is_produced_correctly"/>
    <testcase time="0.504999999999995" classname="table_lgrt02" name="LGRT02_with_setting_values_indicating_an_event_and_custom_alpha_level_is_produced_correctly"/>
    <testcase time="0.156000000000006" classname="table_lgrt02" name="LGRT02_with_setting_values_indicating_an_event_and_custom_alpha_level_is_produced_correctly"/>
  </testsuite>
  <testsuite name="table_mht01" timestamp="2024-11-28T06:29:05Z" hostname="1408123010a8" tests="8" skipped="0" failures="0" errors="0" time="1.518">
    <testcase time="0.303999999999974" classname="table_mht01" name="MHT01_variant_1_is_produced_accurately"/>
    <testcase time="0.146000000000015" classname="table_mht01" name="MHT01_variant_1_is_produced_accurately"/>
    <testcase time="0.109000000000009" classname="table_mht01" name="MHT01_variant_2_is_produced_accurately"/>
    <testcase time="0.0749999999999886" classname="table_mht01" name="MHT01_variant_2_is_produced_accurately"/>
    <testcase time="0.25800000000001" classname="table_mht01" name="MHT01_variant_3_is_produced_accurately"/>
    <testcase time="0.131" classname="table_mht01" name="MHT01_variant_3_is_produced_accurately"/>
    <testcase time="0.350999999999999" classname="table_mht01" name="MHT01_variant_5_is_produced_accurately"/>
    <testcase time="0.144000000000005" classname="table_mht01" name="MHT01_variant_5_is_produced_accurately"/>
  </testsuite>
  <testsuite name="table_onct05" timestamp="2024-11-28T06:29:07Z" hostname="1408123010a8" tests="8" skipped="0" failures="0" errors="0" time="2.154">
    <testcase time="0.717999999999989" classname="table_onct05" name="ONCT05_variant_1_Objective_Response_Rate_by_Subgroup_is_produced_correctly"/>
    <testcase time="0.106999999999999" classname="table_onct05" name="ONCT05_variant_1_Objective_Response_Rate_by_Subgroup_is_produced_correctly"/>
    <testcase time="0.426999999999992" classname="table_onct05" name="ONCT05_variant_2_Specifying_class_variables_is_produced_correctly"/>
    <testcase time="0.120000000000005" classname="table_onct05" name="ONCT05_variant_2_Specifying_class_variables_is_produced_correctly"/>
    <testcase time="0.191000000000003" classname="table_onct05" name="ONCT05_variant_3_selecting_columns_and_changing_the_alpha_level_is_produced_correctly"/>
    <testcase time="0.078000000000003" classname="table_onct05" name="ONCT05_variant_3_selecting_columns_and_changing_the_alpha_level_is_produced_correctly"/>
    <testcase time="0.405000000000001" classname="table_onct05" name="ONCT05_variant_4_setting_values_indicating_response_is_produced_correctly"/>
    <testcase time="0.108000000000004" classname="table_onct05" name="ONCT05_variant_4_setting_values_indicating_response_is_produced_correctly"/>
  </testsuite>
  <testsuite name="table_pdt01" timestamp="2024-11-28T06:29:09Z" hostname="1408123010a8" tests="2" skipped="0" failures="0" errors="0" time="0.383">
    <testcase time="0.244999999999976" classname="table_pdt01" name="PDT01_is_produced_correctly"/>
    <testcase time="0.138000000000005" classname="table_pdt01" name="PDT01_is_produced_correctly"/>
  </testsuite>
  <testsuite name="table_pdt02" timestamp="2024-11-28T06:29:09Z" hostname="1408123010a8" tests="2" skipped="0" failures="0" errors="0" time="0.222">
    <testcase time="0.149000000000001" classname="table_pdt02" name="PDT02_is_produced_correctly"/>
    <testcase time="0.0730000000000075" classname="table_pdt02" name="PDT02_is_produced_correctly"/>
  </testsuite>
  <testsuite name="table_pkct01" timestamp="2024-11-28T06:29:09Z" hostname="1408123010a8" tests="10" skipped="0" failures="0" errors="0" time="2.942">
    <testcase time="0.256" classname="table_pkct01" name="PKCT01_is_produced_correctly"/>
    <testcase time="0.092000000000013" classname="table_pkct01" name="PKCT01_is_produced_correctly"/>
    <testcase time="0.113999999999976" classname="table_pkct01" name="PKCT01_is_produced_correctly"/>
    <testcase time="0.054000000000002" classname="table_pkct01" name="PKCT01_is_produced_correctly"/>
    <testcase time="0.835000000000008" classname="table_pkct01" name="Specific_PKCT01_features_are_present"/>
    <testcase time="0.205999999999989" classname="table_pkct01" name="Specific_PKCT01_features_are_present"/>
    <testcase time="0.183999999999997" classname="table_pkct01" name="Specific_PKCT01_features_are_present"/>
    <testcase time="0.00300000000001432" classname="table_pkct01" name="Specific_PKCT01_features_are_present"/>
    <testcase time="0.674000000000007" classname="table_pkct01" name="Specific_PKCT01_features_are_present"/>
    <testcase time="0.524000000000001" classname="table_pkct01" name="Specific_PKCT01_features_are_present"/>
  </testsuite>
  <testsuite name="table_pkpt02" timestamp="2024-11-28T06:29:12Z" hostname="1408123010a8" tests="2" skipped="0" failures="0" errors="0" time="0.519">
    <testcase time="0.299999999999983" classname="table_pkpt02" name="PKPT02_is_produced_correctly_for_Drug_X"/>
    <testcase time="0.218999999999994" classname="table_pkpt02" name="PKPT02_is_produced_correctly_for_Drug_X"/>
  </testsuite>
  <testsuite name="table_pkpt03" timestamp="2024-11-28T06:29:13Z" hostname="1408123010a8" tests="2" skipped="0" failures="0" errors="0" time="1.071">
    <testcase time="0.88300000000001" classname="table_pkpt03" name="PKPT03_Drug_X_is_produced_correctly"/>
    <testcase time="0.187999999999988" classname="table_pkpt03" name="PKPT03_Drug_X_is_produced_correctly"/>
  </testsuite>
  <testsuite name="table_pkpt04" timestamp="2024-11-28T06:29:14Z" hostname="1408123010a8" tests="2" skipped="0" failures="0" errors="0" time="0.179">
    <testcase time="0.0960000000000036" classname="table_pkpt04" name="PKPT04_is_produced_correctly_for_Drug_X"/>
    <testcase time="0.0829999999999984" classname="table_pkpt04" name="PKPT04_is_produced_correctly_for_Drug_X"/>
  </testsuite>
  <testsuite name="table_pkpt05" timestamp="2024-11-28T06:29:14Z" hostname="1408123010a8" tests="2" skipped="0" failures="0" errors="0" time="0.39">
    <testcase time="0.284999999999997" classname="table_pkpt05" name="PKPT05_Drug_X_is_produced_correctly"/>
    <testcase time="0.105000000000018" classname="table_pkpt05" name="PKPT05_Drug_X_is_produced_correctly"/>
  </testsuite>
  <testsuite name="table_pkpt06" timestamp="2024-11-28T06:29:15Z" hostname="1408123010a8" tests="4" skipped="0" failures="0" errors="0" time="0.26">
    <testcase time="0.0939999999999941" classname="table_pkpt06" name="PKPT06_is_produced_correctly_for_Drug_X"/>
    <testcase time="0.0619999999999834" classname="table_pkpt06" name="PKPT06_is_produced_correctly_for_Drug_X"/>
    <testcase time="0.0490000000000066" classname="table_pkpt06" name="PKPT06_is_produced_correctly_for_Drug_Y"/>
    <testcase time="0.0550000000000068" classname="table_pkpt06" name="PKPT06_is_produced_correctly_for_Drug_Y"/>
  </testsuite>
  <testsuite name="table_pkpt07" timestamp="2024-11-28T06:29:15Z" hostname="1408123010a8" tests="4" skipped="0" failures="0" errors="0" time="0.515">
    <testcase time="0.206999999999994" classname="table_pkpt07" name="PKPT07_Drug_X_is_produced_correctly"/>
    <testcase time="0.103000000000009" classname="table_pkpt07" name="PKPT07_Drug_X_is_produced_correctly"/>
    <testcase time="0.11099999999999" classname="table_pkpt07" name="PKPT07_Drug_Y_is_produced_correctly"/>
    <testcase time="0.0939999999999941" classname="table_pkpt07" name="PKPT07_Drug_Y_is_produced_correctly"/>
  </testsuite>
  <testsuite name="table_ratet01" timestamp="2024-11-28T06:29:15Z" hostname="1408123010a8" tests="2" skipped="0" failures="0" errors="1" time="0.6">
    <testcase time="0.524000000000001" classname="table_ratet01" name="RATET01_is_produced_correctly"/>
    <testcase time="0.0760000000000218" classname="table_ratet01" name="RATET01_is_produced_correctly">
      <error type="error" message="Error in `h(simpleError(msg, call))`: error in evaluating the argument 'x' in selecting a method for function 'toString': missing value where TRUE/FALSE needed ('test-table_ratet01.R:66:3')">Error in `h(simpleError(msg, call))`: error in evaluating the argument 'x' in selecting a method for function 'toString': missing value where TRUE/FALSE needed
Backtrace:
    x
 1. \-testthat::expect_snapshot(res) at test-table_ratet01.R:66:3
 2.   \-rlang::cnd_signal(state$error)</error>
    </testcase>
  </testsuite>
  <testsuite name="table_rmpt01" timestamp="2024-11-28T06:29:16Z" hostname="1408123010a8" tests="2" skipped="0" failures="0" errors="0" time="0.206">
    <testcase time="0.138999999999982" classname="table_rmpt01" name="RMPT01_is_produced_correctly"/>
    <testcase time="0.0670000000000073" classname="table_rmpt01" name="RMPT01_is_produced_correctly"/>
  </testsuite>
  <testsuite name="table_rmpt03" timestamp="2024-11-28T06:29:16Z" hostname="1408123010a8" tests="4" skipped="0" failures="0" errors="0" time="0.521">
    <testcase time="0.185000000000002" classname="table_rmpt03" name="RMPT03_variant_1_is_produced_correctly"/>
    <testcase time="0.0910000000000082" classname="table_rmpt03" name="RMPT03_variant_1_is_produced_correctly"/>
    <testcase time="0.162000000000006" classname="table_rmpt03" name="RMPT03_variant_2_is_produced_correctly"/>
    <testcase time="0.0829999999999984" classname="table_rmpt03" name="RMPT03_variant_2_is_produced_correctly"/>
  </testsuite>
  <testsuite name="table_rmpt04" timestamp="2024-11-28T06:29:17Z" hostname="1408123010a8" tests="2" skipped="0" failures="0" errors="0" time="0.195">
    <testcase time="0.135000000000019" classname="table_rmpt04" name="RMPT04_variant_1_is_produced_correctly"/>
    <testcase time="0.0600000000000023" classname="table_rmpt04" name="RMPT04_variant_1_is_produced_correctly"/>
  </testsuite>
  <testsuite name="table_rmpt05" timestamp="2024-11-28T06:29:17Z" hostname="1408123010a8" tests="2" skipped="0" failures="0" errors="0" time="0.223">
    <testcase time="0.141999999999996" classname="table_rmpt05" name="RMPT05_is_produced_correctly"/>
    <testcase time="0.0809999999999889" classname="table_rmpt05" name="RMPT05_is_produced_correctly"/>
  </testsuite>
  <testsuite name="table_rmpt06" timestamp="2024-11-28T06:29:17Z" hostname="1408123010a8" tests="8" skipped="0" failures="0" errors="4" time="1.33">
    <testcase time="0.296999999999997" classname="table_rmpt06" name="RMPT06_variant_1_is_produced_correctly"/>
    <testcase time="0.0550000000000068" classname="table_rmpt06" name="RMPT06_variant_1_is_produced_correctly">
      <error type="error" message="Error in `h(simpleError(msg, call))`: error in evaluating the argument 'x' in selecting a method for function 'toString': missing value where TRUE/FALSE needed ('test-table_rmpt06.R:99:3')">Error in `h(simpleError(msg, call))`: error in evaluating the argument 'x' in selecting a method for function 'toString': missing value where TRUE/FALSE needed
Backtrace:
    x
 1. \-testthat::expect_snapshot(res) at test-table_rmpt06.R:99:3
 2.   \-rlang::cnd_signal(state$error)</error>
    </testcase>
    <testcase time="0.211000000000013" classname="table_rmpt06" name="RMPT06_variant_2_is_produced_correctly"/>
    <testcase time="0.0529999999999973" classname="table_rmpt06" name="RMPT06_variant_2_is_produced_correctly">
      <error type="error" message="Error in `h(simpleError(msg, call))`: error in evaluating the argument 'x' in selecting a method for function 'toString': missing value where TRUE/FALSE needed ('test-table_rmpt06.R:148:3')">Error in `h(simpleError(msg, call))`: error in evaluating the argument 'x' in selecting a method for function 'toString': missing value where TRUE/FALSE needed
Backtrace:
    x
 1. \-testthat::expect_snapshot(res) at test-table_rmpt06.R:148:3
 2.   \-rlang::cnd_signal(state$error)</error>
    </testcase>
    <testcase time="0.289999999999992" classname="table_rmpt06" name="RMPT06_variant_3_is_produced_correctly"/>
    <testcase time="0.0589999999999975" classname="table_rmpt06" name="RMPT06_variant_3_is_produced_correctly">
      <error type="error" message="Error in `h(simpleError(msg, call))`: error in evaluating the argument 'x' in selecting a method for function 'toString': missing value where TRUE/FALSE needed ('test-table_rmpt06.R:211:3')">Error in `h(simpleError(msg, call))`: error in evaluating the argument 'x' in selecting a method for function 'toString': missing value where TRUE/FALSE needed
Backtrace:
    x
 1. \-testthat::expect_snapshot(res) at test-table_rmpt06.R:211:3
 2.   \-rlang::cnd_signal(state$error)</error>
    </testcase>
    <testcase time="0.306000000000012" classname="table_rmpt06" name="RMPT06_variant_4_is_produced_correctly"/>
    <testcase time="0.0589999999999975" classname="table_rmpt06" name="RMPT06_variant_4_is_produced_correctly">
      <error type="error" message="Error in `h(simpleError(msg, call))`: error in evaluating the argument 'x' in selecting a method for function 'toString': missing value where TRUE/FALSE needed ('test-table_rmpt06.R:277:3')">Error in `h(simpleError(msg, call))`: error in evaluating the argument 'x' in selecting a method for function 'toString': missing value where TRUE/FALSE needed
Backtrace:
    x
 1. \-testthat::expect_snapshot(res) at test-table_rmpt06.R:277:3
 2.   \-rlang::cnd_signal(state$error)</error>
    </testcase>
  </testsuite>
  <testsuite name="table_rspt01" timestamp="2024-11-28T06:29:18Z" hostname="1408123010a8" tests="12" skipped="0" failures="0" errors="6" time="2.053">
    <testcase time="0.275000000000006" classname="table_rspt01" name="RSPT01_1._Best_Overall_Response"/>
    <testcase time="0.0719999999999743" classname="table_rspt01" name="RSPT01_1._Best_Overall_Response">
      <error type="error" message="Error in `h(simpleError(msg, call))`: error in evaluating the argument 'x' in selecting a method for function 'toString': missing value where TRUE/FALSE needed ('test-table_rspt01.R:46:3')">Error in `h(simpleError(msg, call))`: error in evaluating the argument 'x' in selecting a method for function 'toString': missing value where TRUE/FALSE needed
Backtrace:
    x
 1. \-testthat::expect_snapshot(res) at test-table_rspt01.R:46:3
 2.   \-rlang::cnd_signal(state$error)</error>
    </testcase>
    <testcase time="0.248000000000019" classname="table_rspt01" name="RSPT01_2._Best_Overall_Response_selecting_sections_to_display_"/>
    <testcase time="0.0589999999999975" classname="table_rspt01" name="RSPT01_2._Best_Overall_Response_selecting_sections_to_display_">
      <error type="error" message="Error in `h(simpleError(msg, call))`: error in evaluating the argument 'x' in selecting a method for function 'toString': missing value where TRUE/FALSE needed ('test-table_rspt01.R:73:3')">Error in `h(simpleError(msg, call))`: error in evaluating the argument 'x' in selecting a method for function 'toString': missing value where TRUE/FALSE needed
Backtrace:
    x
 1. \-testthat::expect_snapshot(res) at test-table_rspt01.R:73:3
 2.   \-rlang::cnd_signal(state$error)</error>
    </testcase>
    <testcase time="0.308999999999997" classname="table_rspt01" name="RSPT01_3._Best_Overall_Response_modifying_settings_"/>
    <testcase time="0.0720000000000027" classname="table_rspt01" name="RSPT01_3._Best_Overall_Response_modifying_settings_">
      <error type="error" message="Error in `h(simpleError(msg, call))`: error in evaluating the argument 'x' in selecting a method for function 'toString': missing value where TRUE/FALSE needed ('test-table_rspt01.R:116:3')">Error in `h(simpleError(msg, call))`: error in evaluating the argument 'x' in selecting a method for function 'toString': missing value where TRUE/FALSE needed
Backtrace:
    x
 1. \-testthat::expect_snapshot(res) at test-table_rspt01.R:116:3
 2.   \-rlang::cnd_signal(state$error)</error>
    </testcase>
    <testcase time="0.330999999999989" classname="table_rspt01" name="RSPT01_4._Best_Overall_Response_with_stratified_analysis_"/>
    <testcase time="0.0829999999999984" classname="table_rspt01" name="RSPT01_4._Best_Overall_Response_with_stratified_analysis_">
      <error type="error" message="Error in `h(simpleError(msg, call))`: error in evaluating the argument 'x' in selecting a method for function 'toString': missing value where TRUE/FALSE needed ('test-table_rspt01.R:170:3')">Error in `h(simpleError(msg, call))`: error in evaluating the argument 'x' in selecting a method for function 'toString': missing value where TRUE/FALSE needed
Backtrace:
    x
 1. \-testthat::expect_snapshot(res) at test-table_rspt01.R:170:3
 2.   \-rlang::cnd_signal(state$error)</error>
    </testcase>
    <testcase time="0.26400000000001" classname="table_rspt01" name="RSPT01_5._Best_Overall_Response_modifying_the_definition_of_overall_response_"/>
    <testcase time="0.0620000000000118" classname="table_rspt01" name="RSPT01_5._Best_Overall_Response_modifying_the_definition_of_overall_response_">
      <error type="error" message="Error in `h(simpleError(msg, call))`: error in evaluating the argument 'x' in selecting a method for function 'toString': missing value where TRUE/FALSE needed ('test-table_rspt01.R:202:3')">Error in `h(simpleError(msg, call))`: error in evaluating the argument 'x' in selecting a method for function 'toString': missing value where TRUE/FALSE needed
Backtrace:
    x
 1. \-testthat::expect_snapshot(res) at test-table_rspt01.R:202:3
 2.   \-rlang::cnd_signal(state$error)</error>
    </testcase>
    <testcase time="0.216999999999985" classname="table_rspt01" name="RSPT01_6._Best_Overall_Response_define_new_sections_to_display_"/>
    <testcase time="0.061000000000007" classname="table_rspt01" name="RSPT01_6._Best_Overall_Response_define_new_sections_to_display_">
      <error type="error" message="Error in `h(simpleError(msg, call))`: error in evaluating the argument 'x' in selecting a method for function 'toString': missing value where TRUE/FALSE needed ('test-table_rspt01.R:252:3')">Error in `h(simpleError(msg, call))`: error in evaluating the argument 'x' in selecting a method for function 'toString': missing value where TRUE/FALSE needed
Backtrace:
    x
 1. \-testthat::expect_snapshot(res) at test-table_rspt01.R:252:3
 2.   \-rlang::cnd_signal(state$error)</error>
    </testcase>
  </testsuite>
  <testsuite name="table_ttet01" timestamp="2024-11-28T06:29:20Z" hostname="1408123010a8" tests="14" skipped="0" failures="0" errors="7" time="2.893">
    <testcase time="0.403999999999996" classname="table_ttet01" name="TTET01_default_variant_is_produced_correctly"/>
    <testcase time="0.0889999999999986" classname="table_ttet01" name="TTET01_default_variant_is_produced_correctly">
      <error type="error" message="Error in `h(simpleError(msg, call))`: error in evaluating the argument 'x' in selecting a method for function 'toString': missing value where TRUE/FALSE needed ('test-table_ttet01.R:79:3')">Error in `h(simpleError(msg, call))`: error in evaluating the argument 'x' in selecting a method for function 'toString': missing value where TRUE/FALSE needed
Backtrace:
    x
 1. \-testthat::expect_snapshot(res) at test-table_ttet01.R:79:3
 2.   \-rlang::cnd_signal(state$error)</error>
    </testcase>
    <testcase time="0.427999999999997" classname="table_ttet01" name="TTET01_default_variant_with_Placebo_arm"/>
    <testcase time="0.0730000000000075" classname="table_ttet01" name="TTET01_default_variant_with_Placebo_arm">
      <error type="error" message="Error in `h(simpleError(msg, call))`: error in evaluating the argument 'x' in selecting a method for function 'toString': missing value where TRUE/FALSE needed ('test-table_ttet01.R:140:3')">Error in `h(simpleError(msg, call))`: error in evaluating the argument 'x' in selecting a method for function 'toString': missing value where TRUE/FALSE needed
Backtrace:
    x
 1. \-testthat::expect_snapshot(res) at test-table_ttet01.R:140:3
 2.   \-rlang::cnd_signal(state$error)</error>
    </testcase>
    <testcase time="0.212999999999994" classname="table_ttet01" name="TTET01_variant_2_selecting_sections_to_display"/>
    <testcase time="0.0509999999999877" classname="table_ttet01" name="TTET01_variant_2_selecting_sections_to_display">
      <error type="error" message="Error in `h(simpleError(msg, call))`: error in evaluating the argument 'x' in selecting a method for function 'toString': missing value where TRUE/FALSE needed ('test-table_ttet01.R:185:3')">Error in `h(simpleError(msg, call))`: error in evaluating the argument 'x' in selecting a method for function 'toString': missing value where TRUE/FALSE needed
Backtrace:
    x
 1. \-testthat::expect_snapshot(res) at test-table_ttet01.R:185:3
 2.   \-rlang::cnd_signal(state$error)</error>
    </testcase>
    <testcase time="0.318000000000012" classname="table_ttet01" name="TTET01_variant_3_modifying_analysis_details_like_conftype_ties_alpha_level"/>
    <testcase time="0.0600000000000023" classname="table_ttet01" name="TTET01_variant_3_modifying_analysis_details_like_conftype_ties_alpha_level">
      <error type="error" message="Error in `h(simpleError(msg, call))`: error in evaluating the argument 'x' in selecting a method for function 'toString': missing value where TRUE/FALSE needed ('test-table_ttet01.R:251:3')">Error in `h(simpleError(msg, call))`: error in evaluating the argument 'x' in selecting a method for function 'toString': missing value where TRUE/FALSE needed
Backtrace:
    x
 1. \-testthat::expect_snapshot(res) at test-table_ttet01.R:251:3
 2.   \-rlang::cnd_signal(state$error)</error>
    </testcase>
    <testcase time="0.355999999999995" classname="table_ttet01" name="TTET01_variant_4_with_stratified_analysis"/>
    <testcase time="0.0720000000000027" classname="table_ttet01" name="TTET01_variant_4_with_stratified_analysis">
      <error type="error" message="Error in `h(simpleError(msg, call))`: error in evaluating the argument 'x' in selecting a method for function 'toString': missing value where TRUE/FALSE needed ('test-table_ttet01.R:312:3')">Error in `h(simpleError(msg, call))`: error in evaluating the argument 'x' in selecting a method for function 'toString': missing value where TRUE/FALSE needed
Backtrace:
    x
 1. \-testthat::expect_snapshot(res) at test-table_ttet01.R:312:3
 2.   \-rlang::cnd_signal(state$error)</error>
    </testcase>
    <testcase time="0.301000000000016" classname="table_ttet01" name="TTET01_variant_5_modifying_time_point"/>
    <testcase time="0.0749999999999886" classname="table_ttet01" name="TTET01_variant_5_modifying_time_point">
      <error type="error" message="Error in `h(simpleError(msg, call))`: error in evaluating the argument 'x' in selecting a method for function 'toString': missing value where TRUE/FALSE needed ('test-table_ttet01.R:367:3')">Error in `h(simpleError(msg, call))`: error in evaluating the argument 'x' in selecting a method for function 'toString': missing value where TRUE/FALSE needed
Backtrace:
    x
 1. \-testthat::expect_snapshot(res) at test-table_ttet01.R:367:3
 2.   \-rlang::cnd_signal(state$error)</error>
    </testcase>
    <testcase time="0.37299999999999" classname="table_ttet01" name="TTET01_variant_6_requesting_more_than_one_p_value"/>
    <testcase time="0.0800000000000125" classname="table_ttet01" name="TTET01_variant_6_requesting_more_than_one_p_value">
      <error type="error" message="Error in `h(simpleError(msg, call))`: error in evaluating the argument 'x' in selecting a method for function 'toString': missing value where TRUE/FALSE needed ('test-table_ttet01.R:440:3')">Error in `h(simpleError(msg, call))`: error in evaluating the argument 'x' in selecting a method for function 'toString': missing value where TRUE/FALSE needed
Backtrace:
    x
 1. \-testthat::expect_snapshot(res) at test-table_ttet01.R:440:3
 2.   \-rlang::cnd_signal(state$error)</error>
    </testcase>
  </testsuite>
  <testsuite name="table_vst01" timestamp="2024-11-28T06:29:24Z" hostname="1408123010a8" tests="2" skipped="0" failures="0" errors="0" time="2.097">
    <testcase time="1.68600000000001" classname="table_vst01" name="VST01_default_variant_is_produced_correctly"/>
    <testcase time="0.411000000000001" classname="table_vst01" name="VST01_default_variant_is_produced_correctly"/>
  </testsuite>
  <testsuite name="table_vst02" timestamp="2024-11-28T06:29:26Z" hostname="1408123010a8" tests="4" skipped="0" failures="0" errors="0" time="1.707">
    <testcase time="1.27099999999999" classname="table_vst02" name="1._Vital_Sign_Abnormalities_Regardless_of_Abnormality_at_Baseline_VST02_1_"/>
    <testcase time="0.100999999999999" classname="table_vst02" name="1._Vital_Sign_Abnormalities_Regardless_of_Abnormality_at_Baseline_VST02_1_"/>
    <testcase time="0.241000000000014" classname="table_vst02" name="2._Vital_Sign_Abnormalities_Among_Subject_Without_Abnormality_at_Baseline_VST02_2_"/>
    <testcase time="0.0939999999999941" classname="table_vst02" name="2._Vital_Sign_Abnormalities_Among_Subject_Without_Abnormality_at_Baseline_VST02_2_"/>
  </testsuite>
</testsuites>
