<?xml version="1.0" encoding="UTF-8"?>
<testsuites>
  <testsuite name="listing_adal02" timestamp="2024-11-28T06:37:34Z" hostname="4de1b53e1d4e" tests="1" skipped="1" failures="0" errors="0" time="0.204">
    <testcase time="0.204" classname="listing_adal02" name="ADAL02_listing_is_produced_correctly">
      <skipped message="Reason: On CRAN ('test-listing_adal02.R:109:3')"/>
    </testcase>
  </testsuite>
  <testsuite name="listing_ael01" timestamp="2024-11-28T06:37:34Z" hostname="4de1b53e1d4e" tests="1" skipped="1" failures="0" errors="0" time="0.217">
    <testcase time="0.217000000000001" classname="listing_ael01" name="AEL01_listing_is_produced_correctly">
      <skipped message="Reason: On CRAN ('test-listing_ael01.R:20:3')"/>
    </testcase>
  </testsuite>
  <testsuite name="listing_ael01_nollt" timestamp="2024-11-28T06:37:34Z" hostname="4de1b53e1d4e" tests="1" skipped="1" failures="0" errors="0" time="0.065">
    <testcase time="0.0649999999999995" classname="listing_ael01_nollt" name="AEL01_NOLLT_listing_is_produced_correctly">
      <skipped message="Reason: On CRAN ('test-listing_ael01_nollt.R:23:3')"/>
    </testcase>
  </testsuite>
  <testsuite name="listing_ael02" timestamp="2024-11-28T06:37:34Z" hostname="4de1b53e1d4e" tests="1" skipped="1" failures="0" errors="0" time="0.282">
    <testcase time="0.282" classname="listing_ael02" name="AEL02_listing_is_produced_correctly">
      <skipped message="Reason: On CRAN ('test-listing_ael02.R:60:3')"/>
    </testcase>
  </testsuite>
  <testsuite name="listing_ael02_ed" timestamp="2024-11-28T06:37:35Z" hostname="4de1b53e1d4e" tests="1" skipped="1" failures="0" errors="0" time="0.321">
    <testcase time="0.321" classname="listing_ael02_ed" name="AEL02_ED_listing_is_produced_correctly">
      <skipped message="Reason: On CRAN ('test-listing_ael02_ed.R:77:3')"/>
    </testcase>
  </testsuite>
  <testsuite name="listing_ael03" timestamp="2024-11-28T06:37:35Z" hostname="4de1b53e1d4e" tests="1" skipped="1" failures="0" errors="0" time="0.27">
    <testcase time="0.270000000000001" classname="listing_ael03" name="AEL03_listing_is_produced_correctly">
      <skipped message="Reason: On CRAN ('test-listing_ael03.R:73:3')"/>
    </testcase>
  </testsuite>
  <testsuite name="listing_ael04" timestamp="2024-11-28T06:37:35Z" hostname="4de1b53e1d4e" tests="1" skipped="1" failures="0" errors="0" time="0.188">
    <testcase time="0.187999999999999" classname="listing_ael04" name="AEL04_listing_is_produced_correctly">
      <skipped message="Reason: On CRAN ('test-listing_ael04.R:30:3')"/>
    </testcase>
  </testsuite>
  <testsuite name="listing_cml01" timestamp="2024-11-28T06:37:35Z" hostname="4de1b53e1d4e" tests="1" skipped="1" failures="0" errors="0" time="0.323">
    <testcase time="0.323" classname="listing_cml01" name="CML01_listing_is_produced_correctly">
      <skipped message="Reason: On CRAN ('test-listing_cml01.R:41:3')"/>
    </testcase>
  </testsuite>
  <testsuite name="listing_cml02a_gl" timestamp="2024-11-28T06:37:36Z" hostname="4de1b53e1d4e" tests="1" skipped="1" failures="0" errors="0" time="0.112">
    <testcase time="0.112" classname="listing_cml02a_gl" name="CML02A_GL_listing_is_produced_correctly">
      <skipped message="Reason: On CRAN ('test-listing_cml02a_gl.R:19:3')"/>
    </testcase>
  </testsuite>
  <testsuite name="listing_cml02b_gl" timestamp="2024-11-28T06:37:36Z" hostname="4de1b53e1d4e" tests="1" skipped="1" failures="0" errors="0" time="0.159">
    <testcase time="0.159000000000001" classname="listing_cml02b_gl" name="CML02B_GL_listing_is_produced_correctly">
      <skipped message="Reason: On CRAN ('test-listing_cml02b_gl.R:22:3')"/>
    </testcase>
  </testsuite>
  <testsuite name="listing_dsl01" timestamp="2024-11-28T06:37:36Z" hostname="4de1b53e1d4e" tests="1" skipped="1" failures="0" errors="0" time="0.153">
    <testcase time="0.152999999999999" classname="listing_dsl01" name="DSL01_listing_is_produced_correctly">
      <skipped message="Reason: On CRAN ('test-listing_dsl01.R:31:3')"/>
    </testcase>
  </testsuite>
  <testsuite name="listing_dsl02" timestamp="2024-11-28T06:37:36Z" hostname="4de1b53e1d4e" tests="1" skipped="1" failures="0" errors="0" time="0.065">
    <testcase time="0.0650000000000013" classname="listing_dsl02" name="DSL02_listing_is_produced_correctly">
      <skipped message="Reason: On CRAN ('test-listing_dsl02.R:33:3')"/>
    </testcase>
  </testsuite>
  <testsuite name="listing_dsur4" timestamp="2024-11-28T06:37:36Z" hostname="4de1b53e1d4e" tests="1" skipped="1" failures="0" errors="0" time="0.118">
    <testcase time="0.117999999999999" classname="listing_dsur4" name="DSUR4_listing_is_produced_correctly">
      <skipped message="Reason: On CRAN ('test-listing_dsur4.R:22:3')"/>
    </testcase>
  </testsuite>
  <testsuite name="listing_egl01" timestamp="2024-11-28T06:37:36Z" hostname="4de1b53e1d4e" tests="1" skipped="1" failures="0" errors="0" time="0.406">
    <testcase time="0.406000000000001" classname="listing_egl01" name="EGL01_listing_is_produced_correctly">
      <skipped message="Reason: On CRAN ('test-listing_egl01.R:61:3')"/>
    </testcase>
  </testsuite>
  <testsuite name="listing_exl01" timestamp="2024-11-28T06:37:37Z" hostname="4de1b53e1d4e" tests="1" skipped="1" failures="0" errors="0" time="0.211">
    <testcase time="0.211" classname="listing_exl01" name="EXL01_listing_is_produced_correctly">
      <skipped message="Reason: On CRAN ('test-listing_exl01.R:29:3')"/>
    </testcase>
  </testsuite>
  <testsuite name="listing_lbl01" timestamp="2024-11-28T06:37:37Z" hostname="4de1b53e1d4e" tests="1" skipped="1" failures="0" errors="0" time="0.508">
    <testcase time="0.507999999999999" classname="listing_lbl01" name="LBL01_listing_is_produced_correctly">
      <skipped message="Reason: On CRAN ('test-listing_lbl01.R:52:3')"/>
    </testcase>
  </testsuite>
  <testsuite name="listing_lbl01_rls" timestamp="2024-11-28T06:37:38Z" hostname="4de1b53e1d4e" tests="1" skipped="1" failures="0" errors="0" time="0.514">
    <testcase time="0.514000000000001" classname="listing_lbl01_rls" name="LBL01_RLS_listing_is_produced_correctly">
      <skipped message="Reason: On CRAN ('test-listing_lbl01_rls.R:58:3')"/>
    </testcase>
  </testsuite>
  <testsuite name="listing_lbl02a" timestamp="2024-11-28T06:37:38Z" hostname="4de1b53e1d4e" tests="1" skipped="1" failures="0" errors="0" time="0.243">
    <testcase time="0.243" classname="listing_lbl02a" name="LBL02A_listing_is_produced_correctly">
      <skipped message="Reason: On CRAN ('test-listing_lbl02a.R:50:3')"/>
    </testcase>
  </testsuite>
  <testsuite name="listing_lbl02a_rls" timestamp="2024-11-28T06:37:38Z" hostname="4de1b53e1d4e" tests="1" skipped="1" failures="0" errors="0" time="0.802">
    <testcase time="0.802" classname="listing_lbl02a_rls" name="LBL02A_RLS_listing_is_produced_correctly">
      <skipped message="Reason: On CRAN ('test-listing_lbl02a_rls.R:79:3')"/>
    </testcase>
  </testsuite>
  <testsuite name="listing_lbl02b" timestamp="2024-11-28T06:37:39Z" hostname="4de1b53e1d4e" tests="1" skipped="1" failures="0" errors="0" time="0.245">
    <testcase time="0.244999999999999" classname="listing_lbl02b" name="LBL02B_listing_is_produced_correctly">
      <skipped message="Reason: On CRAN ('test-listing_lbl02b.R:56:3')"/>
    </testcase>
  </testsuite>
  <testsuite name="listing_mhl01" timestamp="2024-11-28T06:37:39Z" hostname="4de1b53e1d4e" tests="1" skipped="1" failures="0" errors="0" time="0.243">
    <testcase time="0.243" classname="listing_mhl01" name="MHL01_listing_is_produced_correctly">
      <skipped message="Reason: On CRAN ('test-listing_mhl01.R:33:3')"/>
    </testcase>
  </testsuite>
  <testsuite name="listing_oncl01" timestamp="2024-11-28T06:37:40Z" hostname="4de1b53e1d4e" tests="1" skipped="1" failures="0" errors="0" time="0.239">
    <testcase time="0.239000000000001" classname="listing_oncl01" name="ONCL01_listing_is_produced_correctly">
      <skipped message="Reason: On CRAN ('test-listing_oncl01.R:61:3')"/>
    </testcase>
  </testsuite>
  <testsuite name="listing_pkcl01" timestamp="2024-11-28T06:37:40Z" hostname="4de1b53e1d4e" tests="1" skipped="1" failures="0" errors="0" time="0.18">
    <testcase time="0.18" classname="listing_pkcl01" name="PKCL01_listing_is_produced_correctly">
      <skipped message="Reason: On CRAN ('test-listing_pkcl01.R:28:3')"/>
    </testcase>
  </testsuite>
  <testsuite name="listing_pkcl02" timestamp="2024-11-28T06:37:40Z" hostname="4de1b53e1d4e" tests="1" skipped="1" failures="0" errors="0" time="0.198">
    <testcase time="0.198" classname="listing_pkcl02" name="PKCL02_listing_is_produced_correctly">
      <skipped message="Reason: On CRAN ('test-listing_pkcl02.R:62:3')"/>
    </testcase>
  </testsuite>
  <testsuite name="listing_pkpl01" timestamp="2024-11-28T06:37:40Z" hostname="4de1b53e1d4e" tests="1" skipped="1" failures="0" errors="0" time="0.222">
    <testcase time="0.222" classname="listing_pkpl01" name="PKPL01_listing_is_produced_correctly">
      <skipped message="Reason: On CRAN ('test-listing_pkpl01.R:38:3')"/>
    </testcase>
  </testsuite>
  <testsuite name="listing_pkpl02" timestamp="2024-11-28T06:37:40Z" hostname="4de1b53e1d4e" tests="1" skipped="1" failures="0" errors="0" time="0.151">
    <testcase time="0.151" classname="listing_pkpl02" name="PKPL02_listing_is_produced_correctly">
      <skipped message="Reason: On CRAN ('test-listing_pkpl02.R:37:3')"/>
    </testcase>
  </testsuite>
  <testsuite name="listing_pkpl04" timestamp="2024-11-28T06:37:41Z" hostname="4de1b53e1d4e" tests="1" skipped="1" failures="0" errors="0" time="0.186">
    <testcase time="0.186" classname="listing_pkpl04" name="PKPL04_listing_is_produced_correctly">
      <skipped message="Reason: On CRAN ('test-listing_pkpl04.R:52:3')"/>
    </testcase>
  </testsuite>
  <testsuite name="listing_vsl01" timestamp="2024-11-28T06:37:41Z" hostname="4de1b53e1d4e" tests="1" skipped="1" failures="0" errors="0" time="0.42">
    <testcase time="0.42" classname="listing_vsl01" name="VSL01_listing_is_produced_correctly">
      <skipped message="Reason: On CRAN ('test-listing_vsl01.R:83:3')"/>
    </testcase>
  </testsuite>
  <testsuite name="pagination_listing" timestamp="2024-11-28T06:37:41Z" hostname="4de1b53e1d4e" tests="13" skipped="0" failures="0" errors="0" time="5.735">
    <testcase time="0.0370000000000008" classname="pagination_listing" name="Direct_pagination_works_fine"/>
    <testcase time="0.955" classname="pagination_listing" name="Direct_pagination_works_fine"/>
    <testcase time="0.00300000000000011" classname="pagination_listing" name="Direct_pagination_works_fine"/>
    <testcase time="0.876999999999999" classname="pagination_listing" name="Direct_pagination_works_fine"/>
    <testcase time="1.202" classname="pagination_listing" name="Direct_pagination_works_fine"/>
    <testcase time="1.429" classname="pagination_listing" name="pagination_counts_the_right_number_of_lines_when_wrapping_on_keycols_is_present"/>
    <testcase time="0.00600000000000023" classname="pagination_listing" name="pagination_counts_the_right_number_of_lines_when_wrapping_on_keycols_is_present"/>
    <testcase time="0.00499999999999901" classname="pagination_listing" name="pagination_counts_the_right_number_of_lines_when_wrapping_on_keycols_is_present"/>
    <testcase time="0.00300000000000011" classname="pagination_listing" name="pagination_counts_the_right_number_of_lines_when_wrapping_on_keycols_is_present"/>
    <testcase time="1.207" classname="pagination_listing" name="pagination_counts_the_right_number_of_lines_when_wrapping_on_keycols_is_present"/>
    <testcase time="0.00499999999999901" classname="pagination_listing" name="pagination_counts_the_right_number_of_lines_when_wrapping_on_keycols_is_present"/>
    <testcase time="0.00300000000000011" classname="pagination_listing" name="pagination_counts_the_right_number_of_lines_when_wrapping_on_keycols_is_present"/>
    <testcase time="0.00300000000000011" classname="pagination_listing" name="pagination_counts_the_right_number_of_lines_when_wrapping_on_keycols_is_present"/>
  </testsuite>
  <testsuite name="pagination_table" timestamp="2024-11-28T06:37:48Z" hostname="4de1b53e1d4e" tests="8" skipped="3" failures="0" errors="4" time="5.038">
    <testcase time="1.311" classname="pagination_table" name="Direct_pagination_with_standard_values">
      <error type="error" message="Error in `if (length(which_is_fist_nzchar) == 1 &amp;&amp; which_is_fist_nzchar &gt;  ('test-pagination_table.R:62:3')">Error in `if (length(which_is_fist_nzchar) == 1 &amp;&amp; which_is_fist_nzchar &gt; 
    1) {
    tl &lt;- tl[-seq(which_is_fist_nzchar)]
}`: missing value where TRUE/FALSE needed
Backtrace:
     x
  1. +-testthat::expect_silent(paginate_table(raw_result, font_size = 12)) at test-pagination_table.R:62:3
  2. | \-testthat:::quasi_capture(enquo(object), NULL, evaluate_promise)
  3. |   +-testthat (local) .capture(...)
  4. |   | +-withr::with_output_sink(...)
  5. |   | | \-base::force(code)
  6. |   | +-base::withCallingHandlers(...)
  7. |   | \-base::withVisible(code)
  8. |   \-rlang::eval_bare(quo_get_expr(.quo), quo_get_env(.quo))
  9. \-rtables::paginate_table(raw_result, font_size = 12)
 10.   +-formatters::propose_column_widths(...)
 11.   | \-methods::is(x, "MatrixPrintForm")
 12.   +-formatters::matrix_form(...)
 13.   \-rtables::matrix_form(...)
 14.     \-formatters::MatrixPrintForm(...)
 15.       \-formatters:::mform_handle_newlines(ret)</error>
    </testcase>
    <testcase time="0.196999999999999" classname="pagination_table" name="Pagination_with_specific_column_widths_and_minimum_lines_per_page">
      <error type="error" message="Error in `if (length(which_is_fist_nzchar) == 1 &amp;&amp; which_is_fist_nzchar &gt;  ('test-pagination_table.R:69:3')">Error in `if (length(which_is_fist_nzchar) == 1 &amp;&amp; which_is_fist_nzchar &gt; 
    1) {
    tl &lt;- tl[-seq(which_is_fist_nzchar)]
}`: missing value where TRUE/FALSE needed
Backtrace:
    x
 1. \-formatters::propose_column_widths(raw_result) at test-pagination_table.R:69:3
 2.   +-formatters::matrix_form(...)
 3.   \-rtables::matrix_form(...)
 4.     \-formatters::MatrixPrintForm(...)
 5.       \-formatters:::mform_handle_newlines(ret)</error>
    </testcase>
    <testcase time="0.448" classname="pagination_table" name="Pagination_works_also_if_table_is_decorated">
      <error type="error" message="Error in `if (length(which_is_fist_nzchar) == 1 &amp;&amp; which_is_fist_nzchar &gt;  ('test-pagination_table.R:99:3')">Error in `if (length(which_is_fist_nzchar) == 1 &amp;&amp; which_is_fist_nzchar &gt; 
    1) {
    tl &lt;- tl[-seq(which_is_fist_nzchar)]
}`: missing value where TRUE/FALSE needed
Backtrace:
     x
  1. +-testthat::expect_silent(paginate_table(raw_result, lpp = 13)) at test-pagination_table.R:99:3
  2. | \-testthat:::quasi_capture(enquo(object), NULL, evaluate_promise)
  3. |   +-testthat (local) .capture(...)
  4. |   | +-withr::with_output_sink(...)
  5. |   | | \-base::force(code)
  6. |   | +-base::withCallingHandlers(...)
  7. |   | \-base::withVisible(code)
  8. |   \-rlang::eval_bare(quo_get_expr(.quo), quo_get_env(.quo))
  9. \-rtables::paginate_table(raw_result, lpp = 13)
 10.   +-formatters::propose_column_widths(...)
 11.   | \-methods::is(x, "MatrixPrintForm")
 12.   +-formatters::matrix_form(...)
 13.   \-rtables::matrix_form(...)
 14.     \-formatters::MatrixPrintForm(...)
 15.       \-formatters:::mform_handle_newlines(ret)</error>
    </testcase>
    <testcase time="0.698" classname="pagination_table" name="Pagination_works_for_page_types">
      <skipped message="Reason: On CRAN ('test-pagination_table.R:135:3')"/>
    </testcase>
    <testcase time="0.670000000000002" classname="pagination_table" name="Pagination_works_for_page_width_and_height">
      <skipped message="Reason: On CRAN ('test-pagination_table.R:148:3')"/>
    </testcase>
    <testcase time="0.744999999999997" classname="pagination_table" name="Pagination_works_for_page_types">
      <skipped message="Reason: On CRAN ('test-pagination_table.R:162:3')"/>
    </testcase>
    <testcase time="0.809000000000001" classname="pagination_table" name="AET04_variant_2_page_by_pagination_tests"/>
    <testcase time="0.16" classname="pagination_table" name="AET04_variant_2_page_by_pagination_tests">
      <error type="error" message="Error in `if (length(which_is_fist_nzchar) == 1 &amp;&amp; which_is_fist_nzchar &gt;  ('test-pagination_table.R:212:3')">Error in `if (length(which_is_fist_nzchar) == 1 &amp;&amp; which_is_fist_nzchar &gt; 
    1) {
    tl &lt;- tl[-seq(which_is_fist_nzchar)]
}`: missing value where TRUE/FALSE needed
Backtrace:
     x
  1. +-testthat::expect_silent(paginate_table(res)) at test-pagination_table.R:212:3
  2. | \-testthat:::quasi_capture(enquo(object), NULL, evaluate_promise)
  3. |   +-testthat (local) .capture(...)
  4. |   | +-withr::with_output_sink(...)
  5. |   | | \-base::force(code)
  6. |   | +-base::withCallingHandlers(...)
  7. |   | \-base::withVisible(code)
  8. |   \-rlang::eval_bare(quo_get_expr(.quo), quo_get_env(.quo))
  9. \-rtables::paginate_table(res)
 10.   +-formatters::propose_column_widths(...)
 11.   | \-methods::is(x, "MatrixPrintForm")
 12.   +-formatters::matrix_form(...)
 13.   \-rtables::matrix_form(...)
 14.     \-formatters::MatrixPrintForm(...)
 15.       \-formatters:::mform_handle_newlines(ret)</error>
    </testcase>
  </testsuite>
  <testsuite name="table_adat03" timestamp="2024-11-28T06:37:52Z" hostname="4de1b53e1d4e" tests="2" skipped="1" failures="0" errors="0" time="0.541">
    <testcase time="0.420999999999999" classname="table_adat03" name="ADAT03_is_produced_correctly"/>
    <testcase time="0.120000000000001" classname="table_adat03" name="ADAT03_is_produced_correctly">
      <skipped message="Reason: On CRAN ('test-table_adat03.R:72:3')"/>
    </testcase>
  </testsuite>
  <testsuite name="table_aet01" timestamp="2024-11-28T06:37:53Z" hostname="4de1b53e1d4e" tests="8" skipped="0" failures="0" errors="4" time="1.529">
    <testcase time="0.344000000000001" classname="table_aet01" name="Safety_Summary_Variant_1_works_as_expected"/>
    <testcase time="0.0640000000000001" classname="table_aet01" name="Safety_Summary_Variant_1_works_as_expected">
      <error type="error" message="Error in `h(simpleError(msg, call))`: error in evaluating the argument 'x' in selecting a method for function 'toString': missing value where TRUE/FALSE needed ('test-table_aet01.R:105:3')">Error in `h(simpleError(msg, call))`: error in evaluating the argument 'x' in selecting a method for function 'toString': missing value where TRUE/FALSE needed
Backtrace:
    x
 1. \-testthat::expect_snapshot(res) at test-table_aet01.R:105:3
 2.   \-rlang::cnd_signal(state$error)</error>
    </testcase>
    <testcase time="0.319999999999997" classname="table_aet01" name="Safety_Summary_Variant_2_with_Medical_Concepts_Section_works_as_expected"/>
    <testcase time="0.0700000000000003" classname="table_aet01" name="Safety_Summary_Variant_2_with_Medical_Concepts_Section_works_as_expected">
      <error type="error" message="Error in `h(simpleError(msg, call))`: error in evaluating the argument 'x' in selecting a method for function 'toString': missing value where TRUE/FALSE needed ('test-table_aet01.R:172:3')">Error in `h(simpleError(msg, call))`: error in evaluating the argument 'x' in selecting a method for function 'toString': missing value where TRUE/FALSE needed
Backtrace:
    x
 1. \-testthat::expect_snapshot(res) at test-table_aet01.R:172:3
 2.   \-rlang::cnd_signal(state$error)</error>
    </testcase>
    <testcase time="0.261000000000003" classname="table_aet01" name="Safety_Summary_Variant_3_with_Modified_Rows_works_as_expected"/>
    <testcase time="0.046999999999997" classname="table_aet01" name="Safety_Summary_Variant_3_with_Modified_Rows_works_as_expected">
      <error type="error" message="Error in `h(simpleError(msg, call))`: error in evaluating the argument 'x' in selecting a method for function 'toString': missing value where TRUE/FALSE needed ('test-table_aet01.R:233:3')">Error in `h(simpleError(msg, call))`: error in evaluating the argument 'x' in selecting a method for function 'toString': missing value where TRUE/FALSE needed
Backtrace:
    x
 1. \-testthat::expect_snapshot(res) at test-table_aet01.R:233:3
 2.   \-rlang::cnd_signal(state$error)</error>
    </testcase>
    <testcase time="0.359000000000002" classname="table_aet01" name="Safety_Summary_Variant_4_with_Rows_Counting_Events_and_Additional_Sections_works_as_expected"/>
    <testcase time="0.0640000000000001" classname="table_aet01" name="Safety_Summary_Variant_4_with_Rows_Counting_Events_and_Additional_Sections_works_as_expected">
      <error type="error" message="Error in `h(simpleError(msg, call))`: error in evaluating the argument 'x' in selecting a method for function 'toString': missing value where TRUE/FALSE needed ('test-table_aet01.R:310:3')">Error in `h(simpleError(msg, call))`: error in evaluating the argument 'x' in selecting a method for function 'toString': missing value where TRUE/FALSE needed
Backtrace:
    x
 1. \-testthat::expect_snapshot(res) at test-table_aet01.R:310:3
 2.   \-rlang::cnd_signal(state$error)</error>
    </testcase>
  </testsuite>
  <testsuite name="table_aet01_aesi" timestamp="2024-11-28T06:37:54Z" hostname="4de1b53e1d4e" tests="8" skipped="1" failures="0" errors="3" time="2.389">
    <testcase time="0.292999999999999" classname="table_aet01_aesi" name="AET01_AESI_Variant_1_works_as_expected"/>
    <testcase time="0.0500000000000007" classname="table_aet01_aesi" name="AET01_AESI_Variant_1_works_as_expected">
      <error type="error" message="Error in `h(simpleError(msg, call))`: error in evaluating the argument 'x' in selecting a method for function 'toString': missing value where TRUE/FALSE needed ('test-table_aet01_aesi.R:115:3')">Error in `h(simpleError(msg, call))`: error in evaluating the argument 'x' in selecting a method for function 'toString': missing value where TRUE/FALSE needed
Backtrace:
    x
 1. \-testthat::expect_snapshot(res) at test-table_aet01_aesi.R:115:3
 2.   \-rlang::cnd_signal(state$error)</error>
    </testcase>
    <testcase time="0.443999999999999" classname="table_aet01_aesi" name="AET01_AESI_Variant_2_works_as_expected"/>
    <testcase time="0.0869999999999997" classname="table_aet01_aesi" name="AET01_AESI_Variant_2_works_as_expected">
      <error type="error" message="Error in `h(simpleError(msg, call))`: error in evaluating the argument 'x' in selecting a method for function 'toString': missing value where TRUE/FALSE needed ('test-table_aet01_aesi.R:181:3')">Error in `h(simpleError(msg, call))`: error in evaluating the argument 'x' in selecting a method for function 'toString': missing value where TRUE/FALSE needed
Backtrace:
    x
 1. \-testthat::expect_snapshot(res) at test-table_aet01_aesi.R:181:3
 2.   \-rlang::cnd_signal(state$error)</error>
    </testcase>
    <testcase time="0.641000000000002" classname="table_aet01_aesi" name="AET01_AESI_Variant_3_works_as_expected"/>
    <testcase time="0.108000000000001" classname="table_aet01_aesi" name="AET01_AESI_Variant_3_works_as_expected">
      <error type="error" message="Error in `h(simpleError(msg, call))`: error in evaluating the argument 'x' in selecting a method for function 'toString': missing value where TRUE/FALSE needed ('test-table_aet01_aesi.R:410:3')">Error in `h(simpleError(msg, call))`: error in evaluating the argument 'x' in selecting a method for function 'toString': missing value where TRUE/FALSE needed
Backtrace:
    x
 1. \-testthat::expect_snapshot(res) at test-table_aet01_aesi.R:410:3
 2.   \-rlang::cnd_signal(state$error)</error>
    </testcase>
    <testcase time="0.555" classname="table_aet01_aesi" name="AET01_AESI_Variant_4_works_as_expected"/>
    <testcase time="0.210999999999999" classname="table_aet01_aesi" name="AET01_AESI_Variant_4_works_as_expected">
      <skipped message="Reason: On CRAN ('test-table_aet01_aesi.R:550:3')"/>
    </testcase>
  </testsuite>
  <testsuite name="table_aet02" timestamp="2024-11-28T06:37:56Z" hostname="4de1b53e1d4e" tests="24" skipped="12" failures="0" errors="0" time="7.66">
    <testcase time="0.552" classname="table_aet02" name="AET02_variant_1_is_produced_correctly"/>
    <testcase time="0.176000000000002" classname="table_aet02" name="AET02_variant_1_is_produced_correctly">
      <skipped message="Reason: On CRAN ('test-table_aet02.R:66:3')"/>
    </testcase>
    <testcase time="0.640000000000001" classname="table_aet02" name="AET02_variant_2_is_produced_correctly"/>
    <testcase time="0.167999999999999" classname="table_aet02" name="AET02_variant_2_is_produced_correctly">
      <skipped message="Reason: On CRAN ('test-table_aet02.R:129:3')"/>
    </testcase>
    <testcase time="0.939" classname="table_aet02" name="AET02_variant_3_is_produced_correctly"/>
    <testcase time="0.286999999999999" classname="table_aet02" name="AET02_variant_3_is_produced_correctly">
      <skipped message="Reason: On CRAN ('test-table_aet02.R:195:3')"/>
    </testcase>
    <testcase time="0.134999999999998" classname="table_aet02" name="AET02_variant_4_is_produced_correctly"/>
    <testcase time="0.0900000000000034" classname="table_aet02" name="AET02_variant_4_is_produced_correctly">
      <skipped message="Reason: On CRAN ('test-table_aet02.R:220:3')"/>
    </testcase>
    <testcase time="0.415999999999997" classname="table_aet02" name="AET02_variant_5_is_produced_correctly"/>
    <testcase time="0.148000000000003" classname="table_aet02" name="AET02_variant_5_is_produced_correctly">
      <skipped message="Reason: On CRAN ('test-table_aet02.R:267:3')"/>
    </testcase>
    <testcase time="0.415999999999997" classname="table_aet02" name="AET02_variant_6_is_produced_correctly"/>
    <testcase time="0.0900000000000034" classname="table_aet02" name="AET02_variant_6_is_produced_correctly">
      <skipped message="Reason: On CRAN ('test-table_aet02.R:314:3')"/>
    </testcase>
    <testcase time="0.933999999999997" classname="table_aet02" name="AET02_variant_7_is_produced_correctly"/>
    <testcase time="0.128999999999998" classname="table_aet02" name="AET02_variant_7_is_produced_correctly">
      <skipped message="Reason: On CRAN ('test-table_aet02.R:377:3')"/>
    </testcase>
    <testcase time="0.397000000000006" classname="table_aet02" name="AET02_variant_8_is_produced_correctly"/>
    <testcase time="0.0719999999999956" classname="table_aet02" name="AET02_variant_8_is_produced_correctly">
      <skipped message="Reason: On CRAN ('test-table_aet02.R:424:3')"/>
    </testcase>
    <testcase time="0.411000000000001" classname="table_aet02" name="AET02_variant_9_is_produced_correctly"/>
    <testcase time="0.0850000000000009" classname="table_aet02" name="AET02_variant_9_is_produced_correctly">
      <skipped message="Reason: On CRAN ('test-table_aet02.R:471:3')"/>
    </testcase>
    <testcase time="0.411000000000001" classname="table_aet02" name="AET02_variant_10_is_produced_correctly"/>
    <testcase time="0.0859999999999985" classname="table_aet02" name="AET02_variant_10_is_produced_correctly">
      <skipped message="Reason: On CRAN ('test-table_aet02.R:518:3')"/>
    </testcase>
    <testcase time="0.582999999999998" classname="table_aet02" name="AET02_variant_11_is_produced_correctly"/>
    <testcase time="0.0560000000000045" classname="table_aet02" name="AET02_variant_11_is_produced_correctly">
      <skipped message="Reason: On CRAN ('test-table_aet02.R:565:3')"/>
    </testcase>
    <testcase time="0.376999999999995" classname="table_aet02" name="AET02_variant_12_is_produced_correctly"/>
    <testcase time="0.0620000000000047" classname="table_aet02" name="AET02_variant_12_is_produced_correctly">
      <skipped message="Reason: On CRAN ('test-table_aet02.R:611:3')"/>
    </testcase>
  </testsuite>
  <testsuite name="table_aet02_smq" timestamp="2024-11-28T06:38:04Z" hostname="4de1b53e1d4e" tests="4" skipped="0" failures="0" errors="2" time="0.355">
    <testcase time="0.119" classname="table_aet02_smq" name="AET02SMQ_variant_1_is_produced_correctly"/>
    <testcase time="0.0330000000000013" classname="table_aet02_smq" name="AET02SMQ_variant_1_is_produced_correctly">
      <error type="error" message="Error in `h(simpleError(msg, call))`: error in evaluating the argument 'x' in selecting a method for function 'toString': missing value where TRUE/FALSE needed ('test-table_aet02_smq.R:52:3')">Error in `h(simpleError(msg, call))`: error in evaluating the argument 'x' in selecting a method for function 'toString': missing value where TRUE/FALSE needed
Backtrace:
    x
 1. \-testthat::expect_snapshot(res) at test-table_aet02_smq.R:52:3
 2.   \-rlang::cnd_signal(state$error)</error>
    </testcase>
    <testcase time="0.155999999999999" classname="table_aet02_smq" name="AET02SMQ_variant_2_is_produced_correctly"/>
    <testcase time="0.046999999999997" classname="table_aet02_smq" name="AET02SMQ_variant_2_is_produced_correctly">
      <error type="error" message="Error in `h(simpleError(msg, call))`: error in evaluating the argument 'x' in selecting a method for function 'toString': missing value where TRUE/FALSE needed ('test-table_aet02_smq.R:91:3')">Error in `h(simpleError(msg, call))`: error in evaluating the argument 'x' in selecting a method for function 'toString': missing value where TRUE/FALSE needed
Backtrace:
    x
 1. \-testthat::expect_snapshot(res) at test-table_aet02_smq.R:91:3
 2.   \-rlang::cnd_signal(state$error)</error>
    </testcase>
  </testsuite>
  <testsuite name="table_aet03" timestamp="2024-11-28T06:38:04Z" hostname="4de1b53e1d4e" tests="2" skipped="1" failures="0" errors="0" time="1.411">
    <testcase time="1.041" classname="table_aet03" name="AET03_variant_1_is_produced_correctly"/>
    <testcase time="0.369999999999997" classname="table_aet03" name="AET03_variant_1_is_produced_correctly">
      <skipped message="Reason: On CRAN ('test-table_aet03.R:77:3')"/>
    </testcase>
  </testsuite>
  <testsuite name="table_aet04" timestamp="2024-11-28T06:38:07Z" hostname="4de1b53e1d4e" tests="16" skipped="8" failures="0" errors="0" time="5.669">
    <testcase time="0.704999999999998" classname="table_aet04" name="AET04_variant_1_is_produced_correctly"/>
    <testcase time="0.283000000000001" classname="table_aet04" name="AET04_variant_1_is_produced_correctly">
      <skipped message="Reason: On CRAN ('test-table_aet04.R:108:3')"/>
    </testcase>
    <testcase time="0.620000000000005" classname="table_aet04" name="AET04_variant_2_is_produced_correctly_Fill_in_of_Treatment_Groups_"/>
    <testcase time="0.25" classname="table_aet04" name="AET04_variant_2_is_produced_correctly_Fill_in_of_Treatment_Groups_">
      <skipped message="Reason: On CRAN ('test-table_aet04.R:190:3')"/>
    </testcase>
    <testcase time="0.644999999999996" classname="table_aet04" name="AET04_variant_3_is_produced_correctly_Fill_in_of_Grades_"/>
    <testcase time="0.298999999999999" classname="table_aet04" name="AET04_variant_3_is_produced_correctly_Fill_in_of_Grades_">
      <skipped message="Reason: On CRAN ('test-table_aet04.R:269:3')"/>
    </testcase>
    <testcase time="0.669000000000004" classname="table_aet04" name="AET04_variant_4_is_produced_correctly_Collapsing_of_Grades_grades_1_2_grades_3_4_5_"/>
    <testcase time="0.288999999999994" classname="table_aet04" name="AET04_variant_4_is_produced_correctly_Collapsing_of_Grades_grades_1_2_grades_3_4_5_">
      <skipped message="Reason: On CRAN ('test-table_aet04.R:354:3')"/>
    </testcase>
    <testcase time="0.693000000000005" classname="table_aet04" name="AET04_variant_6_is_produced_correctly_with_an_Incidence_Rate_of_at_Least_5_totals_restricted_"/>
    <testcase time="0.289000000000001" classname="table_aet04" name="AET04_variant_6_is_produced_correctly_with_an_Incidence_Rate_of_at_Least_5_totals_restricted_">
      <skipped message="Reason: On CRAN ('test-table_aet04.R:465:5')"/>
    </testcase>
    <testcase time="0.0179999999999936" classname="table_aet04" name="AET04_variant_8_is_produced_correctly_with_an_Incidence_Rate_of_at_Least_X_Patients_"/>
    <testcase time="0.289000000000001" classname="table_aet04" name="AET04_variant_8_is_produced_correctly_with_an_Incidence_Rate_of_at_Least_X_Patients_">
      <skipped message="Reason: On CRAN ('test-table_aet04.R:486:3')"/>
    </testcase>
    <testcase time="0.017000000000003" classname="table_aet04" name="AET04_variant_9_is_produced_correctly_with_a_Difference_in_Incidence_Rate_of_at_Least_X_"/>
    <testcase time="0.295000000000002" classname="table_aet04" name="AET04_variant_9_is_produced_correctly_with_a_Difference_in_Incidence_Rate_of_at_Least_X_">
      <skipped message="Reason: On CRAN ('test-table_aet04.R:502:3')"/>
    </testcase>
    <testcase time="0.0169999999999959" classname="table_aet04" name="AET04_variant_11_is_produced_correctly_with_Incidence_Rate_of_at_Least_X_all_SOCs_w_o_preferred_terms_removed_"/>
    <testcase time="0.291000000000004" classname="table_aet04" name="AET04_variant_11_is_produced_correctly_with_Incidence_Rate_of_at_Least_X_all_SOCs_w_o_preferred_terms_removed_">
      <skipped message="Reason: On CRAN ('test-table_aet04.R:524:5')"/>
    </testcase>
  </testsuite>
  <testsuite name="table_aet04_pi" timestamp="2024-11-28T06:38:12Z" hostname="4de1b53e1d4e" tests="18" skipped="0" failures="0" errors="9" time="5.79">
    <testcase time="0.552" classname="table_aet04_pi" name="AET04_PI_full_table_is_produced_correctly"/>
    <testcase time="0.126999999999995" classname="table_aet04_pi" name="AET04_PI_full_table_is_produced_correctly">
      <error type="error" message="Error in `h(simpleError(msg, call))`: error in evaluating the argument 'x' in selecting a method for function 'toString': missing value where TRUE/FALSE needed ('test-table_aet04_pi.R:66:3')">Error in `h(simpleError(msg, call))`: error in evaluating the argument 'x' in selecting a method for function 'toString': missing value where TRUE/FALSE needed
Backtrace:
    x
 1. \-testthat::expect_snapshot(res) at test-table_aet04_pi.R:66:3
 2.   \-rlang::cnd_signal(state$error)</error>
    </testcase>
    <testcase time="0.587000000000003" classname="table_aet04_pi" name="AET04_PI_variant_1_is_produced_correctly"/>
    <testcase time="0.080999999999996" classname="table_aet04_pi" name="AET04_PI_variant_1_is_produced_correctly">
      <error type="error" message="Error in `h(simpleError(msg, call))`: error in evaluating the argument 'x' in selecting a method for function 'toString': missing value where TRUE/FALSE needed ('test-table_aet04_pi.R:88:3')">Error in `h(simpleError(msg, call))`: error in evaluating the argument 'x' in selecting a method for function 'toString': missing value where TRUE/FALSE needed
Backtrace:
    x
 1. \-testthat::expect_snapshot(res) at test-table_aet04_pi.R:88:3
 2.   \-rlang::cnd_signal(state$error)</error>
    </testcase>
    <testcase time="0.580000000000005" classname="table_aet04_pi" name="AET04_PI_variant_2_is_produced_correctly"/>
    <testcase time="0.0659999999999954" classname="table_aet04_pi" name="AET04_PI_variant_2_is_produced_correctly">
      <error type="error" message="Error in `h(simpleError(msg, call))`: error in evaluating the argument 'x' in selecting a method for function 'toString': missing value where TRUE/FALSE needed ('test-table_aet04_pi.R:111:3')">Error in `h(simpleError(msg, call))`: error in evaluating the argument 'x' in selecting a method for function 'toString': missing value where TRUE/FALSE needed
Backtrace:
    x
 1. \-testthat::expect_snapshot(res) at test-table_aet04_pi.R:111:3
 2.   \-rlang::cnd_signal(state$error)</error>
    </testcase>
    <testcase time="0.578000000000003" classname="table_aet04_pi" name="AET04_PI_variant_3_is_produced_correctly"/>
    <testcase time="0.0609999999999999" classname="table_aet04_pi" name="AET04_PI_variant_3_is_produced_correctly">
      <error type="error" message="Error in `h(simpleError(msg, call))`: error in evaluating the argument 'x' in selecting a method for function 'toString': missing value where TRUE/FALSE needed ('test-table_aet04_pi.R:134:3')">Error in `h(simpleError(msg, call))`: error in evaluating the argument 'x' in selecting a method for function 'toString': missing value where TRUE/FALSE needed
Backtrace:
    x
 1. \-testthat::expect_snapshot(res) at test-table_aet04_pi.R:134:3
 2.   \-rlang::cnd_signal(state$error)</error>
    </testcase>
    <testcase time="0.580999999999996" classname="table_aet04_pi" name="AET04_PI_variant_4_is_produced_correctly"/>
    <testcase time="0.0450000000000017" classname="table_aet04_pi" name="AET04_PI_variant_4_is_produced_correctly">
      <error type="error" message="Error in `h(simpleError(msg, call))`: error in evaluating the argument 'x' in selecting a method for function 'toString': missing value where TRUE/FALSE needed ('test-table_aet04_pi.R:158:3')">Error in `h(simpleError(msg, call))`: error in evaluating the argument 'x' in selecting a method for function 'toString': missing value where TRUE/FALSE needed
Backtrace:
    x
 1. \-testthat::expect_snapshot(res) at test-table_aet04_pi.R:158:3
 2.   \-rlang::cnd_signal(state$error)</error>
    </testcase>
    <testcase time="0.585000000000001" classname="table_aet04_pi" name="AET04_PI_variant_5_is_produced_correctly"/>
    <testcase time="0.0840000000000032" classname="table_aet04_pi" name="AET04_PI_variant_5_is_produced_correctly">
      <error type="error" message="Error in `h(simpleError(msg, call))`: error in evaluating the argument 'x' in selecting a method for function 'toString': missing value where TRUE/FALSE needed ('test-table_aet04_pi.R:182:3')">Error in `h(simpleError(msg, call))`: error in evaluating the argument 'x' in selecting a method for function 'toString': missing value where TRUE/FALSE needed
Backtrace:
    x
 1. \-testthat::expect_snapshot(res) at test-table_aet04_pi.R:182:3
 2.   \-rlang::cnd_signal(state$error)</error>
    </testcase>
    <testcase time="0.732999999999997" classname="table_aet04_pi" name="AET04_PI_variant_6_is_produced_correctly"/>
    <testcase time="0.070999999999998" classname="table_aet04_pi" name="AET04_PI_variant_6_is_produced_correctly">
      <error type="error" message="Error in `h(simpleError(msg, call))`: error in evaluating the argument 'x' in selecting a method for function 'toString': missing value where TRUE/FALSE needed ('test-table_aet04_pi.R:233:3')">Error in `h(simpleError(msg, call))`: error in evaluating the argument 'x' in selecting a method for function 'toString': missing value where TRUE/FALSE needed
Backtrace:
    x
 1. \-testthat::expect_snapshot(res) at test-table_aet04_pi.R:233:3
 2.   \-rlang::cnd_signal(state$error)</error>
    </testcase>
    <testcase time="0.731999999999999" classname="table_aet04_pi" name="AET04_PI_variant_7_is_produced_correctly"/>
    <testcase time="0.0840000000000032" classname="table_aet04_pi" name="AET04_PI_variant_7_is_produced_correctly">
      <error type="error" message="Error in `h(simpleError(msg, call))`: error in evaluating the argument 'x' in selecting a method for function 'toString': missing value where TRUE/FALSE needed ('test-table_aet04_pi.R:284:3')">Error in `h(simpleError(msg, call))`: error in evaluating the argument 'x' in selecting a method for function 'toString': missing value where TRUE/FALSE needed
Backtrace:
    x
 1. \-testthat::expect_snapshot(res) at test-table_aet04_pi.R:284:3
 2.   \-rlang::cnd_signal(state$error)</error>
    </testcase>
    <testcase time="0.183" classname="table_aet04_pi" name="AET04_PI_variant_8_is_produced_correctly"/>
    <testcase time="0.0600000000000023" classname="table_aet04_pi" name="AET04_PI_variant_8_is_produced_correctly">
      <error type="error" message="Error in `h(simpleError(msg, call))`: error in evaluating the argument 'x' in selecting a method for function 'toString': missing value where TRUE/FALSE needed ('test-table_aet04_pi.R:318:3')">Error in `h(simpleError(msg, call))`: error in evaluating the argument 'x' in selecting a method for function 'toString': missing value where TRUE/FALSE needed
Backtrace:
    x
 1. \-testthat::expect_snapshot(res) at test-table_aet04_pi.R:318:3
 2.   \-rlang::cnd_signal(state$error)</error>
    </testcase>
  </testsuite>
  <testsuite name="table_aet05" timestamp="2024-11-28T06:38:17Z" hostname="4de1b53e1d4e" tests="4" skipped="0" failures="0" errors="2" time="0.238">
    <testcase time="0.101999999999997" classname="table_aet05" name="AET05_variant_1_is_produced_correctly"/>
    <testcase time="0.0290000000000035" classname="table_aet05" name="AET05_variant_1_is_produced_correctly">
      <error type="error" message="Error in `h(simpleError(msg, call))`: error in evaluating the argument 'x' in selecting a method for function 'toString': missing value where TRUE/FALSE needed ('test-table_aet05.R:38:3')">Error in `h(simpleError(msg, call))`: error in evaluating the argument 'x' in selecting a method for function 'toString': missing value where TRUE/FALSE needed
Backtrace:
    x
 1. \-testthat::expect_snapshot(res) at test-table_aet05.R:38:3
 2.   \-rlang::cnd_signal(state$error)</error>
    </testcase>
    <testcase time="0.0790000000000006" classname="table_aet05" name="AET05_variant_2_is_produced_correctly"/>
    <testcase time="0.0279999999999987" classname="table_aet05" name="AET05_variant_2_is_produced_correctly">
      <error type="error" message="Error in `h(simpleError(msg, call))`: error in evaluating the argument 'x' in selecting a method for function 'toString': missing value where TRUE/FALSE needed ('test-table_aet05.R:53:3')">Error in `h(simpleError(msg, call))`: error in evaluating the argument 'x' in selecting a method for function 'toString': missing value where TRUE/FALSE needed
Backtrace:
    x
 1. \-testthat::expect_snapshot(res) at test-table_aet05.R:53:3
 2.   \-rlang::cnd_signal(state$error)</error>
    </testcase>
  </testsuite>
  <testsuite name="table_aet05_all" timestamp="2024-11-28T06:38:18Z" hostname="4de1b53e1d4e" tests="4" skipped="0" failures="0" errors="2" time="0.247">
    <testcase time="0.125" classname="table_aet05_all" name="AET05_ALL_variant_1_is_produced_correctly"/>
    <testcase time="0.0289999999999964" classname="table_aet05_all" name="AET05_ALL_variant_1_is_produced_correctly">
      <error type="error" message="Error in `h(simpleError(msg, call))`: error in evaluating the argument 'x' in selecting a method for function 'toString': missing value where TRUE/FALSE needed ('test-table_aet05_all.R:32:3')">Error in `h(simpleError(msg, call))`: error in evaluating the argument 'x' in selecting a method for function 'toString': missing value where TRUE/FALSE needed
Backtrace:
    x
 1. \-testthat::expect_snapshot(res) at test-table_aet05_all.R:32:3
 2.   \-rlang::cnd_signal(state$error)</error>
    </testcase>
    <testcase time="0.0660000000000025" classname="table_aet05_all" name="AET05_ALL_variant_2_is_produced_correctly"/>
    <testcase time="0.027000000000001" classname="table_aet05_all" name="AET05_ALL_variant_2_is_produced_correctly">
      <error type="error" message="Error in `h(simpleError(msg, call))`: error in evaluating the argument 'x' in selecting a method for function 'toString': missing value where TRUE/FALSE needed ('test-table_aet05_all.R:47:3')">Error in `h(simpleError(msg, call))`: error in evaluating the argument 'x' in selecting a method for function 'toString': missing value where TRUE/FALSE needed
Backtrace:
    x
 1. \-testthat::expect_snapshot(res) at test-table_aet05_all.R:47:3
 2.   \-rlang::cnd_signal(state$error)</error>
    </testcase>
  </testsuite>
  <testsuite name="table_aet06" timestamp="2024-11-28T06:38:18Z" hostname="4de1b53e1d4e" tests="6" skipped="1" failures="0" errors="2" time="3.485">
    <testcase time="0.585999999999999" classname="table_aet06" name="AET06_variant_1_is_produced_correctly"/>
    <testcase time="0.136000000000003" classname="table_aet06" name="AET06_variant_1_is_produced_correctly">
      <error type="error" message="Error in `h(simpleError(msg, call))`: error in evaluating the argument 'x' in selecting a method for function 'toString': missing value where TRUE/FALSE needed ('test-table_aet06.R:97:3')">Error in `h(simpleError(msg, call))`: error in evaluating the argument 'x' in selecting a method for function 'toString': missing value where TRUE/FALSE needed
Backtrace:
    x
 1. \-testthat::expect_snapshot(res) at test-table_aet06.R:97:3
 2.   \-rlang::cnd_signal(state$error)</error>
    </testcase>
    <testcase time="0.985999999999997" classname="table_aet06" name="AET06_variant_3_is_produced_correctly"/>
    <testcase time="0.319000000000003" classname="table_aet06" name="AET06_variant_3_is_produced_correctly">
      <skipped message="Reason: On CRAN ('test-table_aet06.R:149:3')"/>
    </testcase>
    <testcase time="1.236" classname="table_aet06" name="AET06_variant_5_is_produced_correctly"/>
    <testcase time="0.222000000000001" classname="table_aet06" name="AET06_variant_5_is_produced_correctly">
      <error type="error" message="Error in `h(simpleError(msg, call))`: error in evaluating the argument 'x' in selecting a method for function 'toString': missing value where TRUE/FALSE needed ('test-table_aet06.R:193:3')">Error in `h(simpleError(msg, call))`: error in evaluating the argument 'x' in selecting a method for function 'toString': missing value where TRUE/FALSE needed
Backtrace:
    x
 1. \-testthat::expect_snapshot(res) at test-table_aet06.R:193:3
 2.   \-rlang::cnd_signal(state$error)</error>
    </testcase>
  </testsuite>
  <testsuite name="table_aet06_smq" timestamp="2024-11-28T06:38:21Z" hostname="4de1b53e1d4e" tests="4" skipped="0" failures="0" errors="2" time="1.032">
    <testcase time="0.552" classname="table_aet06_smq" name="AET06_SMQ_variant_1_is_produced_correctly"/>
    <testcase time="0.0720000000000027" classname="table_aet06_smq" name="AET06_SMQ_variant_1_is_produced_correctly">
      <error type="error" message="Error in `h(simpleError(msg, call))`: error in evaluating the argument 'x' in selecting a method for function 'toString': missing value where TRUE/FALSE needed ('test-table_aet06_smq.R:73:3')">Error in `h(simpleError(msg, call))`: error in evaluating the argument 'x' in selecting a method for function 'toString': missing value where TRUE/FALSE needed
Backtrace:
    x
 1. \-testthat::expect_snapshot(res) at test-table_aet06_smq.R:73:3
 2.   \-rlang::cnd_signal(state$error)</error>
    </testcase>
    <testcase time="0.336999999999996" classname="table_aet06_smq" name="AET06_SMQ_variant_2_is_produced_correctly"/>
    <testcase time="0.070999999999998" classname="table_aet06_smq" name="AET06_SMQ_variant_2_is_produced_correctly">
      <error type="error" message="Error in `h(simpleError(msg, call))`: error in evaluating the argument 'x' in selecting a method for function 'toString': missing value where TRUE/FALSE needed ('test-table_aet06_smq.R:160:3')">Error in `h(simpleError(msg, call))`: error in evaluating the argument 'x' in selecting a method for function 'toString': missing value where TRUE/FALSE needed
Backtrace:
    x
 1. \-testthat::expect_snapshot(res) at test-table_aet06_smq.R:160:3
 2.   \-rlang::cnd_signal(state$error)</error>
    </testcase>
  </testsuite>
  <testsuite name="table_aet07" timestamp="2024-11-28T06:38:22Z" hostname="4de1b53e1d4e" tests="4" skipped="0" failures="0" errors="2" time="0.161">
    <testcase time="0.0589999999999975" classname="table_aet07" name="AET07_variant_1_is_produced_correctly"/>
    <testcase time="0.0200000000000031" classname="table_aet07" name="AET07_variant_1_is_produced_correctly">
      <error type="error" message="Error in `h(simpleError(msg, call))`: error in evaluating the argument 'x' in selecting a method for function 'toString': missing value where TRUE/FALSE needed ('test-table_aet07.R:49:3')">Error in `h(simpleError(msg, call))`: error in evaluating the argument 'x' in selecting a method for function 'toString': missing value where TRUE/FALSE needed
Backtrace:
    x
 1. \-testthat::expect_snapshot(res) at test-table_aet07.R:49:3
 2.   \-rlang::cnd_signal(state$error)</error>
    </testcase>
    <testcase time="0.0619999999999976" classname="table_aet07" name="AET07_variant_2_is_produced_correctly"/>
    <testcase time="0.0200000000000031" classname="table_aet07" name="AET07_variant_2_is_produced_correctly">
      <error type="error" message="Error in `h(simpleError(msg, call))`: error in evaluating the argument 'x' in selecting a method for function 'toString': missing value where TRUE/FALSE needed ('test-table_aet07.R:78:3')">Error in `h(simpleError(msg, call))`: error in evaluating the argument 'x' in selecting a method for function 'toString': missing value where TRUE/FALSE needed
Backtrace:
    x
 1. \-testthat::expect_snapshot(res) at test-table_aet07.R:78:3
 2.   \-rlang::cnd_signal(state$error)</error>
    </testcase>
  </testsuite>
  <testsuite name="table_aet09" timestamp="2024-11-28T06:38:22Z" hostname="4de1b53e1d4e" tests="4" skipped="0" failures="0" errors="2" time="1.61">
    <testcase time="0.506999999999998" classname="table_aet09" name="AET09_variant_1_is_produced_correctly_AE_related_to_study_drug"/>
    <testcase time="0.088000000000001" classname="table_aet09" name="AET09_variant_1_is_produced_correctly_AE_related_to_study_drug">
      <error type="error" message="Error in `h(simpleError(msg, call))`: error in evaluating the argument 'x' in selecting a method for function 'toString': missing value where TRUE/FALSE needed ('test-table_aet09.R:46:3')">Error in `h(simpleError(msg, call))`: error in evaluating the argument 'x' in selecting a method for function 'toString': missing value where TRUE/FALSE needed
Backtrace:
    x
 1. \-testthat::expect_snapshot(res) at test-table_aet09.R:46:3
 2.   \-rlang::cnd_signal(state$error)</error>
    </testcase>
    <testcase time="0.861999999999995" classname="table_aet09" name="AET09_variant_2_is_produced_correctly_AE_related_to_study_drug_including_high_level_terms_"/>
    <testcase time="0.153000000000006" classname="table_aet09" name="AET09_variant_2_is_produced_correctly_AE_related_to_study_drug_including_high_level_terms_">
      <error type="error" message="Error in `h(simpleError(msg, call))`: error in evaluating the argument 'x' in selecting a method for function 'toString': missing value where TRUE/FALSE needed ('test-table_aet09.R:103:3')">Error in `h(simpleError(msg, call))`: error in evaluating the argument 'x' in selecting a method for function 'toString': missing value where TRUE/FALSE needed
Backtrace:
    x
 1. \-testthat::expect_snapshot(res) at test-table_aet09.R:103:3
 2.   \-rlang::cnd_signal(state$error)</error>
    </testcase>
  </testsuite>
  <testsuite name="table_aet09_smq" timestamp="2024-11-28T06:38:24Z" hostname="4de1b53e1d4e" tests="4" skipped="0" failures="0" errors="2" time="0.407">
    <testcase time="0.125999999999998" classname="table_aet09_smq" name="AET09_variant_1_AEs_related_to_study_drug_by_SMQ_is_produced_correctly"/>
    <testcase time="0.0319999999999965" classname="table_aet09_smq" name="AET09_variant_1_AEs_related_to_study_drug_by_SMQ_is_produced_correctly">
      <error type="error" message="Error in `h(simpleError(msg, call))`: error in evaluating the argument 'x' in selecting a method for function 'toString': missing value where TRUE/FALSE needed ('test-table_aet09_smq.R:69:3')">Error in `h(simpleError(msg, call))`: error in evaluating the argument 'x' in selecting a method for function 'toString': missing value where TRUE/FALSE needed
Backtrace:
    x
 1. \-testthat::expect_snapshot(res) at test-table_aet09_smq.R:69:3
 2.   \-rlang::cnd_signal(state$error)</error>
    </testcase>
    <testcase time="0.201000000000001" classname="table_aet09_smq" name="AET09_variant_2_AEs_related_to_study_drug_by_SMQ_with_customized_queries_is_produced_correctly"/>
    <testcase time="0.0480000000000018" classname="table_aet09_smq" name="AET09_variant_2_AEs_related_to_study_drug_by_SMQ_with_customized_queries_is_produced_correctly">
      <error type="error" message="Error in `h(simpleError(msg, call))`: error in evaluating the argument 'x' in selecting a method for function 'toString': missing value where TRUE/FALSE needed ('test-table_aet09_smq.R:128:5')">Error in `h(simpleError(msg, call))`: error in evaluating the argument 'x' in selecting a method for function 'toString': missing value where TRUE/FALSE needed
Backtrace:
    x
 1. \-testthat::expect_snapshot(res) at test-table_aet09_smq.R:128:5
 2.   \-rlang::cnd_signal(state$error)</error>
    </testcase>
  </testsuite>
  <testsuite name="table_aet10" timestamp="2024-11-28T06:38:24Z" hostname="4de1b53e1d4e" tests="2" skipped="0" failures="0" errors="1" time="0.147">
    <testcase time="0.121000000000002" classname="table_aet10" name="AET10_default_variant_is_produced_correctly"/>
    <testcase time="0.0259999999999962" classname="table_aet10" name="AET10_default_variant_is_produced_correctly">
      <error type="error" message="Error in `h(simpleError(msg, call))`: error in evaluating the argument 'x' in selecting a method for function 'toString': missing value where TRUE/FALSE needed ('test-table_aet10.R:23:3')">Error in `h(simpleError(msg, call))`: error in evaluating the argument 'x' in selecting a method for function 'toString': missing value where TRUE/FALSE needed
Backtrace:
    x
 1. \-testthat::expect_snapshot(res) at test-table_aet10.R:23:3
 2.   \-rlang::cnd_signal(state$error)</error>
    </testcase>
  </testsuite>
  <testsuite name="table_aovt01" timestamp="2024-11-28T06:38:25Z" hostname="4de1b53e1d4e" tests="4" skipped="0" failures="0" errors="2" time="0.967">
    <testcase time="0.303000000000004" classname="table_aovt01" name="AOVT01_variant_with_single_endpoint_is_produced_correctly"/>
    <testcase time="0.0489999999999995" classname="table_aovt01" name="AOVT01_variant_with_single_endpoint_is_produced_correctly">
      <error type="error" message="Error in `h(simpleError(msg, call))`: error in evaluating the argument 'x' in selecting a method for function 'toString': missing value where TRUE/FALSE needed ('test-table_aovt01.R:33:3')">Error in `h(simpleError(msg, call))`: error in evaluating the argument 'x' in selecting a method for function 'toString': missing value where TRUE/FALSE needed
Backtrace:
    x
 1. \-testthat::expect_snapshot(res) at test-table_aovt01.R:33:3
 2.   \-rlang::cnd_signal(state$error)</error>
    </testcase>
    <testcase time="0.537999999999997" classname="table_aovt01" name="AOVT01_variant_with_multiple_endpoints_is_produced_correctly"/>
    <testcase time="0.0770000000000053" classname="table_aovt01" name="AOVT01_variant_with_multiple_endpoints_is_produced_correctly">
      <error type="error" message="Error in `h(simpleError(msg, call))`: error in evaluating the argument 'x' in selecting a method for function 'toString': missing value where TRUE/FALSE needed ('test-table_aovt01.R:52:3')">Error in `h(simpleError(msg, call))`: error in evaluating the argument 'x' in selecting a method for function 'toString': missing value where TRUE/FALSE needed
Backtrace:
    x
 1. \-testthat::expect_snapshot(res) at test-table_aovt01.R:52:3
 2.   \-rlang::cnd_signal(state$error)</error>
    </testcase>
  </testsuite>
  <testsuite name="table_aovt02" timestamp="2024-11-28T06:38:26Z" hostname="4de1b53e1d4e" tests="2" skipped="1" failures="0" errors="0" time="0.366">
    <testcase time="0.302" classname="table_aovt02" name="AOVT02_is_produced_correctly"/>
    <testcase time="0.0640000000000001" classname="table_aovt02" name="AOVT02_is_produced_correctly">
      <skipped message="Reason: On CRAN ('test-table_aovt02.R:42:3')"/>
    </testcase>
  </testsuite>
  <testsuite name="table_aovt03" timestamp="2024-11-28T06:38:26Z" hostname="4de1b53e1d4e" tests="2" skipped="0" failures="0" errors="1" time="0.733">
    <testcase time="0.649999999999999" classname="table_aovt03" name="AOVT03_is_produced_correctly"/>
    <testcase time="0.0829999999999984" classname="table_aovt03" name="AOVT03_is_produced_correctly">
      <error type="error" message="Error in `h(simpleError(msg, call))`: error in evaluating the argument 'x' in selecting a method for function 'toString': missing value where TRUE/FALSE needed ('test-table_aovt03.R:44:3')">Error in `h(simpleError(msg, call))`: error in evaluating the argument 'x' in selecting a method for function 'toString': missing value where TRUE/FALSE needed
Backtrace:
    x
 1. \-testthat::expect_snapshot(res) at test-table_aovt03.R:44:3
 2.   \-rlang::cnd_signal(state$error)</error>
    </testcase>
  </testsuite>
  <testsuite name="table_cfbt01" timestamp="2024-11-28T06:38:27Z" hostname="4de1b53e1d4e" tests="2" skipped="1" failures="0" errors="0" time="0.589">
    <testcase time="0.406999999999996" classname="table_cfbt01" name="CFBT01_default_variant_is_produced_correctly"/>
    <testcase time="0.182000000000002" classname="table_cfbt01" name="CFBT01_default_variant_is_produced_correctly">
      <skipped message="Reason: On CRAN ('test-table_cfbt01.R:64:3')"/>
    </testcase>
  </testsuite>
  <testsuite name="table_cmht01" timestamp="2024-11-28T06:38:27Z" hostname="4de1b53e1d4e" tests="4" skipped="1" failures="0" errors="1" time="1.61">
    <testcase time="0.393000000000001" classname="table_cmht01" name="CMHT01_variant_1_is_produced_correctly"/>
    <testcase time="0.044000000000004" classname="table_cmht01" name="CMHT01_variant_1_is_produced_correctly">
      <error type="error" message="Error in `h(simpleError(msg, call))`: error in evaluating the argument 'x' in selecting a method for function 'toString': missing value where TRUE/FALSE needed ('test-table_cmht01.R:58:3')">Error in `h(simpleError(msg, call))`: error in evaluating the argument 'x' in selecting a method for function 'toString': missing value where TRUE/FALSE needed
Backtrace:
    x
 1. \-testthat::expect_snapshot(res) at test-table_cmht01.R:58:3
 2.   \-rlang::cnd_signal(state$error)</error>
    </testcase>
    <testcase time="0.927999999999997" classname="table_cmht01" name="CMHT01_variant_2_is_produced_correctly"/>
    <testcase time="0.244999999999997" classname="table_cmht01" name="CMHT01_variant_2_is_produced_correctly">
      <skipped message="Reason: On CRAN ('test-table_cmht01.R:122:3')"/>
    </testcase>
  </testsuite>
  <testsuite name="table_cmt01" timestamp="2024-11-28T06:38:29Z" hostname="4de1b53e1d4e" tests="8" skipped="0" failures="0" errors="4" time="3.094">
    <testcase time="0.596000000000004" classname="table_cmt01" name="CMT01_default_variant_Concomitant_medications_is_produced_correctly"/>
    <testcase time="0.152000000000001" classname="table_cmt01" name="CMT01_default_variant_Concomitant_medications_is_produced_correctly">
      <error type="error" message="Error in `h(simpleError(msg, call))`: error in evaluating the argument 'x' in selecting a method for function 'toString': missing value where TRUE/FALSE needed ('test-table_cmt01.R:36:3')">Error in `h(simpleError(msg, call))`: error in evaluating the argument 'x' in selecting a method for function 'toString': missing value where TRUE/FALSE needed
Backtrace:
    x
 1. \-testthat::expect_snapshot(res) at test-table_cmt01.R:36:3
 2.   \-rlang::cnd_signal(state$error)</error>
    </testcase>
    <testcase time="0.68" classname="table_cmt01" name="CMT01_variant_1_prior_medications_is_produced_correctly"/>
    <testcase time="0.173999999999999" classname="table_cmt01" name="CMT01_variant_1_prior_medications_is_produced_correctly">
      <error type="error" message="Error in `h(simpleError(msg, call))`: error in evaluating the argument 'x' in selecting a method for function 'toString': missing value where TRUE/FALSE needed ('test-table_cmt01.R:71:3')">Error in `h(simpleError(msg, call))`: error in evaluating the argument 'x' in selecting a method for function 'toString': missing value where TRUE/FALSE needed
Backtrace:
    x
 1. \-testthat::expect_snapshot(res) at test-table_cmt01.R:71:3
 2.   \-rlang::cnd_signal(state$error)</error>
    </testcase>
    <testcase time="0.581999999999994" classname="table_cmt01" name="CMT01_variant_3_Concomitant_medications_is_produced_correctly"/>
    <testcase time="0.137" classname="table_cmt01" name="CMT01_variant_3_Concomitant_medications_is_produced_correctly">
      <error type="error" message="Error in `h(simpleError(msg, call))`: error in evaluating the argument 'x' in selecting a method for function 'toString': missing value where TRUE/FALSE needed ('test-table_cmt01.R:104:3')">Error in `h(simpleError(msg, call))`: error in evaluating the argument 'x' in selecting a method for function 'toString': missing value where TRUE/FALSE needed
Backtrace:
    x
 1. \-testthat::expect_snapshot(res) at test-table_cmt01.R:104:3
 2.   \-rlang::cnd_signal(state$error)</error>
    </testcase>
    <testcase time="0.606000000000009" classname="table_cmt01" name="CMT01_variant_4_Concomitant_medications_is_produced_correctly"/>
    <testcase time="0.167000000000002" classname="table_cmt01" name="CMT01_variant_4_Concomitant_medications_is_produced_correctly">
      <error type="error" message="Error in `h(simpleError(msg, call))`: error in evaluating the argument 'x' in selecting a method for function 'toString': missing value where TRUE/FALSE needed ('test-table_cmt01.R:135:3')">Error in `h(simpleError(msg, call))`: error in evaluating the argument 'x' in selecting a method for function 'toString': missing value where TRUE/FALSE needed
Backtrace:
    x
 1. \-testthat::expect_snapshot(res) at test-table_cmt01.R:135:3
 2.   \-rlang::cnd_signal(state$error)</error>
    </testcase>
  </testsuite>
  <testsuite name="table_cmt01a" timestamp="2024-11-28T06:38:32Z" hostname="4de1b53e1d4e" tests="8" skipped="4" failures="0" errors="0" time="5.328">
    <testcase time="1.175" classname="table_cmt01a" name="CMT01A_variant_1_is_produced_correctly"/>
    <testcase time="0.247" classname="table_cmt01a" name="CMT01A_variant_1_is_produced_correctly">
      <skipped message="Reason: On CRAN ('test-table_cmt01a.R:59:3')"/>
    </testcase>
    <testcase time="1.041" classname="table_cmt01a" name="CMT01A_variant_2_is_produced_correctly"/>
    <testcase time="0.260999999999996" classname="table_cmt01a" name="CMT01A_variant_2_is_produced_correctly">
      <skipped message="Reason: On CRAN ('test-table_cmt01a.R:105:3')"/>
    </testcase>
    <testcase time="1.077" classname="table_cmt01a" name="CMT01A_variant_3_is_produced_correctly"/>
    <testcase time="0.253" classname="table_cmt01a" name="CMT01A_variant_3_is_produced_correctly">
      <skipped message="Reason: On CRAN ('test-table_cmt01a.R:148:3')"/>
    </testcase>
    <testcase time="1.051" classname="table_cmt01a" name="CMT01A_variant_4_is_produced_correctly"/>
    <testcase time="0.222999999999999" classname="table_cmt01a" name="CMT01A_variant_4_is_produced_correctly">
      <skipped message="Reason: On CRAN ('test-table_cmt01a.R:193:3')"/>
    </testcase>
  </testsuite>
  <testsuite name="table_cmt01b" timestamp="2024-11-28T06:38:37Z" hostname="4de1b53e1d4e" tests="6" skipped="3" failures="0" errors="0" time="5.576">
    <testcase time="1.58200000000001" classname="table_cmt01b" name="CMT01B_variant_1_is_produced_correctly"/>
    <testcase time="0.364999999999995" classname="table_cmt01b" name="CMT01B_variant_1_is_produced_correctly">
      <skipped message="Reason: On CRAN ('test-table_cmt01b.R:88:3')"/>
    </testcase>
    <testcase time="1.209" classname="table_cmt01b" name="CMT01B_variant_2_is_produced_correctly"/>
    <testcase time="0.301000000000002" classname="table_cmt01b" name="CMT01B_variant_2_is_produced_correctly">
      <skipped message="Reason: On CRAN ('test-table_cmt01b.R:146:3')"/>
    </testcase>
    <testcase time="1.76599999999999" classname="table_cmt01b" name="CMT01B_variant_4_is_produced_correctly"/>
    <testcase time="0.353000000000009" classname="table_cmt01b" name="CMT01B_variant_4_is_produced_correctly">
      <skipped message="Reason: On CRAN ('test-table_cmt01b.R:219:3')"/>
    </testcase>
  </testsuite>
  <testsuite name="table_cmt02_pt" timestamp="2024-11-28T06:38:43Z" hostname="4de1b53e1d4e" tests="2" skipped="1" failures="0" errors="0" time="0.555">
    <testcase time="0.393999999999991" classname="table_cmt02_pt" name="CMT02_PT_default_variant_is_produced_correctly"/>
    <testcase time="0.161000000000001" classname="table_cmt02_pt" name="CMT02_PT_default_variant_is_produced_correctly">
      <skipped message="Reason: On CRAN ('test-table_cmt02_pt.R:42:3')"/>
    </testcase>
  </testsuite>
  <testsuite name="table_coxt01" timestamp="2024-11-28T06:38:43Z" hostname="4de1b53e1d4e" tests="8" skipped="4" failures="0" errors="0" time="1.663">
    <testcase time="0.271000000000001" classname="table_coxt01" name="1._Cox_Regression"/>
    <testcase time="0.0630000000000024" classname="table_coxt01" name="1._Cox_Regression">
      <skipped message="Reason: On CRAN ('test-table_coxt01.R:31:3')"/>
    </testcase>
    <testcase time="0.350999999999999" classname="table_coxt01" name="2._Cox_Regression_with_Interaction_Term_"/>
    <testcase time="0.0870000000000033" classname="table_coxt01" name="2._Cox_Regression_with_Interaction_Term_">
      <skipped message="Reason: On CRAN ('test-table_coxt01.R:50:3')"/>
    </testcase>
    <testcase time="0.352000000000004" classname="table_coxt01" name="3._Cox_Regression_specifying_covariates_"/>
    <testcase time="0.0939999999999941" classname="table_coxt01" name="3._Cox_Regression_specifying_covariates_">
      <skipped message="Reason: On CRAN ('test-table_coxt01.R:71:3')"/>
    </testcase>
    <testcase time="0.358999999999995" classname="table_coxt01" name="4._Cox_Regression_setting_strata_ties_and_alpha_level_"/>
    <testcase time="0.0860000000000127" classname="table_coxt01" name="4._Cox_Regression_setting_strata_ties_and_alpha_level_">
      <skipped message="Reason: On CRAN ('test-table_coxt01.R:97:3')"/>
    </testcase>
  </testsuite>
  <testsuite name="table_coxt02" timestamp="2024-11-28T06:38:45Z" hostname="4de1b53e1d4e" tests="4" skipped="2" failures="0" errors="0" time="0.661">
    <testcase time="0.283999999999992" classname="table_coxt02" name="COXT02_default_variant_1_is_produced_correctly"/>
    <testcase time="0.0679999999999978" classname="table_coxt02" name="COXT02_default_variant_1_is_produced_correctly">
      <skipped message="Reason: On CRAN ('test-table_coxt02.R:30:3')"/>
    </testcase>
    <testcase time="0.25800000000001" classname="table_coxt02" name="COXT02_variant_5_is_produced_correctly"/>
    <testcase time="0.0509999999999877" classname="table_coxt02" name="COXT02_variant_5_is_produced_correctly">
      <skipped message="Reason: On CRAN ('test-table_coxt02.R:48:3')"/>
    </testcase>
  </testsuite>
  <testsuite name="table_disclosures" timestamp="2024-11-28T06:38:46Z" hostname="4de1b53e1d4e" tests="12" skipped="1" failures="0" errors="5" time="1.679">
    <testcase time="0.181000000000012" classname="table_disclosures" name="Patient_Disposition_table_is_produced_correctly"/>
    <testcase time="0.0549999999999926" classname="table_disclosures" name="Patient_Disposition_table_is_produced_correctly">
      <error type="error" message="Error in `h(simpleError(msg, call))`: error in evaluating the argument 'x' in selecting a method for function 'toString': missing value where TRUE/FALSE needed ('test-table_disclosures.R:110:3')">Error in `h(simpleError(msg, call))`: error in evaluating the argument 'x' in selecting a method for function 'toString': missing value where TRUE/FALSE needed
Backtrace:
    x
 1. \-testthat::expect_snapshot(res) at test-table_disclosures.R:110:3
 2.   \-rlang::cnd_signal(state$error)</error>
    </testcase>
    <testcase time="0.207999999999998" classname="table_disclosures" name="Demographic_table_is_produced_correctly"/>
    <testcase time="0.0730000000000075" classname="table_disclosures" name="Demographic_table_is_produced_correctly">
      <error type="error" message="Error in `h(simpleError(msg, call))`: error in evaluating the argument 'x' in selecting a method for function 'toString': missing value where TRUE/FALSE needed ('test-table_disclosures.R:131:3')">Error in `h(simpleError(msg, call))`: error in evaluating the argument 'x' in selecting a method for function 'toString': missing value where TRUE/FALSE needed
Backtrace:
    x
 1. \-testthat::expect_snapshot(res) at test-table_disclosures.R:131:3
 2.   \-rlang::cnd_signal(state$error)</error>
    </testcase>
    <testcase time="0.103999999999999" classname="table_disclosures" name="Enrollment_by_Country_Table_is_produced_correctly"/>
    <testcase time="0.0450000000000017" classname="table_disclosures" name="Enrollment_by_Country_Table_is_produced_correctly">
      <error type="error" message="Error in `h(simpleError(msg, call))`: error in evaluating the argument 'x' in selecting a method for function 'toString': missing value where TRUE/FALSE needed ('test-table_disclosures.R:143:3')">Error in `h(simpleError(msg, call))`: error in evaluating the argument 'x' in selecting a method for function 'toString': missing value where TRUE/FALSE needed
Backtrace:
    x
 1. \-testthat::expect_snapshot(res) at test-table_disclosures.R:143:3
 2.   \-rlang::cnd_signal(state$error)</error>
    </testcase>
    <testcase time="0.0929999999999893" classname="table_disclosures" name="Death_table_is_produced_correctly"/>
    <testcase time="0.0260000000000105" classname="table_disclosures" name="Death_table_is_produced_correctly">
      <error type="error" message="Error in `h(simpleError(msg, call))`: error in evaluating the argument 'x' in selecting a method for function 'toString': missing value where TRUE/FALSE needed ('test-table_disclosures.R:161:3')">Error in `h(simpleError(msg, call))`: error in evaluating the argument 'x' in selecting a method for function 'toString': missing value where TRUE/FALSE needed
Backtrace:
    x
 1. \-testthat::expect_snapshot(res) at test-table_disclosures.R:161:3
 2.   \-rlang::cnd_signal(state$error)</error>
    </testcase>
    <testcase time="0.322999999999993" classname="table_disclosures" name="Table_of_Serious_Adverse_Events_is_produced_correctly_for_one_specific_treatment_arm_"/>
    <testcase time="0.0889999999999986" classname="table_disclosures" name="Table_of_Serious_Adverse_Events_is_produced_correctly_for_one_specific_treatment_arm_">
      <skipped message="Reason: On CRAN ('test-table_disclosures.R:189:3')"/>
    </testcase>
    <testcase time="0.405000000000001" classname="table_disclosures" name="Table_of_Non_Serious_Adverse_Events_is_produced_correctly"/>
    <testcase time="0.0769999999999982" classname="table_disclosures" name="Table_of_Non_Serious_Adverse_Events_is_produced_correctly">
      <error type="error" message="Error in `h(simpleError(msg, call))`: error in evaluating the argument 'x' in selecting a method for function 'toString': missing value where TRUE/FALSE needed ('test-table_disclosures.R:211:3')">Error in `h(simpleError(msg, call))`: error in evaluating the argument 'x' in selecting a method for function 'toString': missing value where TRUE/FALSE needed
Backtrace:
    x
 1. \-testthat::expect_snapshot(res) at test-table_disclosures.R:211:3
 2.   \-rlang::cnd_signal(state$error)</error>
    </testcase>
  </testsuite>
  <testsuite name="table_dmt01" timestamp="2024-11-28T06:38:48Z" hostname="4de1b53e1d4e" tests="10" skipped="0" failures="0" errors="5" time="2.406">
    <testcase time="1.11800000000001" classname="table_dmt01" name="DMT01_variant_1_is_produced_correctly"/>
    <testcase time="0.097999999999999" classname="table_dmt01" name="DMT01_variant_1_is_produced_correctly">
      <error type="error" message="Error in `h(simpleError(msg, call))`: error in evaluating the argument 'x' in selecting a method for function 'toString': missing value where TRUE/FALSE needed ('test-table_dmt01.R:90:3')">Error in `h(simpleError(msg, call))`: error in evaluating the argument 'x' in selecting a method for function 'toString': missing value where TRUE/FALSE needed
Backtrace:
    x
 1. \-testthat::expect_snapshot(res) at test-table_dmt01.R:90:3
 2.   \-rlang::cnd_signal(state$error)</error>
    </testcase>
    <testcase time="0.210999999999999" classname="table_dmt01" name="DMT01_variant_2_is_produced_correctly"/>
    <testcase time="0.0919999999999987" classname="table_dmt01" name="DMT01_variant_2_is_produced_correctly">
      <error type="error" message="Error in `h(simpleError(msg, call))`: error in evaluating the argument 'x' in selecting a method for function 'toString': missing value where TRUE/FALSE needed ('test-table_dmt01.R:113:3')">Error in `h(simpleError(msg, call))`: error in evaluating the argument 'x' in selecting a method for function 'toString': missing value where TRUE/FALSE needed
Backtrace:
    x
 1. \-testthat::expect_snapshot(res) at test-table_dmt01.R:113:3
 2.   \-rlang::cnd_signal(state$error)</error>
    </testcase>
    <testcase time="0.260000000000005" classname="table_dmt01" name="DMT01_variant_3_is_produced_correctly"/>
    <testcase time="0.0949999999999989" classname="table_dmt01" name="DMT01_variant_3_is_produced_correctly">
      <error type="error" message="Error in `h(simpleError(msg, call))`: error in evaluating the argument 'x' in selecting a method for function 'toString': missing value where TRUE/FALSE needed ('test-table_dmt01.R:132:3')">Error in `h(simpleError(msg, call))`: error in evaluating the argument 'x' in selecting a method for function 'toString': missing value where TRUE/FALSE needed
Backtrace:
    x
 1. \-testthat::expect_snapshot(res) at test-table_dmt01.R:132:3
 2.   \-rlang::cnd_signal(state$error)</error>
    </testcase>
    <testcase time="0.191000000000003" classname="table_dmt01" name="DMT01_variant_4_is_produced_correctly"/>
    <testcase time="0.0809999999999889" classname="table_dmt01" name="DMT01_variant_4_is_produced_correctly">
      <error type="error" message="Error in `h(simpleError(msg, call))`: error in evaluating the argument 'x' in selecting a method for function 'toString': missing value where TRUE/FALSE needed ('test-table_dmt01.R:151:3')">Error in `h(simpleError(msg, call))`: error in evaluating the argument 'x' in selecting a method for function 'toString': missing value where TRUE/FALSE needed
Backtrace:
    x
 1. \-testthat::expect_snapshot(res) at test-table_dmt01.R:151:3
 2.   \-rlang::cnd_signal(state$error)</error>
    </testcase>
    <testcase time="0.186999999999998" classname="table_dmt01" name="DMT01_variant_5_is_produced_correctly"/>
    <testcase time="0.0730000000000075" classname="table_dmt01" name="DMT01_variant_5_is_produced_correctly">
      <error type="error" message="Error in `h(simpleError(msg, call))`: error in evaluating the argument 'x' in selecting a method for function 'toString': missing value where TRUE/FALSE needed ('test-table_dmt01.R:169:3')">Error in `h(simpleError(msg, call))`: error in evaluating the argument 'x' in selecting a method for function 'toString': missing value where TRUE/FALSE needed
Backtrace:
    x
 1. \-testthat::expect_snapshot(res) at test-table_dmt01.R:169:3
 2.   \-rlang::cnd_signal(state$error)</error>
    </testcase>
  </testsuite>
  <testsuite name="table_dort01" timestamp="2024-11-28T06:38:50Z" hostname="4de1b53e1d4e" tests="8" skipped="0" failures="0" errors="4" time="1.351">
    <testcase time="0.287999999999997" classname="table_dort01" name="DORT01_variant_1_is_produced_correctly"/>
    <testcase time="0.0630000000000024" classname="table_dort01" name="DORT01_variant_1_is_produced_correctly">
      <error type="error" message="Error in `h(simpleError(msg, call))`: error in evaluating the argument 'x' in selecting a method for function 'toString': missing value where TRUE/FALSE needed ('test-table_dort01.R:78:3')">Error in `h(simpleError(msg, call))`: error in evaluating the argument 'x' in selecting a method for function 'toString': missing value where TRUE/FALSE needed
Backtrace:
    x
 1. \-testthat::expect_snapshot(res) at test-table_dort01.R:78:3
 2.   \-rlang::cnd_signal(state$error)</error>
    </testcase>
    <testcase time="0.290000000000006" classname="table_dort01" name="DORT01_variant_2_selecting_sectons_is_produced_correctly"/>
    <testcase time="0.0629999999999882" classname="table_dort01" name="DORT01_variant_2_selecting_sectons_is_produced_correctly">
      <error type="error" message="Error in `h(simpleError(msg, call))`: error in evaluating the argument 'x' in selecting a method for function 'toString': missing value where TRUE/FALSE needed ('test-table_dort01.R:134:3')">Error in `h(simpleError(msg, call))`: error in evaluating the argument 'x' in selecting a method for function 'toString': missing value where TRUE/FALSE needed
Backtrace:
    x
 1. \-testthat::expect_snapshot(res) at test-table_dort01.R:134:3
 2.   \-rlang::cnd_signal(state$error)</error>
    </testcase>
    <testcase time="0.259" classname="table_dort01" name="DORT01_variant_3_modifying_conftype_and_alpha_level_is_produced_correctly"/>
    <testcase time="0.0510000000000019" classname="table_dort01" name="DORT01_variant_3_modifying_conftype_and_alpha_level_is_produced_correctly">
      <error type="error" message="Error in `h(simpleError(msg, call))`: error in evaluating the argument 'x' in selecting a method for function 'toString': missing value where TRUE/FALSE needed ('test-table_dort01.R:190:3')">Error in `h(simpleError(msg, call))`: error in evaluating the argument 'x' in selecting a method for function 'toString': missing value where TRUE/FALSE needed
Backtrace:
    x
 1. \-testthat::expect_snapshot(res) at test-table_dort01.R:190:3
 2.   \-rlang::cnd_signal(state$error)</error>
    </testcase>
    <testcase time="0.265000000000001" classname="table_dort01" name="DORT01_variant_4_modifying_time_point_for_the_xx_duration_is_produced_correctly"/>
    <testcase time="0.0720000000000027" classname="table_dort01" name="DORT01_variant_4_modifying_time_point_for_the_xx_duration_is_produced_correctly">
      <error type="error" message="Error in `h(simpleError(msg, call))`: error in evaluating the argument 'x' in selecting a method for function 'toString': missing value where TRUE/FALSE needed ('test-table_dort01.R:244:3')">Error in `h(simpleError(msg, call))`: error in evaluating the argument 'x' in selecting a method for function 'toString': missing value where TRUE/FALSE needed
Backtrace:
    x
 1. \-testthat::expect_snapshot(res) at test-table_dort01.R:244:3
 2.   \-rlang::cnd_signal(state$error)</error>
    </testcase>
  </testsuite>
  <testsuite name="table_dst01" timestamp="2024-11-28T06:38:51Z" hostname="4de1b53e1d4e" tests="4" skipped="0" failures="0" errors="2" time="0.481">
    <testcase time="0.147000000000006" classname="table_dst01" name="DST01_default_variant_is_produced_correctly"/>
    <testcase time="0.0459999999999923" classname="table_dst01" name="DST01_default_variant_is_produced_correctly">
      <error type="error" message="Error in `h(simpleError(msg, call))`: error in evaluating the argument 'x' in selecting a method for function 'toString': missing value where TRUE/FALSE needed ('test-table_dst01.R:44:3')">Error in `h(simpleError(msg, call))`: error in evaluating the argument 'x' in selecting a method for function 'toString': missing value where TRUE/FALSE needed
Backtrace:
    x
 1. \-testthat::expect_snapshot(res) at test-table_dst01.R:44:3
 2.   \-rlang::cnd_signal(state$error)</error>
    </testcase>
    <testcase time="0.225999999999999" classname="table_dst01" name="DST01_variants_2_and_3_are_produced_correctly"/>
    <testcase time="0.0619999999999976" classname="table_dst01" name="DST01_variants_2_and_3_are_produced_correctly">
[...]
    <testcase time="0.104000000000013" classname="table_pkpt05" name="PKPT05_Drug_X_is_produced_correctly">
      <skipped message="Reason: On CRAN ('test-table_pkpt05.R:66:3')"/>
    </testcase>
  </testsuite>
  <testsuite name="table_pkpt06" timestamp="2024-11-28T06:40:16Z" hostname="4de1b53e1d4e" tests="4" skipped="2" failures="0" errors="0" time="0.243">
    <testcase time="0.0879999999999939" classname="table_pkpt06" name="PKPT06_is_produced_correctly_for_Drug_X"/>
    <testcase time="0.046999999999997" classname="table_pkpt06" name="PKPT06_is_produced_correctly_for_Drug_X">
      <skipped message="Reason: On CRAN ('test-table_pkpt06.R:48:3')"/>
    </testcase>
    <testcase time="0.0689999999999884" classname="table_pkpt06" name="PKPT06_is_produced_correctly_for_Drug_Y"/>
    <testcase time="0.0390000000000157" classname="table_pkpt06" name="PKPT06_is_produced_correctly_for_Drug_Y">
      <skipped message="Reason: On CRAN ('test-table_pkpt06.R:61:3')"/>
    </testcase>
  </testsuite>
  <testsuite name="table_pkpt07" timestamp="2024-11-28T06:40:17Z" hostname="4de1b53e1d4e" tests="4" skipped="2" failures="0" errors="0" time="0.499">
    <testcase time="0.215000000000003" classname="table_pkpt07" name="PKPT07_Drug_X_is_produced_correctly"/>
    <testcase time="0.0759999999999934" classname="table_pkpt07" name="PKPT07_Drug_X_is_produced_correctly">
      <skipped message="Reason: On CRAN ('test-table_pkpt07.R:73:3')"/>
    </testcase>
    <testcase time="0.141999999999996" classname="table_pkpt07" name="PKPT07_Drug_Y_is_produced_correctly"/>
    <testcase time="0.0660000000000025" classname="table_pkpt07" name="PKPT07_Drug_Y_is_produced_correctly">
      <skipped message="Reason: On CRAN ('test-table_pkpt07.R:88:3')"/>
    </testcase>
  </testsuite>
  <testsuite name="table_ratet01" timestamp="2024-11-28T06:40:17Z" hostname="4de1b53e1d4e" tests="2" skipped="0" failures="0" errors="1" time="0.625">
    <testcase time="0.544000000000011" classname="table_ratet01" name="RATET01_is_produced_correctly"/>
    <testcase time="0.0809999999999889" classname="table_ratet01" name="RATET01_is_produced_correctly">
      <error type="error" message="Error in `h(simpleError(msg, call))`: error in evaluating the argument 'x' in selecting a method for function 'toString': missing value where TRUE/FALSE needed ('test-table_ratet01.R:66:3')">Error in `h(simpleError(msg, call))`: error in evaluating the argument 'x' in selecting a method for function 'toString': missing value where TRUE/FALSE needed
Backtrace:
    x
 1. \-testthat::expect_snapshot(res) at test-table_ratet01.R:66:3
 2.   \-rlang::cnd_signal(state$error)</error>
    </testcase>
  </testsuite>
  <testsuite name="table_rmpt01" timestamp="2024-11-28T06:40:18Z" hostname="4de1b53e1d4e" tests="2" skipped="1" failures="0" errors="0" time="0.179">
    <testcase time="0.13900000000001" classname="table_rmpt01" name="RMPT01_is_produced_correctly"/>
    <testcase time="0.039999999999992" classname="table_rmpt01" name="RMPT01_is_produced_correctly">
      <skipped message="Reason: On CRAN ('test-table_rmpt01.R:58:3')"/>
    </testcase>
  </testsuite>
  <testsuite name="table_rmpt03" timestamp="2024-11-28T06:40:18Z" hostname="4de1b53e1d4e" tests="4" skipped="2" failures="0" errors="0" time="0.507">
    <testcase time="0.209000000000003" classname="table_rmpt03" name="RMPT03_variant_1_is_produced_correctly"/>
    <testcase time="0.063999999999993" classname="table_rmpt03" name="RMPT03_variant_1_is_produced_correctly">
      <skipped message="Reason: On CRAN ('test-table_rmpt03.R:67:3')"/>
    </testcase>
    <testcase time="0.164999999999992" classname="table_rmpt03" name="RMPT03_variant_2_is_produced_correctly"/>
    <testcase time="0.0690000000000168" classname="table_rmpt03" name="RMPT03_variant_2_is_produced_correctly">
      <skipped message="Reason: On CRAN ('test-table_rmpt03.R:91:3')"/>
    </testcase>
  </testsuite>
  <testsuite name="table_rmpt04" timestamp="2024-11-28T06:40:19Z" hostname="4de1b53e1d4e" tests="2" skipped="1" failures="0" errors="0" time="0.19">
    <testcase time="0.149999999999977" classname="table_rmpt04" name="RMPT04_variant_1_is_produced_correctly"/>
    <testcase time="0.0400000000000205" classname="table_rmpt04" name="RMPT04_variant_1_is_produced_correctly">
      <skipped message="Reason: On CRAN ('test-table_rmpt04.R:50:3')"/>
    </testcase>
  </testsuite>
  <testsuite name="table_rmpt05" timestamp="2024-11-28T06:40:19Z" hostname="4de1b53e1d4e" tests="2" skipped="1" failures="0" errors="0" time="0.217">
    <testcase time="0.149000000000001" classname="table_rmpt05" name="RMPT05_is_produced_correctly"/>
    <testcase time="0.0679999999999836" classname="table_rmpt05" name="RMPT05_is_produced_correctly">
      <skipped message="Reason: On CRAN ('test-table_rmpt05.R:49:3')"/>
    </testcase>
  </testsuite>
  <testsuite name="table_rmpt06" timestamp="2024-11-28T06:40:19Z" hostname="4de1b53e1d4e" tests="8" skipped="0" failures="0" errors="4" time="1.314">
    <testcase time="0.301000000000016" classname="table_rmpt06" name="RMPT06_variant_1_is_produced_correctly"/>
    <testcase time="0.0529999999999973" classname="table_rmpt06" name="RMPT06_variant_1_is_produced_correctly">
      <error type="error" message="Error in `h(simpleError(msg, call))`: error in evaluating the argument 'x' in selecting a method for function 'toString': missing value where TRUE/FALSE needed ('test-table_rmpt06.R:99:3')">Error in `h(simpleError(msg, call))`: error in evaluating the argument 'x' in selecting a method for function 'toString': missing value where TRUE/FALSE needed
Backtrace:
    x
 1. \-testthat::expect_snapshot(res) at test-table_rmpt06.R:99:3
 2.   \-rlang::cnd_signal(state$error)</error>
    </testcase>
    <testcase time="0.210000000000008" classname="table_rmpt06" name="RMPT06_variant_2_is_produced_correctly"/>
    <testcase time="0.0459999999999923" classname="table_rmpt06" name="RMPT06_variant_2_is_produced_correctly">
      <error type="error" message="Error in `h(simpleError(msg, call))`: error in evaluating the argument 'x' in selecting a method for function 'toString': missing value where TRUE/FALSE needed ('test-table_rmpt06.R:148:3')">Error in `h(simpleError(msg, call))`: error in evaluating the argument 'x' in selecting a method for function 'toString': missing value where TRUE/FALSE needed
Backtrace:
    x
 1. \-testthat::expect_snapshot(res) at test-table_rmpt06.R:148:3
 2.   \-rlang::cnd_signal(state$error)</error>
    </testcase>
    <testcase time="0.293000000000006" classname="table_rmpt06" name="RMPT06_variant_3_is_produced_correctly"/>
    <testcase time="0.0659999999999741" classname="table_rmpt06" name="RMPT06_variant_3_is_produced_correctly">
      <error type="error" message="Error in `h(simpleError(msg, call))`: error in evaluating the argument 'x' in selecting a method for function 'toString': missing value where TRUE/FALSE needed ('test-table_rmpt06.R:211:3')">Error in `h(simpleError(msg, call))`: error in evaluating the argument 'x' in selecting a method for function 'toString': missing value where TRUE/FALSE needed
Backtrace:
    x
 1. \-testthat::expect_snapshot(res) at test-table_rmpt06.R:211:3
 2.   \-rlang::cnd_signal(state$error)</error>
    </testcase>
    <testcase time="0.287000000000006" classname="table_rmpt06" name="RMPT06_variant_4_is_produced_correctly"/>
    <testcase time="0.0580000000000211" classname="table_rmpt06" name="RMPT06_variant_4_is_produced_correctly">
      <error type="error" message="Error in `h(simpleError(msg, call))`: error in evaluating the argument 'x' in selecting a method for function 'toString': missing value where TRUE/FALSE needed ('test-table_rmpt06.R:277:3')">Error in `h(simpleError(msg, call))`: error in evaluating the argument 'x' in selecting a method for function 'toString': missing value where TRUE/FALSE needed
Backtrace:
    x
 1. \-testthat::expect_snapshot(res) at test-table_rmpt06.R:277:3
 2.   \-rlang::cnd_signal(state$error)</error>
    </testcase>
  </testsuite>
  <testsuite name="table_rspt01" timestamp="2024-11-28T06:40:20Z" hostname="4de1b53e1d4e" tests="12" skipped="0" failures="0" errors="6" time="2.031">
    <testcase time="0.274000000000001" classname="table_rspt01" name="RSPT01_1._Best_Overall_Response"/>
    <testcase time="0.0759999999999934" classname="table_rspt01" name="RSPT01_1._Best_Overall_Response">
      <error type="error" message="Error in `h(simpleError(msg, call))`: error in evaluating the argument 'x' in selecting a method for function 'toString': missing value where TRUE/FALSE needed ('test-table_rspt01.R:46:3')">Error in `h(simpleError(msg, call))`: error in evaluating the argument 'x' in selecting a method for function 'toString': missing value where TRUE/FALSE needed
Backtrace:
    x
 1. \-testthat::expect_snapshot(res) at test-table_rspt01.R:46:3
 2.   \-rlang::cnd_signal(state$error)</error>
    </testcase>
    <testcase time="0.242999999999995" classname="table_rspt01" name="RSPT01_2._Best_Overall_Response_selecting_sections_to_display_"/>
    <testcase time="0.0560000000000116" classname="table_rspt01" name="RSPT01_2._Best_Overall_Response_selecting_sections_to_display_">
      <error type="error" message="Error in `h(simpleError(msg, call))`: error in evaluating the argument 'x' in selecting a method for function 'toString': missing value where TRUE/FALSE needed ('test-table_rspt01.R:73:3')">Error in `h(simpleError(msg, call))`: error in evaluating the argument 'x' in selecting a method for function 'toString': missing value where TRUE/FALSE needed
Backtrace:
    x
 1. \-testthat::expect_snapshot(res) at test-table_rspt01.R:73:3
 2.   \-rlang::cnd_signal(state$error)</error>
    </testcase>
    <testcase time="0.301999999999992" classname="table_rspt01" name="RSPT01_3._Best_Overall_Response_modifying_settings_"/>
    <testcase time="0.0689999999999884" classname="table_rspt01" name="RSPT01_3._Best_Overall_Response_modifying_settings_">
      <error type="error" message="Error in `h(simpleError(msg, call))`: error in evaluating the argument 'x' in selecting a method for function 'toString': missing value where TRUE/FALSE needed ('test-table_rspt01.R:116:3')">Error in `h(simpleError(msg, call))`: error in evaluating the argument 'x' in selecting a method for function 'toString': missing value where TRUE/FALSE needed
Backtrace:
    x
 1. \-testthat::expect_snapshot(res) at test-table_rspt01.R:116:3
 2.   \-rlang::cnd_signal(state$error)</error>
    </testcase>
    <testcase time="0.340000000000003" classname="table_rspt01" name="RSPT01_4._Best_Overall_Response_with_stratified_analysis_"/>
    <testcase time="0.0680000000000121" classname="table_rspt01" name="RSPT01_4._Best_Overall_Response_with_stratified_analysis_">
      <error type="error" message="Error in `h(simpleError(msg, call))`: error in evaluating the argument 'x' in selecting a method for function 'toString': missing value where TRUE/FALSE needed ('test-table_rspt01.R:170:3')">Error in `h(simpleError(msg, call))`: error in evaluating the argument 'x' in selecting a method for function 'toString': missing value where TRUE/FALSE needed
Backtrace:
    x
 1. \-testthat::expect_snapshot(res) at test-table_rspt01.R:170:3
 2.   \-rlang::cnd_signal(state$error)</error>
    </testcase>
    <testcase time="0.260999999999996" classname="table_rspt01" name="RSPT01_5._Best_Overall_Response_modifying_the_definition_of_overall_response_"/>
    <testcase time="0.0759999999999934" classname="table_rspt01" name="RSPT01_5._Best_Overall_Response_modifying_the_definition_of_overall_response_">
      <error type="error" message="Error in `h(simpleError(msg, call))`: error in evaluating the argument 'x' in selecting a method for function 'toString': missing value where TRUE/FALSE needed ('test-table_rspt01.R:202:3')">Error in `h(simpleError(msg, call))`: error in evaluating the argument 'x' in selecting a method for function 'toString': missing value where TRUE/FALSE needed
Backtrace:
    x
 1. \-testthat::expect_snapshot(res) at test-table_rspt01.R:202:3
 2.   \-rlang::cnd_signal(state$error)</error>
    </testcase>
    <testcase time="0.207999999999998" classname="table_rspt01" name="RSPT01_6._Best_Overall_Response_define_new_sections_to_display_"/>
    <testcase time="0.0579999999999927" classname="table_rspt01" name="RSPT01_6._Best_Overall_Response_define_new_sections_to_display_">
      <error type="error" message="Error in `h(simpleError(msg, call))`: error in evaluating the argument 'x' in selecting a method for function 'toString': missing value where TRUE/FALSE needed ('test-table_rspt01.R:252:3')">Error in `h(simpleError(msg, call))`: error in evaluating the argument 'x' in selecting a method for function 'toString': missing value where TRUE/FALSE needed
Backtrace:
    x
 1. \-testthat::expect_snapshot(res) at test-table_rspt01.R:252:3
 2.   \-rlang::cnd_signal(state$error)</error>
    </testcase>
  </testsuite>
  <testsuite name="table_ttet01" timestamp="2024-11-28T06:40:22Z" hostname="4de1b53e1d4e" tests="14" skipped="0" failures="0" errors="7" time="2.879">
    <testcase time="0.425000000000011" classname="table_ttet01" name="TTET01_default_variant_is_produced_correctly"/>
    <testcase time="0.0939999999999941" classname="table_ttet01" name="TTET01_default_variant_is_produced_correctly">
      <error type="error" message="Error in `h(simpleError(msg, call))`: error in evaluating the argument 'x' in selecting a method for function 'toString': missing value where TRUE/FALSE needed ('test-table_ttet01.R:79:3')">Error in `h(simpleError(msg, call))`: error in evaluating the argument 'x' in selecting a method for function 'toString': missing value where TRUE/FALSE needed
Backtrace:
    x
 1. \-testthat::expect_snapshot(res) at test-table_ttet01.R:79:3
 2.   \-rlang::cnd_signal(state$error)</error>
    </testcase>
    <testcase time="0.384000000000015" classname="table_ttet01" name="TTET01_default_variant_with_Placebo_arm"/>
    <testcase time="0.0900000000000034" classname="table_ttet01" name="TTET01_default_variant_with_Placebo_arm">
      <error type="error" message="Error in `h(simpleError(msg, call))`: error in evaluating the argument 'x' in selecting a method for function 'toString': missing value where TRUE/FALSE needed ('test-table_ttet01.R:140:3')">Error in `h(simpleError(msg, call))`: error in evaluating the argument 'x' in selecting a method for function 'toString': missing value where TRUE/FALSE needed
Backtrace:
    x
 1. \-testthat::expect_snapshot(res) at test-table_ttet01.R:140:3
 2.   \-rlang::cnd_signal(state$error)</error>
    </testcase>
    <testcase time="0.199999999999989" classname="table_ttet01" name="TTET01_variant_2_selecting_sections_to_display"/>
    <testcase time="0.0699999999999932" classname="table_ttet01" name="TTET01_variant_2_selecting_sections_to_display">
      <error type="error" message="Error in `h(simpleError(msg, call))`: error in evaluating the argument 'x' in selecting a method for function 'toString': missing value where TRUE/FALSE needed ('test-table_ttet01.R:185:3')">Error in `h(simpleError(msg, call))`: error in evaluating the argument 'x' in selecting a method for function 'toString': missing value where TRUE/FALSE needed
Backtrace:
    x
 1. \-testthat::expect_snapshot(res) at test-table_ttet01.R:185:3
 2.   \-rlang::cnd_signal(state$error)</error>
    </testcase>
    <testcase time="0.305000000000007" classname="table_ttet01" name="TTET01_variant_3_modifying_analysis_details_like_conftype_ties_alpha_level"/>
    <testcase time="0.0589999999999975" classname="table_ttet01" name="TTET01_variant_3_modifying_analysis_details_like_conftype_ties_alpha_level">
      <error type="error" message="Error in `h(simpleError(msg, call))`: error in evaluating the argument 'x' in selecting a method for function 'toString': missing value where TRUE/FALSE needed ('test-table_ttet01.R:251:3')">Error in `h(simpleError(msg, call))`: error in evaluating the argument 'x' in selecting a method for function 'toString': missing value where TRUE/FALSE needed
Backtrace:
    x
 1. \-testthat::expect_snapshot(res) at test-table_ttet01.R:251:3
 2.   \-rlang::cnd_signal(state$error)</error>
    </testcase>
    <testcase time="0.361999999999995" classname="table_ttet01" name="TTET01_variant_4_with_stratified_analysis"/>
    <testcase time="0.0680000000000121" classname="table_ttet01" name="TTET01_variant_4_with_stratified_analysis">
      <error type="error" message="Error in `h(simpleError(msg, call))`: error in evaluating the argument 'x' in selecting a method for function 'toString': missing value where TRUE/FALSE needed ('test-table_ttet01.R:312:3')">Error in `h(simpleError(msg, call))`: error in evaluating the argument 'x' in selecting a method for function 'toString': missing value where TRUE/FALSE needed
Backtrace:
    x
 1. \-testthat::expect_snapshot(res) at test-table_ttet01.R:312:3
 2.   \-rlang::cnd_signal(state$error)</error>
    </testcase>
    <testcase time="0.310000000000002" classname="table_ttet01" name="TTET01_variant_5_modifying_time_point"/>
    <testcase time="0.0600000000000023" classname="table_ttet01" name="TTET01_variant_5_modifying_time_point">
      <error type="error" message="Error in `h(simpleError(msg, call))`: error in evaluating the argument 'x' in selecting a method for function 'toString': missing value where TRUE/FALSE needed ('test-table_ttet01.R:367:3')">Error in `h(simpleError(msg, call))`: error in evaluating the argument 'x' in selecting a method for function 'toString': missing value where TRUE/FALSE needed
Backtrace:
    x
 1. \-testthat::expect_snapshot(res) at test-table_ttet01.R:367:3
 2.   \-rlang::cnd_signal(state$error)</error>
    </testcase>
    <testcase time="0.388999999999982" classname="table_ttet01" name="TTET01_variant_6_requesting_more_than_one_p_value"/>
    <testcase time="0.0630000000000166" classname="table_ttet01" name="TTET01_variant_6_requesting_more_than_one_p_value">
      <error type="error" message="Error in `h(simpleError(msg, call))`: error in evaluating the argument 'x' in selecting a method for function 'toString': missing value where TRUE/FALSE needed ('test-table_ttet01.R:440:3')">Error in `h(simpleError(msg, call))`: error in evaluating the argument 'x' in selecting a method for function 'toString': missing value where TRUE/FALSE needed
Backtrace:
    x
 1. \-testthat::expect_snapshot(res) at test-table_ttet01.R:440:3
 2.   \-rlang::cnd_signal(state$error)</error>
    </testcase>
  </testsuite>
  <testsuite name="table_vst01" timestamp="2024-11-28T06:40:26Z" hostname="4de1b53e1d4e" tests="2" skipped="1" failures="0" errors="0" time="2.131">
    <testcase time="1.72799999999998" classname="table_vst01" name="VST01_default_variant_is_produced_correctly"/>
    <testcase time="0.40300000000002" classname="table_vst01" name="VST01_default_variant_is_produced_correctly">
      <skipped message="Reason: On CRAN ('test-table_vst01.R:100:3')"/>
    </testcase>
  </testsuite>
  <testsuite name="table_vst02" timestamp="2024-11-28T06:40:28Z" hostname="4de1b53e1d4e" tests="4" skipped="2" failures="0" errors="0" time="1.502">
    <testcase time="1.07399999999998" classname="table_vst02" name="1._Vital_Sign_Abnormalities_Regardless_of_Abnormality_at_Baseline_VST02_1_"/>
    <testcase time="0.0790000000000077" classname="table_vst02" name="1._Vital_Sign_Abnormalities_Regardless_of_Abnormality_at_Baseline_VST02_1_">
      <skipped message="Reason: On CRAN ('test-table_vst02.R:33:3')"/>
    </testcase>
    <testcase time="0.269000000000005" classname="table_vst02" name="2._Vital_Sign_Abnormalities_Among_Subject_Without_Abnormality_at_Baseline_VST02_2_"/>
    <testcase time="0.0799999999999841" classname="table_vst02" name="2._Vital_Sign_Abnormalities_Among_Subject_Without_Abnormality_at_Baseline_VST02_2_">
      <skipped message="Reason: On CRAN ('test-table_vst02.R:51:3')"/>
    </testcase>
  </testsuite>
</testsuites>
