<?xml version="1.0" encoding="UTF-8"?>
<testsuites>
  <testsuite name="char-support" timestamp="2026-08-17T09:07:33Z" hostname="ab6ff8980090" tests="6" skipped="3" failures="0" errors="0" time="2.89">
    <testcase time="1.02" classname="char_support" name="CRITDIR_is_factor_and_one_PARAMCD_is_not_available_on_all_AVISITS"/>
    <testcase time="0.279" classname="char_support" name="CRITDIR_is_factor_and_one_PARAMCD_is_not_available_on_all_AVISITS">
      <skipped message="Reason: On CRAN ('test-char-support.R:101:1')"/>
    </testcase>
    <testcase time="0.563000000000001" classname="char_support" name="CRITDIR_is_not_factor_and_all_PARAMCD_available_on_all_AVISITS"/>
    <testcase time="0.276999999999999" classname="char_support" name="CRITDIR_is_not_factor_and_all_PARAMCD_available_on_all_AVISITS">
      <skipped message="Reason: On CRAN ('test-char-support.R:107:1')"/>
    </testcase>
    <testcase time="0.522" classname="char_support" name="CRITDIR_is_not_factor_and_one_PARAMCD_is_not_available_on_all_AVISITS"/>
    <testcase time="0.229000000000001" classname="char_support" name="CRITDIR_is_not_factor_and_one_PARAMCD_is_not_available_on_all_AVISITS">
      <skipped message="Reason: On CRAN ('test-char-support.R:112:1')"/>
    </testcase>
  </testsuite>
  <testsuite name="listing_adal02" timestamp="2026-08-17T09:07:36Z" hostname="ab6ff8980090" tests="1" skipped="1" failures="0" errors="0" time="0.152">
    <testcase time="0.151999999999999" classname="listing_adal02" name="ADAL02_listing_is_produced_correctly">
      <skipped message="Reason: On CRAN ('test-listing_adal02.R:1:1')"/>
    </testcase>
  </testsuite>
  <testsuite name="listing_ael01" timestamp="2026-08-17T09:07:36Z" hostname="ab6ff8980090" tests="1" skipped="1" failures="0" errors="0" time="0.11">
    <testcase time="0.109999999999999" classname="listing_ael01" name="AEL01_listing_is_produced_correctly">
      <skipped message="Reason: On CRAN ('test-listing_ael01.R:1:1')"/>
    </testcase>
  </testsuite>
  <testsuite name="listing_ael01_nollt" timestamp="2026-08-17T09:07:36Z" hostname="ab6ff8980090" tests="1" skipped="1" failures="0" errors="0" time="0.047">
    <testcase time="0.0470000000000006" classname="listing_ael01_nollt" name="AEL01_NOLLT_listing_is_produced_correctly">
      <skipped message="Reason: On CRAN ('test-listing_ael01_nollt.R:1:1')"/>
    </testcase>
  </testsuite>
  <testsuite name="listing_ael02" timestamp="2026-08-17T09:07:36Z" hostname="ab6ff8980090" tests="1" skipped="1" failures="0" errors="0" time="0.207">
    <testcase time="0.207000000000001" classname="listing_ael02" name="AEL02_listing_is_produced_correctly">
      <skipped message="Reason: On CRAN ('test-listing_ael02.R:1:1')"/>
    </testcase>
  </testsuite>
  <testsuite name="listing_ael02_ed" timestamp="2026-08-17T09:07:37Z" hostname="ab6ff8980090" tests="1" skipped="1" failures="0" errors="0" time="0.256">
    <testcase time="0.256" classname="listing_ael02_ed" name="AEL02_ED_listing_is_produced_correctly">
      <skipped message="Reason: On CRAN ('test-listing_ael02_ed.R:1:1')"/>
    </testcase>
  </testsuite>
  <testsuite name="listing_ael03" timestamp="2026-08-17T09:07:37Z" hostname="ab6ff8980090" tests="1" skipped="1" failures="0" errors="0" time="0.213">
    <testcase time="0.212999999999999" classname="listing_ael03" name="AEL03_listing_is_produced_correctly">
      <skipped message="Reason: On CRAN ('test-listing_ael03.R:1:1')"/>
    </testcase>
  </testsuite>
  <testsuite name="listing_ael04" timestamp="2026-08-17T09:07:37Z" hostname="ab6ff8980090" tests="1" skipped="1" failures="0" errors="0" time="0.163">
    <testcase time="0.163" classname="listing_ael04" name="AEL04_listing_is_produced_correctly">
      <skipped message="Reason: On CRAN ('test-listing_ael04.R:1:1')"/>
    </testcase>
  </testsuite>
  <testsuite name="listing_cml01" timestamp="2026-08-17T09:07:37Z" hostname="ab6ff8980090" tests="1" skipped="1" failures="0" errors="0" time="0.266">
    <testcase time="0.266" classname="listing_cml01" name="CML01_listing_is_produced_correctly">
      <skipped message="Reason: On CRAN ('test-listing_cml01.R:1:1')"/>
    </testcase>
  </testsuite>
  <testsuite name="listing_cml02a_gl" timestamp="2026-08-17T09:07:37Z" hostname="ab6ff8980090" tests="1" skipped="1" failures="0" errors="0" time="0.098">
    <testcase time="0.097999999999999" classname="listing_cml02a_gl" name="CML02A_GL_listing_is_produced_correctly">
      <skipped message="Reason: On CRAN ('test-listing_cml02a_gl.R:1:1')"/>
    </testcase>
  </testsuite>
  <testsuite name="listing_cml02b_gl" timestamp="2026-08-17T09:07:38Z" hostname="ab6ff8980090" tests="1" skipped="1" failures="0" errors="0" time="0.138">
    <testcase time="0.138" classname="listing_cml02b_gl" name="CML02B_GL_listing_is_produced_correctly">
      <skipped message="Reason: On CRAN ('test-listing_cml02b_gl.R:1:1')"/>
    </testcase>
  </testsuite>
  <testsuite name="listing_dsl01" timestamp="2026-08-17T09:07:38Z" hostname="ab6ff8980090" tests="1" skipped="1" failures="0" errors="0" time="0.135">
    <testcase time="0.135000000000002" classname="listing_dsl01" name="DSL01_listing_is_produced_correctly">
      <skipped message="Reason: On CRAN ('test-listing_dsl01.R:1:1')"/>
    </testcase>
  </testsuite>
  <testsuite name="listing_dsl02" timestamp="2026-08-17T09:07:38Z" hostname="ab6ff8980090" tests="1" skipped="1" failures="0" errors="0" time="0.063">
    <testcase time="0.0629999999999988" classname="listing_dsl02" name="DSL02_listing_is_produced_correctly">
      <skipped message="Reason: On CRAN ('test-listing_dsl02.R:1:1')"/>
    </testcase>
  </testsuite>
  <testsuite name="listing_dsur4" timestamp="2026-08-17T09:07:38Z" hostname="ab6ff8980090" tests="1" skipped="1" failures="0" errors="0" time="0.08">
    <testcase time="0.0800000000000001" classname="listing_dsur4" name="DSUR4_listing_is_produced_correctly">
      <skipped message="Reason: On CRAN ('test-listing_dsur4.R:1:1')"/>
    </testcase>
  </testsuite>
  <testsuite name="listing_egl01" timestamp="2026-08-17T09:07:38Z" hostname="ab6ff8980090" tests="1" skipped="1" failures="0" errors="0" time="0.361">
    <testcase time="0.361000000000001" classname="listing_egl01" name="EGL01_listing_is_produced_correctly">
      <skipped message="Reason: On CRAN ('test-listing_egl01.R:1:1')"/>
    </testcase>
  </testsuite>
  <testsuite name="listing_exl01" timestamp="2026-08-17T09:07:38Z" hostname="ab6ff8980090" tests="1" skipped="1" failures="0" errors="0" time="0.162">
    <testcase time="0.161999999999999" classname="listing_exl01" name="EXL01_listing_is_produced_correctly">
      <skipped message="Reason: On CRAN ('test-listing_exl01.R:1:1')"/>
    </testcase>
  </testsuite>
  <testsuite name="listing_lbl01" timestamp="2026-08-17T09:07:38Z" hostname="ab6ff8980090" tests="1" skipped="1" failures="0" errors="0" time="0.448">
    <testcase time="0.448" classname="listing_lbl01" name="LBL01_listing_is_produced_correctly">
      <skipped message="Reason: On CRAN ('test-listing_lbl01.R:1:1')"/>
    </testcase>
  </testsuite>
  <testsuite name="listing_lbl01_rls" timestamp="2026-08-17T09:07:39Z" hostname="ab6ff8980090" tests="1" skipped="1" failures="0" errors="0" time="0.434">
    <testcase time="0.434000000000001" classname="listing_lbl01_rls" name="LBL01_RLS_listing_is_produced_correctly">
      <skipped message="Reason: On CRAN ('test-listing_lbl01_rls.R:1:1')"/>
    </testcase>
  </testsuite>
  <testsuite name="listing_lbl02a" timestamp="2026-08-17T09:07:39Z" hostname="ab6ff8980090" tests="1" skipped="1" failures="0" errors="0" time="0.191">
    <testcase time="0.190999999999999" classname="listing_lbl02a" name="LBL02A_listing_is_produced_correctly">
      <skipped message="Reason: On CRAN ('test-listing_lbl02a.R:1:1')"/>
    </testcase>
  </testsuite>
  <testsuite name="listing_lbl02a_rls" timestamp="2026-08-17T09:07:40Z" hostname="ab6ff8980090" tests="1" skipped="1" failures="0" errors="0" time="0.637">
    <testcase time="0.636999999999999" classname="listing_lbl02a_rls" name="LBL02A_RLS_listing_is_produced_correctly">
      <skipped message="Reason: On CRAN ('test-listing_lbl02a_rls.R:1:1')"/>
    </testcase>
  </testsuite>
  <testsuite name="listing_lbl02b" timestamp="2026-08-17T09:07:40Z" hostname="ab6ff8980090" tests="1" skipped="1" failures="0" errors="0" time="0.211">
    <testcase time="0.211000000000002" classname="listing_lbl02b" name="LBL02B_listing_is_produced_correctly">
      <skipped message="Reason: On CRAN ('test-listing_lbl02b.R:1:1')"/>
    </testcase>
  </testsuite>
  <testsuite name="listing_mhl01" timestamp="2026-08-17T09:07:40Z" hostname="ab6ff8980090" tests="1" skipped="1" failures="0" errors="0" time="0.214">
    <testcase time="0.213999999999999" classname="listing_mhl01" name="MHL01_listing_is_produced_correctly">
      <skipped message="Reason: On CRAN ('test-listing_mhl01.R:1:1')"/>
    </testcase>
  </testsuite>
  <testsuite name="listing_oncl01" timestamp="2026-08-17T09:07:41Z" hostname="ab6ff8980090" tests="1" skipped="1" failures="0" errors="0" time="0.167">
    <testcase time="0.167000000000002" classname="listing_oncl01" name="ONCL01_listing_is_produced_correctly">
      <skipped message="Reason: On CRAN ('test-listing_oncl01.R:1:1')"/>
    </testcase>
  </testsuite>
  <testsuite name="listing_pkcl01" timestamp="2026-08-17T09:07:41Z" hostname="ab6ff8980090" tests="2" skipped="2" failures="0" errors="0" time="0.432">
    <testcase time="0.154" classname="listing_pkcl01" name="PKCL01_listing_is_produced_correctly">
      <skipped message="Reason: On CRAN ('test-listing_pkcl01.R:1:1')"/>
    </testcase>
    <testcase time="0.277999999999999" classname="listing_pkcl01" name="PKCL01_listing_key_columns_values_are_repeated_when_entries_span_multiple_pages">
      <skipped message="Reason: On CRAN ('test-listing_pkcl01.R:31:1')"/>
    </testcase>
  </testsuite>
  <testsuite name="listing_pkcl02" timestamp="2026-08-17T09:07:41Z" hostname="ab6ff8980090" tests="1" skipped="1" failures="0" errors="0" time="0.158">
    <testcase time="0.158000000000001" classname="listing_pkcl02" name="PKCL02_listing_is_produced_correctly">
      <skipped message="Reason: On CRAN ('test-listing_pkcl02.R:1:1')"/>
    </testcase>
  </testsuite>
  <testsuite name="listing_pkpl01" timestamp="2026-08-17T09:07:41Z" hostname="ab6ff8980090" tests="1" skipped="1" failures="0" errors="0" time="0.157">
    <testcase time="0.157" classname="listing_pkpl01" name="PKPL01_listing_is_produced_correctly">
      <skipped message="Reason: On CRAN ('test-listing_pkpl01.R:1:1')"/>
    </testcase>
  </testsuite>
  <testsuite name="listing_pkpl02" timestamp="2026-08-17T09:07:42Z" hostname="ab6ff8980090" tests="1" skipped="1" failures="0" errors="0" time="0.103">
    <testcase time="0.102999999999998" classname="listing_pkpl02" name="PKPL02_listing_is_produced_correctly">
      <skipped message="Reason: On CRAN ('test-listing_pkpl02.R:1:1')"/>
    </testcase>
  </testsuite>
  <testsuite name="listing_pkpl04" timestamp="2026-08-17T09:07:42Z" hostname="ab6ff8980090" tests="1" skipped="1" failures="0" errors="0" time="0.158">
    <testcase time="0.158000000000001" classname="listing_pkpl04" name="PKPL04_listing_is_produced_correctly">
      <skipped message="Reason: On CRAN ('test-listing_pkpl04.R:1:1')"/>
    </testcase>
  </testsuite>
  <testsuite name="listing_vsl01" timestamp="2026-08-17T09:07:42Z" hostname="ab6ff8980090" tests="1" skipped="1" failures="0" errors="0" time="0.337">
    <testcase time="0.337" classname="listing_vsl01" name="VSL01_listing_is_produced_correctly">
      <skipped message="Reason: On CRAN ('test-listing_vsl01.R:1:1')"/>
    </testcase>
  </testsuite>
  <testsuite name="lsfae01" timestamp="2026-08-17T09:07:42Z" hostname="ab6ff8980090" tests="1" skipped="1" failures="0" errors="0" time="0.507">
    <testcase time="0.507000000000001" classname="lsfae01" name="lsfae01">
      <skipped message="Reason: On CRAN ('test-lsfae01.R:1:1')"/>
    </testcase>
  </testsuite>
  <testsuite name="lsfae02" timestamp="2026-08-17T09:07:43Z" hostname="ab6ff8980090" tests="1" skipped="1" failures="0" errors="0" time="0.375">
    <testcase time="0.375" classname="lsfae02" name="lsfae02">
      <skipped message="Reason: On CRAN ('test-lsfae02.R:1:1')"/>
    </testcase>
  </testsuite>
  <testsuite name="lsfae03" timestamp="2026-08-17T09:07:43Z" hostname="ab6ff8980090" tests="1" skipped="1" failures="0" errors="0" time="0.266">
    <testcase time="0.265999999999998" classname="lsfae03" name="lsfae03">
      <skipped message="Reason: On CRAN ('test-lsfae03.R:1:1')"/>
    </testcase>
  </testsuite>
  <testsuite name="lsfae04" timestamp="2026-08-17T09:07:43Z" hostname="ab6ff8980090" tests="1" skipped="1" failures="0" errors="0" time="0.168">
    <testcase time="0.167999999999999" classname="lsfae04" name="lsfae04">
      <skipped message="Reason: On CRAN ('test-lsfae04.R:1:1')"/>
    </testcase>
  </testsuite>
  <testsuite name="lsfae05" timestamp="2026-08-17T09:07:43Z" hostname="ab6ff8980090" tests="1" skipped="1" failures="0" errors="0" time="0.392">
    <testcase time="0.392000000000003" classname="lsfae05" name="lsfae05">
      <skipped message="Reason: On CRAN ('test-lsfae05.R:1:1')"/>
    </testcase>
  </testsuite>
  <testsuite name="lsfae06a" timestamp="2026-08-17T09:07:44Z" hostname="ab6ff8980090" tests="1" skipped="1" failures="0" errors="0" time="0.343">
    <testcase time="0.343" classname="lsfae06a" name="lsfae06a">
      <skipped message="Reason: On CRAN ('test-lsfae06a.R:1:1')"/>
    </testcase>
  </testsuite>
  <testsuite name="lsfae06b" timestamp="2026-08-17T09:07:44Z" hostname="ab6ff8980090" tests="1" skipped="1" failures="0" errors="0" time="0.336">
    <testcase time="0.335999999999999" classname="lsfae06b" name="lsfae06b">
      <skipped message="Reason: On CRAN ('test-lsfae06b.R:1:1')"/>
    </testcase>
  </testsuite>
  <testsuite name="lsfdth01" timestamp="2026-08-17T09:07:45Z" hostname="ab6ff8980090" tests="1" skipped="1" failures="0" errors="0" time="0.172">
    <testcase time="0.172000000000001" classname="lsfdth01" name="lsfdth01">
      <skipped message="Reason: On CRAN ('test-lsfdth01.R:1:1')"/>
    </testcase>
  </testsuite>
  <testsuite name="lsfecg01" timestamp="2026-08-17T09:07:45Z" hostname="ab6ff8980090" tests="1" skipped="1" failures="0" errors="0" time="0.866">
    <testcase time="0.866" classname="lsfecg01" name="lsfecg01">
      <skipped message="Reason: On CRAN ('test-lsfecg01.R:1:1')"/>
    </testcase>
  </testsuite>
  <testsuite name="lsfecg02part1" timestamp="2026-08-17T09:07:46Z" hostname="ab6ff8980090" tests="1" skipped="1" failures="0" errors="0" time="1.159">
    <testcase time="1.159" classname="lsfecg02part1" name="lsfecg02part1of3">
      <skipped message="Reason: On CRAN ('test-lsfecg02part1.R:1:1')"/>
    </testcase>
  </testsuite>
  <testsuite name="lsfecg02part2" timestamp="2026-08-17T09:07:47Z" hostname="ab6ff8980090" tests="1" skipped="1" failures="0" errors="0" time="1.223">
    <testcase time="1.223" classname="lsfecg02part2" name="lsfecg02part2of3">
      <skipped message="Reason: On CRAN ('test-lsfecg02part2.R:1:1')"/>
    </testcase>
  </testsuite>
  <testsuite name="lsfecg02part3" timestamp="2026-08-17T09:07:48Z" hostname="ab6ff8980090" tests="1" skipped="1" failures="0" errors="0" time="1.235">
    <testcase time="1.235" classname="lsfecg02part3" name="lsfecg02part3of3">
      <skipped message="Reason: On CRAN ('test-lsfecg02part3.R:1:1')"/>
    </testcase>
  </testsuite>
  <testsuite name="lsflab01" timestamp="2026-08-17T09:07:49Z" hostname="ab6ff8980090" tests="1" skipped="1" failures="0" errors="0" time="0.458">
    <testcase time="0.457999999999998" classname="lsflab01" name="lsflab01">
      <skipped message="Reason: On CRAN ('test-lsflab01.R:1:1')"/>
    </testcase>
  </testsuite>
  <testsuite name="lsfvit01" timestamp="2026-08-17T09:07:50Z" hostname="ab6ff8980090" tests="1" skipped="1" failures="0" errors="0" time="1.159">
    <testcase time="1.159" classname="lsfvit01" name="lsfvit01">
      <skipped message="Reason: On CRAN ('test-lsfvit01.R:1:1')"/>
    </testcase>
  </testsuite>
  <testsuite name="lsfvit02" timestamp="2026-08-17T09:07:51Z" hostname="ab6ff8980090" tests="1" skipped="1" failures="0" errors="0" time="1.881">
    <testcase time="1.881" classname="lsfvit02" name="lsfvit02">
      <skipped message="Reason: On CRAN ('test-lsfvit02.R:1:1')"/>
    </testcase>
  </testsuite>
  <testsuite name="lsicm01" timestamp="2026-08-17T09:07:53Z" hostname="ab6ff8980090" tests="1" skipped="1" failures="0" errors="0" time="0.481">
    <testcase time="0.481000000000002" classname="lsicm01" name="lsicm01">
      <skipped message="Reason: On CRAN ('test-lsicm01.R:1:1')"/>
    </testcase>
  </testsuite>
  <testsuite name="lsidem01" timestamp="2026-08-17T09:07:53Z" hostname="ab6ff8980090" tests="1" skipped="1" failures="0" errors="0" time="0.344">
    <testcase time="0.344000000000001" classname="lsidem01" name="lsidem01">
      <skipped message="Reason: On CRAN ('test-lsidem01.R:1:1')"/>
    </testcase>
  </testsuite>
  <testsuite name="lsidem02" timestamp="2026-08-17T09:07:53Z" hostname="ab6ff8980090" tests="1" skipped="1" failures="0" errors="0" time="0.337">
    <testcase time="0.337" classname="lsidem02" name="lsidem02">
      <skipped message="Reason: On CRAN ('test-lsidem02.R:1:1')"/>
    </testcase>
  </testsuite>
  <testsuite name="lsids01" timestamp="2026-08-17T09:07:54Z" hostname="ab6ff8980090" tests="1" skipped="1" failures="0" errors="0" time="0.341">
    <testcase time="0.340999999999998" classname="lsids01" name="lsids01">
      <skipped message="Reason: On CRAN ('test-lsids01.R:1:1')"/>
    </testcase>
  </testsuite>
  <testsuite name="lsids02" timestamp="2026-08-17T09:07:54Z" hostname="ab6ff8980090" tests="1" skipped="1" failures="0" errors="0" time="0.335">
    <testcase time="0.335000000000001" classname="lsids02" name="lsids02">
      <skipped message="Reason: On CRAN ('test-lsids02.R:1:1')"/>
    </testcase>
  </testsuite>
  <testsuite name="lsids03" timestamp="2026-08-17T09:07:54Z" hostname="ab6ff8980090" tests="1" skipped="1" failures="0" errors="0" time="0.332">
    <testcase time="0.332000000000001" classname="lsids03" name="lsids03">
      <skipped message="Reason: On CRAN ('test-lsids03.R:1:1')"/>
    </testcase>
  </testsuite>
  <testsuite name="lsids04" timestamp="2026-08-17T09:07:55Z" hostname="ab6ff8980090" tests="1" skipped="1" failures="0" errors="0" time="0.15">
    <testcase time="0.149999999999999" classname="lsids04" name="lsids04">
      <skipped message="Reason: On CRAN ('test-lsids04.R:1:1')"/>
    </testcase>
  </testsuite>
  <testsuite name="lsids05" timestamp="2026-08-17T09:07:55Z" hostname="ab6ff8980090" tests="1" skipped="1" failures="0" errors="0" time="0.106">
    <testcase time="0.106000000000002" classname="lsids05" name="lsids05">
      <skipped message="Reason: On CRAN ('test-lsids05.R:1:1')"/>
    </testcase>
  </testsuite>
  <testsuite name="lsiex01" timestamp="2026-08-17T09:07:55Z" hostname="ab6ff8980090" tests="1" skipped="1" failures="0" errors="0" time="0.371">
    <testcase time="0.370999999999999" classname="lsiex01" name="lsiex01">
      <skipped message="Reason: On CRAN ('test-lsiex01.R:1:1')"/>
    </testcase>
  </testsuite>
  <testsuite name="lsiex02" timestamp="2026-08-17T09:07:55Z" hostname="ab6ff8980090" tests="1" skipped="1" failures="0" errors="0" time="0.274">
    <testcase time="0.274000000000001" classname="lsiex02" name="lsiex02">
      <skipped message="Reason: On CRAN ('test-lsiex02.R:1:1')"/>
    </testcase>
  </testsuite>
  <testsuite name="lsiex03" timestamp="2026-08-17T09:07:56Z" hostname="ab6ff8980090" tests="1" skipped="1" failures="0" errors="0" time="0.393">
    <testcase time="0.392999999999997" classname="lsiex03" name="lsiex03">
      <skipped message="Reason: On CRAN ('test-lsiex03.R:1:1')"/>
    </testcase>
  </testsuite>
  <testsuite name="lsimh01" timestamp="2026-08-17T09:07:56Z" hostname="ab6ff8980090" tests="1" skipped="1" failures="0" errors="0" time="0.346">
    <testcase time="0.346000000000004" classname="lsimh01" name="lsimh01">
      <skipped message="Reason: On CRAN ('test-lsimh01.R:1:1')"/>
    </testcase>
  </testsuite>
  <testsuite name="pagination_listing" timestamp="2026-08-17T09:07:56Z" hostname="ab6ff8980090" tests="13" skipped="0" failures="0" errors="0" time="2.894">
    <testcase time="0.0349999999999966" classname="pagination_listing" name="Direct_pagination_works_fine"/>
    <testcase time="0.450000000000003" classname="pagination_listing" name="Direct_pagination_works_fine"/>
    <testcase time="0.00300000000000011" classname="pagination_listing" name="Direct_pagination_works_fine"/>
    <testcase time="0.692999999999998" classname="pagination_listing" name="Direct_pagination_works_fine"/>
    <testcase time="0.657000000000004" classname="pagination_listing" name="Direct_pagination_works_fine"/>
    <testcase time="0.504999999999995" classname="pagination_listing" name="pagination_counts_the_right_number_of_lines_when_wrapping_on_keycols_is_present"/>
    <testcase time="0.00600000000000023" classname="pagination_listing" name="pagination_counts_the_right_number_of_lines_when_wrapping_on_keycols_is_present"/>
    <testcase time="0.00500000000000256" classname="pagination_listing" name="pagination_counts_the_right_number_of_lines_when_wrapping_on_keycols_is_present"/>
    <testcase time="0.00399999999999778" classname="pagination_listing" name="pagination_counts_the_right_number_of_lines_when_wrapping_on_keycols_is_present"/>
    <testcase time="0.525000000000006" classname="pagination_listing" name="pagination_counts_the_right_number_of_lines_when_wrapping_on_keycols_is_present"/>
    <testcase time="0.00399999999999778" classname="pagination_listing" name="pagination_counts_the_right_number_of_lines_when_wrapping_on_keycols_is_present"/>
    <testcase time="0.00399999999999778" classname="pagination_listing" name="pagination_counts_the_right_number_of_lines_when_wrapping_on_keycols_is_present"/>
    <testcase time="0.00300000000000011" classname="pagination_listing" name="pagination_counts_the_right_number_of_lines_when_wrapping_on_keycols_is_present"/>
  </testsuite>
  <testsuite name="pagination_table" timestamp="2026-08-17T09:08:00Z" hostname="ab6ff8980090" tests="21" skipped="6" failures="0" errors="0" time="11.109">
    <testcase time="1.375" classname="pagination_table" name="Direct_pagination_with_standard_values"/>
    <testcase time="0.00500000000000256" classname="pagination_table" name="Direct_pagination_with_standard_values"/>
    <testcase time="0.00300000000000011" classname="pagination_table" name="Direct_pagination_with_standard_values"/>
    <testcase time="0.990000000000002" classname="pagination_table" name="Pagination_with_specific_column_widths_and_minimum_lines_per_page"/>
    <testcase time="0.00399999999999778" classname="pagination_table" name="Pagination_with_specific_column_widths_and_minimum_lines_per_page"/>
    <testcase time="0.0859999999999985" classname="pagination_table" name="Pagination_with_specific_column_widths_and_minimum_lines_per_page">
      <skipped message="Reason: On CRAN ('test-pagination_table.R:67:1')"/>
    </testcase>
    <testcase time="0.808" classname="pagination_table" name="Pagination_works_also_if_table_is_decorated"/>
    <testcase time="0.43" classname="pagination_table" name="Pagination_works_also_if_table_is_decorated"/>
    <testcase time="0.638000000000005" classname="pagination_table" name="Pagination_works_also_if_table_is_decorated"/>
    <testcase time="0.509" classname="pagination_table" name="Pagination_works_also_if_table_is_decorated"/>
    <testcase time="1.064" classname="pagination_table" name="Pagination_works_also_if_table_is_decorated"/>
    <testcase time="0.247" classname="pagination_table" name="Pagination_works_also_if_table_is_decorated"/>
    <testcase time="0.00399999999999778" classname="pagination_table" name="Pagination_works_also_if_table_is_decorated"/>
    <testcase time="0.161999999999999" classname="pagination_table" name="Pagination_works_also_if_table_is_decorated">
      <skipped message="Reason: On CRAN ('test-pagination_table.R:93:1')"/>
    </testcase>
    <testcase time="1.988" classname="pagination_table" name="Pagination_works_for_page_types">
      <skipped message="Reason: On CRAN ('test-pagination_table.R:132:1')"/>
    </testcase>
    <testcase time="0.655999999999999" classname="pagination_table" name="Pagination_works_for_page_width_and_height">
      <skipped message="Reason: On CRAN ('test-pagination_table.R:145:1')"/>
    </testcase>
    <testcase time="0.733000000000004" classname="pagination_table" name="Pagination_works_for_page_types">
      <skipped message="Reason: On CRAN ('test-pagination_table.R:152:1')"/>
    </testcase>
    <testcase time="0.795000000000002" classname="pagination_table" name="AET04_variant_2_page_by_pagination_tests"/>
    <testcase time="0.494999999999997" classname="pagination_table" name="AET04_variant_2_page_by_pagination_tests"/>
    <testcase time="0.00100000000000477" classname="pagination_table" name="AET04_variant_2_page_by_pagination_tests"/>
    <testcase time="0.116" classname="pagination_table" name="AET04_variant_2_page_by_pagination_tests">
      <skipped message="Reason: On CRAN ('test-pagination_table.R:166:1')"/>
    </testcase>
  </testsuite>
  <testsuite name="table_adat03" timestamp="2026-08-17T09:08:10Z" hostname="ab6ff8980090" tests="2" skipped="1" failures="0" errors="0" time="0.511">
    <testcase time="0.419999999999995" classname="table_adat03" name="ADAT03_is_produced_correctly"/>
    <testcase time="0.0910000000000011" classname="table_adat03" name="ADAT03_is_produced_correctly">
      <skipped message="Reason: On CRAN ('test-table_adat03.R:39:1')"/>
    </testcase>
  </testsuite>
  <testsuite name="table_aet01" timestamp="2026-08-17T09:08:11Z" hostname="ab6ff8980090" tests="8" skipped="4" failures="0" errors="0" time="1.654">
    <testcase time="0.367000000000004" classname="table_aet01" name="Safety_Summary_Variant_1_works_as_expected"/>
    <testcase time="0.0879999999999939" classname="table_aet01" name="Safety_Summary_Variant_1_works_as_expected">
      <skipped message="Reason: On CRAN ('test-table_aet01.R:51:1')"/>
    </testcase>
    <testcase time="0.334000000000003" classname="table_aet01" name="Safety_Summary_Variant_2_with_Medical_Concepts_Section_works_as_expected"/>
    <testcase time="0.0739999999999981" classname="table_aet01" name="Safety_Summary_Variant_2_with_Medical_Concepts_Section_works_as_expected">
      <skipped message="Reason: On CRAN ('test-table_aet01.R:109:1')"/>
    </testcase>
    <testcase time="0.274999999999999" classname="table_aet01" name="Safety_Summary_Variant_3_with_Modified_Rows_works_as_expected"/>
    <testcase time="0.0600000000000023" classname="table_aet01" name="Safety_Summary_Variant_3_with_Modified_Rows_works_as_expected">
      <skipped message="Reason: On CRAN ('test-table_aet01.R:175:1')"/>
    </testcase>
    <testcase time="0.356999999999999" classname="table_aet01" name="Safety_Summary_Variant_4_with_Rows_Counting_Events_and_Additional_Sections_works_as_expected"/>
    <testcase time="0.0990000000000038" classname="table_aet01" name="Safety_Summary_Variant_4_with_Rows_Counting_Events_and_Additional_Sections_works_as_expected">
      <skipped message="Reason: On CRAN ('test-table_aet01.R:236:1')"/>
    </testcase>
  </testsuite>
  <testsuite name="table_aet01_aesi" timestamp="2026-08-17T09:08:13Z" hostname="ab6ff8980090" tests="8" skipped="4" failures="0" errors="0" time="2.452">
    <testcase time="0.280000000000001" classname="table_aet01_aesi" name="AET01_AESI_Variant_1_works_as_expected"/>
    <testcase time="0.0789999999999935" classname="table_aet01_aesi" name="AET01_AESI_Variant_1_works_as_expected">
      <skipped message="Reason: On CRAN ('test-table_aet01_aesi.R:87:1')"/>
    </testcase>
    <testcase time="0.460000000000001" classname="table_aet01_aesi" name="AET01_AESI_Variant_2_works_as_expected"/>
    <testcase time="0.0900000000000034" classname="table_aet01_aesi" name="AET01_AESI_Variant_2_works_as_expected">
      <skipped message="Reason: On CRAN ('test-table_aet01_aesi.R:118:1')"/>
    </testcase>
    <testcase time="0.688000000000002" classname="table_aet01_aesi" name="AET01_AESI_Variant_3_works_as_expected"/>
    <testcase time="0.150999999999996" classname="table_aet01_aesi" name="AET01_AESI_Variant_3_works_as_expected">
      <skipped message="Reason: On CRAN ('test-table_aet01_aesi.R:184:1')"/>
    </testcase>
    <testcase time="0.550000000000004" classname="table_aet01_aesi" name="AET01_AESI_Variant_4_works_as_expected"/>
    <testcase time="0.153999999999996" classname="table_aet01_aesi" name="AET01_AESI_Variant_4_works_as_expected">
      <skipped message="Reason: On CRAN ('test-table_aet01_aesi.R:414:1')"/>
    </testcase>
  </testsuite>
  <testsuite name="table_aet02" timestamp="2026-08-17T09:08:15Z" hostname="ab6ff8980090" tests="26" skipped="12" failures="0" errors="0" time="7.388">
    <testcase time="0.545999999999999" classname="table_aet02" name="AET02_variant_1_is_produced_correctly"/>
    <testcase time="0.481000000000002" classname="table_aet02" name="AET02_variant_1_is_produced_correctly"/>
    <testcase time="0.0769999999999982" classname="table_aet02" name="AET02_variant_1_is_produced_correctly"/>
    <testcase time="0.00100000000000477" classname="table_aet02" name="AET02_variant_1_is_produced_correctly">
      <skipped message="Reason: On CRAN ('test-table_aet02.R:18:1')"/>
    </testcase>
    <testcase time="0.606999999999999" classname="table_aet02" name="AET02_variant_2_is_produced_correctly"/>
    <testcase time="0.134" classname="table_aet02" name="AET02_variant_2_is_produced_correctly">
      <skipped message="Reason: On CRAN ('test-table_aet02.R:80:1')"/>
    </testcase>
    <testcase time="1.255" classname="table_aet02" name="AET02_variant_3_is_produced_correctly"/>
    <testcase time="0.204000000000001" classname="table_aet02" name="AET02_variant_3_is_produced_correctly">
      <skipped message="Reason: On CRAN ('test-table_aet02.R:132:1')"/>
    </testcase>
    <testcase time="0.119" classname="table_aet02" name="AET02_variant_4_is_produced_correctly"/>
    <testcase time="0.0560000000000045" classname="table_aet02" name="AET02_variant_4_is_produced_correctly">
      <skipped message="Reason: On CRAN ('test-table_aet02.R:198:1')"/>
    </testcase>
    <testcase time="0.363999999999997" classname="table_aet02" name="AET02_variant_5_is_produced_correctly"/>
    <testcase time="0.103000000000002" classname="table_aet02" name="AET02_variant_5_is_produced_correctly">
      <skipped message="Reason: On CRAN ('test-table_aet02.R:223:1')"/>
    </testcase>
    <testcase time="0.353000000000002" classname="table_aet02" name="AET02_variant_6_is_produced_correctly"/>
    <testcase time="0.0670000000000002" classname="table_aet02" name="AET02_variant_6_is_produced_correctly">
      <skipped message="Reason: On CRAN ('test-table_aet02.R:270:1')"/>
    </testcase>
    <testcase time="0.774999999999999" classname="table_aet02" name="AET02_variant_7_is_produced_correctly"/>
    <testcase time="0.103999999999999" classname="table_aet02" name="AET02_variant_7_is_produced_correctly">
      <skipped message="Reason: On CRAN ('test-table_aet02.R:317:1')"/>
    </testcase>
    <testcase time="0.338999999999999" classname="table_aet02" name="AET02_variant_8_is_produced_correctly"/>
    <testcase time="0.0470000000000041" classname="table_aet02" name="AET02_variant_8_is_produced_correctly">
      <skipped message="Reason: On CRAN ('test-table_aet02.R:380:1')"/>
    </testcase>
    <testcase time="0.375999999999998" classname="table_aet02" name="AET02_variant_9_is_produced_correctly"/>
    <testcase time="0.0989999999999966" classname="table_aet02" name="AET02_variant_9_is_produced_correctly">
      <skipped message="Reason: On CRAN ('test-table_aet02.R:427:1')"/>
    </testcase>
    <testcase time="0.364000000000004" classname="table_aet02" name="AET02_variant_10_is_produced_correctly"/>
    <testcase time="0.0549999999999997" classname="table_aet02" name="AET02_variant_10_is_produced_correctly">
      <skipped message="Reason: On CRAN ('test-table_aet02.R:474:1')"/>
    </testcase>
    <testcase time="0.377000000000002" classname="table_aet02" name="AET02_variant_11_is_produced_correctly"/>
    <testcase time="0.0569999999999951" classname="table_aet02" name="AET02_variant_11_is_produced_correctly">
      <skipped message="Reason: On CRAN ('test-table_aet02.R:521:1')"/>
    </testcase>
    <testcase time="0.378" classname="table_aet02" name="AET02_variant_12_is_produced_correctly"/>
    <testcase time="0.0500000000000043" classname="table_aet02" name="AET02_variant_12_is_produced_correctly">
      <skipped message="Reason: On CRAN ('test-table_aet02.R:568:1')"/>
    </testcase>
  </testsuite>
  <testsuite name="table_aet02_smq" timestamp="2026-08-17T09:08:22Z" hostname="ab6ff8980090" tests="4" skipped="2" failures="0" errors="0" time="0.383">
    <testcase time="0.128999999999998" classname="table_aet02_smq" name="AET02SMQ_variant_1_is_produced_correctly"/>
    <testcase time="0.0439999999999969" classname="table_aet02_smq" name="AET02SMQ_variant_1_is_produced_correctly">
      <skipped message="Reason: On CRAN ('test-table_aet02_smq.R:16:1')"/>
    </testcase>
    <testcase time="0.155000000000001" classname="table_aet02_smq" name="AET02SMQ_variant_2_is_produced_correctly"/>
    <testcase time="0.0549999999999997" classname="table_aet02_smq" name="AET02SMQ_variant_2_is_produced_correctly">
      <skipped message="Reason: On CRAN ('test-table_aet02_smq.R:55:1')"/>
    </testcase>
  </testsuite>
  <testsuite name="table_aet03" timestamp="2026-08-17T09:08:23Z" hostname="ab6ff8980090" tests="6" skipped="1" failures="0" errors="0" time="4.045">
    <testcase time="1.03299999999999" classname="table_aet03" name="AET03_variant_1_is_produced_correctly"/>
    <testcase time="1.45" classname="table_aet03" name="AET03_variant_1_is_produced_correctly"/>
    <testcase time="0.527000000000001" classname="table_aet03" name="AET03_variant_1_is_produced_correctly"/>
    <testcase time="0.856000000000002" classname="table_aet03" name="AET03_variant_1_is_produced_correctly"/>
    <testcase time="0.177999999999997" classname="table_aet03" name="AET03_variant_1_is_produced_correctly"/>
    <testcase time="0.000999999999997669" classname="table_aet03" name="AET03_variant_1_is_produced_correctly">
      <skipped message="Reason: On CRAN ('test-table_aet03.R:17:1')"/>
    </testcase>
  </testsuite>
  <testsuite name="table_aet04" timestamp="2026-08-17T09:08:28Z" hostname="ab6ff8980090" tests="30" skipped="8" failures="0" errors="0" time="11.128">
    <testcase time="0.727000000000004" classname="table_aet04" name="AET04_variant_1_is_produced_correctly"/>
    <testcase time="0.950000000000003" classname="table_aet04" name="AET04_variant_1_is_produced_correctly"/>
    <testcase time="0.0339999999999918" classname="table_aet04" name="AET04_variant_1_is_produced_correctly"/>
    <testcase time="0.0320000000000107" classname="table_aet04" name="AET04_variant_1_is_produced_correctly"/>
    <testcase time="0.00199999999999534" classname="table_aet04" name="AET04_variant_1_is_produced_correctly">
      <skipped message="Reason: On CRAN ('test-table_aet04.R:107:1')"/>
    </testcase>
    <testcase time="0.646999999999991" classname="table_aet04" name="AET04_variant_2_is_produced_correctly_Fill_in_of_Treatment_Groups_"/>
    <testcase time="0.780000000000001" classname="table_aet04" name="AET04_variant_2_is_produced_correctly_Fill_in_of_Treatment_Groups_"/>
    <testcase time="0.0370000000000061" classname="table_aet04" name="AET04_variant_2_is_produced_correctly_Fill_in_of_Treatment_Groups_"/>
    <testcase time="0.0499999999999972" classname="table_aet04" name="AET04_variant_2_is_produced_correctly_Fill_in_of_Treatment_Groups_"/>
    <testcase time="0.00100000000000477" classname="table_aet04" name="AET04_variant_2_is_produced_correctly_Fill_in_of_Treatment_Groups_">
      <skipped message="Reason: On CRAN ('test-table_aet04.R:127:1')"/>
    </testcase>
    <testcase time="0.658000000000001" classname="table_aet04" name="AET04_variant_3_is_produced_correctly_Fill_in_of_Grades_"/>
    <testcase time="0.947999999999993" classname="table_aet04" name="AET04_variant_3_is_produced_correctly_Fill_in_of_Grades_"/>
    <testcase time="0.0360000000000014" classname="table_aet04" name="AET04_variant_3_is_produced_correctly_Fill_in_of_Grades_"/>
    <testcase time="0.034000000000006" classname="table_aet04" name="AET04_variant_3_is_produced_correctly_Fill_in_of_Grades_"/>
    <testcase time="0.000999999999990564" classname="table_aet04" name="AET04_variant_3_is_produced_correctly_Fill_in_of_Grades_">
      <skipped message="Reason: On CRAN ('test-table_aet04.R:209:1')"/>
    </testcase>
    <testcase time="0.718000000000004" classname="table_aet04" name="AET04_variant_4_is_produced_correctly_Collapsing_of_Grades_grades_1_2_grades_3_4_5_"/>
    <testcase time="0.921999999999997" classname="table_aet04" name="AET04_variant_4_is_produced_correctly_Collapsing_of_Grades_grades_1_2_grades_3_4_5_"/>
    <testcase time="0.00100000000000477" classname="table_aet04" name="AET04_variant_4_is_produced_correctly_Collapsing_of_Grades_grades_1_2_grades_3_4_5_">
      <skipped message="Reason: On CRAN ('test-table_aet04.R:288:1')"/>
    </testcase>
    <testcase time="0.748999999999995" classname="table_aet04" name="AET04_variant_6_is_produced_correctly_with_an_Incidence_Rate_of_at_Least_5_totals_restricted_"/>
    <testcase time="0.939000000000007" classname="table_aet04" name="AET04_variant_6_is_produced_correctly_with_an_Incidence_Rate_of_at_Least_5_totals_restricted_"/>
    <testcase time="0.000999999999990564" classname="table_aet04" name="AET04_variant_6_is_produced_correctly_with_an_Incidence_Rate_of_at_Least_5_totals_restricted_">
      <skipped message="Reason: On CRAN ('test-table_aet04.R:367:1')"/>
    </testcase>
    <testcase time="0.0180000000000007" classname="table_aet04" name="AET04_variant_8_is_produced_correctly_with_an_Incidence_Rate_of_at_Least_X_Patients_"/>
    <testcase time="0.906000000000006" classname="table_aet04" name="AET04_variant_8_is_produced_correctly_with_an_Incidence_Rate_of_at_Least_X_Patients_"/>
    <testcase time="0.00199999999999534" classname="table_aet04" name="AET04_variant_8_is_produced_correctly_with_an_Incidence_Rate_of_at_Least_X_Patients_">
      <skipped message="Reason: On CRAN ('test-table_aet04.R:481:1')"/>
    </testcase>
    <testcase time="0.0190000000000055" classname="table_aet04" name="AET04_variant_9_is_produced_correctly_with_a_Difference_in_Incidence_Rate_of_at_Least_X_"/>
    <testcase time="0.938999999999993" classname="table_aet04" name="AET04_variant_9_is_produced_correctly_with_a_Difference_in_Incidence_Rate_of_at_Least_X_"/>
    <testcase time="0.00100000000000477" classname="table_aet04" name="AET04_variant_9_is_produced_correctly_with_a_Difference_in_Incidence_Rate_of_at_Least_X_">
      <skipped message="Reason: On CRAN ('test-table_aet04.R:497:1')"/>
    </testcase>
    <testcase time="0.0190000000000055" classname="table_aet04" name="AET04_variant_11_is_produced_correctly_with_Incidence_Rate_of_at_Least_X_all_SOCs_w_o_preferred_terms_removed_"/>
    <testcase time="0.956000000000003" classname="table_aet04" name="AET04_variant_11_is_produced_correctly_with_Incidence_Rate_of_at_Least_X_all_SOCs_w_o_preferred_terms_removed_"/>
    <testcase time="0.000999999999990564" classname="table_aet04" name="AET04_variant_11_is_produced_correctly_with_Incidence_Rate_of_at_Least_X_all_SOCs_w_o_preferred_terms_removed_">
      <skipped message="Reason: On CRAN ('test-table_aet04.R:517:1')"/>
    </testcase>
  </testsuite>
  <testsuite name="table_aet04_pi" timestamp="2026-08-17T09:08:38Z" hostname="ab6ff8980090" tests="18" skipped="9" failures="0" errors="0" time="5.896">
    <testcase time="0.888999999999996" classname="table_aet04_pi" name="AET04_PI_full_table_is_produced_correctly"/>
    <testcase time="0.152000000000001" classname="table_aet04_pi" name="AET04_PI_full_table_is_produced_correctly">
      <skipped message="Reason: On CRAN ('test-table_aet04_pi.R:52:1')"/>
    </testcase>
    <testcase time="0.51700000000001" classname="table_aet04_pi" name="AET04_PI_variant_1_is_produced_correctly"/>
    <testcase time="0.11099999999999" classname="table_aet04_pi" name="AET04_PI_variant_1_is_produced_correctly">
      <skipped message="Reason: On CRAN ('test-table_aet04_pi.R:69:1')"/>
    </testcase>
    <testcase time="0.519000000000005" classname="table_aet04_pi" name="AET04_PI_variant_2_is_produced_correctly"/>
    <testcase time="0.0669999999999931" classname="table_aet04_pi" name="AET04_PI_variant_2_is_produced_correctly">
      <skipped message="Reason: On CRAN ('test-table_aet04_pi.R:91:1')"/>
    </testcase>
    <testcase time="0.509" classname="table_aet04_pi" name="AET04_PI_variant_3_is_produced_correctly"/>
    <testcase time="0.0930000000000035" classname="table_aet04_pi" name="AET04_PI_variant_3_is_produced_correctly">
      <skipped message="Reason: On CRAN ('test-table_aet04_pi.R:114:1')"/>
    </testcase>
    <testcase time="0.51400000000001" classname="table_aet04_pi" name="AET04_PI_variant_4_is_produced_correctly"/>
    <testcase time="0.0669999999999931" classname="table_aet04_pi" name="AET04_PI_variant_4_is_produced_correctly">
      <skipped message="Reason: On CRAN ('test-table_aet04_pi.R:137:1')"/>
    </testcase>
    <testcase time="0.510000000000005" classname="table_aet04_pi" name="AET04_PI_variant_5_is_produced_correctly"/>
    <testcase time="0.090999999999994" classname="table_aet04_pi" name="AET04_PI_variant_5_is_produced_correctly">
      <skipped message="Reason: On CRAN ('test-table_aet04_pi.R:161:1')"/>
    </testcase>
    <testcase time="0.701999999999998" classname="table_aet04_pi" name="AET04_PI_variant_6_is_produced_correctly"/>
    <testcase time="0.116" classname="table_aet04_pi" name="AET04_PI_variant_6_is_produced_correctly">
      <skipped message="Reason: On CRAN ('test-table_aet04_pi.R:185:1')"/>
    </testcase>
    <testcase time="0.679000000000002" classname="table_aet04_pi" name="AET04_PI_variant_7_is_produced_correctly"/>
    <testcase time="0.102999999999994" classname="table_aet04_pi" name="AET04_PI_variant_7_is_produced_correctly">
      <skipped message="Reason: On CRAN ('test-table_aet04_pi.R:236:1')"/>
    </testcase>
    <testcase time="0.169000000000011" classname="table_aet04_pi" name="AET04_PI_variant_8_is_produced_correctly"/>
    <testcase time="0.0879999999999939" classname="table_aet04_pi" name="AET04_PI_variant_8_is_produced_correctly">
      <skipped message="Reason: On CRAN ('test-table_aet04_pi.R:287:1')"/>
    </testcase>
  </testsuite>
  <testsuite name="table_aet05" timestamp="2026-08-17T09:08:44Z" hostname="ab6ff8980090" tests="4" skipped="2" failures="0" errors="0" time="0.243">
    <testcase time="0.0960000000000036" classname="table_aet05" name="AET05_variant_1_is_produced_correctly"/>
    <testcase time="0.0349999999999966" classname="table_aet05" name="AET05_variant_1_is_produced_correctly">
      <skipped message="Reason: On CRAN ('test-table_aet05.R:26:1')"/>
    </testcase>
    <testcase time="0.0750000000000028" classname="table_aet05" name="AET05_variant_2_is_produced_correctly"/>
    <testcase time="0.0369999999999919" classname="table_aet05" name="AET05_variant_2_is_produced_correctly">
      <skipped message="Reason: On CRAN ('test-table_aet05.R:41:1')"/>
    </testcase>
  </testsuite>
  <testsuite name="table_aet05_all" timestamp="2026-08-17T09:08:44Z" hostname="ab6ff8980090" tests="4" skipped="2" failures="0" errors="0" time="0.255">
    <testcase time="0.122" classname="table_aet05_all" name="AET05_ALL_variant_1_is_produced_correctly"/>
    <testcase time="0.034000000000006" classname="table_aet05_all" name="AET05_ALL_variant_1_is_produced_correctly">
      <skipped message="Reason: On CRAN ('test-table_aet05_all.R:20:1')"/>
    </testcase>
    <testcase time="0.0589999999999975" classname="table_aet05_all" name="AET05_ALL_variant_2_is_produced_correctly"/>
    <testcase time="0.0400000000000063" classname="table_aet05_all" name="AET05_ALL_variant_2_is_produced_correctly">
      <skipped message="Reason: On CRAN ('test-table_aet05_all.R:35:1')"/>
    </testcase>
  </testsuite>
  <testsuite name="table_aet06" timestamp="2026-08-17T09:08:44Z" hostname="ab6ff8980090" tests="6" skipped="3" failures="0" errors="0" time="3.201">
    <testcase time="0.524999999999991" classname="table_aet06" name="AET06_variant_1_is_produced_correctly"/>
    <testcase time="0.15100000000001" classname="table_aet06" name="AET06_variant_1_is_produced_correctly">
      <skipped message="Reason: On CRAN ('test-table_aet06.R:64:1')"/>
    </testcase>
    <testcase time="0.85499999999999" classname="table_aet06" name="AET06_variant_3_is_produced_correctly"/>
    <testcase time="0.244" classname="table_aet06" name="AET06_variant_3_is_produced_correctly">
      <skipped message="Reason: On CRAN ('test-table_aet06.R:100:1')"/>
    </testcase>
    <testcase time="1.155" classname="table_aet06" name="AET06_variant_5_is_produced_correctly"/>
    <testcase time="0.271000000000001" classname="table_aet06" name="AET06_variant_5_is_produced_correctly">
      <skipped message="Reason: On CRAN ('test-table_aet06.R:152:1')"/>
    </testcase>
  </testsuite>
  <testsuite name="table_aet06_smq" timestamp="2026-08-17T09:08:48Z" hostname="ab6ff8980090" tests="4" skipped="2" failures="0" errors="0" time="0.885">
    <testcase time="0.343000000000004" classname="table_aet06_smq" name="AET06_SMQ_variant_1_is_produced_correctly"/>
    <testcase time="0.102999999999994" classname="table_aet06_smq" name="AET06_SMQ_variant_1_is_produced_correctly">
      <skipped message="Reason: On CRAN ('test-table_aet06_smq.R:5:1')"/>
    </testcase>
    <testcase time="0.350999999999999" classname="table_aet06_smq" name="AET06_SMQ_variant_2_is_produced_correctly"/>
    <testcase time="0.0880000000000081" classname="table_aet06_smq" name="AET06_SMQ_variant_2_is_produced_correctly">
      <skipped message="Reason: On CRAN ('test-table_aet06_smq.R:76:1')"/>
    </testcase>
  </testsuite>
  <testsuite name="table_aet07" timestamp="2026-08-17T09:08:49Z" hostname="ab6ff8980090" tests="4" skipped="2" failures="0" errors="0" time="0.17">
    <testcase time="0.0729999999999933" classname="table_aet07" name="AET07_variant_1_is_produced_correctly"/>
    <testcase time="0.0230000000000103" classname="table_aet07" name="AET07_variant_1_is_produced_correctly">
      <skipped message="Reason: On CRAN ('test-table_aet07.R:24:1')"/>
    </testcase>
    <testcase time="0.0510000000000019" classname="table_aet07" name="AET07_variant_2_is_produced_correctly"/>
    <testcase time="0.0229999999999961" classname="table_aet07" name="AET07_variant_2_is_produced_correctly">
      <skipped message="Reason: On CRAN ('test-table_aet07.R:52:1')"/>
    </testcase>
  </testsuite>
  <testsuite name="table_aet09" timestamp="2026-08-17T09:08:49Z" hostname="ab6ff8980090" tests="4" skipped="2" failures="0" errors="0" time="1.765">
    <testcase time="0.515999999999991" classname="table_aet09" name="AET09_variant_1_is_produced_correctly_AE_related_to_study_drug"/>
    <testcase time="0.12700000000001" classname="table_aet09" name="AET09_variant_1_is_produced_correctly_AE_related_to_study_drug">
      <skipped message="Reason: On CRAN ('test-table_aet09.R:7:1')"/>
    </testcase>
    <testcase time="0.911999999999992" classname="table_aet09" name="AET09_variant_2_is_produced_correctly_AE_related_to_study_drug_including_high_level_terms_"/>
    <testcase time="0.210000000000008" classname="table_aet09" name="AET09_variant_2_is_produced_correctly_AE_related_to_study_drug_including_high_level_terms_">
      <skipped message="Reason: On CRAN ('test-table_aet09.R:49:1')"/>
    </testcase>
  </testsuite>
  <testsuite name="table_aet09_smq" timestamp="2026-08-17T09:08:50Z" hostname="ab6ff8980090" tests="4" skipped="2" failures="0" errors="0" time="0.455">
    <testcase time="0.128999999999991" classname="table_aet09_smq" name="AET09_variant_1_AEs_related_to_study_drug_by_SMQ_is_produced_correctly"/>
    <testcase time="0.0420000000000016" classname="table_aet09_smq" name="AET09_variant_1_AEs_related_to_study_drug_by_SMQ_is_produced_correctly">
      <skipped message="Reason: On CRAN ('test-table_aet09_smq.R:15:1')"/>
    </testcase>
    <testcase time="0.200000000000003" classname="table_aet09_smq" name="AET09_variant_2_AEs_related_to_study_drug_by_SMQ_with_customized_queries_is_produced_correctly"/>
    <testcase time="0.0840000000000032" classname="table_aet09_smq" name="AET09_variant_2_AEs_related_to_study_drug_by_SMQ_with_customized_queries_is_produced_correctly">
      <skipped message="Reason: On CRAN ('test-table_aet09_smq.R:72:1')"/>
    </testcase>
  </testsuite>
  <testsuite name="table_aet10" timestamp="2026-08-17T09:08:51Z" hostname="ab6ff8980090" tests="2" skipped="1" failures="0" errors="0" time="0.158">
    <testcase time="0.105000000000004" classname="table_aet10" name="AET10_default_variant_is_produced_correctly"/>
    <testcase time="0.0529999999999973" classname="table_aet10" name="AET10_default_variant_is_produced_correctly">
      <skipped message="Reason: On CRAN ('test-table_aet10.R:6:1')"/>
    </testcase>
  </testsuite>
  <testsuite name="table_aovt01" timestamp="2026-08-17T09:08:51Z" hostname="ab6ff8980090" tests="6" skipped="3" failures="0" errors="0" time="2.289">
    <testcase time="0.341999999999999" classname="table_aovt01" name="AOVT01_variant_with_single_endpoint_is_produced_correctly"/>
    <testcase time="0.0750000000000028" classname="table_aovt01" name="AOVT01_variant_with_single_endpoint_is_produced_correctly">
      <skipped message="Reason: On CRAN ('test-table_aovt01.R:6:1')"/>
    </testcase>
    <testcase time="0.820999999999998" classname="table_aovt01" name="AOVT01_variant_with_multiple_endpoints_is_produced_correctly"/>
    <testcase time="0.108000000000004" classname="table_aovt01" name="AOVT01_variant_with_multiple_endpoints_is_produced_correctly">
      <skipped message="Reason: On CRAN ('test-table_aovt01.R:36:1')"/>
    </testcase>
    <testcase time="0.819999999999993" classname="table_aovt01" name="AOVT01_variant_with_proportional_weights_is_produced_correctly"/>
    <testcase time="0.123000000000005" classname="table_aovt01" name="AOVT01_variant_with_proportional_weights_is_produced_correctly">
      <skipped message="Reason: On CRAN ('test-table_aovt01.R:55:1')"/>
    </testcase>
  </testsuite>
  <testsuite name="table_aovt02" timestamp="2026-08-17T09:08:53Z" hostname="ab6ff8980090" tests="2" skipped="1" failures="0" errors="0" time="0.475">
    <testcase time="0.396000000000001" classname="table_aovt02" name="AOVT02_is_produced_correctly"/>
    <testcase time="0.0789999999999935" classname="table_aovt02" name="AOVT02_is_produced_correctly">
      <skipped message="Reason: On CRAN ('test-table_aovt02.R:15:1')"/>
    </testcase>
  </testsuite>
  <testsuite name="table_aovt03" timestamp="2026-08-17T09:08:54Z" hostname="ab6ff8980090" tests="2" skipped="1" failures="0" errors="0" time="1.157">
    <testcase time="0.998999999999995" classname="table_aovt03" name="AOVT03_is_produced_correctly"/>
    <testcase time="0.158000000000001" classname="table_aovt03" name="AOVT03_is_produced_correctly">
      <skipped message="Reason: On CRAN ('test-table_aovt03.R:10:1')"/>
    </testcase>
  </testsuite>
  <testsuite name="table_cfbt01" timestamp="2026-08-17T09:08:55Z" hostname="ab6ff8980090" tests="2" skipped="1" failures="0" errors="0" time="0.617">
    <testcase time="0.442000000000007" classname="table_cfbt01" name="CFBT01_default_variant_is_produced_correctly"/>
    <testcase time="0.174999999999997" classname="table_cfbt01" name="CFBT01_default_variant_is_produced_correctly">
      <skipped message="Reason: On CRAN ('test-table_cfbt01.R:15:1')"/>
    </testcase>
  </testsuite>
  <testsuite name="table_cmht01" timestamp="2026-08-17T09:08:56Z" hostname="ab6ff8980090" tests="4" skipped="2" failures="0" errors="0" time="1.599">
    <testcase time="0.385999999999996" classname="table_cmht01" name="CMHT01_variant_1_is_produced_correctly"/>
    <testcase time="0.0580000000000069" classname="table_cmht01" name="CMHT01_variant_1_is_produced_correctly">
      <skipped message="Reason: On CRAN ('test-table_cmht01.R:8:1')"/>
    </testcase>
    <testcase time="0.932000000000002" classname="table_cmht01" name="CMHT01_variant_2_is_produced_correctly"/>
    <testcase time="0.222999999999999" classname="table_cmht01" name="CMHT01_variant_2_is_produced_correctly">
      <skipped message="Reason: On CRAN ('test-table_cmht01.R:61:1')"/>
    </testcase>
  </testsuite>
  <testsuite name="table_cmt01" timestamp="2026-08-17T09:08:57Z" hostname="ab6ff8980090" tests="8" skipped="4" failures="0" errors="0" time="3.464">
    <testcase time="0.625" classname="table_cmt01" name="CMT01_default_variant_Concomitant_medications_is_produced_correctly"/>
    <testcase time="0.22699999999999" classname="table_cmt01" name="CMT01_default_variant_Concomitant_medications_is_produced_correctly">
      <skipped message="Reason: On CRAN ('test-table_cmt01.R:4:1')"/>
    </testcase>
    <testcase time="0.740000000000009" classname="table_cmt01" name="CMT01_variant_1_prior_medications_is_produced_correctly"/>
    <testcase time="0.228999999999999" classname="table_cmt01" name="CMT01_variant_1_prior_medications_is_produced_correctly">
      <skipped message="Reason: On CRAN ('test-table_cmt01.R:39:1')"/>
    </testcase>
    <testcase time="0.585999999999999" classname="table_cmt01" name="CMT01_variant_3_Concomitant_medications_is_produced_correctly"/>
    <testcase time="0.203000000000003" classname="table_cmt01" name="CMT01_variant_3_Concomitant_medications_is_produced_correctly">
      <skipped message="Reason: On CRAN ('test-table_cmt01.R:74:1')"/>
    </testcase>
    <testcase time="0.643000000000001" classname="table_cmt01" name="CMT01_variant_4_Concomitant_medications_is_produced_correctly"/>
    <testcase time="0.210999999999999" classname="table_cmt01" name="CMT01_variant_4_Concomitant_medications_is_produced_correctly">
      <skipped message="Reason: On CRAN ('test-table_cmt01.R:107:1')"/>
    </testcase>
  </testsuite>
  <testsuite name="table_cmt01a" timestamp="2026-08-17T09:09:01Z" hostname="ab6ff8980090" tests="8" skipped="4" failures="0" errors="0" time="4.75">
    <testcase time="1.087" classname="table_cmt01a" name="CMT01A_variant_1_is_produced_correctly"/>
    <testcase time="0.22399999999999" classname="table_cmt01a" name="CMT01A_variant_1_is_produced_correctly">
      <skipped message="Reason: On CRAN ('test-table_cmt01a.R:16:1')"/>
    </testcase>
    <testcase time="0.963999999999999" classname="table_cmt01a" name="CMT01A_variant_2_is_produced_correctly"/>
    <testcase time="0.524000000000001" classname="table_cmt01a" name="CMT01A_variant_2_is_produced_correctly">
      <skipped message="Reason: On CRAN ('test-table_cmt01a.R:62:1')"/>
    </testcase>
    <testcase time="0.835000000000008" classname="table_cmt01a" name="CMT01A_variant_3_is_produced_correctly"/>
    <testcase time="0.173000000000002" classname="table_cmt01a" name="CMT01A_variant_3_is_produced_correctly">
      <skipped message="Reason: On CRAN ('test-table_cmt01a.R:108:1')"/>
    </testcase>
    <testcase time="0.780999999999992" classname="table_cmt01a" name="CMT01A_variant_4_is_produced_correctly"/>
    <testcase time="0.162000000000006" classname="table_cmt01a" name="CMT01A_variant_4_is_produced_correctly">
      <skipped message="Reason: On CRAN ('test-table_cmt01a.R:151:1')"/>
    </testcase>
  </testsuite>
  <testsuite name="table_cmt01b" timestamp="2026-08-17T09:09:06Z" hostname="ab6ff8980090" tests="6" skipped="3" failures="0" errors="0" time="4.433">
    <testcase time="1.28" classname="table_cmt01b" name="CMT01B_variant_1_is_produced_correctly"/>
    <testcase time="0.269999999999996" classname="table_cmt01b" name="CMT01B_variant_1_is_produced_correctly">
      <skipped message="Reason: On CRAN ('test-table_cmt01b.R:17:1')"/>
    </testcase>
    <testcase time="1.01900000000001" classname="table_cmt01b" name="CMT01B_variant_2_is_produced_correctly"/>
    <testcase time="0.230999999999995" classname="table_cmt01b" name="CMT01B_variant_2_is_produced_correctly">
      <skipped message="Reason: On CRAN ('test-table_cmt01b.R:91:1')"/>
    </testcase>
    <testcase time="1.34099999999999" classname="table_cmt01b" name="CMT01B_variant_4_is_produced_correctly"/>
    <testcase time="0.292000000000002" classname="table_cmt01b" name="CMT01B_variant_4_is_produced_correctly">
      <skipped message="Reason: On CRAN ('test-table_cmt01b.R:149:1')"/>
    </testcase>
  </testsuite>
  <testsuite name="table_cmt02_pt" timestamp="2026-08-17T09:09:10Z" hostname="ab6ff8980090" tests="2" skipped="1" failures="0" errors="0" time="0.527">
    <testcase time="0.399000000000001" classname="table_cmt02_pt" name="CMT02_PT_default_variant_is_produced_correctly"/>
    <testcase time="0.128" classname="table_cmt02_pt" name="CMT02_PT_default_variant_is_produced_correctly">
      <skipped message="Reason: On CRAN ('test-table_cmt02_pt.R:16:1')"/>
    </testcase>
  </testsuite>
  <testsuite name="table_coxt01" timestamp="2026-08-17T09:09:10Z" hostname="ab6ff8980090" tests="8" skipped="4" failures="0" errors="0" time="1.649">
    <testcase time="0.268000000000001" classname="table_coxt01" name="1._Cox_Regression"/>
    <testcase time="0.0600000000000023" classname="table_coxt01" name="1._Cox_Regression">
      <skipped message="Reason: On CRAN ('test-table_coxt01.R:18:1')"/>
    </testcase>
    <testcase time="0.359999999999999" classname="table_coxt01" name="2._Cox_Regression_with_Interaction_Term_"/>
    <testcase time="0.0690000000000026" classname="table_coxt01" name="2._Cox_Regression_with_Interaction_Term_">
      <skipped message="Reason: On CRAN ('test-table_coxt01.R:34:1')"/>
    </testcase>
    <testcase time="0.356999999999999" classname="table_coxt01" name="3._Cox_Regression_specifying_covariates_"/>
    <testcase time="0.103999999999999" classname="table_coxt01" name="3._Cox_Regression_specifying_covariates_">
      <skipped message="Reason: On CRAN ('test-table_coxt01.R:53:1')"/>
    </testcase>
    <testcase time="0.361000000000004" classname="table_coxt01" name="4._Cox_Regression_setting_strata_ties_and_alpha_level_"/>
    <testcase time="0.0699999999999932" classname="table_coxt01" name="4._Cox_Regression_setting_strata_ties_and_alpha_level_">
      <skipped message="Reason: On CRAN ('test-table_coxt01.R:75:1')"/>
    </testcase>
  </testsuite>
  <testsuite name="table_coxt02" timestamp="2026-08-17T09:09:12Z" hostname="ab6ff8980090" tests="4" skipped="2" failures="0" errors="0" time="0.666">
    <testcase time="0.302999999999997" classname="table_coxt02" name="COXT02_default_variant_1_is_produced_correctly"/>
    <testcase time="0.0520000000000067" classname="table_coxt02" name="COXT02_default_variant_1_is_produced_correctly">
      <skipped message="Reason: On CRAN ('test-table_coxt02.R:19:1')"/>
    </testcase>
    <testcase time="0.262" classname="table_coxt02" name="COXT02_variant_5_is_produced_correctly"/>
    <testcase time="0.0489999999999924" classname="table_coxt02" name="COXT02_variant_5_is_produced_correctly">
      <skipped message="Reason: On CRAN ('test-table_coxt02.R:33:1')"/>
    </testcase>
  </testsuite>
  <testsuite name="table_disclosures" timestamp="2026-08-17T09:09:13Z" hostname="ab6ff8980090" tests="12" skipped="6" failures="0" errors="0" time="1.802">
    <testcase time="0.172000000000011" classname="table_disclosures" name="Patient_Disposition_table_is_produced_correctly"/>
    <testcase time="0.063999999999993" classname="table_disclosures" name="Patient_Disposition_table_is_produced_correctly">
      <skipped message="Reason: On CRAN ('test-table_disclosures.R:75:1')"/>
    </testcase>
    <testcase time="0.246000000000009" classname="table_disclosures" name="Demographic_table_is_produced_correctly"/>
    <testcase time="0.0919999999999987" classname="table_disclosures" name="Demographic_table_is_produced_correctly">
      <skipped message="Reason: On CRAN ('test-table_disclosures.R:113:1')"/>
    </testcase>
    <testcase time="0.108999999999995" classname="table_disclosures" name="Enrollment_by_Country_Table_is_produced_correctly"/>
    <testcase time="0.0699999999999932" classname="table_disclosures" name="Enrollment_by_Country_Table_is_produced_correctly">
      <skipped message="Reason: On CRAN ('test-table_disclosures.R:134:1')"/>
    </testcase>
    <testcase time="0.085000000000008" classname="table_disclosures" name="Death_table_is_produced_correctly"/>
    <testcase time="0.0339999999999918" classname="table_disclosures" name="Death_table_is_produced_correctly">
      <skipped message="Reason: On CRAN ('test-table_disclosures.R:146:1')"/>
    </testcase>
    <testcase time="0.357000000000014" classname="table_disclosures" name="Table_of_Serious_Adverse_Events_is_produced_correctly_for_one_specific_treatment_arm_"/>
    <testcase time="0.0629999999999882" classname="table_disclosures" name="Table_of_Serious_Adverse_Events_is_produced_correctly_for_one_specific_treatment_arm_">
      <skipped message="Reason: On CRAN ('test-table_disclosures.R:164:1')"/>
    </testcase>
    <testcase time="0.415000000000006" classname="table_disclosures" name="Table_of_Non_Serious_Adverse_Events_is_produced_correctly"/>
    <testcase time="0.0949999999999989" classname="table_disclosures" name="Table_of_Non_Serious_Adverse_Events_is_produced_correctly">
      <skipped message="Reason: On CRAN ('test-table_disclosures.R:192:1')"/>
    </testcase>
  </testsuite>
  <testsuite name="table_dmt01" timestamp="2026-08-17T09:09:15Z" hostname="ab6ff8980090" tests="10" skipped="5" failures="0" errors="0" time="2.709">
    <testcase time="1.17400000000001" classname="table_dmt01" name="DMT01_variant_1_is_produced_correctly"/>
    <testcase time="0.125999999999991" classname="table_dmt01" name="DMT01_variant_1_is_produced_correctly">
      <skipped message="Reason: On CRAN ('test-table_dmt01.R:69:1')"/>
    </testcase>
    <testcase time="0.268000000000001" classname="table_dmt01" name="DMT01_variant_2_is_produced_correctly"/>
    <testcase time="0.126000000000005" classname="table_dmt01" name="DMT01_variant_2_is_produced_correctly">
      <skipped message="Reason: On CRAN ('test-table_dmt01.R:93:1')"/>
    </testcase>
    <testcase time="0.265000000000001" classname="table_dmt01" name="DMT01_variant_3_is_produced_correctly"/>
    <testcase time="0.125" classname="table_dmt01" name="DMT01_variant_3_is_produced_correctly">
      <skipped message="Reason: On CRAN ('test-table_dmt01.R:116:1')"/>
    </testcase>
    <testcase time="0.203999999999994" classname="table_dmt01" name="DMT01_variant_4_is_produced_correctly"/>
    <testcase time="0.115000000000009" classname="table_dmt01" name="DMT01_variant_4_is_produced_correctly">
      <skipped message="Reason: On CRAN ('test-table_dmt01.R:135:1')"/>
    </testcase>
    <testcase time="0.198999999999998" classname="table_dmt01" name="DMT01_variant_5_is_produced_correctly"/>
    <testcase time="0.106999999999999" classname="table_dmt01" name="DMT01_variant_5_is_produced_correctly">
      <skipped message="Reason: On CRAN ('test-table_dmt01.R:154:1')"/>
    </testcase>
  </testsuite>
  <testsuite name="table_dort01" timestamp="2026-08-17T09:09:17Z" hostname="ab6ff8980090" tests="8" skipped="4" failures="0" errors="0" time="1.51">
    <testcase time="0.343999999999994" classname="table_dort01" name="DORT01_variant_1_is_produced_correctly"/>
    <testcase time="0.070999999999998" classname="table_dort01" name="DORT01_variant_1_is_produced_correctly">
      <skipped message="Reason: On CRAN ('test-table_dort01.R:26:1')"/>
    </testcase>
    <testcase time="0.311000000000007" classname="table_dort01" name="DORT01_variant_2_selecting_sectons_is_produced_correctly"/>
    <testcase time="0.0679999999999978" classname="table_dort01" name="DORT01_variant_2_selecting_sectons_is_produced_correctly">
      <skipped message="Reason: On CRAN ('test-table_dort01.R:81:1')"/>
    </testcase>
    <testcase time="0.281999999999996" classname="table_dort01" name="DORT01_variant_3_modifying_conftype_and_alpha_level_is_produced_correctly"/>
    <testcase time="0.0700000000000074" classname="table_dort01" name="DORT01_variant_3_modifying_conftype_and_alpha_level_is_produced_correctly">
      <skipped message="Reason: On CRAN ('test-table_dort01.R:137:1')"/>
    </testcase>
    <testcase time="0.283000000000001" classname="table_dort01" name="DORT01_variant_4_modifying_time_point_for_the_xx_duration_is_produced_correctly"/>
    <testcase time="0.0809999999999889" classname="table_dort01" name="DORT01_variant_4_modifying_time_point_for_the_xx_duration_is_produced_correctly">
      <skipped message="Reason: On CRAN ('test-table_dort01.R:193:1')"/>
    </testcase>
  </testsuite>
  <testsuite name="table_dst01" timestamp="2026-08-17T09:09:19Z" hostname="ab6ff8980090" tests="5" skipped="2" failures="0" errors="0" time="0.733">
    <testcase time="0.153000000000006" classname="table_dst01" name="DST01_default_variant_is_produced_correctly"/>
    <testcase time="0.0799999999999983" classname="table_dst01" name="DST01_default_variant_is_produced_correctly">
      <skipped message="Reason: On CRAN ('test-table_dst01.R:23:1')"/>
    </testcase>
    <testcase time="0.234999999999999" classname="table_dst01" name="DST01_variants_2_and_3_are_produced_correctly"/>
    <testcase time="0.158000000000001" classname="table_dst01" name="DST01_variants_2_and_3_are_produced_correctly"/>
    <testcase time="0.106999999999999" classname="table_dst01" name="DST01_variants_2_and_3_are_produced_correctly">
      <skipped message="Reason: On CRAN ('test-table_dst01.R:47:1')"/>
    </testcase>
  </testsuite>
  <testsuite name="table_dtht01" timestamp="2026-08-17T09:09:19Z" hostname="ab6ff8980090" tests="8" skipped="4" failures="0" errors="0" time="1.135">
    <testcase time="0.141000000000005" classname="table_dtht01" name="DTHT01_variant_1_is_produced_correctly"/>
    <testcase time="0.046999999999997" classname="table_dtht01" name="DTHT01_variant_1_is_produced_correctly">
      <skipped message="Reason: On CRAN ('test-table_dtht01.R:9:1')"/>
    </testcase>
    <testcase time="0.302000000000007" classname="table_dtht01" name="DTHT01_variant_2_is_produced_correctly"/>
    <testcase time="0.111999999999995" classname="table_dtht01" name="DTHT01_variant_2_is_produced_correctly">
      <skipped message="Reason: On CRAN ('test-table_dtht01.R:26:1')"/>
    </testcase>
    <testcase time="0.177999999999997" classname="table_dtht01" name="DTHT01_variant_3_is_produced_correctly"/>
    <testcase time="0.0640000000000072" classname="table_dtht01" name="DTHT01_variant_3_is_produced_correctly">
      <skipped message="Reason: On CRAN ('test-table_dtht01.R:63:1')"/>
    </testcase>
    <testcase time="0.202999999999989" classname="table_dtht01" name="DTHT01_variant_4_is_produced_correctly"/>
    <testcase time="0.0880000000000081" classname="table_dtht01" name="DTHT01_variant_4_is_produced_correctly">
      <skipped message="Reason: On CRAN ('test-table_dtht01.R:107:1')"/>
    </testcase>
  </testsuite>
  <testsuite name="table_egt01" timestamp="2026-08-17T09:09:22Z" hostname="ab6ff8980090" tests="2" skipped="1" failures="0" errors="0" time="3.411">
    <testcase time="2.706" classname="table_egt01" name="EGT01_default_variant_is_produced_correctly"/>
    <testcase time="0.704999999999998" classname="table_egt01" name="EGT01_default_variant_is_produced_correctly">
      <skipped message="Reason: On CRAN ('test-table_egt01.R:13:1')"/>
    </testcase>
  </testsuite>
  <testsuite name="table_egt02" timestamp="2026-08-17T09:09:25Z" hostname="ab6ff8980090" tests="4" skipped="2" failures="0" errors="0" time="1.593">
    <testcase time="1.27499999999999" classname="table_egt02" name="_EGT02_1._Regardless_of_Abnormality_at_Baseline"/>
    <testcase time="0.0490000000000066" classname="table_egt02" name="_EGT02_1._Regardless_of_Abnormality_at_Baseline">
      <skipped message="Reason: On CRAN ('test-table_egt02.R:18:1')"/>
    </testcase>
    <testcase time="0.192000000000007" classname="table_egt02" name="_EGT02_2._Among_Subjects_Without_Abnormality_at_Baseline"/>
    <testcase time="0.0769999999999982" classname="table_egt02" name="_EGT02_2._Among_Subjects_Without_Abnormality_at_Baseline">
      <skipped message="Reason: On CRAN ('test-table_egt02.R:38:1')"/>
    </testcase>
  </testsuite>
  <testsuite name="table_egt03" timestamp="2026-08-17T09:09:26Z" hostname="ab6ff8980090" tests="8" skipped="4" failures="0" errors="0" time="1.199">
    <testcase time="0.228000000000009" classname="table_egt03" name="EGT03_variant_1_is_produced_correctly"/>
    <testcase time="0.10199999999999" classname="table_egt03" name="EGT03_variant_1_is_produced_correctly">
      <skipped message="Reason: On CRAN ('test-table_egt03.R:35:1')"/>
    </testcase>
    <testcase time="0.156000000000006" classname="table_egt03" name="EGT03_variant_2_is_produced_correctly"/>
    <testcase time="0.0819999999999936" classname="table_egt03" name="EGT03_variant_2_is_produced_correctly">
      <skipped message="Reason: On CRAN ('test-table_egt03.R:60:1')"/>
    </testcase>
    <testcase time="0.213000000000008" classname="table_egt03" name="EGT03_variant_3_is_produced_correctly"/>
    <testcase time="0.10499999999999" classname="table_egt03" name="EGT03_variant_3_is_produced_correctly">
      <skipped message="Reason: On CRAN ('test-table_egt03.R:75:1')"/>
    </testcase>
    <testcase time="0.204000000000008" classname="table_egt03" name="EGT03_variant_4_is_produced_correctly"/>
    <testcase time="0.108999999999995" classname="table_egt03" name="EGT03_variant_4_is_produced_correctly">
      <skipped message="Reason: On CRAN ('test-table_egt03.R:101:1')"/>
    </testcase>
  </testsuite>
  <testsuite name="table_egt04" timestamp="2026-08-17T09:09:27Z" hostname="ab6ff8980090" tests="2" skipped="1" failures="0" errors="0" time="0.982">
    <testcase time="0.89200000000001" classname="table_egt04" name="EGT04_default_variant_is_produced_correctly"/>
    <testcase time="0.0899999999999892" classname="table_egt04" name="EGT04_default_variant_is_produced_correctly">
      <skipped message="Reason: On CRAN ('test-table_egt04.R:15:1')"/>
    </testcase>
  </testsuite>
  <testsuite name="table_egt05_qtcat" timestamp="2026-08-17T09:09:29Z" hostname="ab6ff8980090" tests="2" skipped="1" failures="0" errors="0" time="2.389">
    <testcase time="2.04900000000001" classname="table_egt05_qtcat" name="EGT05_QTCAT_default_variant_is_produced_correctly"/>
    <testcase time="0.340000000000003" classname="table_egt05_qtcat" name="EGT05_QTCAT_default_variant_is_produced_correctly">
      <skipped message="Reason: On CRAN ('test-table_egt05_qtcat.R:61:1')"/>
    </testcase>
  </testsuite>
  <testsuite name="table_ent" timestamp="2026-08-17T09:09:30Z" hostname="ab6ff8980090" tests="8" skipped="4" failures="0" errors="0" time="12.478">
    <testcase time="3.08999999999999" classname="table_ent" name="ENT01_IT_is_produced_correctly"/>
    <testcase time="0.432999999999993" classname="table_ent" name="ENT01_IT_is_produced_correctly">
      <skipped message="Reason: On CRAN ('test-table_ent.R:8:1')"/>
    </testcase>
    <testcase time="2.04000000000002" classname="table_ent" name="ENT01a_IT_is_produced_correctly"/>
    <testcase time="0.424999999999983" classname="table_ent" name="ENT01a_IT_is_produced_correctly">
      <skipped message="Reason: On CRAN ('test-table_ent.R:27:1')"/>
    </testcase>
    <testcase time="3.31400000000002" classname="table_ent" name="ENT02_IT_is_produced_correctly"/>
    <testcase time="0.442999999999984" classname="table_ent" name="ENT02_IT_is_produced_correctly">
      <skipped message="Reason: On CRAN ('test-table_ent.R:43:1')"/>
    </testcase>
    <testcase time="2.26400000000001" classname="table_ent" name="ENT02a_IT_is_produced_correctly"/>
    <testcase time="0.468999999999994" classname="table_ent" name="ENT02a_IT_is_produced_correctly">
      <skipped message="Reason: On CRAN ('test-table_ent.R:64:1')"/>
    </testcase>
  </testsuite>
  <testsuite name="table_eudrat01" timestamp="2026-08-17T09:09:43Z" hostname="ab6ff8980090" tests="2" skipped="1" failures="0" errors="0" time="0.606">
    <testcase time="0.507000000000005" classname="table_eudrat01" name="EUDRAT01_is_produced_correctly"/>
    <testcase time="0.0989999999999895" classname="table_eudrat01" name="EUDRAT01_is_produced_correctly">
      <skipped message="Reason: On CRAN ('test-table_eudrat01.R:46:1')"/>
    </testcase>
  </testsuite>
  <testsuite name="table_eudrat02" timestamp="2026-08-17T09:09:43Z" hostname="ab6ff8980090" tests="2" skipped="1" failures="0" errors="0" time="0.465">
    <testcase time="0.399000000000001" classname="table_eudrat02" name="EUDRAT02_is_produced_correctly"/>
    <testcase time="0.0660000000000025" classname="table_eudrat02" name="EUDRAT02_is_produced_correctly">
      <skipped message="Reason: On CRAN ('test-table_eudrat02.R:15:1')"/>
    </testcase>
  </testsuite>
  <testsuite name="table_ext01" timestamp="2026-08-17T09:09:44Z" hostname="ab6ff8980090" tests="6" skipped="3" failures="0" errors="0" time="1.596">
    <testcase time="0.412000000000006" classname="table_ext01" name="EXT01_default_variant_with_numeric_parameters_is_produced_correctly"/>
    <testcase time="0.134999999999991" classname="table_ext01" name="EXT01_default_variant_with_numeric_parameters_is_produced_correctly">
      <skipped message="Reason: On CRAN ('test-table_ext01.R:73:1')"/>
    </testcase>
    <testcase time="0.324000000000012" classname="table_ext01" name="EXT01_variant_with_both_numeric_and_categorical_parameters"/>
    <testcase time="0.152999999999992" classname="table_ext01" name="EXT01_variant_with_both_numeric_and_categorical_parameters">
      <skipped message="Reason: On CRAN ('test-table_ext01.R:88:1')"/>
    </testcase>
    <testcase time="0.391999999999996" classname="table_ext01" name="EXT01_variant_with_user_specified_categories_for_missed_doses"/>
    <testcase time="0.180000000000007" classname="table_ext01" name="EXT01_variant_with_user_specified_categories_for_missed_doses">
      <skipped message="Reason: On CRAN ('test-table_ext01.R:132:1')"/>
    </testcase>
  </testsuite>
  <testsuite name="table_jnj_tbl1" timestamp="2026-08-17T09:09:45Z" hostname="ab6ff8980090" tests="2" skipped="1" failures="0" errors="0" time="0.269">
    <testcase time="0.185000000000002" classname="table_jnj_tbl1" name="DMT01_variant_factor_with_only_Missing_values"/>
    <testcase time="0.0840000000000032" classname="table_jnj_tbl1" name="DMT01_variant_factor_with_only_Missing_values">
      <skipped message="Reason: On CRAN ('test-table_jnj_tbl1.R:38:1')"/>
    </testcase>
  </testsuite>
  <testsuite name="table_lbt01" timestamp="2026-08-17T09:09:46Z" hostname="ab6ff8980090" tests="2" skipped="1" failures="0" errors="0" time="2.056">
    <testcase time="1.58199999999999" classname="table_lbt01" name="LBT01_default_variant_is_produced_correctly"/>
    <testcase time="0.47399999999999" classname="table_lbt01" name="LBT01_default_variant_is_produced_correctly">
      <skipped message="Reason: On CRAN ('test-table_lbt01.R:13:1')"/>
    </testcase>
  </testsuite>
  <testsuite name="table_lbt02" timestamp="2026-08-17T09:09:48Z" hostname="ab6ff8980090" tests="2" skipped="1" failures="0" errors="0" time="1.52">
    <testcase time="1.185" classname="table_lbt02" name="LBT02_default_variant_is_produced_correctly"/>
    <testcase time="0.335000000000008" classname="table_lbt02" name="LBT02_default_variant_is_produced_correctly">
      <skipped message="Reason: On CRAN ('test-table_lbt02.R:6:1')"/>
    </testcase>
  </testsuite>
  <testsuite name="table_lbt03" timestamp="2026-08-17T09:09:49Z" hostname="ab6ff8980090" tests="2" skipped="1" failures="0" errors="0" time="0.214">
    <testcase time="0.155000000000001" classname="table_lbt03" name="LBT03_default_variant_is_produced_correctly"/>
    <testcase time="0.0589999999999975" classname="table_lbt03" name="LBT03_default_variant_is_produced_correctly">
      <skipped message="Reason: On CRAN ('test-table_lbt03.R:6:1')"/>
    </testcase>
  </testsuite>
  <testsuite name="table_lbt04" timestamp="2026-08-17T09:09:50Z" hostname="ab6ff8980090" tests="2" skipped="1" failures="0" errors="0" time="1.125">
    <testcase time="1.00300000000001" classname="table_lbt04" name="LBT04_default_variant_is_produced_correctly"/>
    <testcase time="0.121999999999986" classname="table_lbt04" name="LBT04_default_variant_is_produced_correctly">
      <skipped message="Reason: On CRAN ('test-table_lbt04.R:16:1')"/>
    </testcase>
  </testsuite>
  <testsuite name="table_lbt05" timestamp="2026-08-17T09:09:51Z" hostname="ab6ff8980090" tests="6" skipped="3" failures="0" errors="0" time="5.95">
    <testcase time="1.93700000000001" classname="table_lbt05" name="LBT05_variant_1_is_produced_correctly"/>
    <testcase time="0.274000000000001" classname="table_lbt05" name="LBT05_variant_1_is_produced_correctly">
      <skipped message="Reason: On CRAN ('test-table_lbt05.R:63:1')"/>
    </testcase>
    <testcase time="1.41399999999999" classname="table_lbt05" name="LBT05_variant_2_is_produced_correctly"/>
    <testcase time="0.36699999999999" classname="table_lbt05" name="LBT05_variant_2_is_produced_correctly">
      <skipped message="Reason: On CRAN ('test-table_lbt05.R:88:1')"/>
    </testcase>
    <testcase time="1.691" classname="table_lbt05" name="LBT05_variant_4_is_produced_correctly"/>
    <testcase time="0.266999999999996" classname="table_lbt05" name="LBT05_variant_4_is_produced_correctly">
      <skipped message="Reason: On CRAN ('test-table_lbt05.R:110:1')"/>
    </testcase>
  </testsuite>
  <testsuite name="table_lbt06" timestamp="2026-08-17T09:09:56Z" hostname="ab6ff8980090" tests="2" skipped="1" failures="0" errors="0" time="0.459">
    <testcase time="0.333000000000027" classname="table_lbt06" name="LBT06_default_variant_is_produced_correctly"/>
    <testcase time="0.125999999999976" classname="table_lbt06" name="LBT06_default_variant_is_produced_correctly">
      <skipped message="Reason: On CRAN ('test-table_lbt06.R:7:1')"/>
    </testcase>
  </testsuite>
  <testsuite name="table_lbt07" timestamp="2026-08-17T09:09:57Z" hostname="ab6ff8980090" tests="2" skipped="1" failures="0" errors="0" time="2.28">
    <testcase time="2.03300000000002" classname="table_lbt07" name="LBT07_is_produced_correctly"/>
    <testcase time="0.246999999999986" classname="table_lbt07" name="LBT07_is_produced_correctly">
      <skipped message="Reason: On CRAN ('test-table_lbt07.R:57:1')"/>
    </testcase>
  </testsuite>
  <testsuite name="table_lbt08" timestamp="2026-08-17T09:09:59Z" hostname="ab6ff8980090" tests="2" skipped="1" failures="0" errors="0" time="0.351">
    <testcase time="0.260000000000019" classname="table_lbt08" name="LBT08_produce_correctly"/>
    <testcase time="0.0909999999999798" classname="table_lbt08" name="LBT08_produce_correctly">
      <skipped message="Reason: On CRAN ('test-table_lbt08.R:19:1')"/>
    </testcase>
  </testsuite>
  <testsuite name="table_lbt09" timestamp="2026-08-17T09:10:00Z" hostname="ab6ff8980090" tests="4" skipped="2" failures="0" errors="0" time="0.903">
[...]
    <testcase time="1.096" classname="tsfdth01" name="tsfdth01">
      <skipped message="Reason: On CRAN ('test-tsfdth01.R:1:1')"/>
    </testcase>
  </testsuite>
  <testsuite name="tsfecg01apart1" timestamp="2026-08-17T09:16:29Z" hostname="ab6ff8980090" tests="1" skipped="1" failures="0" errors="0" time="3.999">
    <testcase time="3.99900000000002" classname="tsfecg01apart1" name="tsfecg01a">
      <skipped message="Reason: On CRAN ('test-tsfecg01apart1.R:1:1')"/>
    </testcase>
  </testsuite>
  <testsuite name="tsfecg01apart2" timestamp="2026-08-17T09:16:33Z" hostname="ab6ff8980090" tests="1" skipped="1" failures="0" errors="0" time="3.961">
    <testcase time="3.96100000000001" classname="tsfecg01apart2" name="tsfecg01a">
      <skipped message="Reason: On CRAN ('test-tsfecg01apart2.R:1:1')"/>
    </testcase>
  </testsuite>
  <testsuite name="tsfecg01apart3" timestamp="2026-08-17T09:16:37Z" hostname="ab6ff8980090" tests="1" skipped="1" failures="0" errors="0" time="4.16">
    <testcase time="4.15999999999997" classname="tsfecg01apart3" name="tsfecg01a">
      <skipped message="Reason: On CRAN ('test-tsfecg01apart3.R:1:1')"/>
    </testcase>
  </testsuite>
  <testsuite name="tsfecg01part1" timestamp="2026-08-17T09:16:41Z" hostname="ab6ff8980090" tests="1" skipped="1" failures="0" errors="0" time="7.778">
    <testcase time="7.77800000000002" classname="tsfecg01part1" name="tsfecg01">
      <skipped message="Reason: On CRAN ('test-tsfecg01part1.R:1:1')"/>
    </testcase>
  </testsuite>
  <testsuite name="tsfecg01part2" timestamp="2026-08-17T09:16:49Z" hostname="ab6ff8980090" tests="1" skipped="1" failures="0" errors="0" time="7.544">
    <testcase time="7.54399999999998" classname="tsfecg01part2" name="tsfecg01">
      <skipped message="Reason: On CRAN ('test-tsfecg01part2.R:1:1')"/>
    </testcase>
  </testsuite>
  <testsuite name="tsfecg02" timestamp="2026-08-17T09:16:57Z" hostname="ab6ff8980090" tests="1" skipped="1" failures="0" errors="0" time="2.702">
    <testcase time="2.702" classname="tsfecg02" name="tsfecg02">
      <skipped message="Reason: On CRAN ('test-tsfecg02.R:1:1')"/>
    </testcase>
  </testsuite>
  <testsuite name="tsfecg03" timestamp="2026-08-17T09:16:59Z" hostname="ab6ff8980090" tests="1" skipped="1" failures="0" errors="0" time="0.551">
    <testcase time="0.551000000000045" classname="tsfecg03" name="tsfecg03">
      <skipped message="Reason: On CRAN ('test-tsfecg03.R:1:1')"/>
    </testcase>
  </testsuite>
  <testsuite name="tsfecg04" timestamp="2026-08-17T09:17:00Z" hostname="ab6ff8980090" tests="1" skipped="1" failures="0" errors="0" time="2.119">
    <testcase time="2.11899999999991" classname="tsfecg04" name="tsfecg04">
      <skipped message="Reason: On CRAN ('test-tsfecg04.R:1:1')"/>
    </testcase>
  </testsuite>
  <testsuite name="tsfecg05" timestamp="2026-08-17T09:17:02Z" hostname="ab6ff8980090" tests="1" skipped="1" failures="0" errors="0" time="1.253">
    <testcase time="1.25300000000004" classname="tsfecg05" name="tsfecg05">
      <skipped message="Reason: On CRAN ('test-tsfecg05.R:1:1')"/>
    </testcase>
  </testsuite>
  <testsuite name="tsflab01apart1" timestamp="2026-08-17T09:17:03Z" hostname="ab6ff8980090" tests="1" skipped="1" failures="0" errors="0" time="12.964">
    <testcase time="12.9639999999999" classname="tsflab01apart1" name="tsflab01a">
      <skipped message="Reason: On CRAN ('test-tsflab01apart1.R:1:1')"/>
    </testcase>
  </testsuite>
  <testsuite name="tsflab01apart2" timestamp="2026-08-17T09:17:16Z" hostname="ab6ff8980090" tests="1" skipped="1" failures="0" errors="0" time="11.683">
    <testcase time="11.6830000000001" classname="tsflab01apart2" name="tsflab01a">
      <skipped message="Reason: On CRAN ('test-tsflab01apart2.R:1:1')"/>
    </testcase>
  </testsuite>
  <testsuite name="tsflab01apart3" timestamp="2026-08-17T09:17:28Z" hostname="ab6ff8980090" tests="1" skipped="1" failures="0" errors="0" time="11.87">
    <testcase time="11.8699999999999" classname="tsflab01apart3" name="tsflab01a">
      <skipped message="Reason: On CRAN ('test-tsflab01apart3.R:1:1')"/>
    </testcase>
  </testsuite>
  <testsuite name="tsflab01part1" timestamp="2026-08-17T09:17:40Z" hostname="ab6ff8980090" tests="1" skipped="1" failures="0" errors="0" time="5.133">
    <testcase time="5.13300000000004" classname="tsflab01part1" name="tsflab01">
      <skipped message="Reason: On CRAN ('test-tsflab01part1.R:1:1')"/>
    </testcase>
  </testsuite>
  <testsuite name="tsflab01part2" timestamp="2026-08-17T09:17:45Z" hostname="ab6ff8980090" tests="1" skipped="1" failures="0" errors="0" time="5.084">
    <testcase time="5.08400000000006" classname="tsflab01part2" name="tsflab01">
      <skipped message="Reason: On CRAN ('test-tsflab01part2.R:1:1')"/>
    </testcase>
  </testsuite>
  <testsuite name="tsflab02" timestamp="2026-08-17T09:17:50Z" hostname="ab6ff8980090" tests="1" skipped="1" failures="0" errors="0" time="0.849">
    <testcase time="0.848999999999933" classname="tsflab02" name="tsflab02">
      <skipped message="Reason: On CRAN ('test-tsflab02.R:1:1')"/>
    </testcase>
  </testsuite>
  <testsuite name="tsflab02a" timestamp="2026-08-17T09:17:51Z" hostname="ab6ff8980090" tests="1" skipped="1" failures="0" errors="0" time="2.198">
    <testcase time="2.19799999999998" classname="tsflab02a" name="tsflab02a">
      <skipped message="Reason: On CRAN ('test-tsflab02a.R:1:1')"/>
    </testcase>
  </testsuite>
  <testsuite name="tsflab02b" timestamp="2026-08-17T09:17:53Z" hostname="ab6ff8980090" tests="1" skipped="1" failures="0" errors="0" time="1.922">
    <testcase time="1.92200000000003" classname="tsflab02b" name="tsflab02b">
      <skipped message="Reason: On CRAN ('test-tsflab02b.R:1:1')"/>
    </testcase>
  </testsuite>
  <testsuite name="tsflab03" timestamp="2026-08-17T09:17:55Z" hostname="ab6ff8980090" tests="1" skipped="1" failures="0" errors="0" time="3.011">
    <testcase time="3.01099999999997" classname="tsflab03" name="tsflab03">
      <skipped message="Reason: On CRAN ('test-tsflab03.R:1:1')"/>
    </testcase>
  </testsuite>
  <testsuite name="tsflab03a" timestamp="2026-08-17T09:17:58Z" hostname="ab6ff8980090" tests="1" skipped="1" failures="0" errors="0" time="8.797">
    <testcase time="8.79700000000003" classname="tsflab03a" name="tsflab03a">
      <skipped message="Reason: On CRAN ('test-tsflab03a.R:1:1')"/>
    </testcase>
  </testsuite>
  <testsuite name="tsflab04a" timestamp="2026-08-17T09:18:07Z" hostname="ab6ff8980090" tests="1" skipped="1" failures="0" errors="0" time="2.532">
    <testcase time="2.53200000000004" classname="tsflab04a" name="tsflab04a">
      <skipped message="Reason: On CRAN ('test-tsflab04a.R:1:1')"/>
    </testcase>
  </testsuite>
  <testsuite name="tsflab04b" timestamp="2026-08-17T09:18:09Z" hostname="ab6ff8980090" tests="1" skipped="1" failures="0" errors="0" time="0.98">
    <testcase time="0.980000000000018" classname="tsflab04b" name="tsflab04b">
      <skipped message="Reason: On CRAN ('test-tsflab04b.R:1:1')"/>
    </testcase>
  </testsuite>
  <testsuite name="tsflab05" timestamp="2026-08-17T09:18:10Z" hostname="ab6ff8980090" tests="1" skipped="1" failures="0" errors="0" time="2.677">
    <testcase time="2.67700000000002" classname="tsflab05" name="tsflab05">
      <skipped message="Reason: On CRAN ('test-tsflab05.R:1:1')"/>
    </testcase>
  </testsuite>
  <testsuite name="tsflab06" timestamp="2026-08-17T09:18:13Z" hostname="ab6ff8980090" tests="1" skipped="1" failures="0" errors="0" time="2.847">
    <testcase time="2.84699999999998" classname="tsflab06" name="tsflab06">
      <skipped message="Reason: On CRAN ('test-tsflab06.R:1:1')"/>
    </testcase>
  </testsuite>
  <testsuite name="tsflab07" timestamp="2026-08-17T09:18:16Z" hostname="ab6ff8980090" tests="1" skipped="1" failures="0" errors="0" time="16.184">
    <testcase time="16.184" classname="tsflab07" name="tsflab07">
      <skipped message="Reason: On CRAN ('test-tsflab07.R:1:1')"/>
    </testcase>
  </testsuite>
  <testsuite name="tsfvit01apart1" timestamp="2026-08-17T09:18:32Z" hostname="ab6ff8980090" tests="1" skipped="1" failures="0" errors="0" time="5.828">
    <testcase time="5.82799999999997" classname="tsfvit01apart1" name="tsfvit01a">
      <skipped message="Reason: On CRAN ('test-tsfvit01apart1.R:1:1')"/>
    </testcase>
  </testsuite>
  <testsuite name="tsfvit01apart2" timestamp="2026-08-17T09:18:38Z" hostname="ab6ff8980090" tests="1" skipped="1" failures="0" errors="0" time="5.874">
    <testcase time="5.87400000000002" classname="tsfvit01apart2" name="tsfvit01a">
      <skipped message="Reason: On CRAN ('test-tsfvit01apart2.R:1:1')"/>
    </testcase>
  </testsuite>
  <testsuite name="tsfvit01apart3" timestamp="2026-08-17T09:18:44Z" hostname="ab6ff8980090" tests="1" skipped="1" failures="0" errors="0" time="5.965">
    <testcase time="5.96500000000003" classname="tsfvit01apart3" name="tsfvit01a">
      <skipped message="Reason: On CRAN ('test-tsfvit01apart3.R:1:1')"/>
    </testcase>
  </testsuite>
  <testsuite name="tsfvit01apart4" timestamp="2026-08-17T09:18:50Z" hostname="ab6ff8980090" tests="1" skipped="1" failures="0" errors="0" time="5.876">
    <testcase time="5.87599999999998" classname="tsfvit01apart4" name="tsfvit01a">
      <skipped message="Reason: On CRAN ('test-tsfvit01apart4.R:1:1')"/>
    </testcase>
  </testsuite>
  <testsuite name="tsfvit01part1" timestamp="2026-08-17T09:18:55Z" hostname="ab6ff8980090" tests="1" skipped="1" failures="0" errors="0" time="2.865">
    <testcase time="2.86500000000001" classname="tsfvit01part1" name="tsfvit01">
      <skipped message="Reason: On CRAN ('test-tsfvit01part1.R:1:1')"/>
    </testcase>
  </testsuite>
  <testsuite name="tsfvit01part2" timestamp="2026-08-17T09:18:58Z" hostname="ab6ff8980090" tests="1" skipped="1" failures="0" errors="0" time="2.891">
    <testcase time="2.89099999999996" classname="tsfvit01part2" name="tsfvit01">
      <skipped message="Reason: On CRAN ('test-tsfvit01part2.R:1:1')"/>
    </testcase>
  </testsuite>
  <testsuite name="tsfvit01part3" timestamp="2026-08-17T09:19:01Z" hostname="ab6ff8980090" tests="1" skipped="1" failures="0" errors="0" time="2.814">
    <testcase time="2.81400000000008" classname="tsfvit01part3" name="tsfvit01">
      <skipped message="Reason: On CRAN ('test-tsfvit01part3.R:1:1')"/>
    </testcase>
  </testsuite>
  <testsuite name="tsfvit01part4" timestamp="2026-08-17T09:19:04Z" hostname="ab6ff8980090" tests="1" skipped="1" failures="0" errors="0" time="2.778">
    <testcase time="2.77799999999991" classname="tsfvit01part4" name="tsfvit01">
      <skipped message="Reason: On CRAN ('test-tsfvit01part4.R:1:1')"/>
    </testcase>
  </testsuite>
  <testsuite name="tsfvit02" timestamp="2026-08-17T09:19:07Z" hostname="ab6ff8980090" tests="1" skipped="1" failures="0" errors="0" time="0.598">
    <testcase time="0.59800000000007" classname="tsfvit02" name="tsfvit02">
      <skipped message="Reason: On CRAN ('test-tsfvit02.R:1:1')"/>
    </testcase>
  </testsuite>
  <testsuite name="tsfvit03" timestamp="2026-08-17T09:19:07Z" hostname="ab6ff8980090" tests="1" skipped="1" failures="0" errors="0" time="0.569">
    <testcase time="0.56899999999996" classname="tsfvit03" name="tsfvit03">
      <skipped message="Reason: On CRAN ('test-tsfvit03.R:1:1')"/>
    </testcase>
  </testsuite>
  <testsuite name="tsfvit04" timestamp="2026-08-17T09:19:08Z" hostname="ab6ff8980090" tests="1" skipped="1" failures="0" errors="0" time="0.569">
    <testcase time="0.56899999999996" classname="tsfvit04" name="tsfvit04">
      <skipped message="Reason: On CRAN ('test-tsfvit04.R:1:1')"/>
    </testcase>
  </testsuite>
  <testsuite name="tsfvit05" timestamp="2026-08-17T09:19:09Z" hostname="ab6ff8980090" tests="1" skipped="1" failures="0" errors="0" time="1.612">
    <testcase time="1.61200000000008" classname="tsfvit05" name="tsfvit05">
      <skipped message="Reason: On CRAN ('test-tsfvit05.R:1:1')"/>
    </testcase>
  </testsuite>
  <testsuite name="tsfvit06" timestamp="2026-08-17T09:19:10Z" hostname="ab6ff8980090" tests="1" skipped="1" failures="0" errors="0" time="0.523">
    <testcase time="0.523000000000025" classname="tsfvit06" name="tsfvit06">
      <skipped message="Reason: On CRAN ('test-tsfvit06.R:1:1')"/>
    </testcase>
  </testsuite>
  <testsuite name="tsicm01" timestamp="2026-08-17T09:19:11Z" hostname="ab6ff8980090" tests="1" skipped="1" failures="0" errors="0" time="4.787">
    <testcase time="4.78699999999992" classname="tsicm01" name="tsicm01">
      <skipped message="Reason: On CRAN ('test-tsicm01.R:1:1')"/>
    </testcase>
  </testsuite>
  <testsuite name="tsicm02" timestamp="2026-08-17T09:19:15Z" hostname="ab6ff8980090" tests="1" skipped="1" failures="0" errors="0" time="4.888">
    <testcase time="4.88800000000003" classname="tsicm02" name="tsicm02">
      <skipped message="Reason: On CRAN ('test-tsicm02.R:1:1')"/>
    </testcase>
  </testsuite>
  <testsuite name="tsicm03" timestamp="2026-08-17T09:19:20Z" hostname="ab6ff8980090" tests="1" skipped="1" failures="0" errors="0" time="4.132">
    <testcase time="4.13199999999995" classname="tsicm03" name="tsicm03">
      <skipped message="Reason: On CRAN ('test-tsicm03.R:1:1')"/>
    </testcase>
  </testsuite>
  <testsuite name="tsicm04" timestamp="2026-08-17T09:19:24Z" hostname="ab6ff8980090" tests="1" skipped="1" failures="0" errors="0" time="3.386">
    <testcase time="3.38600000000008" classname="tsicm04" name="tsicm04">
      <skipped message="Reason: On CRAN ('test-tsicm04.R:1:1')"/>
    </testcase>
  </testsuite>
  <testsuite name="tsicm05" timestamp="2026-08-17T09:19:28Z" hostname="ab6ff8980090" tests="1" skipped="1" failures="0" errors="0" time="5.911">
    <testcase time="5.91099999999994" classname="tsicm05" name="tsicm05">
      <skipped message="Reason: On CRAN ('test-tsicm05.R:1:1')"/>
    </testcase>
  </testsuite>
  <testsuite name="tsicm06" timestamp="2026-08-17T09:19:34Z" hostname="ab6ff8980090" tests="1" skipped="1" failures="0" errors="0" time="5.843">
    <testcase time="5.84299999999996" classname="tsicm06" name="tsicm06">
      <skipped message="Reason: On CRAN ('test-tsicm06.R:1:1')"/>
    </testcase>
  </testsuite>
  <testsuite name="tsicm07" timestamp="2026-08-17T09:19:40Z" hostname="ab6ff8980090" tests="1" skipped="1" failures="0" errors="0" time="0.591">
    <testcase time="0.591000000000008" classname="tsicm07" name="tsicm07">
      <skipped message="Reason: On CRAN ('test-tsicm07.R:1:1')"/>
    </testcase>
  </testsuite>
  <testsuite name="tsicm08" timestamp="2026-08-17T09:19:40Z" hostname="ab6ff8980090" tests="1" skipped="1" failures="0" errors="0" time="0.622">
    <testcase time="0.622000000000071" classname="tsicm08" name="tsicm08">
      <skipped message="Reason: On CRAN ('test-tsicm08.R:1:1')"/>
    </testcase>
  </testsuite>
  <testsuite name="tsidem01" timestamp="2026-08-17T09:19:41Z" hostname="ab6ff8980090" tests="1" skipped="1" failures="0" errors="0" time="2.054">
    <testcase time="2.05399999999997" classname="tsidem01" name="tsidem01">
      <skipped message="Reason: On CRAN ('test-tsidem01.R:1:1')"/>
    </testcase>
  </testsuite>
  <testsuite name="tsidem02" timestamp="2026-08-17T09:19:43Z" hostname="ab6ff8980090" tests="1" skipped="1" failures="0" errors="0" time="0.675">
    <testcase time="0.674999999999955" classname="tsidem02" name="tsidem02">
      <skipped message="Reason: On CRAN ('test-tsidem02.R:1:1')"/>
    </testcase>
  </testsuite>
  <testsuite name="tsids01" timestamp="2026-08-17T09:19:44Z" hostname="ab6ff8980090" tests="1" skipped="1" failures="0" errors="0" time="0.337">
    <testcase time="0.337000000000103" classname="tsids01" name="tsids01">
      <skipped message="Reason: On CRAN ('test-tsids01.R:1:1')"/>
    </testcase>
  </testsuite>
  <testsuite name="tsids02" timestamp="2026-08-17T09:19:44Z" hostname="ab6ff8980090" tests="1" skipped="1" failures="0" errors="0" time="1.352">
    <testcase time="1.35199999999998" classname="tsids02" name="tsids02">
      <skipped message="Reason: On CRAN ('test-tsids02.R:1:1')"/>
    </testcase>
  </testsuite>
  <testsuite name="tsids02a" timestamp="2026-08-17T09:19:45Z" hostname="ab6ff8980090" tests="1" skipped="1" failures="0" errors="0" time="6.757">
    <testcase time="6.75699999999995" classname="tsids02a" name="tsids02a">
      <skipped message="Reason: On CRAN ('test-tsids02a.R:1:1')"/>
    </testcase>
  </testsuite>
  <testsuite name="tsiex01" timestamp="2026-08-17T09:19:52Z" hostname="ab6ff8980090" tests="1" skipped="1" failures="0" errors="0" time="1.387">
    <testcase time="1.38700000000006" classname="tsiex01" name="tsiex01">
      <skipped message="Reason: On CRAN ('test-tsiex01.R:1:1')"/>
    </testcase>
  </testsuite>
  <testsuite name="tsiex02" timestamp="2026-08-17T09:19:53Z" hostname="ab6ff8980090" tests="1" skipped="1" failures="0" errors="0" time="1.285">
    <testcase time="1.28499999999997" classname="tsiex02" name="tsiex02">
      <skipped message="Reason: On CRAN ('test-tsiex02.R:1:1')"/>
    </testcase>
  </testsuite>
  <testsuite name="tsiex03" timestamp="2026-08-17T09:19:55Z" hostname="ab6ff8980090" tests="1" skipped="1" failures="0" errors="0" time="0.955">
    <testcase time="0.955000000000041" classname="tsiex03" name="tsiex03">
      <skipped message="Reason: On CRAN ('test-tsiex03.R:1:1')"/>
    </testcase>
  </testsuite>
  <testsuite name="tsiex04" timestamp="2026-08-17T09:19:56Z" hostname="ab6ff8980090" tests="1" skipped="1" failures="0" errors="0" time="1.169">
    <testcase time="1.16899999999998" classname="tsiex04" name="tsiex04">
      <skipped message="Reason: On CRAN ('test-tsiex04.R:1:1')"/>
    </testcase>
  </testsuite>
  <testsuite name="tsiex06" timestamp="2026-08-17T09:19:57Z" hostname="ab6ff8980090" tests="1" skipped="1" failures="0" errors="0" time="0.365">
    <testcase time="0.365000000000009" classname="tsiex06" name="tsiex06">
      <skipped message="Reason: On CRAN ('test-tsiex06.R:1:1')"/>
    </testcase>
  </testsuite>
  <testsuite name="tsiex07" timestamp="2026-08-17T09:19:57Z" hostname="ab6ff8980090" tests="1" skipped="1" failures="0" errors="0" time="0.497">
    <testcase time="0.496999999999957" classname="tsiex07" name="tsiex07">
      <skipped message="Reason: On CRAN ('test-tsiex07.R:1:1')"/>
    </testcase>
  </testsuite>
  <testsuite name="tsiex08" timestamp="2026-08-17T09:19:58Z" hostname="ab6ff8980090" tests="1" skipped="1" failures="0" errors="0" time="1.112">
    <testcase time="1.11199999999997" classname="tsiex08" name="tsiex08">
      <skipped message="Reason: On CRAN ('test-tsiex08.R:1:1')"/>
    </testcase>
  </testsuite>
  <testsuite name="tsiex09" timestamp="2026-08-17T09:19:59Z" hostname="ab6ff8980090" tests="1" skipped="1" failures="0" errors="0" time="0.532">
    <testcase time="0.532000000000039" classname="tsiex09" name="tsiex09">
      <skipped message="Reason: On CRAN ('test-tsiex09.R:1:1')"/>
    </testcase>
  </testsuite>
  <testsuite name="tsiex10" timestamp="2026-08-17T09:19:59Z" hostname="ab6ff8980090" tests="1" skipped="1" failures="0" errors="0" time="0.491">
    <testcase time="0.490999999999985" classname="tsiex10" name="tsiex10">
      <skipped message="Reason: On CRAN ('test-tsiex10.R:1:1')"/>
    </testcase>
  </testsuite>
  <testsuite name="tsiex11" timestamp="2026-08-17T09:20:00Z" hostname="ab6ff8980090" tests="1" skipped="1" failures="0" errors="0" time="2.756">
    <testcase time="2.75599999999997" classname="tsiex11" name="tsiex11">
      <skipped message="Reason: On CRAN ('test-tsiex11.R:1:1')"/>
    </testcase>
  </testsuite>
  <testsuite name="tsimh01" timestamp="2026-08-17T09:20:03Z" hostname="ab6ff8980090" tests="1" skipped="1" failures="0" errors="0" time="0.974">
    <testcase time="0.974000000000046" classname="tsimh01" name="tsimh01">
      <skipped message="Reason: On CRAN ('test-tsimh01.R:1:1')"/>
    </testcase>
  </testsuite>
</testsuites>
