<?xml version="1.0" encoding="UTF-8"?>
<testsuites>
  <testsuite name="listing_adal02" timestamp="2023-10-31T13:36:18Z" hostname="62aff8d46b9c" tests="2" skipped="1" failures="0" errors="0" time="0.482">
    <testcase time="0.285" classname="listing_adal02" name="ADAL02_listing_is_produced_correctly"/>
    <testcase time="0.197" classname="listing_adal02" name="ADAL02_listing_is_produced_correctly">
      <skipped message="Reason: On CRAN ('test-listing_adal02.R:109:3')"/>
    </testcase>
  </testsuite>
  <testsuite name="listing_ael01" timestamp="2023-10-31T13:36:19Z" hostname="62aff8d46b9c" tests="2" skipped="1" failures="0" errors="0" time="0.234">
    <testcase time="0.0880000000000001" classname="listing_ael01" name="AEL01_listing_is_produced_correctly"/>
    <testcase time="0.146" classname="listing_ael01" name="AEL01_listing_is_produced_correctly">
      <skipped message="Reason: On CRAN ('test-listing_ael01.R:20:3')"/>
    </testcase>
  </testsuite>
  <testsuite name="listing_ael01_nollt" timestamp="2023-10-31T13:36:19Z" hostname="62aff8d46b9c" tests="2" skipped="1" failures="0" errors="0" time="0.084">
    <testcase time="0.0530000000000008" classname="listing_ael01_nollt" name="AEL01_NOLLT_listing_is_produced_correctly"/>
    <testcase time="0.0309999999999997" classname="listing_ael01_nollt" name="AEL01_NOLLT_listing_is_produced_correctly">
      <skipped message="Reason: On CRAN ('test-listing_ael01_nollt.R:23:3')"/>
    </testcase>
  </testsuite>
  <testsuite name="listing_ael02" timestamp="2023-10-31T13:36:19Z" hostname="62aff8d46b9c" tests="1" skipped="1" failures="0" errors="0" time="0.306">
    <testcase time="0.306" classname="listing_ael02" name="AEL02_listing_is_produced_correctly">
      <skipped message="Reason: On CRAN ('test-listing_ael02.R:60:3')"/>
    </testcase>
  </testsuite>
  <testsuite name="listing_ael02_ed" timestamp="2023-10-31T13:36:19Z" hostname="62aff8d46b9c" tests="1" skipped="1" failures="0" errors="0" time="0.357">
    <testcase time="0.357" classname="listing_ael02_ed" name="AEL02_ED_listing_is_produced_correctly">
      <skipped message="Reason: On CRAN ('test-listing_ael02_ed.R:77:3')"/>
    </testcase>
  </testsuite>
  <testsuite name="listing_ael03" timestamp="2023-10-31T13:36:20Z" hostname="62aff8d46b9c" tests="1" skipped="1" failures="0" errors="0" time="0.294">
    <testcase time="0.294" classname="listing_ael03" name="AEL03_listing_is_produced_correctly">
      <skipped message="Reason: On CRAN ('test-listing_ael03.R:73:3')"/>
    </testcase>
  </testsuite>
  <testsuite name="listing_ael04" timestamp="2023-10-31T13:36:20Z" hostname="62aff8d46b9c" tests="2" skipped="1" failures="0" errors="0" time="0.22">
    <testcase time="0.0440000000000005" classname="listing_ael04" name="AEL04_listing_is_produced_correctly"/>
    <testcase time="0.175999999999999" classname="listing_ael04" name="AEL04_listing_is_produced_correctly">
      <skipped message="Reason: On CRAN ('test-listing_ael04.R:30:3')"/>
    </testcase>
  </testsuite>
  <testsuite name="listing_cml01" timestamp="2023-10-31T13:36:20Z" hostname="62aff8d46b9c" tests="2" skipped="1" failures="0" errors="0" time="0.326">
    <testcase time="0.069" classname="listing_cml01" name="CML01_listing_is_produced_correctly"/>
    <testcase time="0.257000000000001" classname="listing_cml01" name="CML01_listing_is_produced_correctly">
      <skipped message="Reason: On CRAN ('test-listing_cml01.R:41:3')"/>
    </testcase>
  </testsuite>
  <testsuite name="listing_cml02a_gl" timestamp="2023-10-31T13:36:21Z" hostname="62aff8d46b9c" tests="2" skipped="1" failures="0" errors="0" time="0.079">
    <testcase time="0.0369999999999999" classname="listing_cml02a_gl" name="CML02A_GL_listing_is_produced_correctly"/>
    <testcase time="0.0419999999999998" classname="listing_cml02a_gl" name="CML02A_GL_listing_is_produced_correctly">
      <skipped message="Reason: On CRAN ('test-listing_cml02a_gl.R:19:3')"/>
    </testcase>
  </testsuite>
  <testsuite name="listing_cml02b_gl" timestamp="2023-10-31T13:36:21Z" hostname="62aff8d46b9c" tests="2" skipped="1" failures="0" errors="0" time="0.104">
    <testcase time="0.048" classname="listing_cml02b_gl" name="CML02B_GL_listing_is_produced_correctly"/>
    <testcase time="0.056" classname="listing_cml02b_gl" name="CML02B_GL_listing_is_produced_correctly">
      <skipped message="Reason: On CRAN ('test-listing_cml02b_gl.R:22:3')"/>
    </testcase>
  </testsuite>
  <testsuite name="listing_dsl01" timestamp="2023-10-31T13:36:21Z" hostname="62aff8d46b9c" tests="2" skipped="1" failures="0" errors="0" time="0.186">
    <testcase time="0.04" classname="listing_dsl01" name="DSL01_listing_is_produced_correctly"/>
    <testcase time="0.146" classname="listing_dsl01" name="DSL01_listing_is_produced_correctly">
      <skipped message="Reason: On CRAN ('test-listing_dsl01.R:30:3')"/>
    </testcase>
  </testsuite>
  <testsuite name="listing_dsl02" timestamp="2023-10-31T13:36:21Z" hostname="62aff8d46b9c" tests="2" skipped="1" failures="0" errors="0" time="0.079">
    <testcase time="0.0430000000000001" classname="listing_dsl02" name="DSL02_listing_is_produced_correctly"/>
    <testcase time="0.0359999999999996" classname="listing_dsl02" name="DSL02_listing_is_produced_correctly">
      <skipped message="Reason: On CRAN ('test-listing_dsl02.R:36:3')"/>
    </testcase>
  </testsuite>
  <testsuite name="listing_dsur4" timestamp="2023-10-31T13:36:21Z" hostname="62aff8d46b9c" tests="2" skipped="1" failures="0" errors="0" time="0.119">
    <testcase time="0.0350000000000001" classname="listing_dsur4" name="DSUR4_listing_is_produced_correctly"/>
    <testcase time="0.0840000000000005" classname="listing_dsur4" name="DSUR4_listing_is_produced_correctly">
      <skipped message="Reason: On CRAN ('test-listing_dsur4.R:22:3')"/>
    </testcase>
  </testsuite>
  <testsuite name="listing_egl01" timestamp="2023-10-31T13:36:21Z" hostname="62aff8d46b9c" tests="1" skipped="1" failures="0" errors="0" time="0.335">
    <testcase time="0.335" classname="listing_egl01" name="EGL01_listing_is_produced_correctly">
      <skipped message="Reason: On CRAN ('test-listing_egl01.R:61:3')"/>
    </testcase>
  </testsuite>
  <testsuite name="listing_exl01" timestamp="2023-10-31T13:36:22Z" hostname="62aff8d46b9c" tests="1" skipped="1" failures="0" errors="0" time="0.233">
    <testcase time="0.233" classname="listing_exl01" name="EXL01_listing_is_produced_correctly">
      <skipped message="Reason: On CRAN ('test-listing_exl01.R:29:3')"/>
    </testcase>
  </testsuite>
  <testsuite name="listing_lbl01" timestamp="2023-10-31T13:36:22Z" hostname="62aff8d46b9c" tests="1" skipped="1" failures="0" errors="0" time="0.29">
    <testcase time="0.29" classname="listing_lbl01" name="LBL01_listing_is_produced_correctly">
      <skipped message="Reason: On CRAN ('test-listing_lbl01.R:52:3')"/>
    </testcase>
  </testsuite>
  <testsuite name="listing_lbl01_rls" timestamp="2023-10-31T13:36:22Z" hostname="62aff8d46b9c" tests="1" skipped="1" failures="0" errors="0" time="0.281">
    <testcase time="0.281" classname="listing_lbl01_rls" name="LBL01_RLS_listing_is_produced_correctly">
      <skipped message="Reason: On CRAN ('test-listing_lbl01_rls.R:58:3')"/>
    </testcase>
  </testsuite>
  <testsuite name="listing_lbl02a" timestamp="2023-10-31T13:36:22Z" hostname="62aff8d46b9c" tests="2" skipped="1" failures="0" errors="0" time="0.294">
    <testcase time="0.109" classname="listing_lbl02a" name="LBL02A_listing_is_produced_correctly"/>
    <testcase time="0.185" classname="listing_lbl02a" name="LBL02A_listing_is_produced_correctly">
      <skipped message="Reason: On CRAN ('test-listing_lbl02a.R:49:3')"/>
    </testcase>
  </testsuite>
  <testsuite name="listing_lbl02a_rls" timestamp="2023-10-31T13:36:23Z" hostname="62aff8d46b9c" tests="2" skipped="1" failures="0" errors="0" time="0.488">
    <testcase time="0.273" classname="listing_lbl02a_rls" name="LBL02A_RLS_listing_is_produced_correctly"/>
    <testcase time="0.215" classname="listing_lbl02a_rls" name="LBL02A_RLS_listing_is_produced_correctly">
      <skipped message="Reason: On CRAN ('test-listing_lbl02a_rls.R:79:3')"/>
    </testcase>
  </testsuite>
  <testsuite name="listing_lbl02b" timestamp="2023-10-31T13:36:23Z" hostname="62aff8d46b9c" tests="2" skipped="1" failures="0" errors="0" time="0.301">
    <testcase time="0.0990000000000002" classname="listing_lbl02b" name="LBL02B_listing_is_produced_correctly"/>
    <testcase time="0.202" classname="listing_lbl02b" name="LBL02B_listing_is_produced_correctly">
      <skipped message="Reason: On CRAN ('test-listing_lbl02b.R:55:3')"/>
    </testcase>
  </testsuite>
  <testsuite name="listing_mhl01" timestamp="2023-10-31T13:36:23Z" hostname="62aff8d46b9c" tests="2" skipped="1" failures="0" errors="0" time="0.268">
    <testcase time="0.0540000000000003" classname="listing_mhl01" name="MHL01_listing_is_produced_correctly"/>
    <testcase time="0.214" classname="listing_mhl01" name="MHL01_listing_is_produced_correctly">
      <skipped message="Reason: On CRAN ('test-listing_mhl01.R:33:3')"/>
    </testcase>
  </testsuite>
  <testsuite name="listing_oncl01" timestamp="2023-10-31T13:36:24Z" hostname="62aff8d46b9c" tests="1" skipped="1" failures="0" errors="0" time="0.274">
    <testcase time="0.274000000000001" classname="listing_oncl01" name="ONCL01_listing_is_produced_correctly">
      <skipped message="Reason: On CRAN ('test-listing_oncl01.R:61:3')"/>
    </testcase>
  </testsuite>
  <testsuite name="listing_pkcl01" timestamp="2023-10-31T13:36:24Z" hostname="62aff8d46b9c" tests="2" skipped="1" failures="0" errors="0" time="0.195">
    <testcase time="0.052999999999999" classname="listing_pkcl01" name="PKCL01_listing_is_produced_correctly"/>
    <testcase time="0.141999999999999" classname="listing_pkcl01" name="PKCL01_listing_is_produced_correctly">
      <skipped message="Reason: On CRAN ('test-listing_pkcl01.R:28:3')"/>
    </testcase>
  </testsuite>
  <testsuite name="listing_pkcl02" timestamp="2023-10-31T13:36:24Z" hostname="62aff8d46b9c" tests="2" skipped="1" failures="0" errors="0" time="0.323">
    <testcase time="0.077" classname="listing_pkcl02" name="PKCL02_listing_is_produced_correctly"/>
    <testcase time="0.246" classname="listing_pkcl02" name="PKCL02_listing_is_produced_correctly">
      <skipped message="Reason: On CRAN ('test-listing_pkcl02.R:63:3')"/>
    </testcase>
  </testsuite>
  <testsuite name="listing_pkpl01" timestamp="2023-10-31T13:36:24Z" hostname="62aff8d46b9c" tests="2" skipped="1" failures="0" errors="0" time="0.19">
    <testcase time="0.0570000000000004" classname="listing_pkpl01" name="PKPL01_listing_is_produced_correctly"/>
    <testcase time="0.132999999999999" classname="listing_pkpl01" name="PKPL01_listing_is_produced_correctly">
      <skipped message="Reason: On CRAN ('test-listing_pkpl01.R:34:3')"/>
    </testcase>
  </testsuite>
  <testsuite name="listing_pkpl02" timestamp="2023-10-31T13:36:25Z" hostname="62aff8d46b9c" tests="2" skipped="1" failures="0" errors="0" time="0.209">
    <testcase time="0.0690000000000008" classname="listing_pkpl02" name="PKPL02_listing_is_produced_correctly"/>
    <testcase time="0.140000000000001" classname="listing_pkpl02" name="PKPL02_listing_is_produced_correctly">
      <skipped message="Reason: On CRAN ('test-listing_pkpl02.R:35:3')"/>
    </testcase>
  </testsuite>
  <testsuite name="listing_pkpl04" timestamp="2023-10-31T13:36:25Z" hostname="62aff8d46b9c" tests="2" skipped="1" failures="0" errors="0" time="0.23">
    <testcase time="0.0749999999999993" classname="listing_pkpl04" name="PKPL04_listing_is_produced_correctly"/>
    <testcase time="0.154999999999999" classname="listing_pkpl04" name="PKPL04_listing_is_produced_correctly">
      <skipped message="Reason: On CRAN ('test-listing_pkpl04.R:50:3')"/>
    </testcase>
  </testsuite>
  <testsuite name="listing_vsl01" timestamp="2023-10-31T13:36:25Z" hostname="62aff8d46b9c" tests="1" skipped="1" failures="0" errors="0" time="0.504">
    <testcase time="0.504000000000001" classname="listing_vsl01" name="VSL01_listing_is_produced_correctly">
      <skipped message="Reason: On CRAN ('test-listing_vsl01.R:83:3')"/>
    </testcase>
  </testsuite>
  <testsuite name="pagination_listing" timestamp="2023-10-31T13:36:26Z" hostname="62aff8d46b9c" tests="6" skipped="0" failures="0" errors="0" time="2.105">
    <testcase time="0.0549999999999997" classname="pagination_listing" name="Direct_pagination_works_fine"/>
    <testcase time="0.491999999999999" classname="pagination_listing" name="Direct_pagination_works_fine"/>
    <testcase time="0.00500000000000078" classname="pagination_listing" name="Direct_pagination_works_fine"/>
    <testcase time="0.443999999999999" classname="pagination_listing" name="Direct_pagination_works_fine"/>
    <testcase time="1.108" classname="pagination_listing" name="Direct_pagination_works_fine"/>
    <testcase time="0.000999999999999446" classname="pagination_listing" name="Direct_pagination_works_fine"/>
  </testsuite>
  <testsuite name="pagination_table" timestamp="2023-10-31T13:36:29Z" hostname="62aff8d46b9c" tests="21" skipped="6" failures="0" errors="0" time="14.16">
    <testcase time="2.282" classname="pagination_table" name="Direct_pagination_with_standard_values"/>
    <testcase time="0.00600000000000023" classname="pagination_table" name="Direct_pagination_with_standard_values"/>
    <testcase time="0.00500000000000078" classname="pagination_table" name="Direct_pagination_with_standard_values"/>
    <testcase time="1.524" classname="pagination_table" name="Pagination_with_specific_column_widths_and_minimum_lines_per_page"/>
    <testcase time="0.00499999999999901" classname="pagination_table" name="Pagination_with_specific_column_widths_and_minimum_lines_per_page"/>
    <testcase time="0.108000000000001" classname="pagination_table" name="Pagination_with_specific_column_widths_and_minimum_lines_per_page">
      <skipped message="Reason: On CRAN ('test-pagination_table.R:76:3')"/>
    </testcase>
    <testcase time="1.201" classname="pagination_table" name="Pagination_works_also_if_table_is_decorated"/>
    <testcase time="0.673000000000002" classname="pagination_table" name="Pagination_works_also_if_table_is_decorated"/>
    <testcase time="0.978999999999999" classname="pagination_table" name="Pagination_works_also_if_table_is_decorated"/>
    <testcase time="0.794" classname="pagination_table" name="Pagination_works_also_if_table_is_decorated"/>
    <testcase time="1.627" classname="pagination_table" name="Pagination_works_also_if_table_is_decorated"/>
    <testcase time="0.359000000000002" classname="pagination_table" name="Pagination_works_also_if_table_is_decorated"/>
    <testcase time="0.00499999999999901" classname="pagination_table" name="Pagination_works_also_if_table_is_decorated"/>
    <testcase time="0.00900000000000034" classname="pagination_table" name="Pagination_works_also_if_table_is_decorated">
      <skipped message="Reason: On CRAN ('test-pagination_table.R:126:3')"/>
    </testcase>
    <testcase time="0.859999999999999" classname="pagination_table" name="Pagination_works_for_page_types">
      <skipped message="Reason: On CRAN ('test-pagination_table.R:135:3')"/>
    </testcase>
    <testcase time="0.855999999999998" classname="pagination_table" name="Pagination_works_for_page_width_and_height">
      <skipped message="Reason: On CRAN ('test-pagination_table.R:148:3')"/>
    </testcase>
    <testcase time="0.935000000000002" classname="pagination_table" name="Pagination_works_for_page_types">
      <skipped message="Reason: On CRAN ('test-pagination_table.R:162:3')"/>
    </testcase>
    <testcase time="1.087" classname="pagination_table" name="AET04_variant_2_page_by_pagination_tests"/>
    <testcase time="0.719000000000001" classname="pagination_table" name="AET04_variant_2_page_by_pagination_tests"/>
    <testcase time="0.00199999999999889" classname="pagination_table" name="AET04_variant_2_page_by_pagination_tests"/>
    <testcase time="0.123999999999999" classname="pagination_table" name="AET04_variant_2_page_by_pagination_tests">
      <skipped message="Reason: On CRAN ('test-pagination_table.R:217:3')"/>
    </testcase>
  </testsuite>
  <testsuite name="table_adat03" timestamp="2023-10-31T13:36:42Z" hostname="62aff8d46b9c" tests="2" skipped="1" failures="0" errors="0" time="0.655">
    <testcase time="0.542000000000002" classname="table_adat03" name="ADAT03_is_produced_correctly"/>
    <testcase time="0.113" classname="table_adat03" name="ADAT03_is_produced_correctly">
      <skipped message="Reason: On CRAN ('test-table_adat03.R:72:3')"/>
    </testcase>
  </testsuite>
  <testsuite name="table_aet01" timestamp="2023-10-31T13:36:43Z" hostname="62aff8d46b9c" tests="8" skipped="4" failures="0" errors="0" time="2.246">
    <testcase time="0.492999999999999" classname="table_aet01" name="Safety_Summary_Variant_1_works_as_expected"/>
    <testcase time="0.0940000000000012" classname="table_aet01" name="Safety_Summary_Variant_1_works_as_expected">
      <skipped message="Reason: On CRAN ('test-table_aet01.R:105:3')"/>
    </testcase>
    <testcase time="0.587" classname="table_aet01" name="Safety_Summary_Variant_2_with_Medical_Concepts_Section_works_as_expected"/>
    <testcase time="0.103999999999999" classname="table_aet01" name="Safety_Summary_Variant_2_with_Medical_Concepts_Section_works_as_expected">
      <skipped message="Reason: On CRAN ('test-table_aet01.R:171:3')"/>
    </testcase>
    <testcase time="0.338000000000001" classname="table_aet01" name="Safety_Summary_Variant_3_with_Modified_Rows_works_as_expected"/>
    <testcase time="0.0749999999999993" classname="table_aet01" name="Safety_Summary_Variant_3_with_Modified_Rows_works_as_expected">
      <skipped message="Reason: On CRAN ('test-table_aet01.R:232:3')"/>
    </testcase>
    <testcase time="0.443000000000001" classname="table_aet01" name="Safety_Summary_Variant_4_with_Rows_Counting_Events_and_Additional_Sections_works_as_expected"/>
    <testcase time="0.111999999999998" classname="table_aet01" name="Safety_Summary_Variant_4_with_Rows_Counting_Events_and_Additional_Sections_works_as_expected">
      <skipped message="Reason: On CRAN ('test-table_aet01.R:309:3')"/>
    </testcase>
  </testsuite>
  <testsuite name="table_aet01_aesi" timestamp="2023-10-31T13:36:45Z" hostname="62aff8d46b9c" tests="8" skipped="4" failures="0" errors="0" time="2.903">
    <testcase time="0.333000000000002" classname="table_aet01_aesi" name="AET01_AESI_Variant_1_works_as_expected"/>
    <testcase time="0.0899999999999999" classname="table_aet01_aesi" name="AET01_AESI_Variant_1_works_as_expected">
      <skipped message="Reason: On CRAN ('test-table_aet01_aesi.R:115:3')"/>
    </testcase>
    <testcase time="0.556999999999999" classname="table_aet01_aesi" name="AET01_AESI_Variant_2_works_as_expected"/>
    <testcase time="0.148" classname="table_aet01_aesi" name="AET01_AESI_Variant_2_works_as_expected">
      <skipped message="Reason: On CRAN ('test-table_aet01_aesi.R:181:3')"/>
    </testcase>
    <testcase time="0.882000000000001" classname="table_aet01_aesi" name="AET01_AESI_Variant_3_works_as_expected"/>
    <testcase time="0.217999999999996" classname="table_aet01_aesi" name="AET01_AESI_Variant_3_works_as_expected">
      <skipped message="Reason: On CRAN ('test-table_aet01_aesi.R:414:3')"/>
    </testcase>
    <testcase time="0.525000000000006" classname="table_aet01_aesi" name="AET01_AESI_Variant_4_works_as_expected"/>
    <testcase time="0.149999999999999" classname="table_aet01_aesi" name="AET01_AESI_Variant_4_works_as_expected">
      <skipped message="Reason: On CRAN ('test-table_aet01_aesi.R:553:3')"/>
    </testcase>
  </testsuite>
  <testsuite name="table_aet02" timestamp="2023-10-31T13:36:48Z" hostname="62aff8d46b9c" tests="24" skipped="12" failures="0" errors="0" time="8.979">
    <testcase time="0.750999999999998" classname="table_aet02" name="AET02_variant_1_is_produced_correctly"/>
    <testcase time="0.178000000000004" classname="table_aet02" name="AET02_variant_1_is_produced_correctly">
      <skipped message="Reason: On CRAN ('test-table_aet02.R:66:3')"/>
    </testcase>
    <testcase time="0.872999999999998" classname="table_aet02" name="AET02_variant_2_is_produced_correctly"/>
    <testcase time="0.174999999999997" classname="table_aet02" name="AET02_variant_2_is_produced_correctly">
      <skipped message="Reason: On CRAN ('test-table_aet02.R:126:3')"/>
    </testcase>
    <testcase time="0.975999999999999" classname="table_aet02" name="AET02_variant_3_is_produced_correctly"/>
    <testcase time="0.282000000000004" classname="table_aet02" name="AET02_variant_3_is_produced_correctly">
      <skipped message="Reason: On CRAN ('test-table_aet02.R:192:3')"/>
    </testcase>
    <testcase time="0.137" classname="table_aet02" name="AET02_variant_4_is_produced_correctly"/>
    <testcase time="0.0859999999999985" classname="table_aet02" name="AET02_variant_4_is_produced_correctly">
      <skipped message="Reason: On CRAN ('test-table_aet02.R:217:3')"/>
    </testcase>
    <testcase time="0.536000000000001" classname="table_aet02" name="AET02_variant_5_is_produced_correctly"/>
    <testcase time="0.164000000000001" classname="table_aet02" name="AET02_variant_5_is_produced_correctly">
      <skipped message="Reason: On CRAN ('test-table_aet02.R:264:3')"/>
    </testcase>
    <testcase time="0.524000000000001" classname="table_aet02" name="AET02_variant_6_is_produced_correctly"/>
    <testcase time="0.0899999999999963" classname="table_aet02" name="AET02_variant_6_is_produced_correctly">
      <skipped message="Reason: On CRAN ('test-table_aet02.R:311:3')"/>
    </testcase>
    <testcase time="0.956000000000003" classname="table_aet02" name="AET02_variant_7_is_produced_correctly"/>
    <testcase time="0.132999999999996" classname="table_aet02" name="AET02_variant_7_is_produced_correctly">
      <skipped message="Reason: On CRAN ('test-table_aet02.R:374:3')"/>
    </testcase>
    <testcase time="0.544000000000004" classname="table_aet02" name="AET02_variant_8_is_produced_correctly"/>
    <testcase time="0.103000000000002" classname="table_aet02" name="AET02_variant_8_is_produced_correctly">
      <skipped message="Reason: On CRAN ('test-table_aet02.R:421:3')"/>
    </testcase>
    <testcase time="0.521999999999998" classname="table_aet02" name="AET02_variant_9_is_produced_correctly"/>
    <testcase time="0.0889999999999986" classname="table_aet02" name="AET02_variant_9_is_produced_correctly">
      <skipped message="Reason: On CRAN ('test-table_aet02.R:468:3')"/>
    </testcase>
    <testcase time="0.521000000000001" classname="table_aet02" name="AET02_variant_10_is_produced_correctly"/>
    <testcase time="0.0769999999999982" classname="table_aet02" name="AET02_variant_10_is_produced_correctly">
      <skipped message="Reason: On CRAN ('test-table_aet02.R:515:3')"/>
    </testcase>
    <testcase time="0.576000000000001" classname="table_aet02" name="AET02_variant_11_is_produced_correctly"/>
    <testcase time="0.0970000000000013" classname="table_aet02" name="AET02_variant_11_is_produced_correctly">
      <skipped message="Reason: On CRAN ('test-table_aet02.R:562:3')"/>
    </testcase>
    <testcase time="0.522999999999996" classname="table_aet02" name="AET02_variant_12_is_produced_correctly"/>
    <testcase time="0.0660000000000025" classname="table_aet02" name="AET02_variant_12_is_produced_correctly">
      <skipped message="Reason: On CRAN ('test-table_aet02.R:608:3')"/>
    </testcase>
  </testsuite>
  <testsuite name="table_aet02_smq" timestamp="2023-10-31T13:36:57Z" hostname="62aff8d46b9c" tests="4" skipped="2" failures="0" errors="0" time="0.504">
    <testcase time="0.161999999999999" classname="table_aet02_smq" name="AET02SMQ_variant_1_is_produced_correctly"/>
    <testcase time="0.0480000000000018" classname="table_aet02_smq" name="AET02SMQ_variant_1_is_produced_correctly">
      <skipped message="Reason: On CRAN ('test-table_aet02_smq.R:52:3')"/>
    </testcase>
    <testcase time="0.223999999999997" classname="table_aet02_smq" name="AET02SMQ_variant_2_is_produced_correctly"/>
    <testcase time="0.0700000000000003" classname="table_aet02_smq" name="AET02SMQ_variant_2_is_produced_correctly">
      <skipped message="Reason: On CRAN ('test-table_aet02_smq.R:91:3')"/>
    </testcase>
  </testsuite>
  <testsuite name="table_aet03" timestamp="2023-10-31T13:36:57Z" hostname="62aff8d46b9c" tests="2" skipped="1" failures="0" errors="0" time="1.683">
    <testcase time="1.342" classname="table_aet03" name="AET03_variant_1_is_produced_correctly"/>
    <testcase time="0.341000000000001" classname="table_aet03" name="AET03_variant_1_is_produced_correctly">
      <skipped message="Reason: On CRAN ('test-table_aet03.R:77:3')"/>
    </testcase>
  </testsuite>
  <testsuite name="table_aet04" timestamp="2023-10-31T13:37:01Z" hostname="62aff8d46b9c" tests="16" skipped="8" failures="0" errors="0" time="13.512">
    <testcase time="2.018" classname="table_aet04" name="AET04_variant_1_is_produced_correctly"/>
    <testcase time="0.405999999999999" classname="table_aet04" name="AET04_variant_1_is_produced_correctly">
      <skipped message="Reason: On CRAN ('test-table_aet04.R:106:3')"/>
    </testcase>
    <testcase time="1.771" classname="table_aet04" name="AET04_variant_2_is_produced_correctly_Fill_in_of_Treatment_Groups_"/>
    <testcase time="0.395000000000003" classname="table_aet04" name="AET04_variant_2_is_produced_correctly_Fill_in_of_Treatment_Groups_">
      <skipped message="Reason: On CRAN ('test-table_aet04.R:188:3')"/>
    </testcase>
    <testcase time="2.01" classname="table_aet04" name="AET04_variant_3_is_produced_correctly_Fill_in_of_Grades_"/>
    <testcase time="0.792999999999999" classname="table_aet04" name="AET04_variant_3_is_produced_correctly_Fill_in_of_Grades_">
      <skipped message="Reason: On CRAN ('test-table_aet04.R:267:3')"/>
    </testcase>
    <testcase time="2.011" classname="table_aet04" name="AET04_variant_4_is_produced_correctly_Collapsing_of_Grades_grades_1_2_grades_3_4_5_"/>
    <testcase time="0.411999999999999" classname="table_aet04" name="AET04_variant_4_is_produced_correctly_Collapsing_of_Grades_grades_1_2_grades_3_4_5_">
      <skipped message="Reason: On CRAN ('test-table_aet04.R:352:3')"/>
    </testcase>
    <testcase time="2.087" classname="table_aet04" name="AET04_variant_6_is_produced_correctly_with_an_Incidence_Rate_of_at_Least_5_totals_restricted_"/>
    <testcase time="0.376999999999995" classname="table_aet04" name="AET04_variant_6_is_produced_correctly_with_an_Incidence_Rate_of_at_Least_5_totals_restricted_">
      <skipped message="Reason: On CRAN ('test-table_aet04.R:463:5')"/>
    </testcase>
    <testcase time="0.0339999999999989" classname="table_aet04" name="AET04_variant_8_is_produced_correctly_with_an_Incidence_Rate_of_at_Least_X_Patients_"/>
    <testcase time="0.376000000000005" classname="table_aet04" name="AET04_variant_8_is_produced_correctly_with_an_Incidence_Rate_of_at_Least_X_Patients_">
      <skipped message="Reason: On CRAN ('test-table_aet04.R:484:3')"/>
    </testcase>
    <testcase time="0.0259999999999962" classname="table_aet04" name="AET04_variant_9_is_produced_correctly_with_a_Difference_in_Incidence_Rate_of_at_Least_X_"/>
    <testcase time="0.385000000000005" classname="table_aet04" name="AET04_variant_9_is_produced_correctly_with_a_Difference_in_Incidence_Rate_of_at_Least_X_">
      <skipped message="Reason: On CRAN ('test-table_aet04.R:500:3')"/>
    </testcase>
    <testcase time="0.0249999999999986" classname="table_aet04" name="AET04_variant_11_is_produced_correctly_with_Incidence_Rate_of_at_Least_X_all_SOCs_w_o_preferred_terms_removed_"/>
    <testcase time="0.385999999999996" classname="table_aet04" name="AET04_variant_11_is_produced_correctly_with_Incidence_Rate_of_at_Least_X_all_SOCs_w_o_preferred_terms_removed_">
      <skipped message="Reason: On CRAN ('test-table_aet04.R:522:5')"/>
    </testcase>
  </testsuite>
  <testsuite name="table_aet04_pi" timestamp="2023-10-31T13:37:12Z" hostname="62aff8d46b9c" tests="18" skipped="9" failures="0" errors="0" time="8.035">
    <testcase time="0.743000000000002" classname="table_aet04_pi" name="AET04_PI_full_table_is_produced_correctly"/>
    <testcase time="0.204000000000001" classname="table_aet04_pi" name="AET04_PI_full_table_is_produced_correctly">
      <skipped message="Reason: On CRAN ('test-table_aet04_pi.R:62:3')"/>
    </testcase>
    <testcase time="0.814999999999998" classname="table_aet04_pi" name="AET04_PI_variant_1_is_produced_correctly"/>
    <testcase time="0.154000000000003" classname="table_aet04_pi" name="AET04_PI_variant_1_is_produced_correctly">
      <skipped message="Reason: On CRAN ('test-table_aet04_pi.R:84:3')"/>
    </testcase>
    <testcase time="0.887999999999998" classname="table_aet04_pi" name="AET04_PI_variant_2_is_produced_correctly"/>
    <testcase time="0.0810000000000031" classname="table_aet04_pi" name="AET04_PI_variant_2_is_produced_correctly">
      <skipped message="Reason: On CRAN ('test-table_aet04_pi.R:107:3')"/>
    </testcase>
    <testcase time="0.787999999999997" classname="table_aet04_pi" name="AET04_PI_variant_3_is_produced_correctly"/>
    <testcase time="0.0940000000000012" classname="table_aet04_pi" name="AET04_PI_variant_3_is_produced_correctly">
      <skipped message="Reason: On CRAN ('test-table_aet04_pi.R:130:3')"/>
    </testcase>
    <testcase time="0.789000000000001" classname="table_aet04_pi" name="AET04_PI_variant_4_is_produced_correctly"/>
    <testcase time="0.070999999999998" classname="table_aet04_pi" name="AET04_PI_variant_4_is_produced_correctly">
      <skipped message="Reason: On CRAN ('test-table_aet04_pi.R:154:3')"/>
    </testcase>
    <testcase time="0.789999999999999" classname="table_aet04_pi" name="AET04_PI_variant_5_is_produced_correctly"/>
    <testcase time="0.118000000000002" classname="table_aet04_pi" name="AET04_PI_variant_5_is_produced_correctly">
      <skipped message="Reason: On CRAN ('test-table_aet04_pi.R:178:3')"/>
    </testcase>
    <testcase time="0.980999999999995" classname="table_aet04_pi" name="AET04_PI_variant_6_is_produced_correctly"/>
    <testcase time="0.126000000000005" classname="table_aet04_pi" name="AET04_PI_variant_6_is_produced_correctly">
      <skipped message="Reason: On CRAN ('test-table_aet04_pi.R:229:3')"/>
    </testcase>
    <testcase time="0.99199999999999" classname="table_aet04_pi" name="AET04_PI_variant_7_is_produced_correctly"/>
    <testcase time="0.110000000000014" classname="table_aet04_pi" name="AET04_PI_variant_7_is_produced_correctly">
      <skipped message="Reason: On CRAN ('test-table_aet04_pi.R:280:3')"/>
    </testcase>
    <testcase time="0.171999999999997" classname="table_aet04_pi" name="AET04_PI_variant_8_is_produced_correctly"/>
    <testcase time="0.119" classname="table_aet04_pi" name="AET04_PI_variant_8_is_produced_correctly">
      <skipped message="Reason: On CRAN ('test-table_aet04_pi.R:314:3')"/>
    </testcase>
  </testsuite>
  <testsuite name="table_aet05" timestamp="2023-10-31T13:37:20Z" hostname="62aff8d46b9c" tests="4" skipped="2" failures="0" errors="0" time="0.323">
    <testcase time="0.158999999999992" classname="table_aet05" name="AET05_variant_1_is_produced_correctly"/>
    <testcase time="0.0390000000000015" classname="table_aet05" name="AET05_variant_1_is_produced_correctly">
      <skipped message="Reason: On CRAN ('test-table_aet05.R:25:3')"/>
    </testcase>
    <testcase time="0.0760000000000076" classname="table_aet05" name="AET05_variant_2_is_produced_correctly"/>
    <testcase time="0.0489999999999924" classname="table_aet05" name="AET05_variant_2_is_produced_correctly">
      <skipped message="Reason: On CRAN ('test-table_aet05.R:40:3')"/>
    </testcase>
  </testsuite>
  <testsuite name="table_aet05_all" timestamp="2023-10-31T13:37:21Z" hostname="62aff8d46b9c" tests="4" skipped="2" failures="0" errors="0" time="0.292">
    <testcase time="0.132000000000005" classname="table_aet05_all" name="AET05_ALL_variant_1_is_produced_correctly"/>
    <testcase time="0.039999999999992" classname="table_aet05_all" name="AET05_ALL_variant_1_is_produced_correctly">
      <skipped message="Reason: On CRAN ('test-table_aet05_all.R:32:3')"/>
    </testcase>
    <testcase time="0.0690000000000026" classname="table_aet05_all" name="AET05_ALL_variant_2_is_produced_correctly"/>
    <testcase time="0.0510000000000019" classname="table_aet05_all" name="AET05_ALL_variant_2_is_produced_correctly">
      <skipped message="Reason: On CRAN ('test-table_aet05_all.R:47:3')"/>
    </testcase>
  </testsuite>
  <testsuite name="table_aet06" timestamp="2023-10-31T13:37:21Z" hostname="62aff8d46b9c" tests="6" skipped="3" failures="0" errors="0" time="4.996">
    <testcase time="0.912999999999997" classname="table_aet06" name="AET06_variant_1_is_produced_correctly"/>
    <testcase time="0.227000000000004" classname="table_aet06" name="AET06_variant_1_is_produced_correctly">
      <skipped message="Reason: On CRAN ('test-table_aet06.R:81:3')"/>
    </testcase>
    <testcase time="1.55800000000001" classname="table_aet06" name="AET06_variant_3_is_produced_correctly"/>
    <testcase time="0.35499999999999" classname="table_aet06" name="AET06_variant_3_is_produced_correctly">
      <skipped message="Reason: On CRAN ('test-table_aet06.R:133:3')"/>
    </testcase>
    <testcase time="1.571" classname="table_aet06" name="AET06_variant_5_is_produced_correctly"/>
    <testcase time="0.372" classname="table_aet06" name="AET06_variant_5_is_produced_correctly">
      <skipped message="Reason: On CRAN ('test-table_aet06.R:177:3')"/>
    </testcase>
  </testsuite>
  <testsuite name="table_aet06_smq" timestamp="2023-10-31T13:37:26Z" hostname="62aff8d46b9c" tests="4" skipped="2" failures="0" errors="0" time="1.518">
    <testcase time="0.576000000000008" classname="table_aet06_smq" name="AET06_SMQ_variant_1_is_produced_correctly"/>
    <testcase time="0.185000000000002" classname="table_aet06_smq" name="AET06_SMQ_variant_1_is_produced_correctly">
      <skipped message="Reason: On CRAN ('test-table_aet06_smq.R:73:3')"/>
    </testcase>
    <testcase time="0.572000000000003" classname="table_aet06_smq" name="AET06_SMQ_variant_2_is_produced_correctly"/>
    <testcase time="0.184999999999988" classname="table_aet06_smq" name="AET06_SMQ_variant_2_is_produced_correctly">
      <skipped message="Reason: On CRAN ('test-table_aet06_smq.R:160:3')"/>
    </testcase>
  </testsuite>
  <testsuite name="table_aet07" timestamp="2023-10-31T13:37:27Z" hostname="62aff8d46b9c" tests="4" skipped="2" failures="0" errors="0" time="0.289">
    <testcase time="0.108999999999995" classname="table_aet07" name="AET07_variant_1_is_produced_correctly"/>
    <testcase time="0.034000000000006" classname="table_aet07" name="AET07_variant_1_is_produced_correctly">
      <skipped message="Reason: On CRAN ('test-table_aet07.R:49:3')"/>
    </testcase>
    <testcase time="0.106999999999999" classname="table_aet07" name="AET07_variant_2_is_produced_correctly"/>
    <testcase time="0.0390000000000015" classname="table_aet07" name="AET07_variant_2_is_produced_correctly">
      <skipped message="Reason: On CRAN ('test-table_aet07.R:78:3')"/>
    </testcase>
  </testsuite>
  <testsuite name="table_aet09" timestamp="2023-10-31T13:37:28Z" hostname="62aff8d46b9c" tests="4" skipped="2" failures="0" errors="0" time="1.443">
    <testcase time="0.495999999999995" classname="table_aet09" name="AET09_variant_1_is_produced_correctly_AE_related_to_study_drug"/>
    <testcase time="0.13600000000001" classname="table_aet09" name="AET09_variant_1_is_produced_correctly_AE_related_to_study_drug">
      <skipped message="Reason: On CRAN ('test-table_aet09.R:43:3')"/>
    </testcase>
    <testcase time="0.640000000000001" classname="table_aet09" name="AET09_variant_2_is_produced_correctly_AE_related_to_study_drug_including_high_level_terms_"/>
    <testcase time="0.170999999999992" classname="table_aet09" name="AET09_variant_2_is_produced_correctly_AE_related_to_study_drug_including_high_level_terms_">
      <skipped message="Reason: On CRAN ('test-table_aet09.R:100:3')"/>
    </testcase>
  </testsuite>
  <testsuite name="table_aet09_smq" timestamp="2023-10-31T13:37:29Z" hostname="62aff8d46b9c" tests="4" skipped="2" failures="0" errors="0" time="0.642">
    <testcase time="0.180999999999997" classname="table_aet09_smq" name="AET09_variant_1_AEs_related_to_study_drug_by_SMQ_is_produced_correctly"/>
    <testcase time="0.0559999999999974" classname="table_aet09_smq" name="AET09_variant_1_AEs_related_to_study_drug_by_SMQ_is_produced_correctly">
      <skipped message="Reason: On CRAN ('test-table_aet09_smq.R:69:3')"/>
    </testcase>
    <testcase time="0.321000000000012" classname="table_aet09_smq" name="AET09_variant_2_AEs_related_to_study_drug_by_SMQ_with_customized_queries_is_produced_correctly"/>
    <testcase time="0.083999999999989" classname="table_aet09_smq" name="AET09_variant_2_AEs_related_to_study_drug_by_SMQ_with_customized_queries_is_produced_correctly">
      <skipped message="Reason: On CRAN ('test-table_aet09_smq.R:128:5')"/>
    </testcase>
  </testsuite>
  <testsuite name="table_aet10" timestamp="2023-10-31T13:37:30Z" hostname="62aff8d46b9c" tests="2" skipped="1" failures="0" errors="0" time="0.18">
    <testcase time="0.118000000000009" classname="table_aet10" name="AET10_default_variant_is_produced_correctly"/>
    <testcase time="0.0619999999999976" classname="table_aet10" name="AET10_default_variant_is_produced_correctly">
      <skipped message="Reason: On CRAN ('test-table_aet10.R:23:3')"/>
    </testcase>
  </testsuite>
  <testsuite name="table_aovt01" timestamp="2023-10-31T13:37:30Z" hostname="62aff8d46b9c" tests="2" skipped="0" failures="0" errors="2" time="0.206">
    <testcase time="0.0379999999999967" classname="table_aovt01" name="AOVT01_variant_with_single_endpoint_is_produced_correctly">
      <error type="error" message="Error in `h(simpleError(msg, call))`: error in evaluating the argument 'obj' in selecting a method for function 'last_rowsplit': error in evaluating the argument 'obj' in selecting a method for function 'last_rowsplit': could not find function &quot;ref_group_position&quot; ('test-table_aovt01.R:14:3')">Error in `h(simpleError(msg, call))`: error in evaluating the argument 'obj' in selecting a method for function 'last_rowsplit': error in evaluating the argument 'obj' in selecting a method for function 'last_rowsplit': could not find function "ref_group_position"
Backtrace:
     x
  1. +-... %&gt;% build_table(adqs_single, alt_counts_df = adsl) at test-table_aovt01.R:14:2
  2. +-rtables::build_table(., adqs_single, alt_counts_df = adsl)
  3. | \-methods::is(lyt, "PreDataTableLayouts")
  4. +-tern::summarize_ancova(...)
  5. | \-rtables::analyze(...)
  6. |   +-methods::is(last_rowsplit(lyt), "VAnalyzeSplit")
  7. |   \-rtables:::last_rowsplit(lyt)
  8. +-tern::summarize_ancova(...)
  9. | \-rtables::analyze(...)
 10. |   +-methods::is(last_rowsplit(lyt), "VAnalyzeSplit")
 11. |   \-rtables:::last_rowsplit(lyt)
 12. +-rtables::add_colcounts(.)
 13. +-rtables::split_cols_by(., "ARMCD", ref_group = "ARM A", split_fun = ref_group_position("first"))
 14. | \-rtables::VarLevWBaselineSplit(...)
 15. |   \-methods::new(...)
 16. |     +-methods::initialize(value, ...)
 17. |     \-methods::initialize(value, ...)
 18. +-base::.handleSimpleError(...)
 19. | \-base (local) h(simpleError(msg, call))
 20. \-base::.handleSimpleError(...)
 21.   \-base (local) h(simpleError(msg, call))</error>
    </testcase>
    <testcase time="0.168000000000006" classname="table_aovt01" name="AOVT01_variant_with_multiple_endpoints_is_produced_correctly">
      <error type="error" message="Error in `h(simpleError(msg, call))`: error in evaluating the argument 'obj' in selecting a method for function 'last_rowsplit': error in evaluating the argument 'obj' in selecting a method for function 'next_rpos': could not find function &quot;ref_group_position&quot; ('test-table_aovt01.R:40:3')">Error in `h(simpleError(msg, call))`: error in evaluating the argument 'obj' in selecting a method for function 'last_rowsplit': error in evaluating the argument 'obj' in selecting a method for function 'next_rpos': could not find function "ref_group_position"
Backtrace:
     x
  1. +-... %&gt;% build_table(adqs_multi, alt_counts_df = adsl) at test-table_aovt01.R:40:2
  2. +-rtables::build_table(., adqs_multi, alt_counts_df = adsl)
  3. | \-methods::is(lyt, "PreDataTableLayouts")
  4. +-tern::summarize_ancova(...)
  5. | \-rtables::analyze(...)
  6. |   +-methods::is(last_rowsplit(lyt), "VAnalyzeSplit")
  7. |   \-rtables:::last_rowsplit(lyt)
  8. +-rtables::split_rows_by(., "PARAMCD")
  9. | \-rtables:::next_rpos(lyt, nested)
 10. +-rtables::add_colcounts(.)
 11. +-rtables::split_cols_by(., "ARMCD", ref_group = "ARM A", split_fun = ref_group_position("first"))
 12. | \-rtables::VarLevWBaselineSplit(...)
 13. |   \-methods::new(...)
 14. |     +-methods::initialize(value, ...)
 15. |     \-methods::initialize(value, ...)
 16. +-base::.handleSimpleError(...)
 17. | \-base (local) h(simpleError(msg, call))
 18. \-base::.handleSimpleError(...)
 19.   \-base (local) h(simpleError(msg, call))</error>
    </testcase>
  </testsuite>
  <testsuite name="table_aovt02" timestamp="2023-10-31T13:37:30Z" hostname="62aff8d46b9c" tests="1" skipped="0" failures="0" errors="1" time="0.223">
    <testcase time="0.222999999999999" classname="table_aovt02" name="AOVT02_is_produced_correctly">
      <error type="error" message="Error in `h(simpleError(msg, call))`: error in evaluating the argument 'obj' in selecting a method for function 'last_rowsplit': error in evaluating the argument 'obj' in selecting a method for function 'last_rowsplit': could not find function &quot;ref_group_position&quot; ('test-table_aovt02.R:16:3')">Error in `h(simpleError(msg, call))`: error in evaluating the argument 'obj' in selecting a method for function 'last_rowsplit': error in evaluating the argument 'obj' in selecting a method for function 'last_rowsplit': could not find function "ref_group_position"
Backtrace:
     x
  1. +-... %&gt;% ... at test-table_aovt02.R:16:2
  2. +-tern::summarize_ancova(...)
  3. | \-rtables::analyze(...)
  4. |   +-methods::is(last_rowsplit(lyt), "VAnalyzeSplit")
  5. |   \-rtables:::last_rowsplit(lyt)
  6. +-tern::summarize_ancova(...)
  7. | \-rtables::analyze(...)
  8. |   +-methods::is(last_rowsplit(lyt), "VAnalyzeSplit")
  9. |   \-rtables:::last_rowsplit(lyt)
 10. +-tern::append_varlabels(., adqs_single, "PARAM")
 11. | \-rtables::append_topleft(lyt, lab)
 12. |   +-base::stopifnot(...)
 13. |   \-methods::is(lyt, "PreDataTableLayouts")
 14. +-rtables::split_cols_by(., "ARMCD", ref_group = "ARM A", split_fun = ref_group_position("first"))
 15. | \-rtables::VarLevWBaselineSplit(...)
 16. |   \-methods::new(...)
 17. |     +-methods::initialize(value, ...)
 18. |     \-methods::initialize(value, ...)
 19. +-base::.handleSimpleError(...)
 20. | \-base (local) h(simpleError(msg, call))
 21. \-base::.handleSimpleError(...)
 22.   \-base (local) h(simpleError(msg, call))</error>
    </testcase>
  </testsuite>
  <testsuite name="table_aovt03" timestamp="2023-10-31T13:37:31Z" hostname="62aff8d46b9c" tests="1" skipped="0" failures="0" errors="1" time="0.189">
    <testcase time="0.188999999999993" classname="table_aovt03" name="AOVT03_is_produced_correctly">
      <error type="error" message="Error in `h(simpleError(msg, call))`: error in evaluating the argument 'obj' in selecting a method for function 'last_rowsplit': error in evaluating the argument 'obj' in selecting a method for function 'last_rowsplit': error in evaluating the argument 'obj' in selecting a method for function 'last_rowsplit': error in evaluating the argument 'obj' in selecting a method for function 'next_rpos': could not find function &quot;ref_group_position&quot; ('test-table_aovt03.R:11:3')">Error in `h(simpleError(msg, call))`: error in evaluating the argument 'obj' in selecting a method for function 'last_rowsplit': error in evaluating the argument 'obj' in selecting a method for function 'last_rowsplit': error in evaluating the argument 'obj' in selecting a method for function 'last_rowsplit': error in evaluating the argument 'obj' in selecting a method for function 'next_rpos': could not find function "ref_group_position"
Backtrace:
     x
  1. +-... %&gt;% build_table(adqs_in, alt_counts_df = adsl) at test-table_aovt03.R:11:2
  2. +-rtables::build_table(., adqs_in, alt_counts_df = adsl)
  3. | \-methods::is(lyt, "PreDataTableLayouts")
  4. +-tern::summarize_ancova(...)
  5. | \-rtables::analyze(...)
  6. |   +-methods::is(last_rowsplit(lyt), "VAnalyzeSplit")
  7. |   \-rtables:::last_rowsplit(lyt)
  8. +-tern::summarize_ancova(...)
  9. | \-rtables::analyze(...)
 10. |   +-methods::is(last_rowsplit(lyt), "VAnalyzeSplit")
 11. |   \-rtables:::last_rowsplit(lyt)
 12. +-tern::summarize_ancova(...)
 13. | \-rtables::analyze(...)
 14. |   +-methods::is(last_rowsplit(lyt), "VAnalyzeSplit")
 15. |   \-rtables:::last_rowsplit(lyt)
 16. +-rtables::split_rows_by(., "PARAM", split_fun = drop_split_levels)
 17. | \-rtables:::next_rpos(lyt, nested)
 18. +-rtables::split_cols_by(., "ARMCD", ref_group = "ARM A", split_fun = ref_group_position("first"))
 19. | \-rtables::VarLevWBaselineSplit(...)
 20. |   \-methods::new(...)
 21. |     +-methods::initialize(value, ...)
 22. |     \-methods::initialize(value, ...)
 23. +-base::.handleSimpleError(...)
 24. | \-base (local) h(simpleError(msg, call))
 25. +-base::.handleSimpleError(...)
 26. | \-base (local) h(simpleError(msg, call))
 27. +-base::.handleSimpleError(...)
 28. | \-base (local) h(simpleError(msg, call))
 29. \-base::.handleSimpleError(...)
 30.   \-base (local) h(simpleError(msg, call))</error>
    </testcase>
  </testsuite>
  <testsuite name="table_cfbt01" timestamp="2023-10-31T13:37:31Z" hostname="62aff8d46b9c" tests="2" skipped="1" failures="0" errors="0" time="0.941">
    <testcase time="0.734999999999999" classname="table_cfbt01" name="CFBT01_default_variant_is_produced_correctly"/>
    <testcase time="0.206000000000003" classname="table_cfbt01" name="CFBT01_default_variant_is_produced_correctly">
      <skipped message="Reason: On CRAN ('test-table_cfbt01.R:64:3')"/>
    </testcase>
  </testsuite>
  <testsuite name="table_cmht01" timestamp="2023-10-31T13:37:32Z" hostname="62aff8d46b9c" tests="2" skipped="0" failures="0" errors="2" time="0.385">
    <testcase time="0.137" classname="table_cmht01" name="CMHT01_variant_1_is_produced_correctly">
      <error type="error" message="Error in `h(simpleError(msg, call))`: error in evaluating the argument 'obj' in selecting a method for function 'last_rowsplit': error in evaluating the argument 'obj' in selecting a method for function 'last_rowsplit': error in evaluating the argument 'obj' in selecting a method for function 'last_rowsplit': error in evaluating the argument 'obj' in selecting a method for function 'last_rowsplit': error in evaluating the argument 'obj' in selecting a method for function 'last_rowsplit': error in evaluating the argument 'obj' in selecting a method for function 'last_rowsplit': error in evaluating the argument 'obj' in selecting a method for function 'last_rowsplit': could not find function &quot;ref_group_position&quot; ('test-table_cmht01.R:16:3')">Error in `h(simpleError(msg, call))`: error in evaluating the argument 'obj' in selecting a method for function 'last_rowsplit': error in evaluating the argument 'obj' in selecting a method for function 'last_rowsplit': error in evaluating the argument 'obj' in selecting a method for function 'last_rowsplit': error in evaluating the argument 'obj' in selecting a method for function 'last_rowsplit': error in evaluating the argument 'obj' in selecting a method for function 'last_rowsplit': error in evaluating the argument 'obj' in selecting a method for function 'last_rowsplit': error in evaluating the argument 'obj' in selecting a method for function 'last_rowsplit': could not find function "ref_group_position"
Backtrace:
     x
  1. +-... %&gt;% ... at test-table_cmht01.R:16:2
  2. +-tern::estimate_odds_ratio(...)
  3. | \-rtables::analyze(...)
  4. |   +-methods::is(last_rowsplit(lyt), "VAnalyzeSplit")
  5. |   \-rtables:::last_rowsplit(lyt)
  6. +-tern::test_proportion_diff(...)
  7. | \-rtables::analyze(...)
  8. |   +-methods::is(last_rowsplit(lyt), "VAnalyzeSplit")
  9. |   \-rtables:::last_rowsplit(lyt)
 10. +-tern::estimate_proportion_diff(...)
 11. | \-rtables::analyze(...)
 12. |   +-methods::is(last_rowsplit(lyt), "VAnalyzeSplit")
 13. |   \-rtables:::last_rowsplit(lyt)
 14. +-tern::estimate_odds_ratio(., vars = "is_rsp", table_names = "est_or")
 15. | \-rtables::analyze(...)
 16. |   +-methods::is(last_rowsplit(lyt), "VAnalyzeSplit")
 17. |   \-rtables:::last_rowsplit(lyt)
 18. +-tern::test_proportion_diff(., vars = "is_rsp", table_names = "test_prop")
 19. | \-rtables::analyze(...)
 20. |   +-methods::is(last_rowsplit(lyt), "VAnalyzeSplit")
 21. |   \-rtables:::last_rowsplit(lyt)
 22. +-tern::estimate_proportion_diff(...)
 23. | \-rtables::analyze(...)
 24. |   +-methods::is(last_rowsplit(lyt), "VAnalyzeSplit")
 25. |   \-rtables:::last_rowsplit(lyt)
 26. +-tern::estimate_proportion(., vars = "is_rsp", table_names = "est_prop")
 27. | \-rtables::analyze(...)
 28. |   +-methods::is(last_rowsplit(lyt), "VAnalyzeSplit")
 29. |   \-rtables:::last_rowsplit(lyt)
 30. +-rtables::split_cols_by(...)
 31. | \-rtables::VarLevWBaselineSplit(...)
 32. |   \-methods::new(...)
 33. |     +-methods::initialize(value, ...)
 34. |     \-methods::initialize(value, ...)
 35. +-base::.handleSimpleError(...)
 36. | \-base (local) h(simpleError(msg, call))
 37. +-base::.handleSimpleError(...)
 38. | \-base (local) h(simpleError(msg, call))
 39. +-base::.handleSimpleError(...)
 40. | \-base (local) h(simpleError(msg, call))
 41. +-base::.handleSimpleError(...)
 42. | \-base (local) h(simpleError(msg, call))
 43. +-base::.handleSimpleError(...)
 44. | \-base (local) h(simpleError(msg, call))
 45. +-base::.handleSimpleError(...)
 46. | \-base (local) h(simpleError(msg, call))
 47. \-base::.handleSimpleError(...)
 48.   \-base (local) h(simpleError(msg, call))</error>
    </testcase>
    <testcase time="0.248000000000005" classname="table_cmht01" name="CMHT01_variant_2_is_produced_correctly">
      <error type="error" message="Error in `h(simpleError(msg, call))`: error in evaluating the argument 'obj' in selecting a method for function 'last_rowsplit': error in evaluating the argument 'obj' in selecting a method for function 'last_rowsplit': error in evaluating the argument 'obj' in selecting a method for function 'last_rowsplit': error in evaluating the argument 'obj' in selecting a method for function 'last_rowsplit': error in evaluating the argument 'obj' in selecting a method for function 'last_rowsplit': error in evaluating the argument 'obj' in selecting a method for function 'last_rowsplit': error in evaluating the argument 'obj' in selecting a method for function 'last_rowsplit': error in evaluating the argument 'obj' in selecting a method for function 'next_rpos': could not find function &quot;ref_group_position&quot; ('test-table_cmht01.R:70:3')">Error in `h(simpleError(msg, call))`: error in evaluating the argument 'obj' in selecting a method for function 'last_rowsplit': error in evaluating the argument 'obj' in selecting a method for function 'last_rowsplit': error in evaluating the argument 'obj' in selecting a method for function 'last_rowsplit': error in evaluating the argument 'obj' in selecting a method for function 'last_rowsplit': error in evaluating the argument 'obj' in selecting a method for function 'last_rowsplit': error in evaluating the argument 'obj' in selecting a method for function 'last_rowsplit': error in evaluating the argument 'obj' in selecting a method for function 'last_rowsplit': error in evaluating the argument 'obj' in selecting a method for function 'next_rpos': could not find function "ref_group_position"
Backtrace:
     x
  1. +-... %&gt;% ... at test-table_cmht01.R:70:2
  2. +-tern::estimate_odds_ratio(...)
  3. | \-rtables::analyze(...)
  4. |   +-methods::is(last_rowsplit(lyt), "VAnalyzeSplit")
  5. |   \-rtables:::last_rowsplit(lyt)
  6. +-tern::test_proportion_diff(...)
  7. | \-rtables::analyze(...)
  8. |   +-methods::is(last_rowsplit(lyt), "VAnalyzeSplit")
  9. |   \-rtables:::last_rowsplit(lyt)
 10. +-tern::estimate_proportion_diff(...)
 11. | \-rtables::analyze(...)
 12. |   +-methods::is(last_rowsplit(lyt), "VAnalyzeSplit")
 13. |   \-rtables:::last_rowsplit(lyt)
 14. +-tern::estimate_odds_ratio(., vars = "is_rsp", table_names = "est_or")
 15. | \-rtables::analyze(...)
 16. |   +-methods::is(last_rowsplit(lyt), "VAnalyzeSplit")
 17. |   \-rtables:::last_rowsplit(lyt)
 18. +-tern::test_proportion_diff(., vars = "is_rsp", table_names = "test_prop")
 19. | \-rtables::analyze(...)
 20. |   +-methods::is(last_rowsplit(lyt), "VAnalyzeSplit")
 21. |   \-rtables:::last_rowsplit(lyt)
 22. +-tern::estimate_proportion_diff(...)
 23. | \-rtables::analyze(...)
 24. |   +-methods::is(last_rowsplit(lyt), "VAnalyzeSplit")
 25. |   \-rtables:::last_rowsplit(lyt)
 26. +-tern::estimate_proportion(., vars = "is_rsp", table_names = "est_prop")
 27. | \-rtables::analyze(...)
 28. |   +-methods::is(last_rowsplit(lyt), "VAnalyzeSplit")
 29. |   \-rtables:::last_rowsplit(lyt)
 30. +-rtables::split_rows_by(...)
 31. | \-rtables:::next_rpos(lyt, nested)
 32. +-rtables::split_cols_by(...)
 33. | \-rtables::VarLevWBaselineSplit(...)
 34. |   \-methods::new(...)
 35. |     +-methods::initialize(value, ...)
 36. |     \-methods::initialize(value, ...)
 37. +-base::.handleSimpleError(...)
 38. | \-base (local) h(simpleError(msg, call))
 39. +-base::.handleSimpleError(...)
 40. | \-base (local) h(simpleError(msg, call))
 41. +-base::.handleSimpleError(...)
 42. | \-base (local) h(simpleError(msg, call))
 43. +-base::.handleSimpleError(...)
 44. | \-base (local) h(simpleError(msg, call))
 45. +-base::.handleSimpleError(...)
 46. | \-base (local) h(simpleError(msg, call))
 47. +-base::.handleSimpleError(...)
 48. | \-base (local) h(simpleError(msg, call))
 49. +-base::.handleSimpleError(...)
 50. | \-base (local) h(simpleError(msg, call))
 51. \-base::.handleSimpleError(...)
 52.   \-base (local) h(simpleError(msg, call))</error>
    </testcase>
  </testsuite>
  <testsuite name="table_cmt01" timestamp="2023-10-31T13:37:32Z" hostname="62aff8d46b9c" tests="8" skipped="4" failures="0" errors="0" time="1.934">
    <testcase time="0.581000000000003" classname="table_cmt01" name="CMT01_default_variant_Concomitant_medications_is_produced_correctly"/>
    <testcase time="0.10799999999999" classname="table_cmt01" name="CMT01_default_variant_Concomitant_medications_is_produced_correctly">
      <skipped message="Reason: On CRAN ('test-table_cmt01.R:36:3')"/>
    </testcase>
    <testcase time="0.260000000000005" classname="table_cmt01" name="CMT01_variant_1_prior_medications_is_produced_correctly"/>
    <testcase time="0.0789999999999935" classname="table_cmt01" name="CMT01_variant_1_prior_medications_is_produced_correctly">
      <skipped message="Reason: On CRAN ('test-table_cmt01.R:71:3')"/>
    </testcase>
    <testcase time="0.350000000000009" classname="table_cmt01" name="CMT01_variant_3_Concomitant_medications_is_produced_correctly"/>
    <testcase time="0.090999999999994" classname="table_cmt01" name="CMT01_variant_3_Concomitant_medications_is_produced_correctly">
      <skipped message="Reason: On CRAN ('test-table_cmt01.R:104:3')"/>
    </testcase>
    <testcase time="0.362000000000009" classname="table_cmt01" name="CMT01_variant_4_Concomitant_medications_is_produced_correctly"/>
    <testcase time="0.102999999999994" classname="table_cmt01" name="CMT01_variant_4_Concomitant_medications_is_produced_correctly">
      <skipped message="Reason: On CRAN ('test-table_cmt01.R:135:3')"/>
    </testcase>
  </testsuite>
  <testsuite name="table_cmt01a" timestamp="2023-10-31T13:37:34Z" hostname="62aff8d46b9c" tests="8" skipped="4" failures="0" errors="0" time="3.539">
    <testcase time="0.778000000000006" classname="table_cmt01a" name="CMT01A_variant_1_is_produced_correctly"/>
    <testcase time="0.192999999999998" classname="table_cmt01a" name="CMT01A_variant_1_is_produced_correctly">
      <skipped message="Reason: On CRAN ('test-table_cmt01a.R:59:3')"/>
    </testcase>
    <testcase time="0.676999999999992" classname="table_cmt01a" name="CMT01A_variant_2_is_produced_correctly"/>
    <testcase time="0.192000000000007" classname="table_cmt01a" name="CMT01A_variant_2_is_produced_correctly">
      <skipped message="Reason: On CRAN ('test-table_cmt01a.R:105:3')"/>
    </testcase>
    <testcase time="0.696999999999989" classname="table_cmt01a" name="CMT01A_variant_3_is_produced_correctly"/>
    <testcase time="0.191000000000003" classname="table_cmt01a" name="CMT01A_variant_3_is_produced_correctly">
      <skipped message="Reason: On CRAN ('test-table_cmt01a.R:148:3')"/>
    </testcase>
    <testcase time="0.64800000000001" classname="table_cmt01a" name="CMT01A_variant_4_is_produced_correctly"/>
    <testcase time="0.162999999999997" classname="table_cmt01a" name="CMT01A_variant_4_is_produced_correctly">
      <skipped message="Reason: On CRAN ('test-table_cmt01a.R:193:3')"/>
    </testcase>
  </testsuite>
  <testsuite name="table_cmt01b" timestamp="2023-10-31T13:37:38Z" hostname="62aff8d46b9c" tests="6" skipped="3" failures="0" errors="0" time="4.038">
    <testcase time="1.11499999999999" classname="table_cmt01b" name="CMT01B_variant_1_is_produced_correctly"/>
    <testcase time="0.287999999999997" classname="table_cmt01b" name="CMT01B_variant_1_is_produced_correctly">
      <skipped message="Reason: On CRAN ('test-table_cmt01b.R:88:3')"/>
    </testcase>
    <testcase time="1.009" classname="table_cmt01b" name="CMT01B_variant_2_is_produced_correctly"/>
    <testcase time="0.213000000000008" classname="table_cmt01b" name="CMT01B_variant_2_is_produced_correctly">
      <skipped message="Reason: On CRAN ('test-table_cmt01b.R:146:3')"/>
    </testcase>
    <testcase time="1.11499999999999" classname="table_cmt01b" name="CMT01B_variant_4_is_produced_correctly"/>
    <testcase time="0.298000000000002" classname="table_cmt01b" name="CMT01B_variant_4_is_produced_correctly">
      <skipped message="Reason: On CRAN ('test-table_cmt01b.R:219:3')"/>
    </testcase>
  </testsuite>
  <testsuite name="table_cmt02_pt" timestamp="2023-10-31T13:37:42Z" hostname="62aff8d46b9c" tests="2" skipped="1" failures="0" errors="0" time="0.297">
    <testcase time="0.224000000000004" classname="table_cmt02_pt" name="CMT02_PT_default_variant_is_produced_correctly"/>
    <testcase time="0.0729999999999933" classname="table_cmt02_pt" name="CMT02_PT_default_variant_is_produced_correctly">
      <skipped message="Reason: On CRAN ('test-table_cmt02_pt.R:42:3')"/>
    </testcase>
  </testsuite>
  <testsuite name="table_coxt01" timestamp="2023-10-31T13:37:42Z" hostname="62aff8d46b9c" tests="8" skipped="4" failures="0" errors="0" time="1.942">
    <testcase time="0.323999999999998" classname="table_coxt01" name="1._Cox_Regression"/>
    <testcase time="0.0490000000000066" classname="table_coxt01" name="1._Cox_Regression">
      <skipped message="Reason: On CRAN ('test-table_coxt01.R:31:3')"/>
    </testcase>
    <testcase time="0.441999999999993" classname="table_coxt01" name="2._Cox_Regression_with_Interaction_Term_"/>
    <testcase time="0.0760000000000076" classname="table_coxt01" name="2._Cox_Regression_with_Interaction_Term_">
      <skipped message="Reason: On CRAN ('test-table_coxt01.R:50:3')"/>
    </testcase>
    <testcase time="0.437999999999988" classname="table_coxt01" name="3._Cox_Regression_specifying_covariates_"/>
    <testcase time="0.085000000000008" classname="table_coxt01" name="3._Cox_Regression_specifying_covariates_">
      <skipped message="Reason: On CRAN ('test-table_coxt01.R:71:3')"/>
    </testcase>
    <testcase time="0.435999999999993" classname="table_coxt01" name="4._Cox_Regression_setting_strata_ties_and_alpha_level_"/>
    <testcase time="0.0919999999999987" classname="table_coxt01" name="4._Cox_Regression_setting_strata_ties_and_alpha_level_">
      <skipped message="Reason: On CRAN ('test-table_coxt01.R:97:3')"/>
    </testcase>
  </testsuite>
  <testsuite name="table_coxt02" timestamp="2023-10-31T13:37:44Z" hostname="62aff8d46b9c" tests="4" skipped="2" failures="0" errors="0" time="0.765">
    <testcase time="0.341000000000008" classname="table_coxt02" name="COXT02_default_variant_1_is_produced_correctly"/>
    <testcase time="0.0549999999999926" classname="table_coxt02" name="COXT02_default_variant_1_is_produced_correctly">
      <skipped message="Reason: On CRAN ('test-table_coxt02.R:30:3')"/>
    </testcase>
    <testcase time="0.312000000000012" classname="table_coxt02" name="COXT02_variant_5_is_produced_correctly"/>
    <testcase time="0.0569999999999879" classname="table_coxt02" name="COXT02_variant_5_is_produced_correctly">
      <skipped message="Reason: On CRAN ('test-table_coxt02.R:48:3')"/>
    </testcase>
  </testsuite>
  <testsuite name="table_disclosures" timestamp="2023-10-31T13:37:45Z" hostname="62aff8d46b9c" tests="12" skipped="6" failures="0" errors="0" time="2.022">
    <testcase time="0.200000000000003" classname="table_disclosures" name="Patient_Disposition_table_is_produced_correctly"/>
    <testcase time="0.0790000000000077" classname="table_disclosures" name="Patient_Disposition_table_is_produced_correctly">
      <skipped message="Reason: On CRAN ('test-table_disclosures.R:110:3')"/>
    </testcase>
    <testcase time="0.259" classname="table_disclosures" name="Demographic_table_is_produced_correctly"/>
    <testcase time="0.138999999999996" classname="table_disclosures" name="Demographic_table_is_produced_correctly">
      <skipped message="Reason: On CRAN ('test-table_disclosures.R:131:3')"/>
    </testcase>
    <testcase time="0.108000000000004" classname="table_disclosures" name="Enrollment_by_Country_Table_is_produced_correctly"/>
    <testcase time="0.0729999999999933" classname="table_disclosures" name="Enrollment_by_Country_Table_is_produced_correctly">
      <skipped message="Reason: On CRAN ('test-table_disclosures.R:143:3')"/>
    </testcase>
    <testcase time="0.0970000000000084" classname="table_disclosures" name="Death_table_is_produced_correctly"/>
    <testcase time="0.0309999999999917" classname="table_disclosures" name="Death_table_is_produced_correctly">
      <skipped message="Reason: On CRAN ('test-table_disclosures.R:161:3')"/>
    </testcase>
    <testcase time="0.376999999999995" classname="table_disclosures" name="Table_of_Serious_Adverse_Events_is_produced_correctly_for_one_specific_treatment_arm_"/>
    <testcase time="0.0760000000000076" classname="table_disclosures" name="Table_of_Serious_Adverse_Events_is_produced_correctly_for_one_specific_treatment_arm_">
      <skipped message="Reason: On CRAN ('test-table_disclosures.R:189:3')"/>
    </testcase>
    <testcase time="0.477999999999994" classname="table_disclosures" name="Table_of_Non_Serious_Adverse_Events_is_produced_correctly"/>
    <testcase time="0.105000000000004" classname="table_disclosures" name="Table_of_Non_Serious_Adverse_Events_is_produced_correctly">
      <skipped message="Reason: On CRAN ('test-table_disclosures.R:211:3')"/>
    </testcase>
  </testsuite>
  <testsuite name="table_dmt01" timestamp="2023-10-31T13:37:47Z" hostname="62aff8d46b9c" tests="10" skipped="5" failures="0" errors="0" time="2.144">
    <testcase time="0.471000000000004" classname="table_dmt01" name="DMT01_variant_1_is_produced_correctly"/>
    <testcase time="0.185000000000002" classname="table_dmt01" name="DMT01_variant_1_is_produced_correctly">
      <skipped message="Reason: On CRAN ('test-table_dmt01.R:86:3')"/>
    </testcase>
    <testcase time="0.241" classname="table_dmt01" name="DMT01_variant_2_is_produced_correctly"/>
    <testcase time="0.156999999999996" classname="table_dmt01" name="DMT01_variant_2_is_produced_correctly">
      <skipped message="Reason: On CRAN ('test-table_dmt01.R:109:3')"/>
    </testcase>
    <testcase time="0.281999999999996" classname="table_dmt01" name="DMT01_variant_3_is_produced_correctly"/>
    <testcase time="0.153000000000006" classname="table_dmt01" name="DMT01_variant_3_is_produced_correctly">
      <skipped message="Reason: On CRAN ('test-table_dmt01.R:128:3')"/>
    </testcase>
    <testcase time="0.214999999999989" classname="table_dmt01" name="DMT01_variant_4_is_produced_correctly"/>
    <testcase time="0.141000000000005" classname="table_dmt01" name="DMT01_variant_4_is_produced_correctly">
      <skipped message="Reason: On CRAN ('test-table_dmt01.R:147:3')"/>
    </testcase>
    <testcase time="0.185000000000002" classname="table_dmt01" name="DMT01_variant_5_is_produced_correctly"/>
    <testcase time="0.114000000000004" classname="table_dmt01" name="DMT01_variant_5_is_produced_correctly">
      <skipped message="Reason: On CRAN ('test-table_dmt01.R:165:3')"/>
    </testcase>
  </testsuite>
  <testsuite name="table_dort01" timestamp="2023-10-31T13:37:49Z" hostname="62aff8d46b9c" tests="4" skipped="0" failures="0" errors="4" time="0.968">
    <testcase time="0.0559999999999974" classname="table_dort01" name="DORT01_variant_1_is_produced_correctly">
      <error type="error" message="Error in `h(simpleError(msg, call))`: error in evaluating the argument 'obj' in selecting a method for function 'last_rowsplit': error in evaluating the argument 'obj' in selecting a method for function 'last_rowsplit': error in evaluating the argument 'obj' in selecting a method for function 'next_rpos': error in evaluating the argument 'lyt' in selecting a method for function '.add_row_summary': error in evaluating the argument 'obj' in selecting a method for function 'next_rpos': error in evaluating the argument 'obj' in selecting a method for function 'next_rpos': error in evaluating the argument 'obj' in selecting a method for function 'last_rowsplit': error in evaluating the argument 'obj' in selecting a method for function 'last_rowsplit': could not find function &quot;ref_group_position&quot; ('test-table_dort01.R:29:3')">Error in `h(simpleError(msg, call))`: error in evaluating the argument 'obj' in selecting a method for function 'last_rowsplit': error in evaluating the argument 'obj' in selecting a method for function 'last_rowsplit': error in evaluating the argument 'obj' in selecting a method for function 'next_rpos': error in evaluating the argument 'lyt' in selecting a method for function '.add_row_summary': error in evaluating the argument 'obj' in selecting a method for function 'next_rpos': error in evaluating the argument 'obj' in selecting a method for function 'next_rpos': error in evaluating the argument 'obj' in selecting a method for function 'last_rowsplit': error in evaluating the argument 'obj' in selecting a method for function 'last_rowsplit': could not find function "ref_group_position"
Backtrace:
     x
  1. +-... %&gt;% build_table(adtte, alt_counts_df = adsl) at test-table_dort01.R:29:2
  2. +-rtables::build_table(., adtte, alt_counts_df = adsl)
  3. | \-methods::is(lyt, "PreDataTableLayouts")
  4. +-tern::surv_timepoint(...)
  5. | \-rtables::analyze(...)
  6. |   +-methods::is(last_rowsplit(lyt), "VAnalyzeSplit")
  7. |   \-rtables:::last_rowsplit(lyt)
  8. +-tern::surv_time(...)
  9. | \-rtables::analyze(...)
 10. |   +-methods::is(last_rowsplit(lyt), "VAnalyzeSplit")
 11. |   \-rtables:::last_rowsplit(lyt)
 12. +-tern::analyze_vars(...)
 13. | \-rtables::analyze(...)
 14. |   \-rtables:::next_rpos(lyt, nested)
 15. +-rtables::summarize_row_groups(., format = "xx")
 16. | \-rtables::.add_row_summary(...)
 17. +-rtables::split_rows_by(., "EVNTDESC", split_fun = drop_split_levels)
 18. | \-rtables:::next_rpos(lyt, nested)
 19. +-rtables::split_rows_by(...)
 20. | \-rtables:::next_rpos(lyt, nested)
 21. +-tern::analyze_vars(...)
 22. | \-rtables::analyze(...)
 23. |   +-methods::is(last_rowsplit(lyt), "VAnalyzeSplit")
 24. |   \-rtables:::last_rowsplit(lyt)
 25. +-tern::count_values(...)
 26. | \-rtables::analyze(...)
 27. |   +-methods::is(last_rowsplit(lyt), "VAnalyzeSplit")
 28. |   \-rtables:::last_rowsplit(lyt)
 29. +-rtables::add_colcounts(.)
 30. +-rtables::split_cols_by(...)
 31. | \-rtables::VarLevWBaselineSplit(...)
 32. |   \-methods::new(...)
 33. |     +-methods::initialize(value, ...)
 34. |     \-methods::initialize(value, ...)
 35. +-base::.handleSimpleError(...)
 36. | \-base (local) h(simpleError(msg, call))
 37. +-base::.handleSimpleError(...)
 38. | \-base (local) h(simpleError(msg, call))
 39. +-base::.handleSimpleError(...)
 40. | \-base (local) h(simpleError(msg, call))
 41. +-base::.handleSimpleError(...)
 42. | \-base (local) h(simpleError(msg, call))
 43. +-base::.handleSimpleError(...)
 44. | \-base (local) h(simpleError(msg, call))
 45. +-base::.handleSimpleError(...)
 46. | \-base (local) h(simpleError(msg, call))
 47. +-base::.handleSimpleError(...)
 48. | \-base (local) h(simpleError(msg, call))
 49. \-base::.handleSimpleError(...)
 50.   \-base (local) h(simpleError(msg, call))</error>
    </testcase>
    <testcase time="0.298999999999992" classname="table_dort01" name="DORT01_variant_2_selecting_sectons_is_produced_correctly">
      <error type="error" message="Error in `h(simpleError(msg, call))`: error in evaluating the argument 'obj' in selecting a method for function 'last_rowsplit': error in evaluating the argument 'obj' in selecting a method for function 'last_rowsplit': error in evaluating the argument 'obj' in selecting a method for function 'next_rpos': error in evaluating the argument 'lyt' in selecting a method for function '.add_row_summary': error in evaluating the argument 'obj' in selecting a method for function 'next_rpos': error in evaluating the argument 'obj' in selecting a method for function 'next_rpos': error in evaluating the argument 'obj' in selecting a method for function 'last_rowsplit': error in evaluating the argument 'obj' in selecting a method for function 'last_rowsplit': could not find function &quot;ref_group_position&quot; ('test-table_dort01.R:84:3')">Error in `h(simpleError(msg, call))`: error in evaluating the argument 'obj' in selecting a method for function 'last_rowsplit': error in evaluating the argument 'obj' in selecting a method for function 'last_rowsplit': error in evaluating the argument 'obj' in selecting a method for function 'next_rpos': error in evaluating the argument 'lyt' in selecting a method for function '.add_row_summary': error in evaluating the argument 'obj' in selecting a method for function 'next_rpos': error in evaluating the argument 'obj' in selecting a method for function 'next_rpos': error in evaluating the argument 'obj' in selecting a method for function 'last_rowsplit': error in evaluating the argument 'obj' in selecting a method for function 'last_rowsplit': could not find function "ref_group_position"
Backtrace:
     x
  1. +-... %&gt;% build_table(adtte, alt_counts_df = adsl) at test-table_dort01.R:84:2
  2. +-rtables::build_table(., adtte, alt_counts_df = adsl)
  3. | \-methods::is(lyt, "PreDataTableLayouts")
  4. +-tern::coxph_pairwise(...)
  5. | \-rtables::analyze(...)
  6. |   +-methods::is(last_rowsplit(lyt), "VAnalyzeSplit")
  7. |   \-rtables:::last_rowsplit(lyt)
  8. +-tern::surv_time(...)
  9. | \-rtables::analyze(...)
 10. |   +-methods::is(last_rowsplit(lyt), "VAnalyzeSplit")
 11. |   \-rtables:::last_rowsplit(lyt)
 12. +-tern::analyze_vars(...)
 13. | \-rtables::analyze(...)
 14. |   \-rtables:::next_rpos(lyt, nested)
 15. +-rtables::summarize_row_groups(., format = "xx")
 16. | \-rtables::.add_row_summary(...)
 17. +-rtables::split_rows_by(., "EVNTDESC", split_fun = drop_split_levels)
 18. | \-rtables:::next_rpos(lyt, nested)
 19. +-rtables::split_rows_by(...)
 20. | \-rtables:::next_rpos(lyt, nested)
 21. +-tern::analyze_vars(...)
 22. | \-rtables::analyze(...)
 23. |   +-methods::is(last_rowsplit(lyt), "VAnalyzeSplit")
 24. |   \-rtables:::last_rowsplit(lyt)
 25. +-tern::count_values(...)
 26. | \-rtables::analyze(...)
 27. |   +-methods::is(last_rowsplit(lyt), "VAnalyzeSplit")
 28. |   \-rtables:::last_rowsplit(lyt)
 29. +-rtables::add_colcounts(.)
 30. +-rtables::split_cols_by(...)
 31. | \-rtables::VarLevWBaselineSplit(...)
 32. |   \-methods::new(...)
 33. |     +-methods::initialize(value, ...)
 34. |     \-methods::initialize(value, ...)
 35. +-base::.handleSimpleError(...)
 36. | \-base (local) h(simpleError(msg, call))
 37. +-base::.handleSimpleError(...)
 38. | \-base (local) h(simpleError(msg, call))
 39. +-base::.handleSimpleError(...)
 40. | \-base (local) h(simpleError(msg, call))
 41. +-base::.handleSimpleError(...)
 42. | \-base (local) h(simpleError(msg, call))
 43. +-base::.handleSimpleError(...)
 44. | \-base (local) h(simpleError(msg, call))
 45. +-base::.handleSimpleError(...)
 46. | \-base (local) h(simpleError(msg, call))
 47. +-base::.handleSimpleError(...)
 48. | \-base (local) h(simpleError(msg, call))
 49. \-base::.handleSimpleError(...)
 50.   \-base (local) h(simpleError(msg, call))</error>
    </testcase>
    <testcase time="0.300000000000011" classname="table_dort01" name="DORT01_variant_3_modifying_conftype_and_alpha_level_is_produced_correctly">
      <error type="error" message="Error in `h(simpleError(msg, call))`: error in evaluating the argument 'obj' in selecting a method for function 'last_rowsplit': error in evaluating the argument 'obj' in selecting a method for function 'last_rowsplit': error in evaluating the argument 'obj' in selecting a method for function 'next_rpos': error in evaluating the argument 'lyt' in selecting a method for function '.add_row_summary': error in evaluating the argument 'obj' in selecting a method for function 'next_rpos': error in evaluating the argument 'obj' in selecting a method for function 'next_rpos': error in evaluating the argument 'obj' in selecting a method for function 'last_rowsplit': error in evaluating the argument 'obj' in selecting a method for function 'last_rowsplit': could not find function &quot;ref_group_position&quot; ('test-table_dort01.R:140:3')">Error in `h(simpleError(msg, call))`: error in evaluating the argument 'obj' in selecting a method for function 'last_rowsplit': error in evaluating the argument 'obj' in selecting a method for function 'last_rowsplit': error in evaluating the argument 'obj' in selecting a method for function 'next_rpos': error in evaluating the argument 'lyt' in selecting a method for function '.add_row_summary': error in evaluating the argument 'obj' in selecting a method for function 'next_rpos': error in evaluating the argument 'obj' in selecting a method for function 'next_rpos': error in evaluating the argument 'obj' in selecting a method for function 'last_rowsplit': error in evaluating the argument 'obj' in selecting a method for function 'last_rowsplit': could not find function "ref_group_position"
Backtrace:
     x
  1. +-... %&gt;% build_table(adtte, alt_counts_df = adsl) at test-table_dort01.R:140:2
  2. +-rtables::build_table(., adtte, alt_counts_df = adsl)
  3. | \-methods::is(lyt, "PreDataTableLayouts")
  4. +-tern::surv_timepoint(...)
  5. | \-rtables::analyze(...)
  6. |   +-methods::is(last_rowsplit(lyt), "VAnalyzeSplit")
  7. |   \-rtables:::last_rowsplit(lyt)
  8. +-tern::surv_time(...)
  9. | \-rtables::analyze(...)
 10. |   +-methods::is(last_rowsplit(lyt), "VAnalyzeSplit")
 11. |   \-rtables:::last_rowsplit(lyt)
 12. +-tern::analyze_vars(...)
 13. | \-rtables::analyze(...)
 14. |   \-rtables:::next_rpos(lyt, nested)
 15. +-rtables::summarize_row_groups(., format = "xx")
 16. | \-rtables::.add_row_summary(...)
 17. +-rtables::split_rows_by(., "EVNTDESC", split_fun = drop_split_levels)
 18. | \-rtables:::next_rpos(lyt, nested)
 19. +-rtables::split_rows_by(...)
 20. | \-rtables:::next_rpos(lyt, nested)
 21. +-tern::analyze_vars(...)
 22. | \-rtables::analyze(...)
 23. |   +-methods::is(last_rowsplit(lyt), "VAnalyzeSplit")
 24. |   \-rtables:::last_rowsplit(lyt)
 25. +-tern::count_values(...)
 26. | \-rtables::analyze(...)
 27. |   +-methods::is(last_rowsplit(lyt), "VAnalyzeSplit")
 28. |   \-rtables:::last_rowsplit(lyt)
 29. +-rtables::add_colcounts(.)
 30. +-rtables::split_cols_by(...)
 31. | \-rtables::VarLevWBaselineSplit(...)
 32. |   \-methods::new(...)
 33. |     +-methods::initialize(value, ...)
 34. |     \-methods::initialize(value, ...)
 35. +-base::.handleSimpleError(...)
 36. | \-base (local) h(simpleError(msg, call))
 37. +-base::.handleSimpleError(...)
 38. | \-base (local) h(simpleError(msg, call))
 39. +-base::.handleSimpleError(...)
 40. | \-base (local) h(simpleError(msg, call))
 41. +-base::.handleSimpleError(...)
 42. | \-base (local) h(simpleError(msg, call))
 43. +-base::.handleSimpleError(...)
 44. | \-base (local) h(simpleError(msg, call))
 45. +-base::.handleSimpleError(...)
 46. | \-base (local) h(simpleError(msg, call))
 47. +-base::.handleSimpleError(...)
 48. | \-base (local) h(simpleError(msg, call))
 49. \-base::.handleSimpleError(...)
 50.   \-base (local) h(simpleError(msg, call))</error>
    </testcase>
    <testcase time="0.312999999999988" classname="table_dort01" name="DORT01_variant_4_modifying_time_point_for_the_xx_duration_is_produced_correctly">
      <error type="error" message="Error in `h(simpleError(msg, call))`: error in evaluating the argument 'obj' in selecting a method for function 'last_rowsplit': error in evaluating the argument 'obj' in selecting a method for function 'last_rowsplit': error in evaluating the argument 'obj' in selecting a method for function 'next_rpos': error in evaluating the argument 'lyt' in selecting a method for function '.add_row_summary': error in evaluating the argument 'obj' in selecting a method for function 'next_rpos': error in evaluating the argument 'obj' in selecting a method for function 'next_rpos': error in evaluating the argument 'obj' in selecting a method for function 'last_rowsplit': error in evaluating the argument 'obj' in selecting a method for function 'last_rowsplit': could not find function &quot;ref_group_position&quot; ('test-table_dort01.R:196:3')">Error in `h(simpleError(msg, call))`: error in evaluating the argument 'obj' in selecting a method for function 'last_rowsplit': error in evaluating the argument 'obj' in selecting a method for function 'last_rowsplit': error in evaluating the argument 'obj' in selecting a method for function 'next_rpos': error in evaluating the argument 'lyt' in selecting a method for function '.add_row_summary': error in evaluating the argument 'obj' in selecting a method for function 'next_rpos': error in evaluating the argument 'obj' in selecting a method for function 'next_rpos': error in evaluating the argument 'obj' in selecting a method for function 'last_rowsplit': error in evaluating the argument 'obj' in selecting a method for function 'last_rowsplit': could not find function "ref_group_position"
Backtrace:
     x
  1. +-... %&gt;% build_table(adtte, alt_counts_df = adsl) at test-table_dort01.R:196:2
  2. +-rtables::build_table(., adtte, alt_counts_df = adsl)
  3. | \-methods::is(lyt, "PreDataTableLayouts")
  4. +-tern::surv_timepoint(...)
  5. | \-rtables::analyze(...)
  6. |   +-methods::is(last_rowsplit(lyt), "VAnalyzeSplit")
  7. |   \-rtables:::last_rowsplit(lyt)
  8. +-tern::surv_time(...)
  9. | \-rtables::analyze(...)
 10. |   +-methods::is(last_rowsplit(lyt), "VAnalyzeSplit")
[...]
 12. |   +-methods::is(last_rowsplit(lyt), "VAnalyzeSplit")
 13. |   \-rtables:::last_rowsplit(lyt)
 14. +-tern::analyze_vars(...)
 15. | \-rtables::analyze(...)
 16. |   \-rtables:::next_rpos(lyt, nested)
 17. +-tern::analyze_vars(...)
 18. | \-rtables::analyze(...)
 19. |   +-methods::is(last_rowsplit(lyt), "VAnalyzeSplit")
 20. |   \-rtables:::last_rowsplit(lyt)
 21. +-rtables::add_colcounts(.)
 22. +-rtables::split_cols_by(., "ARM", ref_group = "A: Drug X", split_fun = ref_group_position("first"))
 23. | \-rtables::VarLevWBaselineSplit(...)
 24. |   \-methods::new(...)
 25. |     +-methods::initialize(value, ...)
 26. |     \-methods::initialize(value, ...)
 27. +-base::.handleSimpleError(...)
 28. | \-base (local) h(simpleError(msg, call))
 29. +-base::.handleSimpleError(...)
 30. | \-base (local) h(simpleError(msg, call))
 31. +-base::.handleSimpleError(...)
 32. | \-base (local) h(simpleError(msg, call))
 33. +-base::.handleSimpleError(...)
 34. | \-base (local) h(simpleError(msg, call))
 35. \-base::.handleSimpleError(...)
 36.   \-base (local) h(simpleError(msg, call))</error>
    </testcase>
    <testcase time="0.225999999999999" classname="table_ttet01" name="TTET01_variant_3_modifying_analysis_details_like_conftype_ties_alpha_level">
      <error type="error" message="Error in `h(simpleError(msg, call))`: error in evaluating the argument 'obj' in selecting a method for function 'last_rowsplit': error in evaluating the argument 'obj' in selecting a method for function 'last_rowsplit': error in evaluating the argument 'obj' in selecting a method for function 'last_rowsplit': error in evaluating the argument 'obj' in selecting a method for function 'last_rowsplit': error in evaluating the argument 'obj' in selecting a method for function 'next_rpos': error in evaluating the argument 'lyt' in selecting a method for function '.add_row_summary': error in evaluating the argument 'obj' in selecting a method for function 'next_rpos': error in evaluating the argument 'obj' in selecting a method for function 'next_rpos': error in evaluating the argument 'obj' in selecting a method for function 'last_rowsplit': could not find function &quot;ref_group_position&quot; ('test-table_ttet01.R:192:3')">Error in `h(simpleError(msg, call))`: error in evaluating the argument 'obj' in selecting a method for function 'last_rowsplit': error in evaluating the argument 'obj' in selecting a method for function 'last_rowsplit': error in evaluating the argument 'obj' in selecting a method for function 'last_rowsplit': error in evaluating the argument 'obj' in selecting a method for function 'last_rowsplit': error in evaluating the argument 'obj' in selecting a method for function 'next_rpos': error in evaluating the argument 'lyt' in selecting a method for function '.add_row_summary': error in evaluating the argument 'obj' in selecting a method for function 'next_rpos': error in evaluating the argument 'obj' in selecting a method for function 'next_rpos': error in evaluating the argument 'obj' in selecting a method for function 'last_rowsplit': could not find function "ref_group_position"
Backtrace:
     x
  1. +-... %&gt;% ... at test-table_ttet01.R:192:2
  2. +-tern::surv_timepoint(...)
  3. | \-rtables::analyze(...)
  4. |   +-methods::is(last_rowsplit(lyt), "VAnalyzeSplit")
  5. |   \-rtables:::last_rowsplit(lyt)
  6. +-tern::surv_timepoint(...)
  7. | \-rtables::analyze(...)
  8. |   +-methods::is(last_rowsplit(lyt), "VAnalyzeSplit")
  9. |   \-rtables:::last_rowsplit(lyt)
 10. +-tern::coxph_pairwise(...)
 11. | \-rtables::analyze(...)
 12. |   +-methods::is(last_rowsplit(lyt), "VAnalyzeSplit")
 13. |   \-rtables:::last_rowsplit(lyt)
 14. +-tern::surv_time(...)
 15. | \-rtables::analyze(...)
 16. |   +-methods::is(last_rowsplit(lyt), "VAnalyzeSplit")
 17. |   \-rtables:::last_rowsplit(lyt)
 18. +-tern::analyze_vars(...)
 19. | \-rtables::analyze(...)
 20. |   \-rtables:::next_rpos(lyt, nested)
 21. +-rtables::summarize_row_groups(., format = "xx")
 22. | \-rtables::.add_row_summary(...)
 23. +-rtables::split_rows_by(., "EVNTDESC", split_fun = drop_split_levels)
 24. | \-rtables:::next_rpos(lyt, nested)
 25. +-rtables::split_rows_by(...)
 26. | \-rtables:::next_rpos(lyt, nested)
 27. +-tern::analyze_vars(...)
 28. | \-rtables::analyze(...)
 29. |   +-methods::is(last_rowsplit(lyt), "VAnalyzeSplit")
 30. |   \-rtables:::last_rowsplit(lyt)
 31. +-rtables::add_colcounts(.)
 32. +-rtables::split_cols_by(., "ARM", ref_group = "A: Drug X", split_fun = ref_group_position("first"))
 33. | \-rtables::VarLevWBaselineSplit(...)
 34. |   \-methods::new(...)
 35. |     +-methods::initialize(value, ...)
 36. |     \-methods::initialize(value, ...)
 37. +-base::.handleSimpleError(...)
 38. | \-base (local) h(simpleError(msg, call))
 39. +-base::.handleSimpleError(...)
 40. | \-base (local) h(simpleError(msg, call))
 41. +-base::.handleSimpleError(...)
 42. | \-base (local) h(simpleError(msg, call))
 43. +-base::.handleSimpleError(...)
 44. | \-base (local) h(simpleError(msg, call))
 45. +-base::.handleSimpleError(...)
 46. | \-base (local) h(simpleError(msg, call))
 47. +-base::.handleSimpleError(...)
 48. | \-base (local) h(simpleError(msg, call))
 49. +-base::.handleSimpleError(...)
 50. | \-base (local) h(simpleError(msg, call))
 51. +-base::.handleSimpleError(...)
 52. | \-base (local) h(simpleError(msg, call))
 53. \-base::.handleSimpleError(...)
 54.   \-base (local) h(simpleError(msg, call))</error>
    </testcase>
    <testcase time="0.353000000000009" classname="table_ttet01" name="TTET01_variant_4_with_stratified_analysis">
      <error type="error" message="Error in `h(simpleError(msg, call))`: error in evaluating the argument 'obj' in selecting a method for function 'last_rowsplit': error in evaluating the argument 'obj' in selecting a method for function 'last_rowsplit': error in evaluating the argument 'obj' in selecting a method for function 'last_rowsplit': error in evaluating the argument 'obj' in selecting a method for function 'last_rowsplit': error in evaluating the argument 'obj' in selecting a method for function 'next_rpos': error in evaluating the argument 'lyt' in selecting a method for function '.add_row_summary': error in evaluating the argument 'obj' in selecting a method for function 'next_rpos': error in evaluating the argument 'obj' in selecting a method for function 'next_rpos': error in evaluating the argument 'obj' in selecting a method for function 'last_rowsplit': could not find function &quot;ref_group_position&quot; ('test-table_ttet01.R:258:3')">Error in `h(simpleError(msg, call))`: error in evaluating the argument 'obj' in selecting a method for function 'last_rowsplit': error in evaluating the argument 'obj' in selecting a method for function 'last_rowsplit': error in evaluating the argument 'obj' in selecting a method for function 'last_rowsplit': error in evaluating the argument 'obj' in selecting a method for function 'last_rowsplit': error in evaluating the argument 'obj' in selecting a method for function 'next_rpos': error in evaluating the argument 'lyt' in selecting a method for function '.add_row_summary': error in evaluating the argument 'obj' in selecting a method for function 'next_rpos': error in evaluating the argument 'obj' in selecting a method for function 'next_rpos': error in evaluating the argument 'obj' in selecting a method for function 'last_rowsplit': could not find function "ref_group_position"
Backtrace:
     x
  1. +-... %&gt;% ... at test-table_ttet01.R:258:2
  2. +-tern::surv_timepoint(...)
  3. | \-rtables::analyze(...)
  4. |   +-methods::is(last_rowsplit(lyt), "VAnalyzeSplit")
  5. |   \-rtables:::last_rowsplit(lyt)
  6. +-tern::coxph_pairwise(...)
  7. | \-rtables::analyze(...)
  8. |   +-methods::is(last_rowsplit(lyt), "VAnalyzeSplit")
  9. |   \-rtables:::last_rowsplit(lyt)
 10. +-tern::coxph_pairwise(...)
 11. | \-rtables::analyze(...)
 12. |   +-methods::is(last_rowsplit(lyt), "VAnalyzeSplit")
 13. |   \-rtables:::last_rowsplit(lyt)
 14. +-tern::surv_time(...)
 15. | \-rtables::analyze(...)
 16. |   +-methods::is(last_rowsplit(lyt), "VAnalyzeSplit")
 17. |   \-rtables:::last_rowsplit(lyt)
 18. +-tern::analyze_vars(...)
 19. | \-rtables::analyze(...)
 20. |   \-rtables:::next_rpos(lyt, nested)
 21. +-rtables::summarize_row_groups(., format = "xx")
 22. | \-rtables::.add_row_summary(...)
 23. +-rtables::split_rows_by(., "EVNTDESC", split_fun = drop_split_levels)
 24. | \-rtables:::next_rpos(lyt, nested)
 25. +-rtables::split_rows_by(...)
 26. | \-rtables:::next_rpos(lyt, nested)
 27. +-tern::analyze_vars(...)
 28. | \-rtables::analyze(...)
 29. |   +-methods::is(last_rowsplit(lyt), "VAnalyzeSplit")
 30. |   \-rtables:::last_rowsplit(lyt)
 31. +-rtables::add_colcounts(.)
 32. +-rtables::split_cols_by(., "ARM", ref_group = "A: Drug X", split_fun = ref_group_position("first"))
 33. | \-rtables::VarLevWBaselineSplit(...)
 34. |   \-methods::new(...)
 35. |     +-methods::initialize(value, ...)
 36. |     \-methods::initialize(value, ...)
 37. +-base::.handleSimpleError(...)
 38. | \-base (local) h(simpleError(msg, call))
 39. +-base::.handleSimpleError(...)
 40. | \-base (local) h(simpleError(msg, call))
 41. +-base::.handleSimpleError(...)
 42. | \-base (local) h(simpleError(msg, call))
 43. +-base::.handleSimpleError(...)
 44. | \-base (local) h(simpleError(msg, call))
 45. +-base::.handleSimpleError(...)
 46. | \-base (local) h(simpleError(msg, call))
 47. +-base::.handleSimpleError(...)
 48. | \-base (local) h(simpleError(msg, call))
 49. +-base::.handleSimpleError(...)
 50. | \-base (local) h(simpleError(msg, call))
 51. +-base::.handleSimpleError(...)
 52. | \-base (local) h(simpleError(msg, call))
 53. \-base::.handleSimpleError(...)
 54.   \-base (local) h(simpleError(msg, call))</error>
    </testcase>
    <testcase time="0.282999999999987" classname="table_ttet01" name="TTET01_variant_5_modifying_time_point">
      <error type="error" message="Error in `h(simpleError(msg, call))`: error in evaluating the argument 'obj' in selecting a method for function 'last_rowsplit': error in evaluating the argument 'obj' in selecting a method for function 'last_rowsplit': error in evaluating the argument 'obj' in selecting a method for function 'last_rowsplit': error in evaluating the argument 'obj' in selecting a method for function 'next_rpos': error in evaluating the argument 'lyt' in selecting a method for function '.add_row_summary': error in evaluating the argument 'obj' in selecting a method for function 'next_rpos': error in evaluating the argument 'obj' in selecting a method for function 'next_rpos': error in evaluating the argument 'obj' in selecting a method for function 'last_rowsplit': could not find function &quot;ref_group_position&quot; ('test-table_ttet01.R:319:3')">Error in `h(simpleError(msg, call))`: error in evaluating the argument 'obj' in selecting a method for function 'last_rowsplit': error in evaluating the argument 'obj' in selecting a method for function 'last_rowsplit': error in evaluating the argument 'obj' in selecting a method for function 'last_rowsplit': error in evaluating the argument 'obj' in selecting a method for function 'next_rpos': error in evaluating the argument 'lyt' in selecting a method for function '.add_row_summary': error in evaluating the argument 'obj' in selecting a method for function 'next_rpos': error in evaluating the argument 'obj' in selecting a method for function 'next_rpos': error in evaluating the argument 'obj' in selecting a method for function 'last_rowsplit': could not find function "ref_group_position"
Backtrace:
     x
  1. +-... %&gt;% ... at test-table_ttet01.R:319:2
  2. +-tern::surv_timepoint(...)
  3. | \-rtables::analyze(...)
  4. |   +-methods::is(last_rowsplit(lyt), "VAnalyzeSplit")
  5. |   \-rtables:::last_rowsplit(lyt)
  6. +-tern::coxph_pairwise(...)
  7. | \-rtables::analyze(...)
  8. |   +-methods::is(last_rowsplit(lyt), "VAnalyzeSplit")
  9. |   \-rtables:::last_rowsplit(lyt)
 10. +-tern::surv_time(...)
 11. | \-rtables::analyze(...)
 12. |   +-methods::is(last_rowsplit(lyt), "VAnalyzeSplit")
 13. |   \-rtables:::last_rowsplit(lyt)
 14. +-tern::analyze_vars(...)
 15. | \-rtables::analyze(...)
 16. |   \-rtables:::next_rpos(lyt, nested)
 17. +-rtables::summarize_row_groups(., format = "xx")
 18. | \-rtables::.add_row_summary(...)
 19. +-rtables::split_rows_by(., "EVNTDESC", split_fun = drop_split_levels)
 20. | \-rtables:::next_rpos(lyt, nested)
 21. +-rtables::split_rows_by(...)
 22. | \-rtables:::next_rpos(lyt, nested)
 23. +-tern::analyze_vars(...)
 24. | \-rtables::analyze(...)
 25. |   +-methods::is(last_rowsplit(lyt), "VAnalyzeSplit")
 26. |   \-rtables:::last_rowsplit(lyt)
 27. +-rtables::add_colcounts(.)
 28. +-rtables::split_cols_by(., "ARM", ref_group = "A: Drug X", split_fun = ref_group_position("first"))
 29. | \-rtables::VarLevWBaselineSplit(...)
 30. |   \-methods::new(...)
 31. |     +-methods::initialize(value, ...)
 32. |     \-methods::initialize(value, ...)
 33. +-base::.handleSimpleError(...)
 34. | \-base (local) h(simpleError(msg, call))
 35. +-base::.handleSimpleError(...)
 36. | \-base (local) h(simpleError(msg, call))
 37. +-base::.handleSimpleError(...)
 38. | \-base (local) h(simpleError(msg, call))
 39. +-base::.handleSimpleError(...)
 40. | \-base (local) h(simpleError(msg, call))
 41. +-base::.handleSimpleError(...)
 42. | \-base (local) h(simpleError(msg, call))
 43. +-base::.handleSimpleError(...)
 44. | \-base (local) h(simpleError(msg, call))
 45. +-base::.handleSimpleError(...)
 46. | \-base (local) h(simpleError(msg, call))
 47. \-base::.handleSimpleError(...)
 48.   \-base (local) h(simpleError(msg, call))</error>
    </testcase>
    <testcase time="0.287000000000006" classname="table_ttet01" name="TTET01_variant_6_requesting_more_than_one_p_value">
      <error type="error" message="Error in `h(simpleError(msg, call))`: error in evaluating the argument 'obj' in selecting a method for function 'last_rowsplit': error in evaluating the argument 'obj' in selecting a method for function 'last_rowsplit': error in evaluating the argument 'obj' in selecting a method for function 'last_rowsplit': error in evaluating the argument 'obj' in selecting a method for function 'last_rowsplit': error in evaluating the argument 'obj' in selecting a method for function 'last_rowsplit': error in evaluating the argument 'obj' in selecting a method for function 'next_rpos': error in evaluating the argument 'lyt' in selecting a method for function '.add_row_summary': error in evaluating the argument 'obj' in selecting a method for function 'next_rpos': error in evaluating the argument 'obj' in selecting a method for function 'next_rpos': error in evaluating the argument 'obj' in selecting a method for function 'last_rowsplit': could not find function &quot;ref_group_position&quot; ('test-table_ttet01.R:374:3')">Error in `h(simpleError(msg, call))`: error in evaluating the argument 'obj' in selecting a method for function 'last_rowsplit': error in evaluating the argument 'obj' in selecting a method for function 'last_rowsplit': error in evaluating the argument 'obj' in selecting a method for function 'last_rowsplit': error in evaluating the argument 'obj' in selecting a method for function 'last_rowsplit': error in evaluating the argument 'obj' in selecting a method for function 'last_rowsplit': error in evaluating the argument 'obj' in selecting a method for function 'next_rpos': error in evaluating the argument 'lyt' in selecting a method for function '.add_row_summary': error in evaluating the argument 'obj' in selecting a method for function 'next_rpos': error in evaluating the argument 'obj' in selecting a method for function 'next_rpos': error in evaluating the argument 'obj' in selecting a method for function 'last_rowsplit': could not find function "ref_group_position"
Backtrace:
     x
  1. +-... %&gt;% ... at test-table_ttet01.R:374:2
  2. +-tern::surv_timepoint(...)
  3. | \-rtables::analyze(...)
  4. |   +-methods::is(last_rowsplit(lyt), "VAnalyzeSplit")
  5. |   \-rtables:::last_rowsplit(lyt)
  6. +-tern::coxph_pairwise(...)
  7. | \-rtables::analyze(...)
  8. |   +-methods::is(last_rowsplit(lyt), "VAnalyzeSplit")
  9. |   \-rtables:::last_rowsplit(lyt)
 10. +-tern::coxph_pairwise(...)
 11. | \-rtables::analyze(...)
 12. |   +-methods::is(last_rowsplit(lyt), "VAnalyzeSplit")
 13. |   \-rtables:::last_rowsplit(lyt)
 14. +-tern::coxph_pairwise(...)
 15. | \-rtables::analyze(...)
 16. |   +-methods::is(last_rowsplit(lyt), "VAnalyzeSplit")
 17. |   \-rtables:::last_rowsplit(lyt)
 18. +-tern::surv_time(...)
 19. | \-rtables::analyze(...)
 20. |   +-methods::is(last_rowsplit(lyt), "VAnalyzeSplit")
 21. |   \-rtables:::last_rowsplit(lyt)
 22. +-tern::analyze_vars(...)
 23. | \-rtables::analyze(...)
 24. |   \-rtables:::next_rpos(lyt, nested)
 25. +-rtables::summarize_row_groups(., format = "xx")
 26. | \-rtables::.add_row_summary(...)
 27. +-rtables::split_rows_by(., "EVNTDESC", split_fun = drop_split_levels)
 28. | \-rtables:::next_rpos(lyt, nested)
 29. +-rtables::split_rows_by(...)
 30. | \-rtables:::next_rpos(lyt, nested)
 31. +-tern::analyze_vars(...)
 32. | \-rtables::analyze(...)
 33. |   +-methods::is(last_rowsplit(lyt), "VAnalyzeSplit")
 34. |   \-rtables:::last_rowsplit(lyt)
 35. +-rtables::add_colcounts(.)
 36. +-rtables::split_cols_by(., "ARM", ref_group = "A: Drug X", split_fun = ref_group_position("first"))
 37. | \-rtables::VarLevWBaselineSplit(...)
 38. |   \-methods::new(...)
 39. |     +-methods::initialize(value, ...)
 40. |     \-methods::initialize(value, ...)
 41. +-base::.handleSimpleError(...)
 42. | \-base (local) h(simpleError(msg, call))
 43. +-base::.handleSimpleError(...)
 44. | \-base (local) h(simpleError(msg, call))
 45. +-base::.handleSimpleError(...)
 46. | \-base (local) h(simpleError(msg, call))
 47. +-base::.handleSimpleError(...)
 48. | \-base (local) h(simpleError(msg, call))
 49. +-base::.handleSimpleError(...)
 50. | \-base (local) h(simpleError(msg, call))
 51. +-base::.handleSimpleError(...)
 52. | \-base (local) h(simpleError(msg, call))
 53. +-base::.handleSimpleError(...)
 54. | \-base (local) h(simpleError(msg, call))
 55. +-base::.handleSimpleError(...)
 56. | \-base (local) h(simpleError(msg, call))
 57. +-base::.handleSimpleError(...)
 58. | \-base (local) h(simpleError(msg, call))
 59. \-base::.handleSimpleError(...)
 60.   \-base (local) h(simpleError(msg, call))</error>
    </testcase>
  </testsuite>
  <testsuite name="table_vst01" timestamp="2023-10-31T13:39:14Z" hostname="62aff8d46b9c" tests="2" skipped="1" failures="0" errors="0" time="1.554">
    <testcase time="1.245" classname="table_vst01" name="VST01_default_variant_is_produced_correctly"/>
    <testcase time="0.308999999999997" classname="table_vst01" name="VST01_default_variant_is_produced_correctly">
      <skipped message="Reason: On CRAN ('test-table_vst01.R:99:3')"/>
    </testcase>
  </testsuite>
  <testsuite name="table_vst02" timestamp="2023-10-31T13:39:15Z" hostname="62aff8d46b9c" tests="4" skipped="2" failures="0" errors="0" time="1.084">
    <testcase time="0.501000000000005" classname="table_vst02" name="1._Vital_Sign_Abnormalities_Regardless_of_Abnormality_at_Baseline_VST02_1_"/>
    <testcase time="0.109999999999985" classname="table_vst02" name="1._Vital_Sign_Abnormalities_Regardless_of_Abnormality_at_Baseline_VST02_1_">
      <skipped message="Reason: On CRAN ('test-table_vst02.R:33:3')"/>
    </testcase>
    <testcase time="0.361999999999995" classname="table_vst02" name="2._Vital_Sign_Abnormalities_Among_Subject_Without_Abnormality_at_Baseline_VST02_2_"/>
    <testcase time="0.111000000000018" classname="table_vst02" name="2._Vital_Sign_Abnormalities_Among_Subject_Without_Abnormality_at_Baseline_VST02_2_">
      <skipped message="Reason: On CRAN ('test-table_vst02.R:51:3')"/>
    </testcase>
  </testsuite>
</testsuites>
