<?xml version="1.0" encoding="UTF-8"?>
<testsuites>
  <testsuite name="listing_adal02" timestamp="2023-10-31T13:36:18Z" hostname="62aff8d46b9c" tests="2" skipped="1" failures="0" errors="0" time="0.482">
    <testcase time="0.285" classname="listing_adal02" name="ADAL02_listing_is_produced_correctly"/>
    <testcase time="0.197" classname="listing_adal02" name="ADAL02_listing_is_produced_correctly">
      <skipped message="Reason: On CRAN ('test-listing_adal02.R:109:3')"/>
    </testcase>
  </testsuite>
  <testsuite name="listing_ael01" timestamp="2023-10-31T13:36:19Z" hostname="62aff8d46b9c" tests="2" skipped="1" failures="0" errors="0" time="0.234">
    <testcase time="0.0880000000000001" classname="listing_ael01" name="AEL01_listing_is_produced_correctly"/>
    <testcase time="0.146" classname="listing_ael01" name="AEL01_listing_is_produced_correctly">
      <skipped message="Reason: On CRAN ('test-listing_ael01.R:20:3')"/>
    </testcase>
  </testsuite>
  <testsuite name="listing_ael01_nollt" timestamp="2023-10-31T13:36:19Z" hostname="62aff8d46b9c" tests="2" skipped="1" failures="0" errors="0" time="0.084">
    <testcase time="0.0530000000000008" classname="listing_ael01_nollt" name="AEL01_NOLLT_listing_is_produced_correctly"/>
    <testcase time="0.0309999999999997" classname="listing_ael01_nollt" name="AEL01_NOLLT_listing_is_produced_correctly">
      <skipped message="Reason: On CRAN ('test-listing_ael01_nollt.R:23:3')"/>
    </testcase>
  </testsuite>
  <testsuite name="listing_ael02" timestamp="2023-10-31T13:36:19Z" hostname="62aff8d46b9c" tests="1" skipped="1" failures="0" errors="0" time="0.306">
    <testcase time="0.306" classname="listing_ael02" name="AEL02_listing_is_produced_correctly">
      <skipped message="Reason: On CRAN ('test-listing_ael02.R:60:3')"/>
    </testcase>
  </testsuite>
  <testsuite name="listing_ael02_ed" timestamp="2023-10-31T13:36:19Z" hostname="62aff8d46b9c" tests="1" skipped="1" failures="0" errors="0" time="0.357">
    <testcase time="0.357" classname="listing_ael02_ed" name="AEL02_ED_listing_is_produced_correctly">
      <skipped message="Reason: On CRAN ('test-listing_ael02_ed.R:77:3')"/>
    </testcase>
  </testsuite>
  <testsuite name="listing_ael03" timestamp="2023-10-31T13:36:20Z" hostname="62aff8d46b9c" tests="1" skipped="1" failures="0" errors="0" time="0.294">
    <testcase time="0.294" classname="listing_ael03" name="AEL03_listing_is_produced_correctly">
      <skipped message="Reason: On CRAN ('test-listing_ael03.R:73:3')"/>
    </testcase>
  </testsuite>
  <testsuite name="listing_ael04" timestamp="2023-10-31T13:36:20Z" hostname="62aff8d46b9c" tests="2" skipped="1" failures="0" errors="0" time="0.22">
    <testcase time="0.0440000000000005" classname="listing_ael04" name="AEL04_listing_is_produced_correctly"/>
    <testcase time="0.175999999999999" classname="listing_ael04" name="AEL04_listing_is_produced_correctly">
      <skipped message="Reason: On CRAN ('test-listing_ael04.R:30:3')"/>
    </testcase>
  </testsuite>
  <testsuite name="listing_cml01" timestamp="2023-10-31T13:36:20Z" hostname="62aff8d46b9c" tests="2" skipped="1" failures="0" errors="0" time="0.326">
    <testcase time="0.069" classname="listing_cml01" name="CML01_listing_is_produced_correctly"/>
    <testcase time="0.257000000000001" classname="listing_cml01" name="CML01_listing_is_produced_correctly">
      <skipped message="Reason: On CRAN ('test-listing_cml01.R:41:3')"/>
    </testcase>
  </testsuite>
  <testsuite name="listing_cml02a_gl" timestamp="2023-10-31T13:36:21Z" hostname="62aff8d46b9c" tests="2" skipped="1" failures="0" errors="0" time="0.079">
    <testcase time="0.0369999999999999" classname="listing_cml02a_gl" name="CML02A_GL_listing_is_produced_correctly"/>
    <testcase time="0.0419999999999998" classname="listing_cml02a_gl" name="CML02A_GL_listing_is_produced_correctly">
      <skipped message="Reason: On CRAN ('test-listing_cml02a_gl.R:19:3')"/>
    </testcase>
  </testsuite>
  <testsuite name="listing_cml02b_gl" timestamp="2023-10-31T13:36:21Z" hostname="62aff8d46b9c" tests="2" skipped="1" failures="0" errors="0" time="0.104">
    <testcase time="0.048" classname="listing_cml02b_gl" name="CML02B_GL_listing_is_produced_correctly"/>
    <testcase time="0.056" classname="listing_cml02b_gl" name="CML02B_GL_listing_is_produced_correctly">
      <skipped message="Reason: On CRAN ('test-listing_cml02b_gl.R:22:3')"/>
    </testcase>
  </testsuite>
  <testsuite name="listing_dsl01" timestamp="2023-10-31T13:36:21Z" hostname="62aff8d46b9c" tests="2" skipped="1" failures="0" errors="0" time="0.186">
    <testcase time="0.04" classname="listing_dsl01" name="DSL01_listing_is_produced_correctly"/>
    <testcase time="0.146" classname="listing_dsl01" name="DSL01_listing_is_produced_correctly">
      <skipped message="Reason: On CRAN ('test-listing_dsl01.R:30:3')"/>
    </testcase>
  </testsuite>
  <testsuite name="listing_dsl02" timestamp="2023-10-31T13:36:21Z" hostname="62aff8d46b9c" tests="2" skipped="1" failures="0" errors="0" time="0.079">
    <testcase time="0.0430000000000001" classname="listing_dsl02" name="DSL02_listing_is_produced_correctly"/>
    <testcase time="0.0359999999999996" classname="listing_dsl02" name="DSL02_listing_is_produced_correctly">
      <skipped message="Reason: On CRAN ('test-listing_dsl02.R:36:3')"/>
    </testcase>
  </testsuite>
  <testsuite name="listing_dsur4" timestamp="2023-10-31T13:36:21Z" hostname="62aff8d46b9c" tests="2" skipped="1" failures="0" errors="0" time="0.119">
    <testcase time="0.0350000000000001" classname="listing_dsur4" name="DSUR4_listing_is_produced_correctly"/>
    <testcase time="0.0840000000000005" classname="listing_dsur4" name="DSUR4_listing_is_produced_correctly">
      <skipped message="Reason: On CRAN ('test-listing_dsur4.R:22:3')"/>
    </testcase>
  </testsuite>
  <testsuite name="listing_egl01" timestamp="2023-10-31T13:36:21Z" hostname="62aff8d46b9c" tests="1" skipped="1" failures="0" errors="0" time="0.335">
    <testcase time="0.335" classname="listing_egl01" name="EGL01_listing_is_produced_correctly">
      <skipped message="Reason: On CRAN ('test-listing_egl01.R:61:3')"/>
    </testcase>
  </testsuite>
  <testsuite name="listing_exl01" timestamp="2023-10-31T13:36:22Z" hostname="62aff8d46b9c" tests="1" skipped="1" failures="0" errors="0" time="0.233">
    <testcase time="0.233" classname="listing_exl01" name="EXL01_listing_is_produced_correctly">
      <skipped message="Reason: On CRAN ('test-listing_exl01.R:29:3')"/>
    </testcase>
  </testsuite>
  <testsuite name="listing_lbl01" timestamp="2023-10-31T13:36:22Z" hostname="62aff8d46b9c" tests="1" skipped="1" failures="0" errors="0" time="0.29">
    <testcase time="0.29" classname="listing_lbl01" name="LBL01_listing_is_produced_correctly">
      <skipped message="Reason: On CRAN ('test-listing_lbl01.R:52:3')"/>
    </testcase>
  </testsuite>
  <testsuite name="listing_lbl01_rls" timestamp="2023-10-31T13:36:22Z" hostname="62aff8d46b9c" tests="1" skipped="1" failures="0" errors="0" time="0.281">
    <testcase time="0.281" classname="listing_lbl01_rls" name="LBL01_RLS_listing_is_produced_correctly">
      <skipped message="Reason: On CRAN ('test-listing_lbl01_rls.R:58:3')"/>
    </testcase>
  </testsuite>
  <testsuite name="listing_lbl02a" timestamp="2023-10-31T13:36:22Z" hostname="62aff8d46b9c" tests="2" skipped="1" failures="0" errors="0" time="0.294">
    <testcase time="0.109" classname="listing_lbl02a" name="LBL02A_listing_is_produced_correctly"/>
    <testcase time="0.185" classname="listing_lbl02a" name="LBL02A_listing_is_produced_correctly">
      <skipped message="Reason: On CRAN ('test-listing_lbl02a.R:49:3')"/>
    </testcase>
  </testsuite>
  <testsuite name="listing_lbl02a_rls" timestamp="2023-10-31T13:36:23Z" hostname="62aff8d46b9c" tests="2" skipped="1" failures="0" errors="0" time="0.488">
    <testcase time="0.273" classname="listing_lbl02a_rls" name="LBL02A_RLS_listing_is_produced_correctly"/>
    <testcase time="0.215" classname="listing_lbl02a_rls" name="LBL02A_RLS_listing_is_produced_correctly">
      <skipped message="Reason: On CRAN ('test-listing_lbl02a_rls.R:79:3')"/>
    </testcase>
  </testsuite>
  <testsuite name="listing_lbl02b" timestamp="2023-10-31T13:36:23Z" hostname="62aff8d46b9c" tests="2" skipped="1" failures="0" errors="0" time="0.301">
    <testcase time="0.0990000000000002" classname="listing_lbl02b" name="LBL02B_listing_is_produced_correctly"/>
    <testcase time="0.202" classname="listing_lbl02b" name="LBL02B_listing_is_produced_correctly">
      <skipped message="Reason: On CRAN ('test-listing_lbl02b.R:55:3')"/>
    </testcase>
  </testsuite>
  <testsuite name="listing_mhl01" timestamp="2023-10-31T13:36:23Z" hostname="62aff8d46b9c" tests="2" skipped="1" failures="0" errors="0" time="0.268">
    <testcase time="0.0540000000000003" classname="listing_mhl01" name="MHL01_listing_is_produced_correctly"/>
    <testcase time="0.214" classname="listing_mhl01" name="MHL01_listing_is_produced_correctly">
      <skipped message="Reason: On CRAN ('test-listing_mhl01.R:33:3')"/>
    </testcase>
  </testsuite>
  <testsuite name="listing_oncl01" timestamp="2023-10-31T13:36:24Z" hostname="62aff8d46b9c" tests="1" skipped="1" failures="0" errors="0" time="0.274">
    <testcase time="0.274000000000001" classname="listing_oncl01" name="ONCL01_listing_is_produced_correctly">
      <skipped message="Reason: On CRAN ('test-listing_oncl01.R:61:3')"/>
    </testcase>
  </testsuite>
  <testsuite name="listing_pkcl01" timestamp="2023-10-31T13:36:24Z" hostname="62aff8d46b9c" tests="2" skipped="1" failures="0" errors="0" time="0.195">
    <testcase time="0.052999999999999" classname="listing_pkcl01" name="PKCL01_listing_is_produced_correctly"/>
    <testcase time="0.141999999999999" classname="listing_pkcl01" name="PKCL01_listing_is_produced_correctly">
      <skipped message="Reason: On CRAN ('test-listing_pkcl01.R:28:3')"/>
    </testcase>
  </testsuite>
  <testsuite name="listing_pkcl02" timestamp="2023-10-31T13:36:24Z" hostname="62aff8d46b9c" tests="2" skipped="1" failures="0" errors="0" time="0.323">
    <testcase time="0.077" classname="listing_pkcl02" name="PKCL02_listing_is_produced_correctly"/>
    <testcase time="0.246" classname="listing_pkcl02" name="PKCL02_listing_is_produced_correctly">
      <skipped message="Reason: On CRAN ('test-listing_pkcl02.R:63:3')"/>
    </testcase>
  </testsuite>
  <testsuite name="listing_pkpl01" timestamp="2023-10-31T13:36:24Z" hostname="62aff8d46b9c" tests="2" skipped="1" failures="0" errors="0" time="0.19">
    <testcase time="0.0570000000000004" classname="listing_pkpl01" name="PKPL01_listing_is_produced_correctly"/>
    <testcase time="0.132999999999999" classname="listing_pkpl01" name="PKPL01_listing_is_produced_correctly">
      <skipped message="Reason: On CRAN ('test-listing_pkpl01.R:34:3')"/>
    </testcase>
  </testsuite>
  <testsuite name="listing_pkpl02" timestamp="2023-10-31T13:36:25Z" hostname="62aff8d46b9c" tests="2" skipped="1" failures="0" errors="0" time="0.209">
    <testcase time="0.0690000000000008" classname="listing_pkpl02" name="PKPL02_listing_is_produced_correctly"/>
    <testcase time="0.140000000000001" classname="listing_pkpl02" name="PKPL02_listing_is_produced_correctly">
      <skipped message="Reason: On CRAN ('test-listing_pkpl02.R:35:3')"/>
    </testcase>
  </testsuite>
  <testsuite name="listing_pkpl04" timestamp="2023-10-31T13:36:25Z" hostname="62aff8d46b9c" tests="2" skipped="1" failures="0" errors="0" time="0.23">
    <testcase time="0.0749999999999993" classname="listing_pkpl04" name="PKPL04_listing_is_produced_correctly"/>
    <testcase time="0.154999999999999" classname="listing_pkpl04" name="PKPL04_listing_is_produced_correctly">
      <skipped message="Reason: On CRAN ('test-listing_pkpl04.R:50:3')"/>
    </testcase>
  </testsuite>
  <testsuite name="listing_vsl01" timestamp="2023-10-31T13:36:25Z" hostname="62aff8d46b9c" tests="1" skipped="1" failures="0" errors="0" time="0.504">
    <testcase time="0.504000000000001" classname="listing_vsl01" name="VSL01_listing_is_produced_correctly">
      <skipped message="Reason: On CRAN ('test-listing_vsl01.R:83:3')"/>
    </testcase>
  </testsuite>
  <testsuite name="pagination_listing" timestamp="2023-10-31T13:36:26Z" hostname="62aff8d46b9c" tests="6" skipped="0" failures="0" errors="0" time="2.105">
    <testcase time="0.0549999999999997" classname="pagination_listing" name="Direct_pagination_works_fine"/>
    <testcase time="0.491999999999999" classname="pagination_listing" name="Direct_pagination_works_fine"/>
    <testcase time="0.00500000000000078" classname="pagination_listing" name="Direct_pagination_works_fine"/>
    <testcase time="0.443999999999999" classname="pagination_listing" name="Direct_pagination_works_fine"/>
    <testcase time="1.108" classname="pagination_listing" name="Direct_pagination_works_fine"/>
    <testcase time="0.000999999999999446" classname="pagination_listing" name="Direct_pagination_works_fine"/>
  </testsuite>
  <testsuite name="pagination_table" timestamp="2023-10-31T13:36:29Z" hostname="62aff8d46b9c" tests="21" skipped="6" failures="0" errors="0" time="14.16">
    <testcase time="2.282" classname="pagination_table" name="Direct_pagination_with_standard_values"/>
    <testcase time="0.00600000000000023" classname="pagination_table" name="Direct_pagination_with_standard_values"/>
    <testcase time="0.00500000000000078" classname="pagination_table" name="Direct_pagination_with_standard_values"/>
    <testcase time="1.524" classname="pagination_table" name="Pagination_with_specific_column_widths_and_minimum_lines_per_page"/>
    <testcase time="0.00499999999999901" classname="pagination_table" name="Pagination_with_specific_column_widths_and_minimum_lines_per_page"/>
    <testcase time="0.108000000000001" classname="pagination_table" name="Pagination_with_specific_column_widths_and_minimum_lines_per_page">
      <skipped message="Reason: On CRAN ('test-pagination_table.R:76:3')"/>
    </testcase>
    <testcase time="1.201" classname="pagination_table" name="Pagination_works_also_if_table_is_decorated"/>
    <testcase time="0.673000000000002" classname="pagination_table" name="Pagination_works_also_if_table_is_decorated"/>
    <testcase time="0.978999999999999" classname="pagination_table" name="Pagination_works_also_if_table_is_decorated"/>
    <testcase time="0.794" classname="pagination_table" name="Pagination_works_also_if_table_is_decorated"/>
    <testcase time="1.627" classname="pagination_table" name="Pagination_works_also_if_table_is_decorated"/>
    <testcase time="0.359000000000002" classname="pagination_table" name="Pagination_works_also_if_table_is_decorated"/>
    <testcase time="0.00499999999999901" classname="pagination_table" name="Pagination_works_also_if_table_is_decorated"/>
    <testcase time="0.00900000000000034" classname="pagination_table" name="Pagination_works_also_if_table_is_decorated">
      <skipped message="Reason: On CRAN ('test-pagination_table.R:126:3')"/>
    </testcase>
    <testcase time="0.859999999999999" classname="pagination_table" name="Pagination_works_for_page_types">
      <skipped message="Reason: On CRAN ('test-pagination_table.R:135:3')"/>
    </testcase>
    <testcase time="0.855999999999998" classname="pagination_table" name="Pagination_works_for_page_width_and_height">
      <skipped message="Reason: On CRAN ('test-pagination_table.R:148:3')"/>
    </testcase>
    <testcase time="0.935000000000002" classname="pagination_table" name="Pagination_works_for_page_types">
      <skipped message="Reason: On CRAN ('test-pagination_table.R:162:3')"/>
    </testcase>
    <testcase time="1.087" classname="pagination_table" name="AET04_variant_2_page_by_pagination_tests"/>
    <testcase time="0.719000000000001" classname="pagination_table" name="AET04_variant_2_page_by_pagination_tests"/>
    <testcase time="0.00199999999999889" classname="pagination_table" name="AET04_variant_2_page_by_pagination_tests"/>
    <testcase time="0.123999999999999" classname="pagination_table" name="AET04_variant_2_page_by_pagination_tests">
      <skipped message="Reason: On CRAN ('test-pagination_table.R:217:3')"/>
    </testcase>
  </testsuite>
  <testsuite name="table_adat03" timestamp="2023-10-31T13:36:42Z" hostname="62aff8d46b9c" tests="2" skipped="1" failures="0" errors="0" time="0.655">
    <testcase time="0.542000000000002" classname="table_adat03" name="ADAT03_is_produced_correctly"/>
    <testcase time="0.113" classname="table_adat03" name="ADAT03_is_produced_correctly">
      <skipped message="Reason: On CRAN ('test-table_adat03.R:72:3')"/>
    </testcase>
  </testsuite>
  <testsuite name="table_aet01" timestamp="2023-10-31T13:36:43Z" hostname="62aff8d46b9c" tests="8" skipped="4" failures="0" errors="0" time="2.246">
    <testcase time="0.492999999999999" classname="table_aet01" name="Safety_Summary_Variant_1_works_as_expected"/>
    <testcase time="0.0940000000000012" classname="table_aet01" name="Safety_Summary_Variant_1_works_as_expected">
      <skipped message="Reason: On CRAN ('test-table_aet01.R:105:3')"/>
    </testcase>
    <testcase time="0.587" classname="table_aet01" name="Safety_Summary_Variant_2_with_Medical_Concepts_Section_works_as_expected"/>
    <testcase time="0.103999999999999" classname="table_aet01" name="Safety_Summary_Variant_2_with_Medical_Concepts_Section_works_as_expected">
      <skipped message="Reason: On CRAN ('test-table_aet01.R:171:3')"/>
    </testcase>
    <testcase time="0.338000000000001" classname="table_aet01" name="Safety_Summary_Variant_3_with_Modified_Rows_works_as_expected"/>
    <testcase time="0.0749999999999993" classname="table_aet01" name="Safety_Summary_Variant_3_with_Modified_Rows_works_as_expected">
      <skipped message="Reason: On CRAN ('test-table_aet01.R:232:3')"/>
    </testcase>
    <testcase time="0.443000000000001" classname="table_aet01" name="Safety_Summary_Variant_4_with_Rows_Counting_Events_and_Additional_Sections_works_as_expected"/>
    <testcase time="0.111999999999998" classname="table_aet01" name="Safety_Summary_Variant_4_with_Rows_Counting_Events_and_Additional_Sections_works_as_expected">
      <skipped message="Reason: On CRAN ('test-table_aet01.R:309:3')"/>
    </testcase>
  </testsuite>
  <testsuite name="table_aet01_aesi" timestamp="2023-10-31T13:36:45Z" hostname="62aff8d46b9c" tests="8" skipped="4" failures="0" errors="0" time="2.903">
    <testcase time="0.333000000000002" classname="table_aet01_aesi" name="AET01_AESI_Variant_1_works_as_expected"/>
    <testcase time="0.0899999999999999" classname="table_aet01_aesi" name="AET01_AESI_Variant_1_works_as_expected">
      <skipped message="Reason: On CRAN ('test-table_aet01_aesi.R:115:3')"/>
    </testcase>
    <testcase time="0.556999999999999" classname="table_aet01_aesi" name="AET01_AESI_Variant_2_works_as_expected"/>
    <testcase time="0.148" classname="table_aet01_aesi" name="AET01_AESI_Variant_2_works_as_expected">
      <skipped message="Reason: On CRAN ('test-table_aet01_aesi.R:181:3')"/>
    </testcase>
    <testcase time="0.882000000000001" classname="table_aet01_aesi" name="AET01_AESI_Variant_3_works_as_expected"/>
    <testcase time="0.217999999999996" classname="table_aet01_aesi" name="AET01_AESI_Variant_3_works_as_expected">
      <skipped message="Reason: On CRAN ('test-table_aet01_aesi.R:414:3')"/>
    </testcase>
    <testcase time="0.525000000000006" classname="table_aet01_aesi" name="AET01_AESI_Variant_4_works_as_expected"/>
    <testcase time="0.149999999999999" classname="table_aet01_aesi" name="AET01_AESI_Variant_4_works_as_expected">
      <skipped message="Reason: On CRAN ('test-table_aet01_aesi.R:553:3')"/>
    </testcase>
  </testsuite>
  <testsuite name="table_aet02" timestamp="2023-10-31T13:36:48Z" hostname="62aff8d46b9c" tests="24" skipped="12" failures="0" errors="0" time="8.979">
    <testcase time="0.750999999999998" classname="table_aet02" name="AET02_variant_1_is_produced_correctly"/>
    <testcase time="0.178000000000004" classname="table_aet02" name="AET02_variant_1_is_produced_correctly">
      <skipped message="Reason: On CRAN ('test-table_aet02.R:66:3')"/>
    </testcase>
    <testcase time="0.872999999999998" classname="table_aet02" name="AET02_variant_2_is_produced_correctly"/>
    <testcase time="0.174999999999997" classname="table_aet02" name="AET02_variant_2_is_produced_correctly">
      <skipped message="Reason: On CRAN ('test-table_aet02.R:126:3')"/>
    </testcase>
    <testcase time="0.975999999999999" classname="table_aet02" name="AET02_variant_3_is_produced_correctly"/>
    <testcase time="0.282000000000004" classname="table_aet02" name="AET02_variant_3_is_produced_correctly">
      <skipped message="Reason: On CRAN ('test-table_aet02.R:192:3')"/>
    </testcase>
    <testcase time="0.137" classname="table_aet02" name="AET02_variant_4_is_produced_correctly"/>
    <testcase time="0.0859999999999985" classname="table_aet02" name="AET02_variant_4_is_produced_correctly">
      <skipped message="Reason: On CRAN ('test-table_aet02.R:217:3')"/>
    </testcase>
    <testcase time="0.536000000000001" classname="table_aet02" name="AET02_variant_5_is_produced_correctly"/>
    <testcase time="0.164000000000001" classname="table_aet02" name="AET02_variant_5_is_produced_correctly">
      <skipped message="Reason: On CRAN ('test-table_aet02.R:264:3')"/>
    </testcase>
    <testcase time="0.524000000000001" classname="table_aet02" name="AET02_variant_6_is_produced_correctly"/>
    <testcase time="0.0899999999999963" classname="table_aet02" name="AET02_variant_6_is_produced_correctly">
      <skipped message="Reason: On CRAN ('test-table_aet02.R:311:3')"/>
    </testcase>
    <testcase time="0.956000000000003" classname="table_aet02" name="AET02_variant_7_is_produced_correctly"/>
    <testcase time="0.132999999999996" classname="table_aet02" name="AET02_variant_7_is_produced_correctly">
      <skipped message="Reason: On CRAN ('test-table_aet02.R:374:3')"/>
    </testcase>
    <testcase time="0.544000000000004" classname="table_aet02" name="AET02_variant_8_is_produced_correctly"/>
    <testcase time="0.103000000000002" classname="table_aet02" name="AET02_variant_8_is_produced_correctly">
      <skipped message="Reason: On CRAN ('test-table_aet02.R:421:3')"/>
    </testcase>
    <testcase time="0.521999999999998" classname="table_aet02" name="AET02_variant_9_is_produced_correctly"/>
    <testcase time="0.0889999999999986" classname="table_aet02" name="AET02_variant_9_is_produced_correctly">
      <skipped message="Reason: On CRAN ('test-table_aet02.R:468:3')"/>
    </testcase>
    <testcase time="0.521000000000001" classname="table_aet02" name="AET02_variant_10_is_produced_correctly"/>
    <testcase time="0.0769999999999982" classname="table_aet02" name="AET02_variant_10_is_produced_correctly">
      <skipped message="Reason: On CRAN ('test-table_aet02.R:515:3')"/>
    </testcase>
    <testcase time="0.576000000000001" classname="table_aet02" name="AET02_variant_11_is_produced_correctly"/>
    <testcase time="0.0970000000000013" classname="table_aet02" name="AET02_variant_11_is_produced_correctly">
      <skipped message="Reason: On CRAN ('test-table_aet02.R:562:3')"/>
    </testcase>
    <testcase time="0.522999999999996" classname="table_aet02" name="AET02_variant_12_is_produced_correctly"/>
    <testcase time="0.0660000000000025" classname="table_aet02" name="AET02_variant_12_is_produced_correctly">
      <skipped message="Reason: On CRAN ('test-table_aet02.R:608:3')"/>
    </testcase>
  </testsuite>
  <testsuite name="table_aet02_smq" timestamp="2023-10-31T13:36:57Z" hostname="62aff8d46b9c" tests="4" skipped="2" failures="0" errors="0" time="0.504">
    <testcase time="0.161999999999999" classname="table_aet02_smq" name="AET02SMQ_variant_1_is_produced_correctly"/>
    <testcase time="0.0480000000000018" classname="table_aet02_smq" name="AET02SMQ_variant_1_is_produced_correctly">
      <skipped message="Reason: On CRAN ('test-table_aet02_smq.R:52:3')"/>
    </testcase>
    <testcase time="0.223999999999997" classname="table_aet02_smq" name="AET02SMQ_variant_2_is_produced_correctly"/>
    <testcase time="0.0700000000000003" classname="table_aet02_smq" name="AET02SMQ_variant_2_is_produced_correctly">
      <skipped message="Reason: On CRAN ('test-table_aet02_smq.R:91:3')"/>
    </testcase>
  </testsuite>
  <testsuite name="table_aet03" timestamp="2023-10-31T13:36:57Z" hostname="62aff8d46b9c" tests="2" skipped="1" failures="0" errors="0" time="1.683">
    <testcase time="1.342" classname="table_aet03" name="AET03_variant_1_is_produced_correctly"/>
    <testcase time="0.341000000000001" classname="table_aet03" name="AET03_variant_1_is_produced_correctly">
      <skipped message="Reason: On CRAN ('test-table_aet03.R:77:3')"/>
    </testcase>
  </testsuite>
  <testsuite name="table_aet04" timestamp="2023-10-31T13:37:01Z" hostname="62aff8d46b9c" tests="16" skipped="8" failures="0" errors="0" time="13.512">
    <testcase time="2.018" classname="table_aet04" name="AET04_variant_1_is_produced_correctly"/>
    <testcase time="0.405999999999999" classname="table_aet04" name="AET04_variant_1_is_produced_correctly">
      <skipped message="Reason: On CRAN ('test-table_aet04.R:106:3')"/>
    </testcase>
    <testcase time="1.771" classname="table_aet04" name="AET04_variant_2_is_produced_correctly_Fill_in_of_Treatment_Groups_"/>
    <testcase time="0.395000000000003" classname="table_aet04" name="AET04_variant_2_is_produced_correctly_Fill_in_of_Treatment_Groups_">
      <skipped message="Reason: On CRAN ('test-table_aet04.R:188:3')"/>
    </testcase>
    <testcase time="2.01" classname="table_aet04" name="AET04_variant_3_is_produced_correctly_Fill_in_of_Grades_"/>
    <testcase time="0.792999999999999" classname="table_aet04" name="AET04_variant_3_is_produced_correctly_Fill_in_of_Grades_">
      <skipped message="Reason: On CRAN ('test-table_aet04.R:267:3')"/>
    </testcase>
    <testcase time="2.011" classname="table_aet04" name="AET04_variant_4_is_produced_correctly_Collapsing_of_Grades_grades_1_2_grades_3_4_5_"/>
    <testcase time="0.411999999999999" classname="table_aet04" name="AET04_variant_4_is_produced_correctly_Collapsing_of_Grades_grades_1_2_grades_3_4_5_">
      <skipped message="Reason: On CRAN ('test-table_aet04.R:352:3')"/>
    </testcase>
    <testcase time="2.087" classname="table_aet04" name="AET04_variant_6_is_produced_correctly_with_an_Incidence_Rate_of_at_Least_5_totals_restricted_"/>
    <testcase time="0.376999999999995" classname="table_aet04" name="AET04_variant_6_is_produced_correctly_with_an_Incidence_Rate_of_at_Least_5_totals_restricted_">
      <skipped message="Reason: On CRAN ('test-table_aet04.R:463:5')"/>
    </testcase>
    <testcase time="0.0339999999999989" classname="table_aet04" name="AET04_variant_8_is_produced_correctly_with_an_Incidence_Rate_of_at_Least_X_Patients_"/>
    <testcase time="0.376000000000005" classname="table_aet04" name="AET04_variant_8_is_produced_correctly_with_an_Incidence_Rate_of_at_Least_X_Patients_">
      <skipped message="Reason: On CRAN ('test-table_aet04.R:484:3')"/>
    </testcase>
    <testcase time="0.0259999999999962" classname="table_aet04" name="AET04_variant_9_is_produced_correctly_with_a_Difference_in_Incidence_Rate_of_at_Least_X_"/>
    <testcase time="0.385000000000005" classname="table_aet04" name="AET04_variant_9_is_produced_correctly_with_a_Difference_in_Incidence_Rate_of_at_Least_X_">
      <skipped message="Reason: On CRAN ('test-table_aet04.R:500:3')"/>
    </testcase>
    <testcase time="0.0249999999999986" classname="table_aet04" name="AET04_variant_11_is_produced_correctly_with_Incidence_Rate_of_at_Least_X_all_SOCs_w_o_preferred_terms_removed_"/>
    <testcase time="0.385999999999996" classname="table_aet04" name="AET04_variant_11_is_produced_correctly_with_Incidence_Rate_of_at_Least_X_all_SOCs_w_o_preferred_terms_removed_">
      <skipped message="Reason: On CRAN ('test-table_aet04.R:522:5')"/>
    </testcase>
  </testsuite>
  <testsuite name="table_aet04_pi" timestamp="2023-10-31T13:37:12Z" hostname="62aff8d46b9c" tests="18" skipped="9" failures="0" errors="0" time="8.035">
    <testcase time="0.743000000000002" classname="table_aet04_pi" name="AET04_PI_full_table_is_produced_correctly"/>
    <testcase time="0.204000000000001" classname="table_aet04_pi" name="AET04_PI_full_table_is_produced_correctly">
      <skipped message="Reason: On CRAN ('test-table_aet04_pi.R:62:3')"/>
    </testcase>
    <testcase time="0.814999999999998" classname="table_aet04_pi" name="AET04_PI_variant_1_is_produced_correctly"/>
    <testcase time="0.154000000000003" classname="table_aet04_pi" name="AET04_PI_variant_1_is_produced_correctly">
      <skipped message="Reason: On CRAN ('test-table_aet04_pi.R:84:3')"/>
    </testcase>
    <testcase time="0.887999999999998" classname="table_aet04_pi" name="AET04_PI_variant_2_is_produced_correctly"/>
    <testcase time="0.0810000000000031" classname="table_aet04_pi" name="AET04_PI_variant_2_is_produced_correctly">
      <skipped message="Reason: On CRAN ('test-table_aet04_pi.R:107:3')"/>
    </testcase>
    <testcase time="0.787999999999997" classname="table_aet04_pi" name="AET04_PI_variant_3_is_produced_correctly"/>
    <testcase time="0.0940000000000012" classname="table_aet04_pi" name="AET04_PI_variant_3_is_produced_correctly">
      <skipped message="Reason: On CRAN ('test-table_aet04_pi.R:130:3')"/>
    </testcase>
    <testcase time="0.789000000000001" classname="table_aet04_pi" name="AET04_PI_variant_4_is_produced_correctly"/>
    <testcase time="0.070999999999998" classname="table_aet04_pi" name="AET04_PI_variant_4_is_produced_correctly">
      <skipped message="Reason: On CRAN ('test-table_aet04_pi.R:154:3')"/>
    </testcase>
    <testcase time="0.789999999999999" classname="table_aet04_pi" name="AET04_PI_variant_5_is_produced_correctly"/>
    <testcase time="0.118000000000002" classname="table_aet04_pi" name="AET04_PI_variant_5_is_produced_correctly">
      <skipped message="Reason: On CRAN ('test-table_aet04_pi.R:178:3')"/>
    </testcase>
    <testcase time="0.980999999999995" classname="table_aet04_pi" name="AET04_PI_variant_6_is_produced_correctly"/>
    <testcase time="0.126000000000005" classname="table_aet04_pi" name="AET04_PI_variant_6_is_produced_correctly">
      <skipped message="Reason: On CRAN ('test-table_aet04_pi.R:229:3')"/>
    </testcase>
    <testcase time="0.99199999999999" classname="table_aet04_pi" name="AET04_PI_variant_7_is_produced_correctly"/>
    <testcase time="0.110000000000014" classname="table_aet04_pi" name="AET04_PI_variant_7_is_produced_correctly">
      <skipped message="Reason: On CRAN ('test-table_aet04_pi.R:280:3')"/>
    </testcase>
    <testcase time="0.171999999999997" classname="table_aet04_pi" name="AET04_PI_variant_8_is_produced_correctly"/>
    <testcase time="0.119" classname="table_aet04_pi" name="AET04_PI_variant_8_is_produced_correctly">
      <skipped message="Reason: On CRAN ('test-table_aet04_pi.R:314:3')"/>
    </testcase>
  </testsuite>
  <testsuite name="table_aet05" timestamp="2023-10-31T13:37:20Z" hostname="62aff8d46b9c" tests="4" skipped="2" failures="0" errors="0" time="0.323">
    <testcase time="0.158999999999992" classname="table_aet05" name="AET05_variant_1_is_produced_correctly"/>
    <testcase time="0.0390000000000015" classname="table_aet05" name="AET05_variant_1_is_produced_correctly">
      <skipped message="Reason: On CRAN ('test-table_aet05.R:25:3')"/>
    </testcase>
    <testcase time="0.0760000000000076" classname="table_aet05" name="AET05_variant_2_is_produced_correctly"/>
    <testcase time="0.0489999999999924" classname="table_aet05" name="AET05_variant_2_is_produced_correctly">
      <skipped message="Reason: On CRAN ('test-table_aet05.R:40:3')"/>
    </testcase>
  </testsuite>
  <testsuite name="table_aet05_all" timestamp="2023-10-31T13:37:21Z" hostname="62aff8d46b9c" tests="4" skipped="2" failures="0" errors="0" time="0.292">
    <testcase time="0.132000000000005" classname="table_aet05_all" name="AET05_ALL_variant_1_is_produced_correctly"/>
    <testcase time="0.039999999999992" classname="table_aet05_all" name="AET05_ALL_variant_1_is_produced_correctly">
      <skipped message="Reason: On CRAN ('test-table_aet05_all.R:32:3')"/>
    </testcase>
    <testcase time="0.0690000000000026" classname="table_aet05_all" name="AET05_ALL_variant_2_is_produced_correctly"/>
    <testcase time="0.0510000000000019" classname="table_aet05_all" name="AET05_ALL_variant_2_is_produced_correctly">
      <skipped message="Reason: On CRAN ('test-table_aet05_all.R:47:3')"/>
    </testcase>
  </testsuite>
  <testsuite name="table_aet06" timestamp="2023-10-31T13:37:21Z" hostname="62aff8d46b9c" tests="6" skipped="3" failures="0" errors="0" time="4.996">
    <testcase time="0.912999999999997" classname="table_aet06" name="AET06_variant_1_is_produced_correctly"/>
    <testcase time="0.227000000000004" classname="table_aet06" name="AET06_variant_1_is_produced_correctly">
      <skipped message="Reason: On CRAN ('test-table_aet06.R:81:3')"/>
    </testcase>
    <testcase time="1.55800000000001" classname="table_aet06" name="AET06_variant_3_is_produced_correctly"/>
    <testcase time="0.35499999999999" classname="table_aet06" name="AET06_variant_3_is_produced_correctly">
      <skipped message="Reason: On CRAN ('test-table_aet06.R:133:3')"/>
    </testcase>
    <testcase time="1.571" classname="table_aet06" name="AET06_variant_5_is_produced_correctly"/>
    <testcase time="0.372" classname="table_aet06" name="AET06_variant_5_is_produced_correctly">
      <skipped message="Reason: On CRAN ('test-table_aet06.R:177:3')"/>
    </testcase>
  </testsuite>
  <testsuite name="table_aet06_smq" timestamp="2023-10-31T13:37:26Z" hostname="62aff8d46b9c" tests="4" skipped="2" failures="0" errors="0" time="1.518">
    <testcase time="0.576000000000008" classname="table_aet06_smq" name="AET06_SMQ_variant_1_is_produced_correctly"/>
    <testcase time="0.185000000000002" classname="table_aet06_smq" name="AET06_SMQ_variant_1_is_produced_correctly">
      <skipped message="Reason: On CRAN ('test-table_aet06_smq.R:73:3')"/>
    </testcase>
    <testcase time="0.572000000000003" classname="table_aet06_smq" name="AET06_SMQ_variant_2_is_produced_correctly"/>
    <testcase time="0.184999999999988" classname="table_aet06_smq" name="AET06_SMQ_variant_2_is_produced_correctly">
      <skipped message="Reason: On CRAN ('test-table_aet06_smq.R:160:3')"/>
    </testcase>
  </testsuite>
  <testsuite name="table_aet07" timestamp="2023-10-31T13:37:27Z" hostname="62aff8d46b9c" tests="4" skipped="2" failures="0" errors="0" time="0.289">
    <testcase time="0.108999999999995" classname="table_aet07" name="AET07_variant_1_is_produced_correctly"/>
    <testcase time="0.034000000000006" classname="table_aet07" name="AET07_variant_1_is_produced_correctly">
      <skipped message="Reason: On CRAN ('test-table_aet07.R:49:3')"/>
    </testcase>
    <testcase time="0.106999999999999" classname="table_aet07" name="AET07_variant_2_is_produced_correctly"/>
    <testcase time="0.0390000000000015" classname="table_aet07" name="AET07_variant_2_is_produced_correctly">
      <skipped message="Reason: On CRAN ('test-table_aet07.R:78:3')"/>
    </testcase>
  </testsuite>
  <testsuite name="table_aet09" timestamp="2023-10-31T13:37:28Z" hostname="62aff8d46b9c" tests="4" skipped="2" failures="0" errors="0" time="1.443">
    <testcase time="0.495999999999995" classname="table_aet09" name="AET09_variant_1_is_produced_correctly_AE_related_to_study_drug"/>
    <testcase time="0.13600000000001" classname="table_aet09" name="AET09_variant_1_is_produced_correctly_AE_related_to_study_drug">
      <skipped message="Reason: On CRAN ('test-table_aet09.R:43:3')"/>
    </testcase>
    <testcase time="0.640000000000001" classname="table_aet09" name="AET09_variant_2_is_produced_correctly_AE_related_to_study_drug_including_high_level_terms_"/>
    <testcase time="0.170999999999992" classname="table_aet09" name="AET09_variant_2_is_produced_correctly_AE_related_to_study_drug_including_high_level_terms_">
      <skipped message="Reason: On CRAN ('test-table_aet09.R:100:3')"/>
    </testcase>
  </testsuite>
  <testsuite name="table_aet09_smq" timestamp="2023-10-31T13:37:29Z" hostname="62aff8d46b9c" tests="4" skipped="2" failures="0" errors="0" time="0.642">
    <testcase time="0.180999999999997" classname="table_aet09_smq" name="AET09_variant_1_AEs_related_to_study_drug_by_SMQ_is_produced_correctly"/>
    <testcase time="0.0559999999999974" classname="table_aet09_smq" name="AET09_variant_1_AEs_related_to_study_drug_by_SMQ_is_produced_correctly">
      <skipped message="Reason: On CRAN ('test-table_aet09_smq.R:69:3')"/>
    </testcase>
    <testcase time="0.321000000000012" classname="table_aet09_smq" name="AET09_variant_2_AEs_related_to_study_drug_by_SMQ_with_customized_queries_is_produced_correctly"/>
    <testcase time="0.083999999999989" classname="table_aet09_smq" name="AET09_variant_2_AEs_related_to_study_drug_by_SMQ_with_customized_queries_is_produced_correctly">
      <skipped message="Reason: On CRAN ('test-table_aet09_smq.R:128:5')"/>
    </testcase>
  </testsuite>
  <testsuite name="table_aet10" timestamp="2023-10-31T13:37:30Z" hostname="62aff8d46b9c" tests="2" skipped="1" failures="0" errors="0" time="0.18">
    <testcase time="0.118000000000009" classname="table_aet10" name="AET10_default_variant_is_produced_correctly"/>
    <testcase time="0.0619999999999976" classname="table_aet10" name="AET10_default_variant_is_produced_correctly">
      <skipped message="Reason: On CRAN ('test-table_aet10.R:23:3')"/>
    </testcase>
  </testsuite>
  <testsuite name="table_aovt01" timestamp="2023-10-31T13:37:30Z" hostname="62aff8d46b9c" tests="2" skipped="0" failures="0" errors="2" time="0.206">
    <testcase time="0.0379999999999967" classname="table_aovt01" name="AOVT01_variant_with_single_endpoint_is_produced_correctly">
      <error type="error" message="Error in `h(simpleError(msg, call))`: error in evaluating the argument 'obj' in selecting a method for function 'last_rowsplit': error in evaluating the argument 'obj' in selecting a method for function 'last_rowsplit': could not find function &quot;ref_group_position&quot; ('test-table_aovt01.R:14:3')">Error in `h(simpleError(msg, call))`: error in evaluating the argument 'obj' in selecting a method for function 'last_rowsplit': error in evaluating the argument 'obj' in selecting a method for function 'last_rowsplit': could not find function "ref_group_position"
Backtrace:
     x
  1. +-... %&gt;% build_table(adqs_single, alt_counts_df = adsl) at test-table_aovt01.R:14:2
  2. +-rtables::build_table(., adqs_single, alt_counts_df = adsl)
  3. | \-methods::is(lyt, "PreDataTableLayouts")
  4. +-tern::summarize_ancova(...)
  5. | \-rtables::analyze(...)
  6. |   +-methods::is(last_rowsplit(lyt), "VAnalyzeSplit")
  7. |   \-rtables:::last_rowsplit(lyt)
  8. +-tern::summarize_ancova(...)
  9. | \-rtables::analyze(...)
 10. |   +-methods::is(last_rowsplit(lyt), "VAnalyzeSplit")
 11. |   \-rtables:::last_rowsplit(lyt)
 12. +-rtables::add_colcounts(.)
 13. +-rtables::split_cols_by(., "ARMCD", ref_group = "ARM A", split_fun = ref_group_position("first"))
 14. | \-rtables::VarLevWBaselineSplit(...)
 15. |   \-methods::new(...)
 16. |     +-methods::initialize(value, ...)
 17. |     \-methods::initialize(value, ...)
 18. +-base::.handleSimpleError(...)
 19. | \-base (local) h(simpleError(msg, call))
 20. \-base::.handleSimpleError(...)
 21.   \-base (local) h(simpleError(msg, call))</error>
    </testcase>
    <testcase time="0.168000000000006" classname="table_aovt01" name="AOVT01_variant_with_multiple_endpoints_is_produced_correctly">
      <error type="error" message="Error in `h(simpleError(msg, call))`: error in evaluating the argument 'obj' in selecting a method for function 'last_rowsplit': error in evaluating the argument 'obj' in selecting a method for function 'next_rpos': could not find function &quot;ref_group_position&quot; ('test-table_aovt01.R:40:3')">Error in `h(simpleError(msg, call))`: error in evaluating the argument 'obj' in selecting a method for function 'last_rowsplit': error in evaluating the argument 'obj' in selecting a method for function 'next_rpos': could not find function "ref_group_position"
Backtrace:
     x
  1. +-... %&gt;% build_table(adqs_multi, alt_counts_df = adsl) at test-table_aovt01.R:40:2
  2. +-rtables::build_table(., adqs_multi, alt_counts_df = adsl)
  3. | \-methods::is(lyt, "PreDataTableLayouts")
  4. +-tern::summarize_ancova(...)
  5. | \-rtables::analyze(...)
  6. |   +-methods::is(last_rowsplit(lyt), "VAnalyzeSplit")
  7. |   \-rtables:::last_rowsplit(lyt)
  8. +-rtables::split_rows_by(., "PARAMCD")
  9. | \-rtables:::next_rpos(lyt, nested)
 10. +-rtables::add_colcounts(.)
 11. +-rtables::split_cols_by(., "ARMCD", ref_group = "ARM A", split_fun = ref_group_position("first"))
 12. | \-rtables::VarLevWBaselineSplit(...)
 13. |   \-methods::new(...)
 14. |     +-methods::initialize(value, ...)
 15. |     \-methods::initialize(value, ...)
 16. +-base::.handleSimpleError(...)
 17. | \-base (local) h(simpleError(msg, call))
 18. \-base::.handleSimpleError(...)
 19.   \-base (local) h(simpleError(msg, call))</error>
    </testcase>
  </testsuite>
  <testsuite name="table_aovt02" timestamp="2023-10-31T13:37:30Z" hostname="62aff8d46b9c" tests="1" skipped="0" failures="0" errors="1" time="0.223">
    <testcase time="0.222999999999999" classname="table_aovt02" name="AOVT02_is_produced_correctly">
      <error type="error" message="Error in `h(simpleError(msg, call))`: error in evaluating the argument 'obj' in selecting a method for function 'last_rowsplit': error in evaluating the argument 'obj' in selecting a method for function 'last_rowsplit': could not find function &quot;ref_group_position&quot; ('test-table_aovt02.R:16:3')">Error in `h(simpleError(msg, call))`: error in evaluating the argument 'obj' in selecting a method for function 'last_rowsplit': error in evaluating the argument 'obj' in selecting a method for function 'last_rowsplit': could not find function "ref_group_position"
Backtrace:
     x
  1. +-... %&gt;% ... at test-table_aovt02.R:16:2
  2. +-tern::summarize_ancova(...)
  3. | \-rtables::analyze(...)
  4. |   +-methods::is(last_rowsplit(lyt), "VAnalyzeSplit")
  5. |   \-rtables:::last_rowsplit(lyt)
  6. +-tern::summarize_ancova(...)
  7. | \-rtables::analyze(...)
  8. |   +-methods::is(last_rowsplit(lyt), "VAnalyzeSplit")
  9. |   \-rtables:::last_rowsplit(lyt)
 10. +-tern::append_varlabels(., adqs_single, "PARAM")
 11. | \-rtables::append_topleft(lyt, lab)
 12. |   +-base::stopifnot(...)
 13. |   \-methods::is(lyt, "PreDataTableLayouts")
 14. +-rtables::split_cols_by(., "ARMCD", ref_group = "ARM A", split_fun = ref_group_position("first"))
 15. | \-rtables::VarLevWBaselineSplit(...)
 16. |   \-methods::new(...)
 17. |     +-methods::initialize(value, ...)
 18. |     \-methods::initialize(value, ...)
 19. +-base::.handleSimpleError(...)
 20. | \-base (local) h(simpleError(msg, call))
 21. \-base::.handleSimpleError(...)
 22.   \-base (local) h(simpleError(msg, call))</error>
    </testcase>
  </testsuite>
  <testsuite name="table_aovt03" timestamp="2023-10-31T13:37:31Z" hostname="62aff8d46b9c" tests="1" skipped="0" failures="0" errors="1" time="0.189">
    <testcase time="0.188999999999993" classname="table_aovt03" name="AOVT03_is_produced_correctly">
      <error type="error" message="Error in `h(simpleError(msg, call))`: error in evaluating the argument 'obj' in selecting a method for function 'last_rowsplit': error in evaluating the argument 'obj' in selecting a method for function 'last_rowsplit': error in evaluating the argument 'obj' in selecting a method for function 'last_rowsplit': error in evaluating the argument 'obj' in selecting a method for function 'next_rpos': could not find function &quot;ref_group_position&quot; ('test-table_aovt03.R:11:3')">Error in `h(simpleError(msg, call))`: error in evaluating the argument 'obj' in selecting a method for function 'last_rowsplit': error in evaluating the argument 'obj' in selecting a method for function 'last_rowsplit': error in evaluating the argument 'obj' in selecting a method for function 'last_rowsplit': error in evaluating the argument 'obj' in selecting a method for function 'next_rpos': could not find function "ref_group_position"
Backtrace:
     x
  1. +-... %&gt;% build_table(adqs_in, alt_counts_df = adsl) at test-table_aovt03.R:11:2
  2. +-rtables::build_table(., adqs_in, alt_counts_df = adsl)
  3. | \-methods::is(lyt, "PreDataTableLayouts")
  4. +-tern::summarize_ancova(...)
  5. | \-rtables::analyze(...)
  6. |   +-methods::is(last_rowsplit(lyt), "VAnalyzeSplit")
  7. |   \-rtables:::last_rowsplit(lyt)
  8. +-tern::summarize_ancova(...)
  9. | \-rtables::analyze(...)
 10. |   +-methods::is(last_rowsplit(lyt), "VAnalyzeSplit")
 11. |   \-rtables:::last_rowsplit(lyt)
 12. +-tern::summarize_ancova(...)
 13. | \-rtables::analyze(...)
 14. |   +-methods::is(last_rowsplit(lyt), "VAnalyzeSplit")
 15. |   \-rtables:::last_rowsplit(lyt)
 16. +-rtables::split_rows_by(., "PARAM", split_fun = drop_split_levels)
 17. | \-rtables:::next_rpos(lyt, nested)
 18. +-rtables::split_cols_by(., "ARMCD", ref_group = "ARM A", split_fun = ref_group_position("first"))
 19. | \-rtables::VarLevWBaselineSplit(...)
 20. |   \-methods::new(...)
 21. |     +-methods::initialize(value, ...)
 22. |     \-methods::initialize(value, ...)
 23. +-base::.handleSimpleError(...)
 24. | \-base (local) h(simpleError(msg, call))
 25. +-base::.handleSimpleError(...)
 26. | \-base (local) h(simpleError(msg, call))
 27. +-base::.handleSimpleError(...)
 28. | \-base (local) h(simpleError(msg, call))
 29. \-base::.handleSimpleError(...)
 30.   \-base (local) h(simpleError(msg, call))</error>
    </testcase>
  </testsuite>
  <testsuite name="table_cfbt01" timestamp="2023-10-31T13:37:31Z" hostname="62aff8d46b9c" tests="2" skipped="1" failures="0" errors="0" time="0.941">
    <testcase time="0.734999999999999" classname="table_cfbt01" name="CFBT01_default_variant_is_produced_correctly"/>
    <testcase time="0.206000000000003" classname="table_cfbt01" name="CFBT01_default_variant_is_produced_correctly">
      <skipped message="Reason: On CRAN ('test-table_cfbt01.R:64:3')"/>
    </testcase>
  </testsuite>
  <testsuite name="table_cmht01" timestamp="2023-10-31T13:37:32Z" hostname="62aff8d46b9c" tests="2" skipped="0" failures="0" errors="2" time="0.385">
    <testcase time="0.137" classname="table_cmht01" name="CMHT01_variant_1_is_produced_correctly">
      <error type="error" message="Error in `h(simpleError(msg, call))`: error in evaluating the argument 'obj' in selecting a method for function 'last_rowsplit': error in evaluating the argument 'obj' in selecting a method for function 'last_rowsplit': error in evaluating the argument 'obj' in selecting a method for function 'last_rowsplit': error in evaluating the argument 'obj' in selecting a method for function 'last_rowsplit': error in evaluating the argument 'obj' in selecting a method for function 'last_rowsplit': error in evaluating the argument 'obj' in selecting a method for function 'last_rowsplit': error in evaluating the argument 'obj' in selecting a method for function 'last_rowsplit': could not find function &quot;ref_group_position&quot; ('test-table_cmht01.R:16:3')">Error in `h(simpleError(msg, call))`: error in evaluating the argument 'obj' in selecting a method for function 'last_rowsplit': error in evaluating the argument 'obj' in selecting a method for function 'last_rowsplit': error in evaluating the argument 'obj' in selecting a method for function 'last_rowsplit': error in evaluating the argument 'obj' in selecting a method for function 'last_rowsplit': error in evaluating the argument 'obj' in selecting a method for function 'last_rowsplit': error in evaluating the argument 'obj' in selecting a method for function 'last_rowsplit': error in evaluating the argument 'obj' in selecting a method for function 'last_rowsplit': could not find function "ref_group_position"
Backtrace:
     x
  1. +-... %&gt;% ... at test-table_cmht01.R:16:2
  2. +-tern::estimate_odds_ratio(...)
  3. | \-rtables::analyze(...)
  4. |   +-methods::is(last_rowsplit(lyt), "VAnalyzeSplit")
  5. |   \-rtables:::last_rowsplit(lyt)
  6. +-tern::test_proportion_diff(...)
  7. | \-rtables::analyze(...)
  8. |   +-methods::is(last_rowsplit(lyt), "VAnalyzeSplit")
  9. |   \-rtables:::last_rowsplit(lyt)
 10. +-tern::estimate_proportion_diff(...)
 11. | \-rtables::analyze(...)
 12. |   +-methods::is(last_rowsplit(lyt), "VAnalyzeSplit")
 13. |   \-rtables:::last_rowsplit(lyt)
 14. +-tern::estimate_odds_ratio(., vars = "is_rsp", table_names = "est_or")
 15. | \-rtables::analyze(...)
 16. |   +-methods::is(last_rowsplit(lyt), "VAnalyzeSplit")
 17. |   \-rtables:::last_rowsplit(lyt)
 18. +-tern::test_proportion_diff(., vars = "is_rsp", table_names = "test_prop")
 19. | \-rtables::analyze(...)
 20. |   +-methods::is(last_rowsplit(lyt), "VAnalyzeSplit")
 21. |   \-rtables:::last_rowsplit(lyt)
 22. +-tern::estimate_proportion_diff(...)
 23. | \-rtables::analyze(...)
 24. |   +-methods::is(last_rowsplit(lyt), "VAnalyzeSplit")
 25. |   \-rtables:::last_rowsplit(lyt)
 26. +-tern::estimate_proportion(., vars = "is_rsp", table_names = "est_prop")
 27. | \-rtables::analyze(...)
 28. |   +-methods::is(last_rowsplit(lyt), "VAnalyzeSplit")
 29. |   \-rtables:::last_rowsplit(lyt)
 30. +-rtables::split_cols_by(...)
 31. | \-rtables::VarLevWBaselineSplit(...)
 32. |   \-methods::new(...)
 33. |     +-methods::initialize(value, ...)
 34. |     \-methods::initialize(value, ...)
 35. +-base::.handleSimpleError(...)
 36. | \-base (local) h(simpleError(msg, call))
 37. +-base::.handleSimpleError(...)
 38. | \-base (local) h(simpleError(msg, call))
 39. +-base::.handleSimpleError(...)
 40. | \-base (local) h(simpleError(msg, call))
 41. +-base::.handleSimpleError(...)
 42. | \-base (local) h(simpleError(msg, call))
 43. +-base::.handleSimpleError(...)
 44. | \-base (local) h(simpleError(msg, call))
 45. +-base::.handleSimpleError(...)
 46. | \-base (local) h(simpleError(msg, call))
 47. \-base::.handleSimpleError(...)
 48.   \-base (local) h(simpleError(msg, call))</error>
    </testcase>
    <testcase time="0.248000000000005" classname="table_cmht01" name="CMHT01_variant_2_is_produced_correctly">
      <error type="error" message="Error in `h(simpleError(msg, call))`: error in evaluating the argument 'obj' in selecting a method for function 'last_rowsplit': error in evaluating the argument 'obj' in selecting a method for function 'last_rowsplit': error in evaluating the argument 'obj' in selecting a method for function 'last_rowsplit': error in evaluating the argument 'obj' in selecting a method for function 'last_rowsplit': error in evaluating the argument 'obj' in selecting a method for function 'last_rowsplit': error in evaluating the argument 'obj' in selecting a method for function 'last_rowsplit': error in evaluating the argument 'obj' in selecting a method for function 'last_rowsplit': error in evaluating the argument 'obj' in selecting a method for function 'next_rpos': could not find function &quot;ref_group_position&quot; ('test-table_cmht01.R:70:3')">Error in `h(simpleError(msg, call))`: error in evaluating the argument 'obj' in selecting a method for function 'last_rowsplit': error in evaluating the argument 'obj' in selecting a method for function 'last_rowsplit': error in evaluating the argument 'obj' in selecting a method for function 'last_rowsplit': error in evaluating the argument 'obj' in selecting a method for function 'last_rowsplit': error in evaluating the argument 'obj' in selecting a method for function 'last_rowsplit': error in evaluating the argument 'obj' in selecting a method for function 'last_rowsplit': error in evaluating the argument 'obj' in selecting a method for function 'last_rowsplit': error in evaluating the argument 'obj' in selecting a method for function 'next_rpos': could not find function "ref_group_position"
Backtrace:
     x
  1. +-... %&gt;% ... at test-table_cmht01.R:70:2
  2. +-tern::estimate_odds_ratio(...)
  3. | \-rtables::analyze(...)
  4. |   +-methods::is(last_rowsplit(lyt), "VAnalyzeSplit")
  5. |   \-rtables:::last_rowsplit(lyt)
  6. +-tern::test_proportion_diff(...)
  7. | \-rtables::analyze(...)
  8. |   +-methods::is(last_rowsplit(lyt), "VAnalyzeSplit")
  9. |   \-rtables:::last_rowsplit(lyt)
 10. +-tern::estimate_proportion_diff(...)
 11. | \-rtables::analyze(...)
 12. |   +-methods::is(last_rowsplit(lyt), "VAnalyzeSplit")
 13. |   \-rtables:::last_rowsplit(lyt)
 14. +-tern::estimate_odds_ratio(., vars = "is_rsp", table_names = "est_or")
 15. | \-rtables::analyze(...)
 16. |   +-methods::is(last_rowsplit(lyt), "VAnalyzeSplit")
 17. |   \-rtables:::last_rowsplit(lyt)
 18. +-tern::test_proportion_diff(., vars = "is_rsp", table_names = "test_prop")
 19. | \-rtables::analyze(...)
 20. |   +-methods::is(last_rowsplit(lyt), "VAnalyzeSplit")
 21. |   \-rtables:::last_rowsplit(lyt)
 22. +-tern::estimate_proportion_diff(...)
 23. | \-rtables::analyze(...)
 24. |   +-methods::is(last_rowsplit(lyt), "VAnalyzeSplit")
 25. |   \-rtables:::last_rowsplit(lyt)
 26. +-tern::estimate_proportion(., vars = "is_rsp", table_names = "est_prop")
 27. | \-rtables::analyze(...)
 28. |   +-methods::is(last_rowsplit(lyt), "VAnalyzeSplit")
 29. |   \-rtables:::last_rowsplit(lyt)
 30. +-rtables::split_rows_by(...)
 31. | \-rtables:::next_rpos(lyt, nested)
 32. +-rtables::split_cols_by(...)
 33. | \-rtables::VarLevWBaselineSplit(...)
 34. |   \-methods::new(...)
 35. |     +-methods::initialize(value, ...)
 36. |     \-methods::initialize(value, ...)
 37. +-base::.handleSimpleError(...)
 38. | \-base (local) h(simpleError(msg, call))
 39. +-base::.handleSimpleError(...)
 40. | \-base (local) h(simpleError(msg, call))
 41. +-base::.handleSimpleError(...)
 42. | \-base (local) h(simpleError(msg, call))
 43. +-base::.handleSimpleError(...)
 44. | \-base (local) h(simpleError(msg, call))
 45. +-base::.handleSimpleError(...)
 46. | \-base (local) h(simpleError(msg, call))
 47. +-base::.handleSimpleError(...)
 48. | \-base (local) h(simpleError(msg, call))
 49. +-base::.handleSimpleError(...)
 50. | \-base (local) h(simpleError(msg, call))
 51. \-base::.handleSimpleError(...)
 52.   \-base (local) h(simpleError(msg, call))</error>
    </testcase>
  </testsuite>
  <testsuite name="table_cmt01" timestamp="2023-10-31T13:37:32Z" hostname="62aff8d46b9c" tests="8" skipped="4" failures="0" errors="0" time="1.934">
    <testcase time="0.581000000000003" classname="table_cmt01" name="CMT01_default_variant_Concomitant_medications_is_produced_correctly"/>
    <testcase time="0.10799999999999" classname="table_cmt01" name="CMT01_default_variant_Concomitant_medications_is_produced_correctly">
      <skipped message="Reason: On CRAN ('test-table_cmt01.R:36:3')"/>
    </testcase>
    <testcase time="0.260000000000005" classname="table_cmt01" name="CMT01_variant_1_prior_medications_is_produced_correctly"/>
    <testcase time="0.0789999999999935" classname="table_cmt01" name="CMT01_variant_1_prior_medications_is_produced_correctly">
      <skipped message="Reason: On CRAN ('test-table_cmt01.R:71:3')"/>
    </testcase>
    <testcase time="0.350000000000009" classname="table_cmt01" name="CMT01_variant_3_Concomitant_medications_is_produced_correctly"/>
    <testcase time="0.090999999999994" classname="table_cmt01" name="CMT01_variant_3_Concomitant_medications_is_produced_correctly">
      <skipped message="Reason: On CRAN ('test-table_cmt01.R:104:3')"/>
    </testcase>
    <testcase time="0.362000000000009" classname="table_cmt01" name="CMT01_variant_4_Concomitant_medications_is_produced_correctly"/>
    <testcase time="0.102999999999994" classname="table_cmt01" name="CMT01_variant_4_Concomitant_medications_is_produced_correctly">
      <skipped message="Reason: On CRAN ('test-table_cmt01.R:135:3')"/>
    </testcase>
  </testsuite>
  <testsuite name="table_cmt01a" timestamp="2023-10-31T13:37:34Z" hostname="62aff8d46b9c" tests="8" skipped="4" failures="0" errors="0" time="3.539">
    <testcase time="0.778000000000006" classname="table_cmt01a" name="CMT01A_variant_1_is_produced_correctly"/>
    <testcase time="0.192999999999998" classname="table_cmt01a" name="CMT01A_variant_1_is_produced_correctly">
      <skipped message="Reason: On CRAN ('test-table_cmt01a.R:59:3')"/>
    </testcase>
    <testcase time="0.676999999999992" classname="table_cmt01a" name="CMT01A_variant_2_is_produced_correctly"/>
    <testcase time="0.192000000000007" classname="table_cmt01a" name="CMT01A_variant_2_is_produced_correctly">
      <skipped message="Reason: On CRAN ('test-table_cmt01a.R:105:3')"/>
    </testcase>
    <testcase time="0.696999999999989" classname="table_cmt01a" name="CMT01A_variant_3_is_produced_correctly"/>
    <testcase time="0.191000000000003" classname="table_cmt01a" name="CMT01A_variant_3_is_produced_correctly">
      <skipped message="Reason: On CRAN ('test-table_cmt01a.R:148:3')"/>
    </testcase>
    <testcase time="0.64800000000001" classname="table_cmt01a" name="CMT01A_variant_4_is_produced_correctly"/>
    <testcase time="0.162999999999997" classname="table_cmt01a" name="CMT01A_variant_4_is_produced_correctly">
      <skipped message="Reason: On CRAN ('test-table_cmt01a.R:193:3')"/>
    </testcase>
  </testsuite>
  <testsuite name="table_cmt01b" timestamp="2023-10-31T13:37:38Z" hostname="62aff8d46b9c" tests="6" skipped="3" failures="0" errors="0" time="4.038">
    <testcase time="1.11499999999999" classname="table_cmt01b" name="CMT01B_variant_1_is_produced_correctly"/>
    <testcase time="0.287999999999997" classname="table_cmt01b" name="CMT01B_variant_1_is_produced_correctly">
      <skipped message="Reason: On CRAN ('test-table_cmt01b.R:88:3')"/>
    </testcase>
    <testcase time="1.009" classname="table_cmt01b" name="CMT01B_variant_2_is_produced_correctly"/>
    <testcase time="0.213000000000008" classname="table_cmt01b" name="CMT01B_variant_2_is_produced_correctly">
      <skipped message="Reason: On CRAN ('test-table_cmt01b.R:146:3')"/>
    </testcase>
    <testcase time="1.11499999999999" classname="table_cmt01b" name="CMT01B_variant_4_is_produced_correctly"/>
    <testcase time="0.298000000000002" classname="table_cmt01b" name="CMT01B_variant_4_is_produced_correctly">
      <skipped message="Reason: On CRAN ('test-table_cmt01b.R:219:3')"/>
    </testcase>
  </testsuite>
  <testsuite name="table_cmt02_pt" timestamp="2023-10-31T13:37:42Z" hostname="62aff8d46b9c" tests="2" skipped="1" failures="0" errors="0" time="0.297">
    <testcase time="0.224000000000004" classname="table_cmt02_pt" name="CMT02_PT_default_variant_is_produced_correctly"/>
    <testcase time="0.0729999999999933" classname="table_cmt02_pt" name="CMT02_PT_default_variant_is_produced_correctly">
      <skipped message="Reason: On CRAN ('test-table_cmt02_pt.R:42:3')"/>
    </testcase>
  </testsuite>
  <testsuite name="table_coxt01" timestamp="2023-10-31T13:37:42Z" hostname="62aff8d46b9c" tests="8" skipped="4" failures="0" errors="0" time="1.942">
    <testcase time="0.323999999999998" classname="table_coxt01" name="1._Cox_Regression"/>
    <testcase time="0.0490000000000066" classname="table_coxt01" name="1._Cox_Regression">
      <skipped message="Reason: On CRAN ('test-table_coxt01.R:31:3')"/>
    </testcase>
    <testcase time="0.441999999999993" classname="table_coxt01" name="2._Cox_Regression_with_Interaction_Term_"/>
    <testcase time="0.0760000000000076" classname="table_coxt01" name="2._Cox_Regression_with_Interaction_Term_">
      <skipped message="Reason: On CRAN ('test-table_coxt01.R:50:3')"/>
    </testcase>
    <testcase time="0.437999999999988" classname="table_coxt01" name="3._Cox_Regression_specifying_covariates_"/>
    <testcase time="0.085000000000008" classname="table_coxt01" name="3._Cox_Regression_specifying_covariates_">
      <skipped message="Reason: On CRAN ('test-table_coxt01.R:71:3')"/>
    </testcase>
    <testcase time="0.435999999999993" classname="table_coxt01" name="4._Cox_Regression_setting_strata_ties_and_alpha_level_"/>
    <testcase time="0.0919999999999987" classname="table_coxt01" name="4._Cox_Regression_setting_strata_ties_and_alpha_level_">
      <skipped message="Reason: On CRAN ('test-table_coxt01.R:97:3')"/>
    </testcase>
  </testsuite>
  <testsuite name="table_coxt02" timestamp="2023-10-31T13:37:44Z" hostname="62aff8d46b9c" tests="4" skipped="2" failures="0" errors="0" time="0.765">
    <testcase time="0.341000000000008" classname="table_coxt02" name="COXT02_default_variant_1_is_produced_correctly"/>
    <testcase time="0.0549999999999926" classname="table_coxt02" name="COXT02_default_variant_1_is_produced_correctly">
      <skipped message="Reason: On CRAN ('test-table_coxt02.R:30:3')"/>
    </testcase>
    <testcase time="0.312000000000012" classname="table_coxt02" name="COXT02_variant_5_is_produced_correctly"/>
    <testcase time="0.0569999999999879" classname="table_coxt02" name="COXT02_variant_5_is_produced_correctly">
      <skipped message="Reason: On CRAN ('test-table_coxt02.R:48:3')"/>
    </testcase>
  </testsuite>
  <testsuite name="table_disclosures" timestamp="2023-10-31T13:37:45Z" hostname="62aff8d46b9c" tests="12" skipped="6" failures="0" errors="0" time="2.022">
    <testcase time="0.200000000000003" classname="table_disclosures" name="Patient_Disposition_table_is_produced_correctly"/>
    <testcase time="0.0790000000000077" classname="table_disclosures" name="Patient_Disposition_table_is_produced_correctly">
      <skipped message="Reason: On CRAN ('test-table_disclosures.R:110:3')"/>
    </testcase>
    <testcase time="0.259" classname="table_disclosures" name="Demographic_table_is_produced_correctly"/>
    <testcase time="0.138999999999996" classname="table_disclosures" name="Demographic_table_is_produced_correctly">
      <skipped message="Reason: On CRAN ('test-table_disclosures.R:131:3')"/>
    </testcase>
    <testcase time="0.108000000000004" classname="table_disclosures" name="Enrollment_by_Country_Table_is_produced_correctly"/>
    <testcase time="0.0729999999999933" classname="table_disclosures" name="Enrollment_by_Country_Table_is_produced_correctly">
      <skipped message="Reason: On CRAN ('test-table_disclosures.R:143:3')"/>
    </testcase>
    <testcase time="0.0970000000000084" classname="table_disclosures" name="Death_table_is_produced_correctly"/>
    <testcase time="0.0309999999999917" classname="table_disclosures" name="Death_table_is_produced_correctly">
      <skipped message="Reason: On CRAN ('test-table_disclosures.R:161:3')"/>
    </testcase>
    <testcase time="0.376999999999995" classname="table_disclosures" name="Table_of_Serious_Adverse_Events_is_produced_correctly_for_one_specific_treatment_arm_"/>
    <testcase time="0.0760000000000076" classname="table_disclosures" name="Table_of_Serious_Adverse_Events_is_produced_correctly_for_one_specific_treatment_arm_">
      <skipped message="Reason: On CRAN ('test-table_disclosures.R:189:3')"/>
    </testcase>
    <testcase time="0.477999999999994" classname="table_disclosures" name="Table_of_Non_Serious_Adverse_Events_is_produced_correctly"/>
    <testcase time="0.105000000000004" classname="table_disclosures" name="Table_of_Non_Serious_Adverse_Events_is_produced_correctly">
      <skipped message="Reason: On CRAN ('test-table_disclosures.R:211:3')"/>
    </testcase>
  </testsuite>
  <testsuite name="table_dmt01" timestamp="2023-10-31T13:37:47Z" hostname="62aff8d46b9c" tests="10" skipped="5" failures="0" errors="0" time="2.144">
    <testcase time="0.471000000000004" classname="table_dmt01" name="DMT01_variant_1_is_produced_correctly"/>
    <testcase time="0.185000000000002" classname="table_dmt01" name="DMT01_variant_1_is_produced_correctly">
      <skipped message="Reason: On CRAN ('test-table_dmt01.R:86:3')"/>
    </testcase>
    <testcase time="0.241" classname="table_dmt01" name="DMT01_variant_2_is_produced_correctly"/>
    <testcase time="0.156999999999996" classname="table_dmt01" name="DMT01_variant_2_is_produced_correctly">
      <skipped message="Reason: On CRAN ('test-table_dmt01.R:109:3')"/>
    </testcase>
    <testcase time="0.281999999999996" classname="table_dmt01" name="DMT01_variant_3_is_produced_correctly"/>
    <testcase time="0.153000000000006" classname="table_dmt01" name="DMT01_variant_3_is_produced_correctly">
      <skipped message="Reason: On CRAN ('test-table_dmt01.R:128:3')"/>
    </testcase>
    <testcase time="0.214999999999989" classname="table_dmt01" name="DMT01_variant_4_is_produced_correctly"/>
    <testcase time="0.141000000000005" classname="table_dmt01" name="DMT01_variant_4_is_produced_correctly">
      <skipped message="Reason: On CRAN ('test-table_dmt01.R:147:3')"/>
    </testcase>
    <testcase time="0.185000000000002" classname="table_dmt01" name="DMT01_variant_5_is_produced_correctly"/>
    <testcase time="0.114000000000004" classname="table_dmt01" name="DMT01_variant_5_is_produced_correctly">
      <skipped message="Reason: On CRAN ('test-table_dmt01.R:165:3')"/>
    </testcase>
  </testsuite>
  <testsuite name="table_dort01" timestamp="2023-10-31T13:37:49Z" hostname="62aff8d46b9c" tests="4" skipped="0" failures="0" errors="4" time="0.968">
    <testcase time="0.0559999999999974" classname="table_dort01" name="DORT01_variant_1_is_produced_correctly">
      <error type="error" message="Error in `h(simpleError(msg, call))`: error in evaluating the argument 'obj' in selecting a method for function 'last_rowsplit': error in evaluating the argument 'obj' in selecting a method for function 'last_rowsplit': error in evaluating the argument 'obj' in selecting a method for function 'next_rpos': error in evaluating the argument 'lyt' in selecting a method for function '.add_row_summary': error in evaluating the argument 'obj' in selecting a method for function 'next_rpos': error in evaluating the argument 'obj' in selecting a method for function 'next_rpos': error in evaluating the argument 'obj' in selecting a method for function 'last_rowsplit': error in evaluating the argument 'obj' in selecting a method for function 'last_rowsplit': could not find function &quot;ref_group_position&quot; ('test-table_dort01.R:29:3')">Error in `h(simpleError(msg, call))`: error in evaluating the argument 'obj' in selecting a method for function 'last_rowsplit': error in evaluating the argument 'obj' in selecting a method for function 'last_rowsplit': error in evaluating the argument 'obj' in selecting a method for function 'next_rpos': error in evaluating the argument 'lyt' in selecting a method for function '.add_row_summary': error in evaluating the argument 'obj' in selecting a method for function 'next_rpos': error in evaluating the argument 'obj' in selecting a method for function 'next_rpos': error in evaluating the argument 'obj' in selecting a method for function 'last_rowsplit': error in evaluating the argument 'obj' in selecting a method for function 'last_rowsplit': could not find function "ref_group_position"
Backtrace:
     x
  1. +-... %&gt;% build_table(adtte, alt_counts_df = adsl) at test-table_dort01.R:29:2
  2. +-rtables::build_table(., adtte, alt_counts_df = adsl)
  3. | \-methods::is(lyt, "PreDataTableLayouts")
  4. +-tern::surv_timepoint(...)
  5. | \-rtables::analyze(...)
  6. |   +-methods::is(last_rowsplit(lyt), "VAnalyzeSplit")
  7. |   \-rtables:::last_rowsplit(lyt)
  8. +-tern::surv_time(...)
  9. | \-rtables::analyze(...)
 10. |   +-methods::is(last_rowsplit(lyt), "VAnalyzeSplit")
 11. |   \-rtables:::last_rowsplit(lyt)
 12. +-tern::analyze_vars(...)
 13. | \-rtables::analyze(...)
 14. |   \-rtables:::next_rpos(lyt, nested)
 15. +-rtables::summarize_row_groups(., format = "xx")
 16. | \-rtables::.add_row_summary(...)
 17. +-rtables::split_rows_by(., "EVNTDESC", split_fun = drop_split_levels)
 18. | \-rtables:::next_rpos(lyt, nested)
 19. +-rtables::split_rows_by(...)
 20. | \-rtables:::next_rpos(lyt, nested)
 21. +-tern::analyze_vars(...)
 22. | \-rtables::analyze(...)
 23. |   +-methods::is(last_rowsplit(lyt), "VAnalyzeSplit")
 24. |   \-rtables:::last_rowsplit(lyt)
 25. +-tern::count_values(...)
 26. | \-rtables::analyze(...)
 27. |   +-methods::is(last_rowsplit(lyt), "VAnalyzeSplit")
 28. |   \-rtables:::last_rowsplit(lyt)
 29. +-rtables::add_colcounts(.)
 30. +-rtables::split_cols_by(...)
 31. | \-rtables::VarLevWBaselineSplit(...)
 32. |   \-methods::new(...)
 33. |     +-methods::initialize(value, ...)
 34. |     \-methods::initialize(value, ...)
 35. +-base::.handleSimpleError(...)
 36. | \-base (local) h(simpleError(msg, call))
 37. +-base::.handleSimpleError(...)
 38. | \-base (local) h(simpleError(msg, call))
 39. +-base::.handleSimpleError(...)
 40. | \-base (local) h(simpleError(msg, call))
 41. +-base::.handleSimpleError(...)
 42. | \-base (local) h(simpleError(msg, call))
 43. +-base::.handleSimpleError(...)
 44. | \-base (local) h(simpleError(msg, call))
 45. +-base::.handleSimpleError(...)
 46. | \-base (local) h(simpleError(msg, call))
 47. +-base::.handleSimpleError(...)
 48. | \-base (local) h(simpleError(msg, call))
 49. \-base::.handleSimpleError(...)
 50.   \-base (local) h(simpleError(msg, call))</error>
    </testcase>
    <testcase time="0.298999999999992" classname="table_dort01" name="DORT01_variant_2_selecting_sectons_is_produced_correctly">
      <error type="error" message="Error in `h(simpleError(msg, call))`: error in evaluating the argument 'obj' in selecting a method for function 'last_rowsplit': error in evaluating the argument 'obj' in selecting a method for function 'last_rowsplit': error in evaluating the argument 'obj' in selecting a method for function 'next_rpos': error in evaluating the argument 'lyt' in selecting a method for function '.add_row_summary': error in evaluating the argument 'obj' in selecting a method for function 'next_rpos': error in evaluating the argument 'obj' in selecting a method for function 'next_rpos': error in evaluating the argument 'obj' in selecting a method for function 'last_rowsplit': error in evaluating the argument 'obj' in selecting a method for function 'last_rowsplit': could not find function &quot;ref_group_position&quot; ('test-table_dort01.R:84:3')">Error in `h(simpleError(msg, call))`: error in evaluating the argument 'obj' in selecting a method for function 'last_rowsplit': error in evaluating the argument 'obj' in selecting a method for function 'last_rowsplit': error in evaluating the argument 'obj' in selecting a method for function 'next_rpos': error in evaluating the argument 'lyt' in selecting a method for function '.add_row_summary': error in evaluating the argument 'obj' in selecting a method for function 'next_rpos': error in evaluating the argument 'obj' in selecting a method for function 'next_rpos': error in evaluating the argument 'obj' in selecting a method for function 'last_rowsplit': error in evaluating the argument 'obj' in selecting a method for function 'last_rowsplit': could not find function "ref_group_position"
Backtrace:
     x
  1. +-... %&gt;% build_table(adtte, alt_counts_df = adsl) at test-table_dort01.R:84:2
  2. +-rtables::build_table(., adtte, alt_counts_df = adsl)
  3. | \-methods::is(lyt, "PreDataTableLayouts")
  4. +-tern::coxph_pairwise(...)
  5. | \-rtables::analyze(...)
  6. |   +-methods::is(last_rowsplit(lyt), "VAnalyzeSplit")
  7. |   \-rtables:::last_rowsplit(lyt)
  8. +-tern::surv_time(...)
  9. | \-rtables::analyze(...)
 10. |   +-methods::is(last_rowsplit(lyt), "VAnalyzeSplit")
 11. |   \-rtables:::last_rowsplit(lyt)
 12. +-tern::analyze_vars(...)
 13. | \-rtables::analyze(...)
 14. |   \-rtables:::next_rpos(lyt, nested)
 15. +-rtables::summarize_row_groups(., format = "xx")
 16. | \-rtables::.add_row_summary(...)
 17. +-rtables::split_rows_by(., "EVNTDESC", split_fun = drop_split_levels)
 18. | \-rtables:::next_rpos(lyt, nested)
 19. +-rtables::split_rows_by(...)
 20. | \-rtables:::next_rpos(lyt, nested)
 21. +-tern::analyze_vars(...)
 22. | \-rtables::analyze(...)
 23. |   +-methods::is(last_rowsplit(lyt), "VAnalyzeSplit")
 24. |   \-rtables:::last_rowsplit(lyt)
 25. +-tern::count_values(...)
 26. | \-rtables::analyze(...)
 27. |   +-methods::is(last_rowsplit(lyt), "VAnalyzeSplit")
 28. |   \-rtables:::last_rowsplit(lyt)
 29. +-rtables::add_colcounts(.)
 30. +-rtables::split_cols_by(...)
 31. | \-rtables::VarLevWBaselineSplit(...)
 32. |   \-methods::new(...)
 33. |     +-methods::initialize(value, ...)
 34. |     \-methods::initialize(value, ...)
 35. +-base::.handleSimpleError(...)
 36. | \-base (local) h(simpleError(msg, call))
 37. +-base::.handleSimpleError(...)
 38. | \-base (local) h(simpleError(msg, call))
 39. +-base::.handleSimpleError(...)
 40. | \-base (local) h(simpleError(msg, call))
 41. +-base::.handleSimpleError(...)
 42. | \-base (local) h(simpleError(msg, call))
 43. +-base::.handleSimpleError(...)
 44. | \-base (local) h(simpleError(msg, call))
 45. +-base::.handleSimpleError(...)
 46. | \-base (local) h(simpleError(msg, call))
 47. +-base::.handleSimpleError(...)
 48. | \-base (local) h(simpleError(msg, call))
 49. \-base::.handleSimpleError(...)
 50.   \-base (local) h(simpleError(msg, call))</error>
    </testcase>
    <testcase time="0.300000000000011" classname="table_dort01" name="DORT01_variant_3_modifying_conftype_and_alpha_level_is_produced_correctly">
      <error type="error" message="Error in `h(simpleError(msg, call))`: error in evaluating the argument 'obj' in selecting a method for function 'last_rowsplit': error in evaluating the argument 'obj' in selecting a method for function 'last_rowsplit': error in evaluating the argument 'obj' in selecting a method for function 'next_rpos': error in evaluating the argument 'lyt' in selecting a method for function '.add_row_summary': error in evaluating the argument 'obj' in selecting a method for function 'next_rpos': error in evaluating the argument 'obj' in selecting a method for function 'next_rpos': error in evaluating the argument 'obj' in selecting a method for function 'last_rowsplit': error in evaluating the argument 'obj' in selecting a method for function 'last_rowsplit': could not find function &quot;ref_group_position&quot; ('test-table_dort01.R:140:3')">Error in `h(simpleError(msg, call))`: error in evaluating the argument 'obj' in selecting a method for function 'last_rowsplit': error in evaluating the argument 'obj' in selecting a method for function 'last_rowsplit': error in evaluating the argument 'obj' in selecting a method for function 'next_rpos': error in evaluating the argument 'lyt' in selecting a method for function '.add_row_summary': error in evaluating the argument 'obj' in selecting a method for function 'next_rpos': error in evaluating the argument 'obj' in selecting a method for function 'next_rpos': error in evaluating the argument 'obj' in selecting a method for function 'last_rowsplit': error in evaluating the argument 'obj' in selecting a method for function 'last_rowsplit': could not find function "ref_group_position"
Backtrace:
     x
  1. +-... %&gt;% build_table(adtte, alt_counts_df = adsl) at test-table_dort01.R:140:2
  2. +-rtables::build_table(., adtte, alt_counts_df = adsl)
  3. | \-methods::is(lyt, "PreDataTableLayouts")
  4. +-tern::surv_timepoint(...)
  5. | \-rtables::analyze(...)
  6. |   +-methods::is(last_rowsplit(lyt), "VAnalyzeSplit")
  7. |   \-rtables:::last_rowsplit(lyt)
  8. +-tern::surv_time(...)
  9. | \-rtables::analyze(...)
 10. |   +-methods::is(last_rowsplit(lyt), "VAnalyzeSplit")
 11. |   \-rtables:::last_rowsplit(lyt)
 12. +-tern::analyze_vars(...)
 13. | \-rtables::analyze(...)
 14. |   \-rtables:::next_rpos(lyt, nested)
 15. +-rtables::summarize_row_groups(., format = "xx")
 16. | \-rtables::.add_row_summary(...)
 17. +-rtables::split_rows_by(., "EVNTDESC", split_fun = drop_split_levels)
 18. | \-rtables:::next_rpos(lyt, nested)
 19. +-rtables::split_rows_by(...)
 20. | \-rtables:::next_rpos(lyt, nested)
 21. +-tern::analyze_vars(...)
 22. | \-rtables::analyze(...)
 23. |   +-methods::is(last_rowsplit(lyt), "VAnalyzeSplit")
 24. |   \-rtables:::last_rowsplit(lyt)
 25. +-tern::count_values(...)
 26. | \-rtables::analyze(...)
 27. |   +-methods::is(last_rowsplit(lyt), "VAnalyzeSplit")
 28. |   \-rtables:::last_rowsplit(lyt)
 29. +-rtables::add_colcounts(.)
 30. +-rtables::split_cols_by(...)
 31. | \-rtables::VarLevWBaselineSplit(...)
 32. |   \-methods::new(...)
 33. |     +-methods::initialize(value, ...)
 34. |     \-methods::initialize(value, ...)
 35. +-base::.handleSimpleError(...)
 36. | \-base (local) h(simpleError(msg, call))
 37. +-base::.handleSimpleError(...)
 38. | \-base (local) h(simpleError(msg, call))
 39. +-base::.handleSimpleError(...)
 40. | \-base (local) h(simpleError(msg, call))
 41. +-base::.handleSimpleError(...)
 42. | \-base (local) h(simpleError(msg, call))
 43. +-base::.handleSimpleError(...)
 44. | \-base (local) h(simpleError(msg, call))
 45. +-base::.handleSimpleError(...)
 46. | \-base (local) h(simpleError(msg, call))
 47. +-base::.handleSimpleError(...)
 48. | \-base (local) h(simpleError(msg, call))
 49. \-base::.handleSimpleError(...)
 50.   \-base (local) h(simpleError(msg, call))</error>
    </testcase>
    <testcase time="0.312999999999988" classname="table_dort01" name="DORT01_variant_4_modifying_time_point_for_the_xx_duration_is_produced_correctly">
      <error type="error" message="Error in `h(simpleError(msg, call))`: error in evaluating the argument 'obj' in selecting a method for function 'last_rowsplit': error in evaluating the argument 'obj' in selecting a method for function 'last_rowsplit': error in evaluating the argument 'obj' in selecting a method for function 'next_rpos': error in evaluating the argument 'lyt' in selecting a method for function '.add_row_summary': error in evaluating the argument 'obj' in selecting a method for function 'next_rpos': error in evaluating the argument 'obj' in selecting a method for function 'next_rpos': error in evaluating the argument 'obj' in selecting a method for function 'last_rowsplit': error in evaluating the argument 'obj' in selecting a method for function 'last_rowsplit': could not find function &quot;ref_group_position&quot; ('test-table_dort01.R:196:3')">Error in `h(simpleError(msg, call))`: error in evaluating the argument 'obj' in selecting a method for function 'last_rowsplit': error in evaluating the argument 'obj' in selecting a method for function 'last_rowsplit': error in evaluating the argument 'obj' in selecting a method for function 'next_rpos': error in evaluating the argument 'lyt' in selecting a method for function '.add_row_summary': error in evaluating the argument 'obj' in selecting a method for function 'next_rpos': error in evaluating the argument 'obj' in selecting a method for function 'next_rpos': error in evaluating the argument 'obj' in selecting a method for function 'last_rowsplit': error in evaluating the argument 'obj' in selecting a method for function 'last_rowsplit': could not find function "ref_group_position"
Backtrace:
     x
  1. +-... %&gt;% build_table(adtte, alt_counts_df = adsl) at test-table_dort01.R:196:2
  2. +-rtables::build_table(., adtte, alt_counts_df = adsl)
  3. | \-methods::is(lyt, "PreDataTableLayouts")
  4. +-tern::surv_timepoint(...)
  5. | \-rtables::analyze(...)
  6. |   +-methods::is(last_rowsplit(lyt), "VAnalyzeSplit")
  7. |   \-rtables:::last_rowsplit(lyt)
  8. +-tern::surv_time(...)
  9. | \-rtables::analyze(...)
 10. |   +-methods::is(last_rowsplit(lyt), "VAnalyzeSplit")
 11. |   \-rtables:::last_rowsplit(lyt)
 12. +-tern::analyze_vars(...)
 13. | \-rtables::analyze(...)
 14. |   \-rtables:::next_rpos(lyt, nested)
 15. +-rtables::summarize_row_groups(., format = "xx")
 16. | \-rtables::.add_row_summary(...)
 17. +-rtables::split_rows_by(., "EVNTDESC", split_fun = drop_split_levels)
 18. | \-rtables:::next_rpos(lyt, nested)
 19. +-rtables::split_rows_by(...)
 20. | \-rtables:::next_rpos(lyt, nested)
 21. +-tern::analyze_vars(...)
 22. | \-rtables::analyze(...)
 23. |   +-methods::is(last_rowsplit(lyt), "VAnalyzeSplit")
 24. |   \-rtables:::last_rowsplit(lyt)
 25. +-tern::count_values(...)
 26. | \-rtables::analyze(...)
 27. |   +-methods::is(last_rowsplit(lyt), "VAnalyzeSplit")
 28. |   \-rtables:::last_rowsplit(lyt)
 29. +-rtables::add_colcounts(.)
 30. +-rtables::split_cols_by(...)
 31. | \-rtables::VarLevWBaselineSplit(...)
 32. |   \-methods::new(...)
 33. |     +-methods::initialize(value, ...)
 34. |     \-methods::initialize(value, ...)
 35. +-base::.handleSimpleError(...)
 36. | \-base (local) h(simpleError(msg, call))
 37. +-base::.handleSimpleError(...)
 38. | \-base (local) h(simpleError(msg, call))
 39. +-base::.handleSimpleError(...)
 40. | \-base (local) h(simpleError(msg, call))
 41. +-base::.handleSimpleError(...)
 42. | \-base (local) h(simpleError(msg, call))
 43. +-base::.handleSimpleError(...)
 44. | \-base (local) h(simpleError(msg, call))
 45. +-base::.handleSimpleError(...)
 46. | \-base (local) h(simpleError(msg, call))
 47. +-base::.handleSimpleError(...)
 48. | \-base (local) h(simpleError(msg, call))
 49. \-base::.handleSimpleError(...)
 50.   \-base (local) h(simpleError(msg, call))</error>
    </testcase>
  </testsuite>
  <testsuite name="table_dst01" timestamp="2023-10-31T13:37:50Z" hostname="62aff8d46b9c" tests="4" skipped="2" failures="0" errors="0" time="0.824">
    <testcase time="0.415000000000006" classname="table_dst01" name="DST01_default_variant_is_produced_correctly"/>
    <testcase time="0.0750000000000028" classname="table_dst01" name="DST01_default_variant_is_produced_correctly">
      <skipped message="Reason: On CRAN ('test-table_dst01.R:45:3')"/>
    </testcase>
    <testcase time="0.250999999999991" classname="table_dst01" name="DST01_variants_2_and_3_are_produced_correctly"/>
    <testcase time="0.0830000000000126" classname="table_dst01" name="DST01_variants_2_and_3_are_produced_correctly">
      <skipped message="Reason: On CRAN ('test-table_dst01.R:71:3')"/>
    </testcase>
  </testsuite>
  <testsuite name="table_dtht01" timestamp="2023-10-31T13:37:50Z" hostname="62aff8d46b9c" tests="8" skipped="4" failures="0" errors="0" time="1.217">
    <testcase time="0.141999999999996" classname="table_dtht01" name="DTHT01_variant_1_is_produced_correctly"/>
    <testcase time="0.0519999999999925" classname="table_dtht01" name="DTHT01_variant_1_is_produced_correctly">
      <skipped message="Reason: On CRAN ('test-table_dtht01.R:23:3')"/>
    </testcase>
    <testcase time="0.305000000000007" classname="table_dtht01" name="DTHT01_variant_2_is_produced_correctly"/>
    <testcase time="0.152000000000001" classname="table_dtht01" name="DTHT01_variant_2_is_produced_correctly">
      <skipped message="Reason: On CRAN ('test-table_dtht01.R:60:3')"/>
    </testcase>
    <testcase time="0.191999999999993" classname="table_dtht01" name="DTHT01_variant_3_is_produced_correctly"/>
    <testcase time="0.0640000000000072" classname="table_dtht01" name="DTHT01_variant_3_is_produced_correctly">
      <skipped message="Reason: On CRAN ('test-table_dtht01.R:104:3')"/>
    </testcase>
    <testcase time="0.225999999999999" classname="table_dtht01" name="DTHT01_variant_4_is_produced_correctly"/>
    <testcase time="0.0840000000000032" classname="table_dtht01" name="DTHT01_variant_4_is_produced_correctly">
      <skipped message="Reason: On CRAN ('test-table_dtht01.R:158:3')"/>
    </testcase>
  </testsuite>
  <testsuite name="table_egt01" timestamp="2023-10-31T13:37:52Z" hostname="62aff8d46b9c" tests="2" skipped="1" failures="0" errors="0" time="1.821">
    <testcase time="1.28399999999999" classname="table_egt01" name="EGT01_default_variant_is_produced_correctly"/>
    <testcase time="0.537000000000006" classname="table_egt01" name="EGT01_default_variant_is_produced_correctly">
      <skipped message="Reason: On CRAN ('test-table_egt01.R:54:3')"/>
    </testcase>
  </testsuite>
  <testsuite name="table_egt02" timestamp="2023-10-31T13:37:54Z" hostname="62aff8d46b9c" tests="4" skipped="2" failures="0" errors="0" time="0.631">
    <testcase time="0.337000000000003" classname="table_egt02" name="_EGT02_1._Regardless_of_Abnormality_at_Baseline"/>
    <testcase time="0.0589999999999975" classname="table_egt02" name="_EGT02_1._Regardless_of_Abnormality_at_Baseline">
      <skipped message="Reason: On CRAN ('test-table_egt02.R:35:3')"/>
    </testcase>
    <testcase time="0.176000000000002" classname="table_egt02" name="_EGT02_2._Among_Subjects_Without_Abnormality_at_Baseline"/>
    <testcase time="0.0589999999999975" classname="table_egt02" name="_EGT02_2._Among_Subjects_Without_Abnormality_at_Baseline">
      <skipped message="Reason: On CRAN ('test-table_egt02.R:55:3')"/>
    </testcase>
  </testsuite>
  <testsuite name="table_egt03" timestamp="2023-10-31T13:37:54Z" hostname="62aff8d46b9c" tests="8" skipped="4" failures="0" errors="0" time="1.435">
    <testcase time="0.259" classname="table_egt03" name="EGT03_variant_1_is_produced_correctly"/>
    <testcase time="0.137" classname="table_egt03" name="EGT03_variant_1_is_produced_correctly">
      <skipped message="Reason: On CRAN ('test-table_egt03.R:50:3')"/>
    </testcase>
    <testcase time="0.225999999999999" classname="table_egt03" name="EGT03_variant_2_is_produced_correctly"/>
    <testcase time="0.097999999999999" classname="table_egt03" name="EGT03_variant_2_is_produced_correctly">
      <skipped message="Reason: On CRAN ('test-table_egt03.R:91:3')"/>
    </testcase>
    <testcase time="0.247" classname="table_egt03" name="EGT03_variant_3_is_produced_correctly"/>
    <testcase time="0.0919999999999987" classname="table_egt03" name="EGT03_variant_3_is_produced_correctly">
      <skipped message="Reason: On CRAN ('test-table_egt03.R:132:3')"/>
    </testcase>
    <testcase time="0.271000000000001" classname="table_egt03" name="EGT03_variant_4_is_produced_correctly"/>
    <testcase time="0.105000000000004" classname="table_egt03" name="EGT03_variant_4_is_produced_correctly">
      <skipped message="Reason: On CRAN ('test-table_egt03.R:179:3')"/>
    </testcase>
  </testsuite>
  <testsuite name="table_egt04" timestamp="2023-10-31T13:37:56Z" hostname="62aff8d46b9c" tests="2" skipped="1" failures="0" errors="0" time="0.286">
    <testcase time="0.213999999999999" classname="table_egt04" name="EGT04_default_variant_is_produced_correctly"/>
    <testcase time="0.0719999999999885" classname="table_egt04" name="EGT04_default_variant_is_produced_correctly">
      <skipped message="Reason: On CRAN ('test-table_egt04.R:51:3')"/>
    </testcase>
  </testsuite>
  <testsuite name="table_egt05_qtcat" timestamp="2023-10-31T13:37:56Z" hostname="62aff8d46b9c" tests="2" skipped="1" failures="0" errors="0" time="0.953">
    <testcase time="0.652000000000001" classname="table_egt05_qtcat" name="EGT05_QTCAT_default_variant_is_produced_correctly"/>
    <testcase time="0.301000000000002" classname="table_egt05_qtcat" name="EGT05_QTCAT_default_variant_is_produced_correctly">
      <skipped message="Reason: On CRAN ('test-table_egt05_qtcat.R:83:3')"/>
    </testcase>
  </testsuite>
  <testsuite name="table_ent" timestamp="2023-10-31T13:37:57Z" hostname="62aff8d46b9c" tests="8" skipped="4" failures="0" errors="0" time="17.382">
    <testcase time="4.486" classname="table_ent" name="ENT01_IT_is_produced_correctly"/>
    <testcase time="0.661000000000001" classname="table_ent" name="ENT01_IT_is_produced_correctly">
      <skipped message="Reason: On CRAN ('test-table_ent.R:24:3')"/>
    </testcase>
    <testcase time="3.03399999999999" classname="table_ent" name="ENT01a_IT_is_produced_correctly"/>
    <testcase time="0.63600000000001" classname="table_ent" name="ENT01a_IT_is_produced_correctly">
      <skipped message="Reason: On CRAN ('test-table_ent.R:40:3')"/>
    </testcase>
    <testcase time="4.636" classname="table_ent" name="ENT02_IT_is_produced_correctly"/>
    <testcase time="0.606999999999999" classname="table_ent" name="ENT02_IT_is_produced_correctly">
      <skipped message="Reason: On CRAN ('test-table_ent.R:61:3')"/>
    </testcase>
    <testcase time="2.749" classname="table_ent" name="ENT02a_IT_is_produced_correctly"/>
    <testcase time="0.573000000000008" classname="table_ent" name="ENT02a_IT_is_produced_correctly">
      <skipped message="Reason: On CRAN ('test-table_ent.R:79:3')"/>
    </testcase>
  </testsuite>
  <testsuite name="table_eudrat01" timestamp="2023-10-31T13:38:14Z" hostname="62aff8d46b9c" tests="2" skipped="1" failures="0" errors="0" time="0.664">
    <testcase time="0.566999999999993" classname="table_eudrat01" name="EUDRAT01_is_produced_correctly"/>
    <testcase time="0.0970000000000084" classname="table_eudrat01" name="EUDRAT01_is_produced_correctly">
      <skipped message="Reason: On CRAN ('test-table_eudrat01.R:77:3')"/>
    </testcase>
  </testsuite>
  <testsuite name="table_eudrat02" timestamp="2023-10-31T13:38:15Z" hostname="62aff8d46b9c" tests="2" skipped="1" failures="0" errors="0" time="0.517">
    <testcase time="0.438999999999993" classname="table_eudrat02" name="EUDRAT02_is_produced_correctly"/>
    <testcase time="0.078000000000003" classname="table_eudrat02" name="EUDRAT02_is_produced_correctly">
      <skipped message="Reason: On CRAN ('test-table_eudrat02.R:44:3')"/>
    </testcase>
  </testsuite>
  <testsuite name="table_ext01" timestamp="2023-10-31T13:38:15Z" hostname="62aff8d46b9c" tests="6" skipped="3" failures="0" errors="0" time="1.799">
    <testcase time="0.432000000000002" classname="table_ext01" name="EXT01_default_variant_with_numeric_parameters_is_produced_correctly"/>
    <testcase time="0.189999999999998" classname="table_ext01" name="EXT01_default_variant_with_numeric_parameters_is_produced_correctly">
      <skipped message="Reason: On CRAN ('test-table_ext01.R:71:3')"/>
    </testcase>
    <testcase time="0.337000000000003" classname="table_ext01" name="EXT01_variant_with_both_numeric_and_categorical_parameters"/>
    <testcase time="0.194999999999993" classname="table_ext01" name="EXT01_variant_with_both_numeric_and_categorical_parameters">
      <skipped message="Reason: On CRAN ('test-table_ext01.R:115:3')"/>
    </testcase>
    <testcase time="0.404000000000011" classname="table_ext01" name="EXT01_variant_with_user_specified_categories_for_missed_doses"/>
    <testcase time="0.241" classname="table_ext01" name="EXT01_variant_with_user_specified_categories_for_missed_doses">
      <skipped message="Reason: On CRAN ('test-table_ext01.R:164:3')"/>
    </testcase>
  </testsuite>
  <testsuite name="table_fstg02" timestamp="2023-10-31T13:38:17Z" hostname="62aff8d46b9c" tests="8" skipped="4" failures="0" errors="0" time="2.243">
    <testcase time="0.549999999999997" classname="table_fstg02" name="FSTG02_table_variant_1_Subgroup_Analysis_of_Survival_Duration_is_produced_correctly"/>
    <testcase time="0.105999999999995" classname="table_fstg02" name="FSTG02_table_variant_1_Subgroup_Analysis_of_Survival_Duration_is_produced_correctly">
      <skipped message="Reason: On CRAN ('test-table_fstg02.R:43:3')"/>
    </testcase>
    <testcase time="0.533000000000001" classname="table_fstg02" name="FSTG02_table_variant_2_specifying_class_variables_and_options_for_the_treatment_variable_"/>
    <testcase time="0.0829999999999984" classname="table_fstg02" name="FSTG02_table_variant_2_specifying_class_variables_and_options_for_the_treatment_variable_">
      <skipped message="Reason: On CRAN ('test-table_fstg02.R:80:3')"/>
    </testcase>
    <testcase time="0.289000000000001" classname="table_fstg02" name="FSTG02_table_variant_3_selecting_columns_and_changing_the_alpha_level_"/>
    <testcase time="0.0559999999999974" classname="table_fstg02" name="FSTG02_table_variant_3_selecting_columns_and_changing_the_alpha_level_">
      <skipped message="Reason: On CRAN ('test-table_fstg02.R:105:3')"/>
    </testcase>
    <testcase time="0.529000000000011" classname="table_fstg02" name="FSTG02_table_variant_4_fixed_symbol_size_is_produced_correctly"/>
    <testcase time="0.0969999999999942" classname="table_fstg02" name="FSTG02_table_variant_4_fixed_symbol_size_is_produced_correctly">
      <skipped message="Reason: On CRAN ('test-table_fstg02.R:135:3')"/>
    </testcase>
  </testsuite>
  <testsuite name="table_lbt01" timestamp="2023-10-31T13:38:20Z" hostname="62aff8d46b9c" tests="2" skipped="1" failures="0" errors="0" time="0.743">
    <testcase time="0.534999999999997" classname="table_lbt01" name="LBT01_default_variant_is_produced_correctly"/>
    <testcase time="0.207999999999998" classname="table_lbt01" name="LBT01_default_variant_is_produced_correctly">
      <skipped message="Reason: On CRAN ('test-table_lbt01.R:59:3')"/>
    </testcase>
  </testsuite>
  <testsuite name="table_lbt02" timestamp="2023-10-31T13:38:20Z" hostname="62aff8d46b9c" tests="2" skipped="1" failures="0" errors="0" time="0.434">
    <testcase time="0.286000000000001" classname="table_lbt02" name="LBT02_default_variant_is_produced_correctly"/>
    <testcase time="0.14800000000001" classname="table_lbt02" name="LBT02_default_variant_is_produced_correctly">
      <skipped message="Reason: On CRAN ('test-table_lbt02.R:19:3')"/>
    </testcase>
  </testsuite>
  <testsuite name="table_lbt03" timestamp="2023-10-31T13:38:21Z" hostname="62aff8d46b9c" tests="2" skipped="1" failures="0" errors="0" time="0.553">
    <testcase time="0.411999999999992" classname="table_lbt03" name="LBT03_default_variant_is_produced_correctly"/>
    <testcase time="0.141000000000005" classname="table_lbt03" name="LBT03_default_variant_is_produced_correctly">
      <skipped message="Reason: On CRAN ('test-table_lbt03.R:29:3')"/>
    </testcase>
  </testsuite>
  <testsuite name="table_lbt04" timestamp="2023-10-31T13:38:21Z" hostname="62aff8d46b9c" tests="2" skipped="1" failures="0" errors="0" time="0.339">
    <testcase time="0.278999999999996" classname="table_lbt04" name="LBT04_default_variant_is_produced_correctly"/>
    <testcase time="0.0600000000000023" classname="table_lbt04" name="LBT04_default_variant_is_produced_correctly">
      <skipped message="Reason: On CRAN ('test-table_lbt04.R:34:3')"/>
    </testcase>
  </testsuite>
  <testsuite name="table_lbt05" timestamp="2023-10-31T13:38:22Z" hostname="62aff8d46b9c" tests="6" skipped="3" failures="0" errors="0" time="1.922">
    <testcase time="0.620000000000005" classname="table_lbt05" name="LBT05_variant_1_is_produced_correctly"/>
    <testcase time="0.11699999999999" classname="table_lbt05" name="LBT05_variant_1_is_produced_correctly">
      <skipped message="Reason: On CRAN ('test-table_lbt05.R:84:3')"/>
    </testcase>
    <testcase time="0.438000000000002" classname="table_lbt05" name="LBT05_variant_2_is_produced_correctly"/>
    <testcase time="0.15100000000001" classname="table_lbt05" name="LBT05_variant_2_is_produced_correctly">
      <skipped message="Reason: On CRAN ('test-table_lbt05.R:106:3')"/>
    </testcase>
    <testcase time="0.477000000000004" classname="table_lbt05" name="LBT05_variant_4_is_produced_correctly"/>
    <testcase time="0.119" classname="table_lbt05" name="LBT05_variant_4_is_produced_correctly">
      <skipped message="Reason: On CRAN ('test-table_lbt05.R:130:3')"/>
    </testcase>
  </testsuite>
  <testsuite name="table_lbt06" timestamp="2023-10-31T13:38:23Z" hostname="62aff8d46b9c" tests="2" skipped="1" failures="0" errors="0" time="0.758">
    <testcase time="0.550999999999988" classname="table_lbt06" name="LBT06_default_variant_is_produced_correctly"/>
    <testcase time="0.206999999999994" classname="table_lbt06" name="LBT06_default_variant_is_produced_correctly">
      <skipped message="Reason: On CRAN ('test-table_lbt06.R:24:3')"/>
    </testcase>
  </testsuite>
  <testsuite name="table_lbt07" timestamp="2023-10-31T13:38:24Z" hostname="62aff8d46b9c" tests="2" skipped="1" failures="0" errors="0" time="0.903">
    <testcase time="0.760999999999996" classname="table_lbt07" name="LBT07_is_produced_correctly"/>
    <testcase time="0.141999999999996" classname="table_lbt07" name="LBT07_is_produced_correctly">
      <skipped message="Reason: On CRAN ('test-table_lbt07.R:83:3')"/>
    </testcase>
  </testsuite>
  <testsuite name="table_lbt08" timestamp="2023-10-31T13:38:25Z" hostname="62aff8d46b9c" tests="2" skipped="1" failures="0" errors="0" time="0.593">
    <testcase time="0.437000000000012" classname="table_lbt08" name="LBT08_produce_correctly"/>
    <testcase time="0.156000000000006" classname="table_lbt08" name="LBT08_produce_correctly">
      <skipped message="Reason: On CRAN ('test-table_lbt08.R:38:3')"/>
    </testcase>
  </testsuite>
  <testsuite name="table_lbt09" timestamp="2023-10-31T13:38:26Z" hostname="62aff8d46b9c" tests="4" skipped="2" failures="0" errors="0" time="2.11">
    <testcase time="0.967999999999989" classname="table_lbt09" name="LBT09_variant_1_works_as_expected"/>
    <testcase time="0.25800000000001" classname="table_lbt09" name="LBT09_variant_1_works_as_expected">
      <skipped message="Reason: On CRAN ('test-table_lbt09.R:107:3')"/>
    </testcase>
    <testcase time="0.675999999999988" classname="table_lbt09" name="LBT09_variant_2_works_as_expected"/>
    <testcase time="0.207999999999998" classname="table_lbt09" name="LBT09_variant_2_works_as_expected">
      <skipped message="Reason: On CRAN ('test-table_lbt09.R:138:3')"/>
    </testcase>
  </testsuite>
  <testsuite name="table_lbt10" timestamp="2023-10-31T13:38:28Z" hostname="62aff8d46b9c" tests="4" skipped="2" failures="0" errors="0" time="0.542">
    <testcase time="0.296999999999997" classname="table_lbt10" name="LBT10_variant_1_works_as_expected"/>
    <testcase time="0.0620000000000118" classname="table_lbt10" name="LBT10_variant_1_works_as_expected">
      <skipped message="Reason: On CRAN ('test-table_lbt10.R:45:3')"/>
    </testcase>
    <testcase time="0.144000000000005" classname="table_lbt10" name="LBT10_variant_2_works_as_expected"/>
    <testcase time="0.0389999999999873" classname="table_lbt10" name="LBT10_variant_2_works_as_expected">
      <skipped message="Reason: On CRAN ('test-table_lbt10.R:69:3')"/>
    </testcase>
  </testsuite>
  <testsuite name="table_lbt10_bl" timestamp="2023-10-31T13:38:28Z" hostname="62aff8d46b9c" tests="4" skipped="2" failures="0" errors="0" time="0.557">
    <testcase time="0.306000000000012" classname="table_lbt10_bl" name="LBT10_BL_variant_1_works_as_expected"/>
    <testcase time="0.0629999999999882" classname="table_lbt10_bl" name="LBT10_BL_variant_1_works_as_expected">
      <skipped message="Reason: On CRAN ('test-table_lbt10_bl.R:45:3')"/>
    </testcase>
    <testcase time="0.135999999999996" classname="table_lbt10_bl" name="LBT10_BL_variant_2_works_as_expected"/>
    <testcase time="0.0520000000000209" classname="table_lbt10_bl" name="LBT10_BL_variant_2_works_as_expected">
      <skipped message="Reason: On CRAN ('test-table_lbt10_bl.R:69:3')"/>
    </testcase>
  </testsuite>
  <testsuite name="table_lbt11" timestamp="2023-10-31T13:38:29Z" hostname="62aff8d46b9c" tests="3" skipped="0" failures="0" errors="3" time="0.352">
    <testcase time="0.0929999999999893" classname="table_lbt11" name="LBT11_variant_1_works_as_expected">
      <error type="error" message="Error in `h(simpleError(msg, call))`: error in evaluating the argument 'obj' in selecting a method for function 'last_rowsplit': error in evaluating the argument 'obj' in selecting a method for function 'last_rowsplit': error in evaluating the argument 'obj' in selecting a method for function 'last_rowsplit': could not find function &quot;ref_group_position&quot; ('test-table_lbt11.R:40:3')">Error in `h(simpleError(msg, call))`: error in evaluating the argument 'obj' in selecting a method for function 'last_rowsplit': error in evaluating the argument 'obj' in selecting a method for function 'last_rowsplit': error in evaluating the argument 'obj' in selecting a method for function 'last_rowsplit': could not find function "ref_group_position"
Backtrace:
     x
  1. +-... %&gt;% ... at test-table_lbt11.R:40:2
  2. +-tern::coxph_pairwise(...)
  3. | \-rtables::analyze(...)
  4. |   +-methods::is(last_rowsplit(lyt), "VAnalyzeSplit")
  5. |   \-rtables:::last_rowsplit(lyt)
  6. +-tern::surv_time(...)
  7. | \-rtables::analyze(...)
  8. |   +-methods::is(last_rowsplit(lyt), "VAnalyzeSplit")
  9. |   \-rtables:::last_rowsplit(lyt)
 10. +-tern::count_occurrences(., vars = "event_grp")
 11. | \-rtables::analyze(...)
 12. |   +-methods::is(last_rowsplit(lyt), "VAnalyzeSplit")
 13. |   \-rtables:::last_rowsplit(lyt)
 14. +-rtables::split_cols_by(...)
 15. | \-rtables::VarLevWBaselineSplit(...)
 16. |   \-methods::new(...)
 17. |     +-methods::initialize(value, ...)
 18. |     \-methods::initialize(value, ...)
 19. +-base::.handleSimpleError(...)
 20. | \-base (local) h(simpleError(msg, call))
 21. +-base::.handleSimpleError(...)
 22. | \-base (local) h(simpleError(msg, call))
 23. \-base::.handleSimpleError(...)
 24.   \-base (local) h(simpleError(msg, call))</error>
    </testcase>
    <testcase time="0.144000000000005" classname="table_lbt11" name="LBT11_variant_2_works_as_expected">
      <error type="error" message="Error in `h(simpleError(msg, call))`: error in evaluating the argument 'obj' in selecting a method for function 'last_rowsplit': error in evaluating the argument 'obj' in selecting a method for function 'last_rowsplit': could not find function &quot;ref_group_position&quot; ('test-table_lbt11.R:64:3')">Error in `h(simpleError(msg, call))`: error in evaluating the argument 'obj' in selecting a method for function 'last_rowsplit': error in evaluating the argument 'obj' in selecting a method for function 'last_rowsplit': could not find function "ref_group_position"
Backtrace:
     x
  1. +-... %&gt;% ... at test-table_lbt11.R:64:2
  2. +-tern::surv_time(...)
  3. | \-rtables::analyze(...)
  4. |   +-methods::is(last_rowsplit(lyt), "VAnalyzeSplit")
  5. |   \-rtables:::last_rowsplit(lyt)
  6. +-tern::count_occurrences(., vars = "event_grp")
  7. | \-rtables::analyze(...)
  8. |   +-methods::is(last_rowsplit(lyt), "VAnalyzeSplit")
  9. |   \-rtables:::last_rowsplit(lyt)
 10. +-rtables::split_cols_by(...)
 11. | \-rtables::VarLevWBaselineSplit(...)
 12. |   \-methods::new(...)
 13. |     +-methods::initialize(value, ...)
 14. |     \-methods::initialize(value, ...)
 15. +-base::.handleSimpleError(...)
 16. | \-base (local) h(simpleError(msg, call))
 17. \-base::.handleSimpleError(...)
 18.   \-base (local) h(simpleError(msg, call))</error>
    </testcase>
    <testcase time="0.114999999999981" classname="table_lbt11" name="LBT11_variant_3_works_as_expected">
      <error type="error" message="Error in `h(simpleError(msg, call))`: error in evaluating the argument 'obj' in selecting a method for function 'last_rowsplit': error in evaluating the argument 'obj' in selecting a method for function 'last_rowsplit': error in evaluating the argument 'obj' in selecting a method for function 'last_rowsplit': error in evaluating the argument 'obj' in selecting a method for function 'last_rowsplit': could not find function &quot;ref_group_position&quot; ('test-table_lbt11.R:83:3')">Error in `h(simpleError(msg, call))`: error in evaluating the argument 'obj' in selecting a method for function 'last_rowsplit': error in evaluating the argument 'obj' in selecting a method for function 'last_rowsplit': error in evaluating the argument 'obj' in selecting a method for function 'last_rowsplit': error in evaluating the argument 'obj' in selecting a method for function 'last_rowsplit': could not find function "ref_group_position"
Backtrace:
     x
  1. +-... %&gt;% ... at test-table_lbt11.R:83:2
  2. +-tern::coxph_pairwise(...)
  3. | \-rtables::analyze(...)
  4. |   +-methods::is(last_rowsplit(lyt), "VAnalyzeSplit")
  5. |   \-rtables:::last_rowsplit(lyt)
  6. +-tern::coxph_pairwise(...)
  7. | \-rtables::analyze(...)
  8. |   +-methods::is(last_rowsplit(lyt), "VAnalyzeSplit")
  9. |   \-rtables:::last_rowsplit(lyt)
 10. +-tern::surv_time(...)
 11. | \-rtables::analyze(...)
 12. |   +-methods::is(last_rowsplit(lyt), "VAnalyzeSplit")
 13. |   \-rtables:::last_rowsplit(lyt)
 14. +-tern::count_occurrences(., vars = "event_grp")
 15. | \-rtables::analyze(...)
 16. |   +-methods::is(last_rowsplit(lyt), "VAnalyzeSplit")
 17. |   \-rtables:::last_rowsplit(lyt)
 18. +-rtables::split_cols_by(...)
 19. | \-rtables::VarLevWBaselineSplit(...)
 20. |   \-methods::new(...)
 21. |     +-methods::initialize(value, ...)
 22. |     \-methods::initialize(value, ...)
 23. +-base::.handleSimpleError(...)
 24. | \-base (local) h(simpleError(msg, call))
 25. +-base::.handleSimpleError(...)
 26. | \-base (local) h(simpleError(msg, call))
 27. +-base::.handleSimpleError(...)
 28. | \-base (local) h(simpleError(msg, call))
 29. \-base::.handleSimpleError(...)
 30.   \-base (local) h(simpleError(msg, call))</error>
    </testcase>
  </testsuite>
  <testsuite name="table_lbt11_bl" timestamp="2023-10-31T13:38:29Z" hostname="62aff8d46b9c" tests="3" skipped="0" failures="0" errors="3" time="0.504">
    <testcase time="0.245000000000005" classname="table_lbt11_bl" name="LBT11_BL_variant_1_works_as_expected">
      <error type="error" message="Error in `h(simpleError(msg, call))`: error in evaluating the argument 'obj' in selecting a method for function 'last_rowsplit': error in evaluating the argument 'obj' in selecting a method for function 'last_rowsplit': error in evaluating the argument 'obj' in selecting a method for function 'last_rowsplit': could not find function &quot;ref_group_position&quot; ('test-table_lbt11_bl.R:40:3')">Error in `h(simpleError(msg, call))`: error in evaluating the argument 'obj' in selecting a method for function 'last_rowsplit': error in evaluating the argument 'obj' in selecting a method for function 'last_rowsplit': error in evaluating the argument 'obj' in selecting a method for function 'last_rowsplit': could not find function "ref_group_position"
Backtrace:
     x
  1. +-... %&gt;% ... at test-table_lbt11_bl.R:40:2
  2. +-tern::coxph_pairwise(...)
  3. | \-rtables::analyze(...)
  4. |   +-methods::is(last_rowsplit(lyt), "VAnalyzeSplit")
  5. |   \-rtables:::last_rowsplit(lyt)
  6. +-tern::surv_time(...)
  7. | \-rtables::analyze(...)
  8. |   +-methods::is(last_rowsplit(lyt), "VAnalyzeSplit")
  9. |   \-rtables:::last_rowsplit(lyt)
 10. +-tern::count_occurrences(., vars = "event_grp")
 11. | \-rtables::analyze(...)
 12. |   +-methods::is(last_rowsplit(lyt), "VAnalyzeSplit")
 13. |   \-rtables:::last_rowsplit(lyt)
 14. +-rtables::split_cols_by(...)
 15. | \-rtables::VarLevWBaselineSplit(...)
 16. |   \-methods::new(...)
 17. |     +-methods::initialize(value, ...)
 18. |     \-methods::initialize(value, ...)
 19. +-base::.handleSimpleError(...)
 20. | \-base (local) h(simpleError(msg, call))
 21. +-base::.handleSimpleError(...)
 22. | \-base (local) h(simpleError(msg, call))
 23. \-base::.handleSimpleError(...)
 24.   \-base (local) h(simpleError(msg, call))</error>
    </testcase>
    <testcase time="0.150000000000006" classname="table_lbt11_bl" name="LBT11_BL_variant_2_works_as_expected">
      <error type="error" message="Error in `h(simpleError(msg, call))`: error in evaluating the argument 'obj' in selecting a method for function 'last_rowsplit': error in evaluating the argument 'obj' in selecting a method for function 'last_rowsplit': could not find function &quot;ref_group_position&quot; ('test-table_lbt11_bl.R:64:3')">Error in `h(simpleError(msg, call))`: error in evaluating the argument 'obj' in selecting a method for function 'last_rowsplit': error in evaluating the argument 'obj' in selecting a method for function 'last_rowsplit': could not find function "ref_group_position"
Backtrace:
     x
  1. +-... %&gt;% ... at test-table_lbt11_bl.R:64:2
  2. +-tern::surv_time(...)
  3. | \-rtables::analyze(...)
  4. |   +-methods::is(last_rowsplit(lyt), "VAnalyzeSplit")
  5. |   \-rtables:::last_rowsplit(lyt)
  6. +-tern::count_occurrences(., vars = "event_grp")
  7. | \-rtables::analyze(...)
  8. |   +-methods::is(last_rowsplit(lyt), "VAnalyzeSplit")
  9. |   \-rtables:::last_rowsplit(lyt)
 10. +-rtables::split_cols_by(...)
 11. | \-rtables::VarLevWBaselineSplit(...)
 12. |   \-methods::new(...)
 13. |     +-methods::initialize(value, ...)
 14. |     \-methods::initialize(value, ...)
 15. +-base::.handleSimpleError(...)
 16. | \-base (local) h(simpleError(msg, call))
 17. \-base::.handleSimpleError(...)
 18.   \-base (local) h(simpleError(msg, call))</error>
    </testcase>
    <testcase time="0.109000000000009" classname="table_lbt11_bl" name="LBT11_BL_variant_3_works_as_expected">
      <error type="error" message="Error in `h(simpleError(msg, call))`: error in evaluating the argument 'obj' in selecting a method for function 'last_rowsplit': error in evaluating the argument 'obj' in selecting a method for function 'last_rowsplit': error in evaluating the argument 'obj' in selecting a method for function 'last_rowsplit': error in evaluating the argument 'obj' in selecting a method for function 'last_rowsplit': could not find function &quot;ref_group_position&quot; ('test-table_lbt11_bl.R:83:3')">Error in `h(simpleError(msg, call))`: error in evaluating the argument 'obj' in selecting a method for function 'last_rowsplit': error in evaluating the argument 'obj' in selecting a method for function 'last_rowsplit': error in evaluating the argument 'obj' in selecting a method for function 'last_rowsplit': error in evaluating the argument 'obj' in selecting a method for function 'last_rowsplit': could not find function "ref_group_position"
Backtrace:
     x
  1. +-... %&gt;% ... at test-table_lbt11_bl.R:83:2
  2. +-tern::coxph_pairwise(...)
  3. | \-rtables::analyze(...)
  4. |   +-methods::is(last_rowsplit(lyt), "VAnalyzeSplit")
  5. |   \-rtables:::last_rowsplit(lyt)
  6. +-tern::coxph_pairwise(...)
  7. | \-rtables::analyze(...)
  8. |   +-methods::is(last_rowsplit(lyt), "VAnalyzeSplit")
  9. |   \-rtables:::last_rowsplit(lyt)
 10. +-tern::surv_time(...)
 11. | \-rtables::analyze(...)
 12. |   +-methods::is(last_rowsplit(lyt), "VAnalyzeSplit")
 13. |   \-rtables:::last_rowsplit(lyt)
 14. +-tern::count_occurrences(., vars = "event_grp")
 15. | \-rtables::analyze(...)
 16. |   +-methods::is(last_rowsplit(lyt), "VAnalyzeSplit")
 17. |   \-rtables:::last_rowsplit(lyt)
 18. +-rtables::split_cols_by(...)
 19. | \-rtables::VarLevWBaselineSplit(...)
 20. |   \-methods::new(...)
 21. |     +-methods::initialize(value, ...)
 22. |     \-methods::initialize(value, ...)
 23. +-base::.handleSimpleError(...)
 24. | \-base (local) h(simpleError(msg, call))
 25. +-base::.handleSimpleError(...)
 26. | \-base (local) h(simpleError(msg, call))
 27. +-base::.handleSimpleError(...)
 28. | \-base (local) h(simpleError(msg, call))
 29. \-base::.handleSimpleError(...)
 30.   \-base (local) h(simpleError(msg, call))</error>
    </testcase>
  </testsuite>
  <testsuite name="table_lbt12" timestamp="2023-10-31T13:38:30Z" hostname="62aff8d46b9c" tests="2" skipped="1" failures="0" errors="0" time="0.661">
    <testcase time="0.586999999999989" classname="table_lbt12" name="LBT12_works_as_expected"/>
    <testcase time="0.0740000000000123" classname="table_lbt12" name="LBT12_works_as_expected">
      <skipped message="Reason: On CRAN ('test-table_lbt12.R:50:3')"/>
    </testcase>
  </testsuite>
  <testsuite name="table_lbt12_bl" timestamp="2023-10-31T13:38:30Z" hostname="62aff8d46b9c" tests="2" skipped="1" failures="0" errors="0" time="0.524">
    <testcase time="0.433999999999997" classname="table_lbt12_bl" name="LBT12_BL_works_as_expected"/>
    <testcase time="0.0900000000000034" classname="table_lbt12_bl" name="LBT12_BL_works_as_expected">
      <skipped message="Reason: On CRAN ('test-table_lbt12_bl.R:50:3')"/>
    </testcase>
  </testsuite>
  <testsuite name="table_lbt13" timestamp="2023-10-31T13:38:31Z" hostname="62aff8d46b9c" tests="10" skipped="5" failures="0" errors="0" time="12.769">
    <testcase time="2.03099999999998" classname="table_lbt13" name="LBT13_variant_1_LOW_works_as_expected"/>
    <testcase time="0.517000000000024" classname="table_lbt13" name="LBT13_variant_1_LOW_works_as_expected">
      <skipped message="Reason: On CRAN ('test-table_lbt13.R:81:3')"/>
    </testcase>
    <testcase time="1.69199999999998" classname="table_lbt13" name="LBT13_variant_2_HIGH_works_as_expected"/>
    <testcase time="0.534999999999997" classname="table_lbt13" name="LBT13_variant_2_HIGH_works_as_expected">
      <skipped message="Reason: On CRAN ('test-table_lbt13.R:153:3')"/>
    </testcase>
    <testcase time="1.727" classname="table_lbt13" name="LBT13_variant_3_LOW_without_baseline_missing_works_as_expected"/>
    <testcase time="0.522999999999996" classname="table_lbt13" name="LBT13_variant_3_LOW_without_baseline_missing_works_as_expected">
      <skipped message="Reason: On CRAN ('test-table_lbt13.R:225:3')"/>
    </testcase>
    <testcase time="1.798" classname="table_lbt13" name="LBT13_variant_4_HIGH_with_missing_baseline_considered_as_grade_0_works_as_expected"/>
    <testcase time="0.539000000000016" classname="table_lbt13" name="LBT13_variant_4_HIGH_with_missing_baseline_considered_as_grade_0_works_as_expected">
      <skipped message="Reason: On CRAN ('test-table_lbt13.R:296:3')"/>
    </testcase>
    <testcase time="2.36799999999999" classname="table_lbt13" name="LBT14_variant_5_HIGH_with_filled_in_grades_works_as_expected"/>
    <testcase time="1.03900000000002" classname="table_lbt13" name="LBT14_variant_5_HIGH_with_filled_in_grades_works_as_expected">
      <skipped message="Reason: On CRAN ('test-table_lbt13.R:370:3')"/>
    </testcase>
  </testsuite>
  <testsuite name="table_lbt14" timestamp="2023-10-31T13:38:44Z" hostname="62aff8d46b9c" tests="10" skipped="5" failures="0" errors="0" time="9.366">
    <testcase time="1.62699999999998" classname="table_lbt14" name="LBT14_variant_1_HIGH_works_as_expected"/>
    <testcase time="0.295000000000016" classname="table_lbt14" name="LBT14_variant_1_HIGH_works_as_expected">
      <skipped message="Reason: On CRAN ('test-table_lbt14.R:60:3')"/>
    </testcase>
    <testcase time="1.547" classname="table_lbt14" name="LBT14_variant_2_LOW_works_as_expected"/>
    <testcase time="0.295999999999992" classname="table_lbt14" name="LBT14_variant_2_LOW_works_as_expected">
      <skipped message="Reason: On CRAN ('test-table_lbt14.R:113:3')"/>
    </testcase>
    <testcase time="1.32499999999999" classname="table_lbt14" name="LBT14_variant_3_LOW_without_baseline_missing_works_as_expected"/>
    <testcase time="0.310000000000002" classname="table_lbt14" name="LBT14_variant_3_LOW_without_baseline_missing_works_as_expected">
      <skipped message="Reason: On CRAN ('test-table_lbt14.R:166:3')"/>
    </testcase>
    <testcase time="1.48500000000001" classname="table_lbt14" name="LBT14_variant_4_LOW_and_force_1_missing_both_baseline_and_post_baseline_then_force_the_missing_baseline_as_0_as_expected"/>
    <testcase time="0.311999999999983" classname="table_lbt14" name="LBT14_variant_4_LOW_and_force_1_missing_both_baseline_and_post_baseline_then_force_the_missing_baseline_as_0_as_expected">
      <skipped message="Reason: On CRAN ('test-table_lbt14.R:218:3')"/>
    </testcase>
    <testcase time="1.52900000000002" classname="table_lbt14" name="LBT14_variant_5_HIGH_with_fillings_works_as_expected"/>
    <testcase time="0.639999999999986" classname="table_lbt14" name="LBT14_variant_5_HIGH_with_fillings_works_as_expected">
      <skipped message="Reason: On CRAN ('test-table_lbt14.R:270:3')"/>
    </testcase>
  </testsuite>
  <testsuite name="table_lbt15" timestamp="2023-10-31T13:38:53Z" hostname="62aff8d46b9c" tests="4" skipped="2" failures="0" errors="0" time="0.673">
    <testcase time="0.272999999999996" classname="table_lbt15" name="LBT15_variant_1_works_as_expected"/>
    <testcase time="0.0790000000000077" classname="table_lbt15" name="LBT15_variant_1_works_as_expected">
      <skipped message="Reason: On CRAN ('test-table_lbt15.R:82:3')"/>
    </testcase>
    <testcase time="0.227000000000004" classname="table_lbt15" name="LBT15_variant_2_works_as_expected"/>
    <testcase time="0.0939999999999941" classname="table_lbt15" name="LBT15_variant_2_works_as_expected">
      <skipped message="Reason: On CRAN ('test-table_lbt15.R:89:3')"/>
    </testcase>
  </testsuite>
  <testsuite name="table_lgrt02" timestamp="2023-10-31T13:38:54Z" hostname="62aff8d46b9c" tests="8" skipped="4" failures="0" errors="0" time="3.459">
    <testcase time="0.651999999999987" classname="table_lgrt02" name="LGRT02_without_interaction_term_is_produced_correctly"/>
    <testcase time="0.132000000000005" classname="table_lgrt02" name="LGRT02_without_interaction_term_is_produced_correctly">
      <skipped message="Reason: On CRAN ('test-table_lgrt02.R:52:3')"/>
    </testcase>
    <testcase time="0.932000000000016" classname="table_lgrt02" name="LGRT02_with_categorical_interaction_is_produced_correctly"/>
    <testcase time="0.153999999999996" classname="table_lgrt02" name="LGRT02_with_categorical_interaction_is_produced_correctly">
      <skipped message="Reason: On CRAN ('test-table_lgrt02.R:78:3')"/>
    </testcase>
    <testcase time="0.72999999999999" classname="table_lgrt02" name="LGRT02_with_continuous_interaction_is_produced_correctly"/>
    <testcase time="0.153999999999996" classname="table_lgrt02" name="LGRT02_with_continuous_interaction_is_produced_correctly">
      <skipped message="Reason: On CRAN ('test-table_lgrt02.R:104:3')"/>
    </testcase>
    <testcase time="0.580000000000013" classname="table_lgrt02" name="LGRT02_with_setting_values_indicating_an_event_and_custom_alpha_level_is_produced_correctly"/>
    <testcase time="0.125" classname="table_lgrt02" name="LGRT02_with_setting_values_indicating_an_event_and_custom_alpha_level_is_produced_correctly">
      <skipped message="Reason: On CRAN ('test-table_lgrt02.R:130:3')"/>
    </testcase>
  </testsuite>
  <testsuite name="table_mht01" timestamp="2023-10-31T13:38:57Z" hostname="62aff8d46b9c" tests="8" skipped="4" failures="0" errors="0" time="1.657">
    <testcase time="0.388000000000005" classname="table_mht01" name="MHT01_variant_1_is_produced_accurately"/>
    <testcase time="0.119" classname="table_mht01" name="MHT01_variant_1_is_produced_accurately">
      <skipped message="Reason: On CRAN ('test-table_mht01.R:49:3')"/>
    </testcase>
    <testcase time="0.127999999999986" classname="table_mht01" name="MHT01_variant_2_is_produced_accurately"/>
    <testcase time="0.0500000000000114" classname="table_mht01" name="MHT01_variant_2_is_produced_accurately">
      <skipped message="Reason: On CRAN ('test-table_mht01.R:60:3')"/>
    </testcase>
    <testcase time="0.320999999999998" classname="table_mht01" name="MHT01_variant_3_is_produced_accurately"/>
    <testcase time="0.100999999999999" classname="table_mht01" name="MHT01_variant_3_is_produced_accurately">
      <skipped message="Reason: On CRAN ('test-table_mht01.R:92:3')"/>
    </testcase>
    <testcase time="0.408999999999992" classname="table_mht01" name="MHT01_variant_5_is_produced_accurately"/>
    <testcase time="0.140999999999991" classname="table_mht01" name="MHT01_variant_5_is_produced_accurately">
      <skipped message="Reason: On CRAN ('test-table_mht01.R:130:3')"/>
    </testcase>
  </testsuite>
  <testsuite name="table_onct05" timestamp="2023-10-31T13:38:59Z" hostname="62aff8d46b9c" tests="8" skipped="4" failures="0" errors="0" time="2.067">
    <testcase time="0.476000000000028" classname="table_onct05" name="ONCT05_variant_1_Objective_Response_Rate_by_Subgroup_is_produced_correctly"/>
    <testcase time="0.0779999999999745" classname="table_onct05" name="ONCT05_variant_1_Objective_Response_Rate_by_Subgroup_is_produced_correctly">
      <skipped message="Reason: On CRAN ('test-table_onct05.R:33:3')"/>
    </testcase>
    <testcase time="0.531000000000006" classname="table_onct05" name="ONCT05_variant_2_Specifying_class_variables_is_produced_correctly"/>
    <testcase time="0.0949999999999989" classname="table_onct05" name="ONCT05_variant_2_Specifying_class_variables_is_produced_correctly">
      <skipped message="Reason: On CRAN ('test-table_onct05.R:57:3')"/>
    </testcase>
    <testcase time="0.251000000000005" classname="table_onct05" name="ONCT05_variant_3_selecting_columns_and_changing_the_alpha_level_is_produced_correctly"/>
    <testcase time="0.0589999999999975" classname="table_onct05" name="ONCT05_variant_3_selecting_columns_and_changing_the_alpha_level_is_produced_correctly">
      <skipped message="Reason: On CRAN ('test-table_onct05.R:75:3')"/>
    </testcase>
    <testcase time="0.486000000000018" classname="table_onct05" name="ONCT05_variant_4_setting_values_indicating_response_is_produced_correctly"/>
    <testcase time="0.0909999999999798" classname="table_onct05" name="ONCT05_variant_4_setting_values_indicating_response_is_produced_correctly">
      <skipped message="Reason: On CRAN ('test-table_onct05.R:96:3')"/>
    </testcase>
  </testsuite>
  <testsuite name="table_pdt01" timestamp="2023-10-31T13:39:01Z" hostname="62aff8d46b9c" tests="2" skipped="1" failures="0" errors="0" time="0.454">
    <testcase time="0.307000000000016" classname="table_pdt01" name="PDT01_is_produced_correctly"/>
    <testcase time="0.146999999999991" classname="table_pdt01" name="PDT01_is_produced_correctly">
      <skipped message="Reason: On CRAN ('test-table_pdt01.R:40:3')"/>
    </testcase>
  </testsuite>
  <testsuite name="table_pdt02" timestamp="2023-10-31T13:39:01Z" hostname="62aff8d46b9c" tests="2" skipped="1" failures="0" errors="0" time="0.246">
    <testcase time="0.189999999999998" classname="table_pdt02" name="PDT02_is_produced_correctly"/>
    <testcase time="0.0560000000000116" classname="table_pdt02" name="PDT02_is_produced_correctly">
      <skipped message="Reason: On CRAN ('test-table_pdt02.R:43:3')"/>
    </testcase>
  </testsuite>
  <testsuite name="table_pkct01" timestamp="2023-10-31T13:39:02Z" hostname="62aff8d46b9c" tests="4" skipped="2" failures="0" errors="0" time="2.06">
    <testcase time="0.496999999999986" classname="table_pkct01" name="PKCT01_is_produced_correctly"/>
    <testcase time="0.0810000000000173" classname="table_pkct01" name="PKCT01_is_produced_correctly">
      <skipped message="Reason: On CRAN ('test-table_pkct01.R:18:3')"/>
    </testcase>
    <testcase time="1.34299999999999" classname="table_pkct01" name="Specific_PKCT01_features_are_present"/>
    <testcase time="0.13900000000001" classname="table_pkct01" name="Specific_PKCT01_features_are_present">
      <skipped message="Reason: On CRAN ('test-table_pkct01.R:117:3')"/>
    </testcase>
  </testsuite>
  <testsuite name="table_pkpt02" timestamp="2023-10-31T13:39:04Z" hostname="62aff8d46b9c" tests="4" skipped="2" failures="0" errors="0" time="0.513">
    <testcase time="0.188999999999993" classname="table_pkpt02" name="PKPT02_is_produced_correctly_for_Drug_X"/>
    <testcase time="0.0960000000000036" classname="table_pkpt02" name="PKPT02_is_produced_correctly_for_Drug_X">
      <skipped message="Reason: On CRAN ('test-table_pkpt02.R:42:3')"/>
    </testcase>
    <testcase time="0.143000000000001" classname="table_pkpt02" name="PKPT02_is_produced_correctly_for_Drug_Y"/>
    <testcase time="0.0849999999999795" classname="table_pkpt02" name="PKPT02_is_produced_correctly_for_Drug_Y">
      <skipped message="Reason: On CRAN ('test-table_pkpt02.R:55:3')"/>
    </testcase>
  </testsuite>
  <testsuite name="table_pkpt03" timestamp="2023-10-31T13:39:04Z" hostname="62aff8d46b9c" tests="4" skipped="2" failures="0" errors="0" time="0.953">
    <testcase time="0.52600000000001" classname="table_pkpt03" name="PKPT03_Drug_X_is_produced_correctly"/>
    <testcase time="0.0949999999999989" classname="table_pkpt03" name="PKPT03_Drug_X_is_produced_correctly">
      <skipped message="Reason: On CRAN ('test-table_pkpt03.R:67:3')"/>
    </testcase>
    <testcase time="0.269000000000005" classname="table_pkpt03" name="PKPT03_Drug_Y_is_produced_correctly"/>
    <testcase time="0.0629999999999882" classname="table_pkpt03" name="PKPT03_Drug_Y_is_produced_correctly">
      <skipped message="Reason: On CRAN ('test-table_pkpt03.R:81:3')"/>
    </testcase>
  </testsuite>
  <testsuite name="table_pkpt04" timestamp="2023-10-31T13:39:05Z" hostname="62aff8d46b9c" tests="4" skipped="2" failures="0" errors="0" time="0.658">
    <testcase time="0.230000000000018" classname="table_pkpt04" name="PKPT04_is_produced_correctly_for_Drug_X"/>
    <testcase time="0.138999999999982" classname="table_pkpt04" name="PKPT04_is_produced_correctly_for_Drug_X">
      <skipped message="Reason: On CRAN ('test-table_pkpt04.R:42:3')"/>
    </testcase>
    <testcase time="0.181000000000012" classname="table_pkpt04" name="PKPT04_is_produced_correctly_for_Drug_Y"/>
    <testcase time="0.108000000000004" classname="table_pkpt04" name="PKPT04_is_produced_correctly_for_Drug_Y">
      <skipped message="Reason: On CRAN ('test-table_pkpt04.R:55:3')"/>
    </testcase>
  </testsuite>
  <testsuite name="table_pkpt05" timestamp="2023-10-31T13:39:06Z" hostname="62aff8d46b9c" tests="4" skipped="2" failures="0" errors="0" time="1.2">
    <testcase time="0.662999999999982" classname="table_pkpt05" name="PKPT05_Drug_X_is_produced_correctly"/>
    <testcase time="0.119" classname="table_pkpt05" name="PKPT05_Drug_X_is_produced_correctly">
      <skipped message="Reason: On CRAN ('test-table_pkpt05.R:66:3')"/>
    </testcase>
    <testcase time="0.335000000000008" classname="table_pkpt05" name="PKPT05_Drug_Y_is_produced_correctly"/>
    <testcase time="0.0829999999999984" classname="table_pkpt05" name="PKPT05_Drug_Y_is_produced_correctly">
      <skipped message="Reason: On CRAN ('test-table_pkpt05.R:81:3')"/>
    </testcase>
  </testsuite>
  <testsuite name="table_pkpt06" timestamp="2023-10-31T13:39:07Z" hostname="62aff8d46b9c" tests="4" skipped="2" failures="0" errors="0" time="0.287">
    <testcase time="0.11699999999999" classname="table_pkpt06" name="PKPT06_is_produced_correctly_for_Drug_X"/>
    <testcase time="0.0450000000000159" classname="table_pkpt06" name="PKPT06_is_produced_correctly_for_Drug_X">
      <skipped message="Reason: On CRAN ('test-table_pkpt06.R:48:3')"/>
    </testcase>
    <testcase time="0.085000000000008" classname="table_pkpt06" name="PKPT06_is_produced_correctly_for_Drug_Y"/>
    <testcase time="0.039999999999992" classname="table_pkpt06" name="PKPT06_is_produced_correctly_for_Drug_Y">
      <skipped message="Reason: On CRAN ('test-table_pkpt06.R:61:3')"/>
    </testcase>
  </testsuite>
  <testsuite name="table_pkpt07" timestamp="2023-10-31T13:39:07Z" hostname="62aff8d46b9c" tests="4" skipped="2" failures="0" errors="0" time="0.506">
    <testcase time="0.257000000000005" classname="table_pkpt07" name="PKPT07_Drug_X_is_produced_correctly"/>
    <testcase time="0.0600000000000023" classname="table_pkpt07" name="PKPT07_Drug_X_is_produced_correctly">
      <skipped message="Reason: On CRAN ('test-table_pkpt07.R:73:3')"/>
    </testcase>
    <testcase time="0.140999999999991" classname="table_pkpt07" name="PKPT07_Drug_Y_is_produced_correctly"/>
    <testcase time="0.0480000000000018" classname="table_pkpt07" name="PKPT07_Drug_Y_is_produced_correctly">
      <skipped message="Reason: On CRAN ('test-table_pkpt07.R:88:3')"/>
    </testcase>
  </testsuite>
  <testsuite name="table_ratet01" timestamp="2023-10-31T13:39:08Z" hostname="62aff8d46b9c" tests="1" skipped="0" failures="0" errors="1" time="0.056">
    <testcase time="0.0559999999999832" classname="table_ratet01" name="RATET01_is_produced_correctly">
      <error type="error" message="Error in `h(simpleError(msg, call))`: error in evaluating the argument 'obj' in selecting a method for function 'last_rowsplit': error in evaluating the argument 'obj' in selecting a method for function 'last_rowsplit': error in evaluating the argument 'obj' in selecting a method for function 'last_rowsplit': could not find function &quot;ref_group_position&quot; ('test-table_ratet01.R:8:3')">Error in `h(simpleError(msg, call))`: error in evaluating the argument 'obj' in selecting a method for function 'last_rowsplit': error in evaluating the argument 'obj' in selecting a method for function 'last_rowsplit': error in evaluating the argument 'obj' in selecting a method for function 'last_rowsplit': could not find function "ref_group_position"
Backtrace:
     x
  1. +-... %&gt;% ... at test-table_ratet01.R:8:2
  2. +-tern::summarize_glm_count(...)
  3. | \-rtables::analyze(...)
  4. |   +-methods::is(last_rowsplit(lyt), "VAnalyzeSplit")
  5. |   \-rtables:::last_rowsplit(lyt)
  6. +-tern::summarize_glm_count(...)
  7. | \-rtables::analyze(...)
  8. |   +-methods::is(last_rowsplit(lyt), "VAnalyzeSplit")
  9. |   \-rtables:::last_rowsplit(lyt)
 10. +-tern::analyze_vars(...)
 11. | \-rtables::analyze(...)
 12. |   +-methods::is(last_rowsplit(lyt), "VAnalyzeSplit")
 13. |   \-rtables:::last_rowsplit(lyt)
 14. +-rtables::split_cols_by(., "ARM", ref_group = "B: Placebo", split_fun = ref_group_position("first"))
 15. | \-rtables::VarLevWBaselineSplit(...)
 16. |   \-methods::new(...)
 17. |     +-methods::initialize(value, ...)
 18. |     \-methods::initialize(value, ...)
 19. +-base::.handleSimpleError(...)
 20. | \-base (local) h(simpleError(msg, call))
 21. +-base::.handleSimpleError(...)
 22. | \-base (local) h(simpleError(msg, call))
 23. \-base::.handleSimpleError(...)
 24.   \-base (local) h(simpleError(msg, call))</error>
    </testcase>
  </testsuite>
  <testsuite name="table_rmpt01" timestamp="2023-10-31T13:39:08Z" hostname="62aff8d46b9c" tests="2" skipped="1" failures="0" errors="0" time="0.435">
    <testcase time="0.396000000000015" classname="table_rmpt01" name="RMPT01_is_produced_correctly"/>
    <testcase time="0.0389999999999873" classname="table_rmpt01" name="RMPT01_is_produced_correctly">
      <skipped message="Reason: On CRAN ('test-table_rmpt01.R:58:3')"/>
    </testcase>
  </testsuite>
  <testsuite name="table_rmpt03" timestamp="2023-10-31T13:39:08Z" hostname="62aff8d46b9c" tests="4" skipped="2" failures="0" errors="0" time="0.561">
    <testcase time="0.251000000000005" classname="table_rmpt03" name="RMPT03_variant_1_is_produced_correctly"/>
    <testcase time="0.0520000000000209" classname="table_rmpt03" name="RMPT03_variant_1_is_produced_correctly">
      <skipped message="Reason: On CRAN ('test-table_rmpt03.R:67:3')"/>
    </testcase>
    <testcase time="0.191999999999979" classname="table_rmpt03" name="RMPT03_variant_2_is_produced_correctly"/>
    <testcase time="0.0660000000000025" classname="table_rmpt03" name="RMPT03_variant_2_is_produced_correctly">
      <skipped message="Reason: On CRAN ('test-table_rmpt03.R:91:3')"/>
    </testcase>
  </testsuite>
  <testsuite name="table_rmpt04" timestamp="2023-10-31T13:39:09Z" hostname="62aff8d46b9c" tests="2" skipped="1" failures="0" errors="0" time="0.207">
    <testcase time="0.167000000000002" classname="table_rmpt04" name="RMPT04_variant_1_is_produced_correctly"/>
    <testcase time="0.039999999999992" classname="table_rmpt04" name="RMPT04_variant_1_is_produced_correctly">
      <skipped message="Reason: On CRAN ('test-table_rmpt04.R:50:3')"/>
    </testcase>
  </testsuite>
  <testsuite name="table_rmpt05" timestamp="2023-10-31T13:39:09Z" hostname="62aff8d46b9c" tests="2" skipped="1" failures="0" errors="0" time="0.271">
    <testcase time="0.218000000000018" classname="table_rmpt05" name="RMPT05_is_produced_correctly"/>
    <testcase time="0.0529999999999973" classname="table_rmpt05" name="RMPT05_is_produced_correctly">
      <skipped message="Reason: On CRAN ('test-table_rmpt05.R:49:3')"/>
    </testcase>
  </testsuite>
  <testsuite name="table_rmpt06" timestamp="2023-10-31T13:39:09Z" hostname="62aff8d46b9c" tests="6" skipped="2" failures="0" errors="2" time="0.984">
    <testcase time="0.415999999999997" classname="table_rmpt06" name="RMPT06_variant_1_is_produced_correctly"/>
    <testcase time="0.0939999999999941" classname="table_rmpt06" name="RMPT06_variant_1_is_produced_correctly">
      <skipped message="Reason: On CRAN ('test-table_rmpt06.R:99:3')"/>
    </testcase>
    <testcase time="0.25200000000001" classname="table_rmpt06" name="RMPT06_variant_2_is_produced_correctly"/>
    <testcase time="0.0809999999999889" classname="table_rmpt06" name="RMPT06_variant_2_is_produced_correctly">
      <skipped message="Reason: On CRAN ('test-table_rmpt06.R:148:3')"/>
    </testcase>
    <testcase time="0.0270000000000152" classname="table_rmpt06" name="RMPT06_variant_3_is_produced_correctly">
      <error type="error" message="Error in `h(simpleError(msg, call))`: error in evaluating the argument 'obj' in selecting a method for function 'last_rowsplit': error in evaluating the argument 'obj' in selecting a method for function 'last_rowsplit': could not find function &quot;ref_group_position&quot; ('test-table_rmpt06.R:152:3')">Error in `h(simpleError(msg, call))`: error in evaluating the argument 'obj' in selecting a method for function 'last_rowsplit': error in evaluating the argument 'obj' in selecting a method for function 'last_rowsplit': could not find function "ref_group_position"
Backtrace:
     x
  1. +-... %&gt;% ... at test-table_rmpt06.R:152:2
  2. +-tern::estimate_proportion_diff(...)
  3. | \-rtables::analyze(...)
  4. |   +-methods::is(last_rowsplit(lyt), "VAnalyzeSplit")
  5. |   \-rtables:::last_rowsplit(lyt)
  6. +-tern::estimate_proportion(...)
  7. | \-rtables::analyze(...)
  8. |   +-methods::is(last_rowsplit(lyt), "VAnalyzeSplit")
  9. |   \-rtables:::last_rowsplit(lyt)
 10. +-rtables::split_cols_by(...)
 11. | \-rtables::VarLevWBaselineSplit(...)
 12. |   \-methods::new(...)
 13. |     +-methods::initialize(value, ...)
 14. |     \-methods::initialize(value, ...)
 15. +-base::.handleSimpleError(...)
 16. | \-base (local) h(simpleError(msg, call))
 17. \-base::.handleSimpleError(...)
 18.   \-base (local) h(simpleError(msg, call))</error>
    </testcase>
    <testcase time="0.114000000000004" classname="table_rmpt06" name="RMPT06_variant_4_is_produced_correctly">
      <error type="error" message="Error in `h(simpleError(msg, call))`: error in evaluating the argument 'obj' in selecting a method for function 'last_rowsplit': error in evaluating the argument 'obj' in selecting a method for function 'last_rowsplit': could not find function &quot;ref_group_position&quot; ('test-table_rmpt06.R:215:3')">Error in `h(simpleError(msg, call))`: error in evaluating the argument 'obj' in selecting a method for function 'last_rowsplit': error in evaluating the argument 'obj' in selecting a method for function 'last_rowsplit': could not find function "ref_group_position"
Backtrace:
     x
  1. +-... %&gt;% ... at test-table_rmpt06.R:215:2
  2. +-tern::estimate_proportion_diff(...)
  3. | \-rtables::analyze(...)
  4. |   +-methods::is(last_rowsplit(lyt), "VAnalyzeSplit")
  5. |   \-rtables:::last_rowsplit(lyt)
  6. +-tern::estimate_proportion(...)
  7. | \-rtables::analyze(...)
  8. |   +-methods::is(last_rowsplit(lyt), "VAnalyzeSplit")
  9. |   \-rtables:::last_rowsplit(lyt)
 10. +-rtables::split_cols_by(...)
 11. | \-rtables::VarLevWBaselineSplit(...)
 12. |   \-methods::new(...)
 13. |     +-methods::initialize(value, ...)
 14. |     \-methods::initialize(value, ...)
 15. +-base::.handleSimpleError(...)
 16. | \-base (local) h(simpleError(msg, call))
 17. \-base::.handleSimpleError(...)
 18.   \-base (local) h(simpleError(msg, call))</error>
    </testcase>
  </testsuite>
  <testsuite name="table_rspt01" timestamp="2023-10-31T13:39:10Z" hostname="62aff8d46b9c" tests="6" skipped="0" failures="0" errors="6" time="1.053">
    <testcase time="0.160999999999973" classname="table_rspt01" name="RSPT01_1._Best_Overall_Response">
      <error type="error" message="Error in `h(simpleError(msg, call))`: error in evaluating the argument 'obj' in selecting a method for function 'next_rpos': error in evaluating the argument 'obj' in selecting a method for function 'last_rowsplit': error in evaluating the argument 'obj' in selecting a method for function 'last_rowsplit': error in evaluating the argument 'obj' in selecting a method for function 'last_rowsplit': error in evaluating the argument 'obj' in selecting a method for function 'last_rowsplit': could not find function &quot;ref_group_position&quot; ('test-table_rspt01.R:19:3')">Error in `h(simpleError(msg, call))`: error in evaluating the argument 'obj' in selecting a method for function 'next_rpos': error in evaluating the argument 'obj' in selecting a method for function 'last_rowsplit': error in evaluating the argument 'obj' in selecting a method for function 'last_rowsplit': error in evaluating the argument 'obj' in selecting a method for function 'last_rowsplit': error in evaluating the argument 'obj' in selecting a method for function 'last_rowsplit': could not find function "ref_group_position"
Backtrace:
     x
  1. +-... %&gt;% estimate_multinomial_response(var = "AVALC") at test-table_rspt01.R:19:2
  2. +-tern::estimate_multinomial_response(., var = "AVALC")
  3. | \-rtables::split_rows_by(lyt, var = var)
  4. |   \-rtables:::next_rpos(lyt, nested)
  5. +-tern::estimate_odds_ratio(., vars = "is_rsp", table_names = "est_or")
  6. | \-rtables::analyze(...)
  7. |   +-methods::is(last_rowsplit(lyt), "VAnalyzeSplit")
  8. |   \-rtables:::last_rowsplit(lyt)
  9. +-tern::test_proportion_diff(...)
 10. | \-rtables::analyze(...)
 11. |   +-methods::is(last_rowsplit(lyt), "VAnalyzeSplit")
 12. |   \-rtables:::last_rowsplit(lyt)
 13. +-tern::estimate_proportion_diff(...)
 14. | \-rtables::analyze(...)
 15. |   +-methods::is(last_rowsplit(lyt), "VAnalyzeSplit")
 16. |   \-rtables:::last_rowsplit(lyt)
 17. +-tern::estimate_proportion(., vars = "is_rsp", table_names = "prop_est")
 18. | \-rtables::analyze(...)
 19. |   +-methods::is(last_rowsplit(lyt), "VAnalyzeSplit")
 20. |   \-rtables:::last_rowsplit(lyt)
 21. +-rtables::add_colcounts(.)
 22. +-rtables::split_cols_by(...)
 23. | \-rtables::VarLevWBaselineSplit(...)
 24. |   \-methods::new(...)
 25. |     +-methods::initialize(value, ...)
 26. |     \-methods::initialize(value, ...)
 27. +-base::.handleSimpleError(...)
 28. | \-base (local) h(simpleError(msg, call))
 29. +-base::.handleSimpleError(...)
 30. | \-base (local) h(simpleError(msg, call))
 31. +-base::.handleSimpleError(...)
 32. | \-base (local) h(simpleError(msg, call))
 33. +-base::.handleSimpleError(...)
 34. | \-base (local) h(simpleError(msg, call))
 35. \-base::.handleSimpleError(...)
 36.   \-base (local) h(simpleError(msg, call))</error>
    </testcase>
    <testcase time="0.161000000000001" classname="table_rspt01" name="RSPT01_2._Best_Overall_Response_selecting_sections_to_display_">
      <error type="error" message="Error in `h(simpleError(msg, call))`: error in evaluating the argument 'obj' in selecting a method for function 'next_rpos': error in evaluating the argument 'obj' in selecting a method for function 'last_rowsplit': error in evaluating the argument 'obj' in selecting a method for function 'last_rowsplit': error in evaluating the argument 'obj' in selecting a method for function 'last_rowsplit': could not find function &quot;ref_group_position&quot; ('test-table_rspt01.R:50:3')">Error in `h(simpleError(msg, call))`: error in evaluating the argument 'obj' in selecting a method for function 'next_rpos': error in evaluating the argument 'obj' in selecting a method for function 'last_rowsplit': error in evaluating the argument 'obj' in selecting a method for function 'last_rowsplit': error in evaluating the argument 'obj' in selecting a method for function 'last_rowsplit': could not find function "ref_group_position"
Backtrace:
     x
  1. +-... %&gt;% estimate_multinomial_response(var = "AVALC") at test-table_rspt01.R:50:2
  2. +-tern::estimate_multinomial_response(., var = "AVALC")
  3. | \-rtables::split_rows_by(lyt, var = var)
  4. |   \-rtables:::next_rpos(lyt, nested)
  5. +-tern::test_proportion_diff(...)
  6. | \-rtables::analyze(...)
  7. |   +-methods::is(last_rowsplit(lyt), "VAnalyzeSplit")
  8. |   \-rtables:::last_rowsplit(lyt)
  9. +-tern::estimate_proportion_diff(...)
 10. | \-rtables::analyze(...)
 11. |   +-methods::is(last_rowsplit(lyt), "VAnalyzeSplit")
 12. |   \-rtables:::last_rowsplit(lyt)
 13. +-tern::estimate_proportion(., vars = "is_rsp", table_names = "prop_est")
 14. | \-rtables::analyze(...)
 15. |   +-methods::is(last_rowsplit(lyt), "VAnalyzeSplit")
 16. |   \-rtables:::last_rowsplit(lyt)
 17. +-rtables::add_colcounts(.)
 18. +-rtables::split_cols_by(...)
 19. | \-rtables::VarLevWBaselineSplit(...)
 20. |   \-methods::new(...)
 21. |     +-methods::initialize(value, ...)
 22. |     \-methods::initialize(value, ...)
 23. +-base::.handleSimpleError(...)
 24. | \-base (local) h(simpleError(msg, call))
 25. +-base::.handleSimpleError(...)
 26. | \-base (local) h(simpleError(msg, call))
 27. +-base::.handleSimpleError(...)
 28. | \-base (local) h(simpleError(msg, call))
 29. \-base::.handleSimpleError(...)
 30.   \-base (local) h(simpleError(msg, call))</error>
    </testcase>
    <testcase time="0.146000000000015" classname="table_rspt01" name="RSPT01_3._Best_Overall_Response_modifying_settings_">
      <error type="error" message="Error in `h(simpleError(msg, call))`: error in evaluating the argument 'obj' in selecting a method for function 'next_rpos': error in evaluating the argument 'obj' in selecting a method for function 'last_rowsplit': error in evaluating the argument 'obj' in selecting a method for function 'last_rowsplit': error in evaluating the argument 'obj' in selecting a method for function 'last_rowsplit': error in evaluating the argument 'obj' in selecting a method for function 'last_rowsplit': could not find function &quot;ref_group_position&quot; ('test-table_rspt01.R:79:3')">Error in `h(simpleError(msg, call))`: error in evaluating the argument 'obj' in selecting a method for function 'next_rpos': error in evaluating the argument 'obj' in selecting a method for function 'last_rowsplit': error in evaluating the argument 'obj' in selecting a method for function 'last_rowsplit': error in evaluating the argument 'obj' in selecting a method for function 'last_rowsplit': error in evaluating the argument 'obj' in selecting a method for function 'last_rowsplit': could not find function "ref_group_position"
Backtrace:
     x
  1. +-... %&gt;% ... at test-table_rspt01.R:79:2
  2. +-tern::estimate_multinomial_response(...)
  3. | \-rtables::split_rows_by(lyt, var = var)
  4. |   \-rtables:::next_rpos(lyt, nested)
  5. +-tern::estimate_odds_ratio(...)
  6. | \-rtables::analyze(...)
  7. |   +-methods::is(last_rowsplit(lyt), "VAnalyzeSplit")
  8. |   \-rtables:::last_rowsplit(lyt)
  9. +-tern::test_proportion_diff(...)
 10. | \-rtables::analyze(...)
 11. |   +-methods::is(last_rowsplit(lyt), "VAnalyzeSplit")
 12. |   \-rtables:::last_rowsplit(lyt)
 13. +-tern::estimate_proportion_diff(...)
 14. | \-rtables::analyze(...)
 15. |   +-methods::is(last_rowsplit(lyt), "VAnalyzeSplit")
 16. |   \-rtables:::last_rowsplit(lyt)
 17. +-tern::estimate_proportion(...)
 18. | \-rtables::analyze(...)
 19. |   +-methods::is(last_rowsplit(lyt), "VAnalyzeSplit")
 20. |   \-rtables:::last_rowsplit(lyt)
 21. +-rtables::add_colcounts(.)
 22. +-rtables::split_cols_by(...)
 23. | \-rtables::VarLevWBaselineSplit(...)
 24. |   \-methods::new(...)
 25. |     +-methods::initialize(value, ...)
 26. |     \-methods::initialize(value, ...)
 27. +-base::.handleSimpleError(...)
 28. | \-base (local) h(simpleError(msg, call))
 29. +-base::.handleSimpleError(...)
 30. | \-base (local) h(simpleError(msg, call))
 31. +-base::.handleSimpleError(...)
 32. | \-base (local) h(simpleError(msg, call))
 33. +-base::.handleSimpleError(...)
 34. | \-base (local) h(simpleError(msg, call))
 35. \-base::.handleSimpleError(...)
 36.   \-base (local) h(simpleError(msg, call))</error>
    </testcase>
    <testcase time="0.177999999999997" classname="table_rspt01" name="RSPT01_4._Best_Overall_Response_with_stratified_analysis_">
      <error type="error" message="Error in `h(simpleError(msg, call))`: error in evaluating the argument 'obj' in selecting a method for function 'next_rpos': error in evaluating the argument 'obj' in selecting a method for function 'last_rowsplit': error in evaluating the argument 'obj' in selecting a method for function 'last_rowsplit': error in evaluating the argument 'obj' in selecting a method for function 'last_rowsplit': error in evaluating the argument 'obj' in selecting a method for function 'last_rowsplit': error in evaluating the argument 'obj' in selecting a method for function 'last_rowsplit': error in evaluating the argument 'obj' in selecting a method for function 'last_rowsplit': error in evaluating the argument 'obj' in selecting a method for function 'last_rowsplit': could not find function &quot;ref_group_position&quot; ('test-table_rspt01.R:120:3')">Error in `h(simpleError(msg, call))`: error in evaluating the argument 'obj' in selecting a method for function 'next_rpos': error in evaluating the argument 'obj' in selecting a method for function 'last_rowsplit': error in evaluating the argument 'obj' in selecting a method for function 'last_rowsplit': error in evaluating the argument 'obj' in selecting a method for function 'last_rowsplit': error in evaluating the argument 'obj' in selecting a method for function 'last_rowsplit': error in evaluating the argument 'obj' in selecting a method for function 'last_rowsplit': error in evaluating the argument 'obj' in selecting a method for function 'last_rowsplit': error in evaluating the argument 'obj' in selecting a method for function 'last_rowsplit': could not find function "ref_group_position"
Backtrace:
     x
  1. +-... %&gt;% estimate_multinomial_response(var = "AVALC") at test-table_rspt01.R:120:2
  2. +-tern::estimate_multinomial_response(., var = "AVALC")
  3. | \-rtables::split_rows_by(lyt, var = var)
  4. |   \-rtables:::next_rpos(lyt, nested)
  5. +-tern::estimate_odds_ratio(...)
  6. | \-rtables::analyze(...)
  7. |   +-methods::is(last_rowsplit(lyt), "VAnalyzeSplit")
  8. |   \-rtables:::last_rowsplit(lyt)
  9. +-tern::test_proportion_diff(...)
 10. | \-rtables::analyze(...)
 11. |   +-methods::is(last_rowsplit(lyt), "VAnalyzeSplit")
 12. |   \-rtables:::last_rowsplit(lyt)
 13. +-tern::estimate_proportion_diff(...)
 14. | \-rtables::analyze(...)
 15. |   +-methods::is(last_rowsplit(lyt), "VAnalyzeSplit")
 16. |   \-rtables:::last_rowsplit(lyt)
 17. +-tern::estimate_odds_ratio(., vars = "is_rsp", table_names = "est_or")
 18. | \-rtables::analyze(...)
 19. |   +-methods::is(last_rowsplit(lyt), "VAnalyzeSplit")
 20. |   \-rtables:::last_rowsplit(lyt)
 21. +-tern::test_proportion_diff(...)
 22. | \-rtables::analyze(...)
 23. |   +-methods::is(last_rowsplit(lyt), "VAnalyzeSplit")
 24. |   \-rtables:::last_rowsplit(lyt)
 25. +-tern::estimate_proportion_diff(...)
 26. | \-rtables::analyze(...)
 27. |   +-methods::is(last_rowsplit(lyt), "VAnalyzeSplit")
 28. |   \-rtables:::last_rowsplit(lyt)
 29. +-tern::estimate_proportion(., vars = "is_rsp", table_names = "prop_est")
 30. | \-rtables::analyze(...)
 31. |   +-methods::is(last_rowsplit(lyt), "VAnalyzeSplit")
 32. |   \-rtables:::last_rowsplit(lyt)
 33. +-rtables::add_colcounts(.)
 34. +-rtables::split_cols_by(...)
 35. | \-rtables::VarLevWBaselineSplit(...)
 36. |   \-methods::new(...)
 37. |     +-methods::initialize(value, ...)
 38. |     \-methods::initialize(value, ...)
 39. +-base::.handleSimpleError(...)
 40. | \-base (local) h(simpleError(msg, call))
 41. +-base::.handleSimpleError(...)
 42. | \-base (local) h(simpleError(msg, call))
 43. +-base::.handleSimpleError(...)
 44. | \-base (local) h(simpleError(msg, call))
 45. +-base::.handleSimpleError(...)
 46. | \-base (local) h(simpleError(msg, call))
 47. +-base::.handleSimpleError(...)
 48. | \-base (local) h(simpleError(msg, call))
 49. +-base::.handleSimpleError(...)
 50. | \-base (local) h(simpleError(msg, call))
 51. +-base::.handleSimpleError(...)
 52. | \-base (local) h(simpleError(msg, call))
 53. \-base::.handleSimpleError(...)
 54.   \-base (local) h(simpleError(msg, call))</error>
    </testcase>
    <testcase time="0.25800000000001" classname="table_rspt01" name="RSPT01_5._Best_Overall_Response_modifying_the_definition_of_overall_response_">
      <error type="error" message="Error in `h(simpleError(msg, call))`: error in evaluating the argument 'obj' in selecting a method for function 'next_rpos': error in evaluating the argument 'obj' in selecting a method for function 'last_rowsplit': error in evaluating the argument 'obj' in selecting a method for function 'last_rowsplit': error in evaluating the argument 'obj' in selecting a method for function 'last_rowsplit': error in evaluating the argument 'obj' in selecting a method for function 'last_rowsplit': could not find function &quot;ref_group_position&quot; ('test-table_rspt01.R:170:3')">Error in `h(simpleError(msg, call))`: error in evaluating the argument 'obj' in selecting a method for function 'next_rpos': error in evaluating the argument 'obj' in selecting a method for function 'last_rowsplit': error in evaluating the argument 'obj' in selecting a method for function 'last_rowsplit': error in evaluating the argument 'obj' in selecting a method for function 'last_rowsplit': error in evaluating the argument 'obj' in selecting a method for function 'last_rowsplit': could not find function "ref_group_position"
Backtrace:
     x
  1. +-... %&gt;% estimate_multinomial_response(var = "AVALC") at test-table_rspt01.R:170:2
  2. +-tern::estimate_multinomial_response(., var = "AVALC")
  3. | \-rtables::split_rows_by(lyt, var = var)
  4. |   \-rtables:::next_rpos(lyt, nested)
  5. +-tern::estimate_odds_ratio(., vars = "is_rsp", table_names = "est_or")
  6. | \-rtables::analyze(...)
  7. |   +-methods::is(last_rowsplit(lyt), "VAnalyzeSplit")
  8. |   \-rtables:::last_rowsplit(lyt)
  9. +-tern::test_proportion_diff(...)
 10. | \-rtables::analyze(...)
 11. |   +-methods::is(last_rowsplit(lyt), "VAnalyzeSplit")
 12. |   \-rtables:::last_rowsplit(lyt)
 13. +-tern::estimate_proportion_diff(...)
 14. | \-rtables::analyze(...)
 15. |   +-methods::is(last_rowsplit(lyt), "VAnalyzeSplit")
 16. |   \-rtables:::last_rowsplit(lyt)
 17. +-tern::estimate_proportion(., vars = "is_rsp", table_names = "prop_est")
 18. | \-rtables::analyze(...)
 19. |   +-methods::is(last_rowsplit(lyt), "VAnalyzeSplit")
 20. |   \-rtables:::last_rowsplit(lyt)
 21. +-rtables::add_colcounts(.)
 22. +-rtables::split_cols_by(...)
 23. | \-rtables::VarLevWBaselineSplit(...)
 24. |   \-methods::new(...)
 25. |     +-methods::initialize(value, ...)
 26. |     \-methods::initialize(value, ...)
 27. +-base::.handleSimpleError(...)
 28. | \-base (local) h(simpleError(msg, call))
 29. +-base::.handleSimpleError(...)
 30. | \-base (local) h(simpleError(msg, call))
 31. +-base::.handleSimpleError(...)
 32. | \-base (local) h(simpleError(msg, call))
 33. +-base::.handleSimpleError(...)
 34. | \-base (local) h(simpleError(msg, call))
 35. \-base::.handleSimpleError(...)
 36.   \-base (local) h(simpleError(msg, call))</error>
    </testcase>
    <testcase time="0.149000000000001" classname="table_rspt01" name="RSPT01_6._Best_Overall_Response_define_new_sections_to_display_">
      <error type="error" message="Error in `h(simpleError(msg, call))`: error in evaluating the argument 'obj' in selecting a method for function 'next_rpos': error in evaluating the argument 'obj' in selecting a method for function 'last_rowsplit': error in evaluating the argument 'obj' in selecting a method for function 'last_rowsplit': error in evaluating the argument 'obj' in selecting a method for function 'last_rowsplit': error in evaluating the argument 'obj' in selecting a method for function 'last_rowsplit': could not find function &quot;ref_group_position&quot; ('test-table_rspt01.R:221:3')">Error in `h(simpleError(msg, call))`: error in evaluating the argument 'obj' in selecting a method for function 'next_rpos': error in evaluating the argument 'obj' in selecting a method for function 'last_rowsplit': error in evaluating the argument 'obj' in selecting a method for function 'last_rowsplit': error in evaluating the argument 'obj' in selecting a method for function 'last_rowsplit': error in evaluating the argument 'obj' in selecting a method for function 'last_rowsplit': could not find function "ref_group_position"
Backtrace:
     x
  1. +-... %&gt;% estimate_multinomial_response(var = "AVALC_NEW") at test-table_rspt01.R:221:2
  2. +-tern::estimate_multinomial_response(., var = "AVALC_NEW")
  3. | \-rtables::split_rows_by(lyt, var = var)
  4. |   \-rtables:::next_rpos(lyt, nested)
  5. +-tern::estimate_odds_ratio(., vars = "is_rsp", table_names = "est_or")
  6. | \-rtables::analyze(...)
  7. |   +-methods::is(last_rowsplit(lyt), "VAnalyzeSplit")
  8. |   \-rtables:::last_rowsplit(lyt)
  9. +-tern::test_proportion_diff(...)
 10. | \-rtables::analyze(...)
 11. |   +-methods::is(last_rowsplit(lyt), "VAnalyzeSplit")
 12. |   \-rtables:::last_rowsplit(lyt)
 13. +-tern::estimate_proportion_diff(...)
 14. | \-rtables::analyze(...)
 15. |   +-methods::is(last_rowsplit(lyt), "VAnalyzeSplit")
 16. |   \-rtables:::last_rowsplit(lyt)
 17. +-tern::estimate_proportion(., vars = "is_rsp", table_names = "prop_est")
 18. | \-rtables::analyze(...)
 19. |   +-methods::is(last_rowsplit(lyt), "VAnalyzeSplit")
 20. |   \-rtables:::last_rowsplit(lyt)
 21. +-rtables::add_colcounts(.)
 22. +-rtables::split_cols_by(...)
 23. | \-rtables::VarLevWBaselineSplit(...)
 24. |   \-methods::new(...)
 25. |     +-methods::initialize(value, ...)
 26. |     \-methods::initialize(value, ...)
 27. +-base::.handleSimpleError(...)
 28. | \-base (local) h(simpleError(msg, call))
 29. +-base::.handleSimpleError(...)
 30. | \-base (local) h(simpleError(msg, call))
 31. +-base::.handleSimpleError(...)
 32. | \-base (local) h(simpleError(msg, call))
 33. +-base::.handleSimpleError(...)
 34. | \-base (local) h(simpleError(msg, call))
 35. \-base::.handleSimpleError(...)
 36.   \-base (local) h(simpleError(msg, call))</error>
    </testcase>
  </testsuite>
  <testsuite name="table_ttet01" timestamp="2023-10-31T13:39:11Z" hostname="62aff8d46b9c" tests="7" skipped="0" failures="0" errors="7" time="1.903">
    <testcase time="0.180999999999983" classname="table_ttet01" name="TTET01_default_variant_is_produced_correctly">
      <error type="error" message="Error in `h(simpleError(msg, call))`: error in evaluating the argument 'obj' in selecting a method for function 'last_rowsplit': error in evaluating the argument 'obj' in selecting a method for function 'last_rowsplit': error in evaluating the argument 'obj' in selecting a method for function 'last_rowsplit': error in evaluating the argument 'obj' in selecting a method for function 'next_rpos': error in evaluating the argument 'lyt' in selecting a method for function '.add_row_summary': error in evaluating the argument 'obj' in selecting a method for function 'next_rpos': error in evaluating the argument 'obj' in selecting a method for function 'next_rpos': error in evaluating the argument 'obj' in selecting a method for function 'last_rowsplit': could not find function &quot;ref_group_position&quot; ('test-table_ttet01.R:29:3')">Error in `h(simpleError(msg, call))`: error in evaluating the argument 'obj' in selecting a method for function 'last_rowsplit': error in evaluating the argument 'obj' in selecting a method for function 'last_rowsplit': error in evaluating the argument 'obj' in selecting a method for function 'last_rowsplit': error in evaluating the argument 'obj' in selecting a method for function 'next_rpos': error in evaluating the argument 'lyt' in selecting a method for function '.add_row_summary': error in evaluating the argument 'obj' in selecting a method for function 'next_rpos': error in evaluating the argument 'obj' in selecting a method for function 'next_rpos': error in evaluating the argument 'obj' in selecting a method for function 'last_rowsplit': could not find function "ref_group_position"
Backtrace:
     x
  1. +-... %&gt;% ... at test-table_ttet01.R:29:2
  2. +-tern::surv_timepoint(...)
  3. | \-rtables::analyze(...)
  4. |   +-methods::is(last_rowsplit(lyt), "VAnalyzeSplit")
  5. |   \-rtables:::last_rowsplit(lyt)
  6. +-tern::coxph_pairwise(...)
  7. | \-rtables::analyze(...)
  8. |   +-methods::is(last_rowsplit(lyt), "VAnalyzeSplit")
  9. |   \-rtables:::last_rowsplit(lyt)
 10. +-tern::surv_time(...)
 11. | \-rtables::analyze(...)
 12. |   +-methods::is(last_rowsplit(lyt), "VAnalyzeSplit")
 13. |   \-rtables:::last_rowsplit(lyt)
 14. +-tern::analyze_vars(...)
 15. | \-rtables::analyze(...)
 16. |   \-rtables:::next_rpos(lyt, nested)
 17. +-rtables::summarize_row_groups(., format = "xx")
 18. | \-rtables::.add_row_summary(...)
 19. +-rtables::split_rows_by(., "EVNTDESC", split_fun = drop_split_levels)
 20. | \-rtables:::next_rpos(lyt, nested)
 21. +-rtables::split_rows_by(...)
 22. | \-rtables:::next_rpos(lyt, nested)
 23. +-tern::analyze_vars(...)
 24. | \-rtables::analyze(...)
 25. |   +-methods::is(last_rowsplit(lyt), "VAnalyzeSplit")
 26. |   \-rtables:::last_rowsplit(lyt)
 27. +-rtables::add_colcounts(.)
 28. +-rtables::split_cols_by(., "ARM", ref_group = "A: Drug X", split_fun = ref_group_position("first"))
 29. | \-rtables::VarLevWBaselineSplit(...)
 30. |   \-methods::new(...)
 31. |     +-methods::initialize(value, ...)
 32. |     \-methods::initialize(value, ...)
 33. +-base::.handleSimpleError(...)
 34. | \-base (local) h(simpleError(msg, call))
 35. +-base::.handleSimpleError(...)
 36. | \-base (local) h(simpleError(msg, call))
 37. +-base::.handleSimpleError(...)
 38. | \-base (local) h(simpleError(msg, call))
 39. +-base::.handleSimpleError(...)
 40. | \-base (local) h(simpleError(msg, call))
 41. +-base::.handleSimpleError(...)
 42. | \-base (local) h(simpleError(msg, call))
 43. +-base::.handleSimpleError(...)
 44. | \-base (local) h(simpleError(msg, call))
 45. +-base::.handleSimpleError(...)
 46. | \-base (local) h(simpleError(msg, call))
 47. \-base::.handleSimpleError(...)
 48.   \-base (local) h(simpleError(msg, call))</error>
    </testcase>
    <testcase time="0.296999999999997" classname="table_ttet01" name="TTET01_default_variant_with_Placebo_arm">
      <error type="error" message="Error in `h(simpleError(msg, call))`: error in evaluating the argument 'obj' in selecting a method for function 'last_rowsplit': error in evaluating the argument 'obj' in selecting a method for function 'last_rowsplit': error in evaluating the argument 'obj' in selecting a method for function 'last_rowsplit': error in evaluating the argument 'obj' in selecting a method for function 'next_rpos': error in evaluating the argument 'lyt' in selecting a method for function '.add_row_summary': error in evaluating the argument 'obj' in selecting a method for function 'next_rpos': error in evaluating the argument 'obj' in selecting a method for function 'next_rpos': error in evaluating the argument 'obj' in selecting a method for function 'last_rowsplit': could not find function &quot;ref_group_position&quot; ('test-table_ttet01.R:87:3')">Error in `h(simpleError(msg, call))`: error in evaluating the argument 'obj' in selecting a method for function 'last_rowsplit': error in evaluating the argument 'obj' in selecting a method for function 'last_rowsplit': error in evaluating the argument 'obj' in selecting a method for function 'last_rowsplit': error in evaluating the argument 'obj' in selecting a method for function 'next_rpos': error in evaluating the argument 'lyt' in selecting a method for function '.add_row_summary': error in evaluating the argument 'obj' in selecting a method for function 'next_rpos': error in evaluating the argument 'obj' in selecting a method for function 'next_rpos': error in evaluating the argument 'obj' in selecting a method for function 'last_rowsplit': could not find function "ref_group_position"
Backtrace:
     x
  1. +-... %&gt;% ... at test-table_ttet01.R:87:2
  2. +-tern::surv_timepoint(...)
  3. | \-rtables::analyze(...)
  4. |   +-methods::is(last_rowsplit(lyt), "VAnalyzeSplit")
  5. |   \-rtables:::last_rowsplit(lyt)
  6. +-tern::coxph_pairwise(...)
  7. | \-rtables::analyze(...)
  8. |   +-methods::is(last_rowsplit(lyt), "VAnalyzeSplit")
  9. |   \-rtables:::last_rowsplit(lyt)
 10. +-tern::surv_time(...)
 11. | \-rtables::analyze(...)
 12. |   +-methods::is(last_rowsplit(lyt), "VAnalyzeSplit")
 13. |   \-rtables:::last_rowsplit(lyt)
 14. +-tern::analyze_vars(...)
 15. | \-rtables::analyze(...)
 16. |   \-rtables:::next_rpos(lyt, nested)
 17. +-rtables::summarize_row_groups(., format = "xx")
 18. | \-rtables::.add_row_summary(...)
 19. +-rtables::split_rows_by(., "EVNTDESC", split_fun = drop_split_levels)
 20. | \-rtables:::next_rpos(lyt, nested)
 21. +-rtables::split_rows_by(...)
 22. | \-rtables:::next_rpos(lyt, nested)
 23. +-tern::analyze_vars(...)
 24. | \-rtables::analyze(...)
 25. |   +-methods::is(last_rowsplit(lyt), "VAnalyzeSplit")
 26. |   \-rtables:::last_rowsplit(lyt)
 27. +-rtables::add_colcounts(.)
 28. +-rtables::split_cols_by(., "ARM", ref_group = "B: Placebo", split_fun = ref_group_position("last"))
 29. | \-rtables::VarLevWBaselineSplit(...)
 30. |   \-methods::new(...)
 31. |     +-methods::initialize(value, ...)
 32. |     \-methods::initialize(value, ...)
 33. +-base::.handleSimpleError(...)
 34. | \-base (local) h(simpleError(msg, call))
 35. +-base::.handleSimpleError(...)
 36. | \-base (local) h(simpleError(msg, call))
 37. +-base::.handleSimpleError(...)
 38. | \-base (local) h(simpleError(msg, call))
 39. +-base::.handleSimpleError(...)
 40. | \-base (local) h(simpleError(msg, call))
 41. +-base::.handleSimpleError(...)
 42. | \-base (local) h(simpleError(msg, call))
 43. +-base::.handleSimpleError(...)
 44. | \-base (local) h(simpleError(msg, call))
 45. +-base::.handleSimpleError(...)
 46. | \-base (local) h(simpleError(msg, call))
 47. \-base::.handleSimpleError(...)
 48.   \-base (local) h(simpleError(msg, call))</error>
    </testcase>
    <testcase time="0.27600000000001" classname="table_ttet01" name="TTET01_variant_2_selecting_sections_to_display">
      <error type="error" message="Error in `h(simpleError(msg, call))`: error in evaluating the argument 'obj' in selecting a method for function 'last_rowsplit': error in evaluating the argument 'obj' in selecting a method for function 'last_rowsplit': error in evaluating the argument 'obj' in selecting a method for function 'last_rowsplit': error in evaluating the argument 'obj' in selecting a method for function 'next_rpos': error in evaluating the argument 'obj' in selecting a method for function 'last_rowsplit': could not find function &quot;ref_group_position&quot; ('test-table_ttet01.R:147:3')">Error in `h(simpleError(msg, call))`: error in evaluating the argument 'obj' in selecting a method for function 'last_rowsplit': error in evaluating the argument 'obj' in selecting a method for function 'last_rowsplit': error in evaluating the argument 'obj' in selecting a method for function 'last_rowsplit': error in evaluating the argument 'obj' in selecting a method for function 'next_rpos': error in evaluating the argument 'obj' in selecting a method for function 'last_rowsplit': could not find function "ref_group_position"
Backtrace:
     x
  1. +-... %&gt;% ... at test-table_ttet01.R:147:2
  2. +-tern::surv_timepoint(...)
  3. | \-rtables::analyze(...)
  4. |   +-methods::is(last_rowsplit(lyt), "VAnalyzeSplit")
  5. |   \-rtables:::last_rowsplit(lyt)
  6. +-tern::coxph_pairwise(...)
  7. | \-rtables::analyze(...)
  8. |   +-methods::is(last_rowsplit(lyt), "VAnalyzeSplit")
  9. |   \-rtables:::last_rowsplit(lyt)
 10. +-tern::surv_time(...)
 11. | \-rtables::analyze(...)
 12. |   +-methods::is(last_rowsplit(lyt), "VAnalyzeSplit")
 13. |   \-rtables:::last_rowsplit(lyt)
 14. +-tern::analyze_vars(...)
 15. | \-rtables::analyze(...)
 16. |   \-rtables:::next_rpos(lyt, nested)
 17. +-tern::analyze_vars(...)
 18. | \-rtables::analyze(...)
 19. |   +-methods::is(last_rowsplit(lyt), "VAnalyzeSplit")
 20. |   \-rtables:::last_rowsplit(lyt)
 21. +-rtables::add_colcounts(.)
 22. +-rtables::split_cols_by(., "ARM", ref_group = "A: Drug X", split_fun = ref_group_position("first"))
 23. | \-rtables::VarLevWBaselineSplit(...)
 24. |   \-methods::new(...)
 25. |     +-methods::initialize(value, ...)
 26. |     \-methods::initialize(value, ...)
 27. +-base::.handleSimpleError(...)
 28. | \-base (local) h(simpleError(msg, call))
 29. +-base::.handleSimpleError(...)
 30. | \-base (local) h(simpleError(msg, call))
 31. +-base::.handleSimpleError(...)
 32. | \-base (local) h(simpleError(msg, call))
 33. +-base::.handleSimpleError(...)
 34. | \-base (local) h(simpleError(msg, call))
 35. \-base::.handleSimpleError(...)
 36.   \-base (local) h(simpleError(msg, call))</error>
    </testcase>
    <testcase time="0.225999999999999" classname="table_ttet01" name="TTET01_variant_3_modifying_analysis_details_like_conftype_ties_alpha_level">
      <error type="error" message="Error in `h(simpleError(msg, call))`: error in evaluating the argument 'obj' in selecting a method for function 'last_rowsplit': error in evaluating the argument 'obj' in selecting a method for function 'last_rowsplit': error in evaluating the argument 'obj' in selecting a method for function 'last_rowsplit': error in evaluating the argument 'obj' in selecting a method for function 'last_rowsplit': error in evaluating the argument 'obj' in selecting a method for function 'next_rpos': error in evaluating the argument 'lyt' in selecting a method for function '.add_row_summary': error in evaluating the argument 'obj' in selecting a method for function 'next_rpos': error in evaluating the argument 'obj' in selecting a method for function 'next_rpos': error in evaluating the argument 'obj' in selecting a method for function 'last_rowsplit': could not find function &quot;ref_group_position&quot; ('test-table_ttet01.R:192:3')">Error in `h(simpleError(msg, call))`: error in evaluating the argument 'obj' in selecting a method for function 'last_rowsplit': error in evaluating the argument 'obj' in selecting a method for function 'last_rowsplit': error in evaluating the argument 'obj' in selecting a method for function 'last_rowsplit': error in evaluating the argument 'obj' in selecting a method for function 'last_rowsplit': error in evaluating the argument 'obj' in selecting a method for function 'next_rpos': error in evaluating the argument 'lyt' in selecting a method for function '.add_row_summary': error in evaluating the argument 'obj' in selecting a method for function 'next_rpos': error in evaluating the argument 'obj' in selecting a method for function 'next_rpos': error in evaluating the argument 'obj' in selecting a method for function 'last_rowsplit': could not find function "ref_group_position"
Backtrace:
     x
  1. +-... %&gt;% ... at test-table_ttet01.R:192:2
  2. +-tern::surv_timepoint(...)
  3. | \-rtables::analyze(...)
  4. |   +-methods::is(last_rowsplit(lyt), "VAnalyzeSplit")
  5. |   \-rtables:::last_rowsplit(lyt)
  6. +-tern::surv_timepoint(...)
  7. | \-rtables::analyze(...)
  8. |   +-methods::is(last_rowsplit(lyt), "VAnalyzeSplit")
  9. |   \-rtables:::last_rowsplit(lyt)
 10. +-tern::coxph_pairwise(...)
 11. | \-rtables::analyze(...)
 12. |   +-methods::is(last_rowsplit(lyt), "VAnalyzeSplit")
 13. |   \-rtables:::last_rowsplit(lyt)
 14. +-tern::surv_time(...)
 15. | \-rtables::analyze(...)
 16. |   +-methods::is(last_rowsplit(lyt), "VAnalyzeSplit")
 17. |   \-rtables:::last_rowsplit(lyt)
 18. +-tern::analyze_vars(...)
 19. | \-rtables::analyze(...)
 20. |   \-rtables:::next_rpos(lyt, nested)
 21. +-rtables::summarize_row_groups(., format = "xx")
 22. | \-rtables::.add_row_summary(...)
 23. +-rtables::split_rows_by(., "EVNTDESC", split_fun = drop_split_levels)
 24. | \-rtables:::next_rpos(lyt, nested)
 25. +-rtables::split_rows_by(...)
 26. | \-rtables:::next_rpos(lyt, nested)
 27. +-tern::analyze_vars(...)
 28. | \-rtables::analyze(...)
 29. |   +-methods::is(last_rowsplit(lyt), "VAnalyzeSplit")
 30. |   \-rtables:::last_rowsplit(lyt)
 31. +-rtables::add_colcounts(.)
 32. +-rtables::split_cols_by(., "ARM", ref_group = "A: Drug X", split_fun = ref_group_position("first"))
 33. | \-rtables::VarLevWBaselineSplit(...)
 34. |   \-methods::new(...)
 35. |     +-methods::initialize(value, ...)
 36. |     \-methods::initialize(value, ...)
 37. +-base::.handleSimpleError(...)
 38. | \-base (local) h(simpleError(msg, call))
 39. +-base::.handleSimpleError(...)
 40. | \-base (local) h(simpleError(msg, call))
 41. +-base::.handleSimpleError(...)
 42. | \-base (local) h(simpleError(msg, call))
 43. +-base::.handleSimpleError(...)
 44. | \-base (local) h(simpleError(msg, call))
 45. +-base::.handleSimpleError(...)
 46. | \-base (local) h(simpleError(msg, call))
 47. +-base::.handleSimpleError(...)
 48. | \-base (local) h(simpleError(msg, call))
 49. +-base::.handleSimpleError(...)
 50. | \-base (local) h(simpleError(msg, call))
 51. +-base::.handleSimpleError(...)
 52. | \-base (local) h(simpleError(msg, call))
 53. \-base::.handleSimpleError(...)
 54.   \-base (local) h(simpleError(msg, call))</error>
    </testcase>
    <testcase time="0.353000000000009" classname="table_ttet01" name="TTET01_variant_4_with_stratified_analysis">
      <error type="error" message="Error in `h(simpleError(msg, call))`: error in evaluating the argument 'obj' in selecting a method for function 'last_rowsplit': error in evaluating the argument 'obj' in selecting a method for function 'last_rowsplit': error in evaluating the argument 'obj' in selecting a method for function 'last_rowsplit': error in evaluating the argument 'obj' in selecting a method for function 'last_rowsplit': error in evaluating the argument 'obj' in selecting a method for function 'next_rpos': error in evaluating the argument 'lyt' in selecting a method for function '.add_row_summary': error in evaluating the argument 'obj' in selecting a method for function 'next_rpos': error in evaluating the argument 'obj' in selecting a method for function 'next_rpos': error in evaluating the argument 'obj' in selecting a method for function 'last_rowsplit': could not find function &quot;ref_group_position&quot; ('test-table_ttet01.R:258:3')">Error in `h(simpleError(msg, call))`: error in evaluating the argument 'obj' in selecting a method for function 'last_rowsplit': error in evaluating the argument 'obj' in selecting a method for function 'last_rowsplit': error in evaluating the argument 'obj' in selecting a method for function 'last_rowsplit': error in evaluating the argument 'obj' in selecting a method for function 'last_rowsplit': error in evaluating the argument 'obj' in selecting a method for function 'next_rpos': error in evaluating the argument 'lyt' in selecting a method for function '.add_row_summary': error in evaluating the argument 'obj' in selecting a method for function 'next_rpos': error in evaluating the argument 'obj' in selecting a method for function 'next_rpos': error in evaluating the argument 'obj' in selecting a method for function 'last_rowsplit': could not find function "ref_group_position"
Backtrace:
     x
  1. +-... %&gt;% ... at test-table_ttet01.R:258:2
  2. +-tern::surv_timepoint(...)
  3. | \-rtables::analyze(...)
  4. |   +-methods::is(last_rowsplit(lyt), "VAnalyzeSplit")
  5. |   \-rtables:::last_rowsplit(lyt)
  6. +-tern::coxph_pairwise(...)
  7. | \-rtables::analyze(...)
  8. |   +-methods::is(last_rowsplit(lyt), "VAnalyzeSplit")
  9. |   \-rtables:::last_rowsplit(lyt)
 10. +-tern::coxph_pairwise(...)
 11. | \-rtables::analyze(...)
 12. |   +-methods::is(last_rowsplit(lyt), "VAnalyzeSplit")
 13. |   \-rtables:::last_rowsplit(lyt)
 14. +-tern::surv_time(...)
 15. | \-rtables::analyze(...)
 16. |   +-methods::is(last_rowsplit(lyt), "VAnalyzeSplit")
 17. |   \-rtables:::last_rowsplit(lyt)
 18. +-tern::analyze_vars(...)
 19. | \-rtables::analyze(...)
 20. |   \-rtables:::next_rpos(lyt, nested)
 21. +-rtables::summarize_row_groups(., format = "xx")
 22. | \-rtables::.add_row_summary(...)
 23. +-rtables::split_rows_by(., "EVNTDESC", split_fun = drop_split_levels)
 24. | \-rtables:::next_rpos(lyt, nested)
 25. +-rtables::split_rows_by(...)
 26. | \-rtables:::next_rpos(lyt, nested)
 27. +-tern::analyze_vars(...)
 28. | \-rtables::analyze(...)
 29. |   +-methods::is(last_rowsplit(lyt), "VAnalyzeSplit")
 30. |   \-rtables:::last_rowsplit(lyt)
 31. +-rtables::add_colcounts(.)
 32. +-rtables::split_cols_by(., "ARM", ref_group = "A: Drug X", split_fun = ref_group_position("first"))
 33. | \-rtables::VarLevWBaselineSplit(...)
 34. |   \-methods::new(...)
 35. |     +-methods::initialize(value, ...)
 36. |     \-methods::initialize(value, ...)
 37. +-base::.handleSimpleError(...)
 38. | \-base (local) h(simpleError(msg, call))
 39. +-base::.handleSimpleError(...)
 40. | \-base (local) h(simpleError(msg, call))
 41. +-base::.handleSimpleError(...)
 42. | \-base (local) h(simpleError(msg, call))
 43. +-base::.handleSimpleError(...)
 44. | \-base (local) h(simpleError(msg, call))
 45. +-base::.handleSimpleError(...)
 46. | \-base (local) h(simpleError(msg, call))
 47. +-base::.handleSimpleError(...)
 48. | \-base (local) h(simpleError(msg, call))
 49. +-base::.handleSimpleError(...)
 50. | \-base (local) h(simpleError(msg, call))
 51. +-base::.handleSimpleError(...)
 52. | \-base (local) h(simpleError(msg, call))
 53. \-base::.handleSimpleError(...)
 54.   \-base (local) h(simpleError(msg, call))</error>
    </testcase>
    <testcase time="0.282999999999987" classname="table_ttet01" name="TTET01_variant_5_modifying_time_point">
      <error type="error" message="Error in `h(simpleError(msg, call))`: error in evaluating the argument 'obj' in selecting a method for function 'last_rowsplit': error in evaluating the argument 'obj' in selecting a method for function 'last_rowsplit': error in evaluating the argument 'obj' in selecting a method for function 'last_rowsplit': error in evaluating the argument 'obj' in selecting a method for function 'next_rpos': error in evaluating the argument 'lyt' in selecting a method for function '.add_row_summary': error in evaluating the argument 'obj' in selecting a method for function 'next_rpos': error in evaluating the argument 'obj' in selecting a method for function 'next_rpos': error in evaluating the argument 'obj' in selecting a method for function 'last_rowsplit': could not find function &quot;ref_group_position&quot; ('test-table_ttet01.R:319:3')">Error in `h(simpleError(msg, call))`: error in evaluating the argument 'obj' in selecting a method for function 'last_rowsplit': error in evaluating the argument 'obj' in selecting a method for function 'last_rowsplit': error in evaluating the argument 'obj' in selecting a method for function 'last_rowsplit': error in evaluating the argument 'obj' in selecting a method for function 'next_rpos': error in evaluating the argument 'lyt' in selecting a method for function '.add_row_summary': error in evaluating the argument 'obj' in selecting a method for function 'next_rpos': error in evaluating the argument 'obj' in selecting a method for function 'next_rpos': error in evaluating the argument 'obj' in selecting a method for function 'last_rowsplit': could not find function "ref_group_position"
Backtrace:
     x
  1. +-... %&gt;% ... at test-table_ttet01.R:319:2
  2. +-tern::surv_timepoint(...)
  3. | \-rtables::analyze(...)
  4. |   +-methods::is(last_rowsplit(lyt), "VAnalyzeSplit")
  5. |   \-rtables:::last_rowsplit(lyt)
  6. +-tern::coxph_pairwise(...)
  7. | \-rtables::analyze(...)
  8. |   +-methods::is(last_rowsplit(lyt), "VAnalyzeSplit")
  9. |   \-rtables:::last_rowsplit(lyt)
 10. +-tern::surv_time(...)
 11. | \-rtables::analyze(...)
 12. |   +-methods::is(last_rowsplit(lyt), "VAnalyzeSplit")
 13. |   \-rtables:::last_rowsplit(lyt)
 14. +-tern::analyze_vars(...)
 15. | \-rtables::analyze(...)
 16. |   \-rtables:::next_rpos(lyt, nested)
 17. +-rtables::summarize_row_groups(., format = "xx")
 18. | \-rtables::.add_row_summary(...)
 19. +-rtables::split_rows_by(., "EVNTDESC", split_fun = drop_split_levels)
 20. | \-rtables:::next_rpos(lyt, nested)
 21. +-rtables::split_rows_by(...)
 22. | \-rtables:::next_rpos(lyt, nested)
 23. +-tern::analyze_vars(...)
 24. | \-rtables::analyze(...)
 25. |   +-methods::is(last_rowsplit(lyt), "VAnalyzeSplit")
 26. |   \-rtables:::last_rowsplit(lyt)
 27. +-rtables::add_colcounts(.)
 28. +-rtables::split_cols_by(., "ARM", ref_group = "A: Drug X", split_fun = ref_group_position("first"))
 29. | \-rtables::VarLevWBaselineSplit(...)
 30. |   \-methods::new(...)
 31. |     +-methods::initialize(value, ...)
 32. |     \-methods::initialize(value, ...)
 33. +-base::.handleSimpleError(...)
 34. | \-base (local) h(simpleError(msg, call))
 35. +-base::.handleSimpleError(...)
 36. | \-base (local) h(simpleError(msg, call))
 37. +-base::.handleSimpleError(...)
 38. | \-base (local) h(simpleError(msg, call))
 39. +-base::.handleSimpleError(...)
 40. | \-base (local) h(simpleError(msg, call))
 41. +-base::.handleSimpleError(...)
 42. | \-base (local) h(simpleError(msg, call))
 43. +-base::.handleSimpleError(...)
 44. | \-base (local) h(simpleError(msg, call))
 45. +-base::.handleSimpleError(...)
 46. | \-base (local) h(simpleError(msg, call))
 47. \-base::.handleSimpleError(...)
 48.   \-base (local) h(simpleError(msg, call))</error>
    </testcase>
    <testcase time="0.287000000000006" classname="table_ttet01" name="TTET01_variant_6_requesting_more_than_one_p_value">
      <error type="error" message="Error in `h(simpleError(msg, call))`: error in evaluating the argument 'obj' in selecting a method for function 'last_rowsplit': error in evaluating the argument 'obj' in selecting a method for function 'last_rowsplit': error in evaluating the argument 'obj' in selecting a method for function 'last_rowsplit': error in evaluating the argument 'obj' in selecting a method for function 'last_rowsplit': error in evaluating the argument 'obj' in selecting a method for function 'last_rowsplit': error in evaluating the argument 'obj' in selecting a method for function 'next_rpos': error in evaluating the argument 'lyt' in selecting a method for function '.add_row_summary': error in evaluating the argument 'obj' in selecting a method for function 'next_rpos': error in evaluating the argument 'obj' in selecting a method for function 'next_rpos': error in evaluating the argument 'obj' in selecting a method for function 'last_rowsplit': could not find function &quot;ref_group_position&quot; ('test-table_ttet01.R:374:3')">Error in `h(simpleError(msg, call))`: error in evaluating the argument 'obj' in selecting a method for function 'last_rowsplit': error in evaluating the argument 'obj' in selecting a method for function 'last_rowsplit': error in evaluating the argument 'obj' in selecting a method for function 'last_rowsplit': error in evaluating the argument 'obj' in selecting a method for function 'last_rowsplit': error in evaluating the argument 'obj' in selecting a method for function 'last_rowsplit': error in evaluating the argument 'obj' in selecting a method for function 'next_rpos': error in evaluating the argument 'lyt' in selecting a method for function '.add_row_summary': error in evaluating the argument 'obj' in selecting a method for function 'next_rpos': error in evaluating the argument 'obj' in selecting a method for function 'next_rpos': error in evaluating the argument 'obj' in selecting a method for function 'last_rowsplit': could not find function "ref_group_position"
Backtrace:
     x
  1. +-... %&gt;% ... at test-table_ttet01.R:374:2
  2. +-tern::surv_timepoint(...)
  3. | \-rtables::analyze(...)
  4. |   +-methods::is(last_rowsplit(lyt), "VAnalyzeSplit")
  5. |   \-rtables:::last_rowsplit(lyt)
  6. +-tern::coxph_pairwise(...)
  7. | \-rtables::analyze(...)
  8. |   +-methods::is(last_rowsplit(lyt), "VAnalyzeSplit")
  9. |   \-rtables:::last_rowsplit(lyt)
 10. +-tern::coxph_pairwise(...)
 11. | \-rtables::analyze(...)
 12. |   +-methods::is(last_rowsplit(lyt), "VAnalyzeSplit")
 13. |   \-rtables:::last_rowsplit(lyt)
 14. +-tern::coxph_pairwise(...)
 15. | \-rtables::analyze(...)
 16. |   +-methods::is(last_rowsplit(lyt), "VAnalyzeSplit")
 17. |   \-rtables:::last_rowsplit(lyt)
 18. +-tern::surv_time(...)
 19. | \-rtables::analyze(...)
 20. |   +-methods::is(last_rowsplit(lyt), "VAnalyzeSplit")
 21. |   \-rtables:::last_rowsplit(lyt)
 22. +-tern::analyze_vars(...)
 23. | \-rtables::analyze(...)
 24. |   \-rtables:::next_rpos(lyt, nested)
 25. +-rtables::summarize_row_groups(., format = "xx")
 26. | \-rtables::.add_row_summary(...)
 27. +-rtables::split_rows_by(., "EVNTDESC", split_fun = drop_split_levels)
 28. | \-rtables:::next_rpos(lyt, nested)
 29. +-rtables::split_rows_by(...)
 30. | \-rtables:::next_rpos(lyt, nested)
 31. +-tern::analyze_vars(...)
 32. | \-rtables::analyze(...)
 33. |   +-methods::is(last_rowsplit(lyt), "VAnalyzeSplit")
 34. |   \-rtables:::last_rowsplit(lyt)
 35. +-rtables::add_colcounts(.)
 36. +-rtables::split_cols_by(., "ARM", ref_group = "A: Drug X", split_fun = ref_group_position("first"))
 37. | \-rtables::VarLevWBaselineSplit(...)
 38. |   \-methods::new(...)
 39. |     +-methods::initialize(value, ...)
 40. |     \-methods::initialize(value, ...)
 41. +-base::.handleSimpleError(...)
 42. | \-base (local) h(simpleError(msg, call))
 43. +-base::.handleSimpleError(...)
 44. | \-base (local) h(simpleError(msg, call))
 45. +-base::.handleSimpleError(...)
 46. | \-base (local) h(simpleError(msg, call))
 47. +-base::.handleSimpleError(...)
 48. | \-base (local) h(simpleError(msg, call))
 49. +-base::.handleSimpleError(...)
 50. | \-base (local) h(simpleError(msg, call))
 51. +-base::.handleSimpleError(...)
 52. | \-base (local) h(simpleError(msg, call))
 53. +-base::.handleSimpleError(...)
 54. | \-base (local) h(simpleError(msg, call))
 55. +-base::.handleSimpleError(...)
 56. | \-base (local) h(simpleError(msg, call))
 57. +-base::.handleSimpleError(...)
 58. | \-base (local) h(simpleError(msg, call))
 59. \-base::.handleSimpleError(...)
 60.   \-base (local) h(simpleError(msg, call))</error>
    </testcase>
  </testsuite>
  <testsuite name="table_vst01" timestamp="2023-10-31T13:39:14Z" hostname="62aff8d46b9c" tests="2" skipped="1" failures="0" errors="0" time="1.554">
    <testcase time="1.245" classname="table_vst01" name="VST01_default_variant_is_produced_correctly"/>
    <testcase time="0.308999999999997" classname="table_vst01" name="VST01_default_variant_is_produced_correctly">
      <skipped message="Reason: On CRAN ('test-table_vst01.R:99:3')"/>
    </testcase>
  </testsuite>
  <testsuite name="table_vst02" timestamp="2023-10-31T13:39:15Z" hostname="62aff8d46b9c" tests="4" skipped="2" failures="0" errors="0" time="1.084">
    <testcase time="0.501000000000005" classname="table_vst02" name="1._Vital_Sign_Abnormalities_Regardless_of_Abnormality_at_Baseline_VST02_1_"/>
    <testcase time="0.109999999999985" classname="table_vst02" name="1._Vital_Sign_Abnormalities_Regardless_of_Abnormality_at_Baseline_VST02_1_">
      <skipped message="Reason: On CRAN ('test-table_vst02.R:33:3')"/>
    </testcase>
    <testcase time="0.361999999999995" classname="table_vst02" name="2._Vital_Sign_Abnormalities_Among_Subject_Without_Abnormality_at_Baseline_VST02_2_"/>
    <testcase time="0.111000000000018" classname="table_vst02" name="2._Vital_Sign_Abnormalities_Among_Subject_Without_Abnormality_at_Baseline_VST02_2_">
      <skipped message="Reason: On CRAN ('test-table_vst02.R:51:3')"/>
    </testcase>
  </testsuite>
</testsuites>
